2025-05-01 11:28:58,747 - training.model_ViT-B-16_opt_Adam_lr_0.001_id_378 - INFO - Initialized training manager for model_ViT-B-16_opt_Adam_lr_0.001_id_378
2025-05-01 11:28:58,747 - training.model_ViT-B-16_opt_Adam_lr_0.001_id_378 - INFO - Config: {
  "id": 378,
  "model_name": "ViT-B-16",
  "optimizer": "Adam",
  "learning_rate": 0.001,
  "scheduler": {
    "name": "ReduceLROnPlateau",
    "patience": 5,
    "factor": 0.5
  },
  "loss_fn": {
    "name": "LabelSmoothing",
    "smoothing": 0.1
  }
}
2025-05-03 01:43:58,509 - training.model_ViT-B-16_opt_Adam_lr_0.001_id_378 - INFO - Initialized training manager for model_ViT-B-16_opt_Adam_lr_0.001_id_378
2025-05-03 01:43:58,510 - training.model_ViT-B-16_opt_Adam_lr_0.001_id_378 - INFO - Config: {
  "id": 378,
  "model_name": "ViT-B-16",
  "optimizer": "Adam",
  "learning_rate": 0.001,
  "scheduler": {
    "name": "ReduceLROnPlateau",
    "patience": 5,
    "factor": 0.5
  },
  "loss_fn": {
    "name": "LabelSmoothing",
    "smoothing": 0.1
  }
}
2025-05-03 01:43:59,514 - training.model_ViT-B-16_opt_Adam_lr_0.001_id_378 - INFO - Starting model evaluation
2025-05-03 01:45:03,906 - training.model_ViT-B-16_opt_Adam_lr_0.001_id_378 - INFO - Evaluation metrics:
  Accuracy:  0.7166
  Precision: 0.0000
  Recall:    0.0000
  F1 Score:  0.0000
  IoU:       0.0000
  mAP:       0.2797
  AUC:       0.4847
2025-05-03 01:45:03,908 - training.model_ViT-B-16_opt_Adam_lr_0.001_id_378 - INFO - Final results saved to model_results_v2/model_ViT-B-16_opt_Adam_lr_0.001_id_378/final_results.json
2025-05-03 01:45:03,911 - training.model_ViT-B-16_opt_Adam_lr_0.001_id_378 - INFO - Final results saved to model_results_v2/model_ViT-B-16_opt_Adam_lr_0.001_id_378/final_results.json
