2025-05-03 05:50:48,575 - training.model_DenseNet121_opt_AdamW_lr_0.0001_id_529 - INFO - Initialized training manager for model_DenseNet121_opt_AdamW_lr_0.0001_id_529
2025-05-03 05:50:48,575 - training.model_DenseNet121_opt_AdamW_lr_0.0001_id_529 - INFO - Config: {
  "id": 529,
  "model_name": "DenseNet121",
  "optimizer": "AdamW",
  "learning_rate": 0.0001,
  "scheduler": {
    "name": "StepLR",
    "step_size": 10,
    "gamma": 0.1
  },
  "loss_fn": {
    "name": "CrossEntropy"
  }
}
2025-05-03 06:09:25,987 - training.model_DenseNet121_opt_AdamW_lr_0.0001_id_529 - INFO - Starting model evaluation
2025-05-03 06:09:38,088 - training.model_DenseNet121_opt_AdamW_lr_0.0001_id_529 - INFO - Evaluation metrics:
  Accuracy:  0.9604
  Precision: 0.9212
  Recall:    0.9406
  F1 Score:  0.9308
  IoU:       0.8706
  mAP:       0.9822
  AUC:       0.9932
2025-05-03 06:09:38,090 - training.model_DenseNet121_opt_AdamW_lr_0.0001_id_529 - INFO - Final results saved to model_results_v2/model_DenseNet121_opt_AdamW_lr_0.0001_id_529/final_results.json
2025-05-03 06:09:38,092 - training.model_DenseNet121_opt_AdamW_lr_0.0001_id_529 - INFO - Final results saved to model_results_v2/model_DenseNet121_opt_AdamW_lr_0.0001_id_529/final_results.json
