2025-05-01 01:52:41,693 - training.model_ResNet50_opt_AdamW_lr_0.01_id_80 - INFO - Initialized training manager for model_ResNet50_opt_AdamW_lr_0.01_id_80
2025-05-01 01:52:41,693 - training.model_ResNet50_opt_AdamW_lr_0.01_id_80 - INFO - Config: {
  "id": 80,
  "model_name": "ResNet50",
  "optimizer": "AdamW",
  "learning_rate": 0.01,
  "scheduler": {
    "name": "CosineAnnealingLR",
    "T_max": 10
  },
  "loss_fn": {
    "name": "FocalLoss",
    "alpha": 0.25,
    "gamma": 2.0
  }
}
2025-05-01 01:52:41,932 - training.model_ResNet50_opt_AdamW_lr_0.01_id_80 - INFO - Starting model evaluation
2025-05-01 01:52:49,425 - training.model_ResNet50_opt_AdamW_lr_0.01_id_80 - INFO - Evaluation metrics:
  Accuracy:  0.7740
  Precision: 0.7900
  Recall:    0.2762
  F1 Score:  0.4093
  IoU:       0.2573
  mAP:       0.4780
  AUC:       0.6269
2025-05-01 01:52:49,426 - training.model_ResNet50_opt_AdamW_lr_0.01_id_80 - INFO - Final results saved to model_results_v2/model_ResNet50_opt_AdamW_lr_0.01_id_80/final_results.json
2025-05-01 01:52:49,428 - training.model_ResNet50_opt_AdamW_lr_0.01_id_80 - INFO - Final results saved to model_results_v2/model_ResNet50_opt_AdamW_lr_0.01_id_80/final_results.json
