2025-05-01 11:28:28,292 - training.model_ViT-B-16_opt_SGD_lr_0.0001_id_357 - INFO - Initialized training manager for model_ViT-B-16_opt_SGD_lr_0.0001_id_357
2025-05-01 11:28:28,292 - training.model_ViT-B-16_opt_SGD_lr_0.0001_id_357 - INFO - Config: {
  "id": 357,
  "model_name": "ViT-B-16",
  "optimizer": "SGD",
  "learning_rate": 0.0001,
  "scheduler": {
    "name": "CosineAnnealingLR",
    "T_max": 10
  },
  "loss_fn": {
    "name": "LabelSmoothing",
    "smoothing": 0.1
  }
}
2025-05-03 00:15:37,563 - training.model_ViT-B-16_opt_SGD_lr_0.0001_id_357 - INFO - Initialized training manager for model_ViT-B-16_opt_SGD_lr_0.0001_id_357
2025-05-03 00:15:37,563 - training.model_ViT-B-16_opt_SGD_lr_0.0001_id_357 - INFO - Config: {
  "id": 357,
  "model_name": "ViT-B-16",
  "optimizer": "SGD",
  "learning_rate": 0.0001,
  "scheduler": {
    "name": "CosineAnnealingLR",
    "T_max": 10
  },
  "loss_fn": {
    "name": "LabelSmoothing",
    "smoothing": 0.1
  }
}
2025-05-03 00:15:38,182 - training.model_ViT-B-16_opt_SGD_lr_0.0001_id_357 - INFO - Starting model evaluation
2025-05-03 00:15:47,740 - training.model_ViT-B-16_opt_SGD_lr_0.0001_id_357 - INFO - Evaluation metrics:
  Accuracy:  0.9267
  Precision: 0.8419
  Recall:    0.9126
  F1 Score:  0.8758
  IoU:       0.7791
  mAP:       0.9473
  AUC:       0.9752
2025-05-03 00:15:47,744 - training.model_ViT-B-16_opt_SGD_lr_0.0001_id_357 - INFO - Final results saved to model_results_v2/model_ViT-B-16_opt_SGD_lr_0.0001_id_357/final_results.json
2025-05-03 00:15:47,746 - training.model_ViT-B-16_opt_SGD_lr_0.0001_id_357 - INFO - Final results saved to model_results_v2/model_ViT-B-16_opt_SGD_lr_0.0001_id_357/final_results.json
