2025-05-01 00:57:35,500 - training.model_ResNet50_opt_Adam_lr_0.01_id_38 - INFO - Initialized training manager for model_ResNet50_opt_Adam_lr_0.01_id_38
2025-05-01 00:57:35,500 - training.model_ResNet50_opt_Adam_lr_0.01_id_38 - INFO - Config: {
  "id": 38,
  "model_name": "ResNet50",
  "optimizer": "Adam",
  "learning_rate": 0.01,
  "scheduler": {
    "name": "StepLR",
    "step_size": 10,
    "gamma": 0.1
  },
  "loss_fn": {
    "name": "FocalLoss",
    "alpha": 0.25,
    "gamma": 2.0
  }
}
2025-05-01 00:57:35,752 - training.model_ResNet50_opt_Adam_lr_0.01_id_38 - INFO - Starting model evaluation
2025-05-01 00:57:44,370 - training.model_ResNet50_opt_Adam_lr_0.01_id_38 - INFO - Evaluation metrics:
  Accuracy:  0.7780
  Precision: 0.5775
  Recall:    0.8077
  F1 Score:  0.6735
  IoU:       0.5077
  mAP:       0.7076
  AUC:       0.8550
2025-05-01 00:57:44,371 - training.model_ResNet50_opt_Adam_lr_0.01_id_38 - INFO - Final results saved to model_results_v2/model_ResNet50_opt_Adam_lr_0.01_id_38/final_results.json
2025-05-01 00:57:44,373 - training.model_ResNet50_opt_Adam_lr_0.01_id_38 - INFO - Final results saved to model_results_v2/model_ResNet50_opt_Adam_lr_0.01_id_38/final_results.json
