2025-05-01 08:18:39,042 - training.model_EfficientNet-B2_opt_SGD_lr_0.0001_id_251 - INFO - Initialized training manager for model_EfficientNet-B2_opt_SGD_lr_0.0001_id_251
2025-05-01 08:18:39,042 - training.model_EfficientNet-B2_opt_SGD_lr_0.0001_id_251 - INFO - Config: {
  "id": 251,
  "model_name": "EfficientNet-B2",
  "optimizer": "SGD",
  "learning_rate": 0.0001,
  "scheduler": {
    "name": "CosineAnnealingWarmRestarts",
    "T_0": 10
  },
  "loss_fn": {
    "name": "FocalLoss",
    "alpha": 0.25,
    "gamma": 2.0
  }
}
2025-05-01 08:18:39,975 - training.model_EfficientNet-B2_opt_SGD_lr_0.0001_id_251 - INFO - Starting model evaluation
2025-05-01 08:18:50,929 - training.model_EfficientNet-B2_opt_SGD_lr_0.0001_id_251 - INFO - Evaluation metrics:
  Accuracy:  0.8365
  Precision: 0.6921
  Recall:    0.7622
  F1 Score:  0.7255
  IoU:       0.5692
  mAP:       0.8460
  AUC:       0.9091
2025-05-01 08:18:50,930 - training.model_EfficientNet-B2_opt_SGD_lr_0.0001_id_251 - INFO - Final results saved to model_results_v2/model_EfficientNet-B2_opt_SGD_lr_0.0001_id_251/final_results.json
2025-05-01 08:18:50,932 - training.model_EfficientNet-B2_opt_SGD_lr_0.0001_id_251 - INFO - Final results saved to model_results_v2/model_EfficientNet-B2_opt_SGD_lr_0.0001_id_251/final_results.json
