2025-05-01 00:21:34,786 - training.model_ResNet50_opt_SGD_lr_0.0001_id_25 - INFO - Initialized training manager for model_ResNet50_opt_SGD_lr_0.0001_id_25
2025-05-01 00:21:34,786 - training.model_ResNet50_opt_SGD_lr_0.0001_id_25 - INFO - Config: {
  "id": 25,
  "model_name": "ResNet50",
  "optimizer": "SGD",
  "learning_rate": 0.0001,
  "scheduler": {
    "name": "StepLR",
    "step_size": 10,
    "gamma": 0.1
  },
  "loss_fn": {
    "name": "CrossEntropy"
  }
}
2025-05-01 00:38:46,804 - training.model_ResNet50_opt_SGD_lr_0.0001_id_25 - INFO - Starting model evaluation
2025-05-01 00:38:55,584 - training.model_ResNet50_opt_SGD_lr_0.0001_id_25 - INFO - Evaluation metrics:
  Accuracy:  0.8523
  Precision: 0.7338
  Recall:    0.7517
  F1 Score:  0.7427
  IoU:       0.5907
  mAP:       0.8507
  AUC:       0.9101
2025-05-01 00:38:55,586 - training.model_ResNet50_opt_SGD_lr_0.0001_id_25 - INFO - Final results saved to model_results_v2/model_ResNet50_opt_SGD_lr_0.0001_id_25/final_results.json
2025-05-01 00:38:55,589 - training.model_ResNet50_opt_SGD_lr_0.0001_id_25 - INFO - Final results saved to model_results_v2/model_ResNet50_opt_SGD_lr_0.0001_id_25/final_results.json
