2025-05-03 04:47:20,200 - training.model_DenseNet121_opt_Adam_lr_0.0001 - INFO - Initialized training manager for model_DenseNet121_opt_Adam_lr_0.0001
2025-05-03 04:47:20,200 - training.model_DenseNet121_opt_Adam_lr_0.0001 - INFO - Config: {
  "id": 493,
  "model_name": "DenseNet121",
  "optimizer": "Adam",
  "learning_rate": 0.0001,
  "scheduler": {
    "name": "StepLR",
    "step_size": 10,
    "gamma": 0.1
  },
  "loss_fn": {
    "name": "CrossEntropy"
  }
}
2025-05-03 04:47:20,200 - training.model_DenseNet121_opt_Adam_lr_0.0001 - INFO - No checkpoint found, starting fresh training
2025-05-03 04:47:20,201 - training.model_DenseNet121_opt_Adam_lr_0.0001 - INFO - Starting epoch 1/20
2025-05-03 04:47:43,427 - training.model_DenseNet121_opt_Adam_lr_0.0001 - INFO - Checkpoint saved at epoch 0
2025-05-03 04:48:16,458 - training.model_DenseNet121_opt_Adam_lr_0.0001 - INFO - Validation accuracy improved from 0.0000 to 0.9451
2025-05-03 04:48:16,490 - training.model_DenseNet121_opt_Adam_lr_0.0001 - INFO - Epoch 1 completed in 56.29s - Train Loss: 0.4210, Train Acc: 0.8968, Val Loss: 0.3677, Val Acc: 0.9451
2025-05-03 04:48:16,586 - training.model_DenseNet121_opt_Adam_lr_0.0001 - INFO - Checkpoint saved at epoch 0
2025-05-03 04:48:16,587 - training.model_DenseNet121_opt_Adam_lr_0.0001 - INFO - Starting epoch 2/20
2025-05-03 04:48:39,796 - training.model_DenseNet121_opt_Adam_lr_0.0001 - INFO - Checkpoint saved at epoch 1
2025-05-03 04:49:11,537 - training.model_DenseNet121_opt_Adam_lr_0.0001 - INFO - Validation accuracy improved from 0.9451 to 0.9648
2025-05-03 04:49:11,578 - training.model_DenseNet121_opt_Adam_lr_0.0001 - INFO - Epoch 2 completed in 54.99s - Train Loss: 0.3570, Train Acc: 0.9577, Val Loss: 0.3471, Val Acc: 0.9648
2025-05-03 04:49:11,676 - training.model_DenseNet121_opt_Adam_lr_0.0001 - INFO - Checkpoint saved at epoch 1
2025-05-03 04:49:11,677 - training.model_DenseNet121_opt_Adam_lr_0.0001 - INFO - Starting epoch 3/20
2025-05-03 04:49:35,584 - training.model_DenseNet121_opt_Adam_lr_0.0001 - INFO - Checkpoint saved at epoch 2
2025-05-03 04:50:06,985 - training.model_DenseNet121_opt_Adam_lr_0.0001 - INFO - Validation accuracy improved from 0.9648 to 0.9666
2025-05-03 04:50:07,027 - training.model_DenseNet121_opt_Adam_lr_0.0001 - INFO - Epoch 3 completed in 55.35s - Train Loss: 0.3460, Train Acc: 0.9689, Val Loss: 0.3450, Val Acc: 0.9666
2025-05-03 04:50:07,121 - training.model_DenseNet121_opt_Adam_lr_0.0001 - INFO - Checkpoint saved at epoch 2
2025-05-03 04:50:07,121 - training.model_DenseNet121_opt_Adam_lr_0.0001 - INFO - Starting epoch 4/20
2025-05-03 04:50:30,213 - training.model_DenseNet121_opt_Adam_lr_0.0001 - INFO - Checkpoint saved at epoch 3
2025-05-03 04:51:01,421 - training.model_DenseNet121_opt_Adam_lr_0.0001 - INFO - Validation accuracy improved from 0.9666 to 0.9726
2025-05-03 04:51:01,462 - training.model_DenseNet121_opt_Adam_lr_0.0001 - INFO - Epoch 4 completed in 54.34s - Train Loss: 0.3392, Train Acc: 0.9773, Val Loss: 0.3372, Val Acc: 0.9726
2025-05-03 04:51:01,560 - training.model_DenseNet121_opt_Adam_lr_0.0001 - INFO - Checkpoint saved at epoch 3
2025-05-03 04:51:01,561 - training.model_DenseNet121_opt_Adam_lr_0.0001 - INFO - Starting epoch 5/20
2025-05-03 04:51:25,439 - training.model_DenseNet121_opt_Adam_lr_0.0001 - INFO - Checkpoint saved at epoch 4
2025-05-03 04:51:57,449 - training.model_DenseNet121_opt_Adam_lr_0.0001 - INFO - Validation loss improved from inf to 0.3393
2025-05-03 04:51:57,517 - training.model_DenseNet121_opt_Adam_lr_0.0001 - INFO - Epoch 5 completed in 55.96s - Train Loss: 0.3373, Train Acc: 0.9773, Val Loss: 0.3393, Val Acc: 0.9726
2025-05-03 04:51:57,618 - training.model_DenseNet121_opt_Adam_lr_0.0001 - INFO - Checkpoint saved at epoch 4
2025-05-03 04:51:57,618 - training.model_DenseNet121_opt_Adam_lr_0.0001 - INFO - Starting epoch 6/20
2025-05-03 04:52:21,102 - training.model_DenseNet121_opt_Adam_lr_0.0001 - INFO - Checkpoint saved at epoch 5
2025-05-03 04:52:53,437 - training.model_DenseNet121_opt_Adam_lr_0.0001 - INFO - Epoch 6 completed in 55.82s - Train Loss: 0.3382, Train Acc: 0.9753, Val Loss: 0.3529, Val Acc: 0.9605
2025-05-03 04:52:53,543 - training.model_DenseNet121_opt_Adam_lr_0.0001 - INFO - Checkpoint saved at epoch 5
2025-05-03 04:52:53,543 - training.model_DenseNet121_opt_Adam_lr_0.0001 - INFO - Starting epoch 7/20
2025-05-03 04:53:17,005 - training.model_DenseNet121_opt_Adam_lr_0.0001 - INFO - Checkpoint saved at epoch 6
2025-05-03 04:53:48,321 - training.model_DenseNet121_opt_Adam_lr_0.0001 - INFO - Validation accuracy improved from 0.9726 to 0.9811
2025-05-03 04:53:48,370 - training.model_DenseNet121_opt_Adam_lr_0.0001 - INFO - Epoch 7 completed in 54.83s - Train Loss: 0.3318, Train Acc: 0.9820, Val Loss: 0.3336, Val Acc: 0.9811
2025-05-03 04:53:48,474 - training.model_DenseNet121_opt_Adam_lr_0.0001 - INFO - Checkpoint saved at epoch 6
2025-05-03 04:53:48,474 - training.model_DenseNet121_opt_Adam_lr_0.0001 - INFO - Starting epoch 8/20
2025-05-03 04:54:11,974 - training.model_DenseNet121_opt_Adam_lr_0.0001 - INFO - Checkpoint saved at epoch 7
2025-05-03 04:54:43,979 - training.model_DenseNet121_opt_Adam_lr_0.0001 - INFO - Epoch 8 completed in 55.50s - Train Loss: 0.3268, Train Acc: 0.9871, Val Loss: 0.3418, Val Acc: 0.9717
2025-05-03 04:54:44,082 - training.model_DenseNet121_opt_Adam_lr_0.0001 - INFO - Checkpoint saved at epoch 7
2025-05-03 04:54:44,083 - training.model_DenseNet121_opt_Adam_lr_0.0001 - INFO - Starting epoch 9/20
2025-05-03 04:55:07,270 - training.model_DenseNet121_opt_Adam_lr_0.0001 - INFO - Checkpoint saved at epoch 8
2025-05-03 04:55:39,108 - training.model_DenseNet121_opt_Adam_lr_0.0001 - INFO - Epoch 9 completed in 55.03s - Train Loss: 0.3304, Train Acc: 0.9843, Val Loss: 0.3394, Val Acc: 0.9743
2025-05-03 04:55:39,207 - training.model_DenseNet121_opt_Adam_lr_0.0001 - INFO - Checkpoint saved at epoch 8
2025-05-03 04:55:39,207 - training.model_DenseNet121_opt_Adam_lr_0.0001 - INFO - Starting epoch 10/20
2025-05-03 04:56:03,055 - training.model_DenseNet121_opt_Adam_lr_0.0001 - INFO - Checkpoint saved at epoch 9
2025-05-03 04:56:35,502 - training.model_DenseNet121_opt_Adam_lr_0.0001 - INFO - Epoch 10 completed in 56.30s - Train Loss: 0.3245, Train Acc: 0.9897, Val Loss: 0.3422, Val Acc: 0.9700
2025-05-03 04:56:35,612 - training.model_DenseNet121_opt_Adam_lr_0.0001 - INFO - Checkpoint saved at epoch 9
2025-05-03 04:56:35,612 - training.model_DenseNet121_opt_Adam_lr_0.0001 - INFO - Starting epoch 11/20
2025-05-03 04:56:59,977 - training.model_DenseNet121_opt_Adam_lr_0.0001 - INFO - Checkpoint saved at epoch 10
2025-05-03 04:57:32,295 - training.model_DenseNet121_opt_Adam_lr_0.0001 - INFO - Validation loss improved from 0.3393 to 0.3322
2025-05-03 04:57:32,336 - training.model_DenseNet121_opt_Adam_lr_0.0001 - INFO - Epoch 11 completed in 56.72s - Train Loss: 0.3207, Train Acc: 0.9931, Val Loss: 0.3322, Val Acc: 0.9811
2025-05-03 04:57:32,438 - training.model_DenseNet121_opt_Adam_lr_0.0001 - INFO - Checkpoint saved at epoch 10
2025-05-03 04:57:32,438 - training.model_DenseNet121_opt_Adam_lr_0.0001 - INFO - Starting epoch 12/20
2025-05-03 04:57:55,414 - training.model_DenseNet121_opt_Adam_lr_0.0001 - INFO - Checkpoint saved at epoch 11
2025-05-03 04:58:27,251 - training.model_DenseNet121_opt_Adam_lr_0.0001 - INFO - Validation accuracy improved from 0.9811 to 0.9828
2025-05-03 04:58:27,292 - training.model_DenseNet121_opt_Adam_lr_0.0001 - INFO - Epoch 12 completed in 54.85s - Train Loss: 0.3189, Train Acc: 0.9949, Val Loss: 0.3292, Val Acc: 0.9828
2025-05-03 04:58:27,390 - training.model_DenseNet121_opt_Adam_lr_0.0001 - INFO - Checkpoint saved at epoch 11
2025-05-03 04:58:27,391 - training.model_DenseNet121_opt_Adam_lr_0.0001 - INFO - Starting epoch 13/20
2025-05-03 04:58:50,750 - training.model_DenseNet121_opt_Adam_lr_0.0001 - INFO - Checkpoint saved at epoch 12
2025-05-03 04:59:22,050 - training.model_DenseNet121_opt_Adam_lr_0.0001 - INFO - Validation accuracy improved from 0.9828 to 0.9863
2025-05-03 04:59:22,109 - training.model_DenseNet121_opt_Adam_lr_0.0001 - INFO - Epoch 13 completed in 54.72s - Train Loss: 0.3170, Train Acc: 0.9964, Val Loss: 0.3265, Val Acc: 0.9863
2025-05-03 04:59:22,206 - training.model_DenseNet121_opt_Adam_lr_0.0001 - INFO - Checkpoint saved at epoch 12
2025-05-03 04:59:22,207 - training.model_DenseNet121_opt_Adam_lr_0.0001 - INFO - Starting epoch 14/20
2025-05-03 04:59:45,246 - training.model_DenseNet121_opt_Adam_lr_0.0001 - INFO - Checkpoint saved at epoch 13
2025-05-03 05:00:17,953 - training.model_DenseNet121_opt_Adam_lr_0.0001 - INFO - Validation loss improved from 0.3322 to 0.3275
2025-05-03 05:00:17,995 - training.model_DenseNet121_opt_Adam_lr_0.0001 - INFO - Epoch 14 completed in 55.79s - Train Loss: 0.3170, Train Acc: 0.9966, Val Loss: 0.3275, Val Acc: 0.9854
2025-05-03 05:00:18,092 - training.model_DenseNet121_opt_Adam_lr_0.0001 - INFO - Checkpoint saved at epoch 13
2025-05-03 05:00:18,092 - training.model_DenseNet121_opt_Adam_lr_0.0001 - INFO - Starting epoch 15/20
2025-05-03 05:00:41,765 - training.model_DenseNet121_opt_Adam_lr_0.0001 - INFO - Checkpoint saved at epoch 14
2025-05-03 05:01:13,848 - training.model_DenseNet121_opt_Adam_lr_0.0001 - INFO - Validation accuracy improved from 0.9863 to 0.9897
2025-05-03 05:01:13,894 - training.model_DenseNet121_opt_Adam_lr_0.0001 - INFO - Epoch 15 completed in 55.80s - Train Loss: 0.3171, Train Acc: 0.9964, Val Loss: 0.3248, Val Acc: 0.9897
2025-05-03 05:01:13,993 - training.model_DenseNet121_opt_Adam_lr_0.0001 - INFO - Checkpoint saved at epoch 14
2025-05-03 05:01:13,994 - training.model_DenseNet121_opt_Adam_lr_0.0001 - INFO - Starting epoch 16/20
2025-05-03 05:01:36,715 - training.model_DenseNet121_opt_Adam_lr_0.0001 - INFO - Checkpoint saved at epoch 15
2025-05-03 05:02:09,867 - training.model_DenseNet121_opt_Adam_lr_0.0001 - INFO - Validation loss improved from 0.3275 to 0.3249
2025-05-03 05:02:09,907 - training.model_DenseNet121_opt_Adam_lr_0.0001 - INFO - Epoch 16 completed in 55.91s - Train Loss: 0.3155, Train Acc: 0.9981, Val Loss: 0.3249, Val Acc: 0.9854
2025-05-03 05:02:10,004 - training.model_DenseNet121_opt_Adam_lr_0.0001 - INFO - Checkpoint saved at epoch 15
2025-05-03 05:02:10,004 - training.model_DenseNet121_opt_Adam_lr_0.0001 - INFO - Starting epoch 17/20
2025-05-03 05:02:33,960 - training.model_DenseNet121_opt_Adam_lr_0.0001 - INFO - Checkpoint saved at epoch 16
2025-05-03 05:03:06,703 - training.model_DenseNet121_opt_Adam_lr_0.0001 - INFO - Validation loss improved from 0.3249 to 0.3246
2025-05-03 05:03:06,741 - training.model_DenseNet121_opt_Adam_lr_0.0001 - INFO - Epoch 17 completed in 56.74s - Train Loss: 0.3156, Train Acc: 0.9981, Val Loss: 0.3246, Val Acc: 0.9889
2025-05-03 05:03:06,834 - training.model_DenseNet121_opt_Adam_lr_0.0001 - INFO - Checkpoint saved at epoch 16
2025-05-03 05:03:06,835 - training.model_DenseNet121_opt_Adam_lr_0.0001 - INFO - Starting epoch 18/20
2025-05-03 05:03:30,269 - training.model_DenseNet121_opt_Adam_lr_0.0001 - INFO - Checkpoint saved at epoch 17
2025-05-03 05:04:02,723 - training.model_DenseNet121_opt_Adam_lr_0.0001 - INFO - Epoch 18 completed in 55.89s - Train Loss: 0.3181, Train Acc: 0.9972, Val Loss: 0.3267, Val Acc: 0.9863
2025-05-03 05:04:02,832 - training.model_DenseNet121_opt_Adam_lr_0.0001 - INFO - Checkpoint saved at epoch 17
2025-05-03 05:04:02,832 - training.model_DenseNet121_opt_Adam_lr_0.0001 - INFO - Starting epoch 19/20
2025-05-03 05:04:25,880 - training.model_DenseNet121_opt_Adam_lr_0.0001 - INFO - Checkpoint saved at epoch 18
2025-05-03 05:04:58,987 - training.model_DenseNet121_opt_Adam_lr_0.0001 - INFO - Epoch 19 completed in 56.15s - Train Loss: 0.3153, Train Acc: 0.9983, Val Loss: 0.3246, Val Acc: 0.9889
2025-05-03 05:04:59,089 - training.model_DenseNet121_opt_Adam_lr_0.0001 - INFO - Checkpoint saved at epoch 18
2025-05-03 05:04:59,089 - training.model_DenseNet121_opt_Adam_lr_0.0001 - INFO - Starting epoch 20/20
2025-05-03 05:05:23,078 - training.model_DenseNet121_opt_Adam_lr_0.0001 - INFO - Checkpoint saved at epoch 19
2025-05-03 05:05:55,919 - training.model_DenseNet121_opt_Adam_lr_0.0001 - INFO - Epoch 20 completed in 56.83s - Train Loss: 0.3153, Train Acc: 0.9981, Val Loss: 0.3262, Val Acc: 0.9863
2025-05-03 05:05:56,019 - training.model_DenseNet121_opt_Adam_lr_0.0001 - INFO - Checkpoint saved at epoch 19
2025-05-03 05:05:56,020 - training.model_DenseNet121_opt_Adam_lr_0.0001 - INFO - Training completed after 1115.72 seconds
2025-05-03 05:06:08,302 - training.model_DenseNet121_opt_Adam_lr_0.0001 - INFO - Initialized training manager for model_DenseNet121_opt_Adam_lr_0.0001
2025-05-03 05:06:08,302 - training.model_DenseNet121_opt_Adam_lr_0.0001 - INFO - Initialized training manager for model_DenseNet121_opt_Adam_lr_0.0001
2025-05-03 05:06:08,302 - training.model_DenseNet121_opt_Adam_lr_0.0001 - INFO - Config: {
  "id": 494,
  "model_name": "DenseNet121",
  "optimizer": "Adam",
  "learning_rate": 0.0001,
  "scheduler": {
    "name": "StepLR",
    "step_size": 10,
    "gamma": 0.1
  },
  "loss_fn": {
    "name": "FocalLoss",
    "alpha": 0.25,
    "gamma": 2.0
  }
}
2025-05-03 05:06:08,302 - training.model_DenseNet121_opt_Adam_lr_0.0001 - INFO - Config: {
  "id": 494,
  "model_name": "DenseNet121",
  "optimizer": "Adam",
  "learning_rate": 0.0001,
  "scheduler": {
    "name": "StepLR",
    "step_size": 10,
    "gamma": 0.1
  },
  "loss_fn": {
    "name": "FocalLoss",
    "alpha": 0.25,
    "gamma": 2.0
  }
}
2025-05-03 05:06:08,302 - training.model_DenseNet121_opt_Adam_lr_0.0001 - INFO - Loading checkpoint from model_results_v2/model_DenseNet121_opt_Adam_lr_0.0001/checkpoint.pt
2025-05-03 05:06:08,302 - training.model_DenseNet121_opt_Adam_lr_0.0001 - INFO - Loading checkpoint from model_results_v2/model_DenseNet121_opt_Adam_lr_0.0001/checkpoint.pt
2025-05-03 05:06:08,474 - training.model_DenseNet121_opt_Adam_lr_0.0001 - INFO - Resuming from epoch 20, best validation accuracy: 0.9897
2025-05-03 05:06:08,474 - training.model_DenseNet121_opt_Adam_lr_0.0001 - INFO - Resuming from epoch 20, best validation accuracy: 0.9897
2025-05-03 05:06:08,476 - training.model_DenseNet121_opt_Adam_lr_0.0001 - INFO - Training completed after 1115.72 seconds
2025-05-03 05:06:08,476 - training.model_DenseNet121_opt_Adam_lr_0.0001 - INFO - Training completed after 1115.72 seconds
2025-05-03 05:06:20,569 - training.model_DenseNet121_opt_Adam_lr_0.0001 - INFO - Initialized training manager for model_DenseNet121_opt_Adam_lr_0.0001
2025-05-03 05:06:20,569 - training.model_DenseNet121_opt_Adam_lr_0.0001 - INFO - Initialized training manager for model_DenseNet121_opt_Adam_lr_0.0001
2025-05-03 05:06:20,569 - training.model_DenseNet121_opt_Adam_lr_0.0001 - INFO - Initialized training manager for model_DenseNet121_opt_Adam_lr_0.0001
2025-05-03 05:06:20,569 - training.model_DenseNet121_opt_Adam_lr_0.0001 - INFO - Config: {
  "id": 495,
  "model_name": "DenseNet121",
  "optimizer": "Adam",
  "learning_rate": 0.0001,
  "scheduler": {
    "name": "StepLR",
    "step_size": 10,
    "gamma": 0.1
  },
  "loss_fn": {
    "name": "LabelSmoothing",
    "smoothing": 0.1
  }
}
2025-05-03 05:06:20,569 - training.model_DenseNet121_opt_Adam_lr_0.0001 - INFO - Config: {
  "id": 495,
  "model_name": "DenseNet121",
  "optimizer": "Adam",
  "learning_rate": 0.0001,
  "scheduler": {
    "name": "StepLR",
    "step_size": 10,
    "gamma": 0.1
  },
  "loss_fn": {
    "name": "LabelSmoothing",
    "smoothing": 0.1
  }
}
2025-05-03 05:06:20,569 - training.model_DenseNet121_opt_Adam_lr_0.0001 - INFO - Config: {
  "id": 495,
  "model_name": "DenseNet121",
  "optimizer": "Adam",
  "learning_rate": 0.0001,
  "scheduler": {
    "name": "StepLR",
    "step_size": 10,
    "gamma": 0.1
  },
  "loss_fn": {
    "name": "LabelSmoothing",
    "smoothing": 0.1
  }
}
2025-05-03 05:06:20,569 - training.model_DenseNet121_opt_Adam_lr_0.0001 - INFO - Loading checkpoint from model_results_v2/model_DenseNet121_opt_Adam_lr_0.0001/checkpoint.pt
2025-05-03 05:06:20,569 - training.model_DenseNet121_opt_Adam_lr_0.0001 - INFO - Loading checkpoint from model_results_v2/model_DenseNet121_opt_Adam_lr_0.0001/checkpoint.pt
2025-05-03 05:06:20,569 - training.model_DenseNet121_opt_Adam_lr_0.0001 - INFO - Loading checkpoint from model_results_v2/model_DenseNet121_opt_Adam_lr_0.0001/checkpoint.pt
2025-05-03 05:06:20,742 - training.model_DenseNet121_opt_Adam_lr_0.0001 - INFO - Resuming from epoch 20, best validation accuracy: 0.9897
2025-05-03 05:06:20,742 - training.model_DenseNet121_opt_Adam_lr_0.0001 - INFO - Resuming from epoch 20, best validation accuracy: 0.9897
2025-05-03 05:06:20,742 - training.model_DenseNet121_opt_Adam_lr_0.0001 - INFO - Resuming from epoch 20, best validation accuracy: 0.9897
2025-05-03 05:06:20,743 - training.model_DenseNet121_opt_Adam_lr_0.0001 - INFO - Training completed after 1115.72 seconds
2025-05-03 05:06:20,743 - training.model_DenseNet121_opt_Adam_lr_0.0001 - INFO - Training completed after 1115.72 seconds
2025-05-03 05:06:20,743 - training.model_DenseNet121_opt_Adam_lr_0.0001 - INFO - Training completed after 1115.72 seconds
2025-05-03 05:06:33,084 - training.model_DenseNet121_opt_Adam_lr_0.0001 - INFO - Initialized training manager for model_DenseNet121_opt_Adam_lr_0.0001
2025-05-03 05:06:33,084 - training.model_DenseNet121_opt_Adam_lr_0.0001 - INFO - Initialized training manager for model_DenseNet121_opt_Adam_lr_0.0001
2025-05-03 05:06:33,084 - training.model_DenseNet121_opt_Adam_lr_0.0001 - INFO - Initialized training manager for model_DenseNet121_opt_Adam_lr_0.0001
2025-05-03 05:06:33,084 - training.model_DenseNet121_opt_Adam_lr_0.0001 - INFO - Initialized training manager for model_DenseNet121_opt_Adam_lr_0.0001
2025-05-03 05:06:33,084 - training.model_DenseNet121_opt_Adam_lr_0.0001 - INFO - Config: {
  "id": 496,
  "model_name": "DenseNet121",
  "optimizer": "Adam",
  "learning_rate": 0.0001,
  "scheduler": {
    "name": "ReduceLROnPlateau",
    "patience": 5,
    "factor": 0.5
  },
  "loss_fn": {
    "name": "CrossEntropy"
  }
}
2025-05-03 05:06:33,084 - training.model_DenseNet121_opt_Adam_lr_0.0001 - INFO - Config: {
  "id": 496,
  "model_name": "DenseNet121",
  "optimizer": "Adam",
  "learning_rate": 0.0001,
  "scheduler": {
    "name": "ReduceLROnPlateau",
    "patience": 5,
    "factor": 0.5
  },
  "loss_fn": {
    "name": "CrossEntropy"
  }
}
2025-05-03 05:06:33,084 - training.model_DenseNet121_opt_Adam_lr_0.0001 - INFO - Config: {
  "id": 496,
  "model_name": "DenseNet121",
  "optimizer": "Adam",
  "learning_rate": 0.0001,
  "scheduler": {
    "name": "ReduceLROnPlateau",
    "patience": 5,
    "factor": 0.5
  },
  "loss_fn": {
    "name": "CrossEntropy"
  }
}
2025-05-03 05:06:33,084 - training.model_DenseNet121_opt_Adam_lr_0.0001 - INFO - Config: {
  "id": 496,
  "model_name": "DenseNet121",
  "optimizer": "Adam",
  "learning_rate": 0.0001,
  "scheduler": {
    "name": "ReduceLROnPlateau",
    "patience": 5,
    "factor": 0.5
  },
  "loss_fn": {
    "name": "CrossEntropy"
  }
}
2025-05-03 05:06:33,084 - training.model_DenseNet121_opt_Adam_lr_0.0001 - INFO - Loading checkpoint from model_results_v2/model_DenseNet121_opt_Adam_lr_0.0001/checkpoint.pt
2025-05-03 05:06:33,084 - training.model_DenseNet121_opt_Adam_lr_0.0001 - INFO - Loading checkpoint from model_results_v2/model_DenseNet121_opt_Adam_lr_0.0001/checkpoint.pt
2025-05-03 05:06:33,084 - training.model_DenseNet121_opt_Adam_lr_0.0001 - INFO - Loading checkpoint from model_results_v2/model_DenseNet121_opt_Adam_lr_0.0001/checkpoint.pt
2025-05-03 05:06:33,084 - training.model_DenseNet121_opt_Adam_lr_0.0001 - INFO - Loading checkpoint from model_results_v2/model_DenseNet121_opt_Adam_lr_0.0001/checkpoint.pt
2025-05-03 05:06:33,257 - training.model_DenseNet121_opt_Adam_lr_0.0001 - INFO - Resuming from epoch 20, best validation accuracy: 0.9897
2025-05-03 05:06:33,257 - training.model_DenseNet121_opt_Adam_lr_0.0001 - INFO - Resuming from epoch 20, best validation accuracy: 0.9897
2025-05-03 05:06:33,257 - training.model_DenseNet121_opt_Adam_lr_0.0001 - INFO - Resuming from epoch 20, best validation accuracy: 0.9897
2025-05-03 05:06:33,257 - training.model_DenseNet121_opt_Adam_lr_0.0001 - INFO - Resuming from epoch 20, best validation accuracy: 0.9897
2025-05-03 05:06:33,258 - training.model_DenseNet121_opt_Adam_lr_0.0001 - INFO - Training completed after 1115.72 seconds
2025-05-03 05:06:33,258 - training.model_DenseNet121_opt_Adam_lr_0.0001 - INFO - Training completed after 1115.72 seconds
2025-05-03 05:06:33,258 - training.model_DenseNet121_opt_Adam_lr_0.0001 - INFO - Training completed after 1115.72 seconds
2025-05-03 05:06:33,258 - training.model_DenseNet121_opt_Adam_lr_0.0001 - INFO - Training completed after 1115.72 seconds
2025-05-03 05:06:45,288 - training.model_DenseNet121_opt_Adam_lr_0.0001 - INFO - Initialized training manager for model_DenseNet121_opt_Adam_lr_0.0001
2025-05-03 05:06:45,288 - training.model_DenseNet121_opt_Adam_lr_0.0001 - INFO - Initialized training manager for model_DenseNet121_opt_Adam_lr_0.0001
2025-05-03 05:06:45,288 - training.model_DenseNet121_opt_Adam_lr_0.0001 - INFO - Initialized training manager for model_DenseNet121_opt_Adam_lr_0.0001
2025-05-03 05:06:45,288 - training.model_DenseNet121_opt_Adam_lr_0.0001 - INFO - Initialized training manager for model_DenseNet121_opt_Adam_lr_0.0001
2025-05-03 05:06:45,288 - training.model_DenseNet121_opt_Adam_lr_0.0001 - INFO - Initialized training manager for model_DenseNet121_opt_Adam_lr_0.0001
2025-05-03 05:06:45,288 - training.model_DenseNet121_opt_Adam_lr_0.0001 - INFO - Config: {
  "id": 497,
  "model_name": "DenseNet121",
  "optimizer": "Adam",
  "learning_rate": 0.0001,
  "scheduler": {
    "name": "ReduceLROnPlateau",
    "patience": 5,
    "factor": 0.5
  },
  "loss_fn": {
    "name": "FocalLoss",
    "alpha": 0.25,
    "gamma": 2.0
  }
}
2025-05-03 05:06:45,288 - training.model_DenseNet121_opt_Adam_lr_0.0001 - INFO - Config: {
  "id": 497,
  "model_name": "DenseNet121",
  "optimizer": "Adam",
  "learning_rate": 0.0001,
  "scheduler": {
    "name": "ReduceLROnPlateau",
    "patience": 5,
    "factor": 0.5
  },
  "loss_fn": {
    "name": "FocalLoss",
    "alpha": 0.25,
    "gamma": 2.0
  }
}
2025-05-03 05:06:45,288 - training.model_DenseNet121_opt_Adam_lr_0.0001 - INFO - Config: {
  "id": 497,
  "model_name": "DenseNet121",
  "optimizer": "Adam",
  "learning_rate": 0.0001,
  "scheduler": {
    "name": "ReduceLROnPlateau",
    "patience": 5,
    "factor": 0.5
  },
  "loss_fn": {
    "name": "FocalLoss",
    "alpha": 0.25,
    "gamma": 2.0
  }
}
2025-05-03 05:06:45,288 - training.model_DenseNet121_opt_Adam_lr_0.0001 - INFO - Config: {
  "id": 497,
  "model_name": "DenseNet121",
  "optimizer": "Adam",
  "learning_rate": 0.0001,
  "scheduler": {
    "name": "ReduceLROnPlateau",
    "patience": 5,
    "factor": 0.5
  },
  "loss_fn": {
    "name": "FocalLoss",
    "alpha": 0.25,
    "gamma": 2.0
  }
}
2025-05-03 05:06:45,288 - training.model_DenseNet121_opt_Adam_lr_0.0001 - INFO - Config: {
  "id": 497,
  "model_name": "DenseNet121",
  "optimizer": "Adam",
  "learning_rate": 0.0001,
  "scheduler": {
    "name": "ReduceLROnPlateau",
    "patience": 5,
    "factor": 0.5
  },
  "loss_fn": {
    "name": "FocalLoss",
    "alpha": 0.25,
    "gamma": 2.0
  }
}
2025-05-03 05:06:45,288 - training.model_DenseNet121_opt_Adam_lr_0.0001 - INFO - Loading checkpoint from model_results_v2/model_DenseNet121_opt_Adam_lr_0.0001/checkpoint.pt
2025-05-03 05:06:45,288 - training.model_DenseNet121_opt_Adam_lr_0.0001 - INFO - Loading checkpoint from model_results_v2/model_DenseNet121_opt_Adam_lr_0.0001/checkpoint.pt
2025-05-03 05:06:45,288 - training.model_DenseNet121_opt_Adam_lr_0.0001 - INFO - Loading checkpoint from model_results_v2/model_DenseNet121_opt_Adam_lr_0.0001/checkpoint.pt
2025-05-03 05:06:45,288 - training.model_DenseNet121_opt_Adam_lr_0.0001 - INFO - Loading checkpoint from model_results_v2/model_DenseNet121_opt_Adam_lr_0.0001/checkpoint.pt
2025-05-03 05:06:45,288 - training.model_DenseNet121_opt_Adam_lr_0.0001 - INFO - Loading checkpoint from model_results_v2/model_DenseNet121_opt_Adam_lr_0.0001/checkpoint.pt
2025-05-03 05:06:45,461 - training.model_DenseNet121_opt_Adam_lr_0.0001 - INFO - Resuming from epoch 20, best validation accuracy: 0.9897
2025-05-03 05:06:45,461 - training.model_DenseNet121_opt_Adam_lr_0.0001 - INFO - Resuming from epoch 20, best validation accuracy: 0.9897
2025-05-03 05:06:45,461 - training.model_DenseNet121_opt_Adam_lr_0.0001 - INFO - Resuming from epoch 20, best validation accuracy: 0.9897
2025-05-03 05:06:45,461 - training.model_DenseNet121_opt_Adam_lr_0.0001 - INFO - Resuming from epoch 20, best validation accuracy: 0.9897
2025-05-03 05:06:45,461 - training.model_DenseNet121_opt_Adam_lr_0.0001 - INFO - Resuming from epoch 20, best validation accuracy: 0.9897
2025-05-03 05:06:45,462 - training.model_DenseNet121_opt_Adam_lr_0.0001 - INFO - Training completed after 1115.72 seconds
2025-05-03 05:06:45,462 - training.model_DenseNet121_opt_Adam_lr_0.0001 - INFO - Training completed after 1115.72 seconds
2025-05-03 05:06:45,462 - training.model_DenseNet121_opt_Adam_lr_0.0001 - INFO - Training completed after 1115.72 seconds
2025-05-03 05:06:45,462 - training.model_DenseNet121_opt_Adam_lr_0.0001 - INFO - Training completed after 1115.72 seconds
2025-05-03 05:06:45,462 - training.model_DenseNet121_opt_Adam_lr_0.0001 - INFO - Training completed after 1115.72 seconds
2025-05-03 05:06:57,689 - training.model_DenseNet121_opt_Adam_lr_0.0001 - INFO - Initialized training manager for model_DenseNet121_opt_Adam_lr_0.0001
2025-05-03 05:06:57,689 - training.model_DenseNet121_opt_Adam_lr_0.0001 - INFO - Initialized training manager for model_DenseNet121_opt_Adam_lr_0.0001
2025-05-03 05:06:57,689 - training.model_DenseNet121_opt_Adam_lr_0.0001 - INFO - Initialized training manager for model_DenseNet121_opt_Adam_lr_0.0001
2025-05-03 05:06:57,689 - training.model_DenseNet121_opt_Adam_lr_0.0001 - INFO - Initialized training manager for model_DenseNet121_opt_Adam_lr_0.0001
2025-05-03 05:06:57,689 - training.model_DenseNet121_opt_Adam_lr_0.0001 - INFO - Initialized training manager for model_DenseNet121_opt_Adam_lr_0.0001
2025-05-03 05:06:57,689 - training.model_DenseNet121_opt_Adam_lr_0.0001 - INFO - Initialized training manager for model_DenseNet121_opt_Adam_lr_0.0001
2025-05-03 05:06:57,689 - training.model_DenseNet121_opt_Adam_lr_0.0001 - INFO - Config: {
  "id": 498,
  "model_name": "DenseNet121",
  "optimizer": "Adam",
  "learning_rate": 0.0001,
  "scheduler": {
    "name": "ReduceLROnPlateau",
    "patience": 5,
    "factor": 0.5
  },
  "loss_fn": {
    "name": "LabelSmoothing",
    "smoothing": 0.1
  }
}
2025-05-03 05:06:57,689 - training.model_DenseNet121_opt_Adam_lr_0.0001 - INFO - Config: {
  "id": 498,
  "model_name": "DenseNet121",
  "optimizer": "Adam",
  "learning_rate": 0.0001,
  "scheduler": {
    "name": "ReduceLROnPlateau",
    "patience": 5,
    "factor": 0.5
  },
  "loss_fn": {
    "name": "LabelSmoothing",
    "smoothing": 0.1
  }
}
2025-05-03 05:06:57,689 - training.model_DenseNet121_opt_Adam_lr_0.0001 - INFO - Config: {
  "id": 498,
  "model_name": "DenseNet121",
  "optimizer": "Adam",
  "learning_rate": 0.0001,
  "scheduler": {
    "name": "ReduceLROnPlateau",
    "patience": 5,
    "factor": 0.5
  },
  "loss_fn": {
    "name": "LabelSmoothing",
    "smoothing": 0.1
  }
}
2025-05-03 05:06:57,689 - training.model_DenseNet121_opt_Adam_lr_0.0001 - INFO - Config: {
  "id": 498,
  "model_name": "DenseNet121",
  "optimizer": "Adam",
  "learning_rate": 0.0001,
  "scheduler": {
    "name": "ReduceLROnPlateau",
    "patience": 5,
    "factor": 0.5
  },
  "loss_fn": {
    "name": "LabelSmoothing",
    "smoothing": 0.1
  }
}
2025-05-03 05:06:57,689 - training.model_DenseNet121_opt_Adam_lr_0.0001 - INFO - Config: {
  "id": 498,
  "model_name": "DenseNet121",
  "optimizer": "Adam",
  "learning_rate": 0.0001,
  "scheduler": {
    "name": "ReduceLROnPlateau",
    "patience": 5,
    "factor": 0.5
  },
  "loss_fn": {
    "name": "LabelSmoothing",
    "smoothing": 0.1
  }
}
2025-05-03 05:06:57,689 - training.model_DenseNet121_opt_Adam_lr_0.0001 - INFO - Config: {
  "id": 498,
  "model_name": "DenseNet121",
  "optimizer": "Adam",
  "learning_rate": 0.0001,
  "scheduler": {
    "name": "ReduceLROnPlateau",
    "patience": 5,
    "factor": 0.5
  },
  "loss_fn": {
    "name": "LabelSmoothing",
    "smoothing": 0.1
  }
}
2025-05-03 05:06:57,689 - training.model_DenseNet121_opt_Adam_lr_0.0001 - INFO - Loading checkpoint from model_results_v2/model_DenseNet121_opt_Adam_lr_0.0001/checkpoint.pt
2025-05-03 05:06:57,689 - training.model_DenseNet121_opt_Adam_lr_0.0001 - INFO - Loading checkpoint from model_results_v2/model_DenseNet121_opt_Adam_lr_0.0001/checkpoint.pt
2025-05-03 05:06:57,689 - training.model_DenseNet121_opt_Adam_lr_0.0001 - INFO - Loading checkpoint from model_results_v2/model_DenseNet121_opt_Adam_lr_0.0001/checkpoint.pt
2025-05-03 05:06:57,689 - training.model_DenseNet121_opt_Adam_lr_0.0001 - INFO - Loading checkpoint from model_results_v2/model_DenseNet121_opt_Adam_lr_0.0001/checkpoint.pt
2025-05-03 05:06:57,689 - training.model_DenseNet121_opt_Adam_lr_0.0001 - INFO - Loading checkpoint from model_results_v2/model_DenseNet121_opt_Adam_lr_0.0001/checkpoint.pt
2025-05-03 05:06:57,689 - training.model_DenseNet121_opt_Adam_lr_0.0001 - INFO - Loading checkpoint from model_results_v2/model_DenseNet121_opt_Adam_lr_0.0001/checkpoint.pt
2025-05-03 05:06:57,950 - training.model_DenseNet121_opt_Adam_lr_0.0001 - INFO - Resuming from epoch 20, best validation accuracy: 0.9897
2025-05-03 05:06:57,950 - training.model_DenseNet121_opt_Adam_lr_0.0001 - INFO - Resuming from epoch 20, best validation accuracy: 0.9897
2025-05-03 05:06:57,950 - training.model_DenseNet121_opt_Adam_lr_0.0001 - INFO - Resuming from epoch 20, best validation accuracy: 0.9897
2025-05-03 05:06:57,950 - training.model_DenseNet121_opt_Adam_lr_0.0001 - INFO - Resuming from epoch 20, best validation accuracy: 0.9897
2025-05-03 05:06:57,950 - training.model_DenseNet121_opt_Adam_lr_0.0001 - INFO - Resuming from epoch 20, best validation accuracy: 0.9897
2025-05-03 05:06:57,950 - training.model_DenseNet121_opt_Adam_lr_0.0001 - INFO - Resuming from epoch 20, best validation accuracy: 0.9897
2025-05-03 05:06:57,952 - training.model_DenseNet121_opt_Adam_lr_0.0001 - INFO - Training completed after 1115.72 seconds
2025-05-03 05:06:57,952 - training.model_DenseNet121_opt_Adam_lr_0.0001 - INFO - Training completed after 1115.72 seconds
2025-05-03 05:06:57,952 - training.model_DenseNet121_opt_Adam_lr_0.0001 - INFO - Training completed after 1115.72 seconds
2025-05-03 05:06:57,952 - training.model_DenseNet121_opt_Adam_lr_0.0001 - INFO - Training completed after 1115.72 seconds
2025-05-03 05:06:57,952 - training.model_DenseNet121_opt_Adam_lr_0.0001 - INFO - Training completed after 1115.72 seconds
2025-05-03 05:06:57,952 - training.model_DenseNet121_opt_Adam_lr_0.0001 - INFO - Training completed after 1115.72 seconds
2025-05-03 05:07:09,809 - training.model_DenseNet121_opt_Adam_lr_0.0001 - INFO - Initialized training manager for model_DenseNet121_opt_Adam_lr_0.0001
2025-05-03 05:07:09,809 - training.model_DenseNet121_opt_Adam_lr_0.0001 - INFO - Initialized training manager for model_DenseNet121_opt_Adam_lr_0.0001
2025-05-03 05:07:09,809 - training.model_DenseNet121_opt_Adam_lr_0.0001 - INFO - Initialized training manager for model_DenseNet121_opt_Adam_lr_0.0001
2025-05-03 05:07:09,809 - training.model_DenseNet121_opt_Adam_lr_0.0001 - INFO - Initialized training manager for model_DenseNet121_opt_Adam_lr_0.0001
2025-05-03 05:07:09,809 - training.model_DenseNet121_opt_Adam_lr_0.0001 - INFO - Initialized training manager for model_DenseNet121_opt_Adam_lr_0.0001
2025-05-03 05:07:09,809 - training.model_DenseNet121_opt_Adam_lr_0.0001 - INFO - Initialized training manager for model_DenseNet121_opt_Adam_lr_0.0001
2025-05-03 05:07:09,809 - training.model_DenseNet121_opt_Adam_lr_0.0001 - INFO - Initialized training manager for model_DenseNet121_opt_Adam_lr_0.0001
2025-05-03 05:07:09,809 - training.model_DenseNet121_opt_Adam_lr_0.0001 - INFO - Config: {
  "id": 499,
  "model_name": "DenseNet121",
  "optimizer": "Adam",
  "learning_rate": 0.0001,
  "scheduler": {
    "name": "CosineAnnealingLR",
    "T_max": 10
  },
  "loss_fn": {
    "name": "CrossEntropy"
  }
}
2025-05-03 05:07:09,809 - training.model_DenseNet121_opt_Adam_lr_0.0001 - INFO - Config: {
  "id": 499,
  "model_name": "DenseNet121",
  "optimizer": "Adam",
  "learning_rate": 0.0001,
  "scheduler": {
    "name": "CosineAnnealingLR",
    "T_max": 10
  },
  "loss_fn": {
    "name": "CrossEntropy"
  }
}
2025-05-03 05:07:09,809 - training.model_DenseNet121_opt_Adam_lr_0.0001 - INFO - Config: {
  "id": 499,
  "model_name": "DenseNet121",
  "optimizer": "Adam",
  "learning_rate": 0.0001,
  "scheduler": {
    "name": "CosineAnnealingLR",
    "T_max": 10
  },
  "loss_fn": {
    "name": "CrossEntropy"
  }
}
2025-05-03 05:07:09,809 - training.model_DenseNet121_opt_Adam_lr_0.0001 - INFO - Config: {
  "id": 499,
  "model_name": "DenseNet121",
  "optimizer": "Adam",
  "learning_rate": 0.0001,
  "scheduler": {
    "name": "CosineAnnealingLR",
    "T_max": 10
  },
  "loss_fn": {
    "name": "CrossEntropy"
  }
}
2025-05-03 05:07:09,809 - training.model_DenseNet121_opt_Adam_lr_0.0001 - INFO - Config: {
  "id": 499,
  "model_name": "DenseNet121",
  "optimizer": "Adam",
  "learning_rate": 0.0001,
  "scheduler": {
    "name": "CosineAnnealingLR",
    "T_max": 10
  },
  "loss_fn": {
    "name": "CrossEntropy"
  }
}
2025-05-03 05:07:09,809 - training.model_DenseNet121_opt_Adam_lr_0.0001 - INFO - Config: {
  "id": 499,
  "model_name": "DenseNet121",
  "optimizer": "Adam",
  "learning_rate": 0.0001,
  "scheduler": {
    "name": "CosineAnnealingLR",
    "T_max": 10
  },
  "loss_fn": {
    "name": "CrossEntropy"
  }
}
2025-05-03 05:07:09,809 - training.model_DenseNet121_opt_Adam_lr_0.0001 - INFO - Config: {
  "id": 499,
  "model_name": "DenseNet121",
  "optimizer": "Adam",
  "learning_rate": 0.0001,
  "scheduler": {
    "name": "CosineAnnealingLR",
    "T_max": 10
  },
  "loss_fn": {
    "name": "CrossEntropy"
  }
}
2025-05-03 05:07:09,809 - training.model_DenseNet121_opt_Adam_lr_0.0001 - INFO - Loading checkpoint from model_results_v2/model_DenseNet121_opt_Adam_lr_0.0001/checkpoint.pt
2025-05-03 05:07:09,809 - training.model_DenseNet121_opt_Adam_lr_0.0001 - INFO - Loading checkpoint from model_results_v2/model_DenseNet121_opt_Adam_lr_0.0001/checkpoint.pt
2025-05-03 05:07:09,809 - training.model_DenseNet121_opt_Adam_lr_0.0001 - INFO - Loading checkpoint from model_results_v2/model_DenseNet121_opt_Adam_lr_0.0001/checkpoint.pt
2025-05-03 05:07:09,809 - training.model_DenseNet121_opt_Adam_lr_0.0001 - INFO - Loading checkpoint from model_results_v2/model_DenseNet121_opt_Adam_lr_0.0001/checkpoint.pt
2025-05-03 05:07:09,809 - training.model_DenseNet121_opt_Adam_lr_0.0001 - INFO - Loading checkpoint from model_results_v2/model_DenseNet121_opt_Adam_lr_0.0001/checkpoint.pt
2025-05-03 05:07:09,809 - training.model_DenseNet121_opt_Adam_lr_0.0001 - INFO - Loading checkpoint from model_results_v2/model_DenseNet121_opt_Adam_lr_0.0001/checkpoint.pt
2025-05-03 05:07:09,809 - training.model_DenseNet121_opt_Adam_lr_0.0001 - INFO - Loading checkpoint from model_results_v2/model_DenseNet121_opt_Adam_lr_0.0001/checkpoint.pt
2025-05-03 05:07:09,981 - training.model_DenseNet121_opt_Adam_lr_0.0001 - INFO - Resuming from epoch 20, best validation accuracy: 0.9897
2025-05-03 05:07:09,981 - training.model_DenseNet121_opt_Adam_lr_0.0001 - INFO - Resuming from epoch 20, best validation accuracy: 0.9897
2025-05-03 05:07:09,981 - training.model_DenseNet121_opt_Adam_lr_0.0001 - INFO - Resuming from epoch 20, best validation accuracy: 0.9897
2025-05-03 05:07:09,981 - training.model_DenseNet121_opt_Adam_lr_0.0001 - INFO - Resuming from epoch 20, best validation accuracy: 0.9897
2025-05-03 05:07:09,981 - training.model_DenseNet121_opt_Adam_lr_0.0001 - INFO - Resuming from epoch 20, best validation accuracy: 0.9897
2025-05-03 05:07:09,981 - training.model_DenseNet121_opt_Adam_lr_0.0001 - INFO - Resuming from epoch 20, best validation accuracy: 0.9897
2025-05-03 05:07:09,981 - training.model_DenseNet121_opt_Adam_lr_0.0001 - INFO - Resuming from epoch 20, best validation accuracy: 0.9897
2025-05-03 05:07:09,983 - training.model_DenseNet121_opt_Adam_lr_0.0001 - INFO - Training completed after 1115.72 seconds
2025-05-03 05:07:09,983 - training.model_DenseNet121_opt_Adam_lr_0.0001 - INFO - Training completed after 1115.72 seconds
2025-05-03 05:07:09,983 - training.model_DenseNet121_opt_Adam_lr_0.0001 - INFO - Training completed after 1115.72 seconds
2025-05-03 05:07:09,983 - training.model_DenseNet121_opt_Adam_lr_0.0001 - INFO - Training completed after 1115.72 seconds
2025-05-03 05:07:09,983 - training.model_DenseNet121_opt_Adam_lr_0.0001 - INFO - Training completed after 1115.72 seconds
2025-05-03 05:07:09,983 - training.model_DenseNet121_opt_Adam_lr_0.0001 - INFO - Training completed after 1115.72 seconds
2025-05-03 05:07:09,983 - training.model_DenseNet121_opt_Adam_lr_0.0001 - INFO - Training completed after 1115.72 seconds
2025-05-03 05:07:21,620 - training.model_DenseNet121_opt_Adam_lr_0.0001 - INFO - Initialized training manager for model_DenseNet121_opt_Adam_lr_0.0001
2025-05-03 05:07:21,620 - training.model_DenseNet121_opt_Adam_lr_0.0001 - INFO - Initialized training manager for model_DenseNet121_opt_Adam_lr_0.0001
2025-05-03 05:07:21,620 - training.model_DenseNet121_opt_Adam_lr_0.0001 - INFO - Initialized training manager for model_DenseNet121_opt_Adam_lr_0.0001
2025-05-03 05:07:21,620 - training.model_DenseNet121_opt_Adam_lr_0.0001 - INFO - Initialized training manager for model_DenseNet121_opt_Adam_lr_0.0001
2025-05-03 05:07:21,620 - training.model_DenseNet121_opt_Adam_lr_0.0001 - INFO - Initialized training manager for model_DenseNet121_opt_Adam_lr_0.0001
2025-05-03 05:07:21,620 - training.model_DenseNet121_opt_Adam_lr_0.0001 - INFO - Initialized training manager for model_DenseNet121_opt_Adam_lr_0.0001
2025-05-03 05:07:21,620 - training.model_DenseNet121_opt_Adam_lr_0.0001 - INFO - Initialized training manager for model_DenseNet121_opt_Adam_lr_0.0001
2025-05-03 05:07:21,620 - training.model_DenseNet121_opt_Adam_lr_0.0001 - INFO - Initialized training manager for model_DenseNet121_opt_Adam_lr_0.0001
2025-05-03 05:07:21,620 - training.model_DenseNet121_opt_Adam_lr_0.0001 - INFO - Config: {
  "id": 500,
  "model_name": "DenseNet121",
  "optimizer": "Adam",
  "learning_rate": 0.0001,
  "scheduler": {
    "name": "CosineAnnealingLR",
    "T_max": 10
  },
  "loss_fn": {
    "name": "FocalLoss",
    "alpha": 0.25,
    "gamma": 2.0
  }
}
2025-05-03 05:07:21,620 - training.model_DenseNet121_opt_Adam_lr_0.0001 - INFO - Config: {
  "id": 500,
  "model_name": "DenseNet121",
  "optimizer": "Adam",
  "learning_rate": 0.0001,
  "scheduler": {
    "name": "CosineAnnealingLR",
    "T_max": 10
  },
  "loss_fn": {
    "name": "FocalLoss",
    "alpha": 0.25,
    "gamma": 2.0
  }
}
2025-05-03 05:07:21,620 - training.model_DenseNet121_opt_Adam_lr_0.0001 - INFO - Config: {
  "id": 500,
  "model_name": "DenseNet121",
  "optimizer": "Adam",
  "learning_rate": 0.0001,
  "scheduler": {
    "name": "CosineAnnealingLR",
    "T_max": 10
  },
  "loss_fn": {
    "name": "FocalLoss",
    "alpha": 0.25,
    "gamma": 2.0
  }
}
2025-05-03 05:07:21,620 - training.model_DenseNet121_opt_Adam_lr_0.0001 - INFO - Config: {
  "id": 500,
  "model_name": "DenseNet121",
  "optimizer": "Adam",
  "learning_rate": 0.0001,
  "scheduler": {
    "name": "CosineAnnealingLR",
    "T_max": 10
  },
  "loss_fn": {
    "name": "FocalLoss",
    "alpha": 0.25,
    "gamma": 2.0
  }
}
2025-05-03 05:07:21,620 - training.model_DenseNet121_opt_Adam_lr_0.0001 - INFO - Config: {
  "id": 500,
  "model_name": "DenseNet121",
  "optimizer": "Adam",
  "learning_rate": 0.0001,
  "scheduler": {
    "name": "CosineAnnealingLR",
    "T_max": 10
  },
  "loss_fn": {
    "name": "FocalLoss",
    "alpha": 0.25,
    "gamma": 2.0
  }
}
2025-05-03 05:07:21,620 - training.model_DenseNet121_opt_Adam_lr_0.0001 - INFO - Config: {
  "id": 500,
  "model_name": "DenseNet121",
  "optimizer": "Adam",
  "learning_rate": 0.0001,
  "scheduler": {
    "name": "CosineAnnealingLR",
    "T_max": 10
  },
  "loss_fn": {
    "name": "FocalLoss",
    "alpha": 0.25,
    "gamma": 2.0
  }
}
2025-05-03 05:07:21,620 - training.model_DenseNet121_opt_Adam_lr_0.0001 - INFO - Config: {
  "id": 500,
  "model_name": "DenseNet121",
  "optimizer": "Adam",
  "learning_rate": 0.0001,
  "scheduler": {
    "name": "CosineAnnealingLR",
    "T_max": 10
  },
  "loss_fn": {
    "name": "FocalLoss",
    "alpha": 0.25,
    "gamma": 2.0
  }
}
2025-05-03 05:07:21,620 - training.model_DenseNet121_opt_Adam_lr_0.0001 - INFO - Config: {
  "id": 500,
  "model_name": "DenseNet121",
  "optimizer": "Adam",
  "learning_rate": 0.0001,
  "scheduler": {
    "name": "CosineAnnealingLR",
    "T_max": 10
  },
  "loss_fn": {
    "name": "FocalLoss",
    "alpha": 0.25,
    "gamma": 2.0
  }
}
2025-05-03 05:07:21,620 - training.model_DenseNet121_opt_Adam_lr_0.0001 - INFO - Loading checkpoint from model_results_v2/model_DenseNet121_opt_Adam_lr_0.0001/checkpoint.pt
2025-05-03 05:07:21,620 - training.model_DenseNet121_opt_Adam_lr_0.0001 - INFO - Loading checkpoint from model_results_v2/model_DenseNet121_opt_Adam_lr_0.0001/checkpoint.pt
2025-05-03 05:07:21,620 - training.model_DenseNet121_opt_Adam_lr_0.0001 - INFO - Loading checkpoint from model_results_v2/model_DenseNet121_opt_Adam_lr_0.0001/checkpoint.pt
2025-05-03 05:07:21,620 - training.model_DenseNet121_opt_Adam_lr_0.0001 - INFO - Loading checkpoint from model_results_v2/model_DenseNet121_opt_Adam_lr_0.0001/checkpoint.pt
2025-05-03 05:07:21,620 - training.model_DenseNet121_opt_Adam_lr_0.0001 - INFO - Loading checkpoint from model_results_v2/model_DenseNet121_opt_Adam_lr_0.0001/checkpoint.pt
2025-05-03 05:07:21,620 - training.model_DenseNet121_opt_Adam_lr_0.0001 - INFO - Loading checkpoint from model_results_v2/model_DenseNet121_opt_Adam_lr_0.0001/checkpoint.pt
2025-05-03 05:07:21,620 - training.model_DenseNet121_opt_Adam_lr_0.0001 - INFO - Loading checkpoint from model_results_v2/model_DenseNet121_opt_Adam_lr_0.0001/checkpoint.pt
2025-05-03 05:07:21,620 - training.model_DenseNet121_opt_Adam_lr_0.0001 - INFO - Loading checkpoint from model_results_v2/model_DenseNet121_opt_Adam_lr_0.0001/checkpoint.pt
2025-05-03 05:07:21,793 - training.model_DenseNet121_opt_Adam_lr_0.0001 - INFO - Resuming from epoch 20, best validation accuracy: 0.9897
2025-05-03 05:07:21,793 - training.model_DenseNet121_opt_Adam_lr_0.0001 - INFO - Resuming from epoch 20, best validation accuracy: 0.9897
2025-05-03 05:07:21,793 - training.model_DenseNet121_opt_Adam_lr_0.0001 - INFO - Resuming from epoch 20, best validation accuracy: 0.9897
2025-05-03 05:07:21,793 - training.model_DenseNet121_opt_Adam_lr_0.0001 - INFO - Resuming from epoch 20, best validation accuracy: 0.9897
2025-05-03 05:07:21,793 - training.model_DenseNet121_opt_Adam_lr_0.0001 - INFO - Resuming from epoch 20, best validation accuracy: 0.9897
2025-05-03 05:07:21,793 - training.model_DenseNet121_opt_Adam_lr_0.0001 - INFO - Resuming from epoch 20, best validation accuracy: 0.9897
2025-05-03 05:07:21,793 - training.model_DenseNet121_opt_Adam_lr_0.0001 - INFO - Resuming from epoch 20, best validation accuracy: 0.9897
2025-05-03 05:07:21,793 - training.model_DenseNet121_opt_Adam_lr_0.0001 - INFO - Resuming from epoch 20, best validation accuracy: 0.9897
2025-05-03 05:07:21,794 - training.model_DenseNet121_opt_Adam_lr_0.0001 - INFO - Training completed after 1115.72 seconds
2025-05-03 05:07:21,794 - training.model_DenseNet121_opt_Adam_lr_0.0001 - INFO - Training completed after 1115.72 seconds
2025-05-03 05:07:21,794 - training.model_DenseNet121_opt_Adam_lr_0.0001 - INFO - Training completed after 1115.72 seconds
2025-05-03 05:07:21,794 - training.model_DenseNet121_opt_Adam_lr_0.0001 - INFO - Training completed after 1115.72 seconds
2025-05-03 05:07:21,794 - training.model_DenseNet121_opt_Adam_lr_0.0001 - INFO - Training completed after 1115.72 seconds
2025-05-03 05:07:21,794 - training.model_DenseNet121_opt_Adam_lr_0.0001 - INFO - Training completed after 1115.72 seconds
2025-05-03 05:07:21,794 - training.model_DenseNet121_opt_Adam_lr_0.0001 - INFO - Training completed after 1115.72 seconds
2025-05-03 05:07:21,794 - training.model_DenseNet121_opt_Adam_lr_0.0001 - INFO - Training completed after 1115.72 seconds
2025-05-03 05:07:33,496 - training.model_DenseNet121_opt_Adam_lr_0.0001 - INFO - Initialized training manager for model_DenseNet121_opt_Adam_lr_0.0001
2025-05-03 05:07:33,496 - training.model_DenseNet121_opt_Adam_lr_0.0001 - INFO - Initialized training manager for model_DenseNet121_opt_Adam_lr_0.0001
2025-05-03 05:07:33,496 - training.model_DenseNet121_opt_Adam_lr_0.0001 - INFO - Initialized training manager for model_DenseNet121_opt_Adam_lr_0.0001
2025-05-03 05:07:33,496 - training.model_DenseNet121_opt_Adam_lr_0.0001 - INFO - Initialized training manager for model_DenseNet121_opt_Adam_lr_0.0001
2025-05-03 05:07:33,496 - training.model_DenseNet121_opt_Adam_lr_0.0001 - INFO - Initialized training manager for model_DenseNet121_opt_Adam_lr_0.0001
2025-05-03 05:07:33,496 - training.model_DenseNet121_opt_Adam_lr_0.0001 - INFO - Initialized training manager for model_DenseNet121_opt_Adam_lr_0.0001
2025-05-03 05:07:33,496 - training.model_DenseNet121_opt_Adam_lr_0.0001 - INFO - Initialized training manager for model_DenseNet121_opt_Adam_lr_0.0001
2025-05-03 05:07:33,496 - training.model_DenseNet121_opt_Adam_lr_0.0001 - INFO - Initialized training manager for model_DenseNet121_opt_Adam_lr_0.0001
2025-05-03 05:07:33,496 - training.model_DenseNet121_opt_Adam_lr_0.0001 - INFO - Initialized training manager for model_DenseNet121_opt_Adam_lr_0.0001
2025-05-03 05:07:33,496 - training.model_DenseNet121_opt_Adam_lr_0.0001 - INFO - Config: {
  "id": 501,
  "model_name": "DenseNet121",
  "optimizer": "Adam",
  "learning_rate": 0.0001,
  "scheduler": {
    "name": "CosineAnnealingLR",
    "T_max": 10
  },
  "loss_fn": {
    "name": "LabelSmoothing",
    "smoothing": 0.1
  }
}
2025-05-03 05:07:33,496 - training.model_DenseNet121_opt_Adam_lr_0.0001 - INFO - Config: {
  "id": 501,
  "model_name": "DenseNet121",
  "optimizer": "Adam",
  "learning_rate": 0.0001,
  "scheduler": {
    "name": "CosineAnnealingLR",
    "T_max": 10
  },
  "loss_fn": {
    "name": "LabelSmoothing",
    "smoothing": 0.1
  }
}
2025-05-03 05:07:33,496 - training.model_DenseNet121_opt_Adam_lr_0.0001 - INFO - Config: {
  "id": 501,
  "model_name": "DenseNet121",
  "optimizer": "Adam",
  "learning_rate": 0.0001,
  "scheduler": {
    "name": "CosineAnnealingLR",
    "T_max": 10
  },
  "loss_fn": {
    "name": "LabelSmoothing",
    "smoothing": 0.1
  }
}
2025-05-03 05:07:33,496 - training.model_DenseNet121_opt_Adam_lr_0.0001 - INFO - Config: {
  "id": 501,
  "model_name": "DenseNet121",
  "optimizer": "Adam",
  "learning_rate": 0.0001,
  "scheduler": {
    "name": "CosineAnnealingLR",
    "T_max": 10
  },
  "loss_fn": {
    "name": "LabelSmoothing",
    "smoothing": 0.1
  }
}
2025-05-03 05:07:33,496 - training.model_DenseNet121_opt_Adam_lr_0.0001 - INFO - Config: {
  "id": 501,
  "model_name": "DenseNet121",
  "optimizer": "Adam",
  "learning_rate": 0.0001,
  "scheduler": {
    "name": "CosineAnnealingLR",
    "T_max": 10
  },
  "loss_fn": {
    "name": "LabelSmoothing",
    "smoothing": 0.1
  }
}
2025-05-03 05:07:33,496 - training.model_DenseNet121_opt_Adam_lr_0.0001 - INFO - Config: {
  "id": 501,
  "model_name": "DenseNet121",
  "optimizer": "Adam",
  "learning_rate": 0.0001,
  "scheduler": {
    "name": "CosineAnnealingLR",
    "T_max": 10
  },
  "loss_fn": {
    "name": "LabelSmoothing",
    "smoothing": 0.1
  }
}
2025-05-03 05:07:33,496 - training.model_DenseNet121_opt_Adam_lr_0.0001 - INFO - Config: {
  "id": 501,
  "model_name": "DenseNet121",
  "optimizer": "Adam",
  "learning_rate": 0.0001,
  "scheduler": {
    "name": "CosineAnnealingLR",
    "T_max": 10
  },
  "loss_fn": {
    "name": "LabelSmoothing",
    "smoothing": 0.1
  }
}
2025-05-03 05:07:33,496 - training.model_DenseNet121_opt_Adam_lr_0.0001 - INFO - Config: {
  "id": 501,
  "model_name": "DenseNet121",
  "optimizer": "Adam",
  "learning_rate": 0.0001,
  "scheduler": {
    "name": "CosineAnnealingLR",
    "T_max": 10
  },
  "loss_fn": {
    "name": "LabelSmoothing",
    "smoothing": 0.1
  }
}
2025-05-03 05:07:33,496 - training.model_DenseNet121_opt_Adam_lr_0.0001 - INFO - Config: {
  "id": 501,
  "model_name": "DenseNet121",
  "optimizer": "Adam",
  "learning_rate": 0.0001,
  "scheduler": {
    "name": "CosineAnnealingLR",
    "T_max": 10
  },
  "loss_fn": {
    "name": "LabelSmoothing",
    "smoothing": 0.1
  }
}
2025-05-03 05:07:33,497 - training.model_DenseNet121_opt_Adam_lr_0.0001 - INFO - Loading checkpoint from model_results_v2/model_DenseNet121_opt_Adam_lr_0.0001/checkpoint.pt
2025-05-03 05:07:33,497 - training.model_DenseNet121_opt_Adam_lr_0.0001 - INFO - Loading checkpoint from model_results_v2/model_DenseNet121_opt_Adam_lr_0.0001/checkpoint.pt
2025-05-03 05:07:33,497 - training.model_DenseNet121_opt_Adam_lr_0.0001 - INFO - Loading checkpoint from model_results_v2/model_DenseNet121_opt_Adam_lr_0.0001/checkpoint.pt
2025-05-03 05:07:33,497 - training.model_DenseNet121_opt_Adam_lr_0.0001 - INFO - Loading checkpoint from model_results_v2/model_DenseNet121_opt_Adam_lr_0.0001/checkpoint.pt
2025-05-03 05:07:33,497 - training.model_DenseNet121_opt_Adam_lr_0.0001 - INFO - Loading checkpoint from model_results_v2/model_DenseNet121_opt_Adam_lr_0.0001/checkpoint.pt
2025-05-03 05:07:33,497 - training.model_DenseNet121_opt_Adam_lr_0.0001 - INFO - Loading checkpoint from model_results_v2/model_DenseNet121_opt_Adam_lr_0.0001/checkpoint.pt
2025-05-03 05:07:33,497 - training.model_DenseNet121_opt_Adam_lr_0.0001 - INFO - Loading checkpoint from model_results_v2/model_DenseNet121_opt_Adam_lr_0.0001/checkpoint.pt
2025-05-03 05:07:33,497 - training.model_DenseNet121_opt_Adam_lr_0.0001 - INFO - Loading checkpoint from model_results_v2/model_DenseNet121_opt_Adam_lr_0.0001/checkpoint.pt
2025-05-03 05:07:33,497 - training.model_DenseNet121_opt_Adam_lr_0.0001 - INFO - Loading checkpoint from model_results_v2/model_DenseNet121_opt_Adam_lr_0.0001/checkpoint.pt
2025-05-03 05:07:33,942 - training.model_DenseNet121_opt_Adam_lr_0.0001 - INFO - Resuming from epoch 20, best validation accuracy: 0.9897
2025-05-03 05:07:33,942 - training.model_DenseNet121_opt_Adam_lr_0.0001 - INFO - Resuming from epoch 20, best validation accuracy: 0.9897
2025-05-03 05:07:33,942 - training.model_DenseNet121_opt_Adam_lr_0.0001 - INFO - Resuming from epoch 20, best validation accuracy: 0.9897
2025-05-03 05:07:33,942 - training.model_DenseNet121_opt_Adam_lr_0.0001 - INFO - Resuming from epoch 20, best validation accuracy: 0.9897
2025-05-03 05:07:33,942 - training.model_DenseNet121_opt_Adam_lr_0.0001 - INFO - Resuming from epoch 20, best validation accuracy: 0.9897
2025-05-03 05:07:33,942 - training.model_DenseNet121_opt_Adam_lr_0.0001 - INFO - Resuming from epoch 20, best validation accuracy: 0.9897
2025-05-03 05:07:33,942 - training.model_DenseNet121_opt_Adam_lr_0.0001 - INFO - Resuming from epoch 20, best validation accuracy: 0.9897
2025-05-03 05:07:33,942 - training.model_DenseNet121_opt_Adam_lr_0.0001 - INFO - Resuming from epoch 20, best validation accuracy: 0.9897
2025-05-03 05:07:33,942 - training.model_DenseNet121_opt_Adam_lr_0.0001 - INFO - Resuming from epoch 20, best validation accuracy: 0.9897
2025-05-03 05:07:33,944 - training.model_DenseNet121_opt_Adam_lr_0.0001 - INFO - Training completed after 1115.72 seconds
2025-05-03 05:07:33,944 - training.model_DenseNet121_opt_Adam_lr_0.0001 - INFO - Training completed after 1115.72 seconds
2025-05-03 05:07:33,944 - training.model_DenseNet121_opt_Adam_lr_0.0001 - INFO - Training completed after 1115.72 seconds
2025-05-03 05:07:33,944 - training.model_DenseNet121_opt_Adam_lr_0.0001 - INFO - Training completed after 1115.72 seconds
2025-05-03 05:07:33,944 - training.model_DenseNet121_opt_Adam_lr_0.0001 - INFO - Training completed after 1115.72 seconds
2025-05-03 05:07:33,944 - training.model_DenseNet121_opt_Adam_lr_0.0001 - INFO - Training completed after 1115.72 seconds
2025-05-03 05:07:33,944 - training.model_DenseNet121_opt_Adam_lr_0.0001 - INFO - Training completed after 1115.72 seconds
2025-05-03 05:07:33,944 - training.model_DenseNet121_opt_Adam_lr_0.0001 - INFO - Training completed after 1115.72 seconds
2025-05-03 05:07:33,944 - training.model_DenseNet121_opt_Adam_lr_0.0001 - INFO - Training completed after 1115.72 seconds
2025-05-03 05:07:45,847 - training.model_DenseNet121_opt_Adam_lr_0.0001 - INFO - Initialized training manager for model_DenseNet121_opt_Adam_lr_0.0001
2025-05-03 05:07:45,847 - training.model_DenseNet121_opt_Adam_lr_0.0001 - INFO - Initialized training manager for model_DenseNet121_opt_Adam_lr_0.0001
2025-05-03 05:07:45,847 - training.model_DenseNet121_opt_Adam_lr_0.0001 - INFO - Initialized training manager for model_DenseNet121_opt_Adam_lr_0.0001
2025-05-03 05:07:45,847 - training.model_DenseNet121_opt_Adam_lr_0.0001 - INFO - Initialized training manager for model_DenseNet121_opt_Adam_lr_0.0001
2025-05-03 05:07:45,847 - training.model_DenseNet121_opt_Adam_lr_0.0001 - INFO - Initialized training manager for model_DenseNet121_opt_Adam_lr_0.0001
2025-05-03 05:07:45,847 - training.model_DenseNet121_opt_Adam_lr_0.0001 - INFO - Initialized training manager for model_DenseNet121_opt_Adam_lr_0.0001
2025-05-03 05:07:45,847 - training.model_DenseNet121_opt_Adam_lr_0.0001 - INFO - Initialized training manager for model_DenseNet121_opt_Adam_lr_0.0001
2025-05-03 05:07:45,847 - training.model_DenseNet121_opt_Adam_lr_0.0001 - INFO - Initialized training manager for model_DenseNet121_opt_Adam_lr_0.0001
2025-05-03 05:07:45,847 - training.model_DenseNet121_opt_Adam_lr_0.0001 - INFO - Initialized training manager for model_DenseNet121_opt_Adam_lr_0.0001
2025-05-03 05:07:45,847 - training.model_DenseNet121_opt_Adam_lr_0.0001 - INFO - Initialized training manager for model_DenseNet121_opt_Adam_lr_0.0001
2025-05-03 05:07:45,847 - training.model_DenseNet121_opt_Adam_lr_0.0001 - INFO - Config: {
  "id": 502,
  "model_name": "DenseNet121",
  "optimizer": "Adam",
  "learning_rate": 0.0001,
  "scheduler": {
    "name": "CosineAnnealingWarmRestarts",
    "T_0": 10
  },
  "loss_fn": {
    "name": "CrossEntropy"
  }
}
2025-05-03 05:07:45,847 - training.model_DenseNet121_opt_Adam_lr_0.0001 - INFO - Config: {
  "id": 502,
  "model_name": "DenseNet121",
  "optimizer": "Adam",
  "learning_rate": 0.0001,
  "scheduler": {
    "name": "CosineAnnealingWarmRestarts",
    "T_0": 10
  },
  "loss_fn": {
    "name": "CrossEntropy"
  }
}
2025-05-03 05:07:45,847 - training.model_DenseNet121_opt_Adam_lr_0.0001 - INFO - Config: {
  "id": 502,
  "model_name": "DenseNet121",
  "optimizer": "Adam",
  "learning_rate": 0.0001,
  "scheduler": {
    "name": "CosineAnnealingWarmRestarts",
    "T_0": 10
  },
  "loss_fn": {
    "name": "CrossEntropy"
  }
}
2025-05-03 05:07:45,847 - training.model_DenseNet121_opt_Adam_lr_0.0001 - INFO - Config: {
  "id": 502,
  "model_name": "DenseNet121",
  "optimizer": "Adam",
  "learning_rate": 0.0001,
  "scheduler": {
    "name": "CosineAnnealingWarmRestarts",
    "T_0": 10
  },
  "loss_fn": {
    "name": "CrossEntropy"
  }
}
2025-05-03 05:07:45,847 - training.model_DenseNet121_opt_Adam_lr_0.0001 - INFO - Config: {
  "id": 502,
  "model_name": "DenseNet121",
  "optimizer": "Adam",
  "learning_rate": 0.0001,
  "scheduler": {
    "name": "CosineAnnealingWarmRestarts",
    "T_0": 10
  },
  "loss_fn": {
    "name": "CrossEntropy"
  }
}
2025-05-03 05:07:45,847 - training.model_DenseNet121_opt_Adam_lr_0.0001 - INFO - Config: {
  "id": 502,
  "model_name": "DenseNet121",
  "optimizer": "Adam",
  "learning_rate": 0.0001,
  "scheduler": {
    "name": "CosineAnnealingWarmRestarts",
    "T_0": 10
  },
  "loss_fn": {
    "name": "CrossEntropy"
  }
}
2025-05-03 05:07:45,847 - training.model_DenseNet121_opt_Adam_lr_0.0001 - INFO - Config: {
  "id": 502,
  "model_name": "DenseNet121",
  "optimizer": "Adam",
  "learning_rate": 0.0001,
  "scheduler": {
    "name": "CosineAnnealingWarmRestarts",
    "T_0": 10
  },
  "loss_fn": {
    "name": "CrossEntropy"
  }
}
2025-05-03 05:07:45,847 - training.model_DenseNet121_opt_Adam_lr_0.0001 - INFO - Config: {
  "id": 502,
  "model_name": "DenseNet121",
  "optimizer": "Adam",
  "learning_rate": 0.0001,
  "scheduler": {
    "name": "CosineAnnealingWarmRestarts",
    "T_0": 10
  },
  "loss_fn": {
    "name": "CrossEntropy"
  }
}
2025-05-03 05:07:45,847 - training.model_DenseNet121_opt_Adam_lr_0.0001 - INFO - Config: {
  "id": 502,
  "model_name": "DenseNet121",
  "optimizer": "Adam",
  "learning_rate": 0.0001,
  "scheduler": {
    "name": "CosineAnnealingWarmRestarts",
    "T_0": 10
  },
  "loss_fn": {
    "name": "CrossEntropy"
  }
}
2025-05-03 05:07:45,847 - training.model_DenseNet121_opt_Adam_lr_0.0001 - INFO - Config: {
  "id": 502,
  "model_name": "DenseNet121",
  "optimizer": "Adam",
  "learning_rate": 0.0001,
  "scheduler": {
    "name": "CosineAnnealingWarmRestarts",
    "T_0": 10
  },
  "loss_fn": {
    "name": "CrossEntropy"
  }
}
2025-05-03 05:07:45,847 - training.model_DenseNet121_opt_Adam_lr_0.0001 - INFO - Loading checkpoint from model_results_v2/model_DenseNet121_opt_Adam_lr_0.0001/checkpoint.pt
2025-05-03 05:07:45,847 - training.model_DenseNet121_opt_Adam_lr_0.0001 - INFO - Loading checkpoint from model_results_v2/model_DenseNet121_opt_Adam_lr_0.0001/checkpoint.pt
2025-05-03 05:07:45,847 - training.model_DenseNet121_opt_Adam_lr_0.0001 - INFO - Loading checkpoint from model_results_v2/model_DenseNet121_opt_Adam_lr_0.0001/checkpoint.pt
2025-05-03 05:07:45,847 - training.model_DenseNet121_opt_Adam_lr_0.0001 - INFO - Loading checkpoint from model_results_v2/model_DenseNet121_opt_Adam_lr_0.0001/checkpoint.pt
2025-05-03 05:07:45,847 - training.model_DenseNet121_opt_Adam_lr_0.0001 - INFO - Loading checkpoint from model_results_v2/model_DenseNet121_opt_Adam_lr_0.0001/checkpoint.pt
2025-05-03 05:07:45,847 - training.model_DenseNet121_opt_Adam_lr_0.0001 - INFO - Loading checkpoint from model_results_v2/model_DenseNet121_opt_Adam_lr_0.0001/checkpoint.pt
2025-05-03 05:07:45,847 - training.model_DenseNet121_opt_Adam_lr_0.0001 - INFO - Loading checkpoint from model_results_v2/model_DenseNet121_opt_Adam_lr_0.0001/checkpoint.pt
2025-05-03 05:07:45,847 - training.model_DenseNet121_opt_Adam_lr_0.0001 - INFO - Loading checkpoint from model_results_v2/model_DenseNet121_opt_Adam_lr_0.0001/checkpoint.pt
2025-05-03 05:07:45,847 - training.model_DenseNet121_opt_Adam_lr_0.0001 - INFO - Loading checkpoint from model_results_v2/model_DenseNet121_opt_Adam_lr_0.0001/checkpoint.pt
2025-05-03 05:07:45,847 - training.model_DenseNet121_opt_Adam_lr_0.0001 - INFO - Loading checkpoint from model_results_v2/model_DenseNet121_opt_Adam_lr_0.0001/checkpoint.pt
2025-05-03 05:07:46,019 - training.model_DenseNet121_opt_Adam_lr_0.0001 - INFO - Resuming from epoch 20, best validation accuracy: 0.9897
2025-05-03 05:07:46,019 - training.model_DenseNet121_opt_Adam_lr_0.0001 - INFO - Resuming from epoch 20, best validation accuracy: 0.9897
2025-05-03 05:07:46,019 - training.model_DenseNet121_opt_Adam_lr_0.0001 - INFO - Resuming from epoch 20, best validation accuracy: 0.9897
2025-05-03 05:07:46,019 - training.model_DenseNet121_opt_Adam_lr_0.0001 - INFO - Resuming from epoch 20, best validation accuracy: 0.9897
2025-05-03 05:07:46,019 - training.model_DenseNet121_opt_Adam_lr_0.0001 - INFO - Resuming from epoch 20, best validation accuracy: 0.9897
2025-05-03 05:07:46,019 - training.model_DenseNet121_opt_Adam_lr_0.0001 - INFO - Resuming from epoch 20, best validation accuracy: 0.9897
2025-05-03 05:07:46,019 - training.model_DenseNet121_opt_Adam_lr_0.0001 - INFO - Resuming from epoch 20, best validation accuracy: 0.9897
2025-05-03 05:07:46,019 - training.model_DenseNet121_opt_Adam_lr_0.0001 - INFO - Resuming from epoch 20, best validation accuracy: 0.9897
2025-05-03 05:07:46,019 - training.model_DenseNet121_opt_Adam_lr_0.0001 - INFO - Resuming from epoch 20, best validation accuracy: 0.9897
2025-05-03 05:07:46,019 - training.model_DenseNet121_opt_Adam_lr_0.0001 - INFO - Resuming from epoch 20, best validation accuracy: 0.9897
2025-05-03 05:07:46,021 - training.model_DenseNet121_opt_Adam_lr_0.0001 - INFO - Training completed after 1115.72 seconds
2025-05-03 05:07:46,021 - training.model_DenseNet121_opt_Adam_lr_0.0001 - INFO - Training completed after 1115.72 seconds
2025-05-03 05:07:46,021 - training.model_DenseNet121_opt_Adam_lr_0.0001 - INFO - Training completed after 1115.72 seconds
2025-05-03 05:07:46,021 - training.model_DenseNet121_opt_Adam_lr_0.0001 - INFO - Training completed after 1115.72 seconds
2025-05-03 05:07:46,021 - training.model_DenseNet121_opt_Adam_lr_0.0001 - INFO - Training completed after 1115.72 seconds
2025-05-03 05:07:46,021 - training.model_DenseNet121_opt_Adam_lr_0.0001 - INFO - Training completed after 1115.72 seconds
2025-05-03 05:07:46,021 - training.model_DenseNet121_opt_Adam_lr_0.0001 - INFO - Training completed after 1115.72 seconds
2025-05-03 05:07:46,021 - training.model_DenseNet121_opt_Adam_lr_0.0001 - INFO - Training completed after 1115.72 seconds
2025-05-03 05:07:46,021 - training.model_DenseNet121_opt_Adam_lr_0.0001 - INFO - Training completed after 1115.72 seconds
2025-05-03 05:07:46,021 - training.model_DenseNet121_opt_Adam_lr_0.0001 - INFO - Training completed after 1115.72 seconds
2025-05-03 05:07:58,013 - training.model_DenseNet121_opt_Adam_lr_0.0001 - INFO - Initialized training manager for model_DenseNet121_opt_Adam_lr_0.0001
2025-05-03 05:07:58,013 - training.model_DenseNet121_opt_Adam_lr_0.0001 - INFO - Initialized training manager for model_DenseNet121_opt_Adam_lr_0.0001
2025-05-03 05:07:58,013 - training.model_DenseNet121_opt_Adam_lr_0.0001 - INFO - Initialized training manager for model_DenseNet121_opt_Adam_lr_0.0001
2025-05-03 05:07:58,013 - training.model_DenseNet121_opt_Adam_lr_0.0001 - INFO - Initialized training manager for model_DenseNet121_opt_Adam_lr_0.0001
2025-05-03 05:07:58,013 - training.model_DenseNet121_opt_Adam_lr_0.0001 - INFO - Initialized training manager for model_DenseNet121_opt_Adam_lr_0.0001
2025-05-03 05:07:58,013 - training.model_DenseNet121_opt_Adam_lr_0.0001 - INFO - Initialized training manager for model_DenseNet121_opt_Adam_lr_0.0001
2025-05-03 05:07:58,013 - training.model_DenseNet121_opt_Adam_lr_0.0001 - INFO - Initialized training manager for model_DenseNet121_opt_Adam_lr_0.0001
2025-05-03 05:07:58,013 - training.model_DenseNet121_opt_Adam_lr_0.0001 - INFO - Initialized training manager for model_DenseNet121_opt_Adam_lr_0.0001
2025-05-03 05:07:58,013 - training.model_DenseNet121_opt_Adam_lr_0.0001 - INFO - Initialized training manager for model_DenseNet121_opt_Adam_lr_0.0001
2025-05-03 05:07:58,013 - training.model_DenseNet121_opt_Adam_lr_0.0001 - INFO - Initialized training manager for model_DenseNet121_opt_Adam_lr_0.0001
2025-05-03 05:07:58,013 - training.model_DenseNet121_opt_Adam_lr_0.0001 - INFO - Initialized training manager for model_DenseNet121_opt_Adam_lr_0.0001
2025-05-03 05:07:58,013 - training.model_DenseNet121_opt_Adam_lr_0.0001 - INFO - Config: {
  "id": 503,
  "model_name": "DenseNet121",
  "optimizer": "Adam",
  "learning_rate": 0.0001,
  "scheduler": {
    "name": "CosineAnnealingWarmRestarts",
    "T_0": 10
  },
  "loss_fn": {
    "name": "FocalLoss",
    "alpha": 0.25,
    "gamma": 2.0
  }
}
2025-05-03 05:07:58,013 - training.model_DenseNet121_opt_Adam_lr_0.0001 - INFO - Config: {
  "id": 503,
  "model_name": "DenseNet121",
  "optimizer": "Adam",
  "learning_rate": 0.0001,
  "scheduler": {
    "name": "CosineAnnealingWarmRestarts",
    "T_0": 10
  },
  "loss_fn": {
    "name": "FocalLoss",
    "alpha": 0.25,
    "gamma": 2.0
  }
}
2025-05-03 05:07:58,013 - training.model_DenseNet121_opt_Adam_lr_0.0001 - INFO - Config: {
  "id": 503,
  "model_name": "DenseNet121",
  "optimizer": "Adam",
  "learning_rate": 0.0001,
  "scheduler": {
    "name": "CosineAnnealingWarmRestarts",
    "T_0": 10
  },
  "loss_fn": {
    "name": "FocalLoss",
    "alpha": 0.25,
    "gamma": 2.0
  }
}
2025-05-03 05:07:58,013 - training.model_DenseNet121_opt_Adam_lr_0.0001 - INFO - Config: {
  "id": 503,
  "model_name": "DenseNet121",
  "optimizer": "Adam",
  "learning_rate": 0.0001,
  "scheduler": {
    "name": "CosineAnnealingWarmRestarts",
    "T_0": 10
  },
  "loss_fn": {
    "name": "FocalLoss",
    "alpha": 0.25,
    "gamma": 2.0
  }
}
2025-05-03 05:07:58,013 - training.model_DenseNet121_opt_Adam_lr_0.0001 - INFO - Config: {
  "id": 503,
  "model_name": "DenseNet121",
  "optimizer": "Adam",
  "learning_rate": 0.0001,
  "scheduler": {
    "name": "CosineAnnealingWarmRestarts",
    "T_0": 10
  },
  "loss_fn": {
    "name": "FocalLoss",
    "alpha": 0.25,
    "gamma": 2.0
  }
}
2025-05-03 05:07:58,013 - training.model_DenseNet121_opt_Adam_lr_0.0001 - INFO - Config: {
  "id": 503,
  "model_name": "DenseNet121",
  "optimizer": "Adam",
  "learning_rate": 0.0001,
  "scheduler": {
    "name": "CosineAnnealingWarmRestarts",
    "T_0": 10
  },
  "loss_fn": {
    "name": "FocalLoss",
    "alpha": 0.25,
    "gamma": 2.0
  }
}
2025-05-03 05:07:58,013 - training.model_DenseNet121_opt_Adam_lr_0.0001 - INFO - Config: {
  "id": 503,
  "model_name": "DenseNet121",
  "optimizer": "Adam",
  "learning_rate": 0.0001,
  "scheduler": {
    "name": "CosineAnnealingWarmRestarts",
    "T_0": 10
  },
  "loss_fn": {
    "name": "FocalLoss",
    "alpha": 0.25,
    "gamma": 2.0
  }
}
2025-05-03 05:07:58,013 - training.model_DenseNet121_opt_Adam_lr_0.0001 - INFO - Config: {
  "id": 503,
  "model_name": "DenseNet121",
  "optimizer": "Adam",
  "learning_rate": 0.0001,
  "scheduler": {
    "name": "CosineAnnealingWarmRestarts",
    "T_0": 10
  },
  "loss_fn": {
    "name": "FocalLoss",
    "alpha": 0.25,
    "gamma": 2.0
  }
}
2025-05-03 05:07:58,013 - training.model_DenseNet121_opt_Adam_lr_0.0001 - INFO - Config: {
  "id": 503,
  "model_name": "DenseNet121",
  "optimizer": "Adam",
  "learning_rate": 0.0001,
  "scheduler": {
    "name": "CosineAnnealingWarmRestarts",
    "T_0": 10
  },
  "loss_fn": {
    "name": "FocalLoss",
    "alpha": 0.25,
    "gamma": 2.0
  }
}
2025-05-03 05:07:58,013 - training.model_DenseNet121_opt_Adam_lr_0.0001 - INFO - Config: {
  "id": 503,
  "model_name": "DenseNet121",
  "optimizer": "Adam",
  "learning_rate": 0.0001,
  "scheduler": {
    "name": "CosineAnnealingWarmRestarts",
    "T_0": 10
  },
  "loss_fn": {
    "name": "FocalLoss",
    "alpha": 0.25,
    "gamma": 2.0
  }
}
2025-05-03 05:07:58,013 - training.model_DenseNet121_opt_Adam_lr_0.0001 - INFO - Config: {
  "id": 503,
  "model_name": "DenseNet121",
  "optimizer": "Adam",
  "learning_rate": 0.0001,
  "scheduler": {
    "name": "CosineAnnealingWarmRestarts",
    "T_0": 10
  },
  "loss_fn": {
    "name": "FocalLoss",
    "alpha": 0.25,
    "gamma": 2.0
  }
}
2025-05-03 05:07:58,013 - training.model_DenseNet121_opt_Adam_lr_0.0001 - INFO - Loading checkpoint from model_results_v2/model_DenseNet121_opt_Adam_lr_0.0001/checkpoint.pt
2025-05-03 05:07:58,013 - training.model_DenseNet121_opt_Adam_lr_0.0001 - INFO - Loading checkpoint from model_results_v2/model_DenseNet121_opt_Adam_lr_0.0001/checkpoint.pt
2025-05-03 05:07:58,013 - training.model_DenseNet121_opt_Adam_lr_0.0001 - INFO - Loading checkpoint from model_results_v2/model_DenseNet121_opt_Adam_lr_0.0001/checkpoint.pt
2025-05-03 05:07:58,013 - training.model_DenseNet121_opt_Adam_lr_0.0001 - INFO - Loading checkpoint from model_results_v2/model_DenseNet121_opt_Adam_lr_0.0001/checkpoint.pt
2025-05-03 05:07:58,013 - training.model_DenseNet121_opt_Adam_lr_0.0001 - INFO - Loading checkpoint from model_results_v2/model_DenseNet121_opt_Adam_lr_0.0001/checkpoint.pt
2025-05-03 05:07:58,013 - training.model_DenseNet121_opt_Adam_lr_0.0001 - INFO - Loading checkpoint from model_results_v2/model_DenseNet121_opt_Adam_lr_0.0001/checkpoint.pt
2025-05-03 05:07:58,013 - training.model_DenseNet121_opt_Adam_lr_0.0001 - INFO - Loading checkpoint from model_results_v2/model_DenseNet121_opt_Adam_lr_0.0001/checkpoint.pt
2025-05-03 05:07:58,013 - training.model_DenseNet121_opt_Adam_lr_0.0001 - INFO - Loading checkpoint from model_results_v2/model_DenseNet121_opt_Adam_lr_0.0001/checkpoint.pt
2025-05-03 05:07:58,013 - training.model_DenseNet121_opt_Adam_lr_0.0001 - INFO - Loading checkpoint from model_results_v2/model_DenseNet121_opt_Adam_lr_0.0001/checkpoint.pt
2025-05-03 05:07:58,013 - training.model_DenseNet121_opt_Adam_lr_0.0001 - INFO - Loading checkpoint from model_results_v2/model_DenseNet121_opt_Adam_lr_0.0001/checkpoint.pt
2025-05-03 05:07:58,013 - training.model_DenseNet121_opt_Adam_lr_0.0001 - INFO - Loading checkpoint from model_results_v2/model_DenseNet121_opt_Adam_lr_0.0001/checkpoint.pt
2025-05-03 05:07:58,185 - training.model_DenseNet121_opt_Adam_lr_0.0001 - INFO - Resuming from epoch 20, best validation accuracy: 0.9897
2025-05-03 05:07:58,185 - training.model_DenseNet121_opt_Adam_lr_0.0001 - INFO - Resuming from epoch 20, best validation accuracy: 0.9897
2025-05-03 05:07:58,185 - training.model_DenseNet121_opt_Adam_lr_0.0001 - INFO - Resuming from epoch 20, best validation accuracy: 0.9897
2025-05-03 05:07:58,185 - training.model_DenseNet121_opt_Adam_lr_0.0001 - INFO - Resuming from epoch 20, best validation accuracy: 0.9897
2025-05-03 05:07:58,185 - training.model_DenseNet121_opt_Adam_lr_0.0001 - INFO - Resuming from epoch 20, best validation accuracy: 0.9897
2025-05-03 05:07:58,185 - training.model_DenseNet121_opt_Adam_lr_0.0001 - INFO - Resuming from epoch 20, best validation accuracy: 0.9897
2025-05-03 05:07:58,185 - training.model_DenseNet121_opt_Adam_lr_0.0001 - INFO - Resuming from epoch 20, best validation accuracy: 0.9897
2025-05-03 05:07:58,185 - training.model_DenseNet121_opt_Adam_lr_0.0001 - INFO - Resuming from epoch 20, best validation accuracy: 0.9897
2025-05-03 05:07:58,185 - training.model_DenseNet121_opt_Adam_lr_0.0001 - INFO - Resuming from epoch 20, best validation accuracy: 0.9897
2025-05-03 05:07:58,185 - training.model_DenseNet121_opt_Adam_lr_0.0001 - INFO - Resuming from epoch 20, best validation accuracy: 0.9897
2025-05-03 05:07:58,185 - training.model_DenseNet121_opt_Adam_lr_0.0001 - INFO - Resuming from epoch 20, best validation accuracy: 0.9897
2025-05-03 05:07:58,187 - training.model_DenseNet121_opt_Adam_lr_0.0001 - INFO - Training completed after 1115.72 seconds
2025-05-03 05:07:58,187 - training.model_DenseNet121_opt_Adam_lr_0.0001 - INFO - Training completed after 1115.72 seconds
2025-05-03 05:07:58,187 - training.model_DenseNet121_opt_Adam_lr_0.0001 - INFO - Training completed after 1115.72 seconds
2025-05-03 05:07:58,187 - training.model_DenseNet121_opt_Adam_lr_0.0001 - INFO - Training completed after 1115.72 seconds
2025-05-03 05:07:58,187 - training.model_DenseNet121_opt_Adam_lr_0.0001 - INFO - Training completed after 1115.72 seconds
2025-05-03 05:07:58,187 - training.model_DenseNet121_opt_Adam_lr_0.0001 - INFO - Training completed after 1115.72 seconds
2025-05-03 05:07:58,187 - training.model_DenseNet121_opt_Adam_lr_0.0001 - INFO - Training completed after 1115.72 seconds
2025-05-03 05:07:58,187 - training.model_DenseNet121_opt_Adam_lr_0.0001 - INFO - Training completed after 1115.72 seconds
2025-05-03 05:07:58,187 - training.model_DenseNet121_opt_Adam_lr_0.0001 - INFO - Training completed after 1115.72 seconds
2025-05-03 05:07:58,187 - training.model_DenseNet121_opt_Adam_lr_0.0001 - INFO - Training completed after 1115.72 seconds
2025-05-03 05:07:58,187 - training.model_DenseNet121_opt_Adam_lr_0.0001 - INFO - Training completed after 1115.72 seconds
2025-05-03 05:08:10,298 - training.model_DenseNet121_opt_Adam_lr_0.0001 - INFO - Initialized training manager for model_DenseNet121_opt_Adam_lr_0.0001
2025-05-03 05:08:10,298 - training.model_DenseNet121_opt_Adam_lr_0.0001 - INFO - Initialized training manager for model_DenseNet121_opt_Adam_lr_0.0001
2025-05-03 05:08:10,298 - training.model_DenseNet121_opt_Adam_lr_0.0001 - INFO - Initialized training manager for model_DenseNet121_opt_Adam_lr_0.0001
2025-05-03 05:08:10,298 - training.model_DenseNet121_opt_Adam_lr_0.0001 - INFO - Initialized training manager for model_DenseNet121_opt_Adam_lr_0.0001
2025-05-03 05:08:10,298 - training.model_DenseNet121_opt_Adam_lr_0.0001 - INFO - Initialized training manager for model_DenseNet121_opt_Adam_lr_0.0001
2025-05-03 05:08:10,298 - training.model_DenseNet121_opt_Adam_lr_0.0001 - INFO - Initialized training manager for model_DenseNet121_opt_Adam_lr_0.0001
2025-05-03 05:08:10,298 - training.model_DenseNet121_opt_Adam_lr_0.0001 - INFO - Initialized training manager for model_DenseNet121_opt_Adam_lr_0.0001
2025-05-03 05:08:10,298 - training.model_DenseNet121_opt_Adam_lr_0.0001 - INFO - Initialized training manager for model_DenseNet121_opt_Adam_lr_0.0001
2025-05-03 05:08:10,298 - training.model_DenseNet121_opt_Adam_lr_0.0001 - INFO - Initialized training manager for model_DenseNet121_opt_Adam_lr_0.0001
2025-05-03 05:08:10,298 - training.model_DenseNet121_opt_Adam_lr_0.0001 - INFO - Initialized training manager for model_DenseNet121_opt_Adam_lr_0.0001
2025-05-03 05:08:10,298 - training.model_DenseNet121_opt_Adam_lr_0.0001 - INFO - Initialized training manager for model_DenseNet121_opt_Adam_lr_0.0001
2025-05-03 05:08:10,298 - training.model_DenseNet121_opt_Adam_lr_0.0001 - INFO - Initialized training manager for model_DenseNet121_opt_Adam_lr_0.0001
2025-05-03 05:08:10,302 - training.model_DenseNet121_opt_Adam_lr_0.0001 - INFO - Config: {
  "id": 504,
  "model_name": "DenseNet121",
  "optimizer": "Adam",
  "learning_rate": 0.0001,
  "scheduler": {
    "name": "CosineAnnealingWarmRestarts",
    "T_0": 10
  },
  "loss_fn": {
    "name": "LabelSmoothing",
    "smoothing": 0.1
  }
}
2025-05-03 05:08:10,302 - training.model_DenseNet121_opt_Adam_lr_0.0001 - INFO - Config: {
  "id": 504,
  "model_name": "DenseNet121",
  "optimizer": "Adam",
  "learning_rate": 0.0001,
  "scheduler": {
    "name": "CosineAnnealingWarmRestarts",
    "T_0": 10
  },
  "loss_fn": {
    "name": "LabelSmoothing",
    "smoothing": 0.1
  }
}
2025-05-03 05:08:10,302 - training.model_DenseNet121_opt_Adam_lr_0.0001 - INFO - Config: {
  "id": 504,
  "model_name": "DenseNet121",
  "optimizer": "Adam",
  "learning_rate": 0.0001,
  "scheduler": {
    "name": "CosineAnnealingWarmRestarts",
    "T_0": 10
  },
  "loss_fn": {
    "name": "LabelSmoothing",
    "smoothing": 0.1
  }
}
2025-05-03 05:08:10,302 - training.model_DenseNet121_opt_Adam_lr_0.0001 - INFO - Config: {
  "id": 504,
  "model_name": "DenseNet121",
  "optimizer": "Adam",
  "learning_rate": 0.0001,
  "scheduler": {
    "name": "CosineAnnealingWarmRestarts",
    "T_0": 10
  },
  "loss_fn": {
    "name": "LabelSmoothing",
    "smoothing": 0.1
  }
}
2025-05-03 05:08:10,302 - training.model_DenseNet121_opt_Adam_lr_0.0001 - INFO - Config: {
  "id": 504,
  "model_name": "DenseNet121",
  "optimizer": "Adam",
  "learning_rate": 0.0001,
  "scheduler": {
    "name": "CosineAnnealingWarmRestarts",
    "T_0": 10
  },
  "loss_fn": {
    "name": "LabelSmoothing",
    "smoothing": 0.1
  }
}
2025-05-03 05:08:10,302 - training.model_DenseNet121_opt_Adam_lr_0.0001 - INFO - Config: {
  "id": 504,
  "model_name": "DenseNet121",
  "optimizer": "Adam",
  "learning_rate": 0.0001,
  "scheduler": {
    "name": "CosineAnnealingWarmRestarts",
    "T_0": 10
  },
  "loss_fn": {
    "name": "LabelSmoothing",
    "smoothing": 0.1
  }
}
2025-05-03 05:08:10,302 - training.model_DenseNet121_opt_Adam_lr_0.0001 - INFO - Config: {
  "id": 504,
  "model_name": "DenseNet121",
  "optimizer": "Adam",
  "learning_rate": 0.0001,
  "scheduler": {
    "name": "CosineAnnealingWarmRestarts",
    "T_0": 10
  },
  "loss_fn": {
    "name": "LabelSmoothing",
    "smoothing": 0.1
  }
}
2025-05-03 05:08:10,302 - training.model_DenseNet121_opt_Adam_lr_0.0001 - INFO - Config: {
  "id": 504,
  "model_name": "DenseNet121",
  "optimizer": "Adam",
  "learning_rate": 0.0001,
  "scheduler": {
    "name": "CosineAnnealingWarmRestarts",
    "T_0": 10
  },
  "loss_fn": {
    "name": "LabelSmoothing",
    "smoothing": 0.1
  }
}
2025-05-03 05:08:10,302 - training.model_DenseNet121_opt_Adam_lr_0.0001 - INFO - Config: {
  "id": 504,
  "model_name": "DenseNet121",
  "optimizer": "Adam",
  "learning_rate": 0.0001,
  "scheduler": {
    "name": "CosineAnnealingWarmRestarts",
    "T_0": 10
  },
  "loss_fn": {
    "name": "LabelSmoothing",
    "smoothing": 0.1
  }
}
2025-05-03 05:08:10,302 - training.model_DenseNet121_opt_Adam_lr_0.0001 - INFO - Config: {
  "id": 504,
  "model_name": "DenseNet121",
  "optimizer": "Adam",
  "learning_rate": 0.0001,
  "scheduler": {
    "name": "CosineAnnealingWarmRestarts",
    "T_0": 10
  },
  "loss_fn": {
    "name": "LabelSmoothing",
    "smoothing": 0.1
  }
}
2025-05-03 05:08:10,302 - training.model_DenseNet121_opt_Adam_lr_0.0001 - INFO - Config: {
  "id": 504,
  "model_name": "DenseNet121",
  "optimizer": "Adam",
  "learning_rate": 0.0001,
  "scheduler": {
    "name": "CosineAnnealingWarmRestarts",
    "T_0": 10
  },
  "loss_fn": {
    "name": "LabelSmoothing",
    "smoothing": 0.1
  }
}
2025-05-03 05:08:10,302 - training.model_DenseNet121_opt_Adam_lr_0.0001 - INFO - Config: {
  "id": 504,
  "model_name": "DenseNet121",
  "optimizer": "Adam",
  "learning_rate": 0.0001,
  "scheduler": {
    "name": "CosineAnnealingWarmRestarts",
    "T_0": 10
  },
  "loss_fn": {
    "name": "LabelSmoothing",
    "smoothing": 0.1
  }
}
2025-05-03 05:08:10,302 - training.model_DenseNet121_opt_Adam_lr_0.0001 - INFO - Loading checkpoint from model_results_v2/model_DenseNet121_opt_Adam_lr_0.0001/checkpoint.pt
2025-05-03 05:08:10,302 - training.model_DenseNet121_opt_Adam_lr_0.0001 - INFO - Loading checkpoint from model_results_v2/model_DenseNet121_opt_Adam_lr_0.0001/checkpoint.pt
2025-05-03 05:08:10,302 - training.model_DenseNet121_opt_Adam_lr_0.0001 - INFO - Loading checkpoint from model_results_v2/model_DenseNet121_opt_Adam_lr_0.0001/checkpoint.pt
2025-05-03 05:08:10,302 - training.model_DenseNet121_opt_Adam_lr_0.0001 - INFO - Loading checkpoint from model_results_v2/model_DenseNet121_opt_Adam_lr_0.0001/checkpoint.pt
2025-05-03 05:08:10,302 - training.model_DenseNet121_opt_Adam_lr_0.0001 - INFO - Loading checkpoint from model_results_v2/model_DenseNet121_opt_Adam_lr_0.0001/checkpoint.pt
2025-05-03 05:08:10,302 - training.model_DenseNet121_opt_Adam_lr_0.0001 - INFO - Loading checkpoint from model_results_v2/model_DenseNet121_opt_Adam_lr_0.0001/checkpoint.pt
2025-05-03 05:08:10,302 - training.model_DenseNet121_opt_Adam_lr_0.0001 - INFO - Loading checkpoint from model_results_v2/model_DenseNet121_opt_Adam_lr_0.0001/checkpoint.pt
2025-05-03 05:08:10,302 - training.model_DenseNet121_opt_Adam_lr_0.0001 - INFO - Loading checkpoint from model_results_v2/model_DenseNet121_opt_Adam_lr_0.0001/checkpoint.pt
2025-05-03 05:08:10,302 - training.model_DenseNet121_opt_Adam_lr_0.0001 - INFO - Loading checkpoint from model_results_v2/model_DenseNet121_opt_Adam_lr_0.0001/checkpoint.pt
2025-05-03 05:08:10,302 - training.model_DenseNet121_opt_Adam_lr_0.0001 - INFO - Loading checkpoint from model_results_v2/model_DenseNet121_opt_Adam_lr_0.0001/checkpoint.pt
2025-05-03 05:08:10,302 - training.model_DenseNet121_opt_Adam_lr_0.0001 - INFO - Loading checkpoint from model_results_v2/model_DenseNet121_opt_Adam_lr_0.0001/checkpoint.pt
2025-05-03 05:08:10,302 - training.model_DenseNet121_opt_Adam_lr_0.0001 - INFO - Loading checkpoint from model_results_v2/model_DenseNet121_opt_Adam_lr_0.0001/checkpoint.pt
2025-05-03 05:08:10,473 - training.model_DenseNet121_opt_Adam_lr_0.0001 - INFO - Resuming from epoch 20, best validation accuracy: 0.9897
2025-05-03 05:08:10,473 - training.model_DenseNet121_opt_Adam_lr_0.0001 - INFO - Resuming from epoch 20, best validation accuracy: 0.9897
2025-05-03 05:08:10,473 - training.model_DenseNet121_opt_Adam_lr_0.0001 - INFO - Resuming from epoch 20, best validation accuracy: 0.9897
2025-05-03 05:08:10,473 - training.model_DenseNet121_opt_Adam_lr_0.0001 - INFO - Resuming from epoch 20, best validation accuracy: 0.9897
2025-05-03 05:08:10,473 - training.model_DenseNet121_opt_Adam_lr_0.0001 - INFO - Resuming from epoch 20, best validation accuracy: 0.9897
2025-05-03 05:08:10,473 - training.model_DenseNet121_opt_Adam_lr_0.0001 - INFO - Resuming from epoch 20, best validation accuracy: 0.9897
2025-05-03 05:08:10,473 - training.model_DenseNet121_opt_Adam_lr_0.0001 - INFO - Resuming from epoch 20, best validation accuracy: 0.9897
2025-05-03 05:08:10,473 - training.model_DenseNet121_opt_Adam_lr_0.0001 - INFO - Resuming from epoch 20, best validation accuracy: 0.9897
2025-05-03 05:08:10,473 - training.model_DenseNet121_opt_Adam_lr_0.0001 - INFO - Resuming from epoch 20, best validation accuracy: 0.9897
2025-05-03 05:08:10,473 - training.model_DenseNet121_opt_Adam_lr_0.0001 - INFO - Resuming from epoch 20, best validation accuracy: 0.9897
2025-05-03 05:08:10,473 - training.model_DenseNet121_opt_Adam_lr_0.0001 - INFO - Resuming from epoch 20, best validation accuracy: 0.9897
2025-05-03 05:08:10,473 - training.model_DenseNet121_opt_Adam_lr_0.0001 - INFO - Resuming from epoch 20, best validation accuracy: 0.9897
2025-05-03 05:08:10,475 - training.model_DenseNet121_opt_Adam_lr_0.0001 - INFO - Training completed after 1115.72 seconds
2025-05-03 05:08:10,475 - training.model_DenseNet121_opt_Adam_lr_0.0001 - INFO - Training completed after 1115.72 seconds
2025-05-03 05:08:10,475 - training.model_DenseNet121_opt_Adam_lr_0.0001 - INFO - Training completed after 1115.72 seconds
2025-05-03 05:08:10,475 - training.model_DenseNet121_opt_Adam_lr_0.0001 - INFO - Training completed after 1115.72 seconds
2025-05-03 05:08:10,475 - training.model_DenseNet121_opt_Adam_lr_0.0001 - INFO - Training completed after 1115.72 seconds
2025-05-03 05:08:10,475 - training.model_DenseNet121_opt_Adam_lr_0.0001 - INFO - Training completed after 1115.72 seconds
2025-05-03 05:08:10,475 - training.model_DenseNet121_opt_Adam_lr_0.0001 - INFO - Training completed after 1115.72 seconds
2025-05-03 05:08:10,475 - training.model_DenseNet121_opt_Adam_lr_0.0001 - INFO - Training completed after 1115.72 seconds
2025-05-03 05:08:10,475 - training.model_DenseNet121_opt_Adam_lr_0.0001 - INFO - Training completed after 1115.72 seconds
2025-05-03 05:08:10,475 - training.model_DenseNet121_opt_Adam_lr_0.0001 - INFO - Training completed after 1115.72 seconds
2025-05-03 05:08:10,475 - training.model_DenseNet121_opt_Adam_lr_0.0001 - INFO - Training completed after 1115.72 seconds
2025-05-03 05:08:10,475 - training.model_DenseNet121_opt_Adam_lr_0.0001 - INFO - Training completed after 1115.72 seconds
