2025-05-03 10:06:59,498 - training.model_ConvNeXt_opt_SGD_lr_0.001_id_670 - INFO - Initialized training manager for model_ConvNeXt_opt_SGD_lr_0.001_id_670
2025-05-03 10:06:59,498 - training.model_ConvNeXt_opt_SGD_lr_0.001_id_670 - INFO - Config: {
  "id": 670,
  "model_name": "ConvNeXt",
  "optimizer": "SGD",
  "learning_rate": 0.001,
  "scheduler": {
    "name": "CosineAnnealingWarmRestarts",
    "T_0": 10
  },
  "loss_fn": {
    "name": "CrossEntropy"
  }
}
2025-05-03 10:07:00,425 - training.model_ConvNeXt_opt_SGD_lr_0.001_id_670 - INFO - Starting model evaluation
2025-05-03 10:07:11,902 - training.model_ConvNeXt_opt_SGD_lr_0.001_id_670 - INFO - Evaluation metrics:
  Accuracy:  0.9613
  Precision: 0.9186
  Recall:    0.9476
  F1 Score:  0.9329
  IoU:       0.8742
  mAP:       0.9836
  AUC:       0.9925
2025-05-03 10:07:11,904 - training.model_ConvNeXt_opt_SGD_lr_0.001_id_670 - INFO - Final results saved to model_results_v2/model_ConvNeXt_opt_SGD_lr_0.001_id_670/final_results.json
2025-05-03 10:07:11,905 - training.model_ConvNeXt_opt_SGD_lr_0.001_id_670 - INFO - Final results saved to model_results_v2/model_ConvNeXt_opt_SGD_lr_0.001_id_670/final_results.json
