2025-05-03 08:37:34,824 - training.model_MobileNetV3_opt_AdamW_lr_0.001_id_632 - INFO - Initialized training manager for model_MobileNetV3_opt_AdamW_lr_0.001_id_632
2025-05-03 08:37:34,824 - training.model_MobileNetV3_opt_AdamW_lr_0.001_id_632 - INFO - Config: {
  "id": 632,
  "model_name": "MobileNetV3",
  "optimizer": "AdamW",
  "learning_rate": 0.001,
  "scheduler": {
    "name": "CosineAnnealingLR",
    "T_max": 10
  },
  "loss_fn": {
    "name": "FocalLoss",
    "alpha": 0.25,
    "gamma": 2.0
  }
}
2025-05-03 08:37:35,332 - training.model_MobileNetV3_opt_AdamW_lr_0.001_id_632 - INFO - Starting model evaluation
2025-05-03 08:37:44,589 - training.model_MobileNetV3_opt_AdamW_lr_0.001_id_632 - INFO - Evaluation metrics:
  Accuracy:  0.9257
  Precision: 0.8576
  Recall:    0.8846
  F1 Score:  0.8709
  IoU:       0.7713
  mAP:       0.8612
  AUC:       0.9486
2025-05-03 08:37:44,591 - training.model_MobileNetV3_opt_AdamW_lr_0.001_id_632 - INFO - Final results saved to model_results_v2/model_MobileNetV3_opt_AdamW_lr_0.001_id_632/final_results.json
2025-05-03 08:37:44,593 - training.model_MobileNetV3_opt_AdamW_lr_0.001_id_632 - INFO - Final results saved to model_results_v2/model_MobileNetV3_opt_AdamW_lr_0.001_id_632/final_results.json
