2025-05-03 06:46:52,077 - training.model_MobileNetV3_opt_SGD_lr_0.001_id_556 - INFO - Initialized training manager for model_MobileNetV3_opt_SGD_lr_0.001_id_556
2025-05-03 06:46:52,077 - training.model_MobileNetV3_opt_SGD_lr_0.001_id_556 - INFO - Config: {
  "id": 556,
  "model_name": "MobileNetV3",
  "optimizer": "SGD",
  "learning_rate": 0.001,
  "scheduler": {
    "name": "ReduceLROnPlateau",
    "patience": 5,
    "factor": 0.5
  },
  "loss_fn": {
    "name": "CrossEntropy"
  }
}
2025-05-03 06:46:52,380 - training.model_MobileNetV3_opt_SGD_lr_0.001_id_556 - INFO - Starting model evaluation
2025-05-03 06:47:01,796 - training.model_MobileNetV3_opt_SGD_lr_0.001_id_556 - INFO - Evaluation metrics:
  Accuracy:  0.9524
  Precision: 0.9020
  Recall:    0.9336
  F1 Score:  0.9175
  IoU:       0.8476
  mAP:       0.9780
  AUC:       0.9873
2025-05-03 06:47:01,798 - training.model_MobileNetV3_opt_SGD_lr_0.001_id_556 - INFO - Final results saved to model_results_v2/model_MobileNetV3_opt_SGD_lr_0.001_id_556/final_results.json
2025-05-03 06:47:01,800 - training.model_MobileNetV3_opt_SGD_lr_0.001_id_556 - INFO - Final results saved to model_results_v2/model_MobileNetV3_opt_SGD_lr_0.001_id_556/final_results.json
