2025-05-03 09:30:17,075 - training.model_ConvNeXt_opt_SGD_lr_0.01_id_651 - INFO - Initialized training manager for model_ConvNeXt_opt_SGD_lr_0.01_id_651
2025-05-03 09:30:17,075 - training.model_ConvNeXt_opt_SGD_lr_0.01_id_651 - INFO - Config: {
  "id": 651,
  "model_name": "ConvNeXt",
  "optimizer": "SGD",
  "learning_rate": 0.01,
  "scheduler": {
    "name": "StepLR",
    "step_size": 10,
    "gamma": 0.1
  },
  "loss_fn": {
    "name": "LabelSmoothing",
    "smoothing": 0.1
  }
}
2025-05-03 09:30:18,060 - training.model_ConvNeXt_opt_SGD_lr_0.01_id_651 - INFO - Starting model evaluation
2025-05-03 09:30:29,914 - training.model_ConvNeXt_opt_SGD_lr_0.01_id_651 - INFO - Evaluation metrics:
  Accuracy:  0.9544
  Precision: 0.9082
  Recall:    0.9336
  F1 Score:  0.9207
  IoU:       0.8530
  mAP:       0.9632
  AUC:       0.9825
2025-05-03 09:30:29,916 - training.model_ConvNeXt_opt_SGD_lr_0.01_id_651 - INFO - Final results saved to model_results_v2/model_ConvNeXt_opt_SGD_lr_0.01_id_651/final_results.json
2025-05-03 09:30:29,918 - training.model_ConvNeXt_opt_SGD_lr_0.01_id_651 - INFO - Final results saved to model_results_v2/model_ConvNeXt_opt_SGD_lr_0.01_id_651/final_results.json
