2025-05-01 11:29:51,159 - training.model_ViT-B-16_opt_AdamW_lr_0.001_id_414 - INFO - Initialized training manager for model_ViT-B-16_opt_AdamW_lr_0.001_id_414
2025-05-01 11:29:51,159 - training.model_ViT-B-16_opt_AdamW_lr_0.001_id_414 - INFO - Config: {
  "id": 414,
  "model_name": "ViT-B-16",
  "optimizer": "AdamW",
  "learning_rate": 0.001,
  "scheduler": {
    "name": "ReduceLROnPlateau",
    "patience": 5,
    "factor": 0.5
  },
  "loss_fn": {
    "name": "LabelSmoothing",
    "smoothing": 0.1
  }
}
2025-05-03 03:33:12,023 - training.model_ViT-B-16_opt_AdamW_lr_0.001_id_414 - INFO - Initialized training manager for model_ViT-B-16_opt_AdamW_lr_0.001_id_414
2025-05-03 03:33:12,025 - training.model_ViT-B-16_opt_AdamW_lr_0.001_id_414 - INFO - Config: {
  "id": 414,
  "model_name": "ViT-B-16",
  "optimizer": "AdamW",
  "learning_rate": 0.001,
  "scheduler": {
    "name": "ReduceLROnPlateau",
    "patience": 5,
    "factor": 0.5
  },
  "loss_fn": {
    "name": "LabelSmoothing",
    "smoothing": 0.1
  }
}
2025-05-03 03:33:12,920 - training.model_ViT-B-16_opt_AdamW_lr_0.001_id_414 - INFO - Starting model evaluation
2025-05-03 03:33:23,512 - training.model_ViT-B-16_opt_AdamW_lr_0.001_id_414 - INFO - Evaluation metrics:
  Accuracy:  0.2834
  Precision: 0.2834
  Recall:    1.0000
  F1 Score:  0.4417
  IoU:       0.2834
  mAP:       0.2834
  AUC:       0.5000
2025-05-03 03:33:23,513 - training.model_ViT-B-16_opt_AdamW_lr_0.001_id_414 - INFO - Final results saved to model_results_v2/model_ViT-B-16_opt_AdamW_lr_0.001_id_414/final_results.json
2025-05-03 03:33:23,514 - training.model_ViT-B-16_opt_AdamW_lr_0.001_id_414 - INFO - Final results saved to model_results_v2/model_ViT-B-16_opt_AdamW_lr_0.001_id_414/final_results.json
