2025-05-01 03:04:07,341 - training.model_ResNet101_opt_SGD_lr_0.001_id_125 - INFO - Initialized training manager for model_ResNet101_opt_SGD_lr_0.001_id_125
2025-05-01 03:04:07,341 - training.model_ResNet101_opt_SGD_lr_0.001_id_125 - INFO - Config: {
  "id": 125,
  "model_name": "ResNet101",
  "optimizer": "SGD",
  "learning_rate": 0.001,
  "scheduler": {
    "name": "ReduceLROnPlateau",
    "patience": 5,
    "factor": 0.5
  },
  "loss_fn": {
    "name": "FocalLoss",
    "alpha": 0.25,
    "gamma": 2.0
  }
}
2025-05-01 03:04:07,700 - training.model_ResNet101_opt_SGD_lr_0.001_id_125 - INFO - Starting model evaluation
2025-05-01 03:04:17,030 - training.model_ResNet101_opt_SGD_lr_0.001_id_125 - INFO - Evaluation metrics:
  Accuracy:  0.9683
  Precision: 0.9379
  Recall:    0.9510
  F1 Score:  0.9444
  IoU:       0.8947
  mAP:       0.9793
  AUC:       0.9911
2025-05-01 03:04:17,031 - training.model_ResNet101_opt_SGD_lr_0.001_id_125 - INFO - Final results saved to model_results_v2/model_ResNet101_opt_SGD_lr_0.001_id_125/final_results.json
2025-05-01 03:04:17,033 - training.model_ResNet101_opt_SGD_lr_0.001_id_125 - INFO - Final results saved to model_results_v2/model_ResNet101_opt_SGD_lr_0.001_id_125/final_results.json
