2025-05-01 09:42:53,416 - training.model_EfficientNet-B2_opt_AdamW_lr_0.01_id_290 - INFO - Initialized training manager for model_EfficientNet-B2_opt_AdamW_lr_0.01_id_290
2025-05-01 09:42:53,417 - training.model_EfficientNet-B2_opt_AdamW_lr_0.01_id_290 - INFO - Config: {
  "id": 290,
  "model_name": "EfficientNet-B2",
  "optimizer": "AdamW",
  "learning_rate": 0.01,
  "scheduler": {
    "name": "StepLR",
    "step_size": 10,
    "gamma": 0.1
  },
  "loss_fn": {
    "name": "FocalLoss",
    "alpha": 0.25,
    "gamma": 2.0
  }
}
2025-05-01 09:42:54,656 - training.model_EfficientNet-B2_opt_AdamW_lr_0.01_id_290 - INFO - Starting model evaluation
2025-05-01 09:43:05,879 - training.model_EfficientNet-B2_opt_AdamW_lr_0.01_id_290 - INFO - Evaluation metrics:
  Accuracy:  0.6264
  Precision: 0.3987
  Recall:    0.6259
  F1 Score:  0.4871
  IoU:       0.3219
  mAP:       0.4161
  AUC:       0.6409
2025-05-01 09:43:05,883 - training.model_EfficientNet-B2_opt_AdamW_lr_0.01_id_290 - INFO - Final results saved to model_results_v2/model_EfficientNet-B2_opt_AdamW_lr_0.01_id_290/final_results.json
2025-05-01 09:43:05,884 - training.model_EfficientNet-B2_opt_AdamW_lr_0.01_id_290 - INFO - Final results saved to model_results_v2/model_EfficientNet-B2_opt_AdamW_lr_0.01_id_290/final_results.json
