2025-05-03 12:46:28,459 - training.model_ConvNeXt_opt_AdamW_lr_0.001_id_733 - INFO - Initialized training manager for model_ConvNeXt_opt_AdamW_lr_0.001_id_733
2025-05-03 12:46:28,459 - training.model_ConvNeXt_opt_AdamW_lr_0.001_id_733 - INFO - Config: {
  "id": 733,
  "model_name": "ConvNeXt",
  "optimizer": "AdamW",
  "learning_rate": 0.001,
  "scheduler": {
    "name": "StepLR",
    "step_size": 10,
    "gamma": 0.1
  },
  "loss_fn": {
    "name": "CrossEntropy"
  }
}
2025-05-03 13:12:04,514 - training.model_ConvNeXt_opt_AdamW_lr_0.001_id_733 - INFO - Starting model evaluation
2025-05-03 13:12:16,404 - training.model_ConvNeXt_opt_AdamW_lr_0.001_id_733 - INFO - Evaluation metrics:
  Accuracy:  0.2834
  Precision: 0.2834
  Recall:    1.0000
  F1 Score:  0.4417
  IoU:       0.2834
  mAP:       0.2723
  AUC:       0.4962
2025-05-03 13:12:16,406 - training.model_ConvNeXt_opt_AdamW_lr_0.001_id_733 - INFO - Final results saved to model_results_v2/model_ConvNeXt_opt_AdamW_lr_0.001_id_733/final_results.json
2025-05-03 13:12:16,407 - training.model_ConvNeXt_opt_AdamW_lr_0.001_id_733 - INFO - Final results saved to model_results_v2/model_ConvNeXt_opt_AdamW_lr_0.001_id_733/final_results.json
