2025-05-01 10:28:10,052 - training.model_EfficientNet-B2_opt_AdamW_lr_0.0001_id_324 - INFO - Initialized training manager for model_EfficientNet-B2_opt_AdamW_lr_0.0001_id_324
2025-05-01 10:28:10,052 - training.model_EfficientNet-B2_opt_AdamW_lr_0.0001_id_324 - INFO - Config: {
  "id": 324,
  "model_name": "EfficientNet-B2",
  "optimizer": "AdamW",
  "learning_rate": 0.0001,
  "scheduler": {
    "name": "CosineAnnealingWarmRestarts",
    "T_0": 10
  },
  "loss_fn": {
    "name": "LabelSmoothing",
    "smoothing": 0.1
  }
}
2025-05-01 10:28:11,232 - training.model_EfficientNet-B2_opt_AdamW_lr_0.0001_id_324 - INFO - Starting model evaluation
2025-05-01 10:28:22,337 - training.model_EfficientNet-B2_opt_AdamW_lr_0.0001_id_324 - INFO - Evaluation metrics:
  Accuracy:  0.9703
  Precision: 0.9295
  Recall:    0.9685
  F1 Score:  0.9486
  IoU:       0.9023
  mAP:       0.9866
  AUC:       0.9940
2025-05-01 10:28:22,339 - training.model_EfficientNet-B2_opt_AdamW_lr_0.0001_id_324 - INFO - Final results saved to model_results_v2/model_EfficientNet-B2_opt_AdamW_lr_0.0001_id_324/final_results.json
2025-05-01 10:28:22,341 - training.model_EfficientNet-B2_opt_AdamW_lr_0.0001_id_324 - INFO - Final results saved to model_results_v2/model_EfficientNet-B2_opt_AdamW_lr_0.0001_id_324/final_results.json
