2025-05-01 11:30:06,114 - training.model_ViT-B-16_opt_AdamW_lr_0.0001_id_421 - INFO - Initialized training manager for model_ViT-B-16_opt_AdamW_lr_0.0001_id_421
2025-05-01 11:30:06,114 - training.model_ViT-B-16_opt_AdamW_lr_0.0001_id_421 - INFO - Config: {
  "id": 421,
  "model_name": "ViT-B-16",
  "optimizer": "AdamW",
  "learning_rate": 0.0001,
  "scheduler": {
    "name": "StepLR",
    "step_size": 10,
    "gamma": 0.1
  },
  "loss_fn": {
    "name": "CrossEntropy"
  }
}
2025-05-03 03:34:32,532 - training.model_ViT-B-16_opt_AdamW_lr_0.0001_id_421 - INFO - Initialized training manager for model_ViT-B-16_opt_AdamW_lr_0.0001_id_421
2025-05-03 03:34:32,532 - training.model_ViT-B-16_opt_AdamW_lr_0.0001_id_421 - INFO - Config: {
  "id": 421,
  "model_name": "ViT-B-16",
  "optimizer": "AdamW",
  "learning_rate": 0.0001,
  "scheduler": {
    "name": "StepLR",
    "step_size": 10,
    "gamma": 0.1
  },
  "loss_fn": {
    "name": "CrossEntropy"
  }
}
2025-05-03 03:45:18,388 - training.model_ViT-B-16_opt_AdamW_lr_0.0001_id_421 - INFO - Starting model evaluation
2025-05-03 03:45:28,925 - training.model_ViT-B-16_opt_AdamW_lr_0.0001_id_421 - INFO - Evaluation metrics:
  Accuracy:  0.8107
  Precision: 0.6518
  Recall:    0.7133
  F1 Score:  0.6811
  IoU:       0.5165
  mAP:       0.7527
  AUC:       0.8565
2025-05-03 03:45:28,927 - training.model_ViT-B-16_opt_AdamW_lr_0.0001_id_421 - INFO - Final results saved to model_results_v2/model_ViT-B-16_opt_AdamW_lr_0.0001_id_421/final_results.json
2025-05-03 03:45:28,929 - training.model_ViT-B-16_opt_AdamW_lr_0.0001_id_421 - INFO - Final results saved to model_results_v2/model_ViT-B-16_opt_AdamW_lr_0.0001_id_421/final_results.json
