2025-05-03 12:46:15,145 - training.model_ConvNeXt_opt_AdamW_lr_0.01_id_732 - INFO - Initialized training manager for model_ConvNeXt_opt_AdamW_lr_0.01_id_732
2025-05-03 12:46:15,145 - training.model_ConvNeXt_opt_AdamW_lr_0.01_id_732 - INFO - Config: {
  "id": 732,
  "model_name": "ConvNeXt",
  "optimizer": "AdamW",
  "learning_rate": 0.01,
  "scheduler": {
    "name": "CosineAnnealingWarmRestarts",
    "T_0": 10
  },
  "loss_fn": {
    "name": "LabelSmoothing",
    "smoothing": 0.1
  }
}
2025-05-03 12:46:16,510 - training.model_ConvNeXt_opt_AdamW_lr_0.01_id_732 - INFO - Starting model evaluation
2025-05-03 12:46:28,457 - training.model_ConvNeXt_opt_AdamW_lr_0.01_id_732 - INFO - Evaluation metrics:
  Accuracy:  0.2834
  Precision: 0.2834
  Recall:    1.0000
  F1 Score:  0.4417
  IoU:       0.2834
  mAP:       0.2834
  AUC:       0.5000
2025-05-03 12:46:28,458 - training.model_ConvNeXt_opt_AdamW_lr_0.01_id_732 - INFO - Final results saved to model_results_v2/model_ConvNeXt_opt_AdamW_lr_0.01_id_732/final_results.json
2025-05-03 12:46:28,459 - training.model_ConvNeXt_opt_AdamW_lr_0.01_id_732 - INFO - Final results saved to model_results_v2/model_ConvNeXt_opt_AdamW_lr_0.01_id_732/final_results.json
