2025-05-03 04:24:12,870 - training.model_DenseNet121_opt_Adam_lr_0.01_id_471 - INFO - Initialized training manager for model_DenseNet121_opt_Adam_lr_0.01_id_471
2025-05-03 04:24:12,870 - training.model_DenseNet121_opt_Adam_lr_0.01_id_471 - INFO - Config: {
  "id": 471,
  "model_name": "DenseNet121",
  "optimizer": "Adam",
  "learning_rate": 0.01,
  "scheduler": {
    "name": "StepLR",
    "step_size": 10,
    "gamma": 0.1
  },
  "loss_fn": {
    "name": "LabelSmoothing",
    "smoothing": 0.1
  }
}
2025-05-03 04:24:13,296 - training.model_DenseNet121_opt_Adam_lr_0.01_id_471 - INFO - Starting model evaluation
2025-05-03 04:24:24,597 - training.model_DenseNet121_opt_Adam_lr_0.01_id_471 - INFO - Evaluation metrics:
  Accuracy:  0.8454
  Precision: 0.6901
  Recall:    0.8252
  F1 Score:  0.7516
  IoU:       0.6020
  mAP:       0.7668
  AUC:       0.8968
2025-05-03 04:24:24,598 - training.model_DenseNet121_opt_Adam_lr_0.01_id_471 - INFO - Final results saved to model_results_v2/model_DenseNet121_opt_Adam_lr_0.01_id_471/final_results.json
2025-05-03 04:24:24,600 - training.model_DenseNet121_opt_Adam_lr_0.01_id_471 - INFO - Final results saved to model_results_v2/model_DenseNet121_opt_Adam_lr_0.01_id_471/final_results.json
