2025-05-01 02:28:11,719 - training.model_ResNet50_opt_AdamW_lr_0.0001_id_106 - INFO - Initialized training manager for model_ResNet50_opt_AdamW_lr_0.0001_id_106
2025-05-01 02:28:11,719 - training.model_ResNet50_opt_AdamW_lr_0.0001_id_106 - INFO - Config: {
  "id": 106,
  "model_name": "ResNet50",
  "optimizer": "AdamW",
  "learning_rate": 0.0001,
  "scheduler": {
    "name": "CosineAnnealingWarmRestarts",
    "T_0": 10
  },
  "loss_fn": {
    "name": "CrossEntropy"
  }
}
2025-05-01 02:28:11,975 - training.model_ResNet50_opt_AdamW_lr_0.0001_id_106 - INFO - Starting model evaluation
2025-05-01 02:28:21,052 - training.model_ResNet50_opt_AdamW_lr_0.0001_id_106 - INFO - Evaluation metrics:
  Accuracy:  0.9742
  Precision: 0.9514
  Recall:    0.9580
  F1 Score:  0.9547
  IoU:       0.9133
  mAP:       0.9719
  AUC:       0.9890
2025-05-01 02:28:21,054 - training.model_ResNet50_opt_AdamW_lr_0.0001_id_106 - INFO - Final results saved to model_results_v2/model_ResNet50_opt_AdamW_lr_0.0001_id_106/final_results.json
2025-05-01 02:28:21,055 - training.model_ResNet50_opt_AdamW_lr_0.0001_id_106 - INFO - Final results saved to model_results_v2/model_ResNet50_opt_AdamW_lr_0.0001_id_106/final_results.json
