2025-05-01 02:09:53,676 - training.model_ResNet50_opt_AdamW_lr_0.001_id_89 - INFO - Initialized training manager for model_ResNet50_opt_AdamW_lr_0.001_id_89
2025-05-01 02:09:53,676 - training.model_ResNet50_opt_AdamW_lr_0.001_id_89 - INFO - Config: {
  "id": 89,
  "model_name": "ResNet50",
  "optimizer": "AdamW",
  "learning_rate": 0.001,
  "scheduler": {
    "name": "ReduceLROnPlateau",
    "patience": 5,
    "factor": 0.5
  },
  "loss_fn": {
    "name": "FocalLoss",
    "alpha": 0.25,
    "gamma": 2.0
  }
}
2025-05-01 02:09:53,928 - training.model_ResNet50_opt_AdamW_lr_0.001_id_89 - INFO - Starting model evaluation
2025-05-01 02:10:01,872 - training.model_ResNet50_opt_AdamW_lr_0.001_id_89 - INFO - Evaluation metrics:
  Accuracy:  0.9415
  Precision: 0.8847
  Recall:    0.9126
  F1 Score:  0.8985
  IoU:       0.8156
  mAP:       0.9429
  AUC:       0.9754
2025-05-01 02:10:01,874 - training.model_ResNet50_opt_AdamW_lr_0.001_id_89 - INFO - Final results saved to model_results_v2/model_ResNet50_opt_AdamW_lr_0.001_id_89/final_results.json
2025-05-01 02:10:01,875 - training.model_ResNet50_opt_AdamW_lr_0.001_id_89 - INFO - Final results saved to model_results_v2/model_ResNet50_opt_AdamW_lr_0.001_id_89/final_results.json
