2025-05-01 11:28:20,356 - training.model_ViT-B-16_opt_SGD_lr_0.0001_id_351 - INFO - Initialized training manager for model_ViT-B-16_opt_SGD_lr_0.0001_id_351
2025-05-01 11:28:20,356 - training.model_ViT-B-16_opt_SGD_lr_0.0001_id_351 - INFO - Config: {
  "id": 351,
  "model_name": "ViT-B-16",
  "optimizer": "SGD",
  "learning_rate": 0.0001,
  "scheduler": {
    "name": "StepLR",
    "step_size": 10,
    "gamma": 0.1
  },
  "loss_fn": {
    "name": "LabelSmoothing",
    "smoothing": 0.1
  }
}
2025-05-03 00:14:38,410 - training.model_ViT-B-16_opt_SGD_lr_0.0001_id_351 - INFO - Initialized training manager for model_ViT-B-16_opt_SGD_lr_0.0001_id_351
2025-05-03 00:14:38,411 - training.model_ViT-B-16_opt_SGD_lr_0.0001_id_351 - INFO - Config: {
  "id": 351,
  "model_name": "ViT-B-16",
  "optimizer": "SGD",
  "learning_rate": 0.0001,
  "scheduler": {
    "name": "StepLR",
    "step_size": 10,
    "gamma": 0.1
  },
  "loss_fn": {
    "name": "LabelSmoothing",
    "smoothing": 0.1
  }
}
2025-05-03 00:14:39,008 - training.model_ViT-B-16_opt_SGD_lr_0.0001_id_351 - INFO - Starting model evaluation
2025-05-03 00:14:48,158 - training.model_ViT-B-16_opt_SGD_lr_0.0001_id_351 - INFO - Evaluation metrics:
  Accuracy:  0.9227
  Precision: 0.8333
  Recall:    0.9091
  F1 Score:  0.8696
  IoU:       0.7692
  mAP:       0.9451
  AUC:       0.9739
2025-05-03 00:14:48,163 - training.model_ViT-B-16_opt_SGD_lr_0.0001_id_351 - INFO - Final results saved to model_results_v2/model_ViT-B-16_opt_SGD_lr_0.0001_id_351/final_results.json
2025-05-03 00:14:48,164 - training.model_ViT-B-16_opt_SGD_lr_0.0001_id_351 - INFO - Final results saved to model_results_v2/model_ViT-B-16_opt_SGD_lr_0.0001_id_351/final_results.json
