2025-05-01 08:39:20,880 - training.model_EfficientNet-B2_opt_Adam_lr_0.01_id_260 - INFO - Initialized training manager for model_EfficientNet-B2_opt_Adam_lr_0.01_id_260
2025-05-01 08:39:20,880 - training.model_EfficientNet-B2_opt_Adam_lr_0.01_id_260 - INFO - Config: {
  "id": 260,
  "model_name": "EfficientNet-B2",
  "optimizer": "Adam",
  "learning_rate": 0.01,
  "scheduler": {
    "name": "CosineAnnealingLR",
    "T_max": 10
  },
  "loss_fn": {
    "name": "FocalLoss",
    "alpha": 0.25,
    "gamma": 2.0
  }
}
2025-05-01 08:39:22,204 - training.model_EfficientNet-B2_opt_Adam_lr_0.01_id_260 - INFO - Starting model evaluation
2025-05-01 08:39:33,277 - training.model_EfficientNet-B2_opt_Adam_lr_0.01_id_260 - INFO - Evaluation metrics:
  Accuracy:  0.8285
  Precision: 0.6697
  Recall:    0.7797
  F1 Score:  0.7205
  IoU:       0.5631
  mAP:       0.8258
  AUC:       0.8983
2025-05-01 08:39:33,279 - training.model_EfficientNet-B2_opt_Adam_lr_0.01_id_260 - INFO - Final results saved to model_results_v2/model_EfficientNet-B2_opt_Adam_lr_0.01_id_260/final_results.json
2025-05-01 08:39:33,281 - training.model_EfficientNet-B2_opt_Adam_lr_0.01_id_260 - INFO - Final results saved to model_results_v2/model_EfficientNet-B2_opt_Adam_lr_0.01_id_260/final_results.json
