2025-05-03 12:45:48,676 - training.model_ConvNeXt_opt_AdamW_lr_0.01_id_730 - INFO - Initialized training manager for model_ConvNeXt_opt_AdamW_lr_0.01_id_730
2025-05-03 12:45:48,676 - training.model_ConvNeXt_opt_AdamW_lr_0.01_id_730 - INFO - Config: {
  "id": 730,
  "model_name": "ConvNeXt",
  "optimizer": "AdamW",
  "learning_rate": 0.01,
  "scheduler": {
    "name": "CosineAnnealingWarmRestarts",
    "T_0": 10
  },
  "loss_fn": {
    "name": "CrossEntropy"
  }
}
2025-05-03 12:45:50,325 - training.model_ConvNeXt_opt_AdamW_lr_0.01_id_730 - INFO - Starting model evaluation
2025-05-03 12:46:01,987 - training.model_ConvNeXt_opt_AdamW_lr_0.01_id_730 - INFO - Evaluation metrics:
  Accuracy:  0.2834
  Precision: 0.2834
  Recall:    1.0000
  F1 Score:  0.4417
  IoU:       0.2834
  mAP:       0.2834
  AUC:       0.5000
2025-05-03 12:46:01,989 - training.model_ConvNeXt_opt_AdamW_lr_0.01_id_730 - INFO - Final results saved to model_results_v2/model_ConvNeXt_opt_AdamW_lr_0.01_id_730/final_results.json
2025-05-03 12:46:01,990 - training.model_ConvNeXt_opt_AdamW_lr_0.01_id_730 - INFO - Final results saved to model_results_v2/model_ConvNeXt_opt_AdamW_lr_0.01_id_730/final_results.json
