2025-05-01 08:38:31,735 - training.model_EfficientNet-B2_opt_Adam_lr_0.01_id_256 - INFO - Initialized training manager for model_EfficientNet-B2_opt_Adam_lr_0.01_id_256
2025-05-01 08:38:31,735 - training.model_EfficientNet-B2_opt_Adam_lr_0.01_id_256 - INFO - Config: {
  "id": 256,
  "model_name": "EfficientNet-B2",
  "optimizer": "Adam",
  "learning_rate": 0.01,
  "scheduler": {
    "name": "ReduceLROnPlateau",
    "patience": 5,
    "factor": 0.5
  },
  "loss_fn": {
    "name": "CrossEntropy"
  }
}
2025-05-01 08:38:32,902 - training.model_EfficientNet-B2_opt_Adam_lr_0.01_id_256 - INFO - Starting model evaluation
2025-05-01 08:38:43,904 - training.model_EfficientNet-B2_opt_Adam_lr_0.01_id_256 - INFO - Evaluation metrics:
  Accuracy:  0.8266
  Precision: 0.6697
  Recall:    0.7657
  F1 Score:  0.7145
  IoU:       0.5558
  mAP:       0.8227
  AUC:       0.8965
2025-05-01 08:38:43,906 - training.model_EfficientNet-B2_opt_Adam_lr_0.01_id_256 - INFO - Final results saved to model_results_v2/model_EfficientNet-B2_opt_Adam_lr_0.01_id_256/final_results.json
2025-05-01 08:38:43,908 - training.model_EfficientNet-B2_opt_Adam_lr_0.01_id_256 - INFO - Final results saved to model_results_v2/model_EfficientNet-B2_opt_Adam_lr_0.01_id_256/final_results.json
