2025-05-01 00:38:55,590 - training.model_ResNet50_opt_SGD_lr_0.0001_id_26 - INFO - Initialized training manager for model_ResNet50_opt_SGD_lr_0.0001_id_26
2025-05-01 00:38:55,590 - training.model_ResNet50_opt_SGD_lr_0.0001_id_26 - INFO - Config: {
  "id": 26,
  "model_name": "ResNet50",
  "optimizer": "SGD",
  "learning_rate": 0.0001,
  "scheduler": {
    "name": "StepLR",
    "step_size": 10,
    "gamma": 0.1
  },
  "loss_fn": {
    "name": "FocalLoss",
    "alpha": 0.25,
    "gamma": 2.0
  }
}
2025-05-01 00:38:55,853 - training.model_ResNet50_opt_SGD_lr_0.0001_id_26 - INFO - Starting model evaluation
2025-05-01 00:39:04,579 - training.model_ResNet50_opt_SGD_lr_0.0001_id_26 - INFO - Evaluation metrics:
  Accuracy:  0.8494
  Precision: 0.7264
  Recall:    0.7517
  F1 Score:  0.7388
  IoU:       0.5858
  mAP:       0.8542
  AUC:       0.9125
2025-05-01 00:39:04,580 - training.model_ResNet50_opt_SGD_lr_0.0001_id_26 - INFO - Final results saved to model_results_v2/model_ResNet50_opt_SGD_lr_0.0001_id_26/final_results.json
2025-05-01 00:39:04,582 - training.model_ResNet50_opt_SGD_lr_0.0001_id_26 - INFO - Final results saved to model_results_v2/model_ResNet50_opt_SGD_lr_0.0001_id_26/final_results.json
