2025-05-01 03:23:01,257 - training.model_ResNet101_opt_SGD_lr_0.0001_id_140 - INFO - Initialized training manager for model_ResNet101_opt_SGD_lr_0.0001_id_140
2025-05-01 03:23:01,258 - training.model_ResNet101_opt_SGD_lr_0.0001_id_140 - INFO - Config: {
  "id": 140,
  "model_name": "ResNet101",
  "optimizer": "SGD",
  "learning_rate": 0.0001,
  "scheduler": {
    "name": "CosineAnnealingLR",
    "T_max": 10
  },
  "loss_fn": {
    "name": "FocalLoss",
    "alpha": 0.25,
    "gamma": 2.0
  }
}
2025-05-01 03:23:01,623 - training.model_ResNet101_opt_SGD_lr_0.0001_id_140 - INFO - Starting model evaluation
2025-05-01 03:23:11,134 - training.model_ResNet101_opt_SGD_lr_0.0001_id_140 - INFO - Evaluation metrics:
  Accuracy:  0.9425
  Precision: 0.8775
  Recall:    0.9266
  F1 Score:  0.9014
  IoU:       0.8204
  mAP:       0.9669
  AUC:       0.9814
2025-05-01 03:23:11,135 - training.model_ResNet101_opt_SGD_lr_0.0001_id_140 - INFO - Final results saved to model_results_v2/model_ResNet101_opt_SGD_lr_0.0001_id_140/final_results.json
2025-05-01 03:23:11,137 - training.model_ResNet101_opt_SGD_lr_0.0001_id_140 - INFO - Final results saved to model_results_v2/model_ResNet101_opt_SGD_lr_0.0001_id_140/final_results.json
