2025-05-03 09:31:47,840 - training.model_ConvNeXt_opt_SGD_lr_0.01_id_658 - INFO - Initialized training manager for model_ConvNeXt_opt_SGD_lr_0.01_id_658
2025-05-03 09:31:47,841 - training.model_ConvNeXt_opt_SGD_lr_0.01_id_658 - INFO - Config: {
  "id": 658,
  "model_name": "ConvNeXt",
  "optimizer": "SGD",
  "learning_rate": 0.01,
  "scheduler": {
    "name": "CosineAnnealingWarmRestarts",
    "T_0": 10
  },
  "loss_fn": {
    "name": "CrossEntropy"
  }
}
2025-05-03 09:31:49,098 - training.model_ConvNeXt_opt_SGD_lr_0.01_id_658 - INFO - Starting model evaluation
2025-05-03 09:32:01,158 - training.model_ConvNeXt_opt_SGD_lr_0.01_id_658 - INFO - Evaluation metrics:
  Accuracy:  0.9514
  Precision: 0.8937
  Recall:    0.9406
  F1 Score:  0.9165
  IoU:       0.8459
  mAP:       0.9644
  AUC:       0.9837
2025-05-03 09:32:01,159 - training.model_ConvNeXt_opt_SGD_lr_0.01_id_658 - INFO - Final results saved to model_results_v2/model_ConvNeXt_opt_SGD_lr_0.01_id_658/final_results.json
2025-05-03 09:32:01,161 - training.model_ConvNeXt_opt_SGD_lr_0.01_id_658 - INFO - Final results saved to model_results_v2/model_ConvNeXt_opt_SGD_lr_0.01_id_658/final_results.json
