2025-05-03 04:24:48,339 - training.model_DenseNet121_opt_Adam_lr_0.01_id_474 - INFO - Initialized training manager for model_DenseNet121_opt_Adam_lr_0.01_id_474
2025-05-03 04:24:48,339 - training.model_DenseNet121_opt_Adam_lr_0.01_id_474 - INFO - Config: {
  "id": 474,
  "model_name": "DenseNet121",
  "optimizer": "Adam",
  "learning_rate": 0.01,
  "scheduler": {
    "name": "ReduceLROnPlateau",
    "patience": 5,
    "factor": 0.5
  },
  "loss_fn": {
    "name": "LabelSmoothing",
    "smoothing": 0.1
  }
}
2025-05-03 04:24:48,647 - training.model_DenseNet121_opt_Adam_lr_0.01_id_474 - INFO - Starting model evaluation
2025-05-03 04:25:00,055 - training.model_DenseNet121_opt_Adam_lr_0.01_id_474 - INFO - Evaluation metrics:
  Accuracy:  0.8424
  Precision: 0.6830
  Recall:    0.8287
  F1 Score:  0.7488
  IoU:       0.5985
  mAP:       0.7684
  AUC:       0.8972
2025-05-03 04:25:00,057 - training.model_DenseNet121_opt_Adam_lr_0.01_id_474 - INFO - Final results saved to model_results_v2/model_DenseNet121_opt_Adam_lr_0.01_id_474/final_results.json
2025-05-03 04:25:00,059 - training.model_DenseNet121_opt_Adam_lr_0.01_id_474 - INFO - Final results saved to model_results_v2/model_DenseNet121_opt_Adam_lr_0.01_id_474/final_results.json
