2025-05-01 01:52:25,671 - training.model_ResNet50_opt_AdamW_lr_0.01_id_78 - INFO - Initialized training manager for model_ResNet50_opt_AdamW_lr_0.01_id_78
2025-05-01 01:52:25,672 - training.model_ResNet50_opt_AdamW_lr_0.01_id_78 - INFO - Config: {
  "id": 78,
  "model_name": "ResNet50",
  "optimizer": "AdamW",
  "learning_rate": 0.01,
  "scheduler": {
    "name": "ReduceLROnPlateau",
    "patience": 5,
    "factor": 0.5
  },
  "loss_fn": {
    "name": "LabelSmoothing",
    "smoothing": 0.1
  }
}
2025-05-01 01:52:26,005 - training.model_ResNet50_opt_AdamW_lr_0.01_id_78 - INFO - Starting model evaluation
2025-05-01 01:52:33,860 - training.model_ResNet50_opt_AdamW_lr_0.01_id_78 - INFO - Evaluation metrics:
  Accuracy:  0.7750
  Precision: 0.7980
  Recall:    0.2762
  F1 Score:  0.4104
  IoU:       0.2582
  mAP:       0.4718
  AUC:       0.6279
2025-05-01 01:52:33,861 - training.model_ResNet50_opt_AdamW_lr_0.01_id_78 - INFO - Final results saved to model_results_v2/model_ResNet50_opt_AdamW_lr_0.01_id_78/final_results.json
2025-05-01 01:52:33,863 - training.model_ResNet50_opt_AdamW_lr_0.01_id_78 - INFO - Final results saved to model_results_v2/model_ResNet50_opt_AdamW_lr_0.01_id_78/final_results.json
