2025-05-01 09:22:23,684 - training.model_EfficientNet-B2_opt_Adam_lr_0.0001_id_284 - INFO - Initialized training manager for model_EfficientNet-B2_opt_Adam_lr_0.0001_id_284
2025-05-01 09:22:23,684 - training.model_EfficientNet-B2_opt_Adam_lr_0.0001_id_284 - INFO - Config: {
  "id": 284,
  "model_name": "EfficientNet-B2",
  "optimizer": "Adam",
  "learning_rate": 0.0001,
  "scheduler": {
    "name": "CosineAnnealingLR",
    "T_max": 10
  },
  "loss_fn": {
    "name": "FocalLoss",
    "alpha": 0.25,
    "gamma": 2.0
  }
}
2025-05-01 09:22:25,040 - training.model_EfficientNet-B2_opt_Adam_lr_0.0001_id_284 - INFO - Starting model evaluation
2025-05-01 09:22:36,713 - training.model_EfficientNet-B2_opt_Adam_lr_0.0001_id_284 - INFO - Evaluation metrics:
  Accuracy:  0.9623
  Precision: 0.9026
  Recall:    0.9720
  F1 Score:  0.9360
  IoU:       0.8797
  mAP:       0.9837
  AUC:       0.9924
2025-05-01 09:22:36,715 - training.model_EfficientNet-B2_opt_Adam_lr_0.0001_id_284 - INFO - Final results saved to model_results_v2/model_EfficientNet-B2_opt_Adam_lr_0.0001_id_284/final_results.json
2025-05-01 09:22:36,716 - training.model_EfficientNet-B2_opt_Adam_lr_0.0001_id_284 - INFO - Final results saved to model_results_v2/model_EfficientNet-B2_opt_Adam_lr_0.0001_id_284/final_results.json
