2025-05-01 06:23:11,783 - training.model_ResNet101_opt_AdamW_lr_0.01_id_188 - INFO - Initialized training manager for model_ResNet101_opt_AdamW_lr_0.01_id_188
2025-05-01 06:23:11,783 - training.model_ResNet101_opt_AdamW_lr_0.01_id_188 - INFO - Config: {
  "id": 188,
  "model_name": "ResNet101",
  "optimizer": "AdamW",
  "learning_rate": 0.01,
  "scheduler": {
    "name": "CosineAnnealingLR",
    "T_max": 10
  },
  "loss_fn": {
    "name": "FocalLoss",
    "alpha": 0.25,
    "gamma": 2.0
  }
}
2025-05-01 06:23:13,851 - training.model_ResNet101_opt_AdamW_lr_0.01_id_188 - INFO - Starting model evaluation
2025-05-01 06:23:25,484 - training.model_ResNet101_opt_AdamW_lr_0.01_id_188 - INFO - Evaluation metrics:
  Accuracy:  0.7166
  Precision: 0.0000
  Recall:    0.0000
  F1 Score:  0.0000
  IoU:       0.0000
  mAP:       0.2836
  AUC:       0.4921
2025-05-01 06:23:25,485 - training.model_ResNet101_opt_AdamW_lr_0.01_id_188 - INFO - Final results saved to model_results_v2/model_ResNet101_opt_AdamW_lr_0.01_id_188/final_results.json
2025-05-01 06:23:25,486 - training.model_ResNet101_opt_AdamW_lr_0.01_id_188 - INFO - Final results saved to model_results_v2/model_ResNet101_opt_AdamW_lr_0.01_id_188/final_results.json
