2025-05-01 00:58:20,388 - training.model_ResNet50_opt_Adam_lr_0.01_id_43 - INFO - Initialized training manager for model_ResNet50_opt_Adam_lr_0.01_id_43
2025-05-01 00:58:20,388 - training.model_ResNet50_opt_Adam_lr_0.01_id_43 - INFO - Config: {
  "id": 43,
  "model_name": "ResNet50",
  "optimizer": "Adam",
  "learning_rate": 0.01,
  "scheduler": {
    "name": "CosineAnnealingLR",
    "T_max": 10
  },
  "loss_fn": {
    "name": "CrossEntropy"
  }
}
2025-05-01 00:58:20,642 - training.model_ResNet50_opt_Adam_lr_0.01_id_43 - INFO - Starting model evaluation
2025-05-01 00:58:29,523 - training.model_ResNet50_opt_Adam_lr_0.01_id_43 - INFO - Evaluation metrics:
  Accuracy:  0.7730
  Precision: 0.5707
  Recall:    0.8042
  F1 Score:  0.6676
  IoU:       0.5011
  mAP:       0.7105
  AUC:       0.8561
2025-05-01 00:58:29,525 - training.model_ResNet50_opt_Adam_lr_0.01_id_43 - INFO - Final results saved to model_results_v2/model_ResNet50_opt_Adam_lr_0.01_id_43/final_results.json
2025-05-01 00:58:29,526 - training.model_ResNet50_opt_Adam_lr_0.01_id_43 - INFO - Final results saved to model_results_v2/model_ResNet50_opt_Adam_lr_0.01_id_43/final_results.json
