2025-05-01 11:28:30,993 - training.model_ViT-B-16_opt_SGD_lr_0.0001_id_359 - INFO - Initialized training manager for model_ViT-B-16_opt_SGD_lr_0.0001_id_359
2025-05-01 11:28:30,993 - training.model_ViT-B-16_opt_SGD_lr_0.0001_id_359 - INFO - Config: {
  "id": 359,
  "model_name": "ViT-B-16",
  "optimizer": "SGD",
  "learning_rate": 0.0001,
  "scheduler": {
    "name": "CosineAnnealingWarmRestarts",
    "T_0": 10
  },
  "loss_fn": {
    "name": "FocalLoss",
    "alpha": 0.25,
    "gamma": 2.0
  }
}
2025-05-03 00:15:57,949 - training.model_ViT-B-16_opt_SGD_lr_0.0001_id_359 - INFO - Initialized training manager for model_ViT-B-16_opt_SGD_lr_0.0001_id_359
2025-05-03 00:15:57,950 - training.model_ViT-B-16_opt_SGD_lr_0.0001_id_359 - INFO - Config: {
  "id": 359,
  "model_name": "ViT-B-16",
  "optimizer": "SGD",
  "learning_rate": 0.0001,
  "scheduler": {
    "name": "CosineAnnealingWarmRestarts",
    "T_0": 10
  },
  "loss_fn": {
    "name": "FocalLoss",
    "alpha": 0.25,
    "gamma": 2.0
  }
}
2025-05-03 00:15:58,578 - training.model_ViT-B-16_opt_SGD_lr_0.0001_id_359 - INFO - Starting model evaluation
2025-05-03 00:16:32,156 - training.model_ViT-B-16_opt_SGD_lr_0.0001_id_359 - INFO - Evaluation metrics:
  Accuracy:  0.9306
  Precision: 0.8506
  Recall:    0.9161
  F1 Score:  0.8822
  IoU:       0.7892
  mAP:       0.9454
  AUC:       0.9739
2025-05-03 00:16:32,159 - training.model_ViT-B-16_opt_SGD_lr_0.0001_id_359 - INFO - Final results saved to model_results_v2/model_ViT-B-16_opt_SGD_lr_0.0001_id_359/final_results.json
2025-05-03 00:16:32,160 - training.model_ViT-B-16_opt_SGD_lr_0.0001_id_359 - INFO - Final results saved to model_results_v2/model_ViT-B-16_opt_SGD_lr_0.0001_id_359/final_results.json
