2025-05-01 11:52:15,964 - training.model_DenseNet121_opt_SGD_lr_0.001_id_445 - INFO - Initialized training manager for model_DenseNet121_opt_SGD_lr_0.001_id_445
2025-05-01 11:52:15,964 - training.model_DenseNet121_opt_SGD_lr_0.001_id_445 - INFO - Config: {
  "id": 445,
  "model_name": "DenseNet121",
  "optimizer": "SGD",
  "learning_rate": 0.001,
  "scheduler": {
    "name": "StepLR",
    "step_size": 10,
    "gamma": 0.1
  },
  "loss_fn": {
    "name": "CrossEntropy"
  }
}
2025-05-01 12:12:39,499 - training.model_DenseNet121_opt_SGD_lr_0.001_id_445 - INFO - Starting model evaluation
2025-05-01 12:12:51,684 - training.model_DenseNet121_opt_SGD_lr_0.001_id_445 - INFO - Evaluation metrics:
  Accuracy:  0.9673
  Precision: 0.9317
  Recall:    0.9545
  F1 Score:  0.9430
  IoU:       0.8922
  mAP:       0.9870
  AUC:       0.9931
2025-05-01 12:12:51,686 - training.model_DenseNet121_opt_SGD_lr_0.001_id_445 - INFO - Final results saved to model_results_v2/model_DenseNet121_opt_SGD_lr_0.001_id_445/final_results.json
2025-05-01 12:12:51,687 - training.model_DenseNet121_opt_SGD_lr_0.001_id_445 - INFO - Final results saved to model_results_v2/model_DenseNet121_opt_SGD_lr_0.001_id_445/final_results.json
