2025-05-01 07:13:53,008 - training.model_ResNet101_opt_AdamW_lr_0.0001_id_212 - INFO - Initialized training manager for model_ResNet101_opt_AdamW_lr_0.0001_id_212
2025-05-01 07:13:53,008 - training.model_ResNet101_opt_AdamW_lr_0.0001_id_212 - INFO - Config: {
  "id": 212,
  "model_name": "ResNet101",
  "optimizer": "AdamW",
  "learning_rate": 0.0001,
  "scheduler": {
    "name": "CosineAnnealingLR",
    "T_max": 10
  },
  "loss_fn": {
    "name": "FocalLoss",
    "alpha": 0.25,
    "gamma": 2.0
  }
}
2025-05-01 07:13:54,954 - training.model_ResNet101_opt_AdamW_lr_0.0001_id_212 - INFO - Starting model evaluation
2025-05-01 07:14:06,830 - training.model_ResNet101_opt_AdamW_lr_0.0001_id_212 - INFO - Evaluation metrics:
  Accuracy:  0.9643
  Precision: 0.9281
  Recall:    0.9476
  F1 Score:  0.9377
  IoU:       0.8827
  mAP:       0.9698
  AUC:       0.9865
2025-05-01 07:14:06,832 - training.model_ResNet101_opt_AdamW_lr_0.0001_id_212 - INFO - Final results saved to model_results_v2/model_ResNet101_opt_AdamW_lr_0.0001_id_212/final_results.json
2025-05-01 07:14:06,833 - training.model_ResNet101_opt_AdamW_lr_0.0001_id_212 - INFO - Final results saved to model_results_v2/model_ResNet101_opt_AdamW_lr_0.0001_id_212/final_results.json
