2025-05-01 03:05:26,163 - training.model_ResNet101_opt_SGD_lr_0.0001_id_133 - INFO - Initialized training manager for model_ResNet101_opt_SGD_lr_0.0001_id_133
2025-05-01 03:05:26,163 - training.model_ResNet101_opt_SGD_lr_0.0001_id_133 - INFO - Config: {
  "id": 133,
  "model_name": "ResNet101",
  "optimizer": "SGD",
  "learning_rate": 0.0001,
  "scheduler": {
    "name": "StepLR",
    "step_size": 10,
    "gamma": 0.1
  },
  "loss_fn": {
    "name": "CrossEntropy"
  }
}
2025-05-01 03:21:52,160 - training.model_ResNet101_opt_SGD_lr_0.0001_id_133 - INFO - Starting model evaluation
2025-05-01 03:22:01,670 - training.model_ResNet101_opt_SGD_lr_0.0001_id_133 - INFO - Evaluation metrics:
  Accuracy:  0.9415
  Precision: 0.8847
  Recall:    0.9126
  F1 Score:  0.8985
  IoU:       0.8156
  mAP:       0.9641
  AUC:       0.9793
2025-05-01 03:22:01,671 - training.model_ResNet101_opt_SGD_lr_0.0001_id_133 - INFO - Final results saved to model_results_v2/model_ResNet101_opt_SGD_lr_0.0001_id_133/final_results.json
2025-05-01 03:22:01,673 - training.model_ResNet101_opt_SGD_lr_0.0001_id_133 - INFO - Final results saved to model_results_v2/model_ResNet101_opt_SGD_lr_0.0001_id_133/final_results.json
