2025-05-03 08:17:36,770 - training.model_MobileNetV3_opt_AdamW_lr_0.01_id_620 - INFO - Initialized training manager for model_MobileNetV3_opt_AdamW_lr_0.01_id_620
2025-05-03 08:17:36,770 - training.model_MobileNetV3_opt_AdamW_lr_0.01_id_620 - INFO - Config: {
  "id": 620,
  "model_name": "MobileNetV3",
  "optimizer": "AdamW",
  "learning_rate": 0.01,
  "scheduler": {
    "name": "CosineAnnealingLR",
    "T_max": 10
  },
  "loss_fn": {
    "name": "FocalLoss",
    "alpha": 0.25,
    "gamma": 2.0
  }
}
2025-05-03 08:18:25,629 - training.model_MobileNetV3_opt_AdamW_lr_0.01_id_620 - INFO - Starting model evaluation
2025-05-03 08:18:34,973 - training.model_MobileNetV3_opt_AdamW_lr_0.01_id_620 - INFO - Evaluation metrics:
  Accuracy:  0.2834
  Precision: 0.2834
  Recall:    1.0000
  F1 Score:  0.4417
  IoU:       0.2834
  mAP:       0.2834
  AUC:       0.5000
2025-05-03 08:18:34,974 - training.model_MobileNetV3_opt_AdamW_lr_0.01_id_620 - INFO - Final results saved to model_results_v2/model_MobileNetV3_opt_AdamW_lr_0.01_id_620/final_results.json
2025-05-03 08:18:34,975 - training.model_MobileNetV3_opt_AdamW_lr_0.01_id_620 - INFO - Final results saved to model_results_v2/model_MobileNetV3_opt_AdamW_lr_0.01_id_620/final_results.json
