2025-05-01 08:38:07,146 - training.model_EfficientNet-B2_opt_Adam_lr_0.01_id_254 - INFO - Initialized training manager for model_EfficientNet-B2_opt_Adam_lr_0.01_id_254
2025-05-01 08:38:07,146 - training.model_EfficientNet-B2_opt_Adam_lr_0.01_id_254 - INFO - Config: {
  "id": 254,
  "model_name": "EfficientNet-B2",
  "optimizer": "Adam",
  "learning_rate": 0.01,
  "scheduler": {
    "name": "StepLR",
    "step_size": 10,
    "gamma": 0.1
  },
  "loss_fn": {
    "name": "FocalLoss",
    "alpha": 0.25,
    "gamma": 2.0
  }
}
2025-05-01 08:38:08,406 - training.model_EfficientNet-B2_opt_Adam_lr_0.01_id_254 - INFO - Starting model evaluation
2025-05-01 08:38:19,390 - training.model_EfficientNet-B2_opt_Adam_lr_0.01_id_254 - INFO - Evaluation metrics:
  Accuracy:  0.8325
  Precision: 0.6757
  Recall:    0.7867
  F1 Score:  0.7270
  IoU:       0.5711
  mAP:       0.8251
  AUC:       0.9013
2025-05-01 08:38:19,391 - training.model_EfficientNet-B2_opt_Adam_lr_0.01_id_254 - INFO - Final results saved to model_results_v2/model_EfficientNet-B2_opt_Adam_lr_0.01_id_254/final_results.json
2025-05-01 08:38:19,393 - training.model_EfficientNet-B2_opt_Adam_lr_0.01_id_254 - INFO - Final results saved to model_results_v2/model_EfficientNet-B2_opt_Adam_lr_0.01_id_254/final_results.json
