2025-05-03 05:07:57,885 - training.model_DenseNet121_opt_Adam_lr_0.0001_id_503 - INFO - Initialized training manager for model_DenseNet121_opt_Adam_lr_0.0001_id_503
2025-05-03 05:07:57,885 - training.model_DenseNet121_opt_Adam_lr_0.0001_id_503 - INFO - Config: {
  "id": 503,
  "model_name": "DenseNet121",
  "optimizer": "Adam",
  "learning_rate": 0.0001,
  "scheduler": {
    "name": "CosineAnnealingWarmRestarts",
    "T_0": 10
  },
  "loss_fn": {
    "name": "FocalLoss",
    "alpha": 0.25,
    "gamma": 2.0
  }
}
2025-05-03 05:07:58,192 - training.model_DenseNet121_opt_Adam_lr_0.0001_id_503 - INFO - Starting model evaluation
2025-05-03 05:08:10,162 - training.model_DenseNet121_opt_Adam_lr_0.0001_id_503 - INFO - Evaluation metrics:
  Accuracy:  0.9653
  Precision: 0.9313
  Recall:    0.9476
  F1 Score:  0.9393
  IoU:       0.8856
  mAP:       0.9806
  AUC:       0.9895
2025-05-03 05:08:10,163 - training.model_DenseNet121_opt_Adam_lr_0.0001_id_503 - INFO - Final results saved to model_results_v2/model_DenseNet121_opt_Adam_lr_0.0001_id_503/final_results.json
2025-05-03 05:08:10,165 - training.model_DenseNet121_opt_Adam_lr_0.0001_id_503 - INFO - Final results saved to model_results_v2/model_DenseNet121_opt_Adam_lr_0.0001_id_503/final_results.json
