2025-05-03 13:22:02,674 - training.model_ConvNeXt_opt_AdamW_lr_0.001_id_740 - INFO - Initialized training manager for model_ConvNeXt_opt_AdamW_lr_0.001_id_740
2025-05-03 13:22:02,674 - training.model_ConvNeXt_opt_AdamW_lr_0.001_id_740 - INFO - Config: {
  "id": 740,
  "model_name": "ConvNeXt",
  "optimizer": "AdamW",
  "learning_rate": 0.001,
  "scheduler": {
    "name": "CosineAnnealingLR",
    "T_max": 10
  },
  "loss_fn": {
    "name": "FocalLoss",
    "alpha": 0.25,
    "gamma": 2.0
  }
}
2025-05-03 13:22:03,916 - training.model_ConvNeXt_opt_AdamW_lr_0.001_id_740 - INFO - Starting model evaluation
2025-05-03 13:22:15,474 - training.model_ConvNeXt_opt_AdamW_lr_0.001_id_740 - INFO - Evaluation metrics:
  Accuracy:  0.2834
  Precision: 0.2834
  Recall:    1.0000
  F1 Score:  0.4417
  IoU:       0.2834
  mAP:       0.2822
  AUC:       0.4904
2025-05-03 13:22:15,475 - training.model_ConvNeXt_opt_AdamW_lr_0.001_id_740 - INFO - Final results saved to model_results_v2/model_ConvNeXt_opt_AdamW_lr_0.001_id_740/final_results.json
2025-05-03 13:22:15,477 - training.model_ConvNeXt_opt_AdamW_lr_0.001_id_740 - INFO - Final results saved to model_results_v2/model_ConvNeXt_opt_AdamW_lr_0.001_id_740/final_results.json
