2025-05-03 07:25:10,336 - training.model_MobileNetV3_opt_Adam_lr_0.001_id_589 - INFO - Initialized training manager for model_MobileNetV3_opt_Adam_lr_0.001_id_589
2025-05-03 07:25:10,336 - training.model_MobileNetV3_opt_Adam_lr_0.001_id_589 - INFO - Config: {
  "id": 589,
  "model_name": "MobileNetV3",
  "optimizer": "Adam",
  "learning_rate": 0.001,
  "scheduler": {
    "name": "StepLR",
    "step_size": 10,
    "gamma": 0.1
  },
  "loss_fn": {
    "name": "CrossEntropy"
  }
}
2025-05-03 07:41:30,446 - training.model_MobileNetV3_opt_Adam_lr_0.001_id_589 - INFO - Starting model evaluation
2025-05-03 07:41:39,396 - training.model_MobileNetV3_opt_Adam_lr_0.001_id_589 - INFO - Evaluation metrics:
  Accuracy:  0.9554
  Precision: 0.8925
  Recall:    0.9580
  F1 Score:  0.9241
  IoU:       0.8589
  mAP:       0.9665
  AUC:       0.9870
2025-05-03 07:41:39,397 - training.model_MobileNetV3_opt_Adam_lr_0.001_id_589 - INFO - Final results saved to model_results_v2/model_MobileNetV3_opt_Adam_lr_0.001_id_589/final_results.json
2025-05-03 07:41:39,399 - training.model_MobileNetV3_opt_Adam_lr_0.001_id_589 - INFO - Final results saved to model_results_v2/model_MobileNetV3_opt_Adam_lr_0.001_id_589/final_results.json
