2025-05-01 02:46:53,448 - training.model_ResNet101_opt_SGD_lr_0.01_id_120 - INFO - Initialized training manager for model_ResNet101_opt_SGD_lr_0.01_id_120
2025-05-01 02:46:53,448 - training.model_ResNet101_opt_SGD_lr_0.01_id_120 - INFO - Config: {
  "id": 120,
  "model_name": "ResNet101",
  "optimizer": "SGD",
  "learning_rate": 0.01,
  "scheduler": {
    "name": "CosineAnnealingWarmRestarts",
    "T_0": 10
  },
  "loss_fn": {
    "name": "LabelSmoothing",
    "smoothing": 0.1
  }
}
2025-05-01 02:46:53,802 - training.model_ResNet101_opt_SGD_lr_0.01_id_120 - INFO - Starting model evaluation
2025-05-01 02:47:03,856 - training.model_ResNet101_opt_SGD_lr_0.01_id_120 - INFO - Evaluation metrics:
  Accuracy:  0.9693
  Precision: 0.9293
  Recall:    0.9650
  F1 Score:  0.9468
  IoU:       0.8990
  mAP:       0.9816
  AUC:       0.9936
2025-05-01 02:47:03,858 - training.model_ResNet101_opt_SGD_lr_0.01_id_120 - INFO - Final results saved to model_results_v2/model_ResNet101_opt_SGD_lr_0.01_id_120/final_results.json
2025-05-01 02:47:03,860 - training.model_ResNet101_opt_SGD_lr_0.01_id_120 - INFO - Final results saved to model_results_v2/model_ResNet101_opt_SGD_lr_0.01_id_120/final_results.json
