2025-05-01 00:01:26,887 - training.model_ResNet50_opt_SGD_lr_0.01_id_5 - INFO - Initialized training manager for model_ResNet50_opt_SGD_lr_0.01_id_5
2025-05-01 00:01:26,887 - training.model_ResNet50_opt_SGD_lr_0.01_id_5 - INFO - Config: {
  "id": 5,
  "model_name": "ResNet50",
  "optimizer": "SGD",
  "learning_rate": 0.01,
  "scheduler": {
    "name": "ReduceLROnPlateau",
    "patience": 5,
    "factor": 0.5
  },
  "loss_fn": {
    "name": "FocalLoss",
    "alpha": 0.25,
    "gamma": 2.0
  }
}
2025-05-01 00:01:27,091 - training.model_ResNet50_opt_SGD_lr_0.01_id_5 - INFO - Starting model evaluation
2025-05-01 00:01:35,786 - training.model_ResNet50_opt_SGD_lr_0.01_id_5 - INFO - Evaluation metrics:
  Accuracy:  0.9742
  Precision: 0.9483
  Recall:    0.9615
  F1 Score:  0.9549
  IoU:       0.9136
  mAP:       0.9870
  AUC:       0.9912
2025-05-01 00:01:35,788 - training.model_ResNet50_opt_SGD_lr_0.01_id_5 - INFO - Final results saved to model_results_v2/model_ResNet50_opt_SGD_lr_0.01_id_5/final_results.json
2025-05-01 00:01:35,789 - training.model_ResNet50_opt_SGD_lr_0.01_id_5 - INFO - Final results saved to model_results_v2/model_ResNet50_opt_SGD_lr_0.01_id_5/final_results.json
