2025-05-03 10:05:44,174 - training.model_ConvNeXt_opt_SGD_lr_0.001_id_664 - INFO - Initialized training manager for model_ConvNeXt_opt_SGD_lr_0.001_id_664
2025-05-03 10:05:44,174 - training.model_ConvNeXt_opt_SGD_lr_0.001_id_664 - INFO - Config: {
  "id": 664,
  "model_name": "ConvNeXt",
  "optimizer": "SGD",
  "learning_rate": 0.001,
  "scheduler": {
    "name": "ReduceLROnPlateau",
    "patience": 5,
    "factor": 0.5
  },
  "loss_fn": {
    "name": "CrossEntropy"
  }
}
2025-05-03 10:05:45,263 - training.model_ConvNeXt_opt_SGD_lr_0.001_id_664 - INFO - Starting model evaluation
2025-05-03 10:05:56,989 - training.model_ConvNeXt_opt_SGD_lr_0.001_id_664 - INFO - Evaluation metrics:
  Accuracy:  0.9633
  Precision: 0.9220
  Recall:    0.9510
  F1 Score:  0.9363
  IoU:       0.8803
  mAP:       0.9851
  AUC:       0.9935
2025-05-03 10:05:56,991 - training.model_ConvNeXt_opt_SGD_lr_0.001_id_664 - INFO - Final results saved to model_results_v2/model_ConvNeXt_opt_SGD_lr_0.001_id_664/final_results.json
2025-05-03 10:05:56,992 - training.model_ConvNeXt_opt_SGD_lr_0.001_id_664 - INFO - Final results saved to model_results_v2/model_ConvNeXt_opt_SGD_lr_0.001_id_664/final_results.json
