2025-05-01 10:59:22,432 - training.model_ViT-B-16_opt_SGD_lr_0.001_id_337 - INFO - Initialized training manager for model_ViT-B-16_opt_SGD_lr_0.001_id_337
2025-05-01 10:59:22,432 - training.model_ViT-B-16_opt_SGD_lr_0.001_id_337 - INFO - Config: {
  "id": 337,
  "model_name": "ViT-B-16",
  "optimizer": "SGD",
  "learning_rate": 0.001,
  "scheduler": {
    "name": "StepLR",
    "step_size": 10,
    "gamma": 0.1
  },
  "loss_fn": {
    "name": "CrossEntropy"
  }
}
2025-05-01 11:25:49,816 - training.model_ViT-B-16_opt_SGD_lr_0.001_id_337 - INFO - Starting model evaluation
2025-05-01 11:26:02,219 - training.model_ViT-B-16_opt_SGD_lr_0.001_id_337 - INFO - Evaluation metrics:
  Accuracy:  0.9623
  Precision: 0.9366
  Recall:    0.9301
  F1 Score:  0.9333
  IoU:       0.8750
  mAP:       0.9850
  AUC:       0.9938
2025-05-01 11:26:02,220 - training.model_ViT-B-16_opt_SGD_lr_0.001_id_337 - INFO - Final results saved to model_results_v2/model_ViT-B-16_opt_SGD_lr_0.001_id_337/final_results.json
2025-05-01 11:26:02,222 - training.model_ViT-B-16_opt_SGD_lr_0.001_id_337 - INFO - Final results saved to model_results_v2/model_ViT-B-16_opt_SGD_lr_0.001_id_337/final_results.json
