2025-05-01 02:27:55,169 - training.model_ResNet50_opt_AdamW_lr_0.0001_id_104 - INFO - Initialized training manager for model_ResNet50_opt_AdamW_lr_0.0001_id_104
2025-05-01 02:27:55,169 - training.model_ResNet50_opt_AdamW_lr_0.0001_id_104 - INFO - Config: {
  "id": 104,
  "model_name": "ResNet50",
  "optimizer": "AdamW",
  "learning_rate": 0.0001,
  "scheduler": {
    "name": "CosineAnnealingLR",
    "T_max": 10
  },
  "loss_fn": {
    "name": "FocalLoss",
    "alpha": 0.25,
    "gamma": 2.0
  }
}
2025-05-01 02:27:55,407 - training.model_ResNet50_opt_AdamW_lr_0.0001_id_104 - INFO - Starting model evaluation
2025-05-01 02:28:03,593 - training.model_ResNet50_opt_AdamW_lr_0.0001_id_104 - INFO - Evaluation metrics:
  Accuracy:  0.9782
  Precision: 0.9583
  Recall:    0.9650
  F1 Score:  0.9617
  IoU:       0.9262
  mAP:       0.9871
  AUC:       0.9932
2025-05-01 02:28:03,595 - training.model_ResNet50_opt_AdamW_lr_0.0001_id_104 - INFO - Final results saved to model_results_v2/model_ResNet50_opt_AdamW_lr_0.0001_id_104/final_results.json
2025-05-01 02:28:03,596 - training.model_ResNet50_opt_AdamW_lr_0.0001_id_104 - INFO - Final results saved to model_results_v2/model_ResNet50_opt_AdamW_lr_0.0001_id_104/final_results.json
