2025-05-01 11:26:18,044 - training.model_ViT-B-16_opt_SGD_lr_0.001_id_340 - INFO - Initialized training manager for model_ViT-B-16_opt_SGD_lr_0.001_id_340
2025-05-01 11:26:18,044 - training.model_ViT-B-16_opt_SGD_lr_0.001_id_340 - INFO - Config: {
  "id": 340,
  "model_name": "ViT-B-16",
  "optimizer": "SGD",
  "learning_rate": 0.001,
  "scheduler": {
    "name": "ReduceLROnPlateau",
    "patience": 5,
    "factor": 0.5
  },
  "loss_fn": {
    "name": "CrossEntropy"
  }
}
2025-05-01 11:26:19,092 - training.model_ViT-B-16_opt_SGD_lr_0.001_id_340 - INFO - Starting model evaluation
2025-05-01 11:26:31,728 - training.model_ViT-B-16_opt_SGD_lr_0.001_id_340 - INFO - Evaluation metrics:
  Accuracy:  0.9633
  Precision: 0.9338
  Recall:    0.9371
  F1 Score:  0.9354
  IoU:       0.8787
  mAP:       0.9845
  AUC:       0.9934
2025-05-01 11:26:31,730 - training.model_ViT-B-16_opt_SGD_lr_0.001_id_340 - INFO - Final results saved to model_results_v2/model_ViT-B-16_opt_SGD_lr_0.001_id_340/final_results.json
2025-05-01 11:26:31,731 - training.model_ViT-B-16_opt_SGD_lr_0.001_id_340 - INFO - Final results saved to model_results_v2/model_ViT-B-16_opt_SGD_lr_0.001_id_340/final_results.json
