2025-05-01 00:21:16,739 - training.model_ResNet50_opt_SGD_lr_0.001_id_23 - INFO - Initialized training manager for model_ResNet50_opt_SGD_lr_0.001_id_23
2025-05-01 00:21:16,739 - training.model_ResNet50_opt_SGD_lr_0.001_id_23 - INFO - Config: {
  "id": 23,
  "model_name": "ResNet50",
  "optimizer": "SGD",
  "learning_rate": 0.001,
  "scheduler": {
    "name": "CosineAnnealingWarmRestarts",
    "T_0": 10
  },
  "loss_fn": {
    "name": "FocalLoss",
    "alpha": 0.25,
    "gamma": 2.0
  }
}
2025-05-01 00:21:16,972 - training.model_ResNet50_opt_SGD_lr_0.001_id_23 - INFO - Starting model evaluation
2025-05-01 00:21:25,691 - training.model_ResNet50_opt_SGD_lr_0.001_id_23 - INFO - Evaluation metrics:
  Accuracy:  0.9564
  Precision: 0.9116
  Recall:    0.9371
  F1 Score:  0.9241
  IoU:       0.8590
  mAP:       0.9823
  AUC:       0.9911
2025-05-01 00:21:25,694 - training.model_ResNet50_opt_SGD_lr_0.001_id_23 - INFO - Final results saved to model_results_v2/model_ResNet50_opt_SGD_lr_0.001_id_23/final_results.json
2025-05-01 00:21:25,696 - training.model_ResNet50_opt_SGD_lr_0.001_id_23 - INFO - Final results saved to model_results_v2/model_ResNet50_opt_SGD_lr_0.001_id_23/final_results.json
