2025-05-01 07:15:00,076 - training.model_EfficientNet-B2_opt_SGD_lr_0.01_id_217 - INFO - Initialized training manager for model_EfficientNet-B2_opt_SGD_lr_0.01_id_217
2025-05-01 07:15:00,076 - training.model_EfficientNet-B2_opt_SGD_lr_0.01_id_217 - INFO - Config: {
  "id": 217,
  "model_name": "EfficientNet-B2",
  "optimizer": "SGD",
  "learning_rate": 0.01,
  "scheduler": {
    "name": "StepLR",
    "step_size": 10,
    "gamma": 0.1
  },
  "loss_fn": {
    "name": "CrossEntropy"
  }
}
2025-05-01 07:33:54,163 - training.model_EfficientNet-B2_opt_SGD_lr_0.01_id_217 - INFO - Starting model evaluation
2025-05-01 07:34:05,209 - training.model_EfficientNet-B2_opt_SGD_lr_0.01_id_217 - INFO - Evaluation metrics:
  Accuracy:  0.9732
  Precision: 0.9360
  Recall:    0.9720
  F1 Score:  0.9537
  IoU:       0.9115
  mAP:       0.9881
  AUC:       0.9916
2025-05-01 07:34:05,210 - training.model_EfficientNet-B2_opt_SGD_lr_0.01_id_217 - INFO - Final results saved to model_results_v2/model_EfficientNet-B2_opt_SGD_lr_0.01_id_217/final_results.json
2025-05-01 07:34:05,212 - training.model_EfficientNet-B2_opt_SGD_lr_0.01_id_217 - INFO - Final results saved to model_results_v2/model_EfficientNet-B2_opt_SGD_lr_0.01_id_217/final_results.json
