2025-05-01 11:28:49,343 - training.model_ViT-B-16_opt_Adam_lr_0.001_id_373 - INFO - Initialized training manager for model_ViT-B-16_opt_Adam_lr_0.001_id_373
2025-05-01 11:28:49,343 - training.model_ViT-B-16_opt_Adam_lr_0.001_id_373 - INFO - Config: {
  "id": 373,
  "model_name": "ViT-B-16",
  "optimizer": "Adam",
  "learning_rate": 0.001,
  "scheduler": {
    "name": "StepLR",
    "step_size": 10,
    "gamma": 0.1
  },
  "loss_fn": {
    "name": "CrossEntropy"
  }
}
2025-05-03 00:48:41,354 - training.model_ViT-B-16_opt_Adam_lr_0.001_id_373 - INFO - Initialized training manager for model_ViT-B-16_opt_Adam_lr_0.001_id_373
2025-05-03 00:48:41,354 - training.model_ViT-B-16_opt_Adam_lr_0.001_id_373 - INFO - Config: {
  "id": 373,
  "model_name": "ViT-B-16",
  "optimizer": "Adam",
  "learning_rate": 0.001,
  "scheduler": {
    "name": "StepLR",
    "step_size": 10,
    "gamma": 0.1
  },
  "loss_fn": {
    "name": "CrossEntropy"
  }
}
2025-05-03 01:38:33,034 - training.model_ViT-B-16_opt_Adam_lr_0.001_id_373 - INFO - Starting model evaluation
2025-05-03 01:39:37,465 - training.model_ViT-B-16_opt_Adam_lr_0.001_id_373 - INFO - Evaluation metrics:
  Accuracy:  0.7166
  Precision: 0.0000
  Recall:    0.0000
  F1 Score:  0.0000
  IoU:       0.0000
  mAP:       0.2796
  AUC:       0.4843
2025-05-03 01:39:37,468 - training.model_ViT-B-16_opt_Adam_lr_0.001_id_373 - INFO - Final results saved to model_results_v2/model_ViT-B-16_opt_Adam_lr_0.001_id_373/final_results.json
2025-05-03 01:39:37,470 - training.model_ViT-B-16_opt_Adam_lr_0.001_id_373 - INFO - Final results saved to model_results_v2/model_ViT-B-16_opt_Adam_lr_0.001_id_373/final_results.json
