2025-05-01 11:28:04,717 - training.model_ViT-B-16_opt_SGD_lr_0.001_id_348 - INFO - Initialized training manager for model_ViT-B-16_opt_SGD_lr_0.001_id_348
2025-05-01 11:28:04,718 - training.model_ViT-B-16_opt_SGD_lr_0.001_id_348 - INFO - Config: {
  "id": 348,
  "model_name": "ViT-B-16",
  "optimizer": "SGD",
  "learning_rate": 0.001,
  "scheduler": {
    "name": "CosineAnnealingWarmRestarts",
    "T_0": 10
  },
  "loss_fn": {
    "name": "LabelSmoothing",
    "smoothing": 0.1
  }
}
2025-05-01 11:28:05,774 - training.model_ViT-B-16_opt_SGD_lr_0.001_id_348 - INFO - Starting model evaluation
2025-05-01 11:28:17,900 - training.model_ViT-B-16_opt_SGD_lr_0.001_id_348 - INFO - Evaluation metrics:
  Accuracy:  0.9594
  Precision: 0.9359
  Recall:    0.9196
  F1 Score:  0.9277
  IoU:       0.8651
  mAP:       0.9844
  AUC:       0.9932
2025-05-01 11:28:17,902 - training.model_ViT-B-16_opt_SGD_lr_0.001_id_348 - INFO - Final results saved to model_results_v2/model_ViT-B-16_opt_SGD_lr_0.001_id_348/final_results.json
2025-05-01 11:28:17,904 - training.model_ViT-B-16_opt_SGD_lr_0.001_id_348 - INFO - Final results saved to model_results_v2/model_ViT-B-16_opt_SGD_lr_0.001_id_348/final_results.json
