2025-05-01 02:10:01,876 - training.model_ResNet50_opt_AdamW_lr_0.001_id_90 - INFO - Initialized training manager for model_ResNet50_opt_AdamW_lr_0.001_id_90
2025-05-01 02:10:01,876 - training.model_ResNet50_opt_AdamW_lr_0.001_id_90 - INFO - Config: {
  "id": 90,
  "model_name": "ResNet50",
  "optimizer": "AdamW",
  "learning_rate": 0.001,
  "scheduler": {
    "name": "ReduceLROnPlateau",
    "patience": 5,
    "factor": 0.5
  },
  "loss_fn": {
    "name": "LabelSmoothing",
    "smoothing": 0.1
  }
}
2025-05-01 02:10:02,124 - training.model_ResNet50_opt_AdamW_lr_0.001_id_90 - INFO - Starting model evaluation
2025-05-01 02:10:10,147 - training.model_ResNet50_opt_AdamW_lr_0.001_id_90 - INFO - Evaluation metrics:
  Accuracy:  0.9395
  Precision: 0.8713
  Recall:    0.9231
  F1 Score:  0.8964
  IoU:       0.8123
  mAP:       0.9463
  AUC:       0.9774
2025-05-01 02:10:10,148 - training.model_ResNet50_opt_AdamW_lr_0.001_id_90 - INFO - Final results saved to model_results_v2/model_ResNet50_opt_AdamW_lr_0.001_id_90/final_results.json
2025-05-01 02:10:10,150 - training.model_ResNet50_opt_AdamW_lr_0.001_id_90 - INFO - Final results saved to model_results_v2/model_ResNet50_opt_AdamW_lr_0.001_id_90/final_results.json
