2025-05-01 00:59:14,411 - training.model_ResNet50_opt_Adam_lr_0.001 - INFO - Initialized training manager for model_ResNet50_opt_Adam_lr_0.001
2025-05-01 00:59:14,411 - training.model_ResNet50_opt_Adam_lr_0.001 - INFO - Config: {
  "id": 49,
  "model_name": "ResNet50",
  "optimizer": "Adam",
  "learning_rate": 0.001,
  "scheduler": {
    "name": "StepLR",
    "step_size": 10,
    "gamma": 0.1
  },
  "loss_fn": {
    "name": "CrossEntropy"
  }
}
2025-05-01 00:59:14,411 - training.model_ResNet50_opt_Adam_lr_0.001 - INFO - No checkpoint found, starting fresh training
2025-05-01 00:59:14,412 - training.model_ResNet50_opt_Adam_lr_0.001 - INFO - Starting epoch 1/20
2025-05-01 00:59:36,077 - training.model_ResNet50_opt_Adam_lr_0.001 - INFO - Checkpoint saved at epoch 0
2025-05-01 01:00:05,861 - training.model_ResNet50_opt_Adam_lr_0.001 - INFO - Validation accuracy improved from 0.0000 to 0.5798
2025-05-01 01:00:05,913 - training.model_ResNet50_opt_Adam_lr_0.001 - INFO - Epoch 1 completed in 51.50s - Train Loss: 0.5554, Train Acc: 0.7458, Val Loss: 0.7312, Val Acc: 0.5798
2025-05-01 01:00:06,124 - training.model_ResNet50_opt_Adam_lr_0.001 - INFO - Checkpoint saved at epoch 0
2025-05-01 01:00:06,124 - training.model_ResNet50_opt_Adam_lr_0.001 - INFO - Starting epoch 2/20
2025-05-01 01:00:28,398 - training.model_ResNet50_opt_Adam_lr_0.001 - INFO - Checkpoint saved at epoch 1
2025-05-01 01:00:57,418 - training.model_ResNet50_opt_Adam_lr_0.001 - INFO - Validation accuracy improved from 0.5798 to 0.7890
2025-05-01 01:00:57,506 - training.model_ResNet50_opt_Adam_lr_0.001 - INFO - Epoch 2 completed in 51.38s - Train Loss: 0.5441, Train Acc: 0.7619, Val Loss: 0.5235, Val Acc: 0.7890
2025-05-01 01:00:57,723 - training.model_ResNet50_opt_Adam_lr_0.001 - INFO - Checkpoint saved at epoch 1
2025-05-01 01:00:57,723 - training.model_ResNet50_opt_Adam_lr_0.001 - INFO - Starting epoch 3/20
2025-05-01 01:01:19,693 - training.model_ResNet50_opt_Adam_lr_0.001 - INFO - Checkpoint saved at epoch 2
2025-05-01 01:01:49,032 - training.model_ResNet50_opt_Adam_lr_0.001 - INFO - Validation accuracy improved from 0.7890 to 0.8130
2025-05-01 01:01:49,110 - training.model_ResNet50_opt_Adam_lr_0.001 - INFO - Epoch 3 completed in 51.39s - Train Loss: 0.4989, Train Acc: 0.8095, Val Loss: 0.4927, Val Acc: 0.8130
2025-05-01 01:01:49,323 - training.model_ResNet50_opt_Adam_lr_0.001 - INFO - Checkpoint saved at epoch 2
2025-05-01 01:01:49,324 - training.model_ResNet50_opt_Adam_lr_0.001 - INFO - Starting epoch 4/20
2025-05-01 01:02:10,966 - training.model_ResNet50_opt_Adam_lr_0.001 - INFO - Checkpoint saved at epoch 3
2025-05-01 01:02:40,333 - training.model_ResNet50_opt_Adam_lr_0.001 - INFO - Validation accuracy improved from 0.8130 to 0.8268
2025-05-01 01:02:40,424 - training.model_ResNet50_opt_Adam_lr_0.001 - INFO - Epoch 4 completed in 51.10s - Train Loss: 0.4925, Train Acc: 0.8157, Val Loss: 0.4846, Val Acc: 0.8268
2025-05-01 01:02:40,636 - training.model_ResNet50_opt_Adam_lr_0.001 - INFO - Checkpoint saved at epoch 3
2025-05-01 01:02:40,637 - training.model_ResNet50_opt_Adam_lr_0.001 - INFO - Starting epoch 5/20
2025-05-01 01:03:02,412 - training.model_ResNet50_opt_Adam_lr_0.001 - INFO - Checkpoint saved at epoch 4
2025-05-01 01:03:31,972 - training.model_ResNet50_opt_Adam_lr_0.001 - INFO - Validation accuracy improved from 0.8268 to 0.8473
2025-05-01 01:03:32,055 - training.model_ResNet50_opt_Adam_lr_0.001 - INFO - Epoch 5 completed in 51.42s - Train Loss: 0.4764, Train Acc: 0.8278, Val Loss: 0.4596, Val Acc: 0.8473
2025-05-01 01:03:32,266 - training.model_ResNet50_opt_Adam_lr_0.001 - INFO - Checkpoint saved at epoch 4
2025-05-01 01:03:32,267 - training.model_ResNet50_opt_Adam_lr_0.001 - INFO - Starting epoch 6/20
2025-05-01 01:03:54,013 - training.model_ResNet50_opt_Adam_lr_0.001 - INFO - Checkpoint saved at epoch 5
2025-05-01 01:04:23,586 - training.model_ResNet50_opt_Adam_lr_0.001 - INFO - Validation accuracy improved from 0.8473 to 0.8825
2025-05-01 01:04:23,667 - training.model_ResNet50_opt_Adam_lr_0.001 - INFO - Epoch 6 completed in 51.40s - Train Loss: 0.4621, Train Acc: 0.8421, Val Loss: 0.4292, Val Acc: 0.8825
2025-05-01 01:04:23,879 - training.model_ResNet50_opt_Adam_lr_0.001 - INFO - Checkpoint saved at epoch 5
2025-05-01 01:04:23,879 - training.model_ResNet50_opt_Adam_lr_0.001 - INFO - Starting epoch 7/20
2025-05-01 01:04:46,058 - training.model_ResNet50_opt_Adam_lr_0.001 - INFO - Checkpoint saved at epoch 6
2025-05-01 01:05:15,565 - training.model_ResNet50_opt_Adam_lr_0.001 - INFO - Validation loss improved from inf to 0.5188
2025-05-01 01:05:15,642 - training.model_ResNet50_opt_Adam_lr_0.001 - INFO - Epoch 7 completed in 51.76s - Train Loss: 0.4694, Train Acc: 0.8361, Val Loss: 0.5188, Val Acc: 0.7847
2025-05-01 01:05:15,851 - training.model_ResNet50_opt_Adam_lr_0.001 - INFO - Checkpoint saved at epoch 6
2025-05-01 01:05:15,851 - training.model_ResNet50_opt_Adam_lr_0.001 - INFO - Starting epoch 8/20
2025-05-01 01:05:37,923 - training.model_ResNet50_opt_Adam_lr_0.001 - INFO - Checkpoint saved at epoch 7
2025-05-01 01:06:07,381 - training.model_ResNet50_opt_Adam_lr_0.001 - INFO - Epoch 8 completed in 51.53s - Train Loss: 0.4377, Train Acc: 0.8724, Val Loss: 0.5402, Val Acc: 0.7547
2025-05-01 01:06:07,598 - training.model_ResNet50_opt_Adam_lr_0.001 - INFO - Checkpoint saved at epoch 7
2025-05-01 01:06:07,599 - training.model_ResNet50_opt_Adam_lr_0.001 - INFO - Starting epoch 9/20
2025-05-01 01:06:29,689 - training.model_ResNet50_opt_Adam_lr_0.001 - INFO - Checkpoint saved at epoch 8
2025-05-01 01:06:59,197 - training.model_ResNet50_opt_Adam_lr_0.001 - INFO - Validation loss improved from 0.5188 to 0.4589
2025-05-01 01:06:59,285 - training.model_ResNet50_opt_Adam_lr_0.001 - INFO - Epoch 9 completed in 51.69s - Train Loss: 0.4381, Train Acc: 0.8715, Val Loss: 0.4589, Val Acc: 0.8439
2025-05-01 01:06:59,501 - training.model_ResNet50_opt_Adam_lr_0.001 - INFO - Checkpoint saved at epoch 8
2025-05-01 01:06:59,502 - training.model_ResNet50_opt_Adam_lr_0.001 - INFO - Starting epoch 10/20
2025-05-01 01:07:21,203 - training.model_ResNet50_opt_Adam_lr_0.001 - INFO - Checkpoint saved at epoch 9
2025-05-01 01:07:50,786 - training.model_ResNet50_opt_Adam_lr_0.001 - INFO - Epoch 10 completed in 51.28s - Train Loss: 0.4105, Train Acc: 0.9000, Val Loss: 0.4708, Val Acc: 0.8328
2025-05-01 01:07:51,044 - training.model_ResNet50_opt_Adam_lr_0.001 - INFO - Checkpoint saved at epoch 9
2025-05-01 01:07:51,044 - training.model_ResNet50_opt_Adam_lr_0.001 - INFO - Starting epoch 11/20
2025-05-01 01:08:13,239 - training.model_ResNet50_opt_Adam_lr_0.001 - INFO - Checkpoint saved at epoch 10
2025-05-01 01:08:42,395 - training.model_ResNet50_opt_Adam_lr_0.001 - INFO - Validation accuracy improved from 0.8825 to 0.9383
2025-05-01 01:08:42,471 - training.model_ResNet50_opt_Adam_lr_0.001 - INFO - Epoch 11 completed in 51.43s - Train Loss: 0.3854, Train Acc: 0.9273, Val Loss: 0.3793, Val Acc: 0.9383
2025-05-01 01:08:42,685 - training.model_ResNet50_opt_Adam_lr_0.001 - INFO - Checkpoint saved at epoch 10
2025-05-01 01:08:42,686 - training.model_ResNet50_opt_Adam_lr_0.001 - INFO - Starting epoch 12/20
2025-05-01 01:09:04,662 - training.model_ResNet50_opt_Adam_lr_0.001 - INFO - Checkpoint saved at epoch 11
2025-05-01 01:09:34,284 - training.model_ResNet50_opt_Adam_lr_0.001 - INFO - Validation accuracy improved from 0.9383 to 0.9477
2025-05-01 01:09:34,372 - training.model_ResNet50_opt_Adam_lr_0.001 - INFO - Epoch 12 completed in 51.69s - Train Loss: 0.3567, Train Acc: 0.9582, Val Loss: 0.3676, Val Acc: 0.9477
2025-05-01 01:09:34,581 - training.model_ResNet50_opt_Adam_lr_0.001 - INFO - Checkpoint saved at epoch 11
2025-05-01 01:09:34,581 - training.model_ResNet50_opt_Adam_lr_0.001 - INFO - Starting epoch 13/20
2025-05-01 01:09:57,083 - training.model_ResNet50_opt_Adam_lr_0.001 - INFO - Checkpoint saved at epoch 12
2025-05-01 01:10:26,248 - training.model_ResNet50_opt_Adam_lr_0.001 - INFO - Validation loss improved from 0.4589 to 0.3669
2025-05-01 01:10:26,326 - training.model_ResNet50_opt_Adam_lr_0.001 - INFO - Epoch 13 completed in 51.74s - Train Loss: 0.3530, Train Acc: 0.9640, Val Loss: 0.3669, Val Acc: 0.9443
2025-05-01 01:10:26,550 - training.model_ResNet50_opt_Adam_lr_0.001 - INFO - Checkpoint saved at epoch 12
2025-05-01 01:10:26,550 - training.model_ResNet50_opt_Adam_lr_0.001 - INFO - Starting epoch 14/20
2025-05-01 01:10:48,655 - training.model_ResNet50_opt_Adam_lr_0.001 - INFO - Checkpoint saved at epoch 13
2025-05-01 01:11:17,925 - training.model_ResNet50_opt_Adam_lr_0.001 - INFO - Validation accuracy improved from 0.9477 to 0.9571
2025-05-01 01:11:18,003 - training.model_ResNet50_opt_Adam_lr_0.001 - INFO - Epoch 14 completed in 51.45s - Train Loss: 0.3463, Train Acc: 0.9680, Val Loss: 0.3586, Val Acc: 0.9571
2025-05-01 01:11:18,214 - training.model_ResNet50_opt_Adam_lr_0.001 - INFO - Checkpoint saved at epoch 13
2025-05-01 01:11:18,214 - training.model_ResNet50_opt_Adam_lr_0.001 - INFO - Starting epoch 15/20
2025-05-01 01:11:39,755 - training.model_ResNet50_opt_Adam_lr_0.001 - INFO - Checkpoint saved at epoch 14
2025-05-01 01:12:09,575 - training.model_ResNet50_opt_Adam_lr_0.001 - INFO - Validation accuracy improved from 0.9571 to 0.9580
2025-05-01 01:12:09,652 - training.model_ResNet50_opt_Adam_lr_0.001 - INFO - Epoch 15 completed in 51.44s - Train Loss: 0.3405, Train Acc: 0.9738, Val Loss: 0.3542, Val Acc: 0.9580
2025-05-01 01:12:09,863 - training.model_ResNet50_opt_Adam_lr_0.001 - INFO - Checkpoint saved at epoch 14
2025-05-01 01:12:09,864 - training.model_ResNet50_opt_Adam_lr_0.001 - INFO - Starting epoch 16/20
2025-05-01 01:12:32,074 - training.model_ResNet50_opt_Adam_lr_0.001 - INFO - Checkpoint saved at epoch 15
2025-05-01 01:13:01,446 - training.model_ResNet50_opt_Adam_lr_0.001 - INFO - Validation accuracy improved from 0.9580 to 0.9623
2025-05-01 01:13:01,542 - training.model_ResNet50_opt_Adam_lr_0.001 - INFO - Epoch 16 completed in 51.68s - Train Loss: 0.3345, Train Acc: 0.9813, Val Loss: 0.3530, Val Acc: 0.9623
2025-05-01 01:13:01,763 - training.model_ResNet50_opt_Adam_lr_0.001 - INFO - Checkpoint saved at epoch 15
2025-05-01 01:13:01,764 - training.model_ResNet50_opt_Adam_lr_0.001 - INFO - Starting epoch 17/20
2025-05-01 01:13:23,692 - training.model_ResNet50_opt_Adam_lr_0.001 - INFO - Checkpoint saved at epoch 16
2025-05-01 01:13:53,386 - training.model_ResNet50_opt_Adam_lr_0.001 - INFO - Validation loss improved from 0.3669 to 0.3583
2025-05-01 01:13:53,477 - training.model_ResNet50_opt_Adam_lr_0.001 - INFO - Epoch 17 completed in 51.71s - Train Loss: 0.3373, Train Acc: 0.9766, Val Loss: 0.3583, Val Acc: 0.9545
2025-05-01 01:13:53,687 - training.model_ResNet50_opt_Adam_lr_0.001 - INFO - Checkpoint saved at epoch 16
2025-05-01 01:13:53,688 - training.model_ResNet50_opt_Adam_lr_0.001 - INFO - Starting epoch 18/20
2025-05-01 01:14:15,602 - training.model_ResNet50_opt_Adam_lr_0.001 - INFO - Checkpoint saved at epoch 17
2025-05-01 01:14:44,860 - training.model_ResNet50_opt_Adam_lr_0.001 - INFO - Validation loss improved from 0.3583 to 0.3496
2025-05-01 01:14:44,948 - training.model_ResNet50_opt_Adam_lr_0.001 - INFO - Epoch 18 completed in 51.26s - Train Loss: 0.3328, Train Acc: 0.9822, Val Loss: 0.3496, Val Acc: 0.9614
2025-05-01 01:14:45,160 - training.model_ResNet50_opt_Adam_lr_0.001 - INFO - Checkpoint saved at epoch 17
2025-05-01 01:14:45,161 - training.model_ResNet50_opt_Adam_lr_0.001 - INFO - Starting epoch 19/20
2025-05-01 01:15:07,431 - training.model_ResNet50_opt_Adam_lr_0.001 - INFO - Checkpoint saved at epoch 18
2025-05-01 01:15:36,678 - training.model_ResNet50_opt_Adam_lr_0.001 - INFO - Epoch 19 completed in 51.52s - Train Loss: 0.3302, Train Acc: 0.9837, Val Loss: 0.3549, Val Acc: 0.9537
2025-05-01 01:15:36,922 - training.model_ResNet50_opt_Adam_lr_0.001 - INFO - Checkpoint saved at epoch 18
2025-05-01 01:15:36,923 - training.model_ResNet50_opt_Adam_lr_0.001 - INFO - Starting epoch 20/20
2025-05-01 01:15:58,585 - training.model_ResNet50_opt_Adam_lr_0.001 - INFO - Checkpoint saved at epoch 19
2025-05-01 01:16:28,192 - training.model_ResNet50_opt_Adam_lr_0.001 - INFO - Epoch 20 completed in 51.27s - Train Loss: 0.3298, Train Acc: 0.9846, Val Loss: 0.3554, Val Acc: 0.9511
2025-05-01 01:16:28,419 - training.model_ResNet50_opt_Adam_lr_0.001 - INFO - Checkpoint saved at epoch 19
2025-05-01 01:16:28,420 - training.model_ResNet50_opt_Adam_lr_0.001 - INFO - Training completed after 1033.78 seconds
2025-05-01 01:16:37,524 - training.model_ResNet50_opt_Adam_lr_0.001 - INFO - Initialized training manager for model_ResNet50_opt_Adam_lr_0.001
2025-05-01 01:16:37,524 - training.model_ResNet50_opt_Adam_lr_0.001 - INFO - Initialized training manager for model_ResNet50_opt_Adam_lr_0.001
2025-05-01 01:16:37,524 - training.model_ResNet50_opt_Adam_lr_0.001 - INFO - Config: {
  "id": 50,
  "model_name": "ResNet50",
  "optimizer": "Adam",
  "learning_rate": 0.001,
  "scheduler": {
    "name": "StepLR",
    "step_size": 10,
    "gamma": 0.1
  },
  "loss_fn": {
    "name": "FocalLoss",
    "alpha": 0.25,
    "gamma": 2.0
  }
}
2025-05-01 01:16:37,524 - training.model_ResNet50_opt_Adam_lr_0.001 - INFO - Config: {
  "id": 50,
  "model_name": "ResNet50",
  "optimizer": "Adam",
  "learning_rate": 0.001,
  "scheduler": {
    "name": "StepLR",
    "step_size": 10,
    "gamma": 0.1
  },
  "loss_fn": {
    "name": "FocalLoss",
    "alpha": 0.25,
    "gamma": 2.0
  }
}
2025-05-01 01:16:37,524 - training.model_ResNet50_opt_Adam_lr_0.001 - INFO - Loading checkpoint from model_results_v2/model_ResNet50_opt_Adam_lr_0.001/checkpoint.pt
2025-05-01 01:16:37,524 - training.model_ResNet50_opt_Adam_lr_0.001 - INFO - Loading checkpoint from model_results_v2/model_ResNet50_opt_Adam_lr_0.001/checkpoint.pt
2025-05-01 01:16:37,604 - training.model_ResNet50_opt_Adam_lr_0.001 - INFO - Resuming from epoch 20, best validation accuracy: 0.9623
2025-05-01 01:16:37,604 - training.model_ResNet50_opt_Adam_lr_0.001 - INFO - Resuming from epoch 20, best validation accuracy: 0.9623
2025-05-01 01:16:37,604 - training.model_ResNet50_opt_Adam_lr_0.001 - INFO - Training completed after 1033.78 seconds
2025-05-01 01:16:37,604 - training.model_ResNet50_opt_Adam_lr_0.001 - INFO - Training completed after 1033.78 seconds
2025-05-01 01:16:46,470 - training.model_ResNet50_opt_Adam_lr_0.001 - INFO - Initialized training manager for model_ResNet50_opt_Adam_lr_0.001
2025-05-01 01:16:46,470 - training.model_ResNet50_opt_Adam_lr_0.001 - INFO - Initialized training manager for model_ResNet50_opt_Adam_lr_0.001
2025-05-01 01:16:46,470 - training.model_ResNet50_opt_Adam_lr_0.001 - INFO - Initialized training manager for model_ResNet50_opt_Adam_lr_0.001
2025-05-01 01:16:46,470 - training.model_ResNet50_opt_Adam_lr_0.001 - INFO - Config: {
  "id": 51,
  "model_name": "ResNet50",
  "optimizer": "Adam",
  "learning_rate": 0.001,
  "scheduler": {
    "name": "StepLR",
    "step_size": 10,
    "gamma": 0.1
  },
  "loss_fn": {
    "name": "LabelSmoothing",
    "smoothing": 0.1
  }
}
2025-05-01 01:16:46,470 - training.model_ResNet50_opt_Adam_lr_0.001 - INFO - Config: {
  "id": 51,
  "model_name": "ResNet50",
  "optimizer": "Adam",
  "learning_rate": 0.001,
  "scheduler": {
    "name": "StepLR",
    "step_size": 10,
    "gamma": 0.1
  },
  "loss_fn": {
    "name": "LabelSmoothing",
    "smoothing": 0.1
  }
}
2025-05-01 01:16:46,470 - training.model_ResNet50_opt_Adam_lr_0.001 - INFO - Config: {
  "id": 51,
  "model_name": "ResNet50",
  "optimizer": "Adam",
  "learning_rate": 0.001,
  "scheduler": {
    "name": "StepLR",
    "step_size": 10,
    "gamma": 0.1
  },
  "loss_fn": {
    "name": "LabelSmoothing",
    "smoothing": 0.1
  }
}
2025-05-01 01:16:46,470 - training.model_ResNet50_opt_Adam_lr_0.001 - INFO - Loading checkpoint from model_results_v2/model_ResNet50_opt_Adam_lr_0.001/checkpoint.pt
2025-05-01 01:16:46,470 - training.model_ResNet50_opt_Adam_lr_0.001 - INFO - Loading checkpoint from model_results_v2/model_ResNet50_opt_Adam_lr_0.001/checkpoint.pt
2025-05-01 01:16:46,470 - training.model_ResNet50_opt_Adam_lr_0.001 - INFO - Loading checkpoint from model_results_v2/model_ResNet50_opt_Adam_lr_0.001/checkpoint.pt
2025-05-01 01:16:46,551 - training.model_ResNet50_opt_Adam_lr_0.001 - INFO - Resuming from epoch 20, best validation accuracy: 0.9623
2025-05-01 01:16:46,551 - training.model_ResNet50_opt_Adam_lr_0.001 - INFO - Resuming from epoch 20, best validation accuracy: 0.9623
2025-05-01 01:16:46,551 - training.model_ResNet50_opt_Adam_lr_0.001 - INFO - Resuming from epoch 20, best validation accuracy: 0.9623
2025-05-01 01:16:46,552 - training.model_ResNet50_opt_Adam_lr_0.001 - INFO - Training completed after 1033.78 seconds
2025-05-01 01:16:46,552 - training.model_ResNet50_opt_Adam_lr_0.001 - INFO - Training completed after 1033.78 seconds
2025-05-01 01:16:46,552 - training.model_ResNet50_opt_Adam_lr_0.001 - INFO - Training completed after 1033.78 seconds
2025-05-01 01:16:55,982 - training.model_ResNet50_opt_Adam_lr_0.001 - INFO - Initialized training manager for model_ResNet50_opt_Adam_lr_0.001
2025-05-01 01:16:55,982 - training.model_ResNet50_opt_Adam_lr_0.001 - INFO - Initialized training manager for model_ResNet50_opt_Adam_lr_0.001
2025-05-01 01:16:55,982 - training.model_ResNet50_opt_Adam_lr_0.001 - INFO - Initialized training manager for model_ResNet50_opt_Adam_lr_0.001
2025-05-01 01:16:55,982 - training.model_ResNet50_opt_Adam_lr_0.001 - INFO - Initialized training manager for model_ResNet50_opt_Adam_lr_0.001
2025-05-01 01:16:55,982 - training.model_ResNet50_opt_Adam_lr_0.001 - INFO - Config: {
  "id": 52,
  "model_name": "ResNet50",
  "optimizer": "Adam",
  "learning_rate": 0.001,
  "scheduler": {
    "name": "ReduceLROnPlateau",
    "patience": 5,
    "factor": 0.5
  },
  "loss_fn": {
    "name": "CrossEntropy"
  }
}
2025-05-01 01:16:55,982 - training.model_ResNet50_opt_Adam_lr_0.001 - INFO - Config: {
  "id": 52,
  "model_name": "ResNet50",
  "optimizer": "Adam",
  "learning_rate": 0.001,
  "scheduler": {
    "name": "ReduceLROnPlateau",
    "patience": 5,
    "factor": 0.5
  },
  "loss_fn": {
    "name": "CrossEntropy"
  }
}
2025-05-01 01:16:55,982 - training.model_ResNet50_opt_Adam_lr_0.001 - INFO - Config: {
  "id": 52,
  "model_name": "ResNet50",
  "optimizer": "Adam",
  "learning_rate": 0.001,
  "scheduler": {
    "name": "ReduceLROnPlateau",
    "patience": 5,
    "factor": 0.5
  },
  "loss_fn": {
    "name": "CrossEntropy"
  }
}
2025-05-01 01:16:55,982 - training.model_ResNet50_opt_Adam_lr_0.001 - INFO - Config: {
  "id": 52,
  "model_name": "ResNet50",
  "optimizer": "Adam",
  "learning_rate": 0.001,
  "scheduler": {
    "name": "ReduceLROnPlateau",
    "patience": 5,
    "factor": 0.5
  },
  "loss_fn": {
    "name": "CrossEntropy"
  }
}
2025-05-01 01:16:55,982 - training.model_ResNet50_opt_Adam_lr_0.001 - INFO - Loading checkpoint from model_results_v2/model_ResNet50_opt_Adam_lr_0.001/checkpoint.pt
2025-05-01 01:16:55,982 - training.model_ResNet50_opt_Adam_lr_0.001 - INFO - Loading checkpoint from model_results_v2/model_ResNet50_opt_Adam_lr_0.001/checkpoint.pt
2025-05-01 01:16:55,982 - training.model_ResNet50_opt_Adam_lr_0.001 - INFO - Loading checkpoint from model_results_v2/model_ResNet50_opt_Adam_lr_0.001/checkpoint.pt
2025-05-01 01:16:55,982 - training.model_ResNet50_opt_Adam_lr_0.001 - INFO - Loading checkpoint from model_results_v2/model_ResNet50_opt_Adam_lr_0.001/checkpoint.pt
2025-05-01 01:16:56,066 - training.model_ResNet50_opt_Adam_lr_0.001 - INFO - Resuming from epoch 20, best validation accuracy: 0.9623
2025-05-01 01:16:56,066 - training.model_ResNet50_opt_Adam_lr_0.001 - INFO - Resuming from epoch 20, best validation accuracy: 0.9623
2025-05-01 01:16:56,066 - training.model_ResNet50_opt_Adam_lr_0.001 - INFO - Resuming from epoch 20, best validation accuracy: 0.9623
2025-05-01 01:16:56,066 - training.model_ResNet50_opt_Adam_lr_0.001 - INFO - Resuming from epoch 20, best validation accuracy: 0.9623
2025-05-01 01:16:56,067 - training.model_ResNet50_opt_Adam_lr_0.001 - INFO - Training completed after 1033.78 seconds
2025-05-01 01:16:56,067 - training.model_ResNet50_opt_Adam_lr_0.001 - INFO - Training completed after 1033.78 seconds
2025-05-01 01:16:56,067 - training.model_ResNet50_opt_Adam_lr_0.001 - INFO - Training completed after 1033.78 seconds
2025-05-01 01:16:56,067 - training.model_ResNet50_opt_Adam_lr_0.001 - INFO - Training completed after 1033.78 seconds
2025-05-01 01:17:04,983 - training.model_ResNet50_opt_Adam_lr_0.001 - INFO - Initialized training manager for model_ResNet50_opt_Adam_lr_0.001
2025-05-01 01:17:04,983 - training.model_ResNet50_opt_Adam_lr_0.001 - INFO - Initialized training manager for model_ResNet50_opt_Adam_lr_0.001
2025-05-01 01:17:04,983 - training.model_ResNet50_opt_Adam_lr_0.001 - INFO - Initialized training manager for model_ResNet50_opt_Adam_lr_0.001
2025-05-01 01:17:04,983 - training.model_ResNet50_opt_Adam_lr_0.001 - INFO - Initialized training manager for model_ResNet50_opt_Adam_lr_0.001
2025-05-01 01:17:04,983 - training.model_ResNet50_opt_Adam_lr_0.001 - INFO - Initialized training manager for model_ResNet50_opt_Adam_lr_0.001
2025-05-01 01:17:04,983 - training.model_ResNet50_opt_Adam_lr_0.001 - INFO - Config: {
  "id": 53,
  "model_name": "ResNet50",
  "optimizer": "Adam",
  "learning_rate": 0.001,
  "scheduler": {
    "name": "ReduceLROnPlateau",
    "patience": 5,
    "factor": 0.5
  },
  "loss_fn": {
    "name": "FocalLoss",
    "alpha": 0.25,
    "gamma": 2.0
  }
}
2025-05-01 01:17:04,983 - training.model_ResNet50_opt_Adam_lr_0.001 - INFO - Config: {
  "id": 53,
  "model_name": "ResNet50",
  "optimizer": "Adam",
  "learning_rate": 0.001,
  "scheduler": {
    "name": "ReduceLROnPlateau",
    "patience": 5,
    "factor": 0.5
  },
  "loss_fn": {
    "name": "FocalLoss",
    "alpha": 0.25,
    "gamma": 2.0
  }
}
2025-05-01 01:17:04,983 - training.model_ResNet50_opt_Adam_lr_0.001 - INFO - Config: {
  "id": 53,
  "model_name": "ResNet50",
  "optimizer": "Adam",
  "learning_rate": 0.001,
  "scheduler": {
    "name": "ReduceLROnPlateau",
    "patience": 5,
    "factor": 0.5
  },
  "loss_fn": {
    "name": "FocalLoss",
    "alpha": 0.25,
    "gamma": 2.0
  }
}
2025-05-01 01:17:04,983 - training.model_ResNet50_opt_Adam_lr_0.001 - INFO - Config: {
  "id": 53,
  "model_name": "ResNet50",
  "optimizer": "Adam",
  "learning_rate": 0.001,
  "scheduler": {
    "name": "ReduceLROnPlateau",
    "patience": 5,
    "factor": 0.5
  },
  "loss_fn": {
    "name": "FocalLoss",
    "alpha": 0.25,
    "gamma": 2.0
  }
}
2025-05-01 01:17:04,983 - training.model_ResNet50_opt_Adam_lr_0.001 - INFO - Config: {
  "id": 53,
  "model_name": "ResNet50",
  "optimizer": "Adam",
  "learning_rate": 0.001,
  "scheduler": {
    "name": "ReduceLROnPlateau",
    "patience": 5,
    "factor": 0.5
  },
  "loss_fn": {
    "name": "FocalLoss",
    "alpha": 0.25,
    "gamma": 2.0
  }
}
2025-05-01 01:17:04,983 - training.model_ResNet50_opt_Adam_lr_0.001 - INFO - Loading checkpoint from model_results_v2/model_ResNet50_opt_Adam_lr_0.001/checkpoint.pt
2025-05-01 01:17:04,983 - training.model_ResNet50_opt_Adam_lr_0.001 - INFO - Loading checkpoint from model_results_v2/model_ResNet50_opt_Adam_lr_0.001/checkpoint.pt
2025-05-01 01:17:04,983 - training.model_ResNet50_opt_Adam_lr_0.001 - INFO - Loading checkpoint from model_results_v2/model_ResNet50_opt_Adam_lr_0.001/checkpoint.pt
2025-05-01 01:17:04,983 - training.model_ResNet50_opt_Adam_lr_0.001 - INFO - Loading checkpoint from model_results_v2/model_ResNet50_opt_Adam_lr_0.001/checkpoint.pt
2025-05-01 01:17:04,983 - training.model_ResNet50_opt_Adam_lr_0.001 - INFO - Loading checkpoint from model_results_v2/model_ResNet50_opt_Adam_lr_0.001/checkpoint.pt
2025-05-01 01:17:05,064 - training.model_ResNet50_opt_Adam_lr_0.001 - INFO - Resuming from epoch 20, best validation accuracy: 0.9623
2025-05-01 01:17:05,064 - training.model_ResNet50_opt_Adam_lr_0.001 - INFO - Resuming from epoch 20, best validation accuracy: 0.9623
2025-05-01 01:17:05,064 - training.model_ResNet50_opt_Adam_lr_0.001 - INFO - Resuming from epoch 20, best validation accuracy: 0.9623
2025-05-01 01:17:05,064 - training.model_ResNet50_opt_Adam_lr_0.001 - INFO - Resuming from epoch 20, best validation accuracy: 0.9623
2025-05-01 01:17:05,064 - training.model_ResNet50_opt_Adam_lr_0.001 - INFO - Resuming from epoch 20, best validation accuracy: 0.9623
2025-05-01 01:17:05,065 - training.model_ResNet50_opt_Adam_lr_0.001 - INFO - Training completed after 1033.78 seconds
2025-05-01 01:17:05,065 - training.model_ResNet50_opt_Adam_lr_0.001 - INFO - Training completed after 1033.78 seconds
2025-05-01 01:17:05,065 - training.model_ResNet50_opt_Adam_lr_0.001 - INFO - Training completed after 1033.78 seconds
2025-05-01 01:17:05,065 - training.model_ResNet50_opt_Adam_lr_0.001 - INFO - Training completed after 1033.78 seconds
2025-05-01 01:17:05,065 - training.model_ResNet50_opt_Adam_lr_0.001 - INFO - Training completed after 1033.78 seconds
2025-05-01 01:17:13,887 - training.model_ResNet50_opt_Adam_lr_0.001 - INFO - Initialized training manager for model_ResNet50_opt_Adam_lr_0.001
2025-05-01 01:17:13,887 - training.model_ResNet50_opt_Adam_lr_0.001 - INFO - Initialized training manager for model_ResNet50_opt_Adam_lr_0.001
2025-05-01 01:17:13,887 - training.model_ResNet50_opt_Adam_lr_0.001 - INFO - Initialized training manager for model_ResNet50_opt_Adam_lr_0.001
2025-05-01 01:17:13,887 - training.model_ResNet50_opt_Adam_lr_0.001 - INFO - Initialized training manager for model_ResNet50_opt_Adam_lr_0.001
2025-05-01 01:17:13,887 - training.model_ResNet50_opt_Adam_lr_0.001 - INFO - Initialized training manager for model_ResNet50_opt_Adam_lr_0.001
2025-05-01 01:17:13,887 - training.model_ResNet50_opt_Adam_lr_0.001 - INFO - Initialized training manager for model_ResNet50_opt_Adam_lr_0.001
2025-05-01 01:17:13,887 - training.model_ResNet50_opt_Adam_lr_0.001 - INFO - Config: {
  "id": 54,
  "model_name": "ResNet50",
  "optimizer": "Adam",
  "learning_rate": 0.001,
  "scheduler": {
    "name": "ReduceLROnPlateau",
    "patience": 5,
    "factor": 0.5
  },
  "loss_fn": {
    "name": "LabelSmoothing",
    "smoothing": 0.1
  }
}
2025-05-01 01:17:13,887 - training.model_ResNet50_opt_Adam_lr_0.001 - INFO - Config: {
  "id": 54,
  "model_name": "ResNet50",
  "optimizer": "Adam",
  "learning_rate": 0.001,
  "scheduler": {
    "name": "ReduceLROnPlateau",
    "patience": 5,
    "factor": 0.5
  },
  "loss_fn": {
    "name": "LabelSmoothing",
    "smoothing": 0.1
  }
}
2025-05-01 01:17:13,887 - training.model_ResNet50_opt_Adam_lr_0.001 - INFO - Config: {
  "id": 54,
  "model_name": "ResNet50",
  "optimizer": "Adam",
  "learning_rate": 0.001,
  "scheduler": {
    "name": "ReduceLROnPlateau",
    "patience": 5,
    "factor": 0.5
  },
  "loss_fn": {
    "name": "LabelSmoothing",
    "smoothing": 0.1
  }
}
2025-05-01 01:17:13,887 - training.model_ResNet50_opt_Adam_lr_0.001 - INFO - Config: {
  "id": 54,
  "model_name": "ResNet50",
  "optimizer": "Adam",
  "learning_rate": 0.001,
  "scheduler": {
    "name": "ReduceLROnPlateau",
    "patience": 5,
    "factor": 0.5
  },
  "loss_fn": {
    "name": "LabelSmoothing",
    "smoothing": 0.1
  }
}
2025-05-01 01:17:13,887 - training.model_ResNet50_opt_Adam_lr_0.001 - INFO - Config: {
  "id": 54,
  "model_name": "ResNet50",
  "optimizer": "Adam",
  "learning_rate": 0.001,
  "scheduler": {
    "name": "ReduceLROnPlateau",
    "patience": 5,
    "factor": 0.5
  },
  "loss_fn": {
    "name": "LabelSmoothing",
    "smoothing": 0.1
  }
}
2025-05-01 01:17:13,887 - training.model_ResNet50_opt_Adam_lr_0.001 - INFO - Config: {
  "id": 54,
  "model_name": "ResNet50",
  "optimizer": "Adam",
  "learning_rate": 0.001,
  "scheduler": {
    "name": "ReduceLROnPlateau",
    "patience": 5,
    "factor": 0.5
  },
  "loss_fn": {
    "name": "LabelSmoothing",
    "smoothing": 0.1
  }
}
2025-05-01 01:17:13,887 - training.model_ResNet50_opt_Adam_lr_0.001 - INFO - Loading checkpoint from model_results_v2/model_ResNet50_opt_Adam_lr_0.001/checkpoint.pt
2025-05-01 01:17:13,887 - training.model_ResNet50_opt_Adam_lr_0.001 - INFO - Loading checkpoint from model_results_v2/model_ResNet50_opt_Adam_lr_0.001/checkpoint.pt
2025-05-01 01:17:13,887 - training.model_ResNet50_opt_Adam_lr_0.001 - INFO - Loading checkpoint from model_results_v2/model_ResNet50_opt_Adam_lr_0.001/checkpoint.pt
2025-05-01 01:17:13,887 - training.model_ResNet50_opt_Adam_lr_0.001 - INFO - Loading checkpoint from model_results_v2/model_ResNet50_opt_Adam_lr_0.001/checkpoint.pt
2025-05-01 01:17:13,887 - training.model_ResNet50_opt_Adam_lr_0.001 - INFO - Loading checkpoint from model_results_v2/model_ResNet50_opt_Adam_lr_0.001/checkpoint.pt
2025-05-01 01:17:13,887 - training.model_ResNet50_opt_Adam_lr_0.001 - INFO - Loading checkpoint from model_results_v2/model_ResNet50_opt_Adam_lr_0.001/checkpoint.pt
2025-05-01 01:17:13,967 - training.model_ResNet50_opt_Adam_lr_0.001 - INFO - Resuming from epoch 20, best validation accuracy: 0.9623
2025-05-01 01:17:13,967 - training.model_ResNet50_opt_Adam_lr_0.001 - INFO - Resuming from epoch 20, best validation accuracy: 0.9623
2025-05-01 01:17:13,967 - training.model_ResNet50_opt_Adam_lr_0.001 - INFO - Resuming from epoch 20, best validation accuracy: 0.9623
2025-05-01 01:17:13,967 - training.model_ResNet50_opt_Adam_lr_0.001 - INFO - Resuming from epoch 20, best validation accuracy: 0.9623
2025-05-01 01:17:13,967 - training.model_ResNet50_opt_Adam_lr_0.001 - INFO - Resuming from epoch 20, best validation accuracy: 0.9623
2025-05-01 01:17:13,967 - training.model_ResNet50_opt_Adam_lr_0.001 - INFO - Resuming from epoch 20, best validation accuracy: 0.9623
2025-05-01 01:17:13,968 - training.model_ResNet50_opt_Adam_lr_0.001 - INFO - Training completed after 1033.78 seconds
2025-05-01 01:17:13,968 - training.model_ResNet50_opt_Adam_lr_0.001 - INFO - Training completed after 1033.78 seconds
2025-05-01 01:17:13,968 - training.model_ResNet50_opt_Adam_lr_0.001 - INFO - Training completed after 1033.78 seconds
2025-05-01 01:17:13,968 - training.model_ResNet50_opt_Adam_lr_0.001 - INFO - Training completed after 1033.78 seconds
2025-05-01 01:17:13,968 - training.model_ResNet50_opt_Adam_lr_0.001 - INFO - Training completed after 1033.78 seconds
2025-05-01 01:17:13,968 - training.model_ResNet50_opt_Adam_lr_0.001 - INFO - Training completed after 1033.78 seconds
2025-05-01 01:17:22,765 - training.model_ResNet50_opt_Adam_lr_0.001 - INFO - Initialized training manager for model_ResNet50_opt_Adam_lr_0.001
2025-05-01 01:17:22,765 - training.model_ResNet50_opt_Adam_lr_0.001 - INFO - Initialized training manager for model_ResNet50_opt_Adam_lr_0.001
2025-05-01 01:17:22,765 - training.model_ResNet50_opt_Adam_lr_0.001 - INFO - Initialized training manager for model_ResNet50_opt_Adam_lr_0.001
2025-05-01 01:17:22,765 - training.model_ResNet50_opt_Adam_lr_0.001 - INFO - Initialized training manager for model_ResNet50_opt_Adam_lr_0.001
2025-05-01 01:17:22,765 - training.model_ResNet50_opt_Adam_lr_0.001 - INFO - Initialized training manager for model_ResNet50_opt_Adam_lr_0.001
2025-05-01 01:17:22,765 - training.model_ResNet50_opt_Adam_lr_0.001 - INFO - Initialized training manager for model_ResNet50_opt_Adam_lr_0.001
2025-05-01 01:17:22,765 - training.model_ResNet50_opt_Adam_lr_0.001 - INFO - Initialized training manager for model_ResNet50_opt_Adam_lr_0.001
2025-05-01 01:17:22,765 - training.model_ResNet50_opt_Adam_lr_0.001 - INFO - Config: {
  "id": 55,
  "model_name": "ResNet50",
  "optimizer": "Adam",
  "learning_rate": 0.001,
  "scheduler": {
    "name": "CosineAnnealingLR",
    "T_max": 10
  },
  "loss_fn": {
    "name": "CrossEntropy"
  }
}
2025-05-01 01:17:22,765 - training.model_ResNet50_opt_Adam_lr_0.001 - INFO - Config: {
  "id": 55,
  "model_name": "ResNet50",
  "optimizer": "Adam",
  "learning_rate": 0.001,
  "scheduler": {
    "name": "CosineAnnealingLR",
    "T_max": 10
  },
  "loss_fn": {
    "name": "CrossEntropy"
  }
}
2025-05-01 01:17:22,765 - training.model_ResNet50_opt_Adam_lr_0.001 - INFO - Config: {
  "id": 55,
  "model_name": "ResNet50",
  "optimizer": "Adam",
  "learning_rate": 0.001,
  "scheduler": {
    "name": "CosineAnnealingLR",
    "T_max": 10
  },
  "loss_fn": {
    "name": "CrossEntropy"
  }
}
2025-05-01 01:17:22,765 - training.model_ResNet50_opt_Adam_lr_0.001 - INFO - Config: {
  "id": 55,
  "model_name": "ResNet50",
  "optimizer": "Adam",
  "learning_rate": 0.001,
  "scheduler": {
    "name": "CosineAnnealingLR",
    "T_max": 10
  },
  "loss_fn": {
    "name": "CrossEntropy"
  }
}
2025-05-01 01:17:22,765 - training.model_ResNet50_opt_Adam_lr_0.001 - INFO - Config: {
  "id": 55,
  "model_name": "ResNet50",
  "optimizer": "Adam",
  "learning_rate": 0.001,
  "scheduler": {
    "name": "CosineAnnealingLR",
    "T_max": 10
  },
  "loss_fn": {
    "name": "CrossEntropy"
  }
}
2025-05-01 01:17:22,765 - training.model_ResNet50_opt_Adam_lr_0.001 - INFO - Config: {
  "id": 55,
  "model_name": "ResNet50",
  "optimizer": "Adam",
  "learning_rate": 0.001,
  "scheduler": {
    "name": "CosineAnnealingLR",
    "T_max": 10
  },
  "loss_fn": {
    "name": "CrossEntropy"
  }
}
2025-05-01 01:17:22,765 - training.model_ResNet50_opt_Adam_lr_0.001 - INFO - Config: {
  "id": 55,
  "model_name": "ResNet50",
  "optimizer": "Adam",
  "learning_rate": 0.001,
  "scheduler": {
    "name": "CosineAnnealingLR",
    "T_max": 10
  },
  "loss_fn": {
    "name": "CrossEntropy"
  }
}
2025-05-01 01:17:22,765 - training.model_ResNet50_opt_Adam_lr_0.001 - INFO - Loading checkpoint from model_results_v2/model_ResNet50_opt_Adam_lr_0.001/checkpoint.pt
2025-05-01 01:17:22,765 - training.model_ResNet50_opt_Adam_lr_0.001 - INFO - Loading checkpoint from model_results_v2/model_ResNet50_opt_Adam_lr_0.001/checkpoint.pt
2025-05-01 01:17:22,765 - training.model_ResNet50_opt_Adam_lr_0.001 - INFO - Loading checkpoint from model_results_v2/model_ResNet50_opt_Adam_lr_0.001/checkpoint.pt
2025-05-01 01:17:22,765 - training.model_ResNet50_opt_Adam_lr_0.001 - INFO - Loading checkpoint from model_results_v2/model_ResNet50_opt_Adam_lr_0.001/checkpoint.pt
2025-05-01 01:17:22,765 - training.model_ResNet50_opt_Adam_lr_0.001 - INFO - Loading checkpoint from model_results_v2/model_ResNet50_opt_Adam_lr_0.001/checkpoint.pt
2025-05-01 01:17:22,765 - training.model_ResNet50_opt_Adam_lr_0.001 - INFO - Loading checkpoint from model_results_v2/model_ResNet50_opt_Adam_lr_0.001/checkpoint.pt
2025-05-01 01:17:22,765 - training.model_ResNet50_opt_Adam_lr_0.001 - INFO - Loading checkpoint from model_results_v2/model_ResNet50_opt_Adam_lr_0.001/checkpoint.pt
2025-05-01 01:17:22,864 - training.model_ResNet50_opt_Adam_lr_0.001 - INFO - Resuming from epoch 20, best validation accuracy: 0.9623
2025-05-01 01:17:22,864 - training.model_ResNet50_opt_Adam_lr_0.001 - INFO - Resuming from epoch 20, best validation accuracy: 0.9623
2025-05-01 01:17:22,864 - training.model_ResNet50_opt_Adam_lr_0.001 - INFO - Resuming from epoch 20, best validation accuracy: 0.9623
2025-05-01 01:17:22,864 - training.model_ResNet50_opt_Adam_lr_0.001 - INFO - Resuming from epoch 20, best validation accuracy: 0.9623
2025-05-01 01:17:22,864 - training.model_ResNet50_opt_Adam_lr_0.001 - INFO - Resuming from epoch 20, best validation accuracy: 0.9623
2025-05-01 01:17:22,864 - training.model_ResNet50_opt_Adam_lr_0.001 - INFO - Resuming from epoch 20, best validation accuracy: 0.9623
2025-05-01 01:17:22,864 - training.model_ResNet50_opt_Adam_lr_0.001 - INFO - Resuming from epoch 20, best validation accuracy: 0.9623
2025-05-01 01:17:22,864 - training.model_ResNet50_opt_Adam_lr_0.001 - INFO - Training completed after 1033.78 seconds
2025-05-01 01:17:22,864 - training.model_ResNet50_opt_Adam_lr_0.001 - INFO - Training completed after 1033.78 seconds
2025-05-01 01:17:22,864 - training.model_ResNet50_opt_Adam_lr_0.001 - INFO - Training completed after 1033.78 seconds
2025-05-01 01:17:22,864 - training.model_ResNet50_opt_Adam_lr_0.001 - INFO - Training completed after 1033.78 seconds
2025-05-01 01:17:22,864 - training.model_ResNet50_opt_Adam_lr_0.001 - INFO - Training completed after 1033.78 seconds
2025-05-01 01:17:22,864 - training.model_ResNet50_opt_Adam_lr_0.001 - INFO - Training completed after 1033.78 seconds
2025-05-01 01:17:22,864 - training.model_ResNet50_opt_Adam_lr_0.001 - INFO - Training completed after 1033.78 seconds
2025-05-01 01:17:31,756 - training.model_ResNet50_opt_Adam_lr_0.001 - INFO - Initialized training manager for model_ResNet50_opt_Adam_lr_0.001
2025-05-01 01:17:31,756 - training.model_ResNet50_opt_Adam_lr_0.001 - INFO - Initialized training manager for model_ResNet50_opt_Adam_lr_0.001
2025-05-01 01:17:31,756 - training.model_ResNet50_opt_Adam_lr_0.001 - INFO - Initialized training manager for model_ResNet50_opt_Adam_lr_0.001
2025-05-01 01:17:31,756 - training.model_ResNet50_opt_Adam_lr_0.001 - INFO - Initialized training manager for model_ResNet50_opt_Adam_lr_0.001
2025-05-01 01:17:31,756 - training.model_ResNet50_opt_Adam_lr_0.001 - INFO - Initialized training manager for model_ResNet50_opt_Adam_lr_0.001
2025-05-01 01:17:31,756 - training.model_ResNet50_opt_Adam_lr_0.001 - INFO - Initialized training manager for model_ResNet50_opt_Adam_lr_0.001
2025-05-01 01:17:31,756 - training.model_ResNet50_opt_Adam_lr_0.001 - INFO - Initialized training manager for model_ResNet50_opt_Adam_lr_0.001
2025-05-01 01:17:31,756 - training.model_ResNet50_opt_Adam_lr_0.001 - INFO - Initialized training manager for model_ResNet50_opt_Adam_lr_0.001
2025-05-01 01:17:31,757 - training.model_ResNet50_opt_Adam_lr_0.001 - INFO - Config: {
  "id": 56,
  "model_name": "ResNet50",
  "optimizer": "Adam",
  "learning_rate": 0.001,
  "scheduler": {
    "name": "CosineAnnealingLR",
    "T_max": 10
  },
  "loss_fn": {
    "name": "FocalLoss",
    "alpha": 0.25,
    "gamma": 2.0
  }
}
2025-05-01 01:17:31,757 - training.model_ResNet50_opt_Adam_lr_0.001 - INFO - Config: {
  "id": 56,
  "model_name": "ResNet50",
  "optimizer": "Adam",
  "learning_rate": 0.001,
  "scheduler": {
    "name": "CosineAnnealingLR",
    "T_max": 10
  },
  "loss_fn": {
    "name": "FocalLoss",
    "alpha": 0.25,
    "gamma": 2.0
  }
}
2025-05-01 01:17:31,757 - training.model_ResNet50_opt_Adam_lr_0.001 - INFO - Config: {
  "id": 56,
  "model_name": "ResNet50",
  "optimizer": "Adam",
  "learning_rate": 0.001,
  "scheduler": {
    "name": "CosineAnnealingLR",
    "T_max": 10
  },
  "loss_fn": {
    "name": "FocalLoss",
    "alpha": 0.25,
    "gamma": 2.0
  }
}
2025-05-01 01:17:31,757 - training.model_ResNet50_opt_Adam_lr_0.001 - INFO - Config: {
  "id": 56,
  "model_name": "ResNet50",
  "optimizer": "Adam",
  "learning_rate": 0.001,
  "scheduler": {
    "name": "CosineAnnealingLR",
    "T_max": 10
  },
  "loss_fn": {
    "name": "FocalLoss",
    "alpha": 0.25,
    "gamma": 2.0
  }
}
2025-05-01 01:17:31,757 - training.model_ResNet50_opt_Adam_lr_0.001 - INFO - Config: {
  "id": 56,
  "model_name": "ResNet50",
  "optimizer": "Adam",
  "learning_rate": 0.001,
  "scheduler": {
    "name": "CosineAnnealingLR",
    "T_max": 10
  },
  "loss_fn": {
    "name": "FocalLoss",
    "alpha": 0.25,
    "gamma": 2.0
  }
}
2025-05-01 01:17:31,757 - training.model_ResNet50_opt_Adam_lr_0.001 - INFO - Config: {
  "id": 56,
  "model_name": "ResNet50",
  "optimizer": "Adam",
  "learning_rate": 0.001,
  "scheduler": {
    "name": "CosineAnnealingLR",
    "T_max": 10
  },
  "loss_fn": {
    "name": "FocalLoss",
    "alpha": 0.25,
    "gamma": 2.0
  }
}
2025-05-01 01:17:31,757 - training.model_ResNet50_opt_Adam_lr_0.001 - INFO - Config: {
  "id": 56,
  "model_name": "ResNet50",
  "optimizer": "Adam",
  "learning_rate": 0.001,
  "scheduler": {
    "name": "CosineAnnealingLR",
    "T_max": 10
  },
  "loss_fn": {
    "name": "FocalLoss",
    "alpha": 0.25,
    "gamma": 2.0
  }
}
2025-05-01 01:17:31,757 - training.model_ResNet50_opt_Adam_lr_0.001 - INFO - Config: {
  "id": 56,
  "model_name": "ResNet50",
  "optimizer": "Adam",
  "learning_rate": 0.001,
  "scheduler": {
    "name": "CosineAnnealingLR",
    "T_max": 10
  },
  "loss_fn": {
    "name": "FocalLoss",
    "alpha": 0.25,
    "gamma": 2.0
  }
}
2025-05-01 01:17:31,757 - training.model_ResNet50_opt_Adam_lr_0.001 - INFO - Loading checkpoint from model_results_v2/model_ResNet50_opt_Adam_lr_0.001/checkpoint.pt
2025-05-01 01:17:31,757 - training.model_ResNet50_opt_Adam_lr_0.001 - INFO - Loading checkpoint from model_results_v2/model_ResNet50_opt_Adam_lr_0.001/checkpoint.pt
2025-05-01 01:17:31,757 - training.model_ResNet50_opt_Adam_lr_0.001 - INFO - Loading checkpoint from model_results_v2/model_ResNet50_opt_Adam_lr_0.001/checkpoint.pt
2025-05-01 01:17:31,757 - training.model_ResNet50_opt_Adam_lr_0.001 - INFO - Loading checkpoint from model_results_v2/model_ResNet50_opt_Adam_lr_0.001/checkpoint.pt
2025-05-01 01:17:31,757 - training.model_ResNet50_opt_Adam_lr_0.001 - INFO - Loading checkpoint from model_results_v2/model_ResNet50_opt_Adam_lr_0.001/checkpoint.pt
2025-05-01 01:17:31,757 - training.model_ResNet50_opt_Adam_lr_0.001 - INFO - Loading checkpoint from model_results_v2/model_ResNet50_opt_Adam_lr_0.001/checkpoint.pt
2025-05-01 01:17:31,757 - training.model_ResNet50_opt_Adam_lr_0.001 - INFO - Loading checkpoint from model_results_v2/model_ResNet50_opt_Adam_lr_0.001/checkpoint.pt
2025-05-01 01:17:31,757 - training.model_ResNet50_opt_Adam_lr_0.001 - INFO - Loading checkpoint from model_results_v2/model_ResNet50_opt_Adam_lr_0.001/checkpoint.pt
2025-05-01 01:17:31,835 - training.model_ResNet50_opt_Adam_lr_0.001 - INFO - Resuming from epoch 20, best validation accuracy: 0.9623
2025-05-01 01:17:31,835 - training.model_ResNet50_opt_Adam_lr_0.001 - INFO - Resuming from epoch 20, best validation accuracy: 0.9623
2025-05-01 01:17:31,835 - training.model_ResNet50_opt_Adam_lr_0.001 - INFO - Resuming from epoch 20, best validation accuracy: 0.9623
2025-05-01 01:17:31,835 - training.model_ResNet50_opt_Adam_lr_0.001 - INFO - Resuming from epoch 20, best validation accuracy: 0.9623
2025-05-01 01:17:31,835 - training.model_ResNet50_opt_Adam_lr_0.001 - INFO - Resuming from epoch 20, best validation accuracy: 0.9623
2025-05-01 01:17:31,835 - training.model_ResNet50_opt_Adam_lr_0.001 - INFO - Resuming from epoch 20, best validation accuracy: 0.9623
2025-05-01 01:17:31,835 - training.model_ResNet50_opt_Adam_lr_0.001 - INFO - Resuming from epoch 20, best validation accuracy: 0.9623
2025-05-01 01:17:31,835 - training.model_ResNet50_opt_Adam_lr_0.001 - INFO - Resuming from epoch 20, best validation accuracy: 0.9623
2025-05-01 01:17:31,836 - training.model_ResNet50_opt_Adam_lr_0.001 - INFO - Training completed after 1033.78 seconds
2025-05-01 01:17:31,836 - training.model_ResNet50_opt_Adam_lr_0.001 - INFO - Training completed after 1033.78 seconds
2025-05-01 01:17:31,836 - training.model_ResNet50_opt_Adam_lr_0.001 - INFO - Training completed after 1033.78 seconds
2025-05-01 01:17:31,836 - training.model_ResNet50_opt_Adam_lr_0.001 - INFO - Training completed after 1033.78 seconds
2025-05-01 01:17:31,836 - training.model_ResNet50_opt_Adam_lr_0.001 - INFO - Training completed after 1033.78 seconds
2025-05-01 01:17:31,836 - training.model_ResNet50_opt_Adam_lr_0.001 - INFO - Training completed after 1033.78 seconds
2025-05-01 01:17:31,836 - training.model_ResNet50_opt_Adam_lr_0.001 - INFO - Training completed after 1033.78 seconds
2025-05-01 01:17:31,836 - training.model_ResNet50_opt_Adam_lr_0.001 - INFO - Training completed after 1033.78 seconds
2025-05-01 01:17:40,032 - training.model_ResNet50_opt_Adam_lr_0.001 - INFO - Initialized training manager for model_ResNet50_opt_Adam_lr_0.001
2025-05-01 01:17:40,032 - training.model_ResNet50_opt_Adam_lr_0.001 - INFO - Initialized training manager for model_ResNet50_opt_Adam_lr_0.001
2025-05-01 01:17:40,032 - training.model_ResNet50_opt_Adam_lr_0.001 - INFO - Initialized training manager for model_ResNet50_opt_Adam_lr_0.001
2025-05-01 01:17:40,032 - training.model_ResNet50_opt_Adam_lr_0.001 - INFO - Initialized training manager for model_ResNet50_opt_Adam_lr_0.001
2025-05-01 01:17:40,032 - training.model_ResNet50_opt_Adam_lr_0.001 - INFO - Initialized training manager for model_ResNet50_opt_Adam_lr_0.001
2025-05-01 01:17:40,032 - training.model_ResNet50_opt_Adam_lr_0.001 - INFO - Initialized training manager for model_ResNet50_opt_Adam_lr_0.001
2025-05-01 01:17:40,032 - training.model_ResNet50_opt_Adam_lr_0.001 - INFO - Initialized training manager for model_ResNet50_opt_Adam_lr_0.001
2025-05-01 01:17:40,032 - training.model_ResNet50_opt_Adam_lr_0.001 - INFO - Initialized training manager for model_ResNet50_opt_Adam_lr_0.001
2025-05-01 01:17:40,032 - training.model_ResNet50_opt_Adam_lr_0.001 - INFO - Initialized training manager for model_ResNet50_opt_Adam_lr_0.001
2025-05-01 01:17:40,033 - training.model_ResNet50_opt_Adam_lr_0.001 - INFO - Config: {
  "id": 57,
  "model_name": "ResNet50",
  "optimizer": "Adam",
  "learning_rate": 0.001,
  "scheduler": {
    "name": "CosineAnnealingLR",
    "T_max": 10
  },
  "loss_fn": {
    "name": "LabelSmoothing",
    "smoothing": 0.1
  }
}
2025-05-01 01:17:40,033 - training.model_ResNet50_opt_Adam_lr_0.001 - INFO - Config: {
  "id": 57,
  "model_name": "ResNet50",
  "optimizer": "Adam",
  "learning_rate": 0.001,
  "scheduler": {
    "name": "CosineAnnealingLR",
    "T_max": 10
  },
  "loss_fn": {
    "name": "LabelSmoothing",
    "smoothing": 0.1
  }
}
2025-05-01 01:17:40,033 - training.model_ResNet50_opt_Adam_lr_0.001 - INFO - Config: {
  "id": 57,
  "model_name": "ResNet50",
  "optimizer": "Adam",
  "learning_rate": 0.001,
  "scheduler": {
    "name": "CosineAnnealingLR",
    "T_max": 10
  },
  "loss_fn": {
    "name": "LabelSmoothing",
    "smoothing": 0.1
  }
}
2025-05-01 01:17:40,033 - training.model_ResNet50_opt_Adam_lr_0.001 - INFO - Config: {
  "id": 57,
  "model_name": "ResNet50",
  "optimizer": "Adam",
  "learning_rate": 0.001,
  "scheduler": {
    "name": "CosineAnnealingLR",
    "T_max": 10
  },
  "loss_fn": {
    "name": "LabelSmoothing",
    "smoothing": 0.1
  }
}
2025-05-01 01:17:40,033 - training.model_ResNet50_opt_Adam_lr_0.001 - INFO - Config: {
  "id": 57,
  "model_name": "ResNet50",
  "optimizer": "Adam",
  "learning_rate": 0.001,
  "scheduler": {
    "name": "CosineAnnealingLR",
    "T_max": 10
  },
  "loss_fn": {
    "name": "LabelSmoothing",
    "smoothing": 0.1
  }
}
2025-05-01 01:17:40,033 - training.model_ResNet50_opt_Adam_lr_0.001 - INFO - Config: {
  "id": 57,
  "model_name": "ResNet50",
  "optimizer": "Adam",
  "learning_rate": 0.001,
  "scheduler": {
    "name": "CosineAnnealingLR",
    "T_max": 10
  },
  "loss_fn": {
    "name": "LabelSmoothing",
    "smoothing": 0.1
  }
}
2025-05-01 01:17:40,033 - training.model_ResNet50_opt_Adam_lr_0.001 - INFO - Config: {
  "id": 57,
  "model_name": "ResNet50",
  "optimizer": "Adam",
  "learning_rate": 0.001,
  "scheduler": {
    "name": "CosineAnnealingLR",
    "T_max": 10
  },
  "loss_fn": {
    "name": "LabelSmoothing",
    "smoothing": 0.1
  }
}
2025-05-01 01:17:40,033 - training.model_ResNet50_opt_Adam_lr_0.001 - INFO - Config: {
  "id": 57,
  "model_name": "ResNet50",
  "optimizer": "Adam",
  "learning_rate": 0.001,
  "scheduler": {
    "name": "CosineAnnealingLR",
    "T_max": 10
  },
  "loss_fn": {
    "name": "LabelSmoothing",
    "smoothing": 0.1
  }
}
2025-05-01 01:17:40,033 - training.model_ResNet50_opt_Adam_lr_0.001 - INFO - Config: {
  "id": 57,
  "model_name": "ResNet50",
  "optimizer": "Adam",
  "learning_rate": 0.001,
  "scheduler": {
    "name": "CosineAnnealingLR",
    "T_max": 10
  },
  "loss_fn": {
    "name": "LabelSmoothing",
    "smoothing": 0.1
  }
}
2025-05-01 01:17:40,033 - training.model_ResNet50_opt_Adam_lr_0.001 - INFO - Loading checkpoint from model_results_v2/model_ResNet50_opt_Adam_lr_0.001/checkpoint.pt
2025-05-01 01:17:40,033 - training.model_ResNet50_opt_Adam_lr_0.001 - INFO - Loading checkpoint from model_results_v2/model_ResNet50_opt_Adam_lr_0.001/checkpoint.pt
2025-05-01 01:17:40,033 - training.model_ResNet50_opt_Adam_lr_0.001 - INFO - Loading checkpoint from model_results_v2/model_ResNet50_opt_Adam_lr_0.001/checkpoint.pt
2025-05-01 01:17:40,033 - training.model_ResNet50_opt_Adam_lr_0.001 - INFO - Loading checkpoint from model_results_v2/model_ResNet50_opt_Adam_lr_0.001/checkpoint.pt
2025-05-01 01:17:40,033 - training.model_ResNet50_opt_Adam_lr_0.001 - INFO - Loading checkpoint from model_results_v2/model_ResNet50_opt_Adam_lr_0.001/checkpoint.pt
2025-05-01 01:17:40,033 - training.model_ResNet50_opt_Adam_lr_0.001 - INFO - Loading checkpoint from model_results_v2/model_ResNet50_opt_Adam_lr_0.001/checkpoint.pt
2025-05-01 01:17:40,033 - training.model_ResNet50_opt_Adam_lr_0.001 - INFO - Loading checkpoint from model_results_v2/model_ResNet50_opt_Adam_lr_0.001/checkpoint.pt
2025-05-01 01:17:40,033 - training.model_ResNet50_opt_Adam_lr_0.001 - INFO - Loading checkpoint from model_results_v2/model_ResNet50_opt_Adam_lr_0.001/checkpoint.pt
2025-05-01 01:17:40,033 - training.model_ResNet50_opt_Adam_lr_0.001 - INFO - Loading checkpoint from model_results_v2/model_ResNet50_opt_Adam_lr_0.001/checkpoint.pt
2025-05-01 01:17:40,110 - training.model_ResNet50_opt_Adam_lr_0.001 - INFO - Resuming from epoch 20, best validation accuracy: 0.9623
2025-05-01 01:17:40,110 - training.model_ResNet50_opt_Adam_lr_0.001 - INFO - Resuming from epoch 20, best validation accuracy: 0.9623
2025-05-01 01:17:40,110 - training.model_ResNet50_opt_Adam_lr_0.001 - INFO - Resuming from epoch 20, best validation accuracy: 0.9623
2025-05-01 01:17:40,110 - training.model_ResNet50_opt_Adam_lr_0.001 - INFO - Resuming from epoch 20, best validation accuracy: 0.9623
2025-05-01 01:17:40,110 - training.model_ResNet50_opt_Adam_lr_0.001 - INFO - Resuming from epoch 20, best validation accuracy: 0.9623
2025-05-01 01:17:40,110 - training.model_ResNet50_opt_Adam_lr_0.001 - INFO - Resuming from epoch 20, best validation accuracy: 0.9623
2025-05-01 01:17:40,110 - training.model_ResNet50_opt_Adam_lr_0.001 - INFO - Resuming from epoch 20, best validation accuracy: 0.9623
2025-05-01 01:17:40,110 - training.model_ResNet50_opt_Adam_lr_0.001 - INFO - Resuming from epoch 20, best validation accuracy: 0.9623
2025-05-01 01:17:40,110 - training.model_ResNet50_opt_Adam_lr_0.001 - INFO - Resuming from epoch 20, best validation accuracy: 0.9623
2025-05-01 01:17:40,111 - training.model_ResNet50_opt_Adam_lr_0.001 - INFO - Training completed after 1033.78 seconds
2025-05-01 01:17:40,111 - training.model_ResNet50_opt_Adam_lr_0.001 - INFO - Training completed after 1033.78 seconds
2025-05-01 01:17:40,111 - training.model_ResNet50_opt_Adam_lr_0.001 - INFO - Training completed after 1033.78 seconds
2025-05-01 01:17:40,111 - training.model_ResNet50_opt_Adam_lr_0.001 - INFO - Training completed after 1033.78 seconds
2025-05-01 01:17:40,111 - training.model_ResNet50_opt_Adam_lr_0.001 - INFO - Training completed after 1033.78 seconds
2025-05-01 01:17:40,111 - training.model_ResNet50_opt_Adam_lr_0.001 - INFO - Training completed after 1033.78 seconds
2025-05-01 01:17:40,111 - training.model_ResNet50_opt_Adam_lr_0.001 - INFO - Training completed after 1033.78 seconds
2025-05-01 01:17:40,111 - training.model_ResNet50_opt_Adam_lr_0.001 - INFO - Training completed after 1033.78 seconds
2025-05-01 01:17:40,111 - training.model_ResNet50_opt_Adam_lr_0.001 - INFO - Training completed after 1033.78 seconds
2025-05-01 01:17:47,840 - training.model_ResNet50_opt_Adam_lr_0.001 - INFO - Initialized training manager for model_ResNet50_opt_Adam_lr_0.001
2025-05-01 01:17:47,840 - training.model_ResNet50_opt_Adam_lr_0.001 - INFO - Initialized training manager for model_ResNet50_opt_Adam_lr_0.001
2025-05-01 01:17:47,840 - training.model_ResNet50_opt_Adam_lr_0.001 - INFO - Initialized training manager for model_ResNet50_opt_Adam_lr_0.001
2025-05-01 01:17:47,840 - training.model_ResNet50_opt_Adam_lr_0.001 - INFO - Initialized training manager for model_ResNet50_opt_Adam_lr_0.001
2025-05-01 01:17:47,840 - training.model_ResNet50_opt_Adam_lr_0.001 - INFO - Initialized training manager for model_ResNet50_opt_Adam_lr_0.001
2025-05-01 01:17:47,840 - training.model_ResNet50_opt_Adam_lr_0.001 - INFO - Initialized training manager for model_ResNet50_opt_Adam_lr_0.001
2025-05-01 01:17:47,840 - training.model_ResNet50_opt_Adam_lr_0.001 - INFO - Initialized training manager for model_ResNet50_opt_Adam_lr_0.001
2025-05-01 01:17:47,840 - training.model_ResNet50_opt_Adam_lr_0.001 - INFO - Initialized training manager for model_ResNet50_opt_Adam_lr_0.001
2025-05-01 01:17:47,840 - training.model_ResNet50_opt_Adam_lr_0.001 - INFO - Initialized training manager for model_ResNet50_opt_Adam_lr_0.001
2025-05-01 01:17:47,840 - training.model_ResNet50_opt_Adam_lr_0.001 - INFO - Initialized training manager for model_ResNet50_opt_Adam_lr_0.001
2025-05-01 01:17:47,840 - training.model_ResNet50_opt_Adam_lr_0.001 - INFO - Config: {
  "id": 58,
  "model_name": "ResNet50",
  "optimizer": "Adam",
  "learning_rate": 0.001,
  "scheduler": {
    "name": "CosineAnnealingWarmRestarts",
    "T_0": 10
  },
  "loss_fn": {
    "name": "CrossEntropy"
  }
}
2025-05-01 01:17:47,840 - training.model_ResNet50_opt_Adam_lr_0.001 - INFO - Config: {
  "id": 58,
  "model_name": "ResNet50",
  "optimizer": "Adam",
  "learning_rate": 0.001,
  "scheduler": {
    "name": "CosineAnnealingWarmRestarts",
    "T_0": 10
  },
  "loss_fn": {
    "name": "CrossEntropy"
  }
}
2025-05-01 01:17:47,840 - training.model_ResNet50_opt_Adam_lr_0.001 - INFO - Config: {
  "id": 58,
  "model_name": "ResNet50",
  "optimizer": "Adam",
  "learning_rate": 0.001,
  "scheduler": {
    "name": "CosineAnnealingWarmRestarts",
    "T_0": 10
  },
  "loss_fn": {
    "name": "CrossEntropy"
  }
}
2025-05-01 01:17:47,840 - training.model_ResNet50_opt_Adam_lr_0.001 - INFO - Config: {
  "id": 58,
  "model_name": "ResNet50",
  "optimizer": "Adam",
  "learning_rate": 0.001,
  "scheduler": {
    "name": "CosineAnnealingWarmRestarts",
    "T_0": 10
  },
  "loss_fn": {
    "name": "CrossEntropy"
  }
}
2025-05-01 01:17:47,840 - training.model_ResNet50_opt_Adam_lr_0.001 - INFO - Config: {
  "id": 58,
  "model_name": "ResNet50",
  "optimizer": "Adam",
  "learning_rate": 0.001,
  "scheduler": {
    "name": "CosineAnnealingWarmRestarts",
    "T_0": 10
  },
  "loss_fn": {
    "name": "CrossEntropy"
  }
}
2025-05-01 01:17:47,840 - training.model_ResNet50_opt_Adam_lr_0.001 - INFO - Config: {
  "id": 58,
  "model_name": "ResNet50",
  "optimizer": "Adam",
  "learning_rate": 0.001,
  "scheduler": {
    "name": "CosineAnnealingWarmRestarts",
    "T_0": 10
  },
  "loss_fn": {
    "name": "CrossEntropy"
  }
}
2025-05-01 01:17:47,840 - training.model_ResNet50_opt_Adam_lr_0.001 - INFO - Config: {
  "id": 58,
  "model_name": "ResNet50",
  "optimizer": "Adam",
  "learning_rate": 0.001,
  "scheduler": {
    "name": "CosineAnnealingWarmRestarts",
    "T_0": 10
  },
  "loss_fn": {
    "name": "CrossEntropy"
  }
}
2025-05-01 01:17:47,840 - training.model_ResNet50_opt_Adam_lr_0.001 - INFO - Config: {
  "id": 58,
  "model_name": "ResNet50",
  "optimizer": "Adam",
  "learning_rate": 0.001,
  "scheduler": {
    "name": "CosineAnnealingWarmRestarts",
    "T_0": 10
  },
  "loss_fn": {
    "name": "CrossEntropy"
  }
}
2025-05-01 01:17:47,840 - training.model_ResNet50_opt_Adam_lr_0.001 - INFO - Config: {
  "id": 58,
  "model_name": "ResNet50",
  "optimizer": "Adam",
  "learning_rate": 0.001,
  "scheduler": {
    "name": "CosineAnnealingWarmRestarts",
    "T_0": 10
  },
  "loss_fn": {
    "name": "CrossEntropy"
  }
}
2025-05-01 01:17:47,840 - training.model_ResNet50_opt_Adam_lr_0.001 - INFO - Config: {
  "id": 58,
  "model_name": "ResNet50",
  "optimizer": "Adam",
  "learning_rate": 0.001,
  "scheduler": {
    "name": "CosineAnnealingWarmRestarts",
    "T_0": 10
  },
  "loss_fn": {
    "name": "CrossEntropy"
  }
}
2025-05-01 01:17:47,840 - training.model_ResNet50_opt_Adam_lr_0.001 - INFO - Loading checkpoint from model_results_v2/model_ResNet50_opt_Adam_lr_0.001/checkpoint.pt
2025-05-01 01:17:47,840 - training.model_ResNet50_opt_Adam_lr_0.001 - INFO - Loading checkpoint from model_results_v2/model_ResNet50_opt_Adam_lr_0.001/checkpoint.pt
2025-05-01 01:17:47,840 - training.model_ResNet50_opt_Adam_lr_0.001 - INFO - Loading checkpoint from model_results_v2/model_ResNet50_opt_Adam_lr_0.001/checkpoint.pt
2025-05-01 01:17:47,840 - training.model_ResNet50_opt_Adam_lr_0.001 - INFO - Loading checkpoint from model_results_v2/model_ResNet50_opt_Adam_lr_0.001/checkpoint.pt
2025-05-01 01:17:47,840 - training.model_ResNet50_opt_Adam_lr_0.001 - INFO - Loading checkpoint from model_results_v2/model_ResNet50_opt_Adam_lr_0.001/checkpoint.pt
2025-05-01 01:17:47,840 - training.model_ResNet50_opt_Adam_lr_0.001 - INFO - Loading checkpoint from model_results_v2/model_ResNet50_opt_Adam_lr_0.001/checkpoint.pt
2025-05-01 01:17:47,840 - training.model_ResNet50_opt_Adam_lr_0.001 - INFO - Loading checkpoint from model_results_v2/model_ResNet50_opt_Adam_lr_0.001/checkpoint.pt
2025-05-01 01:17:47,840 - training.model_ResNet50_opt_Adam_lr_0.001 - INFO - Loading checkpoint from model_results_v2/model_ResNet50_opt_Adam_lr_0.001/checkpoint.pt
2025-05-01 01:17:47,840 - training.model_ResNet50_opt_Adam_lr_0.001 - INFO - Loading checkpoint from model_results_v2/model_ResNet50_opt_Adam_lr_0.001/checkpoint.pt
2025-05-01 01:17:47,840 - training.model_ResNet50_opt_Adam_lr_0.001 - INFO - Loading checkpoint from model_results_v2/model_ResNet50_opt_Adam_lr_0.001/checkpoint.pt
2025-05-01 01:17:47,919 - training.model_ResNet50_opt_Adam_lr_0.001 - INFO - Resuming from epoch 20, best validation accuracy: 0.9623
2025-05-01 01:17:47,919 - training.model_ResNet50_opt_Adam_lr_0.001 - INFO - Resuming from epoch 20, best validation accuracy: 0.9623
2025-05-01 01:17:47,919 - training.model_ResNet50_opt_Adam_lr_0.001 - INFO - Resuming from epoch 20, best validation accuracy: 0.9623
2025-05-01 01:17:47,919 - training.model_ResNet50_opt_Adam_lr_0.001 - INFO - Resuming from epoch 20, best validation accuracy: 0.9623
2025-05-01 01:17:47,919 - training.model_ResNet50_opt_Adam_lr_0.001 - INFO - Resuming from epoch 20, best validation accuracy: 0.9623
2025-05-01 01:17:47,919 - training.model_ResNet50_opt_Adam_lr_0.001 - INFO - Resuming from epoch 20, best validation accuracy: 0.9623
2025-05-01 01:17:47,919 - training.model_ResNet50_opt_Adam_lr_0.001 - INFO - Resuming from epoch 20, best validation accuracy: 0.9623
2025-05-01 01:17:47,919 - training.model_ResNet50_opt_Adam_lr_0.001 - INFO - Resuming from epoch 20, best validation accuracy: 0.9623
2025-05-01 01:17:47,919 - training.model_ResNet50_opt_Adam_lr_0.001 - INFO - Resuming from epoch 20, best validation accuracy: 0.9623
2025-05-01 01:17:47,919 - training.model_ResNet50_opt_Adam_lr_0.001 - INFO - Resuming from epoch 20, best validation accuracy: 0.9623
2025-05-01 01:17:47,920 - training.model_ResNet50_opt_Adam_lr_0.001 - INFO - Training completed after 1033.78 seconds
2025-05-01 01:17:47,920 - training.model_ResNet50_opt_Adam_lr_0.001 - INFO - Training completed after 1033.78 seconds
2025-05-01 01:17:47,920 - training.model_ResNet50_opt_Adam_lr_0.001 - INFO - Training completed after 1033.78 seconds
2025-05-01 01:17:47,920 - training.model_ResNet50_opt_Adam_lr_0.001 - INFO - Training completed after 1033.78 seconds
2025-05-01 01:17:47,920 - training.model_ResNet50_opt_Adam_lr_0.001 - INFO - Training completed after 1033.78 seconds
2025-05-01 01:17:47,920 - training.model_ResNet50_opt_Adam_lr_0.001 - INFO - Training completed after 1033.78 seconds
2025-05-01 01:17:47,920 - training.model_ResNet50_opt_Adam_lr_0.001 - INFO - Training completed after 1033.78 seconds
2025-05-01 01:17:47,920 - training.model_ResNet50_opt_Adam_lr_0.001 - INFO - Training completed after 1033.78 seconds
2025-05-01 01:17:47,920 - training.model_ResNet50_opt_Adam_lr_0.001 - INFO - Training completed after 1033.78 seconds
2025-05-01 01:17:47,920 - training.model_ResNet50_opt_Adam_lr_0.001 - INFO - Training completed after 1033.78 seconds
2025-05-01 01:17:55,706 - training.model_ResNet50_opt_Adam_lr_0.001 - INFO - Initialized training manager for model_ResNet50_opt_Adam_lr_0.001
2025-05-01 01:17:55,706 - training.model_ResNet50_opt_Adam_lr_0.001 - INFO - Initialized training manager for model_ResNet50_opt_Adam_lr_0.001
2025-05-01 01:17:55,706 - training.model_ResNet50_opt_Adam_lr_0.001 - INFO - Initialized training manager for model_ResNet50_opt_Adam_lr_0.001
2025-05-01 01:17:55,706 - training.model_ResNet50_opt_Adam_lr_0.001 - INFO - Initialized training manager for model_ResNet50_opt_Adam_lr_0.001
2025-05-01 01:17:55,706 - training.model_ResNet50_opt_Adam_lr_0.001 - INFO - Initialized training manager for model_ResNet50_opt_Adam_lr_0.001
2025-05-01 01:17:55,706 - training.model_ResNet50_opt_Adam_lr_0.001 - INFO - Initialized training manager for model_ResNet50_opt_Adam_lr_0.001
2025-05-01 01:17:55,706 - training.model_ResNet50_opt_Adam_lr_0.001 - INFO - Initialized training manager for model_ResNet50_opt_Adam_lr_0.001
2025-05-01 01:17:55,706 - training.model_ResNet50_opt_Adam_lr_0.001 - INFO - Initialized training manager for model_ResNet50_opt_Adam_lr_0.001
2025-05-01 01:17:55,706 - training.model_ResNet50_opt_Adam_lr_0.001 - INFO - Initialized training manager for model_ResNet50_opt_Adam_lr_0.001
2025-05-01 01:17:55,706 - training.model_ResNet50_opt_Adam_lr_0.001 - INFO - Initialized training manager for model_ResNet50_opt_Adam_lr_0.001
2025-05-01 01:17:55,706 - training.model_ResNet50_opt_Adam_lr_0.001 - INFO - Initialized training manager for model_ResNet50_opt_Adam_lr_0.001
2025-05-01 01:17:55,706 - training.model_ResNet50_opt_Adam_lr_0.001 - INFO - Config: {
  "id": 59,
  "model_name": "ResNet50",
  "optimizer": "Adam",
  "learning_rate": 0.001,
  "scheduler": {
    "name": "CosineAnnealingWarmRestarts",
    "T_0": 10
  },
  "loss_fn": {
    "name": "FocalLoss",
    "alpha": 0.25,
    "gamma": 2.0
  }
}
2025-05-01 01:17:55,706 - training.model_ResNet50_opt_Adam_lr_0.001 - INFO - Config: {
  "id": 59,
  "model_name": "ResNet50",
  "optimizer": "Adam",
  "learning_rate": 0.001,
  "scheduler": {
    "name": "CosineAnnealingWarmRestarts",
    "T_0": 10
  },
  "loss_fn": {
    "name": "FocalLoss",
    "alpha": 0.25,
    "gamma": 2.0
  }
}
2025-05-01 01:17:55,706 - training.model_ResNet50_opt_Adam_lr_0.001 - INFO - Config: {
  "id": 59,
  "model_name": "ResNet50",
  "optimizer": "Adam",
  "learning_rate": 0.001,
  "scheduler": {
    "name": "CosineAnnealingWarmRestarts",
    "T_0": 10
  },
  "loss_fn": {
    "name": "FocalLoss",
    "alpha": 0.25,
    "gamma": 2.0
  }
}
2025-05-01 01:17:55,706 - training.model_ResNet50_opt_Adam_lr_0.001 - INFO - Config: {
  "id": 59,
  "model_name": "ResNet50",
  "optimizer": "Adam",
  "learning_rate": 0.001,
  "scheduler": {
    "name": "CosineAnnealingWarmRestarts",
    "T_0": 10
  },
  "loss_fn": {
    "name": "FocalLoss",
    "alpha": 0.25,
    "gamma": 2.0
  }
}
2025-05-01 01:17:55,706 - training.model_ResNet50_opt_Adam_lr_0.001 - INFO - Config: {
  "id": 59,
  "model_name": "ResNet50",
  "optimizer": "Adam",
  "learning_rate": 0.001,
  "scheduler": {
    "name": "CosineAnnealingWarmRestarts",
    "T_0": 10
  },
  "loss_fn": {
    "name": "FocalLoss",
    "alpha": 0.25,
    "gamma": 2.0
  }
}
2025-05-01 01:17:55,706 - training.model_ResNet50_opt_Adam_lr_0.001 - INFO - Config: {
  "id": 59,
  "model_name": "ResNet50",
  "optimizer": "Adam",
  "learning_rate": 0.001,
  "scheduler": {
    "name": "CosineAnnealingWarmRestarts",
    "T_0": 10
  },
  "loss_fn": {
    "name": "FocalLoss",
    "alpha": 0.25,
    "gamma": 2.0
  }
}
2025-05-01 01:17:55,706 - training.model_ResNet50_opt_Adam_lr_0.001 - INFO - Config: {
  "id": 59,
  "model_name": "ResNet50",
  "optimizer": "Adam",
  "learning_rate": 0.001,
  "scheduler": {
    "name": "CosineAnnealingWarmRestarts",
    "T_0": 10
  },
  "loss_fn": {
    "name": "FocalLoss",
    "alpha": 0.25,
    "gamma": 2.0
  }
}
2025-05-01 01:17:55,706 - training.model_ResNet50_opt_Adam_lr_0.001 - INFO - Config: {
  "id": 59,
  "model_name": "ResNet50",
  "optimizer": "Adam",
  "learning_rate": 0.001,
  "scheduler": {
    "name": "CosineAnnealingWarmRestarts",
    "T_0": 10
  },
  "loss_fn": {
    "name": "FocalLoss",
    "alpha": 0.25,
    "gamma": 2.0
  }
}
2025-05-01 01:17:55,706 - training.model_ResNet50_opt_Adam_lr_0.001 - INFO - Config: {
  "id": 59,
  "model_name": "ResNet50",
  "optimizer": "Adam",
  "learning_rate": 0.001,
  "scheduler": {
    "name": "CosineAnnealingWarmRestarts",
    "T_0": 10
  },
  "loss_fn": {
    "name": "FocalLoss",
    "alpha": 0.25,
    "gamma": 2.0
  }
}
2025-05-01 01:17:55,706 - training.model_ResNet50_opt_Adam_lr_0.001 - INFO - Config: {
  "id": 59,
  "model_name": "ResNet50",
  "optimizer": "Adam",
  "learning_rate": 0.001,
  "scheduler": {
    "name": "CosineAnnealingWarmRestarts",
    "T_0": 10
  },
  "loss_fn": {
    "name": "FocalLoss",
    "alpha": 0.25,
    "gamma": 2.0
  }
}
2025-05-01 01:17:55,706 - training.model_ResNet50_opt_Adam_lr_0.001 - INFO - Config: {
  "id": 59,
  "model_name": "ResNet50",
  "optimizer": "Adam",
  "learning_rate": 0.001,
  "scheduler": {
    "name": "CosineAnnealingWarmRestarts",
    "T_0": 10
  },
  "loss_fn": {
    "name": "FocalLoss",
    "alpha": 0.25,
    "gamma": 2.0
  }
}
2025-05-01 01:17:55,706 - training.model_ResNet50_opt_Adam_lr_0.001 - INFO - Loading checkpoint from model_results_v2/model_ResNet50_opt_Adam_lr_0.001/checkpoint.pt
2025-05-01 01:17:55,706 - training.model_ResNet50_opt_Adam_lr_0.001 - INFO - Loading checkpoint from model_results_v2/model_ResNet50_opt_Adam_lr_0.001/checkpoint.pt
2025-05-01 01:17:55,706 - training.model_ResNet50_opt_Adam_lr_0.001 - INFO - Loading checkpoint from model_results_v2/model_ResNet50_opt_Adam_lr_0.001/checkpoint.pt
2025-05-01 01:17:55,706 - training.model_ResNet50_opt_Adam_lr_0.001 - INFO - Loading checkpoint from model_results_v2/model_ResNet50_opt_Adam_lr_0.001/checkpoint.pt
2025-05-01 01:17:55,706 - training.model_ResNet50_opt_Adam_lr_0.001 - INFO - Loading checkpoint from model_results_v2/model_ResNet50_opt_Adam_lr_0.001/checkpoint.pt
2025-05-01 01:17:55,706 - training.model_ResNet50_opt_Adam_lr_0.001 - INFO - Loading checkpoint from model_results_v2/model_ResNet50_opt_Adam_lr_0.001/checkpoint.pt
2025-05-01 01:17:55,706 - training.model_ResNet50_opt_Adam_lr_0.001 - INFO - Loading checkpoint from model_results_v2/model_ResNet50_opt_Adam_lr_0.001/checkpoint.pt
2025-05-01 01:17:55,706 - training.model_ResNet50_opt_Adam_lr_0.001 - INFO - Loading checkpoint from model_results_v2/model_ResNet50_opt_Adam_lr_0.001/checkpoint.pt
2025-05-01 01:17:55,706 - training.model_ResNet50_opt_Adam_lr_0.001 - INFO - Loading checkpoint from model_results_v2/model_ResNet50_opt_Adam_lr_0.001/checkpoint.pt
2025-05-01 01:17:55,706 - training.model_ResNet50_opt_Adam_lr_0.001 - INFO - Loading checkpoint from model_results_v2/model_ResNet50_opt_Adam_lr_0.001/checkpoint.pt
2025-05-01 01:17:55,706 - training.model_ResNet50_opt_Adam_lr_0.001 - INFO - Loading checkpoint from model_results_v2/model_ResNet50_opt_Adam_lr_0.001/checkpoint.pt
2025-05-01 01:17:55,784 - training.model_ResNet50_opt_Adam_lr_0.001 - INFO - Resuming from epoch 20, best validation accuracy: 0.9623
2025-05-01 01:17:55,784 - training.model_ResNet50_opt_Adam_lr_0.001 - INFO - Resuming from epoch 20, best validation accuracy: 0.9623
2025-05-01 01:17:55,784 - training.model_ResNet50_opt_Adam_lr_0.001 - INFO - Resuming from epoch 20, best validation accuracy: 0.9623
2025-05-01 01:17:55,784 - training.model_ResNet50_opt_Adam_lr_0.001 - INFO - Resuming from epoch 20, best validation accuracy: 0.9623
2025-05-01 01:17:55,784 - training.model_ResNet50_opt_Adam_lr_0.001 - INFO - Resuming from epoch 20, best validation accuracy: 0.9623
2025-05-01 01:17:55,784 - training.model_ResNet50_opt_Adam_lr_0.001 - INFO - Resuming from epoch 20, best validation accuracy: 0.9623
2025-05-01 01:17:55,784 - training.model_ResNet50_opt_Adam_lr_0.001 - INFO - Resuming from epoch 20, best validation accuracy: 0.9623
2025-05-01 01:17:55,784 - training.model_ResNet50_opt_Adam_lr_0.001 - INFO - Resuming from epoch 20, best validation accuracy: 0.9623
2025-05-01 01:17:55,784 - training.model_ResNet50_opt_Adam_lr_0.001 - INFO - Resuming from epoch 20, best validation accuracy: 0.9623
2025-05-01 01:17:55,784 - training.model_ResNet50_opt_Adam_lr_0.001 - INFO - Resuming from epoch 20, best validation accuracy: 0.9623
2025-05-01 01:17:55,784 - training.model_ResNet50_opt_Adam_lr_0.001 - INFO - Resuming from epoch 20, best validation accuracy: 0.9623
2025-05-01 01:17:55,785 - training.model_ResNet50_opt_Adam_lr_0.001 - INFO - Training completed after 1033.78 seconds
2025-05-01 01:17:55,785 - training.model_ResNet50_opt_Adam_lr_0.001 - INFO - Training completed after 1033.78 seconds
2025-05-01 01:17:55,785 - training.model_ResNet50_opt_Adam_lr_0.001 - INFO - Training completed after 1033.78 seconds
2025-05-01 01:17:55,785 - training.model_ResNet50_opt_Adam_lr_0.001 - INFO - Training completed after 1033.78 seconds
2025-05-01 01:17:55,785 - training.model_ResNet50_opt_Adam_lr_0.001 - INFO - Training completed after 1033.78 seconds
2025-05-01 01:17:55,785 - training.model_ResNet50_opt_Adam_lr_0.001 - INFO - Training completed after 1033.78 seconds
2025-05-01 01:17:55,785 - training.model_ResNet50_opt_Adam_lr_0.001 - INFO - Training completed after 1033.78 seconds
2025-05-01 01:17:55,785 - training.model_ResNet50_opt_Adam_lr_0.001 - INFO - Training completed after 1033.78 seconds
2025-05-01 01:17:55,785 - training.model_ResNet50_opt_Adam_lr_0.001 - INFO - Training completed after 1033.78 seconds
2025-05-01 01:17:55,785 - training.model_ResNet50_opt_Adam_lr_0.001 - INFO - Training completed after 1033.78 seconds
2025-05-01 01:17:55,785 - training.model_ResNet50_opt_Adam_lr_0.001 - INFO - Training completed after 1033.78 seconds
2025-05-01 01:18:03,363 - training.model_ResNet50_opt_Adam_lr_0.001 - INFO - Initialized training manager for model_ResNet50_opt_Adam_lr_0.001
2025-05-01 01:18:03,363 - training.model_ResNet50_opt_Adam_lr_0.001 - INFO - Initialized training manager for model_ResNet50_opt_Adam_lr_0.001
2025-05-01 01:18:03,363 - training.model_ResNet50_opt_Adam_lr_0.001 - INFO - Initialized training manager for model_ResNet50_opt_Adam_lr_0.001
2025-05-01 01:18:03,363 - training.model_ResNet50_opt_Adam_lr_0.001 - INFO - Initialized training manager for model_ResNet50_opt_Adam_lr_0.001
2025-05-01 01:18:03,363 - training.model_ResNet50_opt_Adam_lr_0.001 - INFO - Initialized training manager for model_ResNet50_opt_Adam_lr_0.001
2025-05-01 01:18:03,363 - training.model_ResNet50_opt_Adam_lr_0.001 - INFO - Initialized training manager for model_ResNet50_opt_Adam_lr_0.001
2025-05-01 01:18:03,363 - training.model_ResNet50_opt_Adam_lr_0.001 - INFO - Initialized training manager for model_ResNet50_opt_Adam_lr_0.001
2025-05-01 01:18:03,363 - training.model_ResNet50_opt_Adam_lr_0.001 - INFO - Initialized training manager for model_ResNet50_opt_Adam_lr_0.001
2025-05-01 01:18:03,363 - training.model_ResNet50_opt_Adam_lr_0.001 - INFO - Initialized training manager for model_ResNet50_opt_Adam_lr_0.001
2025-05-01 01:18:03,363 - training.model_ResNet50_opt_Adam_lr_0.001 - INFO - Initialized training manager for model_ResNet50_opt_Adam_lr_0.001
2025-05-01 01:18:03,363 - training.model_ResNet50_opt_Adam_lr_0.001 - INFO - Initialized training manager for model_ResNet50_opt_Adam_lr_0.001
2025-05-01 01:18:03,363 - training.model_ResNet50_opt_Adam_lr_0.001 - INFO - Initialized training manager for model_ResNet50_opt_Adam_lr_0.001
2025-05-01 01:18:03,363 - training.model_ResNet50_opt_Adam_lr_0.001 - INFO - Config: {
  "id": 60,
  "model_name": "ResNet50",
  "optimizer": "Adam",
  "learning_rate": 0.001,
  "scheduler": {
    "name": "CosineAnnealingWarmRestarts",
    "T_0": 10
  },
  "loss_fn": {
    "name": "LabelSmoothing",
    "smoothing": 0.1
  }
}
2025-05-01 01:18:03,363 - training.model_ResNet50_opt_Adam_lr_0.001 - INFO - Config: {
  "id": 60,
  "model_name": "ResNet50",
  "optimizer": "Adam",
  "learning_rate": 0.001,
  "scheduler": {
    "name": "CosineAnnealingWarmRestarts",
    "T_0": 10
  },
  "loss_fn": {
    "name": "LabelSmoothing",
    "smoothing": 0.1
  }
}
2025-05-01 01:18:03,363 - training.model_ResNet50_opt_Adam_lr_0.001 - INFO - Config: {
  "id": 60,
  "model_name": "ResNet50",
  "optimizer": "Adam",
  "learning_rate": 0.001,
  "scheduler": {
    "name": "CosineAnnealingWarmRestarts",
    "T_0": 10
  },
  "loss_fn": {
    "name": "LabelSmoothing",
    "smoothing": 0.1
  }
}
2025-05-01 01:18:03,363 - training.model_ResNet50_opt_Adam_lr_0.001 - INFO - Config: {
  "id": 60,
  "model_name": "ResNet50",
  "optimizer": "Adam",
  "learning_rate": 0.001,
  "scheduler": {
    "name": "CosineAnnealingWarmRestarts",
    "T_0": 10
  },
  "loss_fn": {
    "name": "LabelSmoothing",
    "smoothing": 0.1
  }
}
2025-05-01 01:18:03,363 - training.model_ResNet50_opt_Adam_lr_0.001 - INFO - Config: {
  "id": 60,
  "model_name": "ResNet50",
  "optimizer": "Adam",
  "learning_rate": 0.001,
  "scheduler": {
    "name": "CosineAnnealingWarmRestarts",
    "T_0": 10
  },
  "loss_fn": {
    "name": "LabelSmoothing",
    "smoothing": 0.1
  }
}
2025-05-01 01:18:03,363 - training.model_ResNet50_opt_Adam_lr_0.001 - INFO - Config: {
  "id": 60,
  "model_name": "ResNet50",
  "optimizer": "Adam",
  "learning_rate": 0.001,
  "scheduler": {
    "name": "CosineAnnealingWarmRestarts",
    "T_0": 10
  },
  "loss_fn": {
    "name": "LabelSmoothing",
    "smoothing": 0.1
  }
}
2025-05-01 01:18:03,363 - training.model_ResNet50_opt_Adam_lr_0.001 - INFO - Config: {
  "id": 60,
  "model_name": "ResNet50",
  "optimizer": "Adam",
  "learning_rate": 0.001,
  "scheduler": {
    "name": "CosineAnnealingWarmRestarts",
    "T_0": 10
  },
  "loss_fn": {
    "name": "LabelSmoothing",
    "smoothing": 0.1
  }
}
2025-05-01 01:18:03,363 - training.model_ResNet50_opt_Adam_lr_0.001 - INFO - Config: {
  "id": 60,
  "model_name": "ResNet50",
  "optimizer": "Adam",
  "learning_rate": 0.001,
  "scheduler": {
    "name": "CosineAnnealingWarmRestarts",
    "T_0": 10
  },
  "loss_fn": {
    "name": "LabelSmoothing",
    "smoothing": 0.1
  }
}
2025-05-01 01:18:03,363 - training.model_ResNet50_opt_Adam_lr_0.001 - INFO - Config: {
  "id": 60,
  "model_name": "ResNet50",
  "optimizer": "Adam",
  "learning_rate": 0.001,
  "scheduler": {
    "name": "CosineAnnealingWarmRestarts",
    "T_0": 10
  },
  "loss_fn": {
    "name": "LabelSmoothing",
    "smoothing": 0.1
  }
}
2025-05-01 01:18:03,363 - training.model_ResNet50_opt_Adam_lr_0.001 - INFO - Config: {
  "id": 60,
  "model_name": "ResNet50",
  "optimizer": "Adam",
  "learning_rate": 0.001,
  "scheduler": {
    "name": "CosineAnnealingWarmRestarts",
    "T_0": 10
  },
  "loss_fn": {
    "name": "LabelSmoothing",
    "smoothing": 0.1
  }
}
2025-05-01 01:18:03,363 - training.model_ResNet50_opt_Adam_lr_0.001 - INFO - Config: {
  "id": 60,
  "model_name": "ResNet50",
  "optimizer": "Adam",
  "learning_rate": 0.001,
  "scheduler": {
    "name": "CosineAnnealingWarmRestarts",
    "T_0": 10
  },
  "loss_fn": {
    "name": "LabelSmoothing",
    "smoothing": 0.1
  }
}
2025-05-01 01:18:03,363 - training.model_ResNet50_opt_Adam_lr_0.001 - INFO - Config: {
  "id": 60,
  "model_name": "ResNet50",
  "optimizer": "Adam",
  "learning_rate": 0.001,
  "scheduler": {
    "name": "CosineAnnealingWarmRestarts",
    "T_0": 10
  },
  "loss_fn": {
    "name": "LabelSmoothing",
    "smoothing": 0.1
  }
}
2025-05-01 01:18:03,363 - training.model_ResNet50_opt_Adam_lr_0.001 - INFO - Loading checkpoint from model_results_v2/model_ResNet50_opt_Adam_lr_0.001/checkpoint.pt
2025-05-01 01:18:03,363 - training.model_ResNet50_opt_Adam_lr_0.001 - INFO - Loading checkpoint from model_results_v2/model_ResNet50_opt_Adam_lr_0.001/checkpoint.pt
2025-05-01 01:18:03,363 - training.model_ResNet50_opt_Adam_lr_0.001 - INFO - Loading checkpoint from model_results_v2/model_ResNet50_opt_Adam_lr_0.001/checkpoint.pt
2025-05-01 01:18:03,363 - training.model_ResNet50_opt_Adam_lr_0.001 - INFO - Loading checkpoint from model_results_v2/model_ResNet50_opt_Adam_lr_0.001/checkpoint.pt
2025-05-01 01:18:03,363 - training.model_ResNet50_opt_Adam_lr_0.001 - INFO - Loading checkpoint from model_results_v2/model_ResNet50_opt_Adam_lr_0.001/checkpoint.pt
2025-05-01 01:18:03,363 - training.model_ResNet50_opt_Adam_lr_0.001 - INFO - Loading checkpoint from model_results_v2/model_ResNet50_opt_Adam_lr_0.001/checkpoint.pt
2025-05-01 01:18:03,363 - training.model_ResNet50_opt_Adam_lr_0.001 - INFO - Loading checkpoint from model_results_v2/model_ResNet50_opt_Adam_lr_0.001/checkpoint.pt
2025-05-01 01:18:03,363 - training.model_ResNet50_opt_Adam_lr_0.001 - INFO - Loading checkpoint from model_results_v2/model_ResNet50_opt_Adam_lr_0.001/checkpoint.pt
2025-05-01 01:18:03,363 - training.model_ResNet50_opt_Adam_lr_0.001 - INFO - Loading checkpoint from model_results_v2/model_ResNet50_opt_Adam_lr_0.001/checkpoint.pt
2025-05-01 01:18:03,363 - training.model_ResNet50_opt_Adam_lr_0.001 - INFO - Loading checkpoint from model_results_v2/model_ResNet50_opt_Adam_lr_0.001/checkpoint.pt
2025-05-01 01:18:03,363 - training.model_ResNet50_opt_Adam_lr_0.001 - INFO - Loading checkpoint from model_results_v2/model_ResNet50_opt_Adam_lr_0.001/checkpoint.pt
2025-05-01 01:18:03,363 - training.model_ResNet50_opt_Adam_lr_0.001 - INFO - Loading checkpoint from model_results_v2/model_ResNet50_opt_Adam_lr_0.001/checkpoint.pt
2025-05-01 01:18:03,442 - training.model_ResNet50_opt_Adam_lr_0.001 - INFO - Resuming from epoch 20, best validation accuracy: 0.9623
2025-05-01 01:18:03,442 - training.model_ResNet50_opt_Adam_lr_0.001 - INFO - Resuming from epoch 20, best validation accuracy: 0.9623
2025-05-01 01:18:03,442 - training.model_ResNet50_opt_Adam_lr_0.001 - INFO - Resuming from epoch 20, best validation accuracy: 0.9623
2025-05-01 01:18:03,442 - training.model_ResNet50_opt_Adam_lr_0.001 - INFO - Resuming from epoch 20, best validation accuracy: 0.9623
2025-05-01 01:18:03,442 - training.model_ResNet50_opt_Adam_lr_0.001 - INFO - Resuming from epoch 20, best validation accuracy: 0.9623
2025-05-01 01:18:03,442 - training.model_ResNet50_opt_Adam_lr_0.001 - INFO - Resuming from epoch 20, best validation accuracy: 0.9623
2025-05-01 01:18:03,442 - training.model_ResNet50_opt_Adam_lr_0.001 - INFO - Resuming from epoch 20, best validation accuracy: 0.9623
2025-05-01 01:18:03,442 - training.model_ResNet50_opt_Adam_lr_0.001 - INFO - Resuming from epoch 20, best validation accuracy: 0.9623
2025-05-01 01:18:03,442 - training.model_ResNet50_opt_Adam_lr_0.001 - INFO - Resuming from epoch 20, best validation accuracy: 0.9623
2025-05-01 01:18:03,442 - training.model_ResNet50_opt_Adam_lr_0.001 - INFO - Resuming from epoch 20, best validation accuracy: 0.9623
2025-05-01 01:18:03,442 - training.model_ResNet50_opt_Adam_lr_0.001 - INFO - Resuming from epoch 20, best validation accuracy: 0.9623
2025-05-01 01:18:03,442 - training.model_ResNet50_opt_Adam_lr_0.001 - INFO - Resuming from epoch 20, best validation accuracy: 0.9623
2025-05-01 01:18:03,442 - training.model_ResNet50_opt_Adam_lr_0.001 - INFO - Training completed after 1033.78 seconds
2025-05-01 01:18:03,442 - training.model_ResNet50_opt_Adam_lr_0.001 - INFO - Training completed after 1033.78 seconds
2025-05-01 01:18:03,442 - training.model_ResNet50_opt_Adam_lr_0.001 - INFO - Training completed after 1033.78 seconds
2025-05-01 01:18:03,442 - training.model_ResNet50_opt_Adam_lr_0.001 - INFO - Training completed after 1033.78 seconds
2025-05-01 01:18:03,442 - training.model_ResNet50_opt_Adam_lr_0.001 - INFO - Training completed after 1033.78 seconds
2025-05-01 01:18:03,442 - training.model_ResNet50_opt_Adam_lr_0.001 - INFO - Training completed after 1033.78 seconds
2025-05-01 01:18:03,442 - training.model_ResNet50_opt_Adam_lr_0.001 - INFO - Training completed after 1033.78 seconds
2025-05-01 01:18:03,442 - training.model_ResNet50_opt_Adam_lr_0.001 - INFO - Training completed after 1033.78 seconds
2025-05-01 01:18:03,442 - training.model_ResNet50_opt_Adam_lr_0.001 - INFO - Training completed after 1033.78 seconds
2025-05-01 01:18:03,442 - training.model_ResNet50_opt_Adam_lr_0.001 - INFO - Training completed after 1033.78 seconds
2025-05-01 01:18:03,442 - training.model_ResNet50_opt_Adam_lr_0.001 - INFO - Training completed after 1033.78 seconds
2025-05-01 01:18:03,442 - training.model_ResNet50_opt_Adam_lr_0.001 - INFO - Training completed after 1033.78 seconds
