2025-05-01 00:40:34,651 - training.model_ResNet50_opt_Adam_lr_0.01_id_37 - INFO - Initialized training manager for model_ResNet50_opt_Adam_lr_0.01_id_37
2025-05-01 00:40:34,651 - training.model_ResNet50_opt_Adam_lr_0.01_id_37 - INFO - Config: {
  "id": 37,
  "model_name": "ResNet50",
  "optimizer": "Adam",
  "learning_rate": 0.01,
  "scheduler": {
    "name": "StepLR",
    "step_size": 10,
    "gamma": 0.1
  },
  "loss_fn": {
    "name": "CrossEntropy"
  }
}
2025-05-01 00:57:26,690 - training.model_ResNet50_opt_Adam_lr_0.01_id_37 - INFO - Starting model evaluation
2025-05-01 00:57:35,497 - training.model_ResNet50_opt_Adam_lr_0.01_id_37 - INFO - Evaluation metrics:
  Accuracy:  0.7760
  Precision: 0.5739
  Recall:    0.8147
  F1 Score:  0.6734
  IoU:       0.5076
  mAP:       0.7080
  AUC:       0.8548
2025-05-01 00:57:35,498 - training.model_ResNet50_opt_Adam_lr_0.01_id_37 - INFO - Final results saved to model_results_v2/model_ResNet50_opt_Adam_lr_0.01_id_37/final_results.json
2025-05-01 00:57:35,500 - training.model_ResNet50_opt_Adam_lr_0.01_id_37 - INFO - Final results saved to model_results_v2/model_ResNet50_opt_Adam_lr_0.01_id_37/final_results.json
