2025-05-01 06:47:45,614 - training.model_ResNet101_opt_AdamW_lr_0.001_id_196 - INFO - Initialized training manager for model_ResNet101_opt_AdamW_lr_0.001_id_196
2025-05-01 06:47:45,614 - training.model_ResNet101_opt_AdamW_lr_0.001_id_196 - INFO - Config: {
  "id": 196,
  "model_name": "ResNet101",
  "optimizer": "AdamW",
  "learning_rate": 0.001,
  "scheduler": {
    "name": "ReduceLROnPlateau",
    "patience": 5,
    "factor": 0.5
  },
  "loss_fn": {
    "name": "CrossEntropy"
  }
}
2025-05-01 06:47:47,512 - training.model_ResNet101_opt_AdamW_lr_0.001_id_196 - INFO - Starting model evaluation
2025-05-01 06:47:58,908 - training.model_ResNet101_opt_AdamW_lr_0.001_id_196 - INFO - Evaluation metrics:
  Accuracy:  0.8801
  Precision: 0.7523
  Recall:    0.8601
  F1 Score:  0.8026
  IoU:       0.6703
  mAP:       0.8884
  AUC:       0.9378
2025-05-01 06:47:58,910 - training.model_ResNet101_opt_AdamW_lr_0.001_id_196 - INFO - Final results saved to model_results_v2/model_ResNet101_opt_AdamW_lr_0.001_id_196/final_results.json
2025-05-01 06:47:58,911 - training.model_ResNet101_opt_AdamW_lr_0.001_id_196 - INFO - Final results saved to model_results_v2/model_ResNet101_opt_AdamW_lr_0.001_id_196/final_results.json
