2025-05-01 12:14:13,230 - training.model_DenseNet121_opt_SGD_lr_0.001_id_452 - INFO - Initialized training manager for model_DenseNet121_opt_SGD_lr_0.001_id_452
2025-05-01 12:14:13,230 - training.model_DenseNet121_opt_SGD_lr_0.001_id_452 - INFO - Config: {
  "id": 452,
  "model_name": "DenseNet121",
  "optimizer": "SGD",
  "learning_rate": 0.001,
  "scheduler": {
    "name": "CosineAnnealingLR",
    "T_max": 10
  },
  "loss_fn": {
    "name": "FocalLoss",
    "alpha": 0.25,
    "gamma": 2.0
  }
}
2025-05-01 12:14:14,081 - training.model_DenseNet121_opt_SGD_lr_0.001_id_452 - INFO - Starting model evaluation
2025-05-01 12:14:26,583 - training.model_DenseNet121_opt_SGD_lr_0.001_id_452 - INFO - Evaluation metrics:
  Accuracy:  0.9633
  Precision: 0.9220
  Recall:    0.9510
  F1 Score:  0.9363
  IoU:       0.8803
  mAP:       0.9837
  AUC:       0.9905
2025-05-01 12:14:26,586 - training.model_DenseNet121_opt_SGD_lr_0.001_id_452 - INFO - Final results saved to model_results_v2/model_DenseNet121_opt_SGD_lr_0.001_id_452/final_results.json
2025-05-01 12:14:26,588 - training.model_DenseNet121_opt_SGD_lr_0.001_id_452 - INFO - Final results saved to model_results_v2/model_DenseNet121_opt_SGD_lr_0.001_id_452/final_results.json
