2025-05-01 06:20:20,384 - training.model_ResNet101_opt_AdamW_lr_0.01_id_183 - INFO - Initialized training manager for model_ResNet101_opt_AdamW_lr_0.01_id_183
2025-05-01 06:20:20,384 - training.model_ResNet101_opt_AdamW_lr_0.01_id_183 - INFO - Config: {
  "id": 183,
  "model_name": "ResNet101",
  "optimizer": "AdamW",
  "learning_rate": 0.01,
  "scheduler": {
    "name": "StepLR",
    "step_size": 10,
    "gamma": 0.1
  },
  "loss_fn": {
    "name": "LabelSmoothing",
    "smoothing": 0.1
  }
}
2025-05-01 06:21:31,097 - training.model_ResNet101_opt_AdamW_lr_0.01_id_183 - INFO - Starting model evaluation
2025-05-01 06:21:42,921 - training.model_ResNet101_opt_AdamW_lr_0.01_id_183 - INFO - Evaluation metrics:
  Accuracy:  0.7166
  Precision: 0.0000
  Recall:    0.0000
  F1 Score:  0.0000
  IoU:       0.0000
  mAP:       0.2836
  AUC:       0.4907
2025-05-01 06:21:42,923 - training.model_ResNet101_opt_AdamW_lr_0.01_id_183 - INFO - Final results saved to model_results_v2/model_ResNet101_opt_AdamW_lr_0.01_id_183/final_results.json
2025-05-01 06:21:42,924 - training.model_ResNet101_opt_AdamW_lr_0.01_id_183 - INFO - Final results saved to model_results_v2/model_ResNet101_opt_AdamW_lr_0.01_id_183/final_results.json
