2025-05-01 00:58:02,437 - training.model_ResNet50_opt_Adam_lr_0.01_id_41 - INFO - Initialized training manager for model_ResNet50_opt_Adam_lr_0.01_id_41
2025-05-01 00:58:02,437 - training.model_ResNet50_opt_Adam_lr_0.01_id_41 - INFO - Config: {
  "id": 41,
  "model_name": "ResNet50",
  "optimizer": "Adam",
  "learning_rate": 0.01,
  "scheduler": {
    "name": "ReduceLROnPlateau",
    "patience": 5,
    "factor": 0.5
  },
  "loss_fn": {
    "name": "FocalLoss",
    "alpha": 0.25,
    "gamma": 2.0
  }
}
2025-05-01 00:58:02,689 - training.model_ResNet50_opt_Adam_lr_0.01_id_41 - INFO - Starting model evaluation
2025-05-01 00:58:11,298 - training.model_ResNet50_opt_Adam_lr_0.01_id_41 - INFO - Evaluation metrics:
  Accuracy:  0.7770
  Precision: 0.5757
  Recall:    0.8112
  F1 Score:  0.6734
  IoU:       0.5077
  mAP:       0.7176
  AUC:       0.8589
2025-05-01 00:58:11,299 - training.model_ResNet50_opt_Adam_lr_0.01_id_41 - INFO - Final results saved to model_results_v2/model_ResNet50_opt_Adam_lr_0.01_id_41/final_results.json
2025-05-01 00:58:11,301 - training.model_ResNet50_opt_Adam_lr_0.01_id_41 - INFO - Final results saved to model_results_v2/model_ResNet50_opt_Adam_lr_0.01_id_41/final_results.json
