2025-05-03 11:06:23,093 - training.model_ConvNeXt_opt_Adam_lr_0.01_id_687 - INFO - Initialized training manager for model_ConvNeXt_opt_Adam_lr_0.01_id_687
2025-05-03 11:06:23,093 - training.model_ConvNeXt_opt_Adam_lr_0.01_id_687 - INFO - Config: {
  "id": 687,
  "model_name": "ConvNeXt",
  "optimizer": "Adam",
  "learning_rate": 0.01,
  "scheduler": {
    "name": "StepLR",
    "step_size": 10,
    "gamma": 0.1
  },
  "loss_fn": {
    "name": "LabelSmoothing",
    "smoothing": 0.1
  }
}
2025-05-03 11:08:03,472 - training.model_ConvNeXt_opt_Adam_lr_0.01_id_687 - INFO - Starting model evaluation
2025-05-03 11:08:15,362 - training.model_ConvNeXt_opt_Adam_lr_0.01_id_687 - INFO - Evaluation metrics:
  Accuracy:  0.7166
  Precision: 0.0000
  Recall:    0.0000
  F1 Score:  0.0000
  IoU:       0.0000
  mAP:       0.2789
  AUC:       0.5329
2025-05-03 11:08:15,364 - training.model_ConvNeXt_opt_Adam_lr_0.01_id_687 - INFO - Final results saved to model_results_v2/model_ConvNeXt_opt_Adam_lr_0.01_id_687/final_results.json
2025-05-03 11:08:15,366 - training.model_ConvNeXt_opt_Adam_lr_0.01_id_687 - INFO - Final results saved to model_results_v2/model_ConvNeXt_opt_Adam_lr_0.01_id_687/final_results.json
