2025-05-01 10:58:16,098 - training.model_ViT-B-16_opt_SGD_lr_0.01_id_332 - INFO - Initialized training manager for model_ViT-B-16_opt_SGD_lr_0.01_id_332
2025-05-01 10:58:16,098 - training.model_ViT-B-16_opt_SGD_lr_0.01_id_332 - INFO - Config: {
  "id": 332,
  "model_name": "ViT-B-16",
  "optimizer": "SGD",
  "learning_rate": 0.01,
  "scheduler": {
    "name": "CosineAnnealingLR",
    "T_max": 10
  },
  "loss_fn": {
    "name": "FocalLoss",
    "alpha": 0.25,
    "gamma": 2.0
  }
}
2025-05-01 10:58:17,148 - training.model_ViT-B-16_opt_SGD_lr_0.01_id_332 - INFO - Starting model evaluation
2025-05-01 10:58:29,122 - training.model_ViT-B-16_opt_SGD_lr_0.01_id_332 - INFO - Evaluation metrics:
  Accuracy:  0.8900
  Precision: 0.8405
  Recall:    0.7552
  F1 Score:  0.7956
  IoU:       0.6606
  mAP:       0.8575
  AUC:       0.9241
2025-05-01 10:58:29,123 - training.model_ViT-B-16_opt_SGD_lr_0.01_id_332 - INFO - Final results saved to model_results_v2/model_ViT-B-16_opt_SGD_lr_0.01_id_332/final_results.json
2025-05-01 10:58:29,125 - training.model_ViT-B-16_opt_SGD_lr_0.01_id_332 - INFO - Final results saved to model_results_v2/model_ViT-B-16_opt_SGD_lr_0.01_id_332/final_results.json
