2025-05-01 09:22:49,482 - training.model_EfficientNet-B2_opt_Adam_lr_0.0001_id_286 - INFO - Initialized training manager for model_EfficientNet-B2_opt_Adam_lr_0.0001_id_286
2025-05-01 09:22:49,482 - training.model_EfficientNet-B2_opt_Adam_lr_0.0001_id_286 - INFO - Config: {
  "id": 286,
  "model_name": "EfficientNet-B2",
  "optimizer": "Adam",
  "learning_rate": 0.0001,
  "scheduler": {
    "name": "CosineAnnealingWarmRestarts",
    "T_0": 10
  },
  "loss_fn": {
    "name": "CrossEntropy"
  }
}
2025-05-01 09:22:50,810 - training.model_EfficientNet-B2_opt_Adam_lr_0.0001_id_286 - INFO - Starting model evaluation
2025-05-01 09:23:01,887 - training.model_EfficientNet-B2_opt_Adam_lr_0.0001_id_286 - INFO - Evaluation metrics:
  Accuracy:  0.9653
  Precision: 0.9088
  Recall:    0.9755
  F1 Score:  0.9410
  IoU:       0.8885
  mAP:       0.9819
  AUC:       0.9910
2025-05-01 09:23:01,889 - training.model_EfficientNet-B2_opt_Adam_lr_0.0001_id_286 - INFO - Final results saved to model_results_v2/model_EfficientNet-B2_opt_Adam_lr_0.0001_id_286/final_results.json
2025-05-01 09:23:01,890 - training.model_EfficientNet-B2_opt_Adam_lr_0.0001_id_286 - INFO - Final results saved to model_results_v2/model_EfficientNet-B2_opt_Adam_lr_0.0001_id_286/final_results.json
