2025-05-01 11:51:35,463 - training.model_DenseNet121_opt_SGD_lr_0.01_id_442 - INFO - Initialized training manager for model_DenseNet121_opt_SGD_lr_0.01_id_442
2025-05-01 11:51:35,463 - training.model_DenseNet121_opt_SGD_lr_0.01_id_442 - INFO - Config: {
  "id": 442,
  "model_name": "DenseNet121",
  "optimizer": "SGD",
  "learning_rate": 0.01,
  "scheduler": {
    "name": "CosineAnnealingWarmRestarts",
    "T_0": 10
  },
  "loss_fn": {
    "name": "CrossEntropy"
  }
}
2025-05-01 11:51:36,645 - training.model_DenseNet121_opt_SGD_lr_0.01_id_442 - INFO - Starting model evaluation
2025-05-01 11:51:48,826 - training.model_DenseNet121_opt_SGD_lr_0.01_id_442 - INFO - Evaluation metrics:
  Accuracy:  0.9693
  Precision: 0.9474
  Recall:    0.9441
  F1 Score:  0.9457
  IoU:       0.8970
  mAP:       0.9892
  AUC:       0.9945
2025-05-01 11:51:48,828 - training.model_DenseNet121_opt_SGD_lr_0.01_id_442 - INFO - Final results saved to model_results_v2/model_DenseNet121_opt_SGD_lr_0.01_id_442/final_results.json
2025-05-01 11:51:48,829 - training.model_DenseNet121_opt_SGD_lr_0.01_id_442 - INFO - Final results saved to model_results_v2/model_DenseNet121_opt_SGD_lr_0.01_id_442/final_results.json
