2025-05-01 03:04:17,034 - training.model_ResNet101_opt_SGD_lr_0.001_id_126 - INFO - Initialized training manager for model_ResNet101_opt_SGD_lr_0.001_id_126
2025-05-01 03:04:17,034 - training.model_ResNet101_opt_SGD_lr_0.001_id_126 - INFO - Config: {
  "id": 126,
  "model_name": "ResNet101",
  "optimizer": "SGD",
  "learning_rate": 0.001,
  "scheduler": {
    "name": "ReduceLROnPlateau",
    "patience": 5,
    "factor": 0.5
  },
  "loss_fn": {
    "name": "LabelSmoothing",
    "smoothing": 0.1
  }
}
2025-05-01 03:04:17,411 - training.model_ResNet101_opt_SGD_lr_0.001_id_126 - INFO - Starting model evaluation
2025-05-01 03:04:27,133 - training.model_ResNet101_opt_SGD_lr_0.001_id_126 - INFO - Evaluation metrics:
  Accuracy:  0.9683
  Precision: 0.9349
  Recall:    0.9545
  F1 Score:  0.9446
  IoU:       0.8951
  mAP:       0.9794
  AUC:       0.9916
2025-05-01 03:04:27,134 - training.model_ResNet101_opt_SGD_lr_0.001_id_126 - INFO - Final results saved to model_results_v2/model_ResNet101_opt_SGD_lr_0.001_id_126/final_results.json
2025-05-01 03:04:27,136 - training.model_ResNet101_opt_SGD_lr_0.001_id_126 - INFO - Final results saved to model_results_v2/model_ResNet101_opt_SGD_lr_0.001_id_126/final_results.json
