2025-05-01 07:34:52,793 - training.model_EfficientNet-B2_opt_SGD_lr_0.01_id_222 - INFO - Initialized training manager for model_EfficientNet-B2_opt_SGD_lr_0.01_id_222
2025-05-01 07:34:52,793 - training.model_EfficientNet-B2_opt_SGD_lr_0.01_id_222 - INFO - Config: {
  "id": 222,
  "model_name": "EfficientNet-B2",
  "optimizer": "SGD",
  "learning_rate": 0.01,
  "scheduler": {
    "name": "ReduceLROnPlateau",
    "patience": 5,
    "factor": 0.5
  },
  "loss_fn": {
    "name": "LabelSmoothing",
    "smoothing": 0.1
  }
}
2025-05-01 07:34:53,635 - training.model_EfficientNet-B2_opt_SGD_lr_0.01_id_222 - INFO - Starting model evaluation
2025-05-01 07:35:04,491 - training.model_EfficientNet-B2_opt_SGD_lr_0.01_id_222 - INFO - Evaluation metrics:
  Accuracy:  0.9722
  Precision: 0.9329
  Recall:    0.9720
  F1 Score:  0.9521
  IoU:       0.9085
  mAP:       0.9868
  AUC:       0.9917
2025-05-01 07:35:04,493 - training.model_EfficientNet-B2_opt_SGD_lr_0.01_id_222 - INFO - Final results saved to model_results_v2/model_EfficientNet-B2_opt_SGD_lr_0.01_id_222/final_results.json
2025-05-01 07:35:04,495 - training.model_EfficientNet-B2_opt_SGD_lr_0.01_id_222 - INFO - Final results saved to model_results_v2/model_EfficientNet-B2_opt_SGD_lr_0.01_id_222/final_results.json
