2025-05-03 12:43:47,354 - training.model_ConvNeXt_opt_AdamW_lr_0.01_id_726 - INFO - Initialized training manager for model_ConvNeXt_opt_AdamW_lr_0.01_id_726
2025-05-03 12:43:47,354 - training.model_ConvNeXt_opt_AdamW_lr_0.01_id_726 - INFO - Config: {
  "id": 726,
  "model_name": "ConvNeXt",
  "optimizer": "AdamW",
  "learning_rate": 0.01,
  "scheduler": {
    "name": "ReduceLROnPlateau",
    "patience": 5,
    "factor": 0.5
  },
  "loss_fn": {
    "name": "LabelSmoothing",
    "smoothing": 0.1
  }
}
2025-05-03 12:45:29,286 - training.model_ConvNeXt_opt_AdamW_lr_0.01_id_726 - INFO - Starting model evaluation
2025-05-03 12:45:41,137 - training.model_ConvNeXt_opt_AdamW_lr_0.01_id_726 - INFO - Evaluation metrics:
  Accuracy:  0.2834
  Precision: 0.2834
  Recall:    1.0000
  F1 Score:  0.4417
  IoU:       0.2834
  mAP:       0.2834
  AUC:       0.5000
2025-05-03 12:45:41,139 - training.model_ConvNeXt_opt_AdamW_lr_0.01_id_726 - INFO - Final results saved to model_results_v2/model_ConvNeXt_opt_AdamW_lr_0.01_id_726/final_results.json
2025-05-03 12:45:41,140 - training.model_ConvNeXt_opt_AdamW_lr_0.01_id_726 - INFO - Final results saved to model_results_v2/model_ConvNeXt_opt_AdamW_lr_0.01_id_726/final_results.json
