2025-05-01 09:21:33,269 - training.model_EfficientNet-B2_opt_Adam_lr_0.0001_id_280 - INFO - Initialized training manager for model_EfficientNet-B2_opt_Adam_lr_0.0001_id_280
2025-05-01 09:21:33,269 - training.model_EfficientNet-B2_opt_Adam_lr_0.0001_id_280 - INFO - Config: {
  "id": 280,
  "model_name": "EfficientNet-B2",
  "optimizer": "Adam",
  "learning_rate": 0.0001,
  "scheduler": {
    "name": "ReduceLROnPlateau",
    "patience": 5,
    "factor": 0.5
  },
  "loss_fn": {
    "name": "CrossEntropy"
  }
}
2025-05-01 09:21:34,497 - training.model_EfficientNet-B2_opt_Adam_lr_0.0001_id_280 - INFO - Starting model evaluation
2025-05-01 09:21:45,805 - training.model_EfficientNet-B2_opt_Adam_lr_0.0001_id_280 - INFO - Evaluation metrics:
  Accuracy:  0.9663
  Precision: 0.9118
  Recall:    0.9755
  F1 Score:  0.9426
  IoU:       0.8914
  mAP:       0.9832
  AUC:       0.9921
2025-05-01 09:21:45,807 - training.model_EfficientNet-B2_opt_Adam_lr_0.0001_id_280 - INFO - Final results saved to model_results_v2/model_EfficientNet-B2_opt_Adam_lr_0.0001_id_280/final_results.json
2025-05-01 09:21:45,809 - training.model_EfficientNet-B2_opt_Adam_lr_0.0001_id_280 - INFO - Final results saved to model_results_v2/model_EfficientNet-B2_opt_Adam_lr_0.0001_id_280/final_results.json
