2025-05-01 11:28:25,625 - training.model_ViT-B-16_opt_SGD_lr_0.0001_id_355 - INFO - Initialized training manager for model_ViT-B-16_opt_SGD_lr_0.0001_id_355
2025-05-01 11:28:25,625 - training.model_ViT-B-16_opt_SGD_lr_0.0001_id_355 - INFO - Config: {
  "id": 355,
  "model_name": "ViT-B-16",
  "optimizer": "SGD",
  "learning_rate": 0.0001,
  "scheduler": {
    "name": "CosineAnnealingLR",
    "T_max": 10
  },
  "loss_fn": {
    "name": "CrossEntropy"
  }
}
2025-05-03 00:15:17,705 - training.model_ViT-B-16_opt_SGD_lr_0.0001_id_355 - INFO - Initialized training manager for model_ViT-B-16_opt_SGD_lr_0.0001_id_355
2025-05-03 00:15:17,705 - training.model_ViT-B-16_opt_SGD_lr_0.0001_id_355 - INFO - Config: {
  "id": 355,
  "model_name": "ViT-B-16",
  "optimizer": "SGD",
  "learning_rate": 0.0001,
  "scheduler": {
    "name": "CosineAnnealingLR",
    "T_max": 10
  },
  "loss_fn": {
    "name": "CrossEntropy"
  }
}
2025-05-03 00:15:18,329 - training.model_ViT-B-16_opt_SGD_lr_0.0001_id_355 - INFO - Starting model evaluation
2025-05-03 00:15:27,536 - training.model_ViT-B-16_opt_SGD_lr_0.0001_id_355 - INFO - Evaluation metrics:
  Accuracy:  0.9267
  Precision: 0.8419
  Recall:    0.9126
  F1 Score:  0.8758
  IoU:       0.7791
  mAP:       0.9433
  AUC:       0.9727
2025-05-03 00:15:27,538 - training.model_ViT-B-16_opt_SGD_lr_0.0001_id_355 - INFO - Final results saved to model_results_v2/model_ViT-B-16_opt_SGD_lr_0.0001_id_355/final_results.json
2025-05-03 00:15:27,539 - training.model_ViT-B-16_opt_SGD_lr_0.0001_id_355 - INFO - Final results saved to model_results_v2/model_ViT-B-16_opt_SGD_lr_0.0001_id_355/final_results.json
