2025-05-03 08:00:37,498 - training.model_MobileNetV3_opt_Adam_lr_0.0001_id_606 - INFO - Initialized training manager for model_MobileNetV3_opt_Adam_lr_0.0001_id_606
2025-05-03 08:00:37,498 - training.model_MobileNetV3_opt_Adam_lr_0.0001_id_606 - INFO - Config: {
  "id": 606,
  "model_name": "MobileNetV3",
  "optimizer": "Adam",
  "learning_rate": 0.0001,
  "scheduler": {
    "name": "ReduceLROnPlateau",
    "patience": 5,
    "factor": 0.5
  },
  "loss_fn": {
    "name": "LabelSmoothing",
    "smoothing": 0.1
  }
}
2025-05-03 08:00:37,664 - training.model_MobileNetV3_opt_Adam_lr_0.0001_id_606 - INFO - Starting model evaluation
2025-05-03 08:00:47,046 - training.model_MobileNetV3_opt_Adam_lr_0.0001_id_606 - INFO - Evaluation metrics:
  Accuracy:  0.9633
  Precision: 0.9308
  Recall:    0.9406
  F1 Score:  0.9357
  IoU:       0.8791
  mAP:       0.9788
  AUC:       0.9905
2025-05-03 08:00:47,049 - training.model_MobileNetV3_opt_Adam_lr_0.0001_id_606 - INFO - Final results saved to model_results_v2/model_MobileNetV3_opt_Adam_lr_0.0001_id_606/final_results.json
2025-05-03 08:00:47,051 - training.model_MobileNetV3_opt_Adam_lr_0.0001_id_606 - INFO - Final results saved to model_results_v2/model_MobileNetV3_opt_Adam_lr_0.0001_id_606/final_results.json
