2025-05-03 06:11:03,463 - training.model_DenseNet121_opt_AdamW_lr_0.0001_id_537 - INFO - Initialized training manager for model_DenseNet121_opt_AdamW_lr_0.0001_id_537
2025-05-03 06:11:03,463 - training.model_DenseNet121_opt_AdamW_lr_0.0001_id_537 - INFO - Config: {
  "id": 537,
  "model_name": "DenseNet121",
  "optimizer": "AdamW",
  "learning_rate": 0.0001,
  "scheduler": {
    "name": "CosineAnnealingLR",
    "T_max": 10
  },
  "loss_fn": {
    "name": "LabelSmoothing",
    "smoothing": 0.1
  }
}
2025-05-03 06:11:03,773 - training.model_DenseNet121_opt_AdamW_lr_0.0001_id_537 - INFO - Starting model evaluation
2025-05-03 06:11:15,690 - training.model_DenseNet121_opt_AdamW_lr_0.0001_id_537 - INFO - Evaluation metrics:
  Accuracy:  0.9574
  Precision: 0.9091
  Recall:    0.9441
  F1 Score:  0.9262
  IoU:       0.8626
  mAP:       0.9796
  AUC:       0.9918
2025-05-03 06:11:15,692 - training.model_DenseNet121_opt_AdamW_lr_0.0001_id_537 - INFO - Final results saved to model_results_v2/model_DenseNet121_opt_AdamW_lr_0.0001_id_537/final_results.json
2025-05-03 06:11:15,694 - training.model_DenseNet121_opt_AdamW_lr_0.0001_id_537 - INFO - Final results saved to model_results_v2/model_DenseNet121_opt_AdamW_lr_0.0001_id_537/final_results.json
