2025-05-01 06:02:48,520 - training.model_ResNet101_opt_Adam_lr_0.0001_id_171 - INFO - Initialized training manager for model_ResNet101_opt_Adam_lr_0.0001_id_171
2025-05-01 06:02:48,520 - training.model_ResNet101_opt_Adam_lr_0.0001_id_171 - INFO - Config: {
  "id": 171,
  "model_name": "ResNet101",
  "optimizer": "Adam",
  "learning_rate": 0.0001,
  "scheduler": {
    "name": "StepLR",
    "step_size": 10,
    "gamma": 0.1
  },
  "loss_fn": {
    "name": "LabelSmoothing",
    "smoothing": 0.1
  }
}
2025-05-01 06:02:49,038 - training.model_ResNet101_opt_Adam_lr_0.0001_id_171 - INFO - Starting model evaluation
2025-05-01 06:03:00,263 - training.model_ResNet101_opt_Adam_lr_0.0001_id_171 - INFO - Evaluation metrics:
  Accuracy:  0.9623
  Precision: 0.9106
  Recall:    0.9615
  F1 Score:  0.9354
  IoU:       0.8786
  mAP:       0.9787
  AUC:       0.9895
2025-05-01 06:03:00,264 - training.model_ResNet101_opt_Adam_lr_0.0001_id_171 - INFO - Final results saved to model_results_v2/model_ResNet101_opt_Adam_lr_0.0001_id_171/final_results.json
2025-05-01 06:03:00,266 - training.model_ResNet101_opt_Adam_lr_0.0001_id_171 - INFO - Final results saved to model_results_v2/model_ResNet101_opt_Adam_lr_0.0001_id_171/final_results.json
