2025-05-01 06:04:25,937 - training.model_ResNet101_opt_Adam_lr_0.0001_id_180 - INFO - Initialized training manager for model_ResNet101_opt_Adam_lr_0.0001_id_180
2025-05-01 06:04:25,937 - training.model_ResNet101_opt_Adam_lr_0.0001_id_180 - INFO - Config: {
  "id": 180,
  "model_name": "ResNet101",
  "optimizer": "Adam",
  "learning_rate": 0.0001,
  "scheduler": {
    "name": "CosineAnnealingWarmRestarts",
    "T_0": 10
  },
  "loss_fn": {
    "name": "LabelSmoothing",
    "smoothing": 0.1
  }
}
2025-05-01 06:04:26,459 - training.model_ResNet101_opt_Adam_lr_0.0001_id_180 - INFO - Starting model evaluation
2025-05-01 06:04:36,430 - training.model_ResNet101_opt_Adam_lr_0.0001_id_180 - INFO - Evaluation metrics:
  Accuracy:  0.9594
  Precision: 0.8964
  Recall:    0.9685
  F1 Score:  0.9311
  IoU:       0.8711
  mAP:       0.9605
  AUC:       0.9860
2025-05-01 06:04:36,432 - training.model_ResNet101_opt_Adam_lr_0.0001_id_180 - INFO - Final results saved to model_results_v2/model_ResNet101_opt_Adam_lr_0.0001_id_180/final_results.json
2025-05-01 06:04:36,433 - training.model_ResNet101_opt_Adam_lr_0.0001_id_180 - INFO - Final results saved to model_results_v2/model_ResNet101_opt_Adam_lr_0.0001_id_180/final_results.json
