2025-05-03 08:56:07,771 - training.model_MobileNetV3_opt_AdamW_lr_0.0001_id_646 - INFO - Initialized training manager for model_MobileNetV3_opt_AdamW_lr_0.0001_id_646
2025-05-03 08:56:07,771 - training.model_MobileNetV3_opt_AdamW_lr_0.0001_id_646 - INFO - Config: {
  "id": 646,
  "model_name": "MobileNetV3",
  "optimizer": "AdamW",
  "learning_rate": 0.0001,
  "scheduler": {
    "name": "CosineAnnealingWarmRestarts",
    "T_0": 10
  },
  "loss_fn": {
    "name": "CrossEntropy"
  }
}
2025-05-03 08:56:08,018 - training.model_MobileNetV3_opt_AdamW_lr_0.0001_id_646 - INFO - Starting model evaluation
2025-05-03 08:56:17,255 - training.model_MobileNetV3_opt_AdamW_lr_0.0001_id_646 - INFO - Evaluation metrics:
  Accuracy:  0.9683
  Precision: 0.9320
  Recall:    0.9580
  F1 Score:  0.9448
  IoU:       0.8954
  mAP:       0.9702
  AUC:       0.9912
2025-05-03 08:56:17,257 - training.model_MobileNetV3_opt_AdamW_lr_0.0001_id_646 - INFO - Final results saved to model_results_v2/model_MobileNetV3_opt_AdamW_lr_0.0001_id_646/final_results.json
2025-05-03 08:56:17,259 - training.model_MobileNetV3_opt_AdamW_lr_0.0001_id_646 - INFO - Final results saved to model_results_v2/model_MobileNetV3_opt_AdamW_lr_0.0001_id_646/final_results.json
