2025-05-01 10:58:29,125 - training.model_ViT-B-16_opt_SGD_lr_0.01_id_333 - INFO - Initialized training manager for model_ViT-B-16_opt_SGD_lr_0.01_id_333
2025-05-01 10:58:29,125 - training.model_ViT-B-16_opt_SGD_lr_0.01_id_333 - INFO - Config: {
  "id": 333,
  "model_name": "ViT-B-16",
  "optimizer": "SGD",
  "learning_rate": 0.01,
  "scheduler": {
    "name": "CosineAnnealingLR",
    "T_max": 10
  },
  "loss_fn": {
    "name": "LabelSmoothing",
    "smoothing": 0.1
  }
}
2025-05-01 10:58:30,168 - training.model_ViT-B-16_opt_SGD_lr_0.01_id_333 - INFO - Starting model evaluation
2025-05-01 10:58:42,291 - training.model_ViT-B-16_opt_SGD_lr_0.01_id_333 - INFO - Evaluation metrics:
  Accuracy:  0.8969
  Precision: 0.8527
  Recall:    0.7692
  F1 Score:  0.8088
  IoU:       0.6790
  mAP:       0.8769
  AUC:       0.9300
2025-05-01 10:58:42,293 - training.model_ViT-B-16_opt_SGD_lr_0.01_id_333 - INFO - Final results saved to model_results_v2/model_ViT-B-16_opt_SGD_lr_0.01_id_333/final_results.json
2025-05-01 10:58:42,295 - training.model_ViT-B-16_opt_SGD_lr_0.01_id_333 - INFO - Final results saved to model_results_v2/model_ViT-B-16_opt_SGD_lr_0.01_id_333/final_results.json
