2025-05-01 07:14:20,312 - training.model_ResNet101_opt_AdamW_lr_0.0001_id_214 - INFO - Initialized training manager for model_ResNet101_opt_AdamW_lr_0.0001_id_214
2025-05-01 07:14:20,312 - training.model_ResNet101_opt_AdamW_lr_0.0001_id_214 - INFO - Config: {
  "id": 214,
  "model_name": "ResNet101",
  "optimizer": "AdamW",
  "learning_rate": 0.0001,
  "scheduler": {
    "name": "CosineAnnealingWarmRestarts",
    "T_0": 10
  },
  "loss_fn": {
    "name": "CrossEntropy"
  }
}
2025-05-01 07:14:22,196 - training.model_ResNet101_opt_AdamW_lr_0.0001_id_214 - INFO - Starting model evaluation
2025-05-01 07:14:33,623 - training.model_ResNet101_opt_AdamW_lr_0.0001_id_214 - INFO - Evaluation metrics:
  Accuracy:  0.9683
  Precision: 0.9379
  Recall:    0.9510
  F1 Score:  0.9444
  IoU:       0.8947
  mAP:       0.9601
  AUC:       0.9841
2025-05-01 07:14:33,625 - training.model_ResNet101_opt_AdamW_lr_0.0001_id_214 - INFO - Final results saved to model_results_v2/model_ResNet101_opt_AdamW_lr_0.0001_id_214/final_results.json
2025-05-01 07:14:33,627 - training.model_ResNet101_opt_AdamW_lr_0.0001_id_214 - INFO - Final results saved to model_results_v2/model_ResNet101_opt_AdamW_lr_0.0001_id_214/final_results.json
