2025-05-01 08:17:04,510 - training.model_EfficientNet-B2_opt_SGD_lr_0.0001_id_243 - INFO - Initialized training manager for model_EfficientNet-B2_opt_SGD_lr_0.0001_id_243
2025-05-01 08:17:04,511 - training.model_EfficientNet-B2_opt_SGD_lr_0.0001_id_243 - INFO - Config: {
  "id": 243,
  "model_name": "EfficientNet-B2",
  "optimizer": "SGD",
  "learning_rate": 0.0001,
  "scheduler": {
    "name": "StepLR",
    "step_size": 10,
    "gamma": 0.1
  },
  "loss_fn": {
    "name": "LabelSmoothing",
    "smoothing": 0.1
  }
}
2025-05-01 08:17:05,340 - training.model_EfficientNet-B2_opt_SGD_lr_0.0001_id_243 - INFO - Starting model evaluation
2025-05-01 08:17:16,119 - training.model_EfficientNet-B2_opt_SGD_lr_0.0001_id_243 - INFO - Evaluation metrics:
  Accuracy:  0.8295
  Precision: 0.6781
  Recall:    0.7587
  F1 Score:  0.7162
  IoU:       0.5578
  mAP:       0.8376
  AUC:       0.9054
2025-05-01 08:17:16,121 - training.model_EfficientNet-B2_opt_SGD_lr_0.0001_id_243 - INFO - Final results saved to model_results_v2/model_EfficientNet-B2_opt_SGD_lr_0.0001_id_243/final_results.json
2025-05-01 08:17:16,123 - training.model_EfficientNet-B2_opt_SGD_lr_0.0001_id_243 - INFO - Final results saved to model_results_v2/model_EfficientNet-B2_opt_SGD_lr_0.0001_id_243/final_results.json
