2025-05-03 07:42:55,950 - training.model_MobileNetV3_opt_Adam_lr_0.001_id_598 - INFO - Initialized training manager for model_MobileNetV3_opt_Adam_lr_0.001_id_598
2025-05-03 07:42:55,950 - training.model_MobileNetV3_opt_Adam_lr_0.001_id_598 - INFO - Config: {
  "id": 598,
  "model_name": "MobileNetV3",
  "optimizer": "Adam",
  "learning_rate": 0.001,
  "scheduler": {
    "name": "CosineAnnealingWarmRestarts",
    "T_0": 10
  },
  "loss_fn": {
    "name": "CrossEntropy"
  }
}
2025-05-03 07:42:56,335 - training.model_MobileNetV3_opt_Adam_lr_0.001_id_598 - INFO - Starting model evaluation
2025-05-03 07:43:05,661 - training.model_MobileNetV3_opt_Adam_lr_0.001_id_598 - INFO - Evaluation metrics:
  Accuracy:  0.9613
  Precision: 0.9076
  Recall:    0.9615
  F1 Score:  0.9338
  IoU:       0.8758
  mAP:       0.9764
  AUC:       0.9901
2025-05-03 07:43:05,662 - training.model_MobileNetV3_opt_Adam_lr_0.001_id_598 - INFO - Final results saved to model_results_v2/model_MobileNetV3_opt_Adam_lr_0.001_id_598/final_results.json
2025-05-03 07:43:05,664 - training.model_MobileNetV3_opt_Adam_lr_0.001_id_598 - INFO - Final results saved to model_results_v2/model_MobileNetV3_opt_Adam_lr_0.001_id_598/final_results.json
