2025-05-01 11:29:27,082 - training.model_ViT-B-16_opt_Adam_lr_0.0001_id_395 - INFO - Initialized training manager for model_ViT-B-16_opt_Adam_lr_0.0001_id_395
2025-05-01 11:29:27,082 - training.model_ViT-B-16_opt_Adam_lr_0.0001_id_395 - INFO - Config: {
  "id": 395,
  "model_name": "ViT-B-16",
  "optimizer": "Adam",
  "learning_rate": 0.0001,
  "scheduler": {
    "name": "CosineAnnealingWarmRestarts",
    "T_0": 10
  },
  "loss_fn": {
    "name": "FocalLoss",
    "alpha": 0.25,
    "gamma": 2.0
  }
}
2025-05-03 02:52:42,390 - training.model_ViT-B-16_opt_Adam_lr_0.0001_id_395 - INFO - Initialized training manager for model_ViT-B-16_opt_Adam_lr_0.0001_id_395
2025-05-03 02:52:42,390 - training.model_ViT-B-16_opt_Adam_lr_0.0001_id_395 - INFO - Config: {
  "id": 395,
  "model_name": "ViT-B-16",
  "optimizer": "Adam",
  "learning_rate": 0.0001,
  "scheduler": {
    "name": "CosineAnnealingWarmRestarts",
    "T_0": 10
  },
  "loss_fn": {
    "name": "FocalLoss",
    "alpha": 0.25,
    "gamma": 2.0
  }
}
2025-05-03 02:52:43,733 - training.model_ViT-B-16_opt_Adam_lr_0.0001_id_395 - INFO - Starting model evaluation
2025-05-03 02:53:47,467 - training.model_ViT-B-16_opt_Adam_lr_0.0001_id_395 - INFO - Evaluation metrics:
  Accuracy:  0.8335
  Precision: 0.8554
  Recall:    0.4965
  F1 Score:  0.6283
  IoU:       0.4581
  mAP:       0.7955
  AUC:       0.8994
2025-05-03 02:53:47,470 - training.model_ViT-B-16_opt_Adam_lr_0.0001_id_395 - INFO - Final results saved to model_results_v2/model_ViT-B-16_opt_Adam_lr_0.0001_id_395/final_results.json
2025-05-03 02:53:47,473 - training.model_ViT-B-16_opt_Adam_lr_0.0001_id_395 - INFO - Final results saved to model_results_v2/model_ViT-B-16_opt_Adam_lr_0.0001_id_395/final_results.json
