2025-05-03 06:47:58,990 - training.model_MobileNetV3_opt_SGD_lr_0.001_id_563 - INFO - Initialized training manager for model_MobileNetV3_opt_SGD_lr_0.001_id_563
2025-05-03 06:47:58,990 - training.model_MobileNetV3_opt_SGD_lr_0.001_id_563 - INFO - Config: {
  "id": 563,
  "model_name": "MobileNetV3",
  "optimizer": "SGD",
  "learning_rate": 0.001,
  "scheduler": {
    "name": "CosineAnnealingWarmRestarts",
    "T_0": 10
  },
  "loss_fn": {
    "name": "FocalLoss",
    "alpha": 0.25,
    "gamma": 2.0
  }
}
2025-05-03 06:47:59,178 - training.model_MobileNetV3_opt_SGD_lr_0.001_id_563 - INFO - Starting model evaluation
2025-05-03 06:48:08,483 - training.model_MobileNetV3_opt_SGD_lr_0.001_id_563 - INFO - Evaluation metrics:
  Accuracy:  0.9514
  Precision: 0.9072
  Recall:    0.9231
  F1 Score:  0.9151
  IoU:       0.8435
  mAP:       0.9767
  AUC:       0.9871
2025-05-03 06:48:08,485 - training.model_MobileNetV3_opt_SGD_lr_0.001_id_563 - INFO - Final results saved to model_results_v2/model_MobileNetV3_opt_SGD_lr_0.001_id_563/final_results.json
2025-05-03 06:48:08,487 - training.model_MobileNetV3_opt_SGD_lr_0.001_id_563 - INFO - Final results saved to model_results_v2/model_MobileNetV3_opt_SGD_lr_0.001_id_563/final_results.json
