2025-05-01 11:28:26,929 - training.model_ViT-B-16_opt_SGD_lr_0.0001_id_356 - INFO - Initialized training manager for model_ViT-B-16_opt_SGD_lr_0.0001_id_356
2025-05-01 11:28:26,929 - training.model_ViT-B-16_opt_SGD_lr_0.0001_id_356 - INFO - Config: {
  "id": 356,
  "model_name": "ViT-B-16",
  "optimizer": "SGD",
  "learning_rate": 0.0001,
  "scheduler": {
    "name": "CosineAnnealingLR",
    "T_max": 10
  },
  "loss_fn": {
    "name": "FocalLoss",
    "alpha": 0.25,
    "gamma": 2.0
  }
}
2025-05-03 00:15:27,539 - training.model_ViT-B-16_opt_SGD_lr_0.0001_id_356 - INFO - Initialized training manager for model_ViT-B-16_opt_SGD_lr_0.0001_id_356
2025-05-03 00:15:27,550 - training.model_ViT-B-16_opt_SGD_lr_0.0001_id_356 - INFO - Config: {
  "id": 356,
  "model_name": "ViT-B-16",
  "optimizer": "SGD",
  "learning_rate": 0.0001,
  "scheduler": {
    "name": "CosineAnnealingLR",
    "T_max": 10
  },
  "loss_fn": {
    "name": "FocalLoss",
    "alpha": 0.25,
    "gamma": 2.0
  }
}
2025-05-03 00:15:28,189 - training.model_ViT-B-16_opt_SGD_lr_0.0001_id_356 - INFO - Starting model evaluation
2025-05-03 00:15:37,557 - training.model_ViT-B-16_opt_SGD_lr_0.0001_id_356 - INFO - Evaluation metrics:
  Accuracy:  0.9247
  Precision: 0.8365
  Recall:    0.9126
  F1 Score:  0.8729
  IoU:       0.7745
  mAP:       0.9449
  AUC:       0.9732
2025-05-03 00:15:37,561 - training.model_ViT-B-16_opt_SGD_lr_0.0001_id_356 - INFO - Final results saved to model_results_v2/model_ViT-B-16_opt_SGD_lr_0.0001_id_356/final_results.json
2025-05-03 00:15:37,563 - training.model_ViT-B-16_opt_SGD_lr_0.0001_id_356 - INFO - Final results saved to model_results_v2/model_ViT-B-16_opt_SGD_lr_0.0001_id_356/final_results.json
