2025-05-03 05:48:46,929 - training.model_DenseNet121_opt_AdamW_lr_0.001_id_519 - INFO - Initialized training manager for model_DenseNet121_opt_AdamW_lr_0.001_id_519
2025-05-03 05:48:46,929 - training.model_DenseNet121_opt_AdamW_lr_0.001_id_519 - INFO - Config: {
  "id": 519,
  "model_name": "DenseNet121",
  "optimizer": "AdamW",
  "learning_rate": 0.001,
  "scheduler": {
    "name": "StepLR",
    "step_size": 10,
    "gamma": 0.1
  },
  "loss_fn": {
    "name": "LabelSmoothing",
    "smoothing": 0.1
  }
}
2025-05-03 05:48:47,271 - training.model_DenseNet121_opt_AdamW_lr_0.001_id_519 - INFO - Starting model evaluation
2025-05-03 05:48:59,153 - training.model_DenseNet121_opt_AdamW_lr_0.001_id_519 - INFO - Evaluation metrics:
  Accuracy:  0.9356
  Precision: 0.8824
  Recall:    0.8916
  F1 Score:  0.8870
  IoU:       0.7969
  mAP:       0.9320
  AUC:       0.9642
2025-05-03 05:48:59,155 - training.model_DenseNet121_opt_AdamW_lr_0.001_id_519 - INFO - Final results saved to model_results_v2/model_DenseNet121_opt_AdamW_lr_0.001_id_519/final_results.json
2025-05-03 05:48:59,157 - training.model_DenseNet121_opt_AdamW_lr_0.001_id_519 - INFO - Final results saved to model_results_v2/model_DenseNet121_opt_AdamW_lr_0.001_id_519/final_results.json
