2025-05-03 04:24:00,361 - training.model_DenseNet121_opt_Adam_lr_0.01_id_470 - INFO - Initialized training manager for model_DenseNet121_opt_Adam_lr_0.01_id_470
2025-05-03 04:24:00,361 - training.model_DenseNet121_opt_Adam_lr_0.01_id_470 - INFO - Config: {
  "id": 470,
  "model_name": "DenseNet121",
  "optimizer": "Adam",
  "learning_rate": 0.01,
  "scheduler": {
    "name": "StepLR",
    "step_size": 10,
    "gamma": 0.1
  },
  "loss_fn": {
    "name": "FocalLoss",
    "alpha": 0.25,
    "gamma": 2.0
  }
}
2025-05-03 04:24:00,844 - training.model_DenseNet121_opt_Adam_lr_0.01_id_470 - INFO - Starting model evaluation
2025-05-03 04:24:12,866 - training.model_DenseNet121_opt_Adam_lr_0.01_id_470 - INFO - Evaluation metrics:
  Accuracy:  0.8474
  Precision: 0.6941
  Recall:    0.8252
  F1 Score:  0.7540
  IoU:       0.6051
  mAP:       0.7692
  AUC:       0.9008
2025-05-03 04:24:12,868 - training.model_DenseNet121_opt_Adam_lr_0.01_id_470 - INFO - Final results saved to model_results_v2/model_DenseNet121_opt_Adam_lr_0.01_id_470/final_results.json
2025-05-03 04:24:12,869 - training.model_DenseNet121_opt_Adam_lr_0.01_id_470 - INFO - Final results saved to model_results_v2/model_DenseNet121_opt_Adam_lr_0.01_id_470/final_results.json
