2025-05-01 03:03:47,209 - training.model_ResNet101_opt_SGD_lr_0.001_id_123 - INFO - Initialized training manager for model_ResNet101_opt_SGD_lr_0.001_id_123
2025-05-01 03:03:47,209 - training.model_ResNet101_opt_SGD_lr_0.001_id_123 - INFO - Config: {
  "id": 123,
  "model_name": "ResNet101",
  "optimizer": "SGD",
  "learning_rate": 0.001,
  "scheduler": {
    "name": "StepLR",
    "step_size": 10,
    "gamma": 0.1
  },
  "loss_fn": {
    "name": "LabelSmoothing",
    "smoothing": 0.1
  }
}
2025-05-01 03:03:47,576 - training.model_ResNet101_opt_SGD_lr_0.001_id_123 - INFO - Starting model evaluation
2025-05-01 03:03:57,295 - training.model_ResNet101_opt_SGD_lr_0.001_id_123 - INFO - Evaluation metrics:
  Accuracy:  0.9693
  Precision: 0.9381
  Recall:    0.9545
  F1 Score:  0.9463
  IoU:       0.8980
  mAP:       0.9880
  AUC:       0.9940
2025-05-01 03:03:57,296 - training.model_ResNet101_opt_SGD_lr_0.001_id_123 - INFO - Final results saved to model_results_v2/model_ResNet101_opt_SGD_lr_0.001_id_123/final_results.json
2025-05-01 03:03:57,298 - training.model_ResNet101_opt_SGD_lr_0.001_id_123 - INFO - Final results saved to model_results_v2/model_ResNet101_opt_SGD_lr_0.001_id_123/final_results.json
