2025-05-03 08:07:40,281 - training.model_MobileNetV3_opt_AdamW_lr_0.01_id_614 - INFO - Initialized training manager for model_MobileNetV3_opt_AdamW_lr_0.01_id_614
2025-05-03 08:07:40,281 - training.model_MobileNetV3_opt_AdamW_lr_0.01_id_614 - INFO - Config: {
  "id": 614,
  "model_name": "MobileNetV3",
  "optimizer": "AdamW",
  "learning_rate": 0.01,
  "scheduler": {
    "name": "StepLR",
    "step_size": 10,
    "gamma": 0.1
  },
  "loss_fn": {
    "name": "FocalLoss",
    "alpha": 0.25,
    "gamma": 2.0
  }
}
2025-05-03 08:12:32,838 - training.model_MobileNetV3_opt_AdamW_lr_0.01_id_614 - INFO - Starting model evaluation
2025-05-03 08:12:42,411 - training.model_MobileNetV3_opt_AdamW_lr_0.01_id_614 - INFO - Evaluation metrics:
  Accuracy:  0.2834
  Precision: 0.2834
  Recall:    1.0000
  F1 Score:  0.4417
  IoU:       0.2834
  mAP:       0.2834
  AUC:       0.5000
2025-05-03 08:12:42,413 - training.model_MobileNetV3_opt_AdamW_lr_0.01_id_614 - INFO - Final results saved to model_results_v2/model_MobileNetV3_opt_AdamW_lr_0.01_id_614/final_results.json
2025-05-03 08:12:42,414 - training.model_MobileNetV3_opt_AdamW_lr_0.01_id_614 - INFO - Final results saved to model_results_v2/model_MobileNetV3_opt_AdamW_lr_0.01_id_614/final_results.json
