2025-05-03 13:58:44,016 - training.model_ConvNeXt_opt_AdamW_lr_0.0001_id_755 - INFO - Initialized training manager for model_ConvNeXt_opt_AdamW_lr_0.0001_id_755
2025-05-03 13:58:44,017 - training.model_ConvNeXt_opt_AdamW_lr_0.0001_id_755 - INFO - Config: {
  "id": 755,
  "model_name": "ConvNeXt",
  "optimizer": "AdamW",
  "learning_rate": 0.0001,
  "scheduler": {
    "name": "CosineAnnealingWarmRestarts",
    "T_0": 10
  },
  "loss_fn": {
    "name": "FocalLoss",
    "alpha": 0.25,
    "gamma": 2.0
  }
}
2025-05-03 13:58:45,375 - training.model_ConvNeXt_opt_AdamW_lr_0.0001_id_755 - INFO - Starting model evaluation
2025-05-03 13:58:56,978 - training.model_ConvNeXt_opt_AdamW_lr_0.0001_id_755 - INFO - Evaluation metrics:
  Accuracy:  0.9544
  Precision: 0.8947
  Recall:    0.9510
  F1 Score:  0.9220
  IoU:       0.8553
  mAP:       0.9782
  AUC:       0.9902
2025-05-03 13:58:56,980 - training.model_ConvNeXt_opt_AdamW_lr_0.0001_id_755 - INFO - Final results saved to model_results_v2/model_ConvNeXt_opt_AdamW_lr_0.0001_id_755/final_results.json
2025-05-03 13:58:56,982 - training.model_ConvNeXt_opt_AdamW_lr_0.0001_id_755 - INFO - Final results saved to model_results_v2/model_ConvNeXt_opt_AdamW_lr_0.0001_id_755/final_results.json
