2025-05-01 11:28:24,287 - training.model_ViT-B-16_opt_SGD_lr_0.0001_id_354 - INFO - Initialized training manager for model_ViT-B-16_opt_SGD_lr_0.0001_id_354
2025-05-01 11:28:24,287 - training.model_ViT-B-16_opt_SGD_lr_0.0001_id_354 - INFO - Config: {
  "id": 354,
  "model_name": "ViT-B-16",
  "optimizer": "SGD",
  "learning_rate": 0.0001,
  "scheduler": {
    "name": "ReduceLROnPlateau",
    "patience": 5,
    "factor": 0.5
  },
  "loss_fn": {
    "name": "LabelSmoothing",
    "smoothing": 0.1
  }
}
2025-05-03 00:15:08,132 - training.model_ViT-B-16_opt_SGD_lr_0.0001_id_354 - INFO - Initialized training manager for model_ViT-B-16_opt_SGD_lr_0.0001_id_354
2025-05-03 00:15:08,132 - training.model_ViT-B-16_opt_SGD_lr_0.0001_id_354 - INFO - Config: {
  "id": 354,
  "model_name": "ViT-B-16",
  "optimizer": "SGD",
  "learning_rate": 0.0001,
  "scheduler": {
    "name": "ReduceLROnPlateau",
    "patience": 5,
    "factor": 0.5
  },
  "loss_fn": {
    "name": "LabelSmoothing",
    "smoothing": 0.1
  }
}
2025-05-03 00:15:08,743 - training.model_ViT-B-16_opt_SGD_lr_0.0001_id_354 - INFO - Starting model evaluation
2025-05-03 00:15:17,699 - training.model_ViT-B-16_opt_SGD_lr_0.0001_id_354 - INFO - Evaluation metrics:
  Accuracy:  0.9316
  Precision: 0.8511
  Recall:    0.9196
  F1 Score:  0.8840
  IoU:       0.7922
  mAP:       0.9479
  AUC:       0.9747
2025-05-03 00:15:17,703 - training.model_ViT-B-16_opt_SGD_lr_0.0001_id_354 - INFO - Final results saved to model_results_v2/model_ViT-B-16_opt_SGD_lr_0.0001_id_354/final_results.json
2025-05-03 00:15:17,705 - training.model_ViT-B-16_opt_SGD_lr_0.0001_id_354 - INFO - Final results saved to model_results_v2/model_ViT-B-16_opt_SGD_lr_0.0001_id_354/final_results.json
