2025-05-03 08:00:17,555 - training.model_MobileNetV3_opt_Adam_lr_0.0001_id_604 - INFO - Initialized training manager for model_MobileNetV3_opt_Adam_lr_0.0001_id_604
2025-05-03 08:00:17,555 - training.model_MobileNetV3_opt_Adam_lr_0.0001_id_604 - INFO - Config: {
  "id": 604,
  "model_name": "MobileNetV3",
  "optimizer": "Adam",
  "learning_rate": 0.0001,
  "scheduler": {
    "name": "ReduceLROnPlateau",
    "patience": 5,
    "factor": 0.5
  },
  "loss_fn": {
    "name": "CrossEntropy"
  }
}
2025-05-03 08:00:17,948 - training.model_MobileNetV3_opt_Adam_lr_0.0001_id_604 - INFO - Starting model evaluation
2025-05-03 08:00:27,466 - training.model_MobileNetV3_opt_Adam_lr_0.0001_id_604 - INFO - Evaluation metrics:
  Accuracy:  0.9653
  Precision: 0.9283
  Recall:    0.9510
  F1 Score:  0.9396
  IoU:       0.8860
  mAP:       0.9777
  AUC:       0.9902
2025-05-03 08:00:27,468 - training.model_MobileNetV3_opt_Adam_lr_0.0001_id_604 - INFO - Final results saved to model_results_v2/model_MobileNetV3_opt_Adam_lr_0.0001_id_604/final_results.json
2025-05-03 08:00:27,469 - training.model_MobileNetV3_opt_Adam_lr_0.0001_id_604 - INFO - Final results saved to model_results_v2/model_MobileNetV3_opt_Adam_lr_0.0001_id_604/final_results.json
