2025-05-03 10:42:20,938 - training.model_ConvNeXt_opt_SGD_lr_0.0001_id_683 - INFO - Initialized training manager for model_ConvNeXt_opt_SGD_lr_0.0001_id_683
2025-05-03 10:42:20,938 - training.model_ConvNeXt_opt_SGD_lr_0.0001_id_683 - INFO - Config: {
  "id": 683,
  "model_name": "ConvNeXt",
  "optimizer": "SGD",
  "learning_rate": 0.0001,
  "scheduler": {
    "name": "CosineAnnealingWarmRestarts",
    "T_0": 10
  },
  "loss_fn": {
    "name": "FocalLoss",
    "alpha": 0.25,
    "gamma": 2.0
  }
}
2025-05-03 10:42:21,923 - training.model_ConvNeXt_opt_SGD_lr_0.0001_id_683 - INFO - Starting model evaluation
2025-05-03 10:42:33,327 - training.model_ConvNeXt_opt_SGD_lr_0.0001_id_683 - INFO - Evaluation metrics:
  Accuracy:  0.9039
  Precision: 0.7926
  Recall:    0.8951
  F1 Score:  0.8407
  IoU:       0.7252
  mAP:       0.9219
  AUC:       0.9584
2025-05-03 10:42:33,329 - training.model_ConvNeXt_opt_SGD_lr_0.0001_id_683 - INFO - Final results saved to model_results_v2/model_ConvNeXt_opt_SGD_lr_0.0001_id_683/final_results.json
2025-05-03 10:42:33,331 - training.model_ConvNeXt_opt_SGD_lr_0.0001_id_683 - INFO - Final results saved to model_results_v2/model_ConvNeXt_opt_SGD_lr_0.0001_id_683/final_results.json
