2025-05-03 11:40:41,981 - training.model_ConvNeXt_opt_Adam_lr_0.001_id_703 - INFO - Initialized training manager for model_ConvNeXt_opt_Adam_lr_0.001_id_703
2025-05-03 11:40:41,981 - training.model_ConvNeXt_opt_Adam_lr_0.001_id_703 - INFO - Config: {
  "id": 703,
  "model_name": "ConvNeXt",
  "optimizer": "Adam",
  "learning_rate": 0.001,
  "scheduler": {
    "name": "CosineAnnealingLR",
    "T_max": 10
  },
  "loss_fn": {
    "name": "CrossEntropy"
  }
}
2025-05-03 11:42:25,052 - training.model_ConvNeXt_opt_Adam_lr_0.001_id_703 - INFO - Starting model evaluation
2025-05-03 11:42:36,777 - training.model_ConvNeXt_opt_Adam_lr_0.001_id_703 - INFO - Evaluation metrics:
  Accuracy:  0.2834
  Precision: 0.2834
  Recall:    1.0000
  F1 Score:  0.4417
  IoU:       0.2834
  mAP:       0.2771
  AUC:       0.5158
2025-05-03 11:42:36,779 - training.model_ConvNeXt_opt_Adam_lr_0.001_id_703 - INFO - Final results saved to model_results_v2/model_ConvNeXt_opt_Adam_lr_0.001_id_703/final_results.json
2025-05-03 11:42:36,780 - training.model_ConvNeXt_opt_Adam_lr_0.001_id_703 - INFO - Final results saved to model_results_v2/model_ConvNeXt_opt_Adam_lr_0.001_id_703/final_results.json
