2025-05-03 06:09:50,506 - training.model_DenseNet121_opt_AdamW_lr_0.0001_id_531 - INFO - Initialized training manager for model_DenseNet121_opt_AdamW_lr_0.0001_id_531
2025-05-03 06:09:50,506 - training.model_DenseNet121_opt_AdamW_lr_0.0001_id_531 - INFO - Config: {
  "id": 531,
  "model_name": "DenseNet121",
  "optimizer": "AdamW",
  "learning_rate": 0.0001,
  "scheduler": {
    "name": "StepLR",
    "step_size": 10,
    "gamma": 0.1
  },
  "loss_fn": {
    "name": "LabelSmoothing",
    "smoothing": 0.1
  }
}
2025-05-03 06:09:50,984 - training.model_DenseNet121_opt_AdamW_lr_0.0001_id_531 - INFO - Starting model evaluation
2025-05-03 06:10:02,792 - training.model_DenseNet121_opt_AdamW_lr_0.0001_id_531 - INFO - Evaluation metrics:
  Accuracy:  0.9604
  Precision: 0.9155
  Recall:    0.9476
  F1 Score:  0.9313
  IoU:       0.8714
  mAP:       0.9792
  AUC:       0.9912
2025-05-03 06:10:02,794 - training.model_DenseNet121_opt_AdamW_lr_0.0001_id_531 - INFO - Final results saved to model_results_v2/model_DenseNet121_opt_AdamW_lr_0.0001_id_531/final_results.json
2025-05-03 06:10:02,796 - training.model_DenseNet121_opt_AdamW_lr_0.0001_id_531 - INFO - Final results saved to model_results_v2/model_DenseNet121_opt_AdamW_lr_0.0001_id_531/final_results.json
