2025-05-03 04:45:07,218 - training.model_DenseNet121_opt_Adam_lr_0.001_id_482 - INFO - Initialized training manager for model_DenseNet121_opt_Adam_lr_0.001_id_482
2025-05-03 04:45:07,218 - training.model_DenseNet121_opt_Adam_lr_0.001_id_482 - INFO - Config: {
  "id": 482,
  "model_name": "DenseNet121",
  "optimizer": "Adam",
  "learning_rate": 0.001,
  "scheduler": {
    "name": "StepLR",
    "step_size": 10,
    "gamma": 0.1
  },
  "loss_fn": {
    "name": "FocalLoss",
    "alpha": 0.25,
    "gamma": 2.0
  }
}
2025-05-03 04:45:07,527 - training.model_DenseNet121_opt_Adam_lr_0.001_id_482 - INFO - Starting model evaluation
2025-05-03 04:45:19,122 - training.model_DenseNet121_opt_Adam_lr_0.001_id_482 - INFO - Evaluation metrics:
  Accuracy:  0.9455
  Precision: 0.8969
  Recall:    0.9126
  F1 Score:  0.9047
  IoU:       0.8259
  mAP:       0.9572
  AUC:       0.9816
2025-05-03 04:45:19,123 - training.model_DenseNet121_opt_Adam_lr_0.001_id_482 - INFO - Final results saved to model_results_v2/model_DenseNet121_opt_Adam_lr_0.001_id_482/final_results.json
2025-05-03 04:45:19,125 - training.model_DenseNet121_opt_Adam_lr_0.001_id_482 - INFO - Final results saved to model_results_v2/model_DenseNet121_opt_Adam_lr_0.001_id_482/final_results.json
