2025-05-03 12:15:19,503 - training.model_ConvNeXt_opt_Adam_lr_0.0001_id_718 - INFO - Initialized training manager for model_ConvNeXt_opt_Adam_lr_0.0001_id_718
2025-05-03 12:15:19,503 - training.model_ConvNeXt_opt_Adam_lr_0.0001_id_718 - INFO - Config: {
  "id": 718,
  "model_name": "ConvNeXt",
  "optimizer": "Adam",
  "learning_rate": 0.0001,
  "scheduler": {
    "name": "CosineAnnealingWarmRestarts",
    "T_0": 10
  },
  "loss_fn": {
    "name": "CrossEntropy"
  }
}
2025-05-03 12:15:20,800 - training.model_ConvNeXt_opt_Adam_lr_0.0001_id_718 - INFO - Starting model evaluation
2025-05-03 12:15:32,438 - training.model_ConvNeXt_opt_Adam_lr_0.0001_id_718 - INFO - Evaluation metrics:
  Accuracy:  0.9693
  Precision: 0.9381
  Recall:    0.9545
  F1 Score:  0.9463
  IoU:       0.8980
  mAP:       0.9822
  AUC:       0.9927
2025-05-03 12:15:32,440 - training.model_ConvNeXt_opt_Adam_lr_0.0001_id_718 - INFO - Final results saved to model_results_v2/model_ConvNeXt_opt_Adam_lr_0.0001_id_718/final_results.json
2025-05-03 12:15:32,442 - training.model_ConvNeXt_opt_Adam_lr_0.0001_id_718 - INFO - Final results saved to model_results_v2/model_ConvNeXt_opt_Adam_lr_0.0001_id_718/final_results.json
