2025-05-01 06:02:37,241 - training.model_ResNet101_opt_Adam_lr_0.0001_id_170 - INFO - Initialized training manager for model_ResNet101_opt_Adam_lr_0.0001_id_170
2025-05-01 06:02:37,241 - training.model_ResNet101_opt_Adam_lr_0.0001_id_170 - INFO - Config: {
  "id": 170,
  "model_name": "ResNet101",
  "optimizer": "Adam",
  "learning_rate": 0.0001,
  "scheduler": {
    "name": "StepLR",
    "step_size": 10,
    "gamma": 0.1
  },
  "loss_fn": {
    "name": "FocalLoss",
    "alpha": 0.25,
    "gamma": 2.0
  }
}
2025-05-01 06:02:37,680 - training.model_ResNet101_opt_Adam_lr_0.0001_id_170 - INFO - Starting model evaluation
2025-05-01 06:02:48,516 - training.model_ResNet101_opt_Adam_lr_0.0001_id_170 - INFO - Evaluation metrics:
  Accuracy:  0.9594
  Precision: 0.9016
  Recall:    0.9615
  F1 Score:  0.9306
  IoU:       0.8703
  mAP:       0.9646
  AUC:       0.9865
2025-05-01 06:02:48,518 - training.model_ResNet101_opt_Adam_lr_0.0001_id_170 - INFO - Final results saved to model_results_v2/model_ResNet101_opt_Adam_lr_0.0001_id_170/final_results.json
2025-05-01 06:02:48,519 - training.model_ResNet101_opt_Adam_lr_0.0001_id_170 - INFO - Final results saved to model_results_v2/model_ResNet101_opt_Adam_lr_0.0001_id_170/final_results.json
