2025-05-03 04:25:12,346 - training.model_DenseNet121_opt_Adam_lr_0.01_id_476 - INFO - Initialized training manager for model_DenseNet121_opt_Adam_lr_0.01_id_476
2025-05-03 04:25:12,346 - training.model_DenseNet121_opt_Adam_lr_0.01_id_476 - INFO - Config: {
  "id": 476,
  "model_name": "DenseNet121",
  "optimizer": "Adam",
  "learning_rate": 0.01,
  "scheduler": {
    "name": "CosineAnnealingLR",
    "T_max": 10
  },
  "loss_fn": {
    "name": "FocalLoss",
    "alpha": 0.25,
    "gamma": 2.0
  }
}
2025-05-03 04:25:12,666 - training.model_DenseNet121_opt_Adam_lr_0.01_id_476 - INFO - Starting model evaluation
2025-05-03 04:25:24,781 - training.model_DenseNet121_opt_Adam_lr_0.01_id_476 - INFO - Evaluation metrics:
  Accuracy:  0.8533
  Precision: 0.7054
  Recall:    0.8287
  F1 Score:  0.7621
  IoU:       0.6156
  mAP:       0.7787
  AUC:       0.9014
2025-05-03 04:25:24,783 - training.model_DenseNet121_opt_Adam_lr_0.01_id_476 - INFO - Final results saved to model_results_v2/model_DenseNet121_opt_Adam_lr_0.01_id_476/final_results.json
2025-05-03 04:25:24,784 - training.model_DenseNet121_opt_Adam_lr_0.01_id_476 - INFO - Final results saved to model_results_v2/model_DenseNet121_opt_Adam_lr_0.01_id_476/final_results.json
