2025-05-03 13:22:53,870 - training.model_ConvNeXt_opt_AdamW_lr_0.001_id_744 - INFO - Initialized training manager for model_ConvNeXt_opt_AdamW_lr_0.001_id_744
2025-05-03 13:22:53,870 - training.model_ConvNeXt_opt_AdamW_lr_0.001_id_744 - INFO - Config: {
  "id": 744,
  "model_name": "ConvNeXt",
  "optimizer": "AdamW",
  "learning_rate": 0.001,
  "scheduler": {
    "name": "CosineAnnealingWarmRestarts",
    "T_0": 10
  },
  "loss_fn": {
    "name": "LabelSmoothing",
    "smoothing": 0.1
  }
}
2025-05-03 13:22:55,211 - training.model_ConvNeXt_opt_AdamW_lr_0.001_id_744 - INFO - Starting model evaluation
2025-05-03 13:23:07,028 - training.model_ConvNeXt_opt_AdamW_lr_0.001_id_744 - INFO - Evaluation metrics:
  Accuracy:  0.2834
  Precision: 0.2834
  Recall:    1.0000
  F1 Score:  0.4417
  IoU:       0.2834
  mAP:       0.2836
  AUC:       0.4906
2025-05-03 13:23:07,029 - training.model_ConvNeXt_opt_AdamW_lr_0.001_id_744 - INFO - Final results saved to model_results_v2/model_ConvNeXt_opt_AdamW_lr_0.001_id_744/final_results.json
2025-05-03 13:23:07,031 - training.model_ConvNeXt_opt_AdamW_lr_0.001_id_744 - INFO - Final results saved to model_results_v2/model_ConvNeXt_opt_AdamW_lr_0.001_id_744/final_results.json
