2025-05-03 06:11:15,694 - training.model_DenseNet121_opt_AdamW_lr_0.0001_id_538 - INFO - Initialized training manager for model_DenseNet121_opt_AdamW_lr_0.0001_id_538
2025-05-03 06:11:15,694 - training.model_DenseNet121_opt_AdamW_lr_0.0001_id_538 - INFO - Config: {
  "id": 538,
  "model_name": "DenseNet121",
  "optimizer": "AdamW",
  "learning_rate": 0.0001,
  "scheduler": {
    "name": "CosineAnnealingWarmRestarts",
    "T_0": 10
  },
  "loss_fn": {
    "name": "CrossEntropy"
  }
}
2025-05-03 06:11:16,111 - training.model_DenseNet121_opt_AdamW_lr_0.0001_id_538 - INFO - Starting model evaluation
2025-05-03 06:11:27,459 - training.model_DenseNet121_opt_AdamW_lr_0.0001_id_538 - INFO - Evaluation metrics:
  Accuracy:  0.9623
  Precision: 0.9218
  Recall:    0.9476
  F1 Score:  0.9345
  IoU:       0.8770
  mAP:       0.9825
  AUC:       0.9914
2025-05-03 06:11:27,460 - training.model_DenseNet121_opt_AdamW_lr_0.0001_id_538 - INFO - Final results saved to model_results_v2/model_DenseNet121_opt_AdamW_lr_0.0001_id_538/final_results.json
2025-05-03 06:11:27,462 - training.model_DenseNet121_opt_AdamW_lr_0.0001_id_538 - INFO - Final results saved to model_results_v2/model_DenseNet121_opt_AdamW_lr_0.0001_id_538/final_results.json
