2025-05-03 11:12:19,387 - training.model_ConvNeXt_opt_Adam_lr_0.01_id_694 - INFO - Initialized training manager for model_ConvNeXt_opt_Adam_lr_0.01_id_694
2025-05-03 11:12:19,387 - training.model_ConvNeXt_opt_Adam_lr_0.01_id_694 - INFO - Config: {
  "id": 694,
  "model_name": "ConvNeXt",
  "optimizer": "Adam",
  "learning_rate": 0.01,
  "scheduler": {
    "name": "CosineAnnealingWarmRestarts",
    "T_0": 10
  },
  "loss_fn": {
    "name": "CrossEntropy"
  }
}
2025-05-03 11:12:20,568 - training.model_ConvNeXt_opt_Adam_lr_0.01_id_694 - INFO - Starting model evaluation
2025-05-03 11:12:31,970 - training.model_ConvNeXt_opt_Adam_lr_0.01_id_694 - INFO - Evaluation metrics:
  Accuracy:  0.7166
  Precision: 0.0000
  Recall:    0.0000
  F1 Score:  0.0000
  IoU:       0.0000
  mAP:       0.3122
  AUC:       0.5684
2025-05-03 11:12:31,972 - training.model_ConvNeXt_opt_Adam_lr_0.01_id_694 - INFO - Final results saved to model_results_v2/model_ConvNeXt_opt_Adam_lr_0.01_id_694/final_results.json
2025-05-03 11:12:31,974 - training.model_ConvNeXt_opt_Adam_lr_0.01_id_694 - INFO - Final results saved to model_results_v2/model_ConvNeXt_opt_Adam_lr_0.01_id_694/final_results.json
