2025-05-01 11:29:35,967 - training.model_ViT-B-16_opt_AdamW_lr_0.01_id_402 - INFO - Initialized training manager for model_ViT-B-16_opt_AdamW_lr_0.01_id_402
2025-05-01 11:29:35,967 - training.model_ViT-B-16_opt_AdamW_lr_0.01_id_402 - INFO - Config: {
  "id": 402,
  "model_name": "ViT-B-16",
  "optimizer": "AdamW",
  "learning_rate": 0.01,
  "scheduler": {
    "name": "ReduceLROnPlateau",
    "patience": 5,
    "factor": 0.5
  },
  "loss_fn": {
    "name": "LabelSmoothing",
    "smoothing": 0.1
  }
}
2025-05-03 03:20:09,917 - training.model_ViT-B-16_opt_AdamW_lr_0.01_id_402 - INFO - Initialized training manager for model_ViT-B-16_opt_AdamW_lr_0.01_id_402
2025-05-03 03:20:09,917 - training.model_ViT-B-16_opt_AdamW_lr_0.01_id_402 - INFO - Config: {
  "id": 402,
  "model_name": "ViT-B-16",
  "optimizer": "AdamW",
  "learning_rate": 0.01,
  "scheduler": {
    "name": "ReduceLROnPlateau",
    "patience": 5,
    "factor": 0.5
  },
  "loss_fn": {
    "name": "LabelSmoothing",
    "smoothing": 0.1
  }
}
2025-05-03 03:20:10,842 - training.model_ViT-B-16_opt_AdamW_lr_0.01_id_402 - INFO - Starting model evaluation
2025-05-03 03:20:21,609 - training.model_ViT-B-16_opt_AdamW_lr_0.01_id_402 - INFO - Evaluation metrics:
  Accuracy:  0.2834
  Precision: 0.2834
  Recall:    1.0000
  F1 Score:  0.4417
  IoU:       0.2834
  mAP:       0.2834
  AUC:       0.5000
2025-05-03 03:20:21,611 - training.model_ViT-B-16_opt_AdamW_lr_0.01_id_402 - INFO - Final results saved to model_results_v2/model_ViT-B-16_opt_AdamW_lr_0.01_id_402/final_results.json
2025-05-03 03:20:21,613 - training.model_ViT-B-16_opt_AdamW_lr_0.01_id_402 - INFO - Final results saved to model_results_v2/model_ViT-B-16_opt_AdamW_lr_0.01_id_402/final_results.json
