2025-05-01 09:01:40,253 - training.model_EfficientNet-B2_opt_Adam_lr_0.0001_id_277 - INFO - Initialized training manager for model_EfficientNet-B2_opt_Adam_lr_0.0001_id_277
2025-05-01 09:01:40,253 - training.model_EfficientNet-B2_opt_Adam_lr_0.0001_id_277 - INFO - Config: {
  "id": 277,
  "model_name": "EfficientNet-B2",
  "optimizer": "Adam",
  "learning_rate": 0.0001,
  "scheduler": {
    "name": "StepLR",
    "step_size": 10,
    "gamma": 0.1
  },
  "loss_fn": {
    "name": "CrossEntropy"
  }
}
2025-05-01 09:12:18,793 - training.model_EfficientNet-B2_opt_Adam_lr_0.0001_id_277 - INFO - Starting model evaluation
2025-05-01 09:12:29,968 - training.model_EfficientNet-B2_opt_Adam_lr_0.0001_id_277 - INFO - Evaluation metrics:
  Accuracy:  0.9623
  Precision: 0.8974
  Recall:    0.9790
  F1 Score:  0.9365
  IoU:       0.8805
  mAP:       0.9731
  AUC:       0.9907
2025-05-01 09:12:29,970 - training.model_EfficientNet-B2_opt_Adam_lr_0.0001_id_277 - INFO - Final results saved to model_results_v2/model_EfficientNet-B2_opt_Adam_lr_0.0001_id_277/final_results.json
2025-05-01 09:12:29,972 - training.model_EfficientNet-B2_opt_Adam_lr_0.0001_id_277 - INFO - Final results saved to model_results_v2/model_EfficientNet-B2_opt_Adam_lr_0.0001_id_277/final_results.json
