2025-04-30 23:42:33,406 - training.model_ResNet50_opt_SGD_lr_0.01_id_1 - INFO - Initialized training manager for model_ResNet50_opt_SGD_lr_0.01_id_1
2025-04-30 23:42:33,406 - training.model_ResNet50_opt_SGD_lr_0.01_id_1 - INFO - Config: {
  "id": 1,
  "model_name": "ResNet50",
  "optimizer": "SGD",
  "learning_rate": 0.01,
  "scheduler": {
    "name": "StepLR",
    "step_size": 10,
    "gamma": 0.1
  },
  "loss_fn": {
    "name": "CrossEntropy"
  }
}
2025-05-01 00:00:53,007 - training.model_ResNet50_opt_SGD_lr_0.01_id_1 - INFO - Starting model evaluation
2025-05-01 00:01:02,984 - training.model_ResNet50_opt_SGD_lr_0.01_id_1 - INFO - Evaluation metrics:
  Accuracy:  0.9732
  Precision: 0.9481
  Recall:    0.9580
  F1 Score:  0.9530
  IoU:       0.9103
  mAP:       0.9875
  AUC:       0.9930
2025-05-01 00:01:02,985 - training.model_ResNet50_opt_SGD_lr_0.01_id_1 - INFO - Final results saved to model_results_v2/model_ResNet50_opt_SGD_lr_0.01_id_1/final_results.json
2025-05-01 00:01:02,987 - training.model_ResNet50_opt_SGD_lr_0.01_id_1 - INFO - Final results saved to model_results_v2/model_ResNet50_opt_SGD_lr_0.01_id_1/final_results.json
