2025-05-03 08:55:00,942 - training.model_MobileNetV3_opt_AdamW_lr_0.0001_id_639 - INFO - Initialized training manager for model_MobileNetV3_opt_AdamW_lr_0.0001_id_639
2025-05-03 08:55:00,942 - training.model_MobileNetV3_opt_AdamW_lr_0.0001_id_639 - INFO - Config: {
  "id": 639,
  "model_name": "MobileNetV3",
  "optimizer": "AdamW",
  "learning_rate": 0.0001,
  "scheduler": {
    "name": "StepLR",
    "step_size": 10,
    "gamma": 0.1
  },
  "loss_fn": {
    "name": "LabelSmoothing",
    "smoothing": 0.1
  }
}
2025-05-03 08:55:01,301 - training.model_MobileNetV3_opt_AdamW_lr_0.0001_id_639 - INFO - Starting model evaluation
2025-05-03 08:55:10,469 - training.model_MobileNetV3_opt_AdamW_lr_0.0001_id_639 - INFO - Evaluation metrics:
  Accuracy:  0.9673
  Precision: 0.9347
  Recall:    0.9510
  F1 Score:  0.9428
  IoU:       0.8918
  mAP:       0.9753
  AUC:       0.9927
2025-05-03 08:55:10,470 - training.model_MobileNetV3_opt_AdamW_lr_0.0001_id_639 - INFO - Final results saved to model_results_v2/model_MobileNetV3_opt_AdamW_lr_0.0001_id_639/final_results.json
2025-05-03 08:55:10,472 - training.model_MobileNetV3_opt_AdamW_lr_0.0001_id_639 - INFO - Final results saved to model_results_v2/model_MobileNetV3_opt_AdamW_lr_0.0001_id_639/final_results.json
