2025-05-01 02:27:46,513 - training.model_ResNet50_opt_AdamW_lr_0.0001_id_103 - INFO - Initialized training manager for model_ResNet50_opt_AdamW_lr_0.0001_id_103
2025-05-01 02:27:46,513 - training.model_ResNet50_opt_AdamW_lr_0.0001_id_103 - INFO - Config: {
  "id": 103,
  "model_name": "ResNet50",
  "optimizer": "AdamW",
  "learning_rate": 0.0001,
  "scheduler": {
    "name": "CosineAnnealingLR",
    "T_max": 10
  },
  "loss_fn": {
    "name": "CrossEntropy"
  }
}
2025-05-01 02:27:46,755 - training.model_ResNet50_opt_AdamW_lr_0.0001_id_103 - INFO - Starting model evaluation
2025-05-01 02:27:55,165 - training.model_ResNet50_opt_AdamW_lr_0.0001_id_103 - INFO - Evaluation metrics:
  Accuracy:  0.9732
  Precision: 0.9544
  Recall:    0.9510
  F1 Score:  0.9527
  IoU:       0.9097
  mAP:       0.9713
  AUC:       0.9887
2025-05-01 02:27:55,167 - training.model_ResNet50_opt_AdamW_lr_0.0001_id_103 - INFO - Final results saved to model_results_v2/model_ResNet50_opt_AdamW_lr_0.0001_id_103/final_results.json
2025-05-01 02:27:55,169 - training.model_ResNet50_opt_AdamW_lr_0.0001_id_103 - INFO - Final results saved to model_results_v2/model_ResNet50_opt_AdamW_lr_0.0001_id_103/final_results.json
