2025-05-03 07:23:35,706 - training.model_MobileNetV3_opt_Adam_lr_0.01_id_579 - INFO - Initialized training manager for model_MobileNetV3_opt_Adam_lr_0.01_id_579
2025-05-03 07:23:35,706 - training.model_MobileNetV3_opt_Adam_lr_0.01_id_579 - INFO - Config: {
  "id": 579,
  "model_name": "MobileNetV3",
  "optimizer": "Adam",
  "learning_rate": 0.01,
  "scheduler": {
    "name": "StepLR",
    "step_size": 10,
    "gamma": 0.1
  },
  "loss_fn": {
    "name": "LabelSmoothing",
    "smoothing": 0.1
  }
}
2025-05-03 07:23:35,873 - training.model_MobileNetV3_opt_Adam_lr_0.01_id_579 - INFO - Starting model evaluation
2025-05-03 07:23:45,111 - training.model_MobileNetV3_opt_Adam_lr_0.01_id_579 - INFO - Evaluation metrics:
  Accuracy:  0.8474
  Precision: 0.7821
  Recall:    0.6399
  F1 Score:  0.7038
  IoU:       0.5430
  mAP:       0.7975
  AUC:       0.8714
2025-05-03 07:23:45,113 - training.model_MobileNetV3_opt_Adam_lr_0.01_id_579 - INFO - Final results saved to model_results_v2/model_MobileNetV3_opt_Adam_lr_0.01_id_579/final_results.json
2025-05-03 07:23:45,114 - training.model_MobileNetV3_opt_Adam_lr_0.01_id_579 - INFO - Final results saved to model_results_v2/model_MobileNetV3_opt_Adam_lr_0.01_id_579/final_results.json
