2025-05-03 13:56:59,097 - training.model_ConvNeXt_opt_AdamW_lr_0.0001_id_747 - INFO - Initialized training manager for model_ConvNeXt_opt_AdamW_lr_0.0001_id_747
2025-05-03 13:56:59,097 - training.model_ConvNeXt_opt_AdamW_lr_0.0001_id_747 - INFO - Config: {
  "id": 747,
  "model_name": "ConvNeXt",
  "optimizer": "AdamW",
  "learning_rate": 0.0001,
  "scheduler": {
    "name": "StepLR",
    "step_size": 10,
    "gamma": 0.1
  },
  "loss_fn": {
    "name": "LabelSmoothing",
    "smoothing": 0.1
  }
}
2025-05-03 13:57:00,451 - training.model_ConvNeXt_opt_AdamW_lr_0.0001_id_747 - INFO - Starting model evaluation
2025-05-03 13:57:12,040 - training.model_ConvNeXt_opt_AdamW_lr_0.0001_id_747 - INFO - Evaluation metrics:
  Accuracy:  0.9564
  Precision: 0.9033
  Recall:    0.9476
  F1 Score:  0.9249
  IoU:       0.8603
  mAP:       0.9785
  AUC:       0.9903
2025-05-03 13:57:12,042 - training.model_ConvNeXt_opt_AdamW_lr_0.0001_id_747 - INFO - Final results saved to model_results_v2/model_ConvNeXt_opt_AdamW_lr_0.0001_id_747/final_results.json
2025-05-03 13:57:12,043 - training.model_ConvNeXt_opt_AdamW_lr_0.0001_id_747 - INFO - Final results saved to model_results_v2/model_ConvNeXt_opt_AdamW_lr_0.0001_id_747/final_results.json
