2025-05-01 01:35:46,015 - training.model_ResNet50_opt_AdamW_lr_0.01_id_73 - INFO - Initialized training manager for model_ResNet50_opt_AdamW_lr_0.01_id_73
2025-05-01 01:35:46,015 - training.model_ResNet50_opt_AdamW_lr_0.01_id_73 - INFO - Config: {
  "id": 73,
  "model_name": "ResNet50",
  "optimizer": "AdamW",
  "learning_rate": 0.01,
  "scheduler": {
    "name": "StepLR",
    "step_size": 10,
    "gamma": 0.1
  },
  "loss_fn": {
    "name": "CrossEntropy"
  }
}
2025-05-01 01:51:46,937 - training.model_ResNet50_opt_AdamW_lr_0.01_id_73 - INFO - Starting model evaluation
2025-05-01 01:51:54,519 - training.model_ResNet50_opt_AdamW_lr_0.01_id_73 - INFO - Evaluation metrics:
  Accuracy:  0.7760
  Precision: 0.8061
  Recall:    0.2762
  F1 Score:  0.4115
  IoU:       0.2590
  mAP:       0.4687
  AUC:       0.6307
2025-05-01 01:51:54,520 - training.model_ResNet50_opt_AdamW_lr_0.01_id_73 - INFO - Final results saved to model_results_v2/model_ResNet50_opt_AdamW_lr_0.01_id_73/final_results.json
2025-05-01 01:51:54,522 - training.model_ResNet50_opt_AdamW_lr_0.01_id_73 - INFO - Final results saved to model_results_v2/model_ResNet50_opt_AdamW_lr_0.01_id_73/final_results.json
