2025-05-03 12:00:48,462 - training.model_ConvNeXt_opt_Adam_lr_0.0001_id_713 - INFO - Initialized training manager for model_ConvNeXt_opt_Adam_lr_0.0001_id_713
2025-05-03 12:00:48,462 - training.model_ConvNeXt_opt_Adam_lr_0.0001_id_713 - INFO - Config: {
  "id": 713,
  "model_name": "ConvNeXt",
  "optimizer": "Adam",
  "learning_rate": 0.0001,
  "scheduler": {
    "name": "ReduceLROnPlateau",
    "patience": 5,
    "factor": 0.5
  },
  "loss_fn": {
    "name": "FocalLoss",
    "alpha": 0.25,
    "gamma": 2.0
  }
}
2025-05-03 12:14:16,937 - training.model_ConvNeXt_opt_Adam_lr_0.0001_id_713 - INFO - Starting model evaluation
2025-05-03 12:14:28,401 - training.model_ConvNeXt_opt_Adam_lr_0.0001_id_713 - INFO - Evaluation metrics:
  Accuracy:  0.9643
  Precision: 0.9252
  Recall:    0.9510
  F1 Score:  0.9379
  IoU:       0.8831
  mAP:       0.9803
  AUC:       0.9922
2025-05-03 12:14:28,403 - training.model_ConvNeXt_opt_Adam_lr_0.0001_id_713 - INFO - Final results saved to model_results_v2/model_ConvNeXt_opt_Adam_lr_0.0001_id_713/final_results.json
2025-05-03 12:14:28,404 - training.model_ConvNeXt_opt_Adam_lr_0.0001_id_713 - INFO - Final results saved to model_results_v2/model_ConvNeXt_opt_Adam_lr_0.0001_id_713/final_results.json
