2025-05-01 10:04:35,856 - training.model_EfficientNet-B2_opt_AdamW_lr_0.001_id_302 - INFO - Initialized training manager for model_EfficientNet-B2_opt_AdamW_lr_0.001_id_302
2025-05-01 10:04:35,856 - training.model_EfficientNet-B2_opt_AdamW_lr_0.001_id_302 - INFO - Config: {
  "id": 302,
  "model_name": "EfficientNet-B2",
  "optimizer": "AdamW",
  "learning_rate": 0.001,
  "scheduler": {
    "name": "StepLR",
    "step_size": 10,
    "gamma": 0.1
  },
  "loss_fn": {
    "name": "FocalLoss",
    "alpha": 0.25,
    "gamma": 2.0
  }
}
2025-05-01 10:04:37,038 - training.model_EfficientNet-B2_opt_AdamW_lr_0.001_id_302 - INFO - Starting model evaluation
2025-05-01 10:04:47,834 - training.model_EfficientNet-B2_opt_AdamW_lr_0.001_id_302 - INFO - Evaluation metrics:
  Accuracy:  0.9435
  Precision: 0.8706
  Recall:    0.9406
  F1 Score:  0.9042
  IoU:       0.8252
  mAP:       0.9312
  AUC:       0.9767
2025-05-01 10:04:47,836 - training.model_EfficientNet-B2_opt_AdamW_lr_0.001_id_302 - INFO - Final results saved to model_results_v2/model_EfficientNet-B2_opt_AdamW_lr_0.001_id_302/final_results.json
2025-05-01 10:04:47,837 - training.model_EfficientNet-B2_opt_AdamW_lr_0.001_id_302 - INFO - Final results saved to model_results_v2/model_EfficientNet-B2_opt_AdamW_lr_0.001_id_302/final_results.json
