2025-05-03 05:08:10,166 - training.model_DenseNet121_opt_Adam_lr_0.0001_id_504 - INFO - Initialized training manager for model_DenseNet121_opt_Adam_lr_0.0001_id_504
2025-05-03 05:08:10,166 - training.model_DenseNet121_opt_Adam_lr_0.0001_id_504 - INFO - Config: {
  "id": 504,
  "model_name": "DenseNet121",
  "optimizer": "Adam",
  "learning_rate": 0.0001,
  "scheduler": {
    "name": "CosineAnnealingWarmRestarts",
    "T_0": 10
  },
  "loss_fn": {
    "name": "LabelSmoothing",
    "smoothing": 0.1
  }
}
2025-05-03 05:08:10,479 - training.model_DenseNet121_opt_Adam_lr_0.0001_id_504 - INFO - Starting model evaluation
2025-05-03 05:08:22,032 - training.model_DenseNet121_opt_Adam_lr_0.0001_id_504 - INFO - Evaluation metrics:
  Accuracy:  0.9613
  Precision: 0.9244
  Recall:    0.9406
  F1 Score:  0.9324
  IoU:       0.8734
  mAP:       0.9795
  AUC:       0.9889
2025-05-03 05:08:22,033 - training.model_DenseNet121_opt_Adam_lr_0.0001_id_504 - INFO - Final results saved to model_results_v2/model_DenseNet121_opt_Adam_lr_0.0001_id_504/final_results.json
2025-05-03 05:08:22,035 - training.model_DenseNet121_opt_Adam_lr_0.0001_id_504 - INFO - Final results saved to model_results_v2/model_DenseNet121_opt_Adam_lr_0.0001_id_504/final_results.json
