2025-05-03 11:45:29,798 - training.model_ConvNeXt_opt_Adam_lr_0.0001_id_712 - INFO - Initialized training manager for model_ConvNeXt_opt_Adam_lr_0.0001_id_712
2025-05-03 11:45:29,798 - training.model_ConvNeXt_opt_Adam_lr_0.0001_id_712 - INFO - Config: {
  "id": 712,
  "model_name": "ConvNeXt",
  "optimizer": "Adam",
  "learning_rate": 0.0001,
  "scheduler": {
    "name": "ReduceLROnPlateau",
    "patience": 5,
    "factor": 0.5
  },
  "loss_fn": {
    "name": "CrossEntropy"
  }
}
2025-05-03 12:00:36,674 - training.model_ConvNeXt_opt_Adam_lr_0.0001_id_712 - INFO - Starting model evaluation
2025-05-03 12:00:48,458 - training.model_ConvNeXt_opt_Adam_lr_0.0001_id_712 - INFO - Evaluation metrics:
  Accuracy:  0.9613
  Precision: 0.9395
  Recall:    0.9231
  F1 Score:  0.9312
  IoU:       0.8713
  mAP:       0.9770
  AUC:       0.9883
2025-05-03 12:00:48,459 - training.model_ConvNeXt_opt_Adam_lr_0.0001_id_712 - INFO - Final results saved to model_results_v2/model_ConvNeXt_opt_Adam_lr_0.0001_id_712/final_results.json
2025-05-03 12:00:48,461 - training.model_ConvNeXt_opt_Adam_lr_0.0001_id_712 - INFO - Final results saved to model_results_v2/model_ConvNeXt_opt_Adam_lr_0.0001_id_712/final_results.json
