2025-05-01 03:23:41,081 - training.model_ResNet101_opt_SGD_lr_0.0001_id_144 - INFO - Initialized training manager for model_ResNet101_opt_SGD_lr_0.0001_id_144
2025-05-01 03:23:41,081 - training.model_ResNet101_opt_SGD_lr_0.0001_id_144 - INFO - Config: {
  "id": 144,
  "model_name": "ResNet101",
  "optimizer": "SGD",
  "learning_rate": 0.0001,
  "scheduler": {
    "name": "CosineAnnealingWarmRestarts",
    "T_0": 10
  },
  "loss_fn": {
    "name": "LabelSmoothing",
    "smoothing": 0.1
  }
}
2025-05-01 03:23:41,433 - training.model_ResNet101_opt_SGD_lr_0.0001_id_144 - INFO - Starting model evaluation
2025-05-01 03:23:51,006 - training.model_ResNet101_opt_SGD_lr_0.0001_id_144 - INFO - Evaluation metrics:
  Accuracy:  0.9415
  Precision: 0.8796
  Recall:    0.9196
  F1 Score:  0.8991
  IoU:       0.8168
  mAP:       0.9651
  AUC:       0.9808
2025-05-01 03:23:51,009 - training.model_ResNet101_opt_SGD_lr_0.0001_id_144 - INFO - Final results saved to model_results_v2/model_ResNet101_opt_SGD_lr_0.0001_id_144/final_results.json
2025-05-01 03:23:51,011 - training.model_ResNet101_opt_SGD_lr_0.0001_id_144 - INFO - Final results saved to model_results_v2/model_ResNet101_opt_SGD_lr_0.0001_id_144/final_results.json
