2025-05-03 08:56:26,932 - training.model_MobileNetV3_opt_AdamW_lr_0.0001_id_648 - INFO - Initialized training manager for model_MobileNetV3_opt_AdamW_lr_0.0001_id_648
2025-05-03 08:56:26,932 - training.model_MobileNetV3_opt_AdamW_lr_0.0001_id_648 - INFO - Config: {
  "id": 648,
  "model_name": "MobileNetV3",
  "optimizer": "AdamW",
  "learning_rate": 0.0001,
  "scheduler": {
    "name": "CosineAnnealingWarmRestarts",
    "T_0": 10
  },
  "loss_fn": {
    "name": "LabelSmoothing",
    "smoothing": 0.1
  }
}
2025-05-03 08:56:27,355 - training.model_MobileNetV3_opt_AdamW_lr_0.0001_id_648 - INFO - Starting model evaluation
2025-05-03 08:56:36,921 - training.model_MobileNetV3_opt_AdamW_lr_0.0001_id_648 - INFO - Evaluation metrics:
  Accuracy:  0.9673
  Precision: 0.9317
  Recall:    0.9545
  F1 Score:  0.9430
  IoU:       0.8922
  mAP:       0.9754
  AUC:       0.9925
2025-05-03 08:56:36,923 - training.model_MobileNetV3_opt_AdamW_lr_0.0001_id_648 - INFO - Final results saved to model_results_v2/model_MobileNetV3_opt_AdamW_lr_0.0001_id_648/final_results.json
2025-05-03 08:56:36,925 - training.model_MobileNetV3_opt_AdamW_lr_0.0001_id_648 - INFO - Final results saved to model_results_v2/model_MobileNetV3_opt_AdamW_lr_0.0001_id_648/final_results.json
