2025-05-01 00:21:07,667 - training.model_ResNet50_opt_SGD_lr_0.001_id_22 - INFO - Initialized training manager for model_ResNet50_opt_SGD_lr_0.001_id_22
2025-05-01 00:21:07,667 - training.model_ResNet50_opt_SGD_lr_0.001_id_22 - INFO - Config: {
  "id": 22,
  "model_name": "ResNet50",
  "optimizer": "SGD",
  "learning_rate": 0.001,
  "scheduler": {
    "name": "CosineAnnealingWarmRestarts",
    "T_0": 10
  },
  "loss_fn": {
    "name": "CrossEntropy"
  }
}
2025-05-01 00:21:07,911 - training.model_ResNet50_opt_SGD_lr_0.001_id_22 - INFO - Starting model evaluation
2025-05-01 00:21:16,735 - training.model_ResNet50_opt_SGD_lr_0.001_id_22 - INFO - Evaluation metrics:
  Accuracy:  0.9564
  Precision: 0.9088
  Recall:    0.9406
  F1 Score:  0.9244
  IoU:       0.8594
  mAP:       0.9824
  AUC:       0.9906
2025-05-01 00:21:16,737 - training.model_ResNet50_opt_SGD_lr_0.001_id_22 - INFO - Final results saved to model_results_v2/model_ResNet50_opt_SGD_lr_0.001_id_22/final_results.json
2025-05-01 00:21:16,738 - training.model_ResNet50_opt_SGD_lr_0.001_id_22 - INFO - Final results saved to model_results_v2/model_ResNet50_opt_SGD_lr_0.001_id_22/final_results.json
