2025-05-03 08:38:03,607 - training.model_MobileNetV3_opt_AdamW_lr_0.001_id_635 - INFO - Initialized training manager for model_MobileNetV3_opt_AdamW_lr_0.001_id_635
2025-05-03 08:38:03,607 - training.model_MobileNetV3_opt_AdamW_lr_0.001_id_635 - INFO - Config: {
  "id": 635,
  "model_name": "MobileNetV3",
  "optimizer": "AdamW",
  "learning_rate": 0.001,
  "scheduler": {
    "name": "CosineAnnealingWarmRestarts",
    "T_0": 10
  },
  "loss_fn": {
    "name": "FocalLoss",
    "alpha": 0.25,
    "gamma": 2.0
  }
}
2025-05-03 08:38:03,788 - training.model_MobileNetV3_opt_AdamW_lr_0.001_id_635 - INFO - Starting model evaluation
2025-05-03 08:38:13,136 - training.model_MobileNetV3_opt_AdamW_lr_0.001_id_635 - INFO - Evaluation metrics:
  Accuracy:  0.9277
  Precision: 0.8586
  Recall:    0.8916
  F1 Score:  0.8748
  IoU:       0.7774
  mAP:       0.8765
  AUC:       0.9578
2025-05-03 08:38:13,138 - training.model_MobileNetV3_opt_AdamW_lr_0.001_id_635 - INFO - Final results saved to model_results_v2/model_MobileNetV3_opt_AdamW_lr_0.001_id_635/final_results.json
2025-05-03 08:38:13,139 - training.model_MobileNetV3_opt_AdamW_lr_0.001_id_635 - INFO - Final results saved to model_results_v2/model_MobileNetV3_opt_AdamW_lr_0.001_id_635/final_results.json
