2025-05-01 07:57:25,720 - training.model_EfficientNet-B2_opt_SGD_lr_0.001_id_239 - INFO - Initialized training manager for model_EfficientNet-B2_opt_SGD_lr_0.001_id_239
2025-05-01 07:57:25,720 - training.model_EfficientNet-B2_opt_SGD_lr_0.001_id_239 - INFO - Config: {
  "id": 239,
  "model_name": "EfficientNet-B2",
  "optimizer": "SGD",
  "learning_rate": 0.001,
  "scheduler": {
    "name": "CosineAnnealingWarmRestarts",
    "T_0": 10
  },
  "loss_fn": {
    "name": "FocalLoss",
    "alpha": 0.25,
    "gamma": 2.0
  }
}
2025-05-01 07:57:26,481 - training.model_EfficientNet-B2_opt_SGD_lr_0.001_id_239 - INFO - Starting model evaluation
2025-05-01 07:57:37,726 - training.model_EfficientNet-B2_opt_SGD_lr_0.001_id_239 - INFO - Evaluation metrics:
  Accuracy:  0.9534
  Precision: 0.9107
  Recall:    0.9266
  F1 Score:  0.9185
  IoU:       0.8494
  mAP:       0.9773
  AUC:       0.9895
2025-05-01 07:57:37,728 - training.model_EfficientNet-B2_opt_SGD_lr_0.001_id_239 - INFO - Final results saved to model_results_v2/model_EfficientNet-B2_opt_SGD_lr_0.001_id_239/final_results.json
2025-05-01 07:57:37,729 - training.model_EfficientNet-B2_opt_SGD_lr_0.001_id_239 - INFO - Final results saved to model_results_v2/model_EfficientNet-B2_opt_SGD_lr_0.001_id_239/final_results.json
