2025-05-01 11:29:47,352 - training.model_ViT-B-16_opt_AdamW_lr_0.001_id_411 - INFO - Initialized training manager for model_ViT-B-16_opt_AdamW_lr_0.001_id_411
2025-05-01 11:29:47,352 - training.model_ViT-B-16_opt_AdamW_lr_0.001_id_411 - INFO - Config: {
  "id": 411,
  "model_name": "ViT-B-16",
  "optimizer": "AdamW",
  "learning_rate": 0.001,
  "scheduler": {
    "name": "StepLR",
    "step_size": 10,
    "gamma": 0.1
  },
  "loss_fn": {
    "name": "LabelSmoothing",
    "smoothing": 0.1
  }
}
2025-05-03 03:32:37,877 - training.model_ViT-B-16_opt_AdamW_lr_0.001_id_411 - INFO - Initialized training manager for model_ViT-B-16_opt_AdamW_lr_0.001_id_411
2025-05-03 03:32:37,877 - training.model_ViT-B-16_opt_AdamW_lr_0.001_id_411 - INFO - Config: {
  "id": 411,
  "model_name": "ViT-B-16",
  "optimizer": "AdamW",
  "learning_rate": 0.001,
  "scheduler": {
    "name": "StepLR",
    "step_size": 10,
    "gamma": 0.1
  },
  "loss_fn": {
    "name": "LabelSmoothing",
    "smoothing": 0.1
  }
}
2025-05-03 03:32:38,567 - training.model_ViT-B-16_opt_AdamW_lr_0.001_id_411 - INFO - Starting model evaluation
2025-05-03 03:32:49,159 - training.model_ViT-B-16_opt_AdamW_lr_0.001_id_411 - INFO - Evaluation metrics:
  Accuracy:  0.2834
  Precision: 0.2834
  Recall:    1.0000
  F1 Score:  0.4417
  IoU:       0.2834
  mAP:       0.2834
  AUC:       0.5000
2025-05-03 03:32:49,160 - training.model_ViT-B-16_opt_AdamW_lr_0.001_id_411 - INFO - Final results saved to model_results_v2/model_ViT-B-16_opt_AdamW_lr_0.001_id_411/final_results.json
2025-05-03 03:32:49,162 - training.model_ViT-B-16_opt_AdamW_lr_0.001_id_411 - INFO - Final results saved to model_results_v2/model_ViT-B-16_opt_AdamW_lr_0.001_id_411/final_results.json
