2025-05-03 04:47:07,905 - training.model_DenseNet121_opt_Adam_lr_0.001_id_492 - INFO - Initialized training manager for model_DenseNet121_opt_Adam_lr_0.001_id_492
2025-05-03 04:47:07,905 - training.model_DenseNet121_opt_Adam_lr_0.001_id_492 - INFO - Config: {
  "id": 492,
  "model_name": "DenseNet121",
  "optimizer": "Adam",
  "learning_rate": 0.001,
  "scheduler": {
    "name": "CosineAnnealingWarmRestarts",
    "T_0": 10
  },
  "loss_fn": {
    "name": "LabelSmoothing",
    "smoothing": 0.1
  }
}
2025-05-03 04:47:08,550 - training.model_DenseNet121_opt_Adam_lr_0.001_id_492 - INFO - Starting model evaluation
2025-05-03 04:47:20,065 - training.model_DenseNet121_opt_Adam_lr_0.001_id_492 - INFO - Evaluation metrics:
  Accuracy:  0.9455
  Precision: 0.9024
  Recall:    0.9056
  F1 Score:  0.9040
  IoU:       0.8248
  mAP:       0.9580
  AUC:       0.9803
2025-05-03 04:47:20,068 - training.model_DenseNet121_opt_Adam_lr_0.001_id_492 - INFO - Final results saved to model_results_v2/model_DenseNet121_opt_Adam_lr_0.001_id_492/final_results.json
2025-05-03 04:47:20,070 - training.model_DenseNet121_opt_Adam_lr_0.001_id_492 - INFO - Final results saved to model_results_v2/model_DenseNet121_opt_Adam_lr_0.001_id_492/final_results.json
