2025-05-03 07:06:19,884 - training.model_MobileNetV3_opt_SGD_lr_0.0001_id_573 - INFO - Initialized training manager for model_MobileNetV3_opt_SGD_lr_0.0001_id_573
2025-05-03 07:06:19,884 - training.model_MobileNetV3_opt_SGD_lr_0.0001_id_573 - INFO - Config: {
  "id": 573,
  "model_name": "MobileNetV3",
  "optimizer": "SGD",
  "learning_rate": 0.0001,
  "scheduler": {
    "name": "CosineAnnealingLR",
    "T_max": 10
  },
  "loss_fn": {
    "name": "LabelSmoothing",
    "smoothing": 0.1
  }
}
2025-05-03 07:06:20,115 - training.model_MobileNetV3_opt_SGD_lr_0.0001_id_573 - INFO - Starting model evaluation
2025-05-03 07:06:29,510 - training.model_MobileNetV3_opt_SGD_lr_0.0001_id_573 - INFO - Evaluation metrics:
  Accuracy:  0.8692
  Precision: 0.7674
  Recall:    0.7727
  F1 Score:  0.7700
  IoU:       0.6261
  mAP:       0.8653
  AUC:       0.9216
2025-05-03 07:06:29,512 - training.model_MobileNetV3_opt_SGD_lr_0.0001_id_573 - INFO - Final results saved to model_results_v2/model_MobileNetV3_opt_SGD_lr_0.0001_id_573/final_results.json
2025-05-03 07:06:29,513 - training.model_MobileNetV3_opt_SGD_lr_0.0001_id_573 - INFO - Final results saved to model_results_v2/model_MobileNetV3_opt_SGD_lr_0.0001_id_573/final_results.json
