2025-05-03 11:44:43,009 - training.model_ConvNeXt_opt_Adam_lr_0.001_id_706 - INFO - Initialized training manager for model_ConvNeXt_opt_Adam_lr_0.001_id_706
2025-05-03 11:44:43,009 - training.model_ConvNeXt_opt_Adam_lr_0.001_id_706 - INFO - Config: {
  "id": 706,
  "model_name": "ConvNeXt",
  "optimizer": "Adam",
  "learning_rate": 0.001,
  "scheduler": {
    "name": "CosineAnnealingWarmRestarts",
    "T_0": 10
  },
  "loss_fn": {
    "name": "CrossEntropy"
  }
}
2025-05-03 11:44:44,313 - training.model_ConvNeXt_opt_Adam_lr_0.001_id_706 - INFO - Starting model evaluation
2025-05-03 11:44:56,612 - training.model_ConvNeXt_opt_Adam_lr_0.001_id_706 - INFO - Evaluation metrics:
  Accuracy:  0.2834
  Precision: 0.2834
  Recall:    1.0000
  F1 Score:  0.4417
  IoU:       0.2834
  mAP:       0.2748
  AUC:       0.5151
2025-05-03 11:44:56,616 - training.model_ConvNeXt_opt_Adam_lr_0.001_id_706 - INFO - Final results saved to model_results_v2/model_ConvNeXt_opt_Adam_lr_0.001_id_706/final_results.json
2025-05-03 11:44:56,617 - training.model_ConvNeXt_opt_Adam_lr_0.001_id_706 - INFO - Final results saved to model_results_v2/model_ConvNeXt_opt_Adam_lr_0.001_id_706/final_results.json
