2025-05-03 08:14:39,665 - training.model_MobileNetV3_opt_AdamW_lr_0.01_id_617 - INFO - Initialized training manager for model_MobileNetV3_opt_AdamW_lr_0.01_id_617
2025-05-03 08:14:39,665 - training.model_MobileNetV3_opt_AdamW_lr_0.01_id_617 - INFO - Config: {
  "id": 617,
  "model_name": "MobileNetV3",
  "optimizer": "AdamW",
  "learning_rate": 0.01,
  "scheduler": {
    "name": "ReduceLROnPlateau",
    "patience": 5,
    "factor": 0.5
  },
  "loss_fn": {
    "name": "FocalLoss",
    "alpha": 0.25,
    "gamma": 2.0
  }
}
2025-05-03 08:15:29,410 - training.model_MobileNetV3_opt_AdamW_lr_0.01_id_617 - INFO - Starting model evaluation
2025-05-03 08:15:38,955 - training.model_MobileNetV3_opt_AdamW_lr_0.01_id_617 - INFO - Evaluation metrics:
  Accuracy:  0.2834
  Precision: 0.2834
  Recall:    1.0000
  F1 Score:  0.4417
  IoU:       0.2834
  mAP:       0.2834
  AUC:       0.5000
2025-05-03 08:15:38,957 - training.model_MobileNetV3_opt_AdamW_lr_0.01_id_617 - INFO - Final results saved to model_results_v2/model_MobileNetV3_opt_AdamW_lr_0.01_id_617/final_results.json
2025-05-03 08:15:38,958 - training.model_MobileNetV3_opt_AdamW_lr_0.01_id_617 - INFO - Final results saved to model_results_v2/model_MobileNetV3_opt_AdamW_lr_0.01_id_617/final_results.json
