2025-05-01 01:35:06,984 - training.model_ResNet50_opt_Adam_lr_0.0001_id_68 - INFO - Initialized training manager for model_ResNet50_opt_Adam_lr_0.0001_id_68
2025-05-01 01:35:06,985 - training.model_ResNet50_opt_Adam_lr_0.0001_id_68 - INFO - Config: {
  "id": 68,
  "model_name": "ResNet50",
  "optimizer": "Adam",
  "learning_rate": 0.0001,
  "scheduler": {
    "name": "CosineAnnealingLR",
    "T_max": 10
  },
  "loss_fn": {
    "name": "FocalLoss",
    "alpha": 0.25,
    "gamma": 2.0
  }
}
2025-05-01 01:35:07,223 - training.model_ResNet50_opt_Adam_lr_0.0001_id_68 - INFO - Starting model evaluation
2025-05-01 01:35:14,683 - training.model_ResNet50_opt_Adam_lr_0.0001_id_68 - INFO - Evaluation metrics:
  Accuracy:  0.9663
  Precision: 0.9406
  Recall:    0.9406
  F1 Score:  0.9406
  IoU:       0.8878
  mAP:       0.9480
  AUC:       0.9841
2025-05-01 01:35:14,685 - training.model_ResNet50_opt_Adam_lr_0.0001_id_68 - INFO - Final results saved to model_results_v2/model_ResNet50_opt_Adam_lr_0.0001_id_68/final_results.json
2025-05-01 01:35:14,686 - training.model_ResNet50_opt_Adam_lr_0.0001_id_68 - INFO - Final results saved to model_results_v2/model_ResNet50_opt_Adam_lr_0.0001_id_68/final_results.json
