2025-05-03 12:15:06,510 - training.model_ConvNeXt_opt_Adam_lr_0.0001_id_717 - INFO - Initialized training manager for model_ConvNeXt_opt_Adam_lr_0.0001_id_717
2025-05-03 12:15:06,510 - training.model_ConvNeXt_opt_Adam_lr_0.0001_id_717 - INFO - Config: {
  "id": 717,
  "model_name": "ConvNeXt",
  "optimizer": "Adam",
  "learning_rate": 0.0001,
  "scheduler": {
    "name": "CosineAnnealingLR",
    "T_max": 10
  },
  "loss_fn": {
    "name": "LabelSmoothing",
    "smoothing": 0.1
  }
}
2025-05-03 12:15:07,819 - training.model_ConvNeXt_opt_Adam_lr_0.0001_id_717 - INFO - Starting model evaluation
2025-05-03 12:15:19,499 - training.model_ConvNeXt_opt_Adam_lr_0.0001_id_717 - INFO - Evaluation metrics:
  Accuracy:  0.9643
  Precision: 0.9281
  Recall:    0.9476
  F1 Score:  0.9377
  IoU:       0.8827
  mAP:       0.9818
  AUC:       0.9922
2025-05-03 12:15:19,501 - training.model_ConvNeXt_opt_Adam_lr_0.0001_id_717 - INFO - Final results saved to model_results_v2/model_ConvNeXt_opt_Adam_lr_0.0001_id_717/final_results.json
2025-05-03 12:15:19,503 - training.model_ConvNeXt_opt_Adam_lr_0.0001_id_717 - INFO - Final results saved to model_results_v2/model_ConvNeXt_opt_Adam_lr_0.0001_id_717/final_results.json
