2025-05-01 01:17:22,597 - training.model_ResNet50_opt_Adam_lr_0.001_id_55 - INFO - Initialized training manager for model_ResNet50_opt_Adam_lr_0.001_id_55
2025-05-01 01:17:22,597 - training.model_ResNet50_opt_Adam_lr_0.001_id_55 - INFO - Config: {
  "id": 55,
  "model_name": "ResNet50",
  "optimizer": "Adam",
  "learning_rate": 0.001,
  "scheduler": {
    "name": "CosineAnnealingLR",
    "T_max": 10
  },
  "loss_fn": {
    "name": "CrossEntropy"
  }
}
2025-05-01 01:17:22,866 - training.model_ResNet50_opt_Adam_lr_0.001_id_55 - INFO - Starting model evaluation
2025-05-01 01:17:31,577 - training.model_ResNet50_opt_Adam_lr_0.001_id_55 - INFO - Evaluation metrics:
  Accuracy:  0.9306
  Precision: 0.8418
  Recall:    0.9301
  F1 Score:  0.8837
  IoU:       0.7917
  mAP:       0.9433
  AUC:       0.9793
2025-05-01 01:17:31,578 - training.model_ResNet50_opt_Adam_lr_0.001_id_55 - INFO - Final results saved to model_results_v2/model_ResNet50_opt_Adam_lr_0.001_id_55/final_results.json
2025-05-01 01:17:31,580 - training.model_ResNet50_opt_Adam_lr_0.001_id_55 - INFO - Final results saved to model_results_v2/model_ResNet50_opt_Adam_lr_0.001_id_55/final_results.json
