2025-05-01 11:26:02,223 - training.model_ViT-B-16_opt_SGD_lr_0.001_id_338 - INFO - Initialized training manager for model_ViT-B-16_opt_SGD_lr_0.001_id_338
2025-05-01 11:26:02,223 - training.model_ViT-B-16_opt_SGD_lr_0.001_id_338 - INFO - Config: {
  "id": 338,
  "model_name": "ViT-B-16",
  "optimizer": "SGD",
  "learning_rate": 0.001,
  "scheduler": {
    "name": "StepLR",
    "step_size": 10,
    "gamma": 0.1
  },
  "loss_fn": {
    "name": "FocalLoss",
    "alpha": 0.25,
    "gamma": 2.0
  }
}
2025-05-03 00:05:47,087 - training.model_ViT-B-16_opt_SGD_lr_0.001_id_338 - INFO - Initialized training manager for model_ViT-B-16_opt_SGD_lr_0.001_id_338
2025-05-03 00:05:47,087 - training.model_ViT-B-16_opt_SGD_lr_0.001_id_338 - INFO - Config: {
  "id": 338,
  "model_name": "ViT-B-16",
  "optimizer": "SGD",
  "learning_rate": 0.001,
  "scheduler": {
    "name": "StepLR",
    "step_size": 10,
    "gamma": 0.1
  },
  "loss_fn": {
    "name": "FocalLoss",
    "alpha": 0.25,
    "gamma": 2.0
  }
}
2025-05-03 00:05:47,771 - training.model_ViT-B-16_opt_SGD_lr_0.001_id_338 - INFO - Starting model evaluation
2025-05-03 00:05:57,164 - training.model_ViT-B-16_opt_SGD_lr_0.001_id_338 - INFO - Evaluation metrics:
  Accuracy:  0.9613
  Precision: 0.9333
  Recall:    0.9301
  F1 Score:  0.9317
  IoU:       0.8721
  mAP:       0.9829
  AUC:       0.9925
2025-05-03 00:05:57,166 - training.model_ViT-B-16_opt_SGD_lr_0.001_id_338 - INFO - Final results saved to model_results_v2/model_ViT-B-16_opt_SGD_lr_0.001_id_338/final_results.json
2025-05-03 00:05:57,167 - training.model_ViT-B-16_opt_SGD_lr_0.001_id_338 - INFO - Final results saved to model_results_v2/model_ViT-B-16_opt_SGD_lr_0.001_id_338/final_results.json
