2025-05-03 06:28:42,391 - training.model_MobileNetV3_opt_SGD_lr_0.01_id_546 - INFO - Initialized training manager for model_MobileNetV3_opt_SGD_lr_0.01_id_546
2025-05-03 06:28:42,391 - training.model_MobileNetV3_opt_SGD_lr_0.01_id_546 - INFO - Config: {
  "id": 546,
  "model_name": "MobileNetV3",
  "optimizer": "SGD",
  "learning_rate": 0.01,
  "scheduler": {
    "name": "ReduceLROnPlateau",
    "patience": 5,
    "factor": 0.5
  },
  "loss_fn": {
    "name": "LabelSmoothing",
    "smoothing": 0.1
  }
}
2025-05-03 06:28:42,532 - training.model_MobileNetV3_opt_SGD_lr_0.01_id_546 - INFO - Starting model evaluation
2025-05-03 06:28:51,065 - training.model_MobileNetV3_opt_SGD_lr_0.01_id_546 - INFO - Evaluation metrics:
  Accuracy:  0.9663
  Precision: 0.9375
  Recall:    0.9441
  F1 Score:  0.9408
  IoU:       0.8882
  mAP:       0.9809
  AUC:       0.9923
2025-05-03 06:28:51,067 - training.model_MobileNetV3_opt_SGD_lr_0.01_id_546 - INFO - Final results saved to model_results_v2/model_MobileNetV3_opt_SGD_lr_0.01_id_546/final_results.json
2025-05-03 06:28:51,068 - training.model_MobileNetV3_opt_SGD_lr_0.01_id_546 - INFO - Final results saved to model_results_v2/model_MobileNetV3_opt_SGD_lr_0.01_id_546/final_results.json
