2025-05-03 08:38:22,362 - training.model_MobileNetV3_opt_AdamW_lr_0.0001_id_637 - INFO - Initialized training manager for model_MobileNetV3_opt_AdamW_lr_0.0001_id_637
2025-05-03 08:38:22,362 - training.model_MobileNetV3_opt_AdamW_lr_0.0001_id_637 - INFO - Config: {
  "id": 637,
  "model_name": "MobileNetV3",
  "optimizer": "AdamW",
  "learning_rate": 0.0001,
  "scheduler": {
    "name": "StepLR",
    "step_size": 10,
    "gamma": 0.1
  },
  "loss_fn": {
    "name": "CrossEntropy"
  }
}
2025-05-03 08:54:42,408 - training.model_MobileNetV3_opt_AdamW_lr_0.0001_id_637 - INFO - Starting model evaluation
2025-05-03 08:54:51,482 - training.model_MobileNetV3_opt_AdamW_lr_0.0001_id_637 - INFO - Evaluation metrics:
  Accuracy:  0.9643
  Precision: 0.9310
  Recall:    0.9441
  F1 Score:  0.9375
  IoU:       0.8824
  mAP:       0.9699
  AUC:       0.9912
2025-05-03 08:54:51,484 - training.model_MobileNetV3_opt_AdamW_lr_0.0001_id_637 - INFO - Final results saved to model_results_v2/model_MobileNetV3_opt_AdamW_lr_0.0001_id_637/final_results.json
2025-05-03 08:54:51,486 - training.model_MobileNetV3_opt_AdamW_lr_0.0001_id_637 - INFO - Final results saved to model_results_v2/model_MobileNetV3_opt_AdamW_lr_0.0001_id_637/final_results.json
