2025-05-01 02:27:15,010 - training.model_ResNet50_opt_AdamW_lr_0.0001_id_99 - INFO - Initialized training manager for model_ResNet50_opt_AdamW_lr_0.0001_id_99
2025-05-01 02:27:15,010 - training.model_ResNet50_opt_AdamW_lr_0.0001_id_99 - INFO - Config: {
  "id": 99,
  "model_name": "ResNet50",
  "optimizer": "AdamW",
  "learning_rate": 0.0001,
  "scheduler": {
    "name": "StepLR",
    "step_size": 10,
    "gamma": 0.1
  },
  "loss_fn": {
    "name": "LabelSmoothing",
    "smoothing": 0.1
  }
}
2025-05-01 02:27:15,253 - training.model_ResNet50_opt_AdamW_lr_0.0001_id_99 - INFO - Starting model evaluation
2025-05-01 02:27:23,057 - training.model_ResNet50_opt_AdamW_lr_0.0001_id_99 - INFO - Evaluation metrics:
  Accuracy:  0.9732
  Precision: 0.9481
  Recall:    0.9580
  F1 Score:  0.9530
  IoU:       0.9103
  mAP:       0.9798
  AUC:       0.9926
2025-05-01 02:27:23,059 - training.model_ResNet50_opt_AdamW_lr_0.0001_id_99 - INFO - Final results saved to model_results_v2/model_ResNet50_opt_AdamW_lr_0.0001_id_99/final_results.json
2025-05-01 02:27:23,061 - training.model_ResNet50_opt_AdamW_lr_0.0001_id_99 - INFO - Final results saved to model_results_v2/model_ResNet50_opt_AdamW_lr_0.0001_id_99/final_results.json
