2025-05-01 03:04:36,680 - training.model_ResNet101_opt_SGD_lr_0.001_id_128 - INFO - Initialized training manager for model_ResNet101_opt_SGD_lr_0.001_id_128
2025-05-01 03:04:36,680 - training.model_ResNet101_opt_SGD_lr_0.001_id_128 - INFO - Config: {
  "id": 128,
  "model_name": "ResNet101",
  "optimizer": "SGD",
  "learning_rate": 0.001,
  "scheduler": {
    "name": "CosineAnnealingLR",
    "T_max": 10
  },
  "loss_fn": {
    "name": "FocalLoss",
    "alpha": 0.25,
    "gamma": 2.0
  }
}
2025-05-01 03:04:37,034 - training.model_ResNet101_opt_SGD_lr_0.001_id_128 - INFO - Starting model evaluation
2025-05-01 03:04:46,312 - training.model_ResNet101_opt_SGD_lr_0.001_id_128 - INFO - Evaluation metrics:
  Accuracy:  0.9722
  Precision: 0.9418
  Recall:    0.9615
  F1 Score:  0.9516
  IoU:       0.9076
  mAP:       0.9799
  AUC:       0.9919
2025-05-01 03:04:46,314 - training.model_ResNet101_opt_SGD_lr_0.001_id_128 - INFO - Final results saved to model_results_v2/model_ResNet101_opt_SGD_lr_0.001_id_128/final_results.json
2025-05-01 03:04:46,315 - training.model_ResNet101_opt_SGD_lr_0.001_id_128 - INFO - Final results saved to model_results_v2/model_ResNet101_opt_SGD_lr_0.001_id_128/final_results.json
