2025-05-01 01:35:46,190 - training.model_ResNet50_opt_AdamW_lr_0.01 - INFO - Initialized training manager for model_ResNet50_opt_AdamW_lr_0.01
2025-05-01 01:35:46,190 - training.model_ResNet50_opt_AdamW_lr_0.01 - INFO - Config: {
  "id": 73,
  "model_name": "ResNet50",
  "optimizer": "AdamW",
  "learning_rate": 0.01,
  "scheduler": {
    "name": "StepLR",
    "step_size": 10,
    "gamma": 0.1
  },
  "loss_fn": {
    "name": "CrossEntropy"
  }
}
2025-05-01 01:35:46,190 - training.model_ResNet50_opt_AdamW_lr_0.01 - INFO - No checkpoint found, starting fresh training
2025-05-01 01:35:46,191 - training.model_ResNet50_opt_AdamW_lr_0.01 - INFO - Starting epoch 1/20
2025-05-01 01:36:06,913 - training.model_ResNet50_opt_AdamW_lr_0.01 - INFO - Checkpoint saved at epoch 0
2025-05-01 01:36:33,906 - training.model_ResNet50_opt_AdamW_lr_0.01 - INFO - Validation accuracy improved from 0.0000 to 0.5069
2025-05-01 01:36:33,959 - training.model_ResNet50_opt_AdamW_lr_0.01 - INFO - Epoch 1 completed in 47.77s - Train Loss: 0.7030, Train Acc: 0.5249, Val Loss: 0.7563, Val Acc: 0.5069
2025-05-01 01:36:34,181 - training.model_ResNet50_opt_AdamW_lr_0.01 - INFO - Checkpoint saved at epoch 0
2025-05-01 01:36:34,181 - training.model_ResNet50_opt_AdamW_lr_0.01 - INFO - Starting epoch 2/20
2025-05-01 01:36:54,597 - training.model_ResNet50_opt_AdamW_lr_0.01 - INFO - Checkpoint saved at epoch 1
2025-05-01 01:37:21,940 - training.model_ResNet50_opt_AdamW_lr_0.01 - INFO - Validation accuracy improved from 0.5069 to 0.5386
2025-05-01 01:37:22,021 - training.model_ResNet50_opt_AdamW_lr_0.01 - INFO - Epoch 2 completed in 47.84s - Train Loss: 0.6885, Train Acc: 0.5506, Val Loss: 0.6843, Val Acc: 0.5386
2025-05-01 01:37:22,244 - training.model_ResNet50_opt_AdamW_lr_0.01 - INFO - Checkpoint saved at epoch 1
2025-05-01 01:37:22,245 - training.model_ResNet50_opt_AdamW_lr_0.01 - INFO - Starting epoch 3/20
2025-05-01 01:37:43,150 - training.model_ResNet50_opt_AdamW_lr_0.01 - INFO - Checkpoint saved at epoch 2
2025-05-01 01:38:10,173 - training.model_ResNet50_opt_AdamW_lr_0.01 - INFO - Validation accuracy improved from 0.5386 to 0.5420
2025-05-01 01:38:10,253 - training.model_ResNet50_opt_AdamW_lr_0.01 - INFO - Epoch 3 completed in 48.01s - Train Loss: 0.6820, Train Acc: 0.5506, Val Loss: 0.6857, Val Acc: 0.5420
2025-05-01 01:38:10,468 - training.model_ResNet50_opt_AdamW_lr_0.01 - INFO - Checkpoint saved at epoch 2
2025-05-01 01:38:10,468 - training.model_ResNet50_opt_AdamW_lr_0.01 - INFO - Starting epoch 4/20
2025-05-01 01:38:30,914 - training.model_ResNet50_opt_AdamW_lr_0.01 - INFO - Checkpoint saved at epoch 3
2025-05-01 01:38:58,036 - training.model_ResNet50_opt_AdamW_lr_0.01 - INFO - Validation loss improved from inf to 0.6830
2025-05-01 01:38:58,126 - training.model_ResNet50_opt_AdamW_lr_0.01 - INFO - Epoch 4 completed in 47.66s - Train Loss: 0.6807, Train Acc: 0.5495, Val Loss: 0.6830, Val Acc: 0.5377
2025-05-01 01:38:58,343 - training.model_ResNet50_opt_AdamW_lr_0.01 - INFO - Checkpoint saved at epoch 3
2025-05-01 01:38:58,343 - training.model_ResNet50_opt_AdamW_lr_0.01 - INFO - Starting epoch 5/20
2025-05-01 01:39:19,267 - training.model_ResNet50_opt_AdamW_lr_0.01 - INFO - Checkpoint saved at epoch 4
2025-05-01 01:39:46,107 - training.model_ResNet50_opt_AdamW_lr_0.01 - INFO - Validation accuracy improved from 0.5420 to 0.6003
2025-05-01 01:39:46,186 - training.model_ResNet50_opt_AdamW_lr_0.01 - INFO - Epoch 5 completed in 47.84s - Train Loss: 0.6780, Train Acc: 0.5622, Val Loss: 0.6618, Val Acc: 0.6003
2025-05-01 01:39:46,398 - training.model_ResNet50_opt_AdamW_lr_0.01 - INFO - Checkpoint saved at epoch 4
2025-05-01 01:39:46,399 - training.model_ResNet50_opt_AdamW_lr_0.01 - INFO - Starting epoch 6/20
2025-05-01 01:40:07,448 - training.model_ResNet50_opt_AdamW_lr_0.01 - INFO - Checkpoint saved at epoch 5
2025-05-01 01:40:34,121 - training.model_ResNet50_opt_AdamW_lr_0.01 - INFO - Validation accuracy improved from 0.6003 to 0.6089
2025-05-01 01:40:34,193 - training.model_ResNet50_opt_AdamW_lr_0.01 - INFO - Epoch 6 completed in 47.79s - Train Loss: 0.6691, Train Acc: 0.5832, Val Loss: 0.6621, Val Acc: 0.6089
2025-05-01 01:40:34,405 - training.model_ResNet50_opt_AdamW_lr_0.01 - INFO - Checkpoint saved at epoch 5
2025-05-01 01:40:34,405 - training.model_ResNet50_opt_AdamW_lr_0.01 - INFO - Starting epoch 7/20
2025-05-01 01:40:55,155 - training.model_ResNet50_opt_AdamW_lr_0.01 - INFO - Checkpoint saved at epoch 6
2025-05-01 01:41:22,005 - training.model_ResNet50_opt_AdamW_lr_0.01 - INFO - Epoch 7 completed in 47.60s - Train Loss: 0.6744, Train Acc: 0.5695, Val Loss: 0.7168, Val Acc: 0.5360
2025-05-01 01:41:22,219 - training.model_ResNet50_opt_AdamW_lr_0.01 - INFO - Checkpoint saved at epoch 6
2025-05-01 01:41:22,220 - training.model_ResNet50_opt_AdamW_lr_0.01 - INFO - Starting epoch 8/20
2025-05-01 01:41:43,268 - training.model_ResNet50_opt_AdamW_lr_0.01 - INFO - Checkpoint saved at epoch 7
2025-05-01 01:42:10,302 - training.model_ResNet50_opt_AdamW_lr_0.01 - INFO - Validation loss improved from 0.6830 to 0.6797
2025-05-01 01:42:10,385 - training.model_ResNet50_opt_AdamW_lr_0.01 - INFO - Epoch 8 completed in 48.17s - Train Loss: 0.6790, Train Acc: 0.5478, Val Loss: 0.6797, Val Acc: 0.5377
2025-05-01 01:42:10,597 - training.model_ResNet50_opt_AdamW_lr_0.01 - INFO - Checkpoint saved at epoch 7
2025-05-01 01:42:10,598 - training.model_ResNet50_opt_AdamW_lr_0.01 - INFO - Starting epoch 9/20
2025-05-01 01:42:31,220 - training.model_ResNet50_opt_AdamW_lr_0.01 - INFO - Checkpoint saved at epoch 8
2025-05-01 01:42:58,275 - training.model_ResNet50_opt_AdamW_lr_0.01 - INFO - Epoch 9 completed in 47.68s - Train Loss: 0.6781, Train Acc: 0.5483, Val Loss: 0.6821, Val Acc: 0.6029
2025-05-01 01:42:58,517 - training.model_ResNet50_opt_AdamW_lr_0.01 - INFO - Checkpoint saved at epoch 8
2025-05-01 01:42:58,518 - training.model_ResNet50_opt_AdamW_lr_0.01 - INFO - Starting epoch 10/20
2025-05-01 01:43:19,016 - training.model_ResNet50_opt_AdamW_lr_0.01 - INFO - Checkpoint saved at epoch 9
2025-05-01 01:43:46,251 - training.model_ResNet50_opt_AdamW_lr_0.01 - INFO - Validation loss improved from 0.6797 to 0.6582
2025-05-01 01:43:46,340 - training.model_ResNet50_opt_AdamW_lr_0.01 - INFO - Epoch 10 completed in 47.82s - Train Loss: 0.6653, Train Acc: 0.5852, Val Loss: 0.6582, Val Acc: 0.6046
2025-05-01 01:43:46,551 - training.model_ResNet50_opt_AdamW_lr_0.01 - INFO - Checkpoint saved at epoch 9
2025-05-01 01:43:46,552 - training.model_ResNet50_opt_AdamW_lr_0.01 - INFO - Starting epoch 11/20
2025-05-01 01:44:07,633 - training.model_ResNet50_opt_AdamW_lr_0.01 - INFO - Checkpoint saved at epoch 10
2025-05-01 01:44:34,266 - training.model_ResNet50_opt_AdamW_lr_0.01 - INFO - Validation loss improved from 0.6582 to 0.6531
2025-05-01 01:44:34,358 - training.model_ResNet50_opt_AdamW_lr_0.01 - INFO - Epoch 11 completed in 47.81s - Train Loss: 0.6578, Train Acc: 0.5959, Val Loss: 0.6531, Val Acc: 0.6046
2025-05-01 01:44:34,570 - training.model_ResNet50_opt_AdamW_lr_0.01 - INFO - Checkpoint saved at epoch 10
2025-05-01 01:44:34,570 - training.model_ResNet50_opt_AdamW_lr_0.01 - INFO - Starting epoch 12/20
2025-05-01 01:44:55,395 - training.model_ResNet50_opt_AdamW_lr_0.01 - INFO - Checkpoint saved at epoch 11
2025-05-01 01:45:22,369 - training.model_ResNet50_opt_AdamW_lr_0.01 - INFO - Validation loss improved from 0.6531 to 0.6506
2025-05-01 01:45:22,447 - training.model_ResNet50_opt_AdamW_lr_0.01 - INFO - Epoch 12 completed in 47.88s - Train Loss: 0.6555, Train Acc: 0.5955, Val Loss: 0.6506, Val Acc: 0.6072
2025-05-01 01:45:22,669 - training.model_ResNet50_opt_AdamW_lr_0.01 - INFO - Checkpoint saved at epoch 11
2025-05-01 01:45:22,670 - training.model_ResNet50_opt_AdamW_lr_0.01 - INFO - Starting epoch 13/20
2025-05-01 01:45:43,767 - training.model_ResNet50_opt_AdamW_lr_0.01 - INFO - Checkpoint saved at epoch 12
2025-05-01 01:46:10,931 - training.model_ResNet50_opt_AdamW_lr_0.01 - INFO - Validation accuracy improved from 0.6089 to 0.6106
2025-05-01 01:46:11,006 - training.model_ResNet50_opt_AdamW_lr_0.01 - INFO - Epoch 13 completed in 48.34s - Train Loss: 0.6581, Train Acc: 0.5888, Val Loss: 0.6510, Val Acc: 0.6106
2025-05-01 01:46:11,217 - training.model_ResNet50_opt_AdamW_lr_0.01 - INFO - Checkpoint saved at epoch 12
2025-05-01 01:46:11,217 - training.model_ResNet50_opt_AdamW_lr_0.01 - INFO - Starting epoch 14/20
2025-05-01 01:46:31,976 - training.model_ResNet50_opt_AdamW_lr_0.01 - INFO - Checkpoint saved at epoch 13
2025-05-01 01:46:58,847 - training.model_ResNet50_opt_AdamW_lr_0.01 - INFO - Validation accuracy improved from 0.6106 to 0.6166
2025-05-01 01:46:58,926 - training.model_ResNet50_opt_AdamW_lr_0.01 - INFO - Epoch 14 completed in 47.71s - Train Loss: 0.6536, Train Acc: 0.6002, Val Loss: 0.6458, Val Acc: 0.6166
2025-05-01 01:46:59,158 - training.model_ResNet50_opt_AdamW_lr_0.01 - INFO - Checkpoint saved at epoch 13
2025-05-01 01:46:59,158 - training.model_ResNet50_opt_AdamW_lr_0.01 - INFO - Starting epoch 15/20
2025-05-01 01:47:19,787 - training.model_ResNet50_opt_AdamW_lr_0.01 - INFO - Checkpoint saved at epoch 14
2025-05-01 01:47:46,905 - training.model_ResNet50_opt_AdamW_lr_0.01 - INFO - Validation accuracy improved from 0.6166 to 0.6244
2025-05-01 01:47:46,984 - training.model_ResNet50_opt_AdamW_lr_0.01 - INFO - Epoch 15 completed in 47.83s - Train Loss: 0.6496, Train Acc: 0.6109, Val Loss: 0.6434, Val Acc: 0.6244
2025-05-01 01:47:47,207 - training.model_ResNet50_opt_AdamW_lr_0.01 - INFO - Checkpoint saved at epoch 14
2025-05-01 01:47:47,207 - training.model_ResNet50_opt_AdamW_lr_0.01 - INFO - Starting epoch 16/20
2025-05-01 01:48:08,432 - training.model_ResNet50_opt_AdamW_lr_0.01 - INFO - Checkpoint saved at epoch 15
2025-05-01 01:48:35,122 - training.model_ResNet50_opt_AdamW_lr_0.01 - INFO - Validation loss improved from 0.6506 to 0.6418
2025-05-01 01:48:35,209 - training.model_ResNet50_opt_AdamW_lr_0.01 - INFO - Epoch 16 completed in 48.00s - Train Loss: 0.6510, Train Acc: 0.6085, Val Loss: 0.6418, Val Acc: 0.6235
2025-05-01 01:48:35,422 - training.model_ResNet50_opt_AdamW_lr_0.01 - INFO - Checkpoint saved at epoch 15
2025-05-01 01:48:35,423 - training.model_ResNet50_opt_AdamW_lr_0.01 - INFO - Starting epoch 17/20
2025-05-01 01:48:56,160 - training.model_ResNet50_opt_AdamW_lr_0.01 - INFO - Checkpoint saved at epoch 16
2025-05-01 01:49:22,808 - training.model_ResNet50_opt_AdamW_lr_0.01 - INFO - Epoch 17 completed in 47.39s - Train Loss: 0.6493, Train Acc: 0.6092, Val Loss: 0.6449, Val Acc: 0.6184
2025-05-01 01:49:23,045 - training.model_ResNet50_opt_AdamW_lr_0.01 - INFO - Checkpoint saved at epoch 16
2025-05-01 01:49:23,046 - training.model_ResNet50_opt_AdamW_lr_0.01 - INFO - Starting epoch 18/20
2025-05-01 01:49:43,832 - training.model_ResNet50_opt_AdamW_lr_0.01 - INFO - Checkpoint saved at epoch 17
2025-05-01 01:50:10,790 - training.model_ResNet50_opt_AdamW_lr_0.01 - INFO - Epoch 18 completed in 47.74s - Train Loss: 0.6473, Train Acc: 0.6120, Val Loss: 0.6531, Val Acc: 0.6123
2025-05-01 01:50:11,029 - training.model_ResNet50_opt_AdamW_lr_0.01 - INFO - Checkpoint saved at epoch 17
2025-05-01 01:50:11,030 - training.model_ResNet50_opt_AdamW_lr_0.01 - INFO - Starting epoch 19/20
2025-05-01 01:50:31,433 - training.model_ResNet50_opt_AdamW_lr_0.01 - INFO - Checkpoint saved at epoch 18
2025-05-01 01:50:58,812 - training.model_ResNet50_opt_AdamW_lr_0.01 - INFO - Validation accuracy improved from 0.6244 to 0.6261
2025-05-01 01:50:58,888 - training.model_ResNet50_opt_AdamW_lr_0.01 - INFO - Epoch 19 completed in 47.86s - Train Loss: 0.6476, Train Acc: 0.6135, Val Loss: 0.6409, Val Acc: 0.6261
2025-05-01 01:50:59,098 - training.model_ResNet50_opt_AdamW_lr_0.01 - INFO - Checkpoint saved at epoch 18
2025-05-01 01:50:59,099 - training.model_ResNet50_opt_AdamW_lr_0.01 - INFO - Starting epoch 20/20
2025-05-01 01:51:19,910 - training.model_ResNet50_opt_AdamW_lr_0.01 - INFO - Checkpoint saved at epoch 19
2025-05-01 01:51:46,642 - training.model_ResNet50_opt_AdamW_lr_0.01 - INFO - Validation accuracy improved from 0.6261 to 0.6286
2025-05-01 01:51:46,717 - training.model_ResNet50_opt_AdamW_lr_0.01 - INFO - Epoch 20 completed in 47.62s - Train Loss: 0.6449, Train Acc: 0.6171, Val Loss: 0.6386, Val Acc: 0.6286
2025-05-01 01:51:46,935 - training.model_ResNet50_opt_AdamW_lr_0.01 - INFO - Checkpoint saved at epoch 19
2025-05-01 01:51:46,935 - training.model_ResNet50_opt_AdamW_lr_0.01 - INFO - Training completed after 960.53 seconds
2025-05-01 01:51:54,684 - training.model_ResNet50_opt_AdamW_lr_0.01 - INFO - Initialized training manager for model_ResNet50_opt_AdamW_lr_0.01
2025-05-01 01:51:54,684 - training.model_ResNet50_opt_AdamW_lr_0.01 - INFO - Initialized training manager for model_ResNet50_opt_AdamW_lr_0.01
2025-05-01 01:51:54,684 - training.model_ResNet50_opt_AdamW_lr_0.01 - INFO - Config: {
  "id": 74,
  "model_name": "ResNet50",
  "optimizer": "AdamW",
  "learning_rate": 0.01,
  "scheduler": {
    "name": "StepLR",
    "step_size": 10,
    "gamma": 0.1
  },
  "loss_fn": {
    "name": "FocalLoss",
    "alpha": 0.25,
    "gamma": 2.0
  }
}
2025-05-01 01:51:54,684 - training.model_ResNet50_opt_AdamW_lr_0.01 - INFO - Config: {
  "id": 74,
  "model_name": "ResNet50",
  "optimizer": "AdamW",
  "learning_rate": 0.01,
  "scheduler": {
    "name": "StepLR",
    "step_size": 10,
    "gamma": 0.1
  },
  "loss_fn": {
    "name": "FocalLoss",
    "alpha": 0.25,
    "gamma": 2.0
  }
}
2025-05-01 01:51:54,684 - training.model_ResNet50_opt_AdamW_lr_0.01 - INFO - Loading checkpoint from model_results_v2/model_ResNet50_opt_AdamW_lr_0.01/checkpoint.pt
2025-05-01 01:51:54,684 - training.model_ResNet50_opt_AdamW_lr_0.01 - INFO - Loading checkpoint from model_results_v2/model_ResNet50_opt_AdamW_lr_0.01/checkpoint.pt
2025-05-01 01:51:54,767 - training.model_ResNet50_opt_AdamW_lr_0.01 - INFO - Resuming from epoch 20, best validation accuracy: 0.6286
2025-05-01 01:51:54,767 - training.model_ResNet50_opt_AdamW_lr_0.01 - INFO - Resuming from epoch 20, best validation accuracy: 0.6286
2025-05-01 01:51:54,768 - training.model_ResNet50_opt_AdamW_lr_0.01 - INFO - Training completed after 960.53 seconds
2025-05-01 01:51:54,768 - training.model_ResNet50_opt_AdamW_lr_0.01 - INFO - Training completed after 960.53 seconds
2025-05-01 01:52:02,358 - training.model_ResNet50_opt_AdamW_lr_0.01 - INFO - Initialized training manager for model_ResNet50_opt_AdamW_lr_0.01
2025-05-01 01:52:02,358 - training.model_ResNet50_opt_AdamW_lr_0.01 - INFO - Initialized training manager for model_ResNet50_opt_AdamW_lr_0.01
2025-05-01 01:52:02,358 - training.model_ResNet50_opt_AdamW_lr_0.01 - INFO - Initialized training manager for model_ResNet50_opt_AdamW_lr_0.01
2025-05-01 01:52:02,358 - training.model_ResNet50_opt_AdamW_lr_0.01 - INFO - Config: {
  "id": 75,
  "model_name": "ResNet50",
  "optimizer": "AdamW",
  "learning_rate": 0.01,
  "scheduler": {
    "name": "StepLR",
    "step_size": 10,
    "gamma": 0.1
  },
  "loss_fn": {
    "name": "LabelSmoothing",
    "smoothing": 0.1
  }
}
2025-05-01 01:52:02,358 - training.model_ResNet50_opt_AdamW_lr_0.01 - INFO - Config: {
  "id": 75,
  "model_name": "ResNet50",
  "optimizer": "AdamW",
  "learning_rate": 0.01,
  "scheduler": {
    "name": "StepLR",
    "step_size": 10,
    "gamma": 0.1
  },
  "loss_fn": {
    "name": "LabelSmoothing",
    "smoothing": 0.1
  }
}
2025-05-01 01:52:02,358 - training.model_ResNet50_opt_AdamW_lr_0.01 - INFO - Config: {
  "id": 75,
  "model_name": "ResNet50",
  "optimizer": "AdamW",
  "learning_rate": 0.01,
  "scheduler": {
    "name": "StepLR",
    "step_size": 10,
    "gamma": 0.1
  },
  "loss_fn": {
    "name": "LabelSmoothing",
    "smoothing": 0.1
  }
}
2025-05-01 01:52:02,358 - training.model_ResNet50_opt_AdamW_lr_0.01 - INFO - Loading checkpoint from model_results_v2/model_ResNet50_opt_AdamW_lr_0.01/checkpoint.pt
2025-05-01 01:52:02,358 - training.model_ResNet50_opt_AdamW_lr_0.01 - INFO - Loading checkpoint from model_results_v2/model_ResNet50_opt_AdamW_lr_0.01/checkpoint.pt
2025-05-01 01:52:02,358 - training.model_ResNet50_opt_AdamW_lr_0.01 - INFO - Loading checkpoint from model_results_v2/model_ResNet50_opt_AdamW_lr_0.01/checkpoint.pt
2025-05-01 01:52:02,441 - training.model_ResNet50_opt_AdamW_lr_0.01 - INFO - Resuming from epoch 20, best validation accuracy: 0.6286
2025-05-01 01:52:02,441 - training.model_ResNet50_opt_AdamW_lr_0.01 - INFO - Resuming from epoch 20, best validation accuracy: 0.6286
2025-05-01 01:52:02,441 - training.model_ResNet50_opt_AdamW_lr_0.01 - INFO - Resuming from epoch 20, best validation accuracy: 0.6286
2025-05-01 01:52:02,442 - training.model_ResNet50_opt_AdamW_lr_0.01 - INFO - Training completed after 960.53 seconds
2025-05-01 01:52:02,442 - training.model_ResNet50_opt_AdamW_lr_0.01 - INFO - Training completed after 960.53 seconds
2025-05-01 01:52:02,442 - training.model_ResNet50_opt_AdamW_lr_0.01 - INFO - Training completed after 960.53 seconds
2025-05-01 01:52:10,027 - training.model_ResNet50_opt_AdamW_lr_0.01 - INFO - Initialized training manager for model_ResNet50_opt_AdamW_lr_0.01
2025-05-01 01:52:10,027 - training.model_ResNet50_opt_AdamW_lr_0.01 - INFO - Initialized training manager for model_ResNet50_opt_AdamW_lr_0.01
2025-05-01 01:52:10,027 - training.model_ResNet50_opt_AdamW_lr_0.01 - INFO - Initialized training manager for model_ResNet50_opt_AdamW_lr_0.01
2025-05-01 01:52:10,027 - training.model_ResNet50_opt_AdamW_lr_0.01 - INFO - Initialized training manager for model_ResNet50_opt_AdamW_lr_0.01
2025-05-01 01:52:10,027 - training.model_ResNet50_opt_AdamW_lr_0.01 - INFO - Config: {
  "id": 76,
  "model_name": "ResNet50",
  "optimizer": "AdamW",
  "learning_rate": 0.01,
  "scheduler": {
    "name": "ReduceLROnPlateau",
    "patience": 5,
    "factor": 0.5
  },
  "loss_fn": {
    "name": "CrossEntropy"
  }
}
2025-05-01 01:52:10,027 - training.model_ResNet50_opt_AdamW_lr_0.01 - INFO - Config: {
  "id": 76,
  "model_name": "ResNet50",
  "optimizer": "AdamW",
  "learning_rate": 0.01,
  "scheduler": {
    "name": "ReduceLROnPlateau",
    "patience": 5,
    "factor": 0.5
  },
  "loss_fn": {
    "name": "CrossEntropy"
  }
}
2025-05-01 01:52:10,027 - training.model_ResNet50_opt_AdamW_lr_0.01 - INFO - Config: {
  "id": 76,
  "model_name": "ResNet50",
  "optimizer": "AdamW",
  "learning_rate": 0.01,
  "scheduler": {
    "name": "ReduceLROnPlateau",
    "patience": 5,
    "factor": 0.5
  },
  "loss_fn": {
    "name": "CrossEntropy"
  }
}
2025-05-01 01:52:10,027 - training.model_ResNet50_opt_AdamW_lr_0.01 - INFO - Config: {
  "id": 76,
  "model_name": "ResNet50",
  "optimizer": "AdamW",
  "learning_rate": 0.01,
  "scheduler": {
    "name": "ReduceLROnPlateau",
    "patience": 5,
    "factor": 0.5
  },
  "loss_fn": {
    "name": "CrossEntropy"
  }
}
2025-05-01 01:52:10,027 - training.model_ResNet50_opt_AdamW_lr_0.01 - INFO - Loading checkpoint from model_results_v2/model_ResNet50_opt_AdamW_lr_0.01/checkpoint.pt
2025-05-01 01:52:10,027 - training.model_ResNet50_opt_AdamW_lr_0.01 - INFO - Loading checkpoint from model_results_v2/model_ResNet50_opt_AdamW_lr_0.01/checkpoint.pt
2025-05-01 01:52:10,027 - training.model_ResNet50_opt_AdamW_lr_0.01 - INFO - Loading checkpoint from model_results_v2/model_ResNet50_opt_AdamW_lr_0.01/checkpoint.pt
2025-05-01 01:52:10,027 - training.model_ResNet50_opt_AdamW_lr_0.01 - INFO - Loading checkpoint from model_results_v2/model_ResNet50_opt_AdamW_lr_0.01/checkpoint.pt
2025-05-01 01:52:10,110 - training.model_ResNet50_opt_AdamW_lr_0.01 - INFO - Resuming from epoch 20, best validation accuracy: 0.6286
2025-05-01 01:52:10,110 - training.model_ResNet50_opt_AdamW_lr_0.01 - INFO - Resuming from epoch 20, best validation accuracy: 0.6286
2025-05-01 01:52:10,110 - training.model_ResNet50_opt_AdamW_lr_0.01 - INFO - Resuming from epoch 20, best validation accuracy: 0.6286
2025-05-01 01:52:10,110 - training.model_ResNet50_opt_AdamW_lr_0.01 - INFO - Resuming from epoch 20, best validation accuracy: 0.6286
2025-05-01 01:52:10,110 - training.model_ResNet50_opt_AdamW_lr_0.01 - INFO - Training completed after 960.53 seconds
2025-05-01 01:52:10,110 - training.model_ResNet50_opt_AdamW_lr_0.01 - INFO - Training completed after 960.53 seconds
2025-05-01 01:52:10,110 - training.model_ResNet50_opt_AdamW_lr_0.01 - INFO - Training completed after 960.53 seconds
2025-05-01 01:52:10,110 - training.model_ResNet50_opt_AdamW_lr_0.01 - INFO - Training completed after 960.53 seconds
2025-05-01 01:52:18,019 - training.model_ResNet50_opt_AdamW_lr_0.01 - INFO - Initialized training manager for model_ResNet50_opt_AdamW_lr_0.01
2025-05-01 01:52:18,019 - training.model_ResNet50_opt_AdamW_lr_0.01 - INFO - Initialized training manager for model_ResNet50_opt_AdamW_lr_0.01
2025-05-01 01:52:18,019 - training.model_ResNet50_opt_AdamW_lr_0.01 - INFO - Initialized training manager for model_ResNet50_opt_AdamW_lr_0.01
2025-05-01 01:52:18,019 - training.model_ResNet50_opt_AdamW_lr_0.01 - INFO - Initialized training manager for model_ResNet50_opt_AdamW_lr_0.01
2025-05-01 01:52:18,019 - training.model_ResNet50_opt_AdamW_lr_0.01 - INFO - Initialized training manager for model_ResNet50_opt_AdamW_lr_0.01
2025-05-01 01:52:18,019 - training.model_ResNet50_opt_AdamW_lr_0.01 - INFO - Config: {
  "id": 77,
  "model_name": "ResNet50",
  "optimizer": "AdamW",
  "learning_rate": 0.01,
  "scheduler": {
    "name": "ReduceLROnPlateau",
    "patience": 5,
    "factor": 0.5
  },
  "loss_fn": {
    "name": "FocalLoss",
    "alpha": 0.25,
    "gamma": 2.0
  }
}
2025-05-01 01:52:18,019 - training.model_ResNet50_opt_AdamW_lr_0.01 - INFO - Config: {
  "id": 77,
  "model_name": "ResNet50",
  "optimizer": "AdamW",
  "learning_rate": 0.01,
  "scheduler": {
    "name": "ReduceLROnPlateau",
    "patience": 5,
    "factor": 0.5
  },
  "loss_fn": {
    "name": "FocalLoss",
    "alpha": 0.25,
    "gamma": 2.0
  }
}
2025-05-01 01:52:18,019 - training.model_ResNet50_opt_AdamW_lr_0.01 - INFO - Config: {
  "id": 77,
  "model_name": "ResNet50",
  "optimizer": "AdamW",
  "learning_rate": 0.01,
  "scheduler": {
    "name": "ReduceLROnPlateau",
    "patience": 5,
    "factor": 0.5
  },
  "loss_fn": {
    "name": "FocalLoss",
    "alpha": 0.25,
    "gamma": 2.0
  }
}
2025-05-01 01:52:18,019 - training.model_ResNet50_opt_AdamW_lr_0.01 - INFO - Config: {
  "id": 77,
  "model_name": "ResNet50",
  "optimizer": "AdamW",
  "learning_rate": 0.01,
  "scheduler": {
    "name": "ReduceLROnPlateau",
    "patience": 5,
    "factor": 0.5
  },
  "loss_fn": {
    "name": "FocalLoss",
    "alpha": 0.25,
    "gamma": 2.0
  }
}
2025-05-01 01:52:18,019 - training.model_ResNet50_opt_AdamW_lr_0.01 - INFO - Config: {
  "id": 77,
  "model_name": "ResNet50",
  "optimizer": "AdamW",
  "learning_rate": 0.01,
  "scheduler": {
    "name": "ReduceLROnPlateau",
    "patience": 5,
    "factor": 0.5
  },
  "loss_fn": {
    "name": "FocalLoss",
    "alpha": 0.25,
    "gamma": 2.0
  }
}
2025-05-01 01:52:18,020 - training.model_ResNet50_opt_AdamW_lr_0.01 - INFO - Loading checkpoint from model_results_v2/model_ResNet50_opt_AdamW_lr_0.01/checkpoint.pt
2025-05-01 01:52:18,020 - training.model_ResNet50_opt_AdamW_lr_0.01 - INFO - Loading checkpoint from model_results_v2/model_ResNet50_opt_AdamW_lr_0.01/checkpoint.pt
2025-05-01 01:52:18,020 - training.model_ResNet50_opt_AdamW_lr_0.01 - INFO - Loading checkpoint from model_results_v2/model_ResNet50_opt_AdamW_lr_0.01/checkpoint.pt
2025-05-01 01:52:18,020 - training.model_ResNet50_opt_AdamW_lr_0.01 - INFO - Loading checkpoint from model_results_v2/model_ResNet50_opt_AdamW_lr_0.01/checkpoint.pt
2025-05-01 01:52:18,020 - training.model_ResNet50_opt_AdamW_lr_0.01 - INFO - Loading checkpoint from model_results_v2/model_ResNet50_opt_AdamW_lr_0.01/checkpoint.pt
2025-05-01 01:52:18,101 - training.model_ResNet50_opt_AdamW_lr_0.01 - INFO - Resuming from epoch 20, best validation accuracy: 0.6286
2025-05-01 01:52:18,101 - training.model_ResNet50_opt_AdamW_lr_0.01 - INFO - Resuming from epoch 20, best validation accuracy: 0.6286
2025-05-01 01:52:18,101 - training.model_ResNet50_opt_AdamW_lr_0.01 - INFO - Resuming from epoch 20, best validation accuracy: 0.6286
2025-05-01 01:52:18,101 - training.model_ResNet50_opt_AdamW_lr_0.01 - INFO - Resuming from epoch 20, best validation accuracy: 0.6286
2025-05-01 01:52:18,101 - training.model_ResNet50_opt_AdamW_lr_0.01 - INFO - Resuming from epoch 20, best validation accuracy: 0.6286
2025-05-01 01:52:18,102 - training.model_ResNet50_opt_AdamW_lr_0.01 - INFO - Training completed after 960.53 seconds
2025-05-01 01:52:18,102 - training.model_ResNet50_opt_AdamW_lr_0.01 - INFO - Training completed after 960.53 seconds
2025-05-01 01:52:18,102 - training.model_ResNet50_opt_AdamW_lr_0.01 - INFO - Training completed after 960.53 seconds
2025-05-01 01:52:18,102 - training.model_ResNet50_opt_AdamW_lr_0.01 - INFO - Training completed after 960.53 seconds
2025-05-01 01:52:18,102 - training.model_ResNet50_opt_AdamW_lr_0.01 - INFO - Training completed after 960.53 seconds
2025-05-01 01:52:25,920 - training.model_ResNet50_opt_AdamW_lr_0.01 - INFO - Initialized training manager for model_ResNet50_opt_AdamW_lr_0.01
2025-05-01 01:52:25,920 - training.model_ResNet50_opt_AdamW_lr_0.01 - INFO - Initialized training manager for model_ResNet50_opt_AdamW_lr_0.01
2025-05-01 01:52:25,920 - training.model_ResNet50_opt_AdamW_lr_0.01 - INFO - Initialized training manager for model_ResNet50_opt_AdamW_lr_0.01
2025-05-01 01:52:25,920 - training.model_ResNet50_opt_AdamW_lr_0.01 - INFO - Initialized training manager for model_ResNet50_opt_AdamW_lr_0.01
2025-05-01 01:52:25,920 - training.model_ResNet50_opt_AdamW_lr_0.01 - INFO - Initialized training manager for model_ResNet50_opt_AdamW_lr_0.01
2025-05-01 01:52:25,920 - training.model_ResNet50_opt_AdamW_lr_0.01 - INFO - Initialized training manager for model_ResNet50_opt_AdamW_lr_0.01
2025-05-01 01:52:25,920 - training.model_ResNet50_opt_AdamW_lr_0.01 - INFO - Config: {
  "id": 78,
  "model_name": "ResNet50",
  "optimizer": "AdamW",
  "learning_rate": 0.01,
  "scheduler": {
    "name": "ReduceLROnPlateau",
    "patience": 5,
    "factor": 0.5
  },
  "loss_fn": {
    "name": "LabelSmoothing",
    "smoothing": 0.1
  }
}
2025-05-01 01:52:25,920 - training.model_ResNet50_opt_AdamW_lr_0.01 - INFO - Config: {
  "id": 78,
  "model_name": "ResNet50",
  "optimizer": "AdamW",
  "learning_rate": 0.01,
  "scheduler": {
    "name": "ReduceLROnPlateau",
    "patience": 5,
    "factor": 0.5
  },
  "loss_fn": {
    "name": "LabelSmoothing",
    "smoothing": 0.1
  }
}
2025-05-01 01:52:25,920 - training.model_ResNet50_opt_AdamW_lr_0.01 - INFO - Config: {
  "id": 78,
  "model_name": "ResNet50",
  "optimizer": "AdamW",
  "learning_rate": 0.01,
  "scheduler": {
    "name": "ReduceLROnPlateau",
    "patience": 5,
    "factor": 0.5
  },
  "loss_fn": {
    "name": "LabelSmoothing",
    "smoothing": 0.1
  }
}
2025-05-01 01:52:25,920 - training.model_ResNet50_opt_AdamW_lr_0.01 - INFO - Config: {
  "id": 78,
  "model_name": "ResNet50",
  "optimizer": "AdamW",
  "learning_rate": 0.01,
  "scheduler": {
    "name": "ReduceLROnPlateau",
    "patience": 5,
    "factor": 0.5
  },
  "loss_fn": {
    "name": "LabelSmoothing",
    "smoothing": 0.1
  }
}
2025-05-01 01:52:25,920 - training.model_ResNet50_opt_AdamW_lr_0.01 - INFO - Config: {
  "id": 78,
  "model_name": "ResNet50",
  "optimizer": "AdamW",
  "learning_rate": 0.01,
  "scheduler": {
    "name": "ReduceLROnPlateau",
    "patience": 5,
    "factor": 0.5
  },
  "loss_fn": {
    "name": "LabelSmoothing",
    "smoothing": 0.1
  }
}
2025-05-01 01:52:25,920 - training.model_ResNet50_opt_AdamW_lr_0.01 - INFO - Config: {
  "id": 78,
  "model_name": "ResNet50",
  "optimizer": "AdamW",
  "learning_rate": 0.01,
  "scheduler": {
    "name": "ReduceLROnPlateau",
    "patience": 5,
    "factor": 0.5
  },
  "loss_fn": {
    "name": "LabelSmoothing",
    "smoothing": 0.1
  }
}
2025-05-01 01:52:25,920 - training.model_ResNet50_opt_AdamW_lr_0.01 - INFO - Loading checkpoint from model_results_v2/model_ResNet50_opt_AdamW_lr_0.01/checkpoint.pt
2025-05-01 01:52:25,920 - training.model_ResNet50_opt_AdamW_lr_0.01 - INFO - Loading checkpoint from model_results_v2/model_ResNet50_opt_AdamW_lr_0.01/checkpoint.pt
2025-05-01 01:52:25,920 - training.model_ResNet50_opt_AdamW_lr_0.01 - INFO - Loading checkpoint from model_results_v2/model_ResNet50_opt_AdamW_lr_0.01/checkpoint.pt
2025-05-01 01:52:25,920 - training.model_ResNet50_opt_AdamW_lr_0.01 - INFO - Loading checkpoint from model_results_v2/model_ResNet50_opt_AdamW_lr_0.01/checkpoint.pt
2025-05-01 01:52:25,920 - training.model_ResNet50_opt_AdamW_lr_0.01 - INFO - Loading checkpoint from model_results_v2/model_ResNet50_opt_AdamW_lr_0.01/checkpoint.pt
2025-05-01 01:52:25,920 - training.model_ResNet50_opt_AdamW_lr_0.01 - INFO - Loading checkpoint from model_results_v2/model_ResNet50_opt_AdamW_lr_0.01/checkpoint.pt
2025-05-01 01:52:26,003 - training.model_ResNet50_opt_AdamW_lr_0.01 - INFO - Resuming from epoch 20, best validation accuracy: 0.6286
2025-05-01 01:52:26,003 - training.model_ResNet50_opt_AdamW_lr_0.01 - INFO - Resuming from epoch 20, best validation accuracy: 0.6286
2025-05-01 01:52:26,003 - training.model_ResNet50_opt_AdamW_lr_0.01 - INFO - Resuming from epoch 20, best validation accuracy: 0.6286
2025-05-01 01:52:26,003 - training.model_ResNet50_opt_AdamW_lr_0.01 - INFO - Resuming from epoch 20, best validation accuracy: 0.6286
2025-05-01 01:52:26,003 - training.model_ResNet50_opt_AdamW_lr_0.01 - INFO - Resuming from epoch 20, best validation accuracy: 0.6286
2025-05-01 01:52:26,003 - training.model_ResNet50_opt_AdamW_lr_0.01 - INFO - Resuming from epoch 20, best validation accuracy: 0.6286
2025-05-01 01:52:26,003 - training.model_ResNet50_opt_AdamW_lr_0.01 - INFO - Training completed after 960.53 seconds
2025-05-01 01:52:26,003 - training.model_ResNet50_opt_AdamW_lr_0.01 - INFO - Training completed after 960.53 seconds
2025-05-01 01:52:26,003 - training.model_ResNet50_opt_AdamW_lr_0.01 - INFO - Training completed after 960.53 seconds
2025-05-01 01:52:26,003 - training.model_ResNet50_opt_AdamW_lr_0.01 - INFO - Training completed after 960.53 seconds
2025-05-01 01:52:26,003 - training.model_ResNet50_opt_AdamW_lr_0.01 - INFO - Training completed after 960.53 seconds
2025-05-01 01:52:26,003 - training.model_ResNet50_opt_AdamW_lr_0.01 - INFO - Training completed after 960.53 seconds
2025-05-01 01:52:34,023 - training.model_ResNet50_opt_AdamW_lr_0.01 - INFO - Initialized training manager for model_ResNet50_opt_AdamW_lr_0.01
2025-05-01 01:52:34,023 - training.model_ResNet50_opt_AdamW_lr_0.01 - INFO - Initialized training manager for model_ResNet50_opt_AdamW_lr_0.01
2025-05-01 01:52:34,023 - training.model_ResNet50_opt_AdamW_lr_0.01 - INFO - Initialized training manager for model_ResNet50_opt_AdamW_lr_0.01
2025-05-01 01:52:34,023 - training.model_ResNet50_opt_AdamW_lr_0.01 - INFO - Initialized training manager for model_ResNet50_opt_AdamW_lr_0.01
2025-05-01 01:52:34,023 - training.model_ResNet50_opt_AdamW_lr_0.01 - INFO - Initialized training manager for model_ResNet50_opt_AdamW_lr_0.01
2025-05-01 01:52:34,023 - training.model_ResNet50_opt_AdamW_lr_0.01 - INFO - Initialized training manager for model_ResNet50_opt_AdamW_lr_0.01
2025-05-01 01:52:34,023 - training.model_ResNet50_opt_AdamW_lr_0.01 - INFO - Initialized training manager for model_ResNet50_opt_AdamW_lr_0.01
2025-05-01 01:52:34,024 - training.model_ResNet50_opt_AdamW_lr_0.01 - INFO - Config: {
  "id": 79,
  "model_name": "ResNet50",
  "optimizer": "AdamW",
  "learning_rate": 0.01,
  "scheduler": {
    "name": "CosineAnnealingLR",
    "T_max": 10
  },
  "loss_fn": {
    "name": "CrossEntropy"
  }
}
2025-05-01 01:52:34,024 - training.model_ResNet50_opt_AdamW_lr_0.01 - INFO - Config: {
  "id": 79,
  "model_name": "ResNet50",
  "optimizer": "AdamW",
  "learning_rate": 0.01,
  "scheduler": {
    "name": "CosineAnnealingLR",
    "T_max": 10
  },
  "loss_fn": {
    "name": "CrossEntropy"
  }
}
2025-05-01 01:52:34,024 - training.model_ResNet50_opt_AdamW_lr_0.01 - INFO - Config: {
  "id": 79,
  "model_name": "ResNet50",
  "optimizer": "AdamW",
  "learning_rate": 0.01,
  "scheduler": {
    "name": "CosineAnnealingLR",
    "T_max": 10
  },
  "loss_fn": {
    "name": "CrossEntropy"
  }
}
2025-05-01 01:52:34,024 - training.model_ResNet50_opt_AdamW_lr_0.01 - INFO - Config: {
  "id": 79,
  "model_name": "ResNet50",
  "optimizer": "AdamW",
  "learning_rate": 0.01,
  "scheduler": {
    "name": "CosineAnnealingLR",
    "T_max": 10
  },
  "loss_fn": {
    "name": "CrossEntropy"
  }
}
2025-05-01 01:52:34,024 - training.model_ResNet50_opt_AdamW_lr_0.01 - INFO - Config: {
  "id": 79,
  "model_name": "ResNet50",
  "optimizer": "AdamW",
  "learning_rate": 0.01,
  "scheduler": {
    "name": "CosineAnnealingLR",
    "T_max": 10
  },
  "loss_fn": {
    "name": "CrossEntropy"
  }
}
2025-05-01 01:52:34,024 - training.model_ResNet50_opt_AdamW_lr_0.01 - INFO - Config: {
  "id": 79,
  "model_name": "ResNet50",
  "optimizer": "AdamW",
  "learning_rate": 0.01,
  "scheduler": {
    "name": "CosineAnnealingLR",
    "T_max": 10
  },
  "loss_fn": {
    "name": "CrossEntropy"
  }
}
2025-05-01 01:52:34,024 - training.model_ResNet50_opt_AdamW_lr_0.01 - INFO - Config: {
  "id": 79,
  "model_name": "ResNet50",
  "optimizer": "AdamW",
  "learning_rate": 0.01,
  "scheduler": {
    "name": "CosineAnnealingLR",
    "T_max": 10
  },
  "loss_fn": {
    "name": "CrossEntropy"
  }
}
2025-05-01 01:52:34,024 - training.model_ResNet50_opt_AdamW_lr_0.01 - INFO - Loading checkpoint from model_results_v2/model_ResNet50_opt_AdamW_lr_0.01/checkpoint.pt
2025-05-01 01:52:34,024 - training.model_ResNet50_opt_AdamW_lr_0.01 - INFO - Loading checkpoint from model_results_v2/model_ResNet50_opt_AdamW_lr_0.01/checkpoint.pt
2025-05-01 01:52:34,024 - training.model_ResNet50_opt_AdamW_lr_0.01 - INFO - Loading checkpoint from model_results_v2/model_ResNet50_opt_AdamW_lr_0.01/checkpoint.pt
2025-05-01 01:52:34,024 - training.model_ResNet50_opt_AdamW_lr_0.01 - INFO - Loading checkpoint from model_results_v2/model_ResNet50_opt_AdamW_lr_0.01/checkpoint.pt
2025-05-01 01:52:34,024 - training.model_ResNet50_opt_AdamW_lr_0.01 - INFO - Loading checkpoint from model_results_v2/model_ResNet50_opt_AdamW_lr_0.01/checkpoint.pt
2025-05-01 01:52:34,024 - training.model_ResNet50_opt_AdamW_lr_0.01 - INFO - Loading checkpoint from model_results_v2/model_ResNet50_opt_AdamW_lr_0.01/checkpoint.pt
2025-05-01 01:52:34,024 - training.model_ResNet50_opt_AdamW_lr_0.01 - INFO - Loading checkpoint from model_results_v2/model_ResNet50_opt_AdamW_lr_0.01/checkpoint.pt
2025-05-01 01:52:34,102 - training.model_ResNet50_opt_AdamW_lr_0.01 - INFO - Resuming from epoch 20, best validation accuracy: 0.6286
2025-05-01 01:52:34,102 - training.model_ResNet50_opt_AdamW_lr_0.01 - INFO - Resuming from epoch 20, best validation accuracy: 0.6286
2025-05-01 01:52:34,102 - training.model_ResNet50_opt_AdamW_lr_0.01 - INFO - Resuming from epoch 20, best validation accuracy: 0.6286
2025-05-01 01:52:34,102 - training.model_ResNet50_opt_AdamW_lr_0.01 - INFO - Resuming from epoch 20, best validation accuracy: 0.6286
2025-05-01 01:52:34,102 - training.model_ResNet50_opt_AdamW_lr_0.01 - INFO - Resuming from epoch 20, best validation accuracy: 0.6286
2025-05-01 01:52:34,102 - training.model_ResNet50_opt_AdamW_lr_0.01 - INFO - Resuming from epoch 20, best validation accuracy: 0.6286
2025-05-01 01:52:34,102 - training.model_ResNet50_opt_AdamW_lr_0.01 - INFO - Resuming from epoch 20, best validation accuracy: 0.6286
2025-05-01 01:52:34,103 - training.model_ResNet50_opt_AdamW_lr_0.01 - INFO - Training completed after 960.53 seconds
2025-05-01 01:52:34,103 - training.model_ResNet50_opt_AdamW_lr_0.01 - INFO - Training completed after 960.53 seconds
2025-05-01 01:52:34,103 - training.model_ResNet50_opt_AdamW_lr_0.01 - INFO - Training completed after 960.53 seconds
2025-05-01 01:52:34,103 - training.model_ResNet50_opt_AdamW_lr_0.01 - INFO - Training completed after 960.53 seconds
2025-05-01 01:52:34,103 - training.model_ResNet50_opt_AdamW_lr_0.01 - INFO - Training completed after 960.53 seconds
2025-05-01 01:52:34,103 - training.model_ResNet50_opt_AdamW_lr_0.01 - INFO - Training completed after 960.53 seconds
2025-05-01 01:52:34,103 - training.model_ResNet50_opt_AdamW_lr_0.01 - INFO - Training completed after 960.53 seconds
2025-05-01 01:52:41,851 - training.model_ResNet50_opt_AdamW_lr_0.01 - INFO - Initialized training manager for model_ResNet50_opt_AdamW_lr_0.01
2025-05-01 01:52:41,851 - training.model_ResNet50_opt_AdamW_lr_0.01 - INFO - Initialized training manager for model_ResNet50_opt_AdamW_lr_0.01
2025-05-01 01:52:41,851 - training.model_ResNet50_opt_AdamW_lr_0.01 - INFO - Initialized training manager for model_ResNet50_opt_AdamW_lr_0.01
2025-05-01 01:52:41,851 - training.model_ResNet50_opt_AdamW_lr_0.01 - INFO - Initialized training manager for model_ResNet50_opt_AdamW_lr_0.01
2025-05-01 01:52:41,851 - training.model_ResNet50_opt_AdamW_lr_0.01 - INFO - Initialized training manager for model_ResNet50_opt_AdamW_lr_0.01
2025-05-01 01:52:41,851 - training.model_ResNet50_opt_AdamW_lr_0.01 - INFO - Initialized training manager for model_ResNet50_opt_AdamW_lr_0.01
2025-05-01 01:52:41,851 - training.model_ResNet50_opt_AdamW_lr_0.01 - INFO - Initialized training manager for model_ResNet50_opt_AdamW_lr_0.01
2025-05-01 01:52:41,851 - training.model_ResNet50_opt_AdamW_lr_0.01 - INFO - Initialized training manager for model_ResNet50_opt_AdamW_lr_0.01
2025-05-01 01:52:41,851 - training.model_ResNet50_opt_AdamW_lr_0.01 - INFO - Config: {
  "id": 80,
  "model_name": "ResNet50",
  "optimizer": "AdamW",
  "learning_rate": 0.01,
  "scheduler": {
    "name": "CosineAnnealingLR",
    "T_max": 10
  },
  "loss_fn": {
    "name": "FocalLoss",
    "alpha": 0.25,
    "gamma": 2.0
  }
}
2025-05-01 01:52:41,851 - training.model_ResNet50_opt_AdamW_lr_0.01 - INFO - Config: {
  "id": 80,
  "model_name": "ResNet50",
  "optimizer": "AdamW",
  "learning_rate": 0.01,
  "scheduler": {
    "name": "CosineAnnealingLR",
    "T_max": 10
  },
  "loss_fn": {
    "name": "FocalLoss",
    "alpha": 0.25,
    "gamma": 2.0
  }
}
2025-05-01 01:52:41,851 - training.model_ResNet50_opt_AdamW_lr_0.01 - INFO - Config: {
  "id": 80,
  "model_name": "ResNet50",
  "optimizer": "AdamW",
  "learning_rate": 0.01,
  "scheduler": {
    "name": "CosineAnnealingLR",
    "T_max": 10
  },
  "loss_fn": {
    "name": "FocalLoss",
    "alpha": 0.25,
    "gamma": 2.0
  }
}
2025-05-01 01:52:41,851 - training.model_ResNet50_opt_AdamW_lr_0.01 - INFO - Config: {
  "id": 80,
  "model_name": "ResNet50",
  "optimizer": "AdamW",
  "learning_rate": 0.01,
  "scheduler": {
    "name": "CosineAnnealingLR",
    "T_max": 10
  },
  "loss_fn": {
    "name": "FocalLoss",
    "alpha": 0.25,
    "gamma": 2.0
  }
}
2025-05-01 01:52:41,851 - training.model_ResNet50_opt_AdamW_lr_0.01 - INFO - Config: {
  "id": 80,
  "model_name": "ResNet50",
  "optimizer": "AdamW",
  "learning_rate": 0.01,
  "scheduler": {
    "name": "CosineAnnealingLR",
    "T_max": 10
  },
  "loss_fn": {
    "name": "FocalLoss",
    "alpha": 0.25,
    "gamma": 2.0
  }
}
2025-05-01 01:52:41,851 - training.model_ResNet50_opt_AdamW_lr_0.01 - INFO - Config: {
  "id": 80,
  "model_name": "ResNet50",
  "optimizer": "AdamW",
  "learning_rate": 0.01,
  "scheduler": {
    "name": "CosineAnnealingLR",
    "T_max": 10
  },
  "loss_fn": {
    "name": "FocalLoss",
    "alpha": 0.25,
    "gamma": 2.0
  }
}
2025-05-01 01:52:41,851 - training.model_ResNet50_opt_AdamW_lr_0.01 - INFO - Config: {
  "id": 80,
  "model_name": "ResNet50",
  "optimizer": "AdamW",
  "learning_rate": 0.01,
  "scheduler": {
    "name": "CosineAnnealingLR",
    "T_max": 10
  },
  "loss_fn": {
    "name": "FocalLoss",
    "alpha": 0.25,
    "gamma": 2.0
  }
}
2025-05-01 01:52:41,851 - training.model_ResNet50_opt_AdamW_lr_0.01 - INFO - Config: {
  "id": 80,
  "model_name": "ResNet50",
  "optimizer": "AdamW",
  "learning_rate": 0.01,
  "scheduler": {
    "name": "CosineAnnealingLR",
    "T_max": 10
  },
  "loss_fn": {
    "name": "FocalLoss",
    "alpha": 0.25,
    "gamma": 2.0
  }
}
2025-05-01 01:52:41,851 - training.model_ResNet50_opt_AdamW_lr_0.01 - INFO - Loading checkpoint from model_results_v2/model_ResNet50_opt_AdamW_lr_0.01/checkpoint.pt
2025-05-01 01:52:41,851 - training.model_ResNet50_opt_AdamW_lr_0.01 - INFO - Loading checkpoint from model_results_v2/model_ResNet50_opt_AdamW_lr_0.01/checkpoint.pt
2025-05-01 01:52:41,851 - training.model_ResNet50_opt_AdamW_lr_0.01 - INFO - Loading checkpoint from model_results_v2/model_ResNet50_opt_AdamW_lr_0.01/checkpoint.pt
2025-05-01 01:52:41,851 - training.model_ResNet50_opt_AdamW_lr_0.01 - INFO - Loading checkpoint from model_results_v2/model_ResNet50_opt_AdamW_lr_0.01/checkpoint.pt
2025-05-01 01:52:41,851 - training.model_ResNet50_opt_AdamW_lr_0.01 - INFO - Loading checkpoint from model_results_v2/model_ResNet50_opt_AdamW_lr_0.01/checkpoint.pt
2025-05-01 01:52:41,851 - training.model_ResNet50_opt_AdamW_lr_0.01 - INFO - Loading checkpoint from model_results_v2/model_ResNet50_opt_AdamW_lr_0.01/checkpoint.pt
2025-05-01 01:52:41,851 - training.model_ResNet50_opt_AdamW_lr_0.01 - INFO - Loading checkpoint from model_results_v2/model_ResNet50_opt_AdamW_lr_0.01/checkpoint.pt
2025-05-01 01:52:41,851 - training.model_ResNet50_opt_AdamW_lr_0.01 - INFO - Loading checkpoint from model_results_v2/model_ResNet50_opt_AdamW_lr_0.01/checkpoint.pt
2025-05-01 01:52:41,930 - training.model_ResNet50_opt_AdamW_lr_0.01 - INFO - Resuming from epoch 20, best validation accuracy: 0.6286
2025-05-01 01:52:41,930 - training.model_ResNet50_opt_AdamW_lr_0.01 - INFO - Resuming from epoch 20, best validation accuracy: 0.6286
2025-05-01 01:52:41,930 - training.model_ResNet50_opt_AdamW_lr_0.01 - INFO - Resuming from epoch 20, best validation accuracy: 0.6286
2025-05-01 01:52:41,930 - training.model_ResNet50_opt_AdamW_lr_0.01 - INFO - Resuming from epoch 20, best validation accuracy: 0.6286
2025-05-01 01:52:41,930 - training.model_ResNet50_opt_AdamW_lr_0.01 - INFO - Resuming from epoch 20, best validation accuracy: 0.6286
2025-05-01 01:52:41,930 - training.model_ResNet50_opt_AdamW_lr_0.01 - INFO - Resuming from epoch 20, best validation accuracy: 0.6286
2025-05-01 01:52:41,930 - training.model_ResNet50_opt_AdamW_lr_0.01 - INFO - Resuming from epoch 20, best validation accuracy: 0.6286
2025-05-01 01:52:41,930 - training.model_ResNet50_opt_AdamW_lr_0.01 - INFO - Resuming from epoch 20, best validation accuracy: 0.6286
2025-05-01 01:52:41,930 - training.model_ResNet50_opt_AdamW_lr_0.01 - INFO - Training completed after 960.53 seconds
2025-05-01 01:52:41,930 - training.model_ResNet50_opt_AdamW_lr_0.01 - INFO - Training completed after 960.53 seconds
2025-05-01 01:52:41,930 - training.model_ResNet50_opt_AdamW_lr_0.01 - INFO - Training completed after 960.53 seconds
2025-05-01 01:52:41,930 - training.model_ResNet50_opt_AdamW_lr_0.01 - INFO - Training completed after 960.53 seconds
2025-05-01 01:52:41,930 - training.model_ResNet50_opt_AdamW_lr_0.01 - INFO - Training completed after 960.53 seconds
2025-05-01 01:52:41,930 - training.model_ResNet50_opt_AdamW_lr_0.01 - INFO - Training completed after 960.53 seconds
2025-05-01 01:52:41,930 - training.model_ResNet50_opt_AdamW_lr_0.01 - INFO - Training completed after 960.53 seconds
2025-05-01 01:52:41,930 - training.model_ResNet50_opt_AdamW_lr_0.01 - INFO - Training completed after 960.53 seconds
2025-05-01 01:52:49,586 - training.model_ResNet50_opt_AdamW_lr_0.01 - INFO - Initialized training manager for model_ResNet50_opt_AdamW_lr_0.01
2025-05-01 01:52:49,586 - training.model_ResNet50_opt_AdamW_lr_0.01 - INFO - Initialized training manager for model_ResNet50_opt_AdamW_lr_0.01
2025-05-01 01:52:49,586 - training.model_ResNet50_opt_AdamW_lr_0.01 - INFO - Initialized training manager for model_ResNet50_opt_AdamW_lr_0.01
2025-05-01 01:52:49,586 - training.model_ResNet50_opt_AdamW_lr_0.01 - INFO - Initialized training manager for model_ResNet50_opt_AdamW_lr_0.01
2025-05-01 01:52:49,586 - training.model_ResNet50_opt_AdamW_lr_0.01 - INFO - Initialized training manager for model_ResNet50_opt_AdamW_lr_0.01
2025-05-01 01:52:49,586 - training.model_ResNet50_opt_AdamW_lr_0.01 - INFO - Initialized training manager for model_ResNet50_opt_AdamW_lr_0.01
2025-05-01 01:52:49,586 - training.model_ResNet50_opt_AdamW_lr_0.01 - INFO - Initialized training manager for model_ResNet50_opt_AdamW_lr_0.01
2025-05-01 01:52:49,586 - training.model_ResNet50_opt_AdamW_lr_0.01 - INFO - Initialized training manager for model_ResNet50_opt_AdamW_lr_0.01
2025-05-01 01:52:49,586 - training.model_ResNet50_opt_AdamW_lr_0.01 - INFO - Initialized training manager for model_ResNet50_opt_AdamW_lr_0.01
2025-05-01 01:52:49,586 - training.model_ResNet50_opt_AdamW_lr_0.01 - INFO - Config: {
  "id": 81,
  "model_name": "ResNet50",
  "optimizer": "AdamW",
  "learning_rate": 0.01,
  "scheduler": {
    "name": "CosineAnnealingLR",
    "T_max": 10
  },
  "loss_fn": {
    "name": "LabelSmoothing",
    "smoothing": 0.1
  }
}
2025-05-01 01:52:49,586 - training.model_ResNet50_opt_AdamW_lr_0.01 - INFO - Config: {
  "id": 81,
  "model_name": "ResNet50",
  "optimizer": "AdamW",
  "learning_rate": 0.01,
  "scheduler": {
    "name": "CosineAnnealingLR",
    "T_max": 10
  },
  "loss_fn": {
    "name": "LabelSmoothing",
    "smoothing": 0.1
  }
}
2025-05-01 01:52:49,586 - training.model_ResNet50_opt_AdamW_lr_0.01 - INFO - Config: {
  "id": 81,
  "model_name": "ResNet50",
  "optimizer": "AdamW",
  "learning_rate": 0.01,
  "scheduler": {
    "name": "CosineAnnealingLR",
    "T_max": 10
  },
  "loss_fn": {
    "name": "LabelSmoothing",
    "smoothing": 0.1
  }
}
2025-05-01 01:52:49,586 - training.model_ResNet50_opt_AdamW_lr_0.01 - INFO - Config: {
  "id": 81,
  "model_name": "ResNet50",
  "optimizer": "AdamW",
  "learning_rate": 0.01,
  "scheduler": {
    "name": "CosineAnnealingLR",
    "T_max": 10
  },
  "loss_fn": {
    "name": "LabelSmoothing",
    "smoothing": 0.1
  }
}
2025-05-01 01:52:49,586 - training.model_ResNet50_opt_AdamW_lr_0.01 - INFO - Config: {
  "id": 81,
  "model_name": "ResNet50",
  "optimizer": "AdamW",
  "learning_rate": 0.01,
  "scheduler": {
    "name": "CosineAnnealingLR",
    "T_max": 10
  },
  "loss_fn": {
    "name": "LabelSmoothing",
    "smoothing": 0.1
  }
}
2025-05-01 01:52:49,586 - training.model_ResNet50_opt_AdamW_lr_0.01 - INFO - Config: {
  "id": 81,
  "model_name": "ResNet50",
  "optimizer": "AdamW",
  "learning_rate": 0.01,
  "scheduler": {
    "name": "CosineAnnealingLR",
    "T_max": 10
  },
  "loss_fn": {
    "name": "LabelSmoothing",
    "smoothing": 0.1
  }
}
2025-05-01 01:52:49,586 - training.model_ResNet50_opt_AdamW_lr_0.01 - INFO - Config: {
  "id": 81,
  "model_name": "ResNet50",
  "optimizer": "AdamW",
  "learning_rate": 0.01,
  "scheduler": {
    "name": "CosineAnnealingLR",
    "T_max": 10
  },
  "loss_fn": {
    "name": "LabelSmoothing",
    "smoothing": 0.1
  }
}
2025-05-01 01:52:49,586 - training.model_ResNet50_opt_AdamW_lr_0.01 - INFO - Config: {
  "id": 81,
  "model_name": "ResNet50",
  "optimizer": "AdamW",
  "learning_rate": 0.01,
  "scheduler": {
    "name": "CosineAnnealingLR",
    "T_max": 10
  },
  "loss_fn": {
    "name": "LabelSmoothing",
    "smoothing": 0.1
  }
}
2025-05-01 01:52:49,586 - training.model_ResNet50_opt_AdamW_lr_0.01 - INFO - Config: {
  "id": 81,
  "model_name": "ResNet50",
  "optimizer": "AdamW",
  "learning_rate": 0.01,
  "scheduler": {
    "name": "CosineAnnealingLR",
    "T_max": 10
  },
  "loss_fn": {
    "name": "LabelSmoothing",
    "smoothing": 0.1
  }
}
2025-05-01 01:52:49,586 - training.model_ResNet50_opt_AdamW_lr_0.01 - INFO - Loading checkpoint from model_results_v2/model_ResNet50_opt_AdamW_lr_0.01/checkpoint.pt
2025-05-01 01:52:49,586 - training.model_ResNet50_opt_AdamW_lr_0.01 - INFO - Loading checkpoint from model_results_v2/model_ResNet50_opt_AdamW_lr_0.01/checkpoint.pt
2025-05-01 01:52:49,586 - training.model_ResNet50_opt_AdamW_lr_0.01 - INFO - Loading checkpoint from model_results_v2/model_ResNet50_opt_AdamW_lr_0.01/checkpoint.pt
2025-05-01 01:52:49,586 - training.model_ResNet50_opt_AdamW_lr_0.01 - INFO - Loading checkpoint from model_results_v2/model_ResNet50_opt_AdamW_lr_0.01/checkpoint.pt
2025-05-01 01:52:49,586 - training.model_ResNet50_opt_AdamW_lr_0.01 - INFO - Loading checkpoint from model_results_v2/model_ResNet50_opt_AdamW_lr_0.01/checkpoint.pt
2025-05-01 01:52:49,586 - training.model_ResNet50_opt_AdamW_lr_0.01 - INFO - Loading checkpoint from model_results_v2/model_ResNet50_opt_AdamW_lr_0.01/checkpoint.pt
2025-05-01 01:52:49,586 - training.model_ResNet50_opt_AdamW_lr_0.01 - INFO - Loading checkpoint from model_results_v2/model_ResNet50_opt_AdamW_lr_0.01/checkpoint.pt
2025-05-01 01:52:49,586 - training.model_ResNet50_opt_AdamW_lr_0.01 - INFO - Loading checkpoint from model_results_v2/model_ResNet50_opt_AdamW_lr_0.01/checkpoint.pt
2025-05-01 01:52:49,586 - training.model_ResNet50_opt_AdamW_lr_0.01 - INFO - Loading checkpoint from model_results_v2/model_ResNet50_opt_AdamW_lr_0.01/checkpoint.pt
2025-05-01 01:52:49,664 - training.model_ResNet50_opt_AdamW_lr_0.01 - INFO - Resuming from epoch 20, best validation accuracy: 0.6286
2025-05-01 01:52:49,664 - training.model_ResNet50_opt_AdamW_lr_0.01 - INFO - Resuming from epoch 20, best validation accuracy: 0.6286
2025-05-01 01:52:49,664 - training.model_ResNet50_opt_AdamW_lr_0.01 - INFO - Resuming from epoch 20, best validation accuracy: 0.6286
2025-05-01 01:52:49,664 - training.model_ResNet50_opt_AdamW_lr_0.01 - INFO - Resuming from epoch 20, best validation accuracy: 0.6286
2025-05-01 01:52:49,664 - training.model_ResNet50_opt_AdamW_lr_0.01 - INFO - Resuming from epoch 20, best validation accuracy: 0.6286
2025-05-01 01:52:49,664 - training.model_ResNet50_opt_AdamW_lr_0.01 - INFO - Resuming from epoch 20, best validation accuracy: 0.6286
2025-05-01 01:52:49,664 - training.model_ResNet50_opt_AdamW_lr_0.01 - INFO - Resuming from epoch 20, best validation accuracy: 0.6286
2025-05-01 01:52:49,664 - training.model_ResNet50_opt_AdamW_lr_0.01 - INFO - Resuming from epoch 20, best validation accuracy: 0.6286
2025-05-01 01:52:49,664 - training.model_ResNet50_opt_AdamW_lr_0.01 - INFO - Resuming from epoch 20, best validation accuracy: 0.6286
2025-05-01 01:52:49,665 - training.model_ResNet50_opt_AdamW_lr_0.01 - INFO - Training completed after 960.53 seconds
2025-05-01 01:52:49,665 - training.model_ResNet50_opt_AdamW_lr_0.01 - INFO - Training completed after 960.53 seconds
2025-05-01 01:52:49,665 - training.model_ResNet50_opt_AdamW_lr_0.01 - INFO - Training completed after 960.53 seconds
2025-05-01 01:52:49,665 - training.model_ResNet50_opt_AdamW_lr_0.01 - INFO - Training completed after 960.53 seconds
2025-05-01 01:52:49,665 - training.model_ResNet50_opt_AdamW_lr_0.01 - INFO - Training completed after 960.53 seconds
2025-05-01 01:52:49,665 - training.model_ResNet50_opt_AdamW_lr_0.01 - INFO - Training completed after 960.53 seconds
2025-05-01 01:52:49,665 - training.model_ResNet50_opt_AdamW_lr_0.01 - INFO - Training completed after 960.53 seconds
2025-05-01 01:52:49,665 - training.model_ResNet50_opt_AdamW_lr_0.01 - INFO - Training completed after 960.53 seconds
2025-05-01 01:52:49,665 - training.model_ResNet50_opt_AdamW_lr_0.01 - INFO - Training completed after 960.53 seconds
2025-05-01 01:52:57,426 - training.model_ResNet50_opt_AdamW_lr_0.01 - INFO - Initialized training manager for model_ResNet50_opt_AdamW_lr_0.01
2025-05-01 01:52:57,426 - training.model_ResNet50_opt_AdamW_lr_0.01 - INFO - Initialized training manager for model_ResNet50_opt_AdamW_lr_0.01
2025-05-01 01:52:57,426 - training.model_ResNet50_opt_AdamW_lr_0.01 - INFO - Initialized training manager for model_ResNet50_opt_AdamW_lr_0.01
2025-05-01 01:52:57,426 - training.model_ResNet50_opt_AdamW_lr_0.01 - INFO - Initialized training manager for model_ResNet50_opt_AdamW_lr_0.01
2025-05-01 01:52:57,426 - training.model_ResNet50_opt_AdamW_lr_0.01 - INFO - Initialized training manager for model_ResNet50_opt_AdamW_lr_0.01
2025-05-01 01:52:57,426 - training.model_ResNet50_opt_AdamW_lr_0.01 - INFO - Initialized training manager for model_ResNet50_opt_AdamW_lr_0.01
2025-05-01 01:52:57,426 - training.model_ResNet50_opt_AdamW_lr_0.01 - INFO - Initialized training manager for model_ResNet50_opt_AdamW_lr_0.01
2025-05-01 01:52:57,426 - training.model_ResNet50_opt_AdamW_lr_0.01 - INFO - Initialized training manager for model_ResNet50_opt_AdamW_lr_0.01
2025-05-01 01:52:57,426 - training.model_ResNet50_opt_AdamW_lr_0.01 - INFO - Initialized training manager for model_ResNet50_opt_AdamW_lr_0.01
2025-05-01 01:52:57,426 - training.model_ResNet50_opt_AdamW_lr_0.01 - INFO - Initialized training manager for model_ResNet50_opt_AdamW_lr_0.01
2025-05-01 01:52:57,426 - training.model_ResNet50_opt_AdamW_lr_0.01 - INFO - Config: {
  "id": 82,
  "model_name": "ResNet50",
  "optimizer": "AdamW",
  "learning_rate": 0.01,
  "scheduler": {
    "name": "CosineAnnealingWarmRestarts",
    "T_0": 10
  },
  "loss_fn": {
    "name": "CrossEntropy"
  }
}
2025-05-01 01:52:57,426 - training.model_ResNet50_opt_AdamW_lr_0.01 - INFO - Config: {
  "id": 82,
  "model_name": "ResNet50",
  "optimizer": "AdamW",
  "learning_rate": 0.01,
  "scheduler": {
    "name": "CosineAnnealingWarmRestarts",
    "T_0": 10
  },
  "loss_fn": {
    "name": "CrossEntropy"
  }
}
2025-05-01 01:52:57,426 - training.model_ResNet50_opt_AdamW_lr_0.01 - INFO - Config: {
  "id": 82,
  "model_name": "ResNet50",
  "optimizer": "AdamW",
  "learning_rate": 0.01,
  "scheduler": {
    "name": "CosineAnnealingWarmRestarts",
    "T_0": 10
  },
  "loss_fn": {
    "name": "CrossEntropy"
  }
}
2025-05-01 01:52:57,426 - training.model_ResNet50_opt_AdamW_lr_0.01 - INFO - Config: {
  "id": 82,
  "model_name": "ResNet50",
  "optimizer": "AdamW",
  "learning_rate": 0.01,
  "scheduler": {
    "name": "CosineAnnealingWarmRestarts",
    "T_0": 10
  },
  "loss_fn": {
    "name": "CrossEntropy"
  }
}
2025-05-01 01:52:57,426 - training.model_ResNet50_opt_AdamW_lr_0.01 - INFO - Config: {
  "id": 82,
  "model_name": "ResNet50",
  "optimizer": "AdamW",
  "learning_rate": 0.01,
  "scheduler": {
    "name": "CosineAnnealingWarmRestarts",
    "T_0": 10
  },
  "loss_fn": {
    "name": "CrossEntropy"
  }
}
2025-05-01 01:52:57,426 - training.model_ResNet50_opt_AdamW_lr_0.01 - INFO - Config: {
  "id": 82,
  "model_name": "ResNet50",
  "optimizer": "AdamW",
  "learning_rate": 0.01,
  "scheduler": {
    "name": "CosineAnnealingWarmRestarts",
    "T_0": 10
  },
  "loss_fn": {
    "name": "CrossEntropy"
  }
}
2025-05-01 01:52:57,426 - training.model_ResNet50_opt_AdamW_lr_0.01 - INFO - Config: {
  "id": 82,
  "model_name": "ResNet50",
  "optimizer": "AdamW",
  "learning_rate": 0.01,
  "scheduler": {
    "name": "CosineAnnealingWarmRestarts",
    "T_0": 10
  },
  "loss_fn": {
    "name": "CrossEntropy"
  }
}
2025-05-01 01:52:57,426 - training.model_ResNet50_opt_AdamW_lr_0.01 - INFO - Config: {
  "id": 82,
  "model_name": "ResNet50",
  "optimizer": "AdamW",
  "learning_rate": 0.01,
  "scheduler": {
    "name": "CosineAnnealingWarmRestarts",
    "T_0": 10
  },
  "loss_fn": {
    "name": "CrossEntropy"
  }
}
2025-05-01 01:52:57,426 - training.model_ResNet50_opt_AdamW_lr_0.01 - INFO - Config: {
  "id": 82,
  "model_name": "ResNet50",
  "optimizer": "AdamW",
  "learning_rate": 0.01,
  "scheduler": {
    "name": "CosineAnnealingWarmRestarts",
    "T_0": 10
  },
  "loss_fn": {
    "name": "CrossEntropy"
  }
}
2025-05-01 01:52:57,426 - training.model_ResNet50_opt_AdamW_lr_0.01 - INFO - Config: {
  "id": 82,
  "model_name": "ResNet50",
  "optimizer": "AdamW",
  "learning_rate": 0.01,
  "scheduler": {
    "name": "CosineAnnealingWarmRestarts",
    "T_0": 10
  },
  "loss_fn": {
    "name": "CrossEntropy"
  }
}
2025-05-01 01:52:57,426 - training.model_ResNet50_opt_AdamW_lr_0.01 - INFO - Loading checkpoint from model_results_v2/model_ResNet50_opt_AdamW_lr_0.01/checkpoint.pt
2025-05-01 01:52:57,426 - training.model_ResNet50_opt_AdamW_lr_0.01 - INFO - Loading checkpoint from model_results_v2/model_ResNet50_opt_AdamW_lr_0.01/checkpoint.pt
2025-05-01 01:52:57,426 - training.model_ResNet50_opt_AdamW_lr_0.01 - INFO - Loading checkpoint from model_results_v2/model_ResNet50_opt_AdamW_lr_0.01/checkpoint.pt
2025-05-01 01:52:57,426 - training.model_ResNet50_opt_AdamW_lr_0.01 - INFO - Loading checkpoint from model_results_v2/model_ResNet50_opt_AdamW_lr_0.01/checkpoint.pt
2025-05-01 01:52:57,426 - training.model_ResNet50_opt_AdamW_lr_0.01 - INFO - Loading checkpoint from model_results_v2/model_ResNet50_opt_AdamW_lr_0.01/checkpoint.pt
2025-05-01 01:52:57,426 - training.model_ResNet50_opt_AdamW_lr_0.01 - INFO - Loading checkpoint from model_results_v2/model_ResNet50_opt_AdamW_lr_0.01/checkpoint.pt
2025-05-01 01:52:57,426 - training.model_ResNet50_opt_AdamW_lr_0.01 - INFO - Loading checkpoint from model_results_v2/model_ResNet50_opt_AdamW_lr_0.01/checkpoint.pt
2025-05-01 01:52:57,426 - training.model_ResNet50_opt_AdamW_lr_0.01 - INFO - Loading checkpoint from model_results_v2/model_ResNet50_opt_AdamW_lr_0.01/checkpoint.pt
2025-05-01 01:52:57,426 - training.model_ResNet50_opt_AdamW_lr_0.01 - INFO - Loading checkpoint from model_results_v2/model_ResNet50_opt_AdamW_lr_0.01/checkpoint.pt
2025-05-01 01:52:57,426 - training.model_ResNet50_opt_AdamW_lr_0.01 - INFO - Loading checkpoint from model_results_v2/model_ResNet50_opt_AdamW_lr_0.01/checkpoint.pt
2025-05-01 01:52:57,504 - training.model_ResNet50_opt_AdamW_lr_0.01 - INFO - Resuming from epoch 20, best validation accuracy: 0.6286
2025-05-01 01:52:57,504 - training.model_ResNet50_opt_AdamW_lr_0.01 - INFO - Resuming from epoch 20, best validation accuracy: 0.6286
2025-05-01 01:52:57,504 - training.model_ResNet50_opt_AdamW_lr_0.01 - INFO - Resuming from epoch 20, best validation accuracy: 0.6286
2025-05-01 01:52:57,504 - training.model_ResNet50_opt_AdamW_lr_0.01 - INFO - Resuming from epoch 20, best validation accuracy: 0.6286
2025-05-01 01:52:57,504 - training.model_ResNet50_opt_AdamW_lr_0.01 - INFO - Resuming from epoch 20, best validation accuracy: 0.6286
2025-05-01 01:52:57,504 - training.model_ResNet50_opt_AdamW_lr_0.01 - INFO - Resuming from epoch 20, best validation accuracy: 0.6286
2025-05-01 01:52:57,504 - training.model_ResNet50_opt_AdamW_lr_0.01 - INFO - Resuming from epoch 20, best validation accuracy: 0.6286
2025-05-01 01:52:57,504 - training.model_ResNet50_opt_AdamW_lr_0.01 - INFO - Resuming from epoch 20, best validation accuracy: 0.6286
2025-05-01 01:52:57,504 - training.model_ResNet50_opt_AdamW_lr_0.01 - INFO - Resuming from epoch 20, best validation accuracy: 0.6286
2025-05-01 01:52:57,504 - training.model_ResNet50_opt_AdamW_lr_0.01 - INFO - Resuming from epoch 20, best validation accuracy: 0.6286
2025-05-01 01:52:57,505 - training.model_ResNet50_opt_AdamW_lr_0.01 - INFO - Training completed after 960.53 seconds
2025-05-01 01:52:57,505 - training.model_ResNet50_opt_AdamW_lr_0.01 - INFO - Training completed after 960.53 seconds
2025-05-01 01:52:57,505 - training.model_ResNet50_opt_AdamW_lr_0.01 - INFO - Training completed after 960.53 seconds
2025-05-01 01:52:57,505 - training.model_ResNet50_opt_AdamW_lr_0.01 - INFO - Training completed after 960.53 seconds
2025-05-01 01:52:57,505 - training.model_ResNet50_opt_AdamW_lr_0.01 - INFO - Training completed after 960.53 seconds
2025-05-01 01:52:57,505 - training.model_ResNet50_opt_AdamW_lr_0.01 - INFO - Training completed after 960.53 seconds
2025-05-01 01:52:57,505 - training.model_ResNet50_opt_AdamW_lr_0.01 - INFO - Training completed after 960.53 seconds
2025-05-01 01:52:57,505 - training.model_ResNet50_opt_AdamW_lr_0.01 - INFO - Training completed after 960.53 seconds
2025-05-01 01:52:57,505 - training.model_ResNet50_opt_AdamW_lr_0.01 - INFO - Training completed after 960.53 seconds
2025-05-01 01:52:57,505 - training.model_ResNet50_opt_AdamW_lr_0.01 - INFO - Training completed after 960.53 seconds
2025-05-01 01:53:05,409 - training.model_ResNet50_opt_AdamW_lr_0.01 - INFO - Initialized training manager for model_ResNet50_opt_AdamW_lr_0.01
2025-05-01 01:53:05,409 - training.model_ResNet50_opt_AdamW_lr_0.01 - INFO - Initialized training manager for model_ResNet50_opt_AdamW_lr_0.01
2025-05-01 01:53:05,409 - training.model_ResNet50_opt_AdamW_lr_0.01 - INFO - Initialized training manager for model_ResNet50_opt_AdamW_lr_0.01
2025-05-01 01:53:05,409 - training.model_ResNet50_opt_AdamW_lr_0.01 - INFO - Initialized training manager for model_ResNet50_opt_AdamW_lr_0.01
2025-05-01 01:53:05,409 - training.model_ResNet50_opt_AdamW_lr_0.01 - INFO - Initialized training manager for model_ResNet50_opt_AdamW_lr_0.01
2025-05-01 01:53:05,409 - training.model_ResNet50_opt_AdamW_lr_0.01 - INFO - Initialized training manager for model_ResNet50_opt_AdamW_lr_0.01
2025-05-01 01:53:05,409 - training.model_ResNet50_opt_AdamW_lr_0.01 - INFO - Initialized training manager for model_ResNet50_opt_AdamW_lr_0.01
2025-05-01 01:53:05,409 - training.model_ResNet50_opt_AdamW_lr_0.01 - INFO - Initialized training manager for model_ResNet50_opt_AdamW_lr_0.01
2025-05-01 01:53:05,409 - training.model_ResNet50_opt_AdamW_lr_0.01 - INFO - Initialized training manager for model_ResNet50_opt_AdamW_lr_0.01
2025-05-01 01:53:05,409 - training.model_ResNet50_opt_AdamW_lr_0.01 - INFO - Initialized training manager for model_ResNet50_opt_AdamW_lr_0.01
2025-05-01 01:53:05,409 - training.model_ResNet50_opt_AdamW_lr_0.01 - INFO - Initialized training manager for model_ResNet50_opt_AdamW_lr_0.01
2025-05-01 01:53:05,409 - training.model_ResNet50_opt_AdamW_lr_0.01 - INFO - Config: {
  "id": 83,
  "model_name": "ResNet50",
  "optimizer": "AdamW",
  "learning_rate": 0.01,
  "scheduler": {
    "name": "CosineAnnealingWarmRestarts",
    "T_0": 10
  },
  "loss_fn": {
    "name": "FocalLoss",
    "alpha": 0.25,
    "gamma": 2.0
  }
}
2025-05-01 01:53:05,409 - training.model_ResNet50_opt_AdamW_lr_0.01 - INFO - Config: {
  "id": 83,
  "model_name": "ResNet50",
  "optimizer": "AdamW",
  "learning_rate": 0.01,
  "scheduler": {
    "name": "CosineAnnealingWarmRestarts",
    "T_0": 10
  },
  "loss_fn": {
    "name": "FocalLoss",
    "alpha": 0.25,
    "gamma": 2.0
  }
}
2025-05-01 01:53:05,409 - training.model_ResNet50_opt_AdamW_lr_0.01 - INFO - Config: {
  "id": 83,
  "model_name": "ResNet50",
  "optimizer": "AdamW",
  "learning_rate": 0.01,
  "scheduler": {
    "name": "CosineAnnealingWarmRestarts",
    "T_0": 10
  },
  "loss_fn": {
    "name": "FocalLoss",
    "alpha": 0.25,
    "gamma": 2.0
  }
}
2025-05-01 01:53:05,409 - training.model_ResNet50_opt_AdamW_lr_0.01 - INFO - Config: {
  "id": 83,
  "model_name": "ResNet50",
  "optimizer": "AdamW",
  "learning_rate": 0.01,
  "scheduler": {
    "name": "CosineAnnealingWarmRestarts",
    "T_0": 10
  },
  "loss_fn": {
    "name": "FocalLoss",
    "alpha": 0.25,
    "gamma": 2.0
  }
}
2025-05-01 01:53:05,409 - training.model_ResNet50_opt_AdamW_lr_0.01 - INFO - Config: {
  "id": 83,
  "model_name": "ResNet50",
  "optimizer": "AdamW",
  "learning_rate": 0.01,
  "scheduler": {
    "name": "CosineAnnealingWarmRestarts",
    "T_0": 10
  },
  "loss_fn": {
    "name": "FocalLoss",
    "alpha": 0.25,
    "gamma": 2.0
  }
}
2025-05-01 01:53:05,409 - training.model_ResNet50_opt_AdamW_lr_0.01 - INFO - Config: {
  "id": 83,
  "model_name": "ResNet50",
  "optimizer": "AdamW",
  "learning_rate": 0.01,
  "scheduler": {
    "name": "CosineAnnealingWarmRestarts",
    "T_0": 10
  },
  "loss_fn": {
    "name": "FocalLoss",
    "alpha": 0.25,
    "gamma": 2.0
  }
}
2025-05-01 01:53:05,409 - training.model_ResNet50_opt_AdamW_lr_0.01 - INFO - Config: {
  "id": 83,
  "model_name": "ResNet50",
  "optimizer": "AdamW",
  "learning_rate": 0.01,
  "scheduler": {
    "name": "CosineAnnealingWarmRestarts",
    "T_0": 10
  },
  "loss_fn": {
    "name": "FocalLoss",
    "alpha": 0.25,
    "gamma": 2.0
  }
}
2025-05-01 01:53:05,409 - training.model_ResNet50_opt_AdamW_lr_0.01 - INFO - Config: {
  "id": 83,
  "model_name": "ResNet50",
  "optimizer": "AdamW",
  "learning_rate": 0.01,
  "scheduler": {
    "name": "CosineAnnealingWarmRestarts",
    "T_0": 10
  },
  "loss_fn": {
    "name": "FocalLoss",
    "alpha": 0.25,
    "gamma": 2.0
  }
}
2025-05-01 01:53:05,409 - training.model_ResNet50_opt_AdamW_lr_0.01 - INFO - Config: {
  "id": 83,
  "model_name": "ResNet50",
  "optimizer": "AdamW",
  "learning_rate": 0.01,
  "scheduler": {
    "name": "CosineAnnealingWarmRestarts",
    "T_0": 10
  },
  "loss_fn": {
    "name": "FocalLoss",
    "alpha": 0.25,
    "gamma": 2.0
  }
}
2025-05-01 01:53:05,409 - training.model_ResNet50_opt_AdamW_lr_0.01 - INFO - Config: {
  "id": 83,
  "model_name": "ResNet50",
  "optimizer": "AdamW",
  "learning_rate": 0.01,
  "scheduler": {
    "name": "CosineAnnealingWarmRestarts",
    "T_0": 10
  },
  "loss_fn": {
    "name": "FocalLoss",
    "alpha": 0.25,
    "gamma": 2.0
  }
}
2025-05-01 01:53:05,409 - training.model_ResNet50_opt_AdamW_lr_0.01 - INFO - Config: {
  "id": 83,
  "model_name": "ResNet50",
  "optimizer": "AdamW",
  "learning_rate": 0.01,
  "scheduler": {
    "name": "CosineAnnealingWarmRestarts",
    "T_0": 10
  },
  "loss_fn": {
    "name": "FocalLoss",
    "alpha": 0.25,
    "gamma": 2.0
  }
}
2025-05-01 01:53:05,409 - training.model_ResNet50_opt_AdamW_lr_0.01 - INFO - Loading checkpoint from model_results_v2/model_ResNet50_opt_AdamW_lr_0.01/checkpoint.pt
2025-05-01 01:53:05,409 - training.model_ResNet50_opt_AdamW_lr_0.01 - INFO - Loading checkpoint from model_results_v2/model_ResNet50_opt_AdamW_lr_0.01/checkpoint.pt
2025-05-01 01:53:05,409 - training.model_ResNet50_opt_AdamW_lr_0.01 - INFO - Loading checkpoint from model_results_v2/model_ResNet50_opt_AdamW_lr_0.01/checkpoint.pt
2025-05-01 01:53:05,409 - training.model_ResNet50_opt_AdamW_lr_0.01 - INFO - Loading checkpoint from model_results_v2/model_ResNet50_opt_AdamW_lr_0.01/checkpoint.pt
2025-05-01 01:53:05,409 - training.model_ResNet50_opt_AdamW_lr_0.01 - INFO - Loading checkpoint from model_results_v2/model_ResNet50_opt_AdamW_lr_0.01/checkpoint.pt
2025-05-01 01:53:05,409 - training.model_ResNet50_opt_AdamW_lr_0.01 - INFO - Loading checkpoint from model_results_v2/model_ResNet50_opt_AdamW_lr_0.01/checkpoint.pt
2025-05-01 01:53:05,409 - training.model_ResNet50_opt_AdamW_lr_0.01 - INFO - Loading checkpoint from model_results_v2/model_ResNet50_opt_AdamW_lr_0.01/checkpoint.pt
2025-05-01 01:53:05,409 - training.model_ResNet50_opt_AdamW_lr_0.01 - INFO - Loading checkpoint from model_results_v2/model_ResNet50_opt_AdamW_lr_0.01/checkpoint.pt
2025-05-01 01:53:05,409 - training.model_ResNet50_opt_AdamW_lr_0.01 - INFO - Loading checkpoint from model_results_v2/model_ResNet50_opt_AdamW_lr_0.01/checkpoint.pt
2025-05-01 01:53:05,409 - training.model_ResNet50_opt_AdamW_lr_0.01 - INFO - Loading checkpoint from model_results_v2/model_ResNet50_opt_AdamW_lr_0.01/checkpoint.pt
2025-05-01 01:53:05,409 - training.model_ResNet50_opt_AdamW_lr_0.01 - INFO - Loading checkpoint from model_results_v2/model_ResNet50_opt_AdamW_lr_0.01/checkpoint.pt
2025-05-01 01:53:05,492 - training.model_ResNet50_opt_AdamW_lr_0.01 - INFO - Resuming from epoch 20, best validation accuracy: 0.6286
2025-05-01 01:53:05,492 - training.model_ResNet50_opt_AdamW_lr_0.01 - INFO - Resuming from epoch 20, best validation accuracy: 0.6286
2025-05-01 01:53:05,492 - training.model_ResNet50_opt_AdamW_lr_0.01 - INFO - Resuming from epoch 20, best validation accuracy: 0.6286
2025-05-01 01:53:05,492 - training.model_ResNet50_opt_AdamW_lr_0.01 - INFO - Resuming from epoch 20, best validation accuracy: 0.6286
2025-05-01 01:53:05,492 - training.model_ResNet50_opt_AdamW_lr_0.01 - INFO - Resuming from epoch 20, best validation accuracy: 0.6286
2025-05-01 01:53:05,492 - training.model_ResNet50_opt_AdamW_lr_0.01 - INFO - Resuming from epoch 20, best validation accuracy: 0.6286
2025-05-01 01:53:05,492 - training.model_ResNet50_opt_AdamW_lr_0.01 - INFO - Resuming from epoch 20, best validation accuracy: 0.6286
2025-05-01 01:53:05,492 - training.model_ResNet50_opt_AdamW_lr_0.01 - INFO - Resuming from epoch 20, best validation accuracy: 0.6286
2025-05-01 01:53:05,492 - training.model_ResNet50_opt_AdamW_lr_0.01 - INFO - Resuming from epoch 20, best validation accuracy: 0.6286
2025-05-01 01:53:05,492 - training.model_ResNet50_opt_AdamW_lr_0.01 - INFO - Resuming from epoch 20, best validation accuracy: 0.6286
2025-05-01 01:53:05,492 - training.model_ResNet50_opt_AdamW_lr_0.01 - INFO - Resuming from epoch 20, best validation accuracy: 0.6286
2025-05-01 01:53:05,493 - training.model_ResNet50_opt_AdamW_lr_0.01 - INFO - Training completed after 960.53 seconds
2025-05-01 01:53:05,493 - training.model_ResNet50_opt_AdamW_lr_0.01 - INFO - Training completed after 960.53 seconds
2025-05-01 01:53:05,493 - training.model_ResNet50_opt_AdamW_lr_0.01 - INFO - Training completed after 960.53 seconds
2025-05-01 01:53:05,493 - training.model_ResNet50_opt_AdamW_lr_0.01 - INFO - Training completed after 960.53 seconds
2025-05-01 01:53:05,493 - training.model_ResNet50_opt_AdamW_lr_0.01 - INFO - Training completed after 960.53 seconds
2025-05-01 01:53:05,493 - training.model_ResNet50_opt_AdamW_lr_0.01 - INFO - Training completed after 960.53 seconds
2025-05-01 01:53:05,493 - training.model_ResNet50_opt_AdamW_lr_0.01 - INFO - Training completed after 960.53 seconds
2025-05-01 01:53:05,493 - training.model_ResNet50_opt_AdamW_lr_0.01 - INFO - Training completed after 960.53 seconds
2025-05-01 01:53:05,493 - training.model_ResNet50_opt_AdamW_lr_0.01 - INFO - Training completed after 960.53 seconds
2025-05-01 01:53:05,493 - training.model_ResNet50_opt_AdamW_lr_0.01 - INFO - Training completed after 960.53 seconds
2025-05-01 01:53:05,493 - training.model_ResNet50_opt_AdamW_lr_0.01 - INFO - Training completed after 960.53 seconds
2025-05-01 01:53:13,125 - training.model_ResNet50_opt_AdamW_lr_0.01 - INFO - Initialized training manager for model_ResNet50_opt_AdamW_lr_0.01
2025-05-01 01:53:13,125 - training.model_ResNet50_opt_AdamW_lr_0.01 - INFO - Initialized training manager for model_ResNet50_opt_AdamW_lr_0.01
2025-05-01 01:53:13,125 - training.model_ResNet50_opt_AdamW_lr_0.01 - INFO - Initialized training manager for model_ResNet50_opt_AdamW_lr_0.01
2025-05-01 01:53:13,125 - training.model_ResNet50_opt_AdamW_lr_0.01 - INFO - Initialized training manager for model_ResNet50_opt_AdamW_lr_0.01
2025-05-01 01:53:13,125 - training.model_ResNet50_opt_AdamW_lr_0.01 - INFO - Initialized training manager for model_ResNet50_opt_AdamW_lr_0.01
2025-05-01 01:53:13,125 - training.model_ResNet50_opt_AdamW_lr_0.01 - INFO - Initialized training manager for model_ResNet50_opt_AdamW_lr_0.01
2025-05-01 01:53:13,125 - training.model_ResNet50_opt_AdamW_lr_0.01 - INFO - Initialized training manager for model_ResNet50_opt_AdamW_lr_0.01
2025-05-01 01:53:13,125 - training.model_ResNet50_opt_AdamW_lr_0.01 - INFO - Initialized training manager for model_ResNet50_opt_AdamW_lr_0.01
2025-05-01 01:53:13,125 - training.model_ResNet50_opt_AdamW_lr_0.01 - INFO - Initialized training manager for model_ResNet50_opt_AdamW_lr_0.01
2025-05-01 01:53:13,125 - training.model_ResNet50_opt_AdamW_lr_0.01 - INFO - Initialized training manager for model_ResNet50_opt_AdamW_lr_0.01
2025-05-01 01:53:13,125 - training.model_ResNet50_opt_AdamW_lr_0.01 - INFO - Initialized training manager for model_ResNet50_opt_AdamW_lr_0.01
2025-05-01 01:53:13,125 - training.model_ResNet50_opt_AdamW_lr_0.01 - INFO - Initialized training manager for model_ResNet50_opt_AdamW_lr_0.01
2025-05-01 01:53:13,125 - training.model_ResNet50_opt_AdamW_lr_0.01 - INFO - Config: {
  "id": 84,
  "model_name": "ResNet50",
  "optimizer": "AdamW",
  "learning_rate": 0.01,
  "scheduler": {
    "name": "CosineAnnealingWarmRestarts",
    "T_0": 10
  },
  "loss_fn": {
    "name": "LabelSmoothing",
    "smoothing": 0.1
  }
}
2025-05-01 01:53:13,125 - training.model_ResNet50_opt_AdamW_lr_0.01 - INFO - Config: {
  "id": 84,
  "model_name": "ResNet50",
  "optimizer": "AdamW",
  "learning_rate": 0.01,
  "scheduler": {
    "name": "CosineAnnealingWarmRestarts",
    "T_0": 10
  },
  "loss_fn": {
    "name": "LabelSmoothing",
    "smoothing": 0.1
  }
}
2025-05-01 01:53:13,125 - training.model_ResNet50_opt_AdamW_lr_0.01 - INFO - Config: {
  "id": 84,
  "model_name": "ResNet50",
  "optimizer": "AdamW",
  "learning_rate": 0.01,
  "scheduler": {
    "name": "CosineAnnealingWarmRestarts",
    "T_0": 10
  },
  "loss_fn": {
    "name": "LabelSmoothing",
    "smoothing": 0.1
  }
}
2025-05-01 01:53:13,125 - training.model_ResNet50_opt_AdamW_lr_0.01 - INFO - Config: {
  "id": 84,
  "model_name": "ResNet50",
  "optimizer": "AdamW",
  "learning_rate": 0.01,
  "scheduler": {
    "name": "CosineAnnealingWarmRestarts",
    "T_0": 10
  },
  "loss_fn": {
    "name": "LabelSmoothing",
    "smoothing": 0.1
  }
}
2025-05-01 01:53:13,125 - training.model_ResNet50_opt_AdamW_lr_0.01 - INFO - Config: {
  "id": 84,
  "model_name": "ResNet50",
  "optimizer": "AdamW",
  "learning_rate": 0.01,
  "scheduler": {
    "name": "CosineAnnealingWarmRestarts",
    "T_0": 10
  },
  "loss_fn": {
    "name": "LabelSmoothing",
    "smoothing": 0.1
  }
}
2025-05-01 01:53:13,125 - training.model_ResNet50_opt_AdamW_lr_0.01 - INFO - Config: {
  "id": 84,
  "model_name": "ResNet50",
  "optimizer": "AdamW",
  "learning_rate": 0.01,
  "scheduler": {
    "name": "CosineAnnealingWarmRestarts",
    "T_0": 10
  },
  "loss_fn": {
    "name": "LabelSmoothing",
    "smoothing": 0.1
  }
}
2025-05-01 01:53:13,125 - training.model_ResNet50_opt_AdamW_lr_0.01 - INFO - Config: {
  "id": 84,
  "model_name": "ResNet50",
  "optimizer": "AdamW",
  "learning_rate": 0.01,
  "scheduler": {
    "name": "CosineAnnealingWarmRestarts",
    "T_0": 10
  },
  "loss_fn": {
    "name": "LabelSmoothing",
    "smoothing": 0.1
  }
}
2025-05-01 01:53:13,125 - training.model_ResNet50_opt_AdamW_lr_0.01 - INFO - Config: {
  "id": 84,
  "model_name": "ResNet50",
  "optimizer": "AdamW",
  "learning_rate": 0.01,
  "scheduler": {
    "name": "CosineAnnealingWarmRestarts",
    "T_0": 10
  },
  "loss_fn": {
    "name": "LabelSmoothing",
    "smoothing": 0.1
  }
}
2025-05-01 01:53:13,125 - training.model_ResNet50_opt_AdamW_lr_0.01 - INFO - Config: {
  "id": 84,
  "model_name": "ResNet50",
  "optimizer": "AdamW",
  "learning_rate": 0.01,
  "scheduler": {
    "name": "CosineAnnealingWarmRestarts",
    "T_0": 10
  },
  "loss_fn": {
    "name": "LabelSmoothing",
    "smoothing": 0.1
  }
}
2025-05-01 01:53:13,125 - training.model_ResNet50_opt_AdamW_lr_0.01 - INFO - Config: {
  "id": 84,
  "model_name": "ResNet50",
  "optimizer": "AdamW",
  "learning_rate": 0.01,
  "scheduler": {
    "name": "CosineAnnealingWarmRestarts",
    "T_0": 10
  },
  "loss_fn": {
    "name": "LabelSmoothing",
    "smoothing": 0.1
  }
}
2025-05-01 01:53:13,125 - training.model_ResNet50_opt_AdamW_lr_0.01 - INFO - Config: {
  "id": 84,
  "model_name": "ResNet50",
  "optimizer": "AdamW",
  "learning_rate": 0.01,
  "scheduler": {
    "name": "CosineAnnealingWarmRestarts",
    "T_0": 10
  },
  "loss_fn": {
    "name": "LabelSmoothing",
    "smoothing": 0.1
  }
}
2025-05-01 01:53:13,125 - training.model_ResNet50_opt_AdamW_lr_0.01 - INFO - Config: {
  "id": 84,
  "model_name": "ResNet50",
  "optimizer": "AdamW",
  "learning_rate": 0.01,
  "scheduler": {
    "name": "CosineAnnealingWarmRestarts",
    "T_0": 10
  },
  "loss_fn": {
    "name": "LabelSmoothing",
    "smoothing": 0.1
  }
}
2025-05-01 01:53:13,125 - training.model_ResNet50_opt_AdamW_lr_0.01 - INFO - Loading checkpoint from model_results_v2/model_ResNet50_opt_AdamW_lr_0.01/checkpoint.pt
2025-05-01 01:53:13,125 - training.model_ResNet50_opt_AdamW_lr_0.01 - INFO - Loading checkpoint from model_results_v2/model_ResNet50_opt_AdamW_lr_0.01/checkpoint.pt
2025-05-01 01:53:13,125 - training.model_ResNet50_opt_AdamW_lr_0.01 - INFO - Loading checkpoint from model_results_v2/model_ResNet50_opt_AdamW_lr_0.01/checkpoint.pt
2025-05-01 01:53:13,125 - training.model_ResNet50_opt_AdamW_lr_0.01 - INFO - Loading checkpoint from model_results_v2/model_ResNet50_opt_AdamW_lr_0.01/checkpoint.pt
2025-05-01 01:53:13,125 - training.model_ResNet50_opt_AdamW_lr_0.01 - INFO - Loading checkpoint from model_results_v2/model_ResNet50_opt_AdamW_lr_0.01/checkpoint.pt
2025-05-01 01:53:13,125 - training.model_ResNet50_opt_AdamW_lr_0.01 - INFO - Loading checkpoint from model_results_v2/model_ResNet50_opt_AdamW_lr_0.01/checkpoint.pt
2025-05-01 01:53:13,125 - training.model_ResNet50_opt_AdamW_lr_0.01 - INFO - Loading checkpoint from model_results_v2/model_ResNet50_opt_AdamW_lr_0.01/checkpoint.pt
2025-05-01 01:53:13,125 - training.model_ResNet50_opt_AdamW_lr_0.01 - INFO - Loading checkpoint from model_results_v2/model_ResNet50_opt_AdamW_lr_0.01/checkpoint.pt
2025-05-01 01:53:13,125 - training.model_ResNet50_opt_AdamW_lr_0.01 - INFO - Loading checkpoint from model_results_v2/model_ResNet50_opt_AdamW_lr_0.01/checkpoint.pt
2025-05-01 01:53:13,125 - training.model_ResNet50_opt_AdamW_lr_0.01 - INFO - Loading checkpoint from model_results_v2/model_ResNet50_opt_AdamW_lr_0.01/checkpoint.pt
2025-05-01 01:53:13,125 - training.model_ResNet50_opt_AdamW_lr_0.01 - INFO - Loading checkpoint from model_results_v2/model_ResNet50_opt_AdamW_lr_0.01/checkpoint.pt
2025-05-01 01:53:13,125 - training.model_ResNet50_opt_AdamW_lr_0.01 - INFO - Loading checkpoint from model_results_v2/model_ResNet50_opt_AdamW_lr_0.01/checkpoint.pt
2025-05-01 01:53:13,204 - training.model_ResNet50_opt_AdamW_lr_0.01 - INFO - Resuming from epoch 20, best validation accuracy: 0.6286
2025-05-01 01:53:13,204 - training.model_ResNet50_opt_AdamW_lr_0.01 - INFO - Resuming from epoch 20, best validation accuracy: 0.6286
2025-05-01 01:53:13,204 - training.model_ResNet50_opt_AdamW_lr_0.01 - INFO - Resuming from epoch 20, best validation accuracy: 0.6286
2025-05-01 01:53:13,204 - training.model_ResNet50_opt_AdamW_lr_0.01 - INFO - Resuming from epoch 20, best validation accuracy: 0.6286
2025-05-01 01:53:13,204 - training.model_ResNet50_opt_AdamW_lr_0.01 - INFO - Resuming from epoch 20, best validation accuracy: 0.6286
2025-05-01 01:53:13,204 - training.model_ResNet50_opt_AdamW_lr_0.01 - INFO - Resuming from epoch 20, best validation accuracy: 0.6286
2025-05-01 01:53:13,204 - training.model_ResNet50_opt_AdamW_lr_0.01 - INFO - Resuming from epoch 20, best validation accuracy: 0.6286
2025-05-01 01:53:13,204 - training.model_ResNet50_opt_AdamW_lr_0.01 - INFO - Resuming from epoch 20, best validation accuracy: 0.6286
2025-05-01 01:53:13,204 - training.model_ResNet50_opt_AdamW_lr_0.01 - INFO - Resuming from epoch 20, best validation accuracy: 0.6286
2025-05-01 01:53:13,204 - training.model_ResNet50_opt_AdamW_lr_0.01 - INFO - Resuming from epoch 20, best validation accuracy: 0.6286
2025-05-01 01:53:13,204 - training.model_ResNet50_opt_AdamW_lr_0.01 - INFO - Resuming from epoch 20, best validation accuracy: 0.6286
2025-05-01 01:53:13,204 - training.model_ResNet50_opt_AdamW_lr_0.01 - INFO - Resuming from epoch 20, best validation accuracy: 0.6286
2025-05-01 01:53:13,205 - training.model_ResNet50_opt_AdamW_lr_0.01 - INFO - Training completed after 960.53 seconds
2025-05-01 01:53:13,205 - training.model_ResNet50_opt_AdamW_lr_0.01 - INFO - Training completed after 960.53 seconds
2025-05-01 01:53:13,205 - training.model_ResNet50_opt_AdamW_lr_0.01 - INFO - Training completed after 960.53 seconds
2025-05-01 01:53:13,205 - training.model_ResNet50_opt_AdamW_lr_0.01 - INFO - Training completed after 960.53 seconds
2025-05-01 01:53:13,205 - training.model_ResNet50_opt_AdamW_lr_0.01 - INFO - Training completed after 960.53 seconds
2025-05-01 01:53:13,205 - training.model_ResNet50_opt_AdamW_lr_0.01 - INFO - Training completed after 960.53 seconds
2025-05-01 01:53:13,205 - training.model_ResNet50_opt_AdamW_lr_0.01 - INFO - Training completed after 960.53 seconds
2025-05-01 01:53:13,205 - training.model_ResNet50_opt_AdamW_lr_0.01 - INFO - Training completed after 960.53 seconds
2025-05-01 01:53:13,205 - training.model_ResNet50_opt_AdamW_lr_0.01 - INFO - Training completed after 960.53 seconds
2025-05-01 01:53:13,205 - training.model_ResNet50_opt_AdamW_lr_0.01 - INFO - Training completed after 960.53 seconds
2025-05-01 01:53:13,205 - training.model_ResNet50_opt_AdamW_lr_0.01 - INFO - Training completed after 960.53 seconds
2025-05-01 01:53:13,205 - training.model_ResNet50_opt_AdamW_lr_0.01 - INFO - Training completed after 960.53 seconds
