2025-05-01 03:40:44,673 - training.model_ResNet101_opt_Adam_lr_0.01_id_146 - INFO - Initialized training manager for model_ResNet101_opt_Adam_lr_0.01_id_146
2025-05-01 03:40:44,673 - training.model_ResNet101_opt_Adam_lr_0.01_id_146 - INFO - Config: {
  "id": 146,
  "model_name": "ResNet101",
  "optimizer": "Adam",
  "learning_rate": 0.01,
  "scheduler": {
    "name": "StepLR",
    "step_size": 10,
    "gamma": 0.1
  },
  "loss_fn": {
    "name": "FocalLoss",
    "alpha": 0.25,
    "gamma": 2.0
  }
}
2025-05-01 03:40:45,091 - training.model_ResNet101_opt_Adam_lr_0.01_id_146 - INFO - Starting model evaluation
2025-05-01 03:40:54,355 - training.model_ResNet101_opt_Adam_lr_0.01_id_146 - INFO - Evaluation metrics:
  Accuracy:  0.8533
  Precision: 0.7240
  Recall:    0.7797
  F1 Score:  0.7508
  IoU:       0.6011
  mAP:       0.8329
  AUC:       0.9086
2025-05-01 03:40:54,357 - training.model_ResNet101_opt_Adam_lr_0.01_id_146 - INFO - Final results saved to model_results_v2/model_ResNet101_opt_Adam_lr_0.01_id_146/final_results.json
2025-05-01 03:40:54,359 - training.model_ResNet101_opt_Adam_lr_0.01_id_146 - INFO - Final results saved to model_results_v2/model_ResNet101_opt_Adam_lr_0.01_id_146/final_results.json
