2025-05-03 11:36:48,780 - training.model_ConvNeXt_opt_Adam_lr_0.001_id_699 - INFO - Initialized training manager for model_ConvNeXt_opt_Adam_lr_0.001_id_699
2025-05-03 11:36:48,780 - training.model_ConvNeXt_opt_Adam_lr_0.001_id_699 - INFO - Config: {
  "id": 699,
  "model_name": "ConvNeXt",
  "optimizer": "Adam",
  "learning_rate": 0.001,
  "scheduler": {
    "name": "StepLR",
    "step_size": 10,
    "gamma": 0.1
  },
  "loss_fn": {
    "name": "LabelSmoothing",
    "smoothing": 0.1
  }
}
2025-05-03 11:38:30,565 - training.model_ConvNeXt_opt_Adam_lr_0.001_id_699 - INFO - Starting model evaluation
2025-05-03 11:38:42,045 - training.model_ConvNeXt_opt_Adam_lr_0.001_id_699 - INFO - Evaluation metrics:
  Accuracy:  0.2834
  Precision: 0.2834
  Recall:    1.0000
  F1 Score:  0.4417
  IoU:       0.2834
  mAP:       0.2571
  AUC:       0.4680
2025-05-03 11:38:42,047 - training.model_ConvNeXt_opt_Adam_lr_0.001_id_699 - INFO - Final results saved to model_results_v2/model_ConvNeXt_opt_Adam_lr_0.001_id_699/final_results.json
2025-05-03 11:38:42,049 - training.model_ConvNeXt_opt_Adam_lr_0.001_id_699 - INFO - Final results saved to model_results_v2/model_ConvNeXt_opt_Adam_lr_0.001_id_699/final_results.json
