2025-05-03 04:02:51,722 - training.model_DenseNet121_opt_SGD_lr_0.0001_id_458 - INFO - Initialized training manager for model_DenseNet121_opt_SGD_lr_0.0001_id_458
2025-05-03 04:02:51,722 - training.model_DenseNet121_opt_SGD_lr_0.0001_id_458 - INFO - Config: {
  "id": 458,
  "model_name": "DenseNet121",
  "optimizer": "SGD",
  "learning_rate": 0.0001,
  "scheduler": {
    "name": "StepLR",
    "step_size": 10,
    "gamma": 0.1
  },
  "loss_fn": {
    "name": "FocalLoss",
    "alpha": 0.25,
    "gamma": 2.0
  }
}
2025-05-03 04:02:51,986 - training.model_DenseNet121_opt_SGD_lr_0.0001_id_458 - INFO - Starting model evaluation
2025-05-03 04:03:03,417 - training.model_DenseNet121_opt_SGD_lr_0.0001_id_458 - INFO - Evaluation metrics:
  Accuracy:  0.9187
  Precision: 0.8400
  Recall:    0.8811
  F1 Score:  0.8601
  IoU:       0.7545
  mAP:       0.9478
  AUC:       0.9713
2025-05-03 04:03:03,418 - training.model_DenseNet121_opt_SGD_lr_0.0001_id_458 - INFO - Final results saved to model_results_v2/model_DenseNet121_opt_SGD_lr_0.0001_id_458/final_results.json
2025-05-03 04:03:03,420 - training.model_DenseNet121_opt_SGD_lr_0.0001_id_458 - INFO - Final results saved to model_results_v2/model_DenseNet121_opt_SGD_lr_0.0001_id_458/final_results.json
