2025-05-01 03:03:57,298 - training.model_ResNet101_opt_SGD_lr_0.001_id_124 - INFO - Initialized training manager for model_ResNet101_opt_SGD_lr_0.001_id_124
2025-05-01 03:03:57,298 - training.model_ResNet101_opt_SGD_lr_0.001_id_124 - INFO - Config: {
  "id": 124,
  "model_name": "ResNet101",
  "optimizer": "SGD",
  "learning_rate": 0.001,
  "scheduler": {
    "name": "ReduceLROnPlateau",
    "patience": 5,
    "factor": 0.5
  },
  "loss_fn": {
    "name": "CrossEntropy"
  }
}
2025-05-01 03:03:57,652 - training.model_ResNet101_opt_SGD_lr_0.001_id_124 - INFO - Starting model evaluation
2025-05-01 03:04:07,337 - training.model_ResNet101_opt_SGD_lr_0.001_id_124 - INFO - Evaluation metrics:
  Accuracy:  0.9653
  Precision: 0.9313
  Recall:    0.9476
  F1 Score:  0.9393
  IoU:       0.8856
  mAP:       0.9870
  AUC:       0.9926
2025-05-01 03:04:07,339 - training.model_ResNet101_opt_SGD_lr_0.001_id_124 - INFO - Final results saved to model_results_v2/model_ResNet101_opt_SGD_lr_0.001_id_124/final_results.json
2025-05-01 03:04:07,341 - training.model_ResNet101_opt_SGD_lr_0.001_id_124 - INFO - Final results saved to model_results_v2/model_ResNet101_opt_SGD_lr_0.001_id_124/final_results.json
