2025-05-03 06:29:18,789 - training.model_MobileNetV3_opt_SGD_lr_0.01_id_550 - INFO - Initialized training manager for model_MobileNetV3_opt_SGD_lr_0.01_id_550
2025-05-03 06:29:18,789 - training.model_MobileNetV3_opt_SGD_lr_0.01_id_550 - INFO - Config: {
  "id": 550,
  "model_name": "MobileNetV3",
  "optimizer": "SGD",
  "learning_rate": 0.01,
  "scheduler": {
    "name": "CosineAnnealingWarmRestarts",
    "T_0": 10
  },
  "loss_fn": {
    "name": "CrossEntropy"
  }
}
2025-05-03 06:29:19,177 - training.model_MobileNetV3_opt_SGD_lr_0.01_id_550 - INFO - Starting model evaluation
2025-05-03 06:29:27,979 - training.model_MobileNetV3_opt_SGD_lr_0.01_id_550 - INFO - Evaluation metrics:
  Accuracy:  0.9703
  Precision: 0.9476
  Recall:    0.9476
  F1 Score:  0.9476
  IoU:       0.9003
  mAP:       0.9817
  AUC:       0.9931
2025-05-03 06:29:27,981 - training.model_MobileNetV3_opt_SGD_lr_0.01_id_550 - INFO - Final results saved to model_results_v2/model_MobileNetV3_opt_SGD_lr_0.01_id_550/final_results.json
2025-05-03 06:29:27,982 - training.model_MobileNetV3_opt_SGD_lr_0.01_id_550 - INFO - Final results saved to model_results_v2/model_MobileNetV3_opt_SGD_lr_0.01_id_550/final_results.json
