2025-05-03 05:50:36,208 - training.model_DenseNet121_opt_AdamW_lr_0.001_id_528 - INFO - Initialized training manager for model_DenseNet121_opt_AdamW_lr_0.001_id_528
2025-05-03 05:50:36,208 - training.model_DenseNet121_opt_AdamW_lr_0.001_id_528 - INFO - Config: {
  "id": 528,
  "model_name": "DenseNet121",
  "optimizer": "AdamW",
  "learning_rate": 0.001,
  "scheduler": {
    "name": "CosineAnnealingWarmRestarts",
    "T_0": 10
  },
  "loss_fn": {
    "name": "LabelSmoothing",
    "smoothing": 0.1
  }
}
2025-05-03 05:50:36,601 - training.model_DenseNet121_opt_AdamW_lr_0.001_id_528 - INFO - Starting model evaluation
2025-05-03 05:50:48,571 - training.model_DenseNet121_opt_AdamW_lr_0.001_id_528 - INFO - Evaluation metrics:
  Accuracy:  0.9306
  Precision: 0.8600
  Recall:    0.9021
  F1 Score:  0.8805
  IoU:       0.7866
  mAP:       0.9351
  AUC:       0.9657
2025-05-03 05:50:48,573 - training.model_DenseNet121_opt_AdamW_lr_0.001_id_528 - INFO - Final results saved to model_results_v2/model_DenseNet121_opt_AdamW_lr_0.001_id_528/final_results.json
2025-05-03 05:50:48,575 - training.model_DenseNet121_opt_AdamW_lr_0.001_id_528 - INFO - Final results saved to model_results_v2/model_DenseNet121_opt_AdamW_lr_0.001_id_528/final_results.json
