2025-05-03 13:56:46,146 - training.model_ConvNeXt_opt_AdamW_lr_0.0001_id_746 - INFO - Initialized training manager for model_ConvNeXt_opt_AdamW_lr_0.0001_id_746
2025-05-03 13:56:46,146 - training.model_ConvNeXt_opt_AdamW_lr_0.0001_id_746 - INFO - Config: {
  "id": 746,
  "model_name": "ConvNeXt",
  "optimizer": "AdamW",
  "learning_rate": 0.0001,
  "scheduler": {
    "name": "StepLR",
    "step_size": 10,
    "gamma": 0.1
  },
  "loss_fn": {
    "name": "FocalLoss",
    "alpha": 0.25,
    "gamma": 2.0
  }
}
2025-05-03 13:56:47,491 - training.model_ConvNeXt_opt_AdamW_lr_0.0001_id_746 - INFO - Starting model evaluation
2025-05-03 13:56:59,093 - training.model_ConvNeXt_opt_AdamW_lr_0.0001_id_746 - INFO - Evaluation metrics:
  Accuracy:  0.9574
  Precision: 0.9037
  Recall:    0.9510
  F1 Score:  0.9267
  IoU:       0.8635
  mAP:       0.9775
  AUC:       0.9899
2025-05-03 13:56:59,095 - training.model_ConvNeXt_opt_AdamW_lr_0.0001_id_746 - INFO - Final results saved to model_results_v2/model_ConvNeXt_opt_AdamW_lr_0.0001_id_746/final_results.json
2025-05-03 13:56:59,096 - training.model_ConvNeXt_opt_AdamW_lr_0.0001_id_746 - INFO - Final results saved to model_results_v2/model_ConvNeXt_opt_AdamW_lr_0.0001_id_746/final_results.json
