2025-05-01 10:57:09,220 - training.model_ViT-B-16_opt_SGD_lr_0.01_id_327 - INFO - Initialized training manager for model_ViT-B-16_opt_SGD_lr_0.01_id_327
2025-05-01 10:57:09,220 - training.model_ViT-B-16_opt_SGD_lr_0.01_id_327 - INFO - Config: {
  "id": 327,
  "model_name": "ViT-B-16",
  "optimizer": "SGD",
  "learning_rate": 0.01,
  "scheduler": {
    "name": "StepLR",
    "step_size": 10,
    "gamma": 0.1
  },
  "loss_fn": {
    "name": "LabelSmoothing",
    "smoothing": 0.1
  }
}
2025-05-01 10:57:10,308 - training.model_ViT-B-16_opt_SGD_lr_0.01_id_327 - INFO - Starting model evaluation
2025-05-01 10:57:22,519 - training.model_ViT-B-16_opt_SGD_lr_0.01_id_327 - INFO - Evaluation metrics:
  Accuracy:  0.8850
  Precision: 0.8269
  Recall:    0.7517
  F1 Score:  0.7875
  IoU:       0.6495
  mAP:       0.8610
  AUC:       0.9256
2025-05-01 10:57:22,520 - training.model_ViT-B-16_opt_SGD_lr_0.01_id_327 - INFO - Final results saved to model_results_v2/model_ViT-B-16_opt_SGD_lr_0.01_id_327/final_results.json
2025-05-01 10:57:22,522 - training.model_ViT-B-16_opt_SGD_lr_0.01_id_327 - INFO - Final results saved to model_results_v2/model_ViT-B-16_opt_SGD_lr_0.01_id_327/final_results.json
