2025-05-03 04:24:36,442 - training.model_DenseNet121_opt_Adam_lr_0.01_id_473 - INFO - Initialized training manager for model_DenseNet121_opt_Adam_lr_0.01_id_473
2025-05-03 04:24:36,442 - training.model_DenseNet121_opt_Adam_lr_0.01_id_473 - INFO - Config: {
  "id": 473,
  "model_name": "DenseNet121",
  "optimizer": "Adam",
  "learning_rate": 0.01,
  "scheduler": {
    "name": "ReduceLROnPlateau",
    "patience": 5,
    "factor": 0.5
  },
  "loss_fn": {
    "name": "FocalLoss",
    "alpha": 0.25,
    "gamma": 2.0
  }
}
2025-05-03 04:24:37,005 - training.model_DenseNet121_opt_Adam_lr_0.01_id_473 - INFO - Starting model evaluation
2025-05-03 04:24:48,335 - training.model_DenseNet121_opt_Adam_lr_0.01_id_473 - INFO - Evaluation metrics:
  Accuracy:  0.8474
  Precision: 0.6941
  Recall:    0.8252
  F1 Score:  0.7540
  IoU:       0.6051
  mAP:       0.7682
  AUC:       0.8980
2025-05-03 04:24:48,337 - training.model_DenseNet121_opt_Adam_lr_0.01_id_473 - INFO - Final results saved to model_results_v2/model_DenseNet121_opt_Adam_lr_0.01_id_473/final_results.json
2025-05-03 04:24:48,338 - training.model_DenseNet121_opt_Adam_lr_0.01_id_473 - INFO - Final results saved to model_results_v2/model_DenseNet121_opt_Adam_lr_0.01_id_473/final_results.json
