2025-05-01 11:29:24,491 - training.model_ViT-B-16_opt_Adam_lr_0.0001_id_393 - INFO - Initialized training manager for model_ViT-B-16_opt_Adam_lr_0.0001_id_393
2025-05-01 11:29:24,491 - training.model_ViT-B-16_opt_Adam_lr_0.0001_id_393 - INFO - Config: {
  "id": 393,
  "model_name": "ViT-B-16",
  "optimizer": "Adam",
  "learning_rate": 0.0001,
  "scheduler": {
    "name": "CosineAnnealingLR",
    "T_max": 10
  },
  "loss_fn": {
    "name": "LabelSmoothing",
    "smoothing": 0.1
  }
}
2025-05-03 02:50:31,094 - training.model_ViT-B-16_opt_Adam_lr_0.0001_id_393 - INFO - Initialized training manager for model_ViT-B-16_opt_Adam_lr_0.0001_id_393
2025-05-03 02:50:31,094 - training.model_ViT-B-16_opt_Adam_lr_0.0001_id_393 - INFO - Config: {
  "id": 393,
  "model_name": "ViT-B-16",
  "optimizer": "Adam",
  "learning_rate": 0.0001,
  "scheduler": {
    "name": "CosineAnnealingLR",
    "T_max": 10
  },
  "loss_fn": {
    "name": "LabelSmoothing",
    "smoothing": 0.1
  }
}
2025-05-03 02:50:31,855 - training.model_ViT-B-16_opt_Adam_lr_0.0001_id_393 - INFO - Starting model evaluation
2025-05-03 02:51:36,749 - training.model_ViT-B-16_opt_Adam_lr_0.0001_id_393 - INFO - Evaluation metrics:
  Accuracy:  0.8375
  Precision: 0.8765
  Recall:    0.4965
  F1 Score:  0.6339
  IoU:       0.4641
  mAP:       0.7914
  AUC:       0.8959
2025-05-03 02:51:36,752 - training.model_ViT-B-16_opt_Adam_lr_0.0001_id_393 - INFO - Final results saved to model_results_v2/model_ViT-B-16_opt_Adam_lr_0.0001_id_393/final_results.json
2025-05-03 02:51:36,754 - training.model_ViT-B-16_opt_Adam_lr_0.0001_id_393 - INFO - Final results saved to model_results_v2/model_ViT-B-16_opt_Adam_lr_0.0001_id_393/final_results.json
