2025-05-01 06:48:12,403 - training.model_ResNet101_opt_AdamW_lr_0.001_id_198 - INFO - Initialized training manager for model_ResNet101_opt_AdamW_lr_0.001_id_198
2025-05-01 06:48:12,403 - training.model_ResNet101_opt_AdamW_lr_0.001_id_198 - INFO - Config: {
  "id": 198,
  "model_name": "ResNet101",
  "optimizer": "AdamW",
  "learning_rate": 0.001,
  "scheduler": {
    "name": "ReduceLROnPlateau",
    "patience": 5,
    "factor": 0.5
  },
  "loss_fn": {
    "name": "LabelSmoothing",
    "smoothing": 0.1
  }
}
2025-05-01 06:48:14,386 - training.model_ResNet101_opt_AdamW_lr_0.001_id_198 - INFO - Starting model evaluation
2025-05-01 06:48:26,060 - training.model_ResNet101_opt_AdamW_lr_0.001_id_198 - INFO - Evaluation metrics:
  Accuracy:  0.8821
  Precision: 0.7569
  Recall:    0.8601
  F1 Score:  0.8052
  IoU:       0.6740
  mAP:       0.8892
  AUC:       0.9381
2025-05-01 06:48:26,062 - training.model_ResNet101_opt_AdamW_lr_0.001_id_198 - INFO - Final results saved to model_results_v2/model_ResNet101_opt_AdamW_lr_0.001_id_198/final_results.json
2025-05-01 06:48:26,063 - training.model_ResNet101_opt_AdamW_lr_0.001_id_198 - INFO - Final results saved to model_results_v2/model_ResNet101_opt_AdamW_lr_0.001_id_198/final_results.json
