2025-05-01 02:27:07,294 - training.model_ResNet50_opt_AdamW_lr_0.0001_id_98 - INFO - Initialized training manager for model_ResNet50_opt_AdamW_lr_0.0001_id_98
2025-05-01 02:27:07,294 - training.model_ResNet50_opt_AdamW_lr_0.0001_id_98 - INFO - Config: {
  "id": 98,
  "model_name": "ResNet50",
  "optimizer": "AdamW",
  "learning_rate": 0.0001,
  "scheduler": {
    "name": "StepLR",
    "step_size": 10,
    "gamma": 0.1
  },
  "loss_fn": {
    "name": "FocalLoss",
    "alpha": 0.25,
    "gamma": 2.0
  }
}
2025-05-01 02:27:07,541 - training.model_ResNet50_opt_AdamW_lr_0.0001_id_98 - INFO - Starting model evaluation
2025-05-01 02:27:15,006 - training.model_ResNet50_opt_AdamW_lr_0.0001_id_98 - INFO - Evaluation metrics:
  Accuracy:  0.9713
  Precision: 0.9477
  Recall:    0.9510
  F1 Score:  0.9494
  IoU:       0.9037
  mAP:       0.9770
  AUC:       0.9874
2025-05-01 02:27:15,008 - training.model_ResNet50_opt_AdamW_lr_0.0001_id_98 - INFO - Final results saved to model_results_v2/model_ResNet50_opt_AdamW_lr_0.0001_id_98/final_results.json
2025-05-01 02:27:15,009 - training.model_ResNet50_opt_AdamW_lr_0.0001_id_98 - INFO - Final results saved to model_results_v2/model_ResNet50_opt_AdamW_lr_0.0001_id_98/final_results.json
