2025-05-03 11:38:46,873 - training.model_ConvNeXt_opt_Adam_lr_0.001_id_702 - INFO - Initialized training manager for model_ConvNeXt_opt_Adam_lr_0.001_id_702
2025-05-03 11:38:46,874 - training.model_ConvNeXt_opt_Adam_lr_0.001_id_702 - INFO - Config: {
  "id": 702,
  "model_name": "ConvNeXt",
  "optimizer": "Adam",
  "learning_rate": 0.001,
  "scheduler": {
    "name": "ReduceLROnPlateau",
    "patience": 5,
    "factor": 0.5
  },
  "loss_fn": {
    "name": "LabelSmoothing",
    "smoothing": 0.1
  }
}
2025-05-03 11:40:29,309 - training.model_ConvNeXt_opt_Adam_lr_0.001_id_702 - INFO - Starting model evaluation
2025-05-03 11:40:41,977 - training.model_ConvNeXt_opt_Adam_lr_0.001_id_702 - INFO - Evaluation metrics:
  Accuracy:  0.2834
  Precision: 0.2834
  Recall:    1.0000
  F1 Score:  0.4417
  IoU:       0.2834
  mAP:       0.2590
  AUC:       0.4638
2025-05-03 11:40:41,979 - training.model_ConvNeXt_opt_Adam_lr_0.001_id_702 - INFO - Final results saved to model_results_v2/model_ConvNeXt_opt_Adam_lr_0.001_id_702/final_results.json
2025-05-03 11:40:41,980 - training.model_ConvNeXt_opt_Adam_lr_0.001_id_702 - INFO - Final results saved to model_results_v2/model_ConvNeXt_opt_Adam_lr_0.001_id_702/final_results.json
