2025-05-01 06:24:05,993 - training.model_ResNet101_opt_AdamW_lr_0.01_id_192 - INFO - Initialized training manager for model_ResNet101_opt_AdamW_lr_0.01_id_192
2025-05-01 06:24:05,993 - training.model_ResNet101_opt_AdamW_lr_0.01_id_192 - INFO - Config: {
  "id": 192,
  "model_name": "ResNet101",
  "optimizer": "AdamW",
  "learning_rate": 0.01,
  "scheduler": {
    "name": "CosineAnnealingWarmRestarts",
    "T_0": 10
  },
  "loss_fn": {
    "name": "LabelSmoothing",
    "smoothing": 0.1
  }
}
2025-05-01 06:24:07,975 - training.model_ResNet101_opt_AdamW_lr_0.01_id_192 - INFO - Starting model evaluation
2025-05-01 06:24:19,400 - training.model_ResNet101_opt_AdamW_lr_0.01_id_192 - INFO - Evaluation metrics:
  Accuracy:  0.7166
  Precision: 0.0000
  Recall:    0.0000
  F1 Score:  0.0000
  IoU:       0.0000
  mAP:       0.2830
  AUC:       0.4900
2025-05-01 06:24:19,401 - training.model_ResNet101_opt_AdamW_lr_0.01_id_192 - INFO - Final results saved to model_results_v2/model_ResNet101_opt_AdamW_lr_0.01_id_192/final_results.json
2025-05-01 06:24:19,402 - training.model_ResNet101_opt_AdamW_lr_0.01_id_192 - INFO - Final results saved to model_results_v2/model_ResNet101_opt_AdamW_lr_0.01_id_192/final_results.json
