2025-05-01 07:36:04,551 - training.model_EfficientNet-B2_opt_SGD_lr_0.01_id_228 - INFO - Initialized training manager for model_EfficientNet-B2_opt_SGD_lr_0.01_id_228
2025-05-01 07:36:04,551 - training.model_EfficientNet-B2_opt_SGD_lr_0.01_id_228 - INFO - Config: {
  "id": 228,
  "model_name": "EfficientNet-B2",
  "optimizer": "SGD",
  "learning_rate": 0.01,
  "scheduler": {
    "name": "CosineAnnealingWarmRestarts",
    "T_0": 10
  },
  "loss_fn": {
    "name": "LabelSmoothing",
    "smoothing": 0.1
  }
}
2025-05-01 07:36:05,542 - training.model_EfficientNet-B2_opt_SGD_lr_0.01_id_228 - INFO - Starting model evaluation
2025-05-01 07:36:16,627 - training.model_EfficientNet-B2_opt_SGD_lr_0.01_id_228 - INFO - Evaluation metrics:
  Accuracy:  0.9693
  Precision: 0.9322
  Recall:    0.9615
  F1 Score:  0.9466
  IoU:       0.8987
  mAP:       0.9868
  AUC:       0.9917
2025-05-01 07:36:16,629 - training.model_EfficientNet-B2_opt_SGD_lr_0.01_id_228 - INFO - Final results saved to model_results_v2/model_EfficientNet-B2_opt_SGD_lr_0.01_id_228/final_results.json
2025-05-01 07:36:16,630 - training.model_EfficientNet-B2_opt_SGD_lr_0.01_id_228 - INFO - Final results saved to model_results_v2/model_EfficientNet-B2_opt_SGD_lr_0.01_id_228/final_results.json
