2025-05-03 10:06:09,672 - training.model_ConvNeXt_opt_SGD_lr_0.001_id_666 - INFO - Initialized training manager for model_ConvNeXt_opt_SGD_lr_0.001_id_666
2025-05-03 10:06:09,672 - training.model_ConvNeXt_opt_SGD_lr_0.001_id_666 - INFO - Config: {
  "id": 666,
  "model_name": "ConvNeXt",
  "optimizer": "SGD",
  "learning_rate": 0.001,
  "scheduler": {
    "name": "ReduceLROnPlateau",
    "patience": 5,
    "factor": 0.5
  },
  "loss_fn": {
    "name": "LabelSmoothing",
    "smoothing": 0.1
  }
}
2025-05-03 10:06:10,484 - training.model_ConvNeXt_opt_SGD_lr_0.001_id_666 - INFO - Starting model evaluation
2025-05-03 10:06:21,907 - training.model_ConvNeXt_opt_SGD_lr_0.001_id_666 - INFO - Evaluation metrics:
  Accuracy:  0.9653
  Precision: 0.9254
  Recall:    0.9545
  F1 Score:  0.9398
  IoU:       0.8864
  mAP:       0.9865
  AUC:       0.9939
2025-05-03 10:06:21,909 - training.model_ConvNeXt_opt_SGD_lr_0.001_id_666 - INFO - Final results saved to model_results_v2/model_ConvNeXt_opt_SGD_lr_0.001_id_666/final_results.json
2025-05-03 10:06:21,911 - training.model_ConvNeXt_opt_SGD_lr_0.001_id_666 - INFO - Final results saved to model_results_v2/model_ConvNeXt_opt_SGD_lr_0.001_id_666/final_results.json
