2025-05-01 01:18:11,142 - training.model_ResNet50_opt_Adam_lr_0.0001_id_61 - INFO - Initialized training manager for model_ResNet50_opt_Adam_lr_0.0001_id_61
2025-05-01 01:18:11,142 - training.model_ResNet50_opt_Adam_lr_0.0001_id_61 - INFO - Config: {
  "id": 61,
  "model_name": "ResNet50",
  "optimizer": "Adam",
  "learning_rate": 0.0001,
  "scheduler": {
    "name": "StepLR",
    "step_size": 10,
    "gamma": 0.1
  },
  "loss_fn": {
    "name": "CrossEntropy"
  }
}
2025-05-01 01:34:12,969 - training.model_ResNet50_opt_Adam_lr_0.0001_id_61 - INFO - Starting model evaluation
2025-05-01 01:34:20,359 - training.model_ResNet50_opt_Adam_lr_0.0001_id_61 - INFO - Evaluation metrics:
  Accuracy:  0.9633
  Precision: 0.9368
  Recall:    0.9336
  F1 Score:  0.9352
  IoU:       0.8783
  mAP:       0.9544
  AUC:       0.9847
2025-05-01 01:34:20,361 - training.model_ResNet50_opt_Adam_lr_0.0001_id_61 - INFO - Final results saved to model_results_v2/model_ResNet50_opt_Adam_lr_0.0001_id_61/final_results.json
2025-05-01 01:34:20,363 - training.model_ResNet50_opt_Adam_lr_0.0001_id_61 - INFO - Final results saved to model_results_v2/model_ResNet50_opt_Adam_lr_0.0001_id_61/final_results.json
