2025-05-03 08:00:08,240 - training.model_MobileNetV3_opt_Adam_lr_0.0001_id_603 - INFO - Initialized training manager for model_MobileNetV3_opt_Adam_lr_0.0001_id_603
2025-05-03 08:00:08,240 - training.model_MobileNetV3_opt_Adam_lr_0.0001_id_603 - INFO - Config: {
  "id": 603,
  "model_name": "MobileNetV3",
  "optimizer": "Adam",
  "learning_rate": 0.0001,
  "scheduler": {
    "name": "StepLR",
    "step_size": 10,
    "gamma": 0.1
  },
  "loss_fn": {
    "name": "LabelSmoothing",
    "smoothing": 0.1
  }
}
2025-05-03 08:00:08,439 - training.model_MobileNetV3_opt_Adam_lr_0.0001_id_603 - INFO - Starting model evaluation
2025-05-03 08:00:17,551 - training.model_MobileNetV3_opt_Adam_lr_0.0001_id_603 - INFO - Evaluation metrics:
  Accuracy:  0.9663
  Precision: 0.9375
  Recall:    0.9441
  F1 Score:  0.9408
  IoU:       0.8882
  mAP:       0.9784
  AUC:       0.9905
2025-05-03 08:00:17,553 - training.model_MobileNetV3_opt_Adam_lr_0.0001_id_603 - INFO - Final results saved to model_results_v2/model_MobileNetV3_opt_Adam_lr_0.0001_id_603/final_results.json
2025-05-03 08:00:17,555 - training.model_MobileNetV3_opt_Adam_lr_0.0001_id_603 - INFO - Final results saved to model_results_v2/model_MobileNetV3_opt_Adam_lr_0.0001_id_603/final_results.json
