2025-05-03 10:07:11,906 - training.model_ConvNeXt_opt_SGD_lr_0.001_id_671 - INFO - Initialized training manager for model_ConvNeXt_opt_SGD_lr_0.001_id_671
2025-05-03 10:07:11,906 - training.model_ConvNeXt_opt_SGD_lr_0.001_id_671 - INFO - Config: {
  "id": 671,
  "model_name": "ConvNeXt",
  "optimizer": "SGD",
  "learning_rate": 0.001,
  "scheduler": {
    "name": "CosineAnnealingWarmRestarts",
    "T_0": 10
  },
  "loss_fn": {
    "name": "FocalLoss",
    "alpha": 0.25,
    "gamma": 2.0
  }
}
2025-05-03 10:07:12,770 - training.model_ConvNeXt_opt_SGD_lr_0.001_id_671 - INFO - Starting model evaluation
2025-05-03 10:07:24,287 - training.model_ConvNeXt_opt_SGD_lr_0.001_id_671 - INFO - Evaluation metrics:
  Accuracy:  0.9633
  Precision: 0.9164
  Recall:    0.9580
  F1 Score:  0.9368
  IoU:       0.8810
  mAP:       0.9835
  AUC:       0.9929
2025-05-03 10:07:24,289 - training.model_ConvNeXt_opt_SGD_lr_0.001_id_671 - INFO - Final results saved to model_results_v2/model_ConvNeXt_opt_SGD_lr_0.001_id_671/final_results.json
2025-05-03 10:07:24,290 - training.model_ConvNeXt_opt_SGD_lr_0.001_id_671 - INFO - Final results saved to model_results_v2/model_ConvNeXt_opt_SGD_lr_0.001_id_671/final_results.json
