2025-05-03 05:06:20,438 - training.model_DenseNet121_opt_Adam_lr_0.0001_id_495 - INFO - Initialized training manager for model_DenseNet121_opt_Adam_lr_0.0001_id_495
2025-05-03 05:06:20,438 - training.model_DenseNet121_opt_Adam_lr_0.0001_id_495 - INFO - Config: {
  "id": 495,
  "model_name": "DenseNet121",
  "optimizer": "Adam",
  "learning_rate": 0.0001,
  "scheduler": {
    "name": "StepLR",
    "step_size": 10,
    "gamma": 0.1
  },
  "loss_fn": {
    "name": "LabelSmoothing",
    "smoothing": 0.1
  }
}
2025-05-03 05:06:20,748 - training.model_DenseNet121_opt_Adam_lr_0.0001_id_495 - INFO - Starting model evaluation
2025-05-03 05:06:32,692 - training.model_DenseNet121_opt_Adam_lr_0.0001_id_495 - INFO - Evaluation metrics:
  Accuracy:  0.9604
  Precision: 0.9128
  Recall:    0.9510
  F1 Score:  0.9315
  IoU:       0.8718
  mAP:       0.9807
  AUC:       0.9897
2025-05-03 05:06:32,694 - training.model_DenseNet121_opt_Adam_lr_0.0001_id_495 - INFO - Final results saved to model_results_v2/model_DenseNet121_opt_Adam_lr_0.0001_id_495/final_results.json
2025-05-03 05:06:32,696 - training.model_DenseNet121_opt_Adam_lr_0.0001_id_495 - INFO - Final results saved to model_results_v2/model_DenseNet121_opt_Adam_lr_0.0001_id_495/final_results.json
