2025-05-03 05:49:11,228 - training.model_DenseNet121_opt_AdamW_lr_0.001_id_521 - INFO - Initialized training manager for model_DenseNet121_opt_AdamW_lr_0.001_id_521
2025-05-03 05:49:11,228 - training.model_DenseNet121_opt_AdamW_lr_0.001_id_521 - INFO - Config: {
  "id": 521,
  "model_name": "DenseNet121",
  "optimizer": "AdamW",
  "learning_rate": 0.001,
  "scheduler": {
    "name": "ReduceLROnPlateau",
    "patience": 5,
    "factor": 0.5
  },
  "loss_fn": {
    "name": "FocalLoss",
    "alpha": 0.25,
    "gamma": 2.0
  }
}
2025-05-03 05:49:11,900 - training.model_DenseNet121_opt_AdamW_lr_0.001_id_521 - INFO - Starting model evaluation
2025-05-03 05:49:23,690 - training.model_DenseNet121_opt_AdamW_lr_0.001_id_521 - INFO - Evaluation metrics:
  Accuracy:  0.9326
  Precision: 0.8759
  Recall:    0.8881
  F1 Score:  0.8819
  IoU:       0.7888
  mAP:       0.9350
  AUC:       0.9648
2025-05-03 05:49:23,692 - training.model_DenseNet121_opt_AdamW_lr_0.001_id_521 - INFO - Final results saved to model_results_v2/model_DenseNet121_opt_AdamW_lr_0.001_id_521/final_results.json
2025-05-03 05:49:23,693 - training.model_DenseNet121_opt_AdamW_lr_0.001_id_521 - INFO - Final results saved to model_results_v2/model_DenseNet121_opt_AdamW_lr_0.001_id_521/final_results.json
