2025-05-01 03:04:56,778 - training.model_ResNet101_opt_SGD_lr_0.001_id_130 - INFO - Initialized training manager for model_ResNet101_opt_SGD_lr_0.001_id_130
2025-05-01 03:04:56,778 - training.model_ResNet101_opt_SGD_lr_0.001_id_130 - INFO - Config: {
  "id": 130,
  "model_name": "ResNet101",
  "optimizer": "SGD",
  "learning_rate": 0.001,
  "scheduler": {
    "name": "CosineAnnealingWarmRestarts",
    "T_0": 10
  },
  "loss_fn": {
    "name": "CrossEntropy"
  }
}
2025-05-01 03:04:57,143 - training.model_ResNet101_opt_SGD_lr_0.001_id_130 - INFO - Starting model evaluation
2025-05-01 03:05:06,578 - training.model_ResNet101_opt_SGD_lr_0.001_id_130 - INFO - Evaluation metrics:
  Accuracy:  0.9703
  Precision: 0.9414
  Recall:    0.9545
  F1 Score:  0.9479
  IoU:       0.9010
  mAP:       0.9875
  AUC:       0.9929
2025-05-01 03:05:06,580 - training.model_ResNet101_opt_SGD_lr_0.001_id_130 - INFO - Final results saved to model_results_v2/model_ResNet101_opt_SGD_lr_0.001_id_130/final_results.json
2025-05-01 03:05:06,581 - training.model_ResNet101_opt_SGD_lr_0.001_id_130 - INFO - Final results saved to model_results_v2/model_ResNet101_opt_SGD_lr_0.001_id_130/final_results.json
