2025-05-01 02:46:23,756 - training.model_ResNet101_opt_SGD_lr_0.01_id_117 - INFO - Initialized training manager for model_ResNet101_opt_SGD_lr_0.01_id_117
2025-05-01 02:46:23,756 - training.model_ResNet101_opt_SGD_lr_0.01_id_117 - INFO - Config: {
  "id": 117,
  "model_name": "ResNet101",
  "optimizer": "SGD",
  "learning_rate": 0.01,
  "scheduler": {
    "name": "CosineAnnealingLR",
    "T_max": 10
  },
  "loss_fn": {
    "name": "LabelSmoothing",
    "smoothing": 0.1
  }
}
2025-05-01 02:46:24,110 - training.model_ResNet101_opt_SGD_lr_0.01_id_117 - INFO - Starting model evaluation
2025-05-01 02:46:33,445 - training.model_ResNet101_opt_SGD_lr_0.01_id_117 - INFO - Evaluation metrics:
  Accuracy:  0.9693
  Precision: 0.9264
  Recall:    0.9685
  F1 Score:  0.9470
  IoU:       0.8994
  mAP:       0.9852
  AUC:       0.9944
2025-05-01 02:46:33,446 - training.model_ResNet101_opt_SGD_lr_0.01_id_117 - INFO - Final results saved to model_results_v2/model_ResNet101_opt_SGD_lr_0.01_id_117/final_results.json
2025-05-01 02:46:33,448 - training.model_ResNet101_opt_SGD_lr_0.01_id_117 - INFO - Final results saved to model_results_v2/model_ResNet101_opt_SGD_lr_0.01_id_117/final_results.json
