2025-05-01 00:02:39,224 - training.model_ResNet50_opt_SGD_lr_0.001 - INFO - Initialized training manager for model_ResNet50_opt_SGD_lr_0.001
2025-05-01 00:02:39,224 - training.model_ResNet50_opt_SGD_lr_0.001 - INFO - Config: {
  "id": 13,
  "model_name": "ResNet50",
  "optimizer": "SGD",
  "learning_rate": 0.001,
  "scheduler": {
    "name": "StepLR",
    "step_size": 10,
    "gamma": 0.1
  },
  "loss_fn": {
    "name": "CrossEntropy"
  }
}
2025-05-01 00:02:39,224 - training.model_ResNet50_opt_SGD_lr_0.001 - INFO - No checkpoint found, starting fresh training
2025-05-01 00:02:39,225 - training.model_ResNet50_opt_SGD_lr_0.001 - INFO - Starting epoch 1/20
2025-05-01 00:03:01,397 - training.model_ResNet50_opt_SGD_lr_0.001 - INFO - Checkpoint saved at epoch 0
2025-05-01 00:03:30,173 - training.model_ResNet50_opt_SGD_lr_0.001 - INFO - Validation accuracy improved from 0.0000 to 0.8070
2025-05-01 00:03:30,226 - training.model_ResNet50_opt_SGD_lr_0.001 - INFO - Epoch 1 completed in 51.00s - Train Loss: 0.6197, Train Acc: 0.7415, Val Loss: 0.5385, Val Acc: 0.8070
2025-05-01 00:03:30,387 - training.model_ResNet50_opt_SGD_lr_0.001 - INFO - Checkpoint saved at epoch 0
2025-05-01 00:03:30,387 - training.model_ResNet50_opt_SGD_lr_0.001 - INFO - Starting epoch 2/20
2025-05-01 00:03:52,124 - training.model_ResNet50_opt_SGD_lr_0.001 - INFO - Checkpoint saved at epoch 1
2025-05-01 00:04:21,476 - training.model_ResNet50_opt_SGD_lr_0.001 - INFO - Validation accuracy improved from 0.8070 to 0.8722
2025-05-01 00:04:21,569 - training.model_ResNet50_opt_SGD_lr_0.001 - INFO - Epoch 2 completed in 51.18s - Train Loss: 0.5021, Train Acc: 0.8411, Val Loss: 0.4621, Val Acc: 0.8722
2025-05-01 00:04:21,715 - training.model_ResNet50_opt_SGD_lr_0.001 - INFO - Checkpoint saved at epoch 1
2025-05-01 00:04:21,715 - training.model_ResNet50_opt_SGD_lr_0.001 - INFO - Starting epoch 3/20
2025-05-01 00:04:43,613 - training.model_ResNet50_opt_SGD_lr_0.001 - INFO - Checkpoint saved at epoch 2
2025-05-01 00:05:12,560 - training.model_ResNet50_opt_SGD_lr_0.001 - INFO - Validation accuracy improved from 0.8722 to 0.9091
2025-05-01 00:05:12,635 - training.model_ResNet50_opt_SGD_lr_0.001 - INFO - Epoch 3 completed in 50.92s - Train Loss: 0.4371, Train Acc: 0.9013, Val Loss: 0.4194, Val Acc: 0.9091
2025-05-01 00:05:12,788 - training.model_ResNet50_opt_SGD_lr_0.001 - INFO - Checkpoint saved at epoch 2
2025-05-01 00:05:12,788 - training.model_ResNet50_opt_SGD_lr_0.001 - INFO - Starting epoch 4/20
2025-05-01 00:05:34,607 - training.model_ResNet50_opt_SGD_lr_0.001 - INFO - Checkpoint saved at epoch 3
2025-05-01 00:06:03,565 - training.model_ResNet50_opt_SGD_lr_0.001 - INFO - Validation accuracy improved from 0.9091 to 0.9400
2025-05-01 00:06:03,647 - training.model_ResNet50_opt_SGD_lr_0.001 - INFO - Epoch 4 completed in 50.86s - Train Loss: 0.4014, Train Acc: 0.9311, Val Loss: 0.3885, Val Acc: 0.9400
2025-05-01 00:06:03,791 - training.model_ResNet50_opt_SGD_lr_0.001 - INFO - Checkpoint saved at epoch 3
2025-05-01 00:06:03,791 - training.model_ResNet50_opt_SGD_lr_0.001 - INFO - Starting epoch 5/20
2025-05-01 00:06:25,939 - training.model_ResNet50_opt_SGD_lr_0.001 - INFO - Checkpoint saved at epoch 4
2025-05-01 00:06:55,239 - training.model_ResNet50_opt_SGD_lr_0.001 - INFO - Validation accuracy improved from 0.9400 to 0.9434
2025-05-01 00:06:55,328 - training.model_ResNet50_opt_SGD_lr_0.001 - INFO - Epoch 5 completed in 51.54s - Train Loss: 0.3762, Train Acc: 0.9535, Val Loss: 0.3748, Val Acc: 0.9434
2025-05-01 00:06:55,471 - training.model_ResNet50_opt_SGD_lr_0.001 - INFO - Checkpoint saved at epoch 4
2025-05-01 00:06:55,472 - training.model_ResNet50_opt_SGD_lr_0.001 - INFO - Starting epoch 6/20
2025-05-01 00:07:17,510 - training.model_ResNet50_opt_SGD_lr_0.001 - INFO - Checkpoint saved at epoch 5
2025-05-01 00:07:46,723 - training.model_ResNet50_opt_SGD_lr_0.001 - INFO - Validation accuracy improved from 0.9434 to 0.9666
2025-05-01 00:07:46,817 - training.model_ResNet50_opt_SGD_lr_0.001 - INFO - Epoch 6 completed in 51.34s - Train Loss: 0.3567, Train Acc: 0.9687, Val Loss: 0.3574, Val Acc: 0.9666
2025-05-01 00:07:46,961 - training.model_ResNet50_opt_SGD_lr_0.001 - INFO - Checkpoint saved at epoch 5
2025-05-01 00:07:46,961 - training.model_ResNet50_opt_SGD_lr_0.001 - INFO - Starting epoch 7/20
2025-05-01 00:08:08,736 - training.model_ResNet50_opt_SGD_lr_0.001 - INFO - Checkpoint saved at epoch 6
2025-05-01 00:08:38,179 - training.model_ResNet50_opt_SGD_lr_0.001 - INFO - Validation accuracy improved from 0.9666 to 0.9726
2025-05-01 00:08:38,255 - training.model_ResNet50_opt_SGD_lr_0.001 - INFO - Epoch 7 completed in 51.29s - Train Loss: 0.3459, Train Acc: 0.9796, Val Loss: 0.3478, Val Acc: 0.9726
2025-05-01 00:08:38,401 - training.model_ResNet50_opt_SGD_lr_0.001 - INFO - Checkpoint saved at epoch 6
2025-05-01 00:08:38,402 - training.model_ResNet50_opt_SGD_lr_0.001 - INFO - Starting epoch 8/20
2025-05-01 00:09:00,143 - training.model_ResNet50_opt_SGD_lr_0.001 - INFO - Checkpoint saved at epoch 7
2025-05-01 00:09:29,544 - training.model_ResNet50_opt_SGD_lr_0.001 - INFO - Validation accuracy improved from 0.9726 to 0.9803
2025-05-01 00:09:29,626 - training.model_ResNet50_opt_SGD_lr_0.001 - INFO - Epoch 8 completed in 51.22s - Train Loss: 0.3359, Train Acc: 0.9871, Val Loss: 0.3403, Val Acc: 0.9803
2025-05-01 00:09:29,778 - training.model_ResNet50_opt_SGD_lr_0.001 - INFO - Checkpoint saved at epoch 7
2025-05-01 00:09:29,779 - training.model_ResNet50_opt_SGD_lr_0.001 - INFO - Starting epoch 9/20
2025-05-01 00:09:51,285 - training.model_ResNet50_opt_SGD_lr_0.001 - INFO - Checkpoint saved at epoch 8
2025-05-01 00:10:20,673 - training.model_ResNet50_opt_SGD_lr_0.001 - INFO - Validation loss improved from inf to 0.3400
2025-05-01 00:10:20,763 - training.model_ResNet50_opt_SGD_lr_0.001 - INFO - Epoch 9 completed in 50.98s - Train Loss: 0.3314, Train Acc: 0.9893, Val Loss: 0.3400, Val Acc: 0.9768
2025-05-01 00:10:20,917 - training.model_ResNet50_opt_SGD_lr_0.001 - INFO - Checkpoint saved at epoch 8
2025-05-01 00:10:20,917 - training.model_ResNet50_opt_SGD_lr_0.001 - INFO - Starting epoch 10/20
2025-05-01 00:10:42,660 - training.model_ResNet50_opt_SGD_lr_0.001 - INFO - Checkpoint saved at epoch 9
2025-05-01 00:11:11,930 - training.model_ResNet50_opt_SGD_lr_0.001 - INFO - Validation accuracy improved from 0.9803 to 0.9837
2025-05-01 00:11:12,032 - training.model_ResNet50_opt_SGD_lr_0.001 - INFO - Epoch 10 completed in 51.11s - Train Loss: 0.3270, Train Acc: 0.9934, Val Loss: 0.3350, Val Acc: 0.9837
2025-05-01 00:11:12,179 - training.model_ResNet50_opt_SGD_lr_0.001 - INFO - Checkpoint saved at epoch 9
2025-05-01 00:11:12,180 - training.model_ResNet50_opt_SGD_lr_0.001 - INFO - Starting epoch 11/20
2025-05-01 00:11:33,935 - training.model_ResNet50_opt_SGD_lr_0.001 - INFO - Checkpoint saved at epoch 10
2025-05-01 00:12:03,552 - training.model_ResNet50_opt_SGD_lr_0.001 - INFO - Validation loss improved from 0.3400 to 0.3349
2025-05-01 00:12:03,641 - training.model_ResNet50_opt_SGD_lr_0.001 - INFO - Epoch 11 completed in 51.46s - Train Loss: 0.3254, Train Acc: 0.9931, Val Loss: 0.3349, Val Acc: 0.9820
2025-05-01 00:12:03,797 - training.model_ResNet50_opt_SGD_lr_0.001 - INFO - Checkpoint saved at epoch 10
2025-05-01 00:12:03,797 - training.model_ResNet50_opt_SGD_lr_0.001 - INFO - Starting epoch 12/20
2025-05-01 00:12:25,590 - training.model_ResNet50_opt_SGD_lr_0.001 - INFO - Checkpoint saved at epoch 11
2025-05-01 00:12:55,181 - training.model_ResNet50_opt_SGD_lr_0.001 - INFO - Epoch 12 completed in 51.38s - Train Loss: 0.3251, Train Acc: 0.9938, Val Loss: 0.3364, Val Acc: 0.9794
2025-05-01 00:12:55,352 - training.model_ResNet50_opt_SGD_lr_0.001 - INFO - Checkpoint saved at epoch 11
2025-05-01 00:12:55,353 - training.model_ResNet50_opt_SGD_lr_0.001 - INFO - Starting epoch 13/20
2025-05-01 00:13:17,354 - training.model_ResNet50_opt_SGD_lr_0.001 - INFO - Checkpoint saved at epoch 12
2025-05-01 00:13:46,519 - training.model_ResNet50_opt_SGD_lr_0.001 - INFO - Epoch 13 completed in 51.17s - Train Loss: 0.3248, Train Acc: 0.9949, Val Loss: 0.3358, Val Acc: 0.9786
2025-05-01 00:13:46,669 - training.model_ResNet50_opt_SGD_lr_0.001 - INFO - Checkpoint saved at epoch 12
2025-05-01 00:13:46,670 - training.model_ResNet50_opt_SGD_lr_0.001 - INFO - Starting epoch 14/20
2025-05-01 00:14:08,171 - training.model_ResNet50_opt_SGD_lr_0.001 - INFO - Checkpoint saved at epoch 13
2025-05-01 00:14:37,503 - training.model_ResNet50_opt_SGD_lr_0.001 - INFO - Validation loss improved from 0.3349 to 0.3347
2025-05-01 00:14:37,596 - training.model_ResNet50_opt_SGD_lr_0.001 - INFO - Epoch 14 completed in 50.93s - Train Loss: 0.3242, Train Acc: 0.9946, Val Loss: 0.3347, Val Acc: 0.9777
2025-05-01 00:14:37,732 - training.model_ResNet50_opt_SGD_lr_0.001 - INFO - Checkpoint saved at epoch 13
2025-05-01 00:14:37,733 - training.model_ResNet50_opt_SGD_lr_0.001 - INFO - Starting epoch 15/20
2025-05-01 00:14:59,622 - training.model_ResNet50_opt_SGD_lr_0.001 - INFO - Checkpoint saved at epoch 14
2025-05-01 00:15:28,940 - training.model_ResNet50_opt_SGD_lr_0.001 - INFO - Validation loss improved from 0.3347 to 0.3336
2025-05-01 00:15:29,019 - training.model_ResNet50_opt_SGD_lr_0.001 - INFO - Epoch 15 completed in 51.29s - Train Loss: 0.3262, Train Acc: 0.9936, Val Loss: 0.3336, Val Acc: 0.9828
2025-05-01 00:15:29,164 - training.model_ResNet50_opt_SGD_lr_0.001 - INFO - Checkpoint saved at epoch 14
2025-05-01 00:15:29,165 - training.model_ResNet50_opt_SGD_lr_0.001 - INFO - Starting epoch 16/20
2025-05-01 00:15:51,015 - training.model_ResNet50_opt_SGD_lr_0.001 - INFO - Checkpoint saved at epoch 15
2025-05-01 00:16:20,706 - training.model_ResNet50_opt_SGD_lr_0.001 - INFO - Epoch 16 completed in 51.54s - Train Loss: 0.3247, Train Acc: 0.9942, Val Loss: 0.3356, Val Acc: 0.9803
2025-05-01 00:16:20,864 - training.model_ResNet50_opt_SGD_lr_0.001 - INFO - Checkpoint saved at epoch 15
2025-05-01 00:16:20,864 - training.model_ResNet50_opt_SGD_lr_0.001 - INFO - Starting epoch 17/20
2025-05-01 00:16:42,657 - training.model_ResNet50_opt_SGD_lr_0.001 - INFO - Checkpoint saved at epoch 16
2025-05-01 00:17:12,202 - training.model_ResNet50_opt_SGD_lr_0.001 - INFO - Validation loss improved from 0.3336 to 0.3329
2025-05-01 00:17:12,292 - training.model_ResNet50_opt_SGD_lr_0.001 - INFO - Epoch 17 completed in 51.43s - Train Loss: 0.3253, Train Acc: 0.9929, Val Loss: 0.3329, Val Acc: 0.9811
2025-05-01 00:17:12,439 - training.model_ResNet50_opt_SGD_lr_0.001 - INFO - Checkpoint saved at epoch 16
2025-05-01 00:17:12,440 - training.model_ResNet50_opt_SGD_lr_0.001 - INFO - Starting epoch 18/20
2025-05-01 00:17:33,987 - training.model_ResNet50_opt_SGD_lr_0.001 - INFO - Checkpoint saved at epoch 17
2025-05-01 00:18:03,756 - training.model_ResNet50_opt_SGD_lr_0.001 - INFO - Epoch 18 completed in 51.32s - Train Loss: 0.3234, Train Acc: 0.9949, Val Loss: 0.3336, Val Acc: 0.9820
2025-05-01 00:18:03,903 - training.model_ResNet50_opt_SGD_lr_0.001 - INFO - Checkpoint saved at epoch 17
2025-05-01 00:18:03,904 - training.model_ResNet50_opt_SGD_lr_0.001 - INFO - Starting epoch 19/20
2025-05-01 00:18:25,973 - training.model_ResNet50_opt_SGD_lr_0.001 - INFO - Checkpoint saved at epoch 18
2025-05-01 00:18:55,344 - training.model_ResNet50_opt_SGD_lr_0.001 - INFO - Epoch 19 completed in 51.44s - Train Loss: 0.3239, Train Acc: 0.9936, Val Loss: 0.3339, Val Acc: 0.9837
2025-05-01 00:18:55,494 - training.model_ResNet50_opt_SGD_lr_0.001 - INFO - Checkpoint saved at epoch 18
2025-05-01 00:18:55,494 - training.model_ResNet50_opt_SGD_lr_0.001 - INFO - Starting epoch 20/20
2025-05-01 00:19:17,076 - training.model_ResNet50_opt_SGD_lr_0.001 - INFO - Checkpoint saved at epoch 19
2025-05-01 00:19:46,759 - training.model_ResNet50_opt_SGD_lr_0.001 - INFO - Epoch 20 completed in 51.26s - Train Loss: 0.3242, Train Acc: 0.9949, Val Loss: 0.3351, Val Acc: 0.9811
2025-05-01 00:19:46,900 - training.model_ResNet50_opt_SGD_lr_0.001 - INFO - Checkpoint saved at epoch 19
2025-05-01 00:19:46,901 - training.model_ResNet50_opt_SGD_lr_0.001 - INFO - Training completed after 1027.53 seconds
2025-05-01 00:19:55,741 - training.model_ResNet50_opt_SGD_lr_0.001 - INFO - Initialized training manager for model_ResNet50_opt_SGD_lr_0.001
2025-05-01 00:19:55,741 - training.model_ResNet50_opt_SGD_lr_0.001 - INFO - Initialized training manager for model_ResNet50_opt_SGD_lr_0.001
2025-05-01 00:19:55,741 - training.model_ResNet50_opt_SGD_lr_0.001 - INFO - Config: {
  "id": 14,
  "model_name": "ResNet50",
  "optimizer": "SGD",
  "learning_rate": 0.001,
  "scheduler": {
    "name": "StepLR",
    "step_size": 10,
    "gamma": 0.1
  },
  "loss_fn": {
    "name": "FocalLoss",
    "alpha": 0.25,
    "gamma": 2.0
  }
}
2025-05-01 00:19:55,741 - training.model_ResNet50_opt_SGD_lr_0.001 - INFO - Config: {
  "id": 14,
  "model_name": "ResNet50",
  "optimizer": "SGD",
  "learning_rate": 0.001,
  "scheduler": {
    "name": "StepLR",
    "step_size": 10,
    "gamma": 0.1
  },
  "loss_fn": {
    "name": "FocalLoss",
    "alpha": 0.25,
    "gamma": 2.0
  }
}
2025-05-01 00:19:55,741 - training.model_ResNet50_opt_SGD_lr_0.001 - INFO - Loading checkpoint from model_results_v2/model_ResNet50_opt_SGD_lr_0.001/checkpoint.pt
2025-05-01 00:19:55,741 - training.model_ResNet50_opt_SGD_lr_0.001 - INFO - Loading checkpoint from model_results_v2/model_ResNet50_opt_SGD_lr_0.001/checkpoint.pt
2025-05-01 00:19:55,798 - training.model_ResNet50_opt_SGD_lr_0.001 - INFO - Resuming from epoch 20, best validation accuracy: 0.9837
2025-05-01 00:19:55,798 - training.model_ResNet50_opt_SGD_lr_0.001 - INFO - Resuming from epoch 20, best validation accuracy: 0.9837
2025-05-01 00:19:55,799 - training.model_ResNet50_opt_SGD_lr_0.001 - INFO - Training completed after 1027.53 seconds
2025-05-01 00:19:55,799 - training.model_ResNet50_opt_SGD_lr_0.001 - INFO - Training completed after 1027.53 seconds
2025-05-01 00:20:04,844 - training.model_ResNet50_opt_SGD_lr_0.001 - INFO - Initialized training manager for model_ResNet50_opt_SGD_lr_0.001
2025-05-01 00:20:04,844 - training.model_ResNet50_opt_SGD_lr_0.001 - INFO - Initialized training manager for model_ResNet50_opt_SGD_lr_0.001
2025-05-01 00:20:04,844 - training.model_ResNet50_opt_SGD_lr_0.001 - INFO - Initialized training manager for model_ResNet50_opt_SGD_lr_0.001
2025-05-01 00:20:04,844 - training.model_ResNet50_opt_SGD_lr_0.001 - INFO - Config: {
  "id": 15,
  "model_name": "ResNet50",
  "optimizer": "SGD",
  "learning_rate": 0.001,
  "scheduler": {
    "name": "StepLR",
    "step_size": 10,
    "gamma": 0.1
  },
  "loss_fn": {
    "name": "LabelSmoothing",
    "smoothing": 0.1
  }
}
2025-05-01 00:20:04,844 - training.model_ResNet50_opt_SGD_lr_0.001 - INFO - Config: {
  "id": 15,
  "model_name": "ResNet50",
  "optimizer": "SGD",
  "learning_rate": 0.001,
  "scheduler": {
    "name": "StepLR",
    "step_size": 10,
    "gamma": 0.1
  },
  "loss_fn": {
    "name": "LabelSmoothing",
    "smoothing": 0.1
  }
}
2025-05-01 00:20:04,844 - training.model_ResNet50_opt_SGD_lr_0.001 - INFO - Config: {
  "id": 15,
  "model_name": "ResNet50",
  "optimizer": "SGD",
  "learning_rate": 0.001,
  "scheduler": {
    "name": "StepLR",
    "step_size": 10,
    "gamma": 0.1
  },
  "loss_fn": {
    "name": "LabelSmoothing",
    "smoothing": 0.1
  }
}
2025-05-01 00:20:04,844 - training.model_ResNet50_opt_SGD_lr_0.001 - INFO - Loading checkpoint from model_results_v2/model_ResNet50_opt_SGD_lr_0.001/checkpoint.pt
2025-05-01 00:20:04,844 - training.model_ResNet50_opt_SGD_lr_0.001 - INFO - Loading checkpoint from model_results_v2/model_ResNet50_opt_SGD_lr_0.001/checkpoint.pt
2025-05-01 00:20:04,844 - training.model_ResNet50_opt_SGD_lr_0.001 - INFO - Loading checkpoint from model_results_v2/model_ResNet50_opt_SGD_lr_0.001/checkpoint.pt
2025-05-01 00:20:04,913 - training.model_ResNet50_opt_SGD_lr_0.001 - INFO - Resuming from epoch 20, best validation accuracy: 0.9837
2025-05-01 00:20:04,913 - training.model_ResNet50_opt_SGD_lr_0.001 - INFO - Resuming from epoch 20, best validation accuracy: 0.9837
2025-05-01 00:20:04,913 - training.model_ResNet50_opt_SGD_lr_0.001 - INFO - Resuming from epoch 20, best validation accuracy: 0.9837
2025-05-01 00:20:04,914 - training.model_ResNet50_opt_SGD_lr_0.001 - INFO - Training completed after 1027.53 seconds
2025-05-01 00:20:04,914 - training.model_ResNet50_opt_SGD_lr_0.001 - INFO - Training completed after 1027.53 seconds
2025-05-01 00:20:04,914 - training.model_ResNet50_opt_SGD_lr_0.001 - INFO - Training completed after 1027.53 seconds
2025-05-01 00:20:13,985 - training.model_ResNet50_opt_SGD_lr_0.001 - INFO - Initialized training manager for model_ResNet50_opt_SGD_lr_0.001
2025-05-01 00:20:13,985 - training.model_ResNet50_opt_SGD_lr_0.001 - INFO - Initialized training manager for model_ResNet50_opt_SGD_lr_0.001
2025-05-01 00:20:13,985 - training.model_ResNet50_opt_SGD_lr_0.001 - INFO - Initialized training manager for model_ResNet50_opt_SGD_lr_0.001
2025-05-01 00:20:13,985 - training.model_ResNet50_opt_SGD_lr_0.001 - INFO - Initialized training manager for model_ResNet50_opt_SGD_lr_0.001
2025-05-01 00:20:13,985 - training.model_ResNet50_opt_SGD_lr_0.001 - INFO - Config: {
  "id": 16,
  "model_name": "ResNet50",
  "optimizer": "SGD",
  "learning_rate": 0.001,
  "scheduler": {
    "name": "ReduceLROnPlateau",
    "patience": 5,
    "factor": 0.5
  },
  "loss_fn": {
    "name": "CrossEntropy"
  }
}
2025-05-01 00:20:13,985 - training.model_ResNet50_opt_SGD_lr_0.001 - INFO - Config: {
  "id": 16,
  "model_name": "ResNet50",
  "optimizer": "SGD",
  "learning_rate": 0.001,
  "scheduler": {
    "name": "ReduceLROnPlateau",
    "patience": 5,
    "factor": 0.5
  },
  "loss_fn": {
    "name": "CrossEntropy"
  }
}
2025-05-01 00:20:13,985 - training.model_ResNet50_opt_SGD_lr_0.001 - INFO - Config: {
  "id": 16,
  "model_name": "ResNet50",
  "optimizer": "SGD",
  "learning_rate": 0.001,
  "scheduler": {
    "name": "ReduceLROnPlateau",
    "patience": 5,
    "factor": 0.5
  },
  "loss_fn": {
    "name": "CrossEntropy"
  }
}
2025-05-01 00:20:13,985 - training.model_ResNet50_opt_SGD_lr_0.001 - INFO - Config: {
  "id": 16,
  "model_name": "ResNet50",
  "optimizer": "SGD",
  "learning_rate": 0.001,
  "scheduler": {
    "name": "ReduceLROnPlateau",
    "patience": 5,
    "factor": 0.5
  },
  "loss_fn": {
    "name": "CrossEntropy"
  }
}
2025-05-01 00:20:13,986 - training.model_ResNet50_opt_SGD_lr_0.001 - INFO - Loading checkpoint from model_results_v2/model_ResNet50_opt_SGD_lr_0.001/checkpoint.pt
2025-05-01 00:20:13,986 - training.model_ResNet50_opt_SGD_lr_0.001 - INFO - Loading checkpoint from model_results_v2/model_ResNet50_opt_SGD_lr_0.001/checkpoint.pt
2025-05-01 00:20:13,986 - training.model_ResNet50_opt_SGD_lr_0.001 - INFO - Loading checkpoint from model_results_v2/model_ResNet50_opt_SGD_lr_0.001/checkpoint.pt
2025-05-01 00:20:13,986 - training.model_ResNet50_opt_SGD_lr_0.001 - INFO - Loading checkpoint from model_results_v2/model_ResNet50_opt_SGD_lr_0.001/checkpoint.pt
2025-05-01 00:20:14,043 - training.model_ResNet50_opt_SGD_lr_0.001 - INFO - Resuming from epoch 20, best validation accuracy: 0.9837
2025-05-01 00:20:14,043 - training.model_ResNet50_opt_SGD_lr_0.001 - INFO - Resuming from epoch 20, best validation accuracy: 0.9837
2025-05-01 00:20:14,043 - training.model_ResNet50_opt_SGD_lr_0.001 - INFO - Resuming from epoch 20, best validation accuracy: 0.9837
2025-05-01 00:20:14,043 - training.model_ResNet50_opt_SGD_lr_0.001 - INFO - Resuming from epoch 20, best validation accuracy: 0.9837
2025-05-01 00:20:14,044 - training.model_ResNet50_opt_SGD_lr_0.001 - INFO - Training completed after 1027.53 seconds
2025-05-01 00:20:14,044 - training.model_ResNet50_opt_SGD_lr_0.001 - INFO - Training completed after 1027.53 seconds
2025-05-01 00:20:14,044 - training.model_ResNet50_opt_SGD_lr_0.001 - INFO - Training completed after 1027.53 seconds
2025-05-01 00:20:14,044 - training.model_ResNet50_opt_SGD_lr_0.001 - INFO - Training completed after 1027.53 seconds
2025-05-01 00:20:23,018 - training.model_ResNet50_opt_SGD_lr_0.001 - INFO - Initialized training manager for model_ResNet50_opt_SGD_lr_0.001
2025-05-01 00:20:23,018 - training.model_ResNet50_opt_SGD_lr_0.001 - INFO - Initialized training manager for model_ResNet50_opt_SGD_lr_0.001
2025-05-01 00:20:23,018 - training.model_ResNet50_opt_SGD_lr_0.001 - INFO - Initialized training manager for model_ResNet50_opt_SGD_lr_0.001
2025-05-01 00:20:23,018 - training.model_ResNet50_opt_SGD_lr_0.001 - INFO - Initialized training manager for model_ResNet50_opt_SGD_lr_0.001
2025-05-01 00:20:23,018 - training.model_ResNet50_opt_SGD_lr_0.001 - INFO - Initialized training manager for model_ResNet50_opt_SGD_lr_0.001
2025-05-01 00:20:23,018 - training.model_ResNet50_opt_SGD_lr_0.001 - INFO - Config: {
  "id": 17,
  "model_name": "ResNet50",
  "optimizer": "SGD",
  "learning_rate": 0.001,
  "scheduler": {
    "name": "ReduceLROnPlateau",
    "patience": 5,
    "factor": 0.5
  },
  "loss_fn": {
    "name": "FocalLoss",
    "alpha": 0.25,
    "gamma": 2.0
  }
}
2025-05-01 00:20:23,018 - training.model_ResNet50_opt_SGD_lr_0.001 - INFO - Config: {
  "id": 17,
  "model_name": "ResNet50",
  "optimizer": "SGD",
  "learning_rate": 0.001,
  "scheduler": {
    "name": "ReduceLROnPlateau",
    "patience": 5,
    "factor": 0.5
  },
  "loss_fn": {
    "name": "FocalLoss",
    "alpha": 0.25,
    "gamma": 2.0
  }
}
2025-05-01 00:20:23,018 - training.model_ResNet50_opt_SGD_lr_0.001 - INFO - Config: {
  "id": 17,
  "model_name": "ResNet50",
  "optimizer": "SGD",
  "learning_rate": 0.001,
  "scheduler": {
    "name": "ReduceLROnPlateau",
    "patience": 5,
    "factor": 0.5
  },
  "loss_fn": {
    "name": "FocalLoss",
    "alpha": 0.25,
    "gamma": 2.0
  }
}
2025-05-01 00:20:23,018 - training.model_ResNet50_opt_SGD_lr_0.001 - INFO - Config: {
  "id": 17,
  "model_name": "ResNet50",
  "optimizer": "SGD",
  "learning_rate": 0.001,
  "scheduler": {
    "name": "ReduceLROnPlateau",
    "patience": 5,
    "factor": 0.5
  },
  "loss_fn": {
    "name": "FocalLoss",
    "alpha": 0.25,
    "gamma": 2.0
  }
}
2025-05-01 00:20:23,018 - training.model_ResNet50_opt_SGD_lr_0.001 - INFO - Config: {
  "id": 17,
  "model_name": "ResNet50",
  "optimizer": "SGD",
  "learning_rate": 0.001,
  "scheduler": {
    "name": "ReduceLROnPlateau",
    "patience": 5,
    "factor": 0.5
  },
  "loss_fn": {
    "name": "FocalLoss",
    "alpha": 0.25,
    "gamma": 2.0
  }
}
2025-05-01 00:20:23,018 - training.model_ResNet50_opt_SGD_lr_0.001 - INFO - Loading checkpoint from model_results_v2/model_ResNet50_opt_SGD_lr_0.001/checkpoint.pt
2025-05-01 00:20:23,018 - training.model_ResNet50_opt_SGD_lr_0.001 - INFO - Loading checkpoint from model_results_v2/model_ResNet50_opt_SGD_lr_0.001/checkpoint.pt
2025-05-01 00:20:23,018 - training.model_ResNet50_opt_SGD_lr_0.001 - INFO - Loading checkpoint from model_results_v2/model_ResNet50_opt_SGD_lr_0.001/checkpoint.pt
2025-05-01 00:20:23,018 - training.model_ResNet50_opt_SGD_lr_0.001 - INFO - Loading checkpoint from model_results_v2/model_ResNet50_opt_SGD_lr_0.001/checkpoint.pt
2025-05-01 00:20:23,018 - training.model_ResNet50_opt_SGD_lr_0.001 - INFO - Loading checkpoint from model_results_v2/model_ResNet50_opt_SGD_lr_0.001/checkpoint.pt
2025-05-01 00:20:23,076 - training.model_ResNet50_opt_SGD_lr_0.001 - INFO - Resuming from epoch 20, best validation accuracy: 0.9837
2025-05-01 00:20:23,076 - training.model_ResNet50_opt_SGD_lr_0.001 - INFO - Resuming from epoch 20, best validation accuracy: 0.9837
2025-05-01 00:20:23,076 - training.model_ResNet50_opt_SGD_lr_0.001 - INFO - Resuming from epoch 20, best validation accuracy: 0.9837
2025-05-01 00:20:23,076 - training.model_ResNet50_opt_SGD_lr_0.001 - INFO - Resuming from epoch 20, best validation accuracy: 0.9837
2025-05-01 00:20:23,076 - training.model_ResNet50_opt_SGD_lr_0.001 - INFO - Resuming from epoch 20, best validation accuracy: 0.9837
2025-05-01 00:20:23,076 - training.model_ResNet50_opt_SGD_lr_0.001 - INFO - Training completed after 1027.53 seconds
2025-05-01 00:20:23,076 - training.model_ResNet50_opt_SGD_lr_0.001 - INFO - Training completed after 1027.53 seconds
2025-05-01 00:20:23,076 - training.model_ResNet50_opt_SGD_lr_0.001 - INFO - Training completed after 1027.53 seconds
2025-05-01 00:20:23,076 - training.model_ResNet50_opt_SGD_lr_0.001 - INFO - Training completed after 1027.53 seconds
2025-05-01 00:20:23,076 - training.model_ResNet50_opt_SGD_lr_0.001 - INFO - Training completed after 1027.53 seconds
2025-05-01 00:20:31,917 - training.model_ResNet50_opt_SGD_lr_0.001 - INFO - Initialized training manager for model_ResNet50_opt_SGD_lr_0.001
2025-05-01 00:20:31,917 - training.model_ResNet50_opt_SGD_lr_0.001 - INFO - Initialized training manager for model_ResNet50_opt_SGD_lr_0.001
2025-05-01 00:20:31,917 - training.model_ResNet50_opt_SGD_lr_0.001 - INFO - Initialized training manager for model_ResNet50_opt_SGD_lr_0.001
2025-05-01 00:20:31,917 - training.model_ResNet50_opt_SGD_lr_0.001 - INFO - Initialized training manager for model_ResNet50_opt_SGD_lr_0.001
2025-05-01 00:20:31,917 - training.model_ResNet50_opt_SGD_lr_0.001 - INFO - Initialized training manager for model_ResNet50_opt_SGD_lr_0.001
2025-05-01 00:20:31,917 - training.model_ResNet50_opt_SGD_lr_0.001 - INFO - Initialized training manager for model_ResNet50_opt_SGD_lr_0.001
2025-05-01 00:20:31,918 - training.model_ResNet50_opt_SGD_lr_0.001 - INFO - Config: {
  "id": 18,
  "model_name": "ResNet50",
  "optimizer": "SGD",
  "learning_rate": 0.001,
  "scheduler": {
    "name": "ReduceLROnPlateau",
    "patience": 5,
    "factor": 0.5
  },
  "loss_fn": {
    "name": "LabelSmoothing",
    "smoothing": 0.1
  }
}
2025-05-01 00:20:31,918 - training.model_ResNet50_opt_SGD_lr_0.001 - INFO - Config: {
  "id": 18,
  "model_name": "ResNet50",
  "optimizer": "SGD",
  "learning_rate": 0.001,
  "scheduler": {
    "name": "ReduceLROnPlateau",
    "patience": 5,
    "factor": 0.5
  },
  "loss_fn": {
    "name": "LabelSmoothing",
    "smoothing": 0.1
  }
}
2025-05-01 00:20:31,918 - training.model_ResNet50_opt_SGD_lr_0.001 - INFO - Config: {
  "id": 18,
  "model_name": "ResNet50",
  "optimizer": "SGD",
  "learning_rate": 0.001,
  "scheduler": {
    "name": "ReduceLROnPlateau",
    "patience": 5,
    "factor": 0.5
  },
  "loss_fn": {
    "name": "LabelSmoothing",
    "smoothing": 0.1
  }
}
2025-05-01 00:20:31,918 - training.model_ResNet50_opt_SGD_lr_0.001 - INFO - Config: {
  "id": 18,
  "model_name": "ResNet50",
  "optimizer": "SGD",
  "learning_rate": 0.001,
  "scheduler": {
    "name": "ReduceLROnPlateau",
    "patience": 5,
    "factor": 0.5
  },
  "loss_fn": {
    "name": "LabelSmoothing",
    "smoothing": 0.1
  }
}
2025-05-01 00:20:31,918 - training.model_ResNet50_opt_SGD_lr_0.001 - INFO - Config: {
  "id": 18,
  "model_name": "ResNet50",
  "optimizer": "SGD",
  "learning_rate": 0.001,
  "scheduler": {
    "name": "ReduceLROnPlateau",
    "patience": 5,
    "factor": 0.5
  },
  "loss_fn": {
    "name": "LabelSmoothing",
    "smoothing": 0.1
  }
}
2025-05-01 00:20:31,918 - training.model_ResNet50_opt_SGD_lr_0.001 - INFO - Config: {
  "id": 18,
  "model_name": "ResNet50",
  "optimizer": "SGD",
  "learning_rate": 0.001,
  "scheduler": {
    "name": "ReduceLROnPlateau",
    "patience": 5,
    "factor": 0.5
  },
  "loss_fn": {
    "name": "LabelSmoothing",
    "smoothing": 0.1
  }
}
2025-05-01 00:20:31,918 - training.model_ResNet50_opt_SGD_lr_0.001 - INFO - Loading checkpoint from model_results_v2/model_ResNet50_opt_SGD_lr_0.001/checkpoint.pt
2025-05-01 00:20:31,918 - training.model_ResNet50_opt_SGD_lr_0.001 - INFO - Loading checkpoint from model_results_v2/model_ResNet50_opt_SGD_lr_0.001/checkpoint.pt
2025-05-01 00:20:31,918 - training.model_ResNet50_opt_SGD_lr_0.001 - INFO - Loading checkpoint from model_results_v2/model_ResNet50_opt_SGD_lr_0.001/checkpoint.pt
2025-05-01 00:20:31,918 - training.model_ResNet50_opt_SGD_lr_0.001 - INFO - Loading checkpoint from model_results_v2/model_ResNet50_opt_SGD_lr_0.001/checkpoint.pt
2025-05-01 00:20:31,918 - training.model_ResNet50_opt_SGD_lr_0.001 - INFO - Loading checkpoint from model_results_v2/model_ResNet50_opt_SGD_lr_0.001/checkpoint.pt
2025-05-01 00:20:31,918 - training.model_ResNet50_opt_SGD_lr_0.001 - INFO - Loading checkpoint from model_results_v2/model_ResNet50_opt_SGD_lr_0.001/checkpoint.pt
2025-05-01 00:20:31,976 - training.model_ResNet50_opt_SGD_lr_0.001 - INFO - Resuming from epoch 20, best validation accuracy: 0.9837
2025-05-01 00:20:31,976 - training.model_ResNet50_opt_SGD_lr_0.001 - INFO - Resuming from epoch 20, best validation accuracy: 0.9837
2025-05-01 00:20:31,976 - training.model_ResNet50_opt_SGD_lr_0.001 - INFO - Resuming from epoch 20, best validation accuracy: 0.9837
2025-05-01 00:20:31,976 - training.model_ResNet50_opt_SGD_lr_0.001 - INFO - Resuming from epoch 20, best validation accuracy: 0.9837
2025-05-01 00:20:31,976 - training.model_ResNet50_opt_SGD_lr_0.001 - INFO - Resuming from epoch 20, best validation accuracy: 0.9837
2025-05-01 00:20:31,976 - training.model_ResNet50_opt_SGD_lr_0.001 - INFO - Resuming from epoch 20, best validation accuracy: 0.9837
2025-05-01 00:20:31,977 - training.model_ResNet50_opt_SGD_lr_0.001 - INFO - Training completed after 1027.53 seconds
2025-05-01 00:20:31,977 - training.model_ResNet50_opt_SGD_lr_0.001 - INFO - Training completed after 1027.53 seconds
2025-05-01 00:20:31,977 - training.model_ResNet50_opt_SGD_lr_0.001 - INFO - Training completed after 1027.53 seconds
2025-05-01 00:20:31,977 - training.model_ResNet50_opt_SGD_lr_0.001 - INFO - Training completed after 1027.53 seconds
2025-05-01 00:20:31,977 - training.model_ResNet50_opt_SGD_lr_0.001 - INFO - Training completed after 1027.53 seconds
2025-05-01 00:20:31,977 - training.model_ResNet50_opt_SGD_lr_0.001 - INFO - Training completed after 1027.53 seconds
2025-05-01 00:20:40,778 - training.model_ResNet50_opt_SGD_lr_0.001 - INFO - Initialized training manager for model_ResNet50_opt_SGD_lr_0.001
2025-05-01 00:20:40,778 - training.model_ResNet50_opt_SGD_lr_0.001 - INFO - Initialized training manager for model_ResNet50_opt_SGD_lr_0.001
2025-05-01 00:20:40,778 - training.model_ResNet50_opt_SGD_lr_0.001 - INFO - Initialized training manager for model_ResNet50_opt_SGD_lr_0.001
2025-05-01 00:20:40,778 - training.model_ResNet50_opt_SGD_lr_0.001 - INFO - Initialized training manager for model_ResNet50_opt_SGD_lr_0.001
2025-05-01 00:20:40,778 - training.model_ResNet50_opt_SGD_lr_0.001 - INFO - Initialized training manager for model_ResNet50_opt_SGD_lr_0.001
2025-05-01 00:20:40,778 - training.model_ResNet50_opt_SGD_lr_0.001 - INFO - Initialized training manager for model_ResNet50_opt_SGD_lr_0.001
2025-05-01 00:20:40,778 - training.model_ResNet50_opt_SGD_lr_0.001 - INFO - Initialized training manager for model_ResNet50_opt_SGD_lr_0.001
2025-05-01 00:20:40,778 - training.model_ResNet50_opt_SGD_lr_0.001 - INFO - Config: {
  "id": 19,
  "model_name": "ResNet50",
  "optimizer": "SGD",
  "learning_rate": 0.001,
  "scheduler": {
    "name": "CosineAnnealingLR",
    "T_max": 10
  },
  "loss_fn": {
    "name": "CrossEntropy"
  }
}
2025-05-01 00:20:40,778 - training.model_ResNet50_opt_SGD_lr_0.001 - INFO - Config: {
  "id": 19,
  "model_name": "ResNet50",
  "optimizer": "SGD",
  "learning_rate": 0.001,
  "scheduler": {
    "name": "CosineAnnealingLR",
    "T_max": 10
  },
  "loss_fn": {
    "name": "CrossEntropy"
  }
}
2025-05-01 00:20:40,778 - training.model_ResNet50_opt_SGD_lr_0.001 - INFO - Config: {
  "id": 19,
  "model_name": "ResNet50",
  "optimizer": "SGD",
  "learning_rate": 0.001,
  "scheduler": {
    "name": "CosineAnnealingLR",
    "T_max": 10
  },
  "loss_fn": {
    "name": "CrossEntropy"
  }
}
2025-05-01 00:20:40,778 - training.model_ResNet50_opt_SGD_lr_0.001 - INFO - Config: {
  "id": 19,
  "model_name": "ResNet50",
  "optimizer": "SGD",
  "learning_rate": 0.001,
  "scheduler": {
    "name": "CosineAnnealingLR",
    "T_max": 10
  },
  "loss_fn": {
    "name": "CrossEntropy"
  }
}
2025-05-01 00:20:40,778 - training.model_ResNet50_opt_SGD_lr_0.001 - INFO - Config: {
  "id": 19,
  "model_name": "ResNet50",
  "optimizer": "SGD",
  "learning_rate": 0.001,
  "scheduler": {
    "name": "CosineAnnealingLR",
    "T_max": 10
  },
  "loss_fn": {
    "name": "CrossEntropy"
  }
}
2025-05-01 00:20:40,778 - training.model_ResNet50_opt_SGD_lr_0.001 - INFO - Config: {
  "id": 19,
  "model_name": "ResNet50",
  "optimizer": "SGD",
  "learning_rate": 0.001,
  "scheduler": {
    "name": "CosineAnnealingLR",
    "T_max": 10
  },
  "loss_fn": {
    "name": "CrossEntropy"
  }
}
2025-05-01 00:20:40,778 - training.model_ResNet50_opt_SGD_lr_0.001 - INFO - Config: {
  "id": 19,
  "model_name": "ResNet50",
  "optimizer": "SGD",
  "learning_rate": 0.001,
  "scheduler": {
    "name": "CosineAnnealingLR",
    "T_max": 10
  },
  "loss_fn": {
    "name": "CrossEntropy"
  }
}
2025-05-01 00:20:40,778 - training.model_ResNet50_opt_SGD_lr_0.001 - INFO - Loading checkpoint from model_results_v2/model_ResNet50_opt_SGD_lr_0.001/checkpoint.pt
2025-05-01 00:20:40,778 - training.model_ResNet50_opt_SGD_lr_0.001 - INFO - Loading checkpoint from model_results_v2/model_ResNet50_opt_SGD_lr_0.001/checkpoint.pt
2025-05-01 00:20:40,778 - training.model_ResNet50_opt_SGD_lr_0.001 - INFO - Loading checkpoint from model_results_v2/model_ResNet50_opt_SGD_lr_0.001/checkpoint.pt
2025-05-01 00:20:40,778 - training.model_ResNet50_opt_SGD_lr_0.001 - INFO - Loading checkpoint from model_results_v2/model_ResNet50_opt_SGD_lr_0.001/checkpoint.pt
2025-05-01 00:20:40,778 - training.model_ResNet50_opt_SGD_lr_0.001 - INFO - Loading checkpoint from model_results_v2/model_ResNet50_opt_SGD_lr_0.001/checkpoint.pt
2025-05-01 00:20:40,778 - training.model_ResNet50_opt_SGD_lr_0.001 - INFO - Loading checkpoint from model_results_v2/model_ResNet50_opt_SGD_lr_0.001/checkpoint.pt
2025-05-01 00:20:40,778 - training.model_ResNet50_opt_SGD_lr_0.001 - INFO - Loading checkpoint from model_results_v2/model_ResNet50_opt_SGD_lr_0.001/checkpoint.pt
2025-05-01 00:20:40,833 - training.model_ResNet50_opt_SGD_lr_0.001 - INFO - Resuming from epoch 20, best validation accuracy: 0.9837
2025-05-01 00:20:40,833 - training.model_ResNet50_opt_SGD_lr_0.001 - INFO - Resuming from epoch 20, best validation accuracy: 0.9837
2025-05-01 00:20:40,833 - training.model_ResNet50_opt_SGD_lr_0.001 - INFO - Resuming from epoch 20, best validation accuracy: 0.9837
2025-05-01 00:20:40,833 - training.model_ResNet50_opt_SGD_lr_0.001 - INFO - Resuming from epoch 20, best validation accuracy: 0.9837
2025-05-01 00:20:40,833 - training.model_ResNet50_opt_SGD_lr_0.001 - INFO - Resuming from epoch 20, best validation accuracy: 0.9837
2025-05-01 00:20:40,833 - training.model_ResNet50_opt_SGD_lr_0.001 - INFO - Resuming from epoch 20, best validation accuracy: 0.9837
2025-05-01 00:20:40,833 - training.model_ResNet50_opt_SGD_lr_0.001 - INFO - Resuming from epoch 20, best validation accuracy: 0.9837
2025-05-01 00:20:40,834 - training.model_ResNet50_opt_SGD_lr_0.001 - INFO - Training completed after 1027.53 seconds
2025-05-01 00:20:40,834 - training.model_ResNet50_opt_SGD_lr_0.001 - INFO - Training completed after 1027.53 seconds
2025-05-01 00:20:40,834 - training.model_ResNet50_opt_SGD_lr_0.001 - INFO - Training completed after 1027.53 seconds
2025-05-01 00:20:40,834 - training.model_ResNet50_opt_SGD_lr_0.001 - INFO - Training completed after 1027.53 seconds
2025-05-01 00:20:40,834 - training.model_ResNet50_opt_SGD_lr_0.001 - INFO - Training completed after 1027.53 seconds
2025-05-01 00:20:40,834 - training.model_ResNet50_opt_SGD_lr_0.001 - INFO - Training completed after 1027.53 seconds
2025-05-01 00:20:40,834 - training.model_ResNet50_opt_SGD_lr_0.001 - INFO - Training completed after 1027.53 seconds
2025-05-01 00:20:49,895 - training.model_ResNet50_opt_SGD_lr_0.001 - INFO - Initialized training manager for model_ResNet50_opt_SGD_lr_0.001
2025-05-01 00:20:49,895 - training.model_ResNet50_opt_SGD_lr_0.001 - INFO - Initialized training manager for model_ResNet50_opt_SGD_lr_0.001
2025-05-01 00:20:49,895 - training.model_ResNet50_opt_SGD_lr_0.001 - INFO - Initialized training manager for model_ResNet50_opt_SGD_lr_0.001
2025-05-01 00:20:49,895 - training.model_ResNet50_opt_SGD_lr_0.001 - INFO - Initialized training manager for model_ResNet50_opt_SGD_lr_0.001
2025-05-01 00:20:49,895 - training.model_ResNet50_opt_SGD_lr_0.001 - INFO - Initialized training manager for model_ResNet50_opt_SGD_lr_0.001
2025-05-01 00:20:49,895 - training.model_ResNet50_opt_SGD_lr_0.001 - INFO - Initialized training manager for model_ResNet50_opt_SGD_lr_0.001
2025-05-01 00:20:49,895 - training.model_ResNet50_opt_SGD_lr_0.001 - INFO - Initialized training manager for model_ResNet50_opt_SGD_lr_0.001
2025-05-01 00:20:49,895 - training.model_ResNet50_opt_SGD_lr_0.001 - INFO - Initialized training manager for model_ResNet50_opt_SGD_lr_0.001
2025-05-01 00:20:49,896 - training.model_ResNet50_opt_SGD_lr_0.001 - INFO - Config: {
  "id": 20,
  "model_name": "ResNet50",
  "optimizer": "SGD",
  "learning_rate": 0.001,
  "scheduler": {
    "name": "CosineAnnealingLR",
    "T_max": 10
  },
  "loss_fn": {
    "name": "FocalLoss",
    "alpha": 0.25,
    "gamma": 2.0
  }
}
2025-05-01 00:20:49,896 - training.model_ResNet50_opt_SGD_lr_0.001 - INFO - Config: {
  "id": 20,
  "model_name": "ResNet50",
  "optimizer": "SGD",
  "learning_rate": 0.001,
  "scheduler": {
    "name": "CosineAnnealingLR",
    "T_max": 10
  },
  "loss_fn": {
    "name": "FocalLoss",
    "alpha": 0.25,
    "gamma": 2.0
  }
}
2025-05-01 00:20:49,896 - training.model_ResNet50_opt_SGD_lr_0.001 - INFO - Config: {
  "id": 20,
  "model_name": "ResNet50",
  "optimizer": "SGD",
  "learning_rate": 0.001,
  "scheduler": {
    "name": "CosineAnnealingLR",
    "T_max": 10
  },
  "loss_fn": {
    "name": "FocalLoss",
    "alpha": 0.25,
    "gamma": 2.0
  }
}
2025-05-01 00:20:49,896 - training.model_ResNet50_opt_SGD_lr_0.001 - INFO - Config: {
  "id": 20,
  "model_name": "ResNet50",
  "optimizer": "SGD",
  "learning_rate": 0.001,
  "scheduler": {
    "name": "CosineAnnealingLR",
    "T_max": 10
  },
  "loss_fn": {
    "name": "FocalLoss",
    "alpha": 0.25,
    "gamma": 2.0
  }
}
2025-05-01 00:20:49,896 - training.model_ResNet50_opt_SGD_lr_0.001 - INFO - Config: {
  "id": 20,
  "model_name": "ResNet50",
  "optimizer": "SGD",
  "learning_rate": 0.001,
  "scheduler": {
    "name": "CosineAnnealingLR",
    "T_max": 10
  },
  "loss_fn": {
    "name": "FocalLoss",
    "alpha": 0.25,
    "gamma": 2.0
  }
}
2025-05-01 00:20:49,896 - training.model_ResNet50_opt_SGD_lr_0.001 - INFO - Config: {
  "id": 20,
  "model_name": "ResNet50",
  "optimizer": "SGD",
  "learning_rate": 0.001,
  "scheduler": {
    "name": "CosineAnnealingLR",
    "T_max": 10
  },
  "loss_fn": {
    "name": "FocalLoss",
    "alpha": 0.25,
    "gamma": 2.0
  }
}
2025-05-01 00:20:49,896 - training.model_ResNet50_opt_SGD_lr_0.001 - INFO - Config: {
  "id": 20,
  "model_name": "ResNet50",
  "optimizer": "SGD",
  "learning_rate": 0.001,
  "scheduler": {
    "name": "CosineAnnealingLR",
    "T_max": 10
  },
  "loss_fn": {
    "name": "FocalLoss",
    "alpha": 0.25,
    "gamma": 2.0
  }
}
2025-05-01 00:20:49,896 - training.model_ResNet50_opt_SGD_lr_0.001 - INFO - Config: {
  "id": 20,
  "model_name": "ResNet50",
  "optimizer": "SGD",
  "learning_rate": 0.001,
  "scheduler": {
    "name": "CosineAnnealingLR",
    "T_max": 10
  },
  "loss_fn": {
    "name": "FocalLoss",
    "alpha": 0.25,
    "gamma": 2.0
  }
}
2025-05-01 00:20:49,896 - training.model_ResNet50_opt_SGD_lr_0.001 - INFO - Loading checkpoint from model_results_v2/model_ResNet50_opt_SGD_lr_0.001/checkpoint.pt
2025-05-01 00:20:49,896 - training.model_ResNet50_opt_SGD_lr_0.001 - INFO - Loading checkpoint from model_results_v2/model_ResNet50_opt_SGD_lr_0.001/checkpoint.pt
2025-05-01 00:20:49,896 - training.model_ResNet50_opt_SGD_lr_0.001 - INFO - Loading checkpoint from model_results_v2/model_ResNet50_opt_SGD_lr_0.001/checkpoint.pt
2025-05-01 00:20:49,896 - training.model_ResNet50_opt_SGD_lr_0.001 - INFO - Loading checkpoint from model_results_v2/model_ResNet50_opt_SGD_lr_0.001/checkpoint.pt
2025-05-01 00:20:49,896 - training.model_ResNet50_opt_SGD_lr_0.001 - INFO - Loading checkpoint from model_results_v2/model_ResNet50_opt_SGD_lr_0.001/checkpoint.pt
2025-05-01 00:20:49,896 - training.model_ResNet50_opt_SGD_lr_0.001 - INFO - Loading checkpoint from model_results_v2/model_ResNet50_opt_SGD_lr_0.001/checkpoint.pt
2025-05-01 00:20:49,896 - training.model_ResNet50_opt_SGD_lr_0.001 - INFO - Loading checkpoint from model_results_v2/model_ResNet50_opt_SGD_lr_0.001/checkpoint.pt
2025-05-01 00:20:49,896 - training.model_ResNet50_opt_SGD_lr_0.001 - INFO - Loading checkpoint from model_results_v2/model_ResNet50_opt_SGD_lr_0.001/checkpoint.pt
2025-05-01 00:20:49,958 - training.model_ResNet50_opt_SGD_lr_0.001 - INFO - Resuming from epoch 20, best validation accuracy: 0.9837
2025-05-01 00:20:49,958 - training.model_ResNet50_opt_SGD_lr_0.001 - INFO - Resuming from epoch 20, best validation accuracy: 0.9837
2025-05-01 00:20:49,958 - training.model_ResNet50_opt_SGD_lr_0.001 - INFO - Resuming from epoch 20, best validation accuracy: 0.9837
2025-05-01 00:20:49,958 - training.model_ResNet50_opt_SGD_lr_0.001 - INFO - Resuming from epoch 20, best validation accuracy: 0.9837
2025-05-01 00:20:49,958 - training.model_ResNet50_opt_SGD_lr_0.001 - INFO - Resuming from epoch 20, best validation accuracy: 0.9837
2025-05-01 00:20:49,958 - training.model_ResNet50_opt_SGD_lr_0.001 - INFO - Resuming from epoch 20, best validation accuracy: 0.9837
2025-05-01 00:20:49,958 - training.model_ResNet50_opt_SGD_lr_0.001 - INFO - Resuming from epoch 20, best validation accuracy: 0.9837
2025-05-01 00:20:49,958 - training.model_ResNet50_opt_SGD_lr_0.001 - INFO - Resuming from epoch 20, best validation accuracy: 0.9837
2025-05-01 00:20:49,959 - training.model_ResNet50_opt_SGD_lr_0.001 - INFO - Training completed after 1027.53 seconds
2025-05-01 00:20:49,959 - training.model_ResNet50_opt_SGD_lr_0.001 - INFO - Training completed after 1027.53 seconds
2025-05-01 00:20:49,959 - training.model_ResNet50_opt_SGD_lr_0.001 - INFO - Training completed after 1027.53 seconds
2025-05-01 00:20:49,959 - training.model_ResNet50_opt_SGD_lr_0.001 - INFO - Training completed after 1027.53 seconds
2025-05-01 00:20:49,959 - training.model_ResNet50_opt_SGD_lr_0.001 - INFO - Training completed after 1027.53 seconds
2025-05-01 00:20:49,959 - training.model_ResNet50_opt_SGD_lr_0.001 - INFO - Training completed after 1027.53 seconds
2025-05-01 00:20:49,959 - training.model_ResNet50_opt_SGD_lr_0.001 - INFO - Training completed after 1027.53 seconds
2025-05-01 00:20:49,959 - training.model_ResNet50_opt_SGD_lr_0.001 - INFO - Training completed after 1027.53 seconds
2025-05-01 00:20:58,916 - training.model_ResNet50_opt_SGD_lr_0.001 - INFO - Initialized training manager for model_ResNet50_opt_SGD_lr_0.001
2025-05-01 00:20:58,916 - training.model_ResNet50_opt_SGD_lr_0.001 - INFO - Initialized training manager for model_ResNet50_opt_SGD_lr_0.001
2025-05-01 00:20:58,916 - training.model_ResNet50_opt_SGD_lr_0.001 - INFO - Initialized training manager for model_ResNet50_opt_SGD_lr_0.001
2025-05-01 00:20:58,916 - training.model_ResNet50_opt_SGD_lr_0.001 - INFO - Initialized training manager for model_ResNet50_opt_SGD_lr_0.001
2025-05-01 00:20:58,916 - training.model_ResNet50_opt_SGD_lr_0.001 - INFO - Initialized training manager for model_ResNet50_opt_SGD_lr_0.001
2025-05-01 00:20:58,916 - training.model_ResNet50_opt_SGD_lr_0.001 - INFO - Initialized training manager for model_ResNet50_opt_SGD_lr_0.001
2025-05-01 00:20:58,916 - training.model_ResNet50_opt_SGD_lr_0.001 - INFO - Initialized training manager for model_ResNet50_opt_SGD_lr_0.001
2025-05-01 00:20:58,916 - training.model_ResNet50_opt_SGD_lr_0.001 - INFO - Initialized training manager for model_ResNet50_opt_SGD_lr_0.001
2025-05-01 00:20:58,916 - training.model_ResNet50_opt_SGD_lr_0.001 - INFO - Initialized training manager for model_ResNet50_opt_SGD_lr_0.001
2025-05-01 00:20:58,917 - training.model_ResNet50_opt_SGD_lr_0.001 - INFO - Config: {
  "id": 21,
  "model_name": "ResNet50",
  "optimizer": "SGD",
  "learning_rate": 0.001,
  "scheduler": {
    "name": "CosineAnnealingLR",
    "T_max": 10
  },
  "loss_fn": {
    "name": "LabelSmoothing",
    "smoothing": 0.1
  }
}
2025-05-01 00:20:58,917 - training.model_ResNet50_opt_SGD_lr_0.001 - INFO - Config: {
  "id": 21,
  "model_name": "ResNet50",
  "optimizer": "SGD",
  "learning_rate": 0.001,
  "scheduler": {
    "name": "CosineAnnealingLR",
    "T_max": 10
  },
  "loss_fn": {
    "name": "LabelSmoothing",
    "smoothing": 0.1
  }
}
2025-05-01 00:20:58,917 - training.model_ResNet50_opt_SGD_lr_0.001 - INFO - Config: {
  "id": 21,
  "model_name": "ResNet50",
  "optimizer": "SGD",
  "learning_rate": 0.001,
  "scheduler": {
    "name": "CosineAnnealingLR",
    "T_max": 10
  },
  "loss_fn": {
    "name": "LabelSmoothing",
    "smoothing": 0.1
  }
}
2025-05-01 00:20:58,917 - training.model_ResNet50_opt_SGD_lr_0.001 - INFO - Config: {
  "id": 21,
  "model_name": "ResNet50",
  "optimizer": "SGD",
  "learning_rate": 0.001,
  "scheduler": {
    "name": "CosineAnnealingLR",
    "T_max": 10
  },
  "loss_fn": {
    "name": "LabelSmoothing",
    "smoothing": 0.1
  }
}
2025-05-01 00:20:58,917 - training.model_ResNet50_opt_SGD_lr_0.001 - INFO - Config: {
  "id": 21,
  "model_name": "ResNet50",
  "optimizer": "SGD",
  "learning_rate": 0.001,
  "scheduler": {
    "name": "CosineAnnealingLR",
    "T_max": 10
  },
  "loss_fn": {
    "name": "LabelSmoothing",
    "smoothing": 0.1
  }
}
2025-05-01 00:20:58,917 - training.model_ResNet50_opt_SGD_lr_0.001 - INFO - Config: {
  "id": 21,
  "model_name": "ResNet50",
  "optimizer": "SGD",
  "learning_rate": 0.001,
  "scheduler": {
    "name": "CosineAnnealingLR",
    "T_max": 10
  },
  "loss_fn": {
    "name": "LabelSmoothing",
    "smoothing": 0.1
  }
}
2025-05-01 00:20:58,917 - training.model_ResNet50_opt_SGD_lr_0.001 - INFO - Config: {
  "id": 21,
  "model_name": "ResNet50",
  "optimizer": "SGD",
  "learning_rate": 0.001,
  "scheduler": {
    "name": "CosineAnnealingLR",
    "T_max": 10
  },
  "loss_fn": {
    "name": "LabelSmoothing",
    "smoothing": 0.1
  }
}
2025-05-01 00:20:58,917 - training.model_ResNet50_opt_SGD_lr_0.001 - INFO - Config: {
  "id": 21,
  "model_name": "ResNet50",
  "optimizer": "SGD",
  "learning_rate": 0.001,
  "scheduler": {
    "name": "CosineAnnealingLR",
    "T_max": 10
  },
  "loss_fn": {
    "name": "LabelSmoothing",
    "smoothing": 0.1
  }
}
2025-05-01 00:20:58,917 - training.model_ResNet50_opt_SGD_lr_0.001 - INFO - Config: {
  "id": 21,
  "model_name": "ResNet50",
  "optimizer": "SGD",
  "learning_rate": 0.001,
  "scheduler": {
    "name": "CosineAnnealingLR",
    "T_max": 10
  },
  "loss_fn": {
    "name": "LabelSmoothing",
    "smoothing": 0.1
  }
}
2025-05-01 00:20:58,917 - training.model_ResNet50_opt_SGD_lr_0.001 - INFO - Loading checkpoint from model_results_v2/model_ResNet50_opt_SGD_lr_0.001/checkpoint.pt
2025-05-01 00:20:58,917 - training.model_ResNet50_opt_SGD_lr_0.001 - INFO - Loading checkpoint from model_results_v2/model_ResNet50_opt_SGD_lr_0.001/checkpoint.pt
2025-05-01 00:20:58,917 - training.model_ResNet50_opt_SGD_lr_0.001 - INFO - Loading checkpoint from model_results_v2/model_ResNet50_opt_SGD_lr_0.001/checkpoint.pt
2025-05-01 00:20:58,917 - training.model_ResNet50_opt_SGD_lr_0.001 - INFO - Loading checkpoint from model_results_v2/model_ResNet50_opt_SGD_lr_0.001/checkpoint.pt
2025-05-01 00:20:58,917 - training.model_ResNet50_opt_SGD_lr_0.001 - INFO - Loading checkpoint from model_results_v2/model_ResNet50_opt_SGD_lr_0.001/checkpoint.pt
2025-05-01 00:20:58,917 - training.model_ResNet50_opt_SGD_lr_0.001 - INFO - Loading checkpoint from model_results_v2/model_ResNet50_opt_SGD_lr_0.001/checkpoint.pt
2025-05-01 00:20:58,917 - training.model_ResNet50_opt_SGD_lr_0.001 - INFO - Loading checkpoint from model_results_v2/model_ResNet50_opt_SGD_lr_0.001/checkpoint.pt
2025-05-01 00:20:58,917 - training.model_ResNet50_opt_SGD_lr_0.001 - INFO - Loading checkpoint from model_results_v2/model_ResNet50_opt_SGD_lr_0.001/checkpoint.pt
2025-05-01 00:20:58,917 - training.model_ResNet50_opt_SGD_lr_0.001 - INFO - Loading checkpoint from model_results_v2/model_ResNet50_opt_SGD_lr_0.001/checkpoint.pt
2025-05-01 00:20:58,971 - training.model_ResNet50_opt_SGD_lr_0.001 - INFO - Resuming from epoch 20, best validation accuracy: 0.9837
2025-05-01 00:20:58,971 - training.model_ResNet50_opt_SGD_lr_0.001 - INFO - Resuming from epoch 20, best validation accuracy: 0.9837
2025-05-01 00:20:58,971 - training.model_ResNet50_opt_SGD_lr_0.001 - INFO - Resuming from epoch 20, best validation accuracy: 0.9837
2025-05-01 00:20:58,971 - training.model_ResNet50_opt_SGD_lr_0.001 - INFO - Resuming from epoch 20, best validation accuracy: 0.9837
2025-05-01 00:20:58,971 - training.model_ResNet50_opt_SGD_lr_0.001 - INFO - Resuming from epoch 20, best validation accuracy: 0.9837
2025-05-01 00:20:58,971 - training.model_ResNet50_opt_SGD_lr_0.001 - INFO - Resuming from epoch 20, best validation accuracy: 0.9837
2025-05-01 00:20:58,971 - training.model_ResNet50_opt_SGD_lr_0.001 - INFO - Resuming from epoch 20, best validation accuracy: 0.9837
2025-05-01 00:20:58,971 - training.model_ResNet50_opt_SGD_lr_0.001 - INFO - Resuming from epoch 20, best validation accuracy: 0.9837
2025-05-01 00:20:58,971 - training.model_ResNet50_opt_SGD_lr_0.001 - INFO - Resuming from epoch 20, best validation accuracy: 0.9837
2025-05-01 00:20:58,972 - training.model_ResNet50_opt_SGD_lr_0.001 - INFO - Training completed after 1027.53 seconds
2025-05-01 00:20:58,972 - training.model_ResNet50_opt_SGD_lr_0.001 - INFO - Training completed after 1027.53 seconds
2025-05-01 00:20:58,972 - training.model_ResNet50_opt_SGD_lr_0.001 - INFO - Training completed after 1027.53 seconds
2025-05-01 00:20:58,972 - training.model_ResNet50_opt_SGD_lr_0.001 - INFO - Training completed after 1027.53 seconds
2025-05-01 00:20:58,972 - training.model_ResNet50_opt_SGD_lr_0.001 - INFO - Training completed after 1027.53 seconds
2025-05-01 00:20:58,972 - training.model_ResNet50_opt_SGD_lr_0.001 - INFO - Training completed after 1027.53 seconds
2025-05-01 00:20:58,972 - training.model_ResNet50_opt_SGD_lr_0.001 - INFO - Training completed after 1027.53 seconds
2025-05-01 00:20:58,972 - training.model_ResNet50_opt_SGD_lr_0.001 - INFO - Training completed after 1027.53 seconds
2025-05-01 00:20:58,972 - training.model_ResNet50_opt_SGD_lr_0.001 - INFO - Training completed after 1027.53 seconds
2025-05-01 00:21:07,843 - training.model_ResNet50_opt_SGD_lr_0.001 - INFO - Initialized training manager for model_ResNet50_opt_SGD_lr_0.001
2025-05-01 00:21:07,843 - training.model_ResNet50_opt_SGD_lr_0.001 - INFO - Initialized training manager for model_ResNet50_opt_SGD_lr_0.001
2025-05-01 00:21:07,843 - training.model_ResNet50_opt_SGD_lr_0.001 - INFO - Initialized training manager for model_ResNet50_opt_SGD_lr_0.001
2025-05-01 00:21:07,843 - training.model_ResNet50_opt_SGD_lr_0.001 - INFO - Initialized training manager for model_ResNet50_opt_SGD_lr_0.001
2025-05-01 00:21:07,843 - training.model_ResNet50_opt_SGD_lr_0.001 - INFO - Initialized training manager for model_ResNet50_opt_SGD_lr_0.001
2025-05-01 00:21:07,843 - training.model_ResNet50_opt_SGD_lr_0.001 - INFO - Initialized training manager for model_ResNet50_opt_SGD_lr_0.001
2025-05-01 00:21:07,843 - training.model_ResNet50_opt_SGD_lr_0.001 - INFO - Initialized training manager for model_ResNet50_opt_SGD_lr_0.001
2025-05-01 00:21:07,843 - training.model_ResNet50_opt_SGD_lr_0.001 - INFO - Initialized training manager for model_ResNet50_opt_SGD_lr_0.001
2025-05-01 00:21:07,843 - training.model_ResNet50_opt_SGD_lr_0.001 - INFO - Initialized training manager for model_ResNet50_opt_SGD_lr_0.001
2025-05-01 00:21:07,843 - training.model_ResNet50_opt_SGD_lr_0.001 - INFO - Initialized training manager for model_ResNet50_opt_SGD_lr_0.001
2025-05-01 00:21:07,843 - training.model_ResNet50_opt_SGD_lr_0.001 - INFO - Config: {
  "id": 22,
  "model_name": "ResNet50",
  "optimizer": "SGD",
  "learning_rate": 0.001,
  "scheduler": {
    "name": "CosineAnnealingWarmRestarts",
    "T_0": 10
  },
  "loss_fn": {
    "name": "CrossEntropy"
  }
}
2025-05-01 00:21:07,843 - training.model_ResNet50_opt_SGD_lr_0.001 - INFO - Config: {
  "id": 22,
  "model_name": "ResNet50",
  "optimizer": "SGD",
  "learning_rate": 0.001,
  "scheduler": {
    "name": "CosineAnnealingWarmRestarts",
    "T_0": 10
  },
  "loss_fn": {
    "name": "CrossEntropy"
  }
}
2025-05-01 00:21:07,843 - training.model_ResNet50_opt_SGD_lr_0.001 - INFO - Config: {
  "id": 22,
  "model_name": "ResNet50",
  "optimizer": "SGD",
  "learning_rate": 0.001,
  "scheduler": {
    "name": "CosineAnnealingWarmRestarts",
    "T_0": 10
  },
  "loss_fn": {
    "name": "CrossEntropy"
  }
}
2025-05-01 00:21:07,843 - training.model_ResNet50_opt_SGD_lr_0.001 - INFO - Config: {
  "id": 22,
  "model_name": "ResNet50",
  "optimizer": "SGD",
  "learning_rate": 0.001,
  "scheduler": {
    "name": "CosineAnnealingWarmRestarts",
    "T_0": 10
  },
  "loss_fn": {
    "name": "CrossEntropy"
  }
}
2025-05-01 00:21:07,843 - training.model_ResNet50_opt_SGD_lr_0.001 - INFO - Config: {
  "id": 22,
  "model_name": "ResNet50",
  "optimizer": "SGD",
  "learning_rate": 0.001,
  "scheduler": {
    "name": "CosineAnnealingWarmRestarts",
    "T_0": 10
  },
  "loss_fn": {
    "name": "CrossEntropy"
  }
}
2025-05-01 00:21:07,843 - training.model_ResNet50_opt_SGD_lr_0.001 - INFO - Config: {
  "id": 22,
  "model_name": "ResNet50",
  "optimizer": "SGD",
  "learning_rate": 0.001,
  "scheduler": {
    "name": "CosineAnnealingWarmRestarts",
    "T_0": 10
  },
  "loss_fn": {
    "name": "CrossEntropy"
  }
}
2025-05-01 00:21:07,843 - training.model_ResNet50_opt_SGD_lr_0.001 - INFO - Config: {
  "id": 22,
  "model_name": "ResNet50",
  "optimizer": "SGD",
  "learning_rate": 0.001,
  "scheduler": {
    "name": "CosineAnnealingWarmRestarts",
    "T_0": 10
  },
  "loss_fn": {
    "name": "CrossEntropy"
  }
}
2025-05-01 00:21:07,843 - training.model_ResNet50_opt_SGD_lr_0.001 - INFO - Config: {
  "id": 22,
  "model_name": "ResNet50",
  "optimizer": "SGD",
  "learning_rate": 0.001,
  "scheduler": {
    "name": "CosineAnnealingWarmRestarts",
    "T_0": 10
  },
  "loss_fn": {
    "name": "CrossEntropy"
  }
}
2025-05-01 00:21:07,843 - training.model_ResNet50_opt_SGD_lr_0.001 - INFO - Config: {
  "id": 22,
  "model_name": "ResNet50",
  "optimizer": "SGD",
  "learning_rate": 0.001,
  "scheduler": {
    "name": "CosineAnnealingWarmRestarts",
    "T_0": 10
  },
  "loss_fn": {
    "name": "CrossEntropy"
  }
}
2025-05-01 00:21:07,843 - training.model_ResNet50_opt_SGD_lr_0.001 - INFO - Config: {
  "id": 22,
  "model_name": "ResNet50",
  "optimizer": "SGD",
  "learning_rate": 0.001,
  "scheduler": {
    "name": "CosineAnnealingWarmRestarts",
    "T_0": 10
  },
  "loss_fn": {
    "name": "CrossEntropy"
  }
}
2025-05-01 00:21:07,843 - training.model_ResNet50_opt_SGD_lr_0.001 - INFO - Loading checkpoint from model_results_v2/model_ResNet50_opt_SGD_lr_0.001/checkpoint.pt
2025-05-01 00:21:07,843 - training.model_ResNet50_opt_SGD_lr_0.001 - INFO - Loading checkpoint from model_results_v2/model_ResNet50_opt_SGD_lr_0.001/checkpoint.pt
2025-05-01 00:21:07,843 - training.model_ResNet50_opt_SGD_lr_0.001 - INFO - Loading checkpoint from model_results_v2/model_ResNet50_opt_SGD_lr_0.001/checkpoint.pt
2025-05-01 00:21:07,843 - training.model_ResNet50_opt_SGD_lr_0.001 - INFO - Loading checkpoint from model_results_v2/model_ResNet50_opt_SGD_lr_0.001/checkpoint.pt
2025-05-01 00:21:07,843 - training.model_ResNet50_opt_SGD_lr_0.001 - INFO - Loading checkpoint from model_results_v2/model_ResNet50_opt_SGD_lr_0.001/checkpoint.pt
2025-05-01 00:21:07,843 - training.model_ResNet50_opt_SGD_lr_0.001 - INFO - Loading checkpoint from model_results_v2/model_ResNet50_opt_SGD_lr_0.001/checkpoint.pt
2025-05-01 00:21:07,843 - training.model_ResNet50_opt_SGD_lr_0.001 - INFO - Loading checkpoint from model_results_v2/model_ResNet50_opt_SGD_lr_0.001/checkpoint.pt
2025-05-01 00:21:07,843 - training.model_ResNet50_opt_SGD_lr_0.001 - INFO - Loading checkpoint from model_results_v2/model_ResNet50_opt_SGD_lr_0.001/checkpoint.pt
2025-05-01 00:21:07,843 - training.model_ResNet50_opt_SGD_lr_0.001 - INFO - Loading checkpoint from model_results_v2/model_ResNet50_opt_SGD_lr_0.001/checkpoint.pt
2025-05-01 00:21:07,843 - training.model_ResNet50_opt_SGD_lr_0.001 - INFO - Loading checkpoint from model_results_v2/model_ResNet50_opt_SGD_lr_0.001/checkpoint.pt
2025-05-01 00:21:07,908 - training.model_ResNet50_opt_SGD_lr_0.001 - INFO - Resuming from epoch 20, best validation accuracy: 0.9837
2025-05-01 00:21:07,908 - training.model_ResNet50_opt_SGD_lr_0.001 - INFO - Resuming from epoch 20, best validation accuracy: 0.9837
2025-05-01 00:21:07,908 - training.model_ResNet50_opt_SGD_lr_0.001 - INFO - Resuming from epoch 20, best validation accuracy: 0.9837
2025-05-01 00:21:07,908 - training.model_ResNet50_opt_SGD_lr_0.001 - INFO - Resuming from epoch 20, best validation accuracy: 0.9837
2025-05-01 00:21:07,908 - training.model_ResNet50_opt_SGD_lr_0.001 - INFO - Resuming from epoch 20, best validation accuracy: 0.9837
2025-05-01 00:21:07,908 - training.model_ResNet50_opt_SGD_lr_0.001 - INFO - Resuming from epoch 20, best validation accuracy: 0.9837
2025-05-01 00:21:07,908 - training.model_ResNet50_opt_SGD_lr_0.001 - INFO - Resuming from epoch 20, best validation accuracy: 0.9837
2025-05-01 00:21:07,908 - training.model_ResNet50_opt_SGD_lr_0.001 - INFO - Resuming from epoch 20, best validation accuracy: 0.9837
2025-05-01 00:21:07,908 - training.model_ResNet50_opt_SGD_lr_0.001 - INFO - Resuming from epoch 20, best validation accuracy: 0.9837
2025-05-01 00:21:07,908 - training.model_ResNet50_opt_SGD_lr_0.001 - INFO - Resuming from epoch 20, best validation accuracy: 0.9837
2025-05-01 00:21:07,909 - training.model_ResNet50_opt_SGD_lr_0.001 - INFO - Training completed after 1027.53 seconds
2025-05-01 00:21:07,909 - training.model_ResNet50_opt_SGD_lr_0.001 - INFO - Training completed after 1027.53 seconds
2025-05-01 00:21:07,909 - training.model_ResNet50_opt_SGD_lr_0.001 - INFO - Training completed after 1027.53 seconds
2025-05-01 00:21:07,909 - training.model_ResNet50_opt_SGD_lr_0.001 - INFO - Training completed after 1027.53 seconds
2025-05-01 00:21:07,909 - training.model_ResNet50_opt_SGD_lr_0.001 - INFO - Training completed after 1027.53 seconds
2025-05-01 00:21:07,909 - training.model_ResNet50_opt_SGD_lr_0.001 - INFO - Training completed after 1027.53 seconds
2025-05-01 00:21:07,909 - training.model_ResNet50_opt_SGD_lr_0.001 - INFO - Training completed after 1027.53 seconds
2025-05-01 00:21:07,909 - training.model_ResNet50_opt_SGD_lr_0.001 - INFO - Training completed after 1027.53 seconds
2025-05-01 00:21:07,909 - training.model_ResNet50_opt_SGD_lr_0.001 - INFO - Training completed after 1027.53 seconds
2025-05-01 00:21:07,909 - training.model_ResNet50_opt_SGD_lr_0.001 - INFO - Training completed after 1027.53 seconds
2025-05-01 00:21:16,914 - training.model_ResNet50_opt_SGD_lr_0.001 - INFO - Initialized training manager for model_ResNet50_opt_SGD_lr_0.001
2025-05-01 00:21:16,914 - training.model_ResNet50_opt_SGD_lr_0.001 - INFO - Initialized training manager for model_ResNet50_opt_SGD_lr_0.001
2025-05-01 00:21:16,914 - training.model_ResNet50_opt_SGD_lr_0.001 - INFO - Initialized training manager for model_ResNet50_opt_SGD_lr_0.001
2025-05-01 00:21:16,914 - training.model_ResNet50_opt_SGD_lr_0.001 - INFO - Initialized training manager for model_ResNet50_opt_SGD_lr_0.001
2025-05-01 00:21:16,914 - training.model_ResNet50_opt_SGD_lr_0.001 - INFO - Initialized training manager for model_ResNet50_opt_SGD_lr_0.001
2025-05-01 00:21:16,914 - training.model_ResNet50_opt_SGD_lr_0.001 - INFO - Initialized training manager for model_ResNet50_opt_SGD_lr_0.001
2025-05-01 00:21:16,914 - training.model_ResNet50_opt_SGD_lr_0.001 - INFO - Initialized training manager for model_ResNet50_opt_SGD_lr_0.001
2025-05-01 00:21:16,914 - training.model_ResNet50_opt_SGD_lr_0.001 - INFO - Initialized training manager for model_ResNet50_opt_SGD_lr_0.001
2025-05-01 00:21:16,914 - training.model_ResNet50_opt_SGD_lr_0.001 - INFO - Initialized training manager for model_ResNet50_opt_SGD_lr_0.001
2025-05-01 00:21:16,914 - training.model_ResNet50_opt_SGD_lr_0.001 - INFO - Initialized training manager for model_ResNet50_opt_SGD_lr_0.001
2025-05-01 00:21:16,914 - training.model_ResNet50_opt_SGD_lr_0.001 - INFO - Initialized training manager for model_ResNet50_opt_SGD_lr_0.001
2025-05-01 00:21:16,914 - training.model_ResNet50_opt_SGD_lr_0.001 - INFO - Config: {
  "id": 23,
  "model_name": "ResNet50",
  "optimizer": "SGD",
  "learning_rate": 0.001,
  "scheduler": {
    "name": "CosineAnnealingWarmRestarts",
    "T_0": 10
  },
  "loss_fn": {
    "name": "FocalLoss",
    "alpha": 0.25,
    "gamma": 2.0
  }
}
2025-05-01 00:21:16,914 - training.model_ResNet50_opt_SGD_lr_0.001 - INFO - Config: {
  "id": 23,
  "model_name": "ResNet50",
  "optimizer": "SGD",
  "learning_rate": 0.001,
  "scheduler": {
    "name": "CosineAnnealingWarmRestarts",
    "T_0": 10
  },
  "loss_fn": {
    "name": "FocalLoss",
    "alpha": 0.25,
    "gamma": 2.0
  }
}
2025-05-01 00:21:16,914 - training.model_ResNet50_opt_SGD_lr_0.001 - INFO - Config: {
  "id": 23,
  "model_name": "ResNet50",
  "optimizer": "SGD",
  "learning_rate": 0.001,
  "scheduler": {
    "name": "CosineAnnealingWarmRestarts",
    "T_0": 10
  },
  "loss_fn": {
    "name": "FocalLoss",
    "alpha": 0.25,
    "gamma": 2.0
  }
}
2025-05-01 00:21:16,914 - training.model_ResNet50_opt_SGD_lr_0.001 - INFO - Config: {
  "id": 23,
  "model_name": "ResNet50",
  "optimizer": "SGD",
  "learning_rate": 0.001,
  "scheduler": {
    "name": "CosineAnnealingWarmRestarts",
    "T_0": 10
  },
  "loss_fn": {
    "name": "FocalLoss",
    "alpha": 0.25,
    "gamma": 2.0
  }
}
2025-05-01 00:21:16,914 - training.model_ResNet50_opt_SGD_lr_0.001 - INFO - Config: {
  "id": 23,
  "model_name": "ResNet50",
  "optimizer": "SGD",
  "learning_rate": 0.001,
  "scheduler": {
    "name": "CosineAnnealingWarmRestarts",
    "T_0": 10
  },
  "loss_fn": {
    "name": "FocalLoss",
    "alpha": 0.25,
    "gamma": 2.0
  }
}
2025-05-01 00:21:16,914 - training.model_ResNet50_opt_SGD_lr_0.001 - INFO - Config: {
  "id": 23,
  "model_name": "ResNet50",
  "optimizer": "SGD",
  "learning_rate": 0.001,
  "scheduler": {
    "name": "CosineAnnealingWarmRestarts",
    "T_0": 10
  },
  "loss_fn": {
    "name": "FocalLoss",
    "alpha": 0.25,
    "gamma": 2.0
  }
}
2025-05-01 00:21:16,914 - training.model_ResNet50_opt_SGD_lr_0.001 - INFO - Config: {
  "id": 23,
  "model_name": "ResNet50",
  "optimizer": "SGD",
  "learning_rate": 0.001,
  "scheduler": {
    "name": "CosineAnnealingWarmRestarts",
    "T_0": 10
  },
  "loss_fn": {
    "name": "FocalLoss",
    "alpha": 0.25,
    "gamma": 2.0
  }
}
2025-05-01 00:21:16,914 - training.model_ResNet50_opt_SGD_lr_0.001 - INFO - Config: {
  "id": 23,
  "model_name": "ResNet50",
  "optimizer": "SGD",
  "learning_rate": 0.001,
  "scheduler": {
    "name": "CosineAnnealingWarmRestarts",
    "T_0": 10
  },
  "loss_fn": {
    "name": "FocalLoss",
    "alpha": 0.25,
    "gamma": 2.0
  }
}
2025-05-01 00:21:16,914 - training.model_ResNet50_opt_SGD_lr_0.001 - INFO - Config: {
  "id": 23,
  "model_name": "ResNet50",
  "optimizer": "SGD",
  "learning_rate": 0.001,
  "scheduler": {
    "name": "CosineAnnealingWarmRestarts",
    "T_0": 10
  },
  "loss_fn": {
    "name": "FocalLoss",
    "alpha": 0.25,
    "gamma": 2.0
  }
}
2025-05-01 00:21:16,914 - training.model_ResNet50_opt_SGD_lr_0.001 - INFO - Config: {
  "id": 23,
  "model_name": "ResNet50",
  "optimizer": "SGD",
  "learning_rate": 0.001,
  "scheduler": {
    "name": "CosineAnnealingWarmRestarts",
    "T_0": 10
  },
  "loss_fn": {
    "name": "FocalLoss",
    "alpha": 0.25,
    "gamma": 2.0
  }
}
2025-05-01 00:21:16,914 - training.model_ResNet50_opt_SGD_lr_0.001 - INFO - Config: {
  "id": 23,
  "model_name": "ResNet50",
  "optimizer": "SGD",
  "learning_rate": 0.001,
  "scheduler": {
    "name": "CosineAnnealingWarmRestarts",
    "T_0": 10
  },
  "loss_fn": {
    "name": "FocalLoss",
    "alpha": 0.25,
    "gamma": 2.0
  }
}
2025-05-01 00:21:16,914 - training.model_ResNet50_opt_SGD_lr_0.001 - INFO - Loading checkpoint from model_results_v2/model_ResNet50_opt_SGD_lr_0.001/checkpoint.pt
2025-05-01 00:21:16,914 - training.model_ResNet50_opt_SGD_lr_0.001 - INFO - Loading checkpoint from model_results_v2/model_ResNet50_opt_SGD_lr_0.001/checkpoint.pt
2025-05-01 00:21:16,914 - training.model_ResNet50_opt_SGD_lr_0.001 - INFO - Loading checkpoint from model_results_v2/model_ResNet50_opt_SGD_lr_0.001/checkpoint.pt
2025-05-01 00:21:16,914 - training.model_ResNet50_opt_SGD_lr_0.001 - INFO - Loading checkpoint from model_results_v2/model_ResNet50_opt_SGD_lr_0.001/checkpoint.pt
2025-05-01 00:21:16,914 - training.model_ResNet50_opt_SGD_lr_0.001 - INFO - Loading checkpoint from model_results_v2/model_ResNet50_opt_SGD_lr_0.001/checkpoint.pt
2025-05-01 00:21:16,914 - training.model_ResNet50_opt_SGD_lr_0.001 - INFO - Loading checkpoint from model_results_v2/model_ResNet50_opt_SGD_lr_0.001/checkpoint.pt
2025-05-01 00:21:16,914 - training.model_ResNet50_opt_SGD_lr_0.001 - INFO - Loading checkpoint from model_results_v2/model_ResNet50_opt_SGD_lr_0.001/checkpoint.pt
2025-05-01 00:21:16,914 - training.model_ResNet50_opt_SGD_lr_0.001 - INFO - Loading checkpoint from model_results_v2/model_ResNet50_opt_SGD_lr_0.001/checkpoint.pt
2025-05-01 00:21:16,914 - training.model_ResNet50_opt_SGD_lr_0.001 - INFO - Loading checkpoint from model_results_v2/model_ResNet50_opt_SGD_lr_0.001/checkpoint.pt
2025-05-01 00:21:16,914 - training.model_ResNet50_opt_SGD_lr_0.001 - INFO - Loading checkpoint from model_results_v2/model_ResNet50_opt_SGD_lr_0.001/checkpoint.pt
2025-05-01 00:21:16,914 - training.model_ResNet50_opt_SGD_lr_0.001 - INFO - Loading checkpoint from model_results_v2/model_ResNet50_opt_SGD_lr_0.001/checkpoint.pt
2025-05-01 00:21:16,970 - training.model_ResNet50_opt_SGD_lr_0.001 - INFO - Resuming from epoch 20, best validation accuracy: 0.9837
2025-05-01 00:21:16,970 - training.model_ResNet50_opt_SGD_lr_0.001 - INFO - Resuming from epoch 20, best validation accuracy: 0.9837
2025-05-01 00:21:16,970 - training.model_ResNet50_opt_SGD_lr_0.001 - INFO - Resuming from epoch 20, best validation accuracy: 0.9837
2025-05-01 00:21:16,970 - training.model_ResNet50_opt_SGD_lr_0.001 - INFO - Resuming from epoch 20, best validation accuracy: 0.9837
2025-05-01 00:21:16,970 - training.model_ResNet50_opt_SGD_lr_0.001 - INFO - Resuming from epoch 20, best validation accuracy: 0.9837
2025-05-01 00:21:16,970 - training.model_ResNet50_opt_SGD_lr_0.001 - INFO - Resuming from epoch 20, best validation accuracy: 0.9837
2025-05-01 00:21:16,970 - training.model_ResNet50_opt_SGD_lr_0.001 - INFO - Resuming from epoch 20, best validation accuracy: 0.9837
2025-05-01 00:21:16,970 - training.model_ResNet50_opt_SGD_lr_0.001 - INFO - Resuming from epoch 20, best validation accuracy: 0.9837
2025-05-01 00:21:16,970 - training.model_ResNet50_opt_SGD_lr_0.001 - INFO - Resuming from epoch 20, best validation accuracy: 0.9837
2025-05-01 00:21:16,970 - training.model_ResNet50_opt_SGD_lr_0.001 - INFO - Resuming from epoch 20, best validation accuracy: 0.9837
2025-05-01 00:21:16,970 - training.model_ResNet50_opt_SGD_lr_0.001 - INFO - Resuming from epoch 20, best validation accuracy: 0.9837
2025-05-01 00:21:16,971 - training.model_ResNet50_opt_SGD_lr_0.001 - INFO - Training completed after 1027.53 seconds
2025-05-01 00:21:16,971 - training.model_ResNet50_opt_SGD_lr_0.001 - INFO - Training completed after 1027.53 seconds
2025-05-01 00:21:16,971 - training.model_ResNet50_opt_SGD_lr_0.001 - INFO - Training completed after 1027.53 seconds
2025-05-01 00:21:16,971 - training.model_ResNet50_opt_SGD_lr_0.001 - INFO - Training completed after 1027.53 seconds
2025-05-01 00:21:16,971 - training.model_ResNet50_opt_SGD_lr_0.001 - INFO - Training completed after 1027.53 seconds
2025-05-01 00:21:16,971 - training.model_ResNet50_opt_SGD_lr_0.001 - INFO - Training completed after 1027.53 seconds
2025-05-01 00:21:16,971 - training.model_ResNet50_opt_SGD_lr_0.001 - INFO - Training completed after 1027.53 seconds
2025-05-01 00:21:16,971 - training.model_ResNet50_opt_SGD_lr_0.001 - INFO - Training completed after 1027.53 seconds
2025-05-01 00:21:16,971 - training.model_ResNet50_opt_SGD_lr_0.001 - INFO - Training completed after 1027.53 seconds
2025-05-01 00:21:16,971 - training.model_ResNet50_opt_SGD_lr_0.001 - INFO - Training completed after 1027.53 seconds
2025-05-01 00:21:16,971 - training.model_ResNet50_opt_SGD_lr_0.001 - INFO - Training completed after 1027.53 seconds
2025-05-01 00:21:25,874 - training.model_ResNet50_opt_SGD_lr_0.001 - INFO - Initialized training manager for model_ResNet50_opt_SGD_lr_0.001
2025-05-01 00:21:25,874 - training.model_ResNet50_opt_SGD_lr_0.001 - INFO - Initialized training manager for model_ResNet50_opt_SGD_lr_0.001
2025-05-01 00:21:25,874 - training.model_ResNet50_opt_SGD_lr_0.001 - INFO - Initialized training manager for model_ResNet50_opt_SGD_lr_0.001
2025-05-01 00:21:25,874 - training.model_ResNet50_opt_SGD_lr_0.001 - INFO - Initialized training manager for model_ResNet50_opt_SGD_lr_0.001
2025-05-01 00:21:25,874 - training.model_ResNet50_opt_SGD_lr_0.001 - INFO - Initialized training manager for model_ResNet50_opt_SGD_lr_0.001
2025-05-01 00:21:25,874 - training.model_ResNet50_opt_SGD_lr_0.001 - INFO - Initialized training manager for model_ResNet50_opt_SGD_lr_0.001
2025-05-01 00:21:25,874 - training.model_ResNet50_opt_SGD_lr_0.001 - INFO - Initialized training manager for model_ResNet50_opt_SGD_lr_0.001
2025-05-01 00:21:25,874 - training.model_ResNet50_opt_SGD_lr_0.001 - INFO - Initialized training manager for model_ResNet50_opt_SGD_lr_0.001
2025-05-01 00:21:25,874 - training.model_ResNet50_opt_SGD_lr_0.001 - INFO - Initialized training manager for model_ResNet50_opt_SGD_lr_0.001
2025-05-01 00:21:25,874 - training.model_ResNet50_opt_SGD_lr_0.001 - INFO - Initialized training manager for model_ResNet50_opt_SGD_lr_0.001
2025-05-01 00:21:25,874 - training.model_ResNet50_opt_SGD_lr_0.001 - INFO - Initialized training manager for model_ResNet50_opt_SGD_lr_0.001
2025-05-01 00:21:25,874 - training.model_ResNet50_opt_SGD_lr_0.001 - INFO - Initialized training manager for model_ResNet50_opt_SGD_lr_0.001
2025-05-01 00:21:25,874 - training.model_ResNet50_opt_SGD_lr_0.001 - INFO - Config: {
  "id": 24,
  "model_name": "ResNet50",
  "optimizer": "SGD",
  "learning_rate": 0.001,
  "scheduler": {
    "name": "CosineAnnealingWarmRestarts",
    "T_0": 10
  },
  "loss_fn": {
    "name": "LabelSmoothing",
    "smoothing": 0.1
  }
}
2025-05-01 00:21:25,874 - training.model_ResNet50_opt_SGD_lr_0.001 - INFO - Config: {
  "id": 24,
  "model_name": "ResNet50",
  "optimizer": "SGD",
  "learning_rate": 0.001,
  "scheduler": {
    "name": "CosineAnnealingWarmRestarts",
    "T_0": 10
  },
  "loss_fn": {
    "name": "LabelSmoothing",
    "smoothing": 0.1
  }
}
2025-05-01 00:21:25,874 - training.model_ResNet50_opt_SGD_lr_0.001 - INFO - Config: {
  "id": 24,
  "model_name": "ResNet50",
  "optimizer": "SGD",
  "learning_rate": 0.001,
  "scheduler": {
    "name": "CosineAnnealingWarmRestarts",
    "T_0": 10
  },
  "loss_fn": {
    "name": "LabelSmoothing",
    "smoothing": 0.1
  }
}
2025-05-01 00:21:25,874 - training.model_ResNet50_opt_SGD_lr_0.001 - INFO - Config: {
  "id": 24,
  "model_name": "ResNet50",
  "optimizer": "SGD",
  "learning_rate": 0.001,
  "scheduler": {
    "name": "CosineAnnealingWarmRestarts",
    "T_0": 10
  },
  "loss_fn": {
    "name": "LabelSmoothing",
    "smoothing": 0.1
  }
}
2025-05-01 00:21:25,874 - training.model_ResNet50_opt_SGD_lr_0.001 - INFO - Config: {
  "id": 24,
  "model_name": "ResNet50",
  "optimizer": "SGD",
  "learning_rate": 0.001,
  "scheduler": {
    "name": "CosineAnnealingWarmRestarts",
    "T_0": 10
  },
  "loss_fn": {
    "name": "LabelSmoothing",
    "smoothing": 0.1
  }
}
2025-05-01 00:21:25,874 - training.model_ResNet50_opt_SGD_lr_0.001 - INFO - Config: {
  "id": 24,
  "model_name": "ResNet50",
  "optimizer": "SGD",
  "learning_rate": 0.001,
  "scheduler": {
    "name": "CosineAnnealingWarmRestarts",
    "T_0": 10
  },
  "loss_fn": {
    "name": "LabelSmoothing",
    "smoothing": 0.1
  }
}
2025-05-01 00:21:25,874 - training.model_ResNet50_opt_SGD_lr_0.001 - INFO - Config: {
  "id": 24,
  "model_name": "ResNet50",
  "optimizer": "SGD",
  "learning_rate": 0.001,
  "scheduler": {
    "name": "CosineAnnealingWarmRestarts",
    "T_0": 10
  },
  "loss_fn": {
    "name": "LabelSmoothing",
    "smoothing": 0.1
  }
}
2025-05-01 00:21:25,874 - training.model_ResNet50_opt_SGD_lr_0.001 - INFO - Config: {
  "id": 24,
  "model_name": "ResNet50",
  "optimizer": "SGD",
  "learning_rate": 0.001,
  "scheduler": {
    "name": "CosineAnnealingWarmRestarts",
    "T_0": 10
  },
  "loss_fn": {
    "name": "LabelSmoothing",
    "smoothing": 0.1
  }
}
2025-05-01 00:21:25,874 - training.model_ResNet50_opt_SGD_lr_0.001 - INFO - Config: {
  "id": 24,
  "model_name": "ResNet50",
  "optimizer": "SGD",
  "learning_rate": 0.001,
  "scheduler": {
    "name": "CosineAnnealingWarmRestarts",
    "T_0": 10
  },
  "loss_fn": {
    "name": "LabelSmoothing",
    "smoothing": 0.1
  }
}
2025-05-01 00:21:25,874 - training.model_ResNet50_opt_SGD_lr_0.001 - INFO - Config: {
  "id": 24,
  "model_name": "ResNet50",
  "optimizer": "SGD",
  "learning_rate": 0.001,
  "scheduler": {
    "name": "CosineAnnealingWarmRestarts",
    "T_0": 10
  },
  "loss_fn": {
    "name": "LabelSmoothing",
    "smoothing": 0.1
  }
}
2025-05-01 00:21:25,874 - training.model_ResNet50_opt_SGD_lr_0.001 - INFO - Config: {
  "id": 24,
  "model_name": "ResNet50",
  "optimizer": "SGD",
  "learning_rate": 0.001,
  "scheduler": {
    "name": "CosineAnnealingWarmRestarts",
    "T_0": 10
  },
  "loss_fn": {
    "name": "LabelSmoothing",
    "smoothing": 0.1
  }
}
2025-05-01 00:21:25,874 - training.model_ResNet50_opt_SGD_lr_0.001 - INFO - Config: {
  "id": 24,
  "model_name": "ResNet50",
  "optimizer": "SGD",
  "learning_rate": 0.001,
  "scheduler": {
    "name": "CosineAnnealingWarmRestarts",
    "T_0": 10
  },
  "loss_fn": {
    "name": "LabelSmoothing",
    "smoothing": 0.1
  }
}
2025-05-01 00:21:25,874 - training.model_ResNet50_opt_SGD_lr_0.001 - INFO - Loading checkpoint from model_results_v2/model_ResNet50_opt_SGD_lr_0.001/checkpoint.pt
2025-05-01 00:21:25,874 - training.model_ResNet50_opt_SGD_lr_0.001 - INFO - Loading checkpoint from model_results_v2/model_ResNet50_opt_SGD_lr_0.001/checkpoint.pt
2025-05-01 00:21:25,874 - training.model_ResNet50_opt_SGD_lr_0.001 - INFO - Loading checkpoint from model_results_v2/model_ResNet50_opt_SGD_lr_0.001/checkpoint.pt
2025-05-01 00:21:25,874 - training.model_ResNet50_opt_SGD_lr_0.001 - INFO - Loading checkpoint from model_results_v2/model_ResNet50_opt_SGD_lr_0.001/checkpoint.pt
2025-05-01 00:21:25,874 - training.model_ResNet50_opt_SGD_lr_0.001 - INFO - Loading checkpoint from model_results_v2/model_ResNet50_opt_SGD_lr_0.001/checkpoint.pt
2025-05-01 00:21:25,874 - training.model_ResNet50_opt_SGD_lr_0.001 - INFO - Loading checkpoint from model_results_v2/model_ResNet50_opt_SGD_lr_0.001/checkpoint.pt
2025-05-01 00:21:25,874 - training.model_ResNet50_opt_SGD_lr_0.001 - INFO - Loading checkpoint from model_results_v2/model_ResNet50_opt_SGD_lr_0.001/checkpoint.pt
2025-05-01 00:21:25,874 - training.model_ResNet50_opt_SGD_lr_0.001 - INFO - Loading checkpoint from model_results_v2/model_ResNet50_opt_SGD_lr_0.001/checkpoint.pt
2025-05-01 00:21:25,874 - training.model_ResNet50_opt_SGD_lr_0.001 - INFO - Loading checkpoint from model_results_v2/model_ResNet50_opt_SGD_lr_0.001/checkpoint.pt
2025-05-01 00:21:25,874 - training.model_ResNet50_opt_SGD_lr_0.001 - INFO - Loading checkpoint from model_results_v2/model_ResNet50_opt_SGD_lr_0.001/checkpoint.pt
2025-05-01 00:21:25,874 - training.model_ResNet50_opt_SGD_lr_0.001 - INFO - Loading checkpoint from model_results_v2/model_ResNet50_opt_SGD_lr_0.001/checkpoint.pt
2025-05-01 00:21:25,874 - training.model_ResNet50_opt_SGD_lr_0.001 - INFO - Loading checkpoint from model_results_v2/model_ResNet50_opt_SGD_lr_0.001/checkpoint.pt
2025-05-01 00:21:25,937 - training.model_ResNet50_opt_SGD_lr_0.001 - INFO - Resuming from epoch 20, best validation accuracy: 0.9837
2025-05-01 00:21:25,937 - training.model_ResNet50_opt_SGD_lr_0.001 - INFO - Resuming from epoch 20, best validation accuracy: 0.9837
2025-05-01 00:21:25,937 - training.model_ResNet50_opt_SGD_lr_0.001 - INFO - Resuming from epoch 20, best validation accuracy: 0.9837
2025-05-01 00:21:25,937 - training.model_ResNet50_opt_SGD_lr_0.001 - INFO - Resuming from epoch 20, best validation accuracy: 0.9837
2025-05-01 00:21:25,937 - training.model_ResNet50_opt_SGD_lr_0.001 - INFO - Resuming from epoch 20, best validation accuracy: 0.9837
2025-05-01 00:21:25,937 - training.model_ResNet50_opt_SGD_lr_0.001 - INFO - Resuming from epoch 20, best validation accuracy: 0.9837
2025-05-01 00:21:25,937 - training.model_ResNet50_opt_SGD_lr_0.001 - INFO - Resuming from epoch 20, best validation accuracy: 0.9837
2025-05-01 00:21:25,937 - training.model_ResNet50_opt_SGD_lr_0.001 - INFO - Resuming from epoch 20, best validation accuracy: 0.9837
2025-05-01 00:21:25,937 - training.model_ResNet50_opt_SGD_lr_0.001 - INFO - Resuming from epoch 20, best validation accuracy: 0.9837
2025-05-01 00:21:25,937 - training.model_ResNet50_opt_SGD_lr_0.001 - INFO - Resuming from epoch 20, best validation accuracy: 0.9837
2025-05-01 00:21:25,937 - training.model_ResNet50_opt_SGD_lr_0.001 - INFO - Resuming from epoch 20, best validation accuracy: 0.9837
2025-05-01 00:21:25,937 - training.model_ResNet50_opt_SGD_lr_0.001 - INFO - Resuming from epoch 20, best validation accuracy: 0.9837
2025-05-01 00:21:25,938 - training.model_ResNet50_opt_SGD_lr_0.001 - INFO - Training completed after 1027.53 seconds
2025-05-01 00:21:25,938 - training.model_ResNet50_opt_SGD_lr_0.001 - INFO - Training completed after 1027.53 seconds
2025-05-01 00:21:25,938 - training.model_ResNet50_opt_SGD_lr_0.001 - INFO - Training completed after 1027.53 seconds
2025-05-01 00:21:25,938 - training.model_ResNet50_opt_SGD_lr_0.001 - INFO - Training completed after 1027.53 seconds
2025-05-01 00:21:25,938 - training.model_ResNet50_opt_SGD_lr_0.001 - INFO - Training completed after 1027.53 seconds
2025-05-01 00:21:25,938 - training.model_ResNet50_opt_SGD_lr_0.001 - INFO - Training completed after 1027.53 seconds
2025-05-01 00:21:25,938 - training.model_ResNet50_opt_SGD_lr_0.001 - INFO - Training completed after 1027.53 seconds
2025-05-01 00:21:25,938 - training.model_ResNet50_opt_SGD_lr_0.001 - INFO - Training completed after 1027.53 seconds
2025-05-01 00:21:25,938 - training.model_ResNet50_opt_SGD_lr_0.001 - INFO - Training completed after 1027.53 seconds
2025-05-01 00:21:25,938 - training.model_ResNet50_opt_SGD_lr_0.001 - INFO - Training completed after 1027.53 seconds
2025-05-01 00:21:25,938 - training.model_ResNet50_opt_SGD_lr_0.001 - INFO - Training completed after 1027.53 seconds
2025-05-01 00:21:25,938 - training.model_ResNet50_opt_SGD_lr_0.001 - INFO - Training completed after 1027.53 seconds
