2025-05-01 01:17:13,718 - training.model_ResNet50_opt_Adam_lr_0.001_id_54 - INFO - Initialized training manager for model_ResNet50_opt_Adam_lr_0.001_id_54
2025-05-01 01:17:13,718 - training.model_ResNet50_opt_Adam_lr_0.001_id_54 - INFO - Config: {
  "id": 54,
  "model_name": "ResNet50",
  "optimizer": "Adam",
  "learning_rate": 0.001,
  "scheduler": {
    "name": "ReduceLROnPlateau",
    "patience": 5,
    "factor": 0.5
  },
  "loss_fn": {
    "name": "LabelSmoothing",
    "smoothing": 0.1
  }
}
2025-05-01 01:17:13,970 - training.model_ResNet50_opt_Adam_lr_0.001_id_54 - INFO - Starting model evaluation
2025-05-01 01:17:22,593 - training.model_ResNet50_opt_Adam_lr_0.001_id_54 - INFO - Evaluation metrics:
  Accuracy:  0.9326
  Precision: 0.8406
  Recall:    0.9406
  F1 Score:  0.8878
  IoU:       0.7982
  mAP:       0.9390
  AUC:       0.9772
2025-05-01 01:17:22,595 - training.model_ResNet50_opt_Adam_lr_0.001_id_54 - INFO - Final results saved to model_results_v2/model_ResNet50_opt_Adam_lr_0.001_id_54/final_results.json
2025-05-01 01:17:22,596 - training.model_ResNet50_opt_Adam_lr_0.001_id_54 - INFO - Final results saved to model_results_v2/model_ResNet50_opt_Adam_lr_0.001_id_54/final_results.json
