2025-05-01 01:17:39,875 - training.model_ResNet50_opt_Adam_lr_0.001_id_57 - INFO - Initialized training manager for model_ResNet50_opt_Adam_lr_0.001_id_57
2025-05-01 01:17:39,875 - training.model_ResNet50_opt_Adam_lr_0.001_id_57 - INFO - Config: {
  "id": 57,
  "model_name": "ResNet50",
  "optimizer": "Adam",
  "learning_rate": 0.001,
  "scheduler": {
    "name": "CosineAnnealingLR",
    "T_max": 10
  },
  "loss_fn": {
    "name": "LabelSmoothing",
    "smoothing": 0.1
  }
}
2025-05-01 01:17:40,113 - training.model_ResNet50_opt_Adam_lr_0.001_id_57 - INFO - Starting model evaluation
2025-05-01 01:17:47,661 - training.model_ResNet50_opt_Adam_lr_0.001_id_57 - INFO - Evaluation metrics:
  Accuracy:  0.9366
  Precision: 0.8469
  Recall:    0.9476
  F1 Score:  0.8944
  IoU:       0.8090
  mAP:       0.9346
  AUC:       0.9790
2025-05-01 01:17:47,662 - training.model_ResNet50_opt_Adam_lr_0.001_id_57 - INFO - Final results saved to model_results_v2/model_ResNet50_opt_Adam_lr_0.001_id_57/final_results.json
2025-05-01 01:17:47,664 - training.model_ResNet50_opt_Adam_lr_0.001_id_57 - INFO - Final results saved to model_results_v2/model_ResNet50_opt_Adam_lr_0.001_id_57/final_results.json
