2025-05-01 03:41:44,241 - training.model_ResNet101_opt_Adam_lr_0.01_id_152 - INFO - Initialized training manager for model_ResNet101_opt_Adam_lr_0.01_id_152
2025-05-01 03:41:44,241 - training.model_ResNet101_opt_Adam_lr_0.01_id_152 - INFO - Config: {
  "id": 152,
  "model_name": "ResNet101",
  "optimizer": "Adam",
  "learning_rate": 0.01,
  "scheduler": {
    "name": "CosineAnnealingLR",
    "T_max": 10
  },
  "loss_fn": {
    "name": "FocalLoss",
    "alpha": 0.25,
    "gamma": 2.0
  }
}
2025-05-01 03:41:44,635 - training.model_ResNet101_opt_Adam_lr_0.01_id_152 - INFO - Starting model evaluation
2025-05-01 03:41:54,011 - training.model_ResNet101_opt_Adam_lr_0.01_id_152 - INFO - Evaluation metrics:
  Accuracy:  0.8484
  Precision: 0.7166
  Recall:    0.7692
  F1 Score:  0.7420
  IoU:       0.5898
  mAP:       0.8313
  AUC:       0.9084
2025-05-01 03:41:54,014 - training.model_ResNet101_opt_Adam_lr_0.01_id_152 - INFO - Final results saved to model_results_v2/model_ResNet101_opt_Adam_lr_0.01_id_152/final_results.json
2025-05-01 03:41:54,016 - training.model_ResNet101_opt_Adam_lr_0.01_id_152 - INFO - Final results saved to model_results_v2/model_ResNet101_opt_Adam_lr_0.01_id_152/final_results.json
