2025-05-01 09:21:20,628 - training.model_EfficientNet-B2_opt_Adam_lr_0.0001_id_279 - INFO - Initialized training manager for model_EfficientNet-B2_opt_Adam_lr_0.0001_id_279
2025-05-01 09:21:20,628 - training.model_EfficientNet-B2_opt_Adam_lr_0.0001_id_279 - INFO - Config: {
  "id": 279,
  "model_name": "EfficientNet-B2",
  "optimizer": "Adam",
  "learning_rate": 0.0001,
  "scheduler": {
    "name": "StepLR",
    "step_size": 10,
    "gamma": 0.1
  },
  "loss_fn": {
    "name": "LabelSmoothing",
    "smoothing": 0.1
  }
}
2025-05-01 09:21:21,712 - training.model_EfficientNet-B2_opt_Adam_lr_0.0001_id_279 - INFO - Starting model evaluation
2025-05-01 09:21:33,265 - training.model_EfficientNet-B2_opt_Adam_lr_0.0001_id_279 - INFO - Evaluation metrics:
  Accuracy:  0.9633
  Precision: 0.9082
  Recall:    0.9685
  F1 Score:  0.9374
  IoU:       0.8822
  mAP:       0.9824
  AUC:       0.9908
2025-05-01 09:21:33,267 - training.model_EfficientNet-B2_opt_Adam_lr_0.0001_id_279 - INFO - Final results saved to model_results_v2/model_EfficientNet-B2_opt_Adam_lr_0.0001_id_279/final_results.json
2025-05-01 09:21:33,268 - training.model_EfficientNet-B2_opt_Adam_lr_0.0001_id_279 - INFO - Final results saved to model_results_v2/model_EfficientNet-B2_opt_Adam_lr_0.0001_id_279/final_results.json
