2025-05-01 07:14:33,627 - training.model_ResNet101_opt_AdamW_lr_0.0001_id_215 - INFO - Initialized training manager for model_ResNet101_opt_AdamW_lr_0.0001_id_215
2025-05-01 07:14:33,627 - training.model_ResNet101_opt_AdamW_lr_0.0001_id_215 - INFO - Config: {
  "id": 215,
  "model_name": "ResNet101",
  "optimizer": "AdamW",
  "learning_rate": 0.0001,
  "scheduler": {
    "name": "CosineAnnealingWarmRestarts",
    "T_0": 10
  },
  "loss_fn": {
    "name": "FocalLoss",
    "alpha": 0.25,
    "gamma": 2.0
  }
}
2025-05-01 07:14:35,612 - training.model_ResNet101_opt_AdamW_lr_0.0001_id_215 - INFO - Starting model evaluation
2025-05-01 07:14:46,908 - training.model_ResNet101_opt_AdamW_lr_0.0001_id_215 - INFO - Evaluation metrics:
  Accuracy:  0.9653
  Precision: 0.9343
  Recall:    0.9441
  F1 Score:  0.9391
  IoU:       0.8852
  mAP:       0.9613
  AUC:       0.9830
2025-05-01 07:14:46,909 - training.model_ResNet101_opt_AdamW_lr_0.0001_id_215 - INFO - Final results saved to model_results_v2/model_ResNet101_opt_AdamW_lr_0.0001_id_215/final_results.json
2025-05-01 07:14:46,911 - training.model_ResNet101_opt_AdamW_lr_0.0001_id_215 - INFO - Final results saved to model_results_v2/model_ResNet101_opt_AdamW_lr_0.0001_id_215/final_results.json
