2025-05-03 10:06:21,911 - training.model_ConvNeXt_opt_SGD_lr_0.001_id_667 - INFO - Initialized training manager for model_ConvNeXt_opt_SGD_lr_0.001_id_667
2025-05-03 10:06:21,911 - training.model_ConvNeXt_opt_SGD_lr_0.001_id_667 - INFO - Config: {
  "id": 667,
  "model_name": "ConvNeXt",
  "optimizer": "SGD",
  "learning_rate": 0.001,
  "scheduler": {
    "name": "CosineAnnealingLR",
    "T_max": 10
  },
  "loss_fn": {
    "name": "CrossEntropy"
  }
}
2025-05-03 10:06:22,776 - training.model_ConvNeXt_opt_SGD_lr_0.001_id_667 - INFO - Starting model evaluation
2025-05-03 10:06:34,349 - training.model_ConvNeXt_opt_SGD_lr_0.001_id_667 - INFO - Evaluation metrics:
  Accuracy:  0.9623
  Precision: 0.9161
  Recall:    0.9545
  F1 Score:  0.9349
  IoU:       0.8778
  mAP:       0.9850
  AUC:       0.9937
2025-05-03 10:06:34,351 - training.model_ConvNeXt_opt_SGD_lr_0.001_id_667 - INFO - Final results saved to model_results_v2/model_ConvNeXt_opt_SGD_lr_0.001_id_667/final_results.json
2025-05-03 10:06:34,353 - training.model_ConvNeXt_opt_SGD_lr_0.001_id_667 - INFO - Final results saved to model_results_v2/model_ConvNeXt_opt_SGD_lr_0.001_id_667/final_results.json
