2025-05-03 10:06:34,353 - training.model_ConvNeXt_opt_SGD_lr_0.001_id_668 - INFO - Initialized training manager for model_ConvNeXt_opt_SGD_lr_0.001_id_668
2025-05-03 10:06:34,353 - training.model_ConvNeXt_opt_SGD_lr_0.001_id_668 - INFO - Config: {
  "id": 668,
  "model_name": "ConvNeXt",
  "optimizer": "SGD",
  "learning_rate": 0.001,
  "scheduler": {
    "name": "CosineAnnealingLR",
    "T_max": 10
  },
  "loss_fn": {
    "name": "FocalLoss",
    "alpha": 0.25,
    "gamma": 2.0
  }
}
2025-05-03 10:06:35,238 - training.model_ConvNeXt_opt_SGD_lr_0.001_id_668 - INFO - Starting model evaluation
2025-05-03 10:06:46,919 - training.model_ConvNeXt_opt_SGD_lr_0.001_id_668 - INFO - Evaluation metrics:
  Accuracy:  0.9663
  Precision: 0.9286
  Recall:    0.9545
  F1 Score:  0.9414
  IoU:       0.8893
  mAP:       0.9841
  AUC:       0.9926
2025-05-03 10:06:46,921 - training.model_ConvNeXt_opt_SGD_lr_0.001_id_668 - INFO - Final results saved to model_results_v2/model_ConvNeXt_opt_SGD_lr_0.001_id_668/final_results.json
2025-05-03 10:06:46,923 - training.model_ConvNeXt_opt_SGD_lr_0.001_id_668 - INFO - Final results saved to model_results_v2/model_ConvNeXt_opt_SGD_lr_0.001_id_668/final_results.json
