2025-05-03 09:30:04,198 - training.model_ConvNeXt_opt_SGD_lr_0.01_id_650 - INFO - Initialized training manager for model_ConvNeXt_opt_SGD_lr_0.01_id_650
2025-05-03 09:30:04,198 - training.model_ConvNeXt_opt_SGD_lr_0.01_id_650 - INFO - Config: {
  "id": 650,
  "model_name": "ConvNeXt",
  "optimizer": "SGD",
  "learning_rate": 0.01,
  "scheduler": {
    "name": "StepLR",
    "step_size": 10,
    "gamma": 0.1
  },
  "loss_fn": {
    "name": "FocalLoss",
    "alpha": 0.25,
    "gamma": 2.0
  }
}
2025-05-03 09:30:05,327 - training.model_ConvNeXt_opt_SGD_lr_0.01_id_650 - INFO - Starting model evaluation
2025-05-03 09:30:17,069 - training.model_ConvNeXt_opt_SGD_lr_0.01_id_650 - INFO - Evaluation metrics:
  Accuracy:  0.9495
  Precision: 0.8956
  Recall:    0.9301
  F1 Score:  0.9125
  IoU:       0.8391
  mAP:       0.9658
  AUC:       0.9827
2025-05-03 09:30:17,073 - training.model_ConvNeXt_opt_SGD_lr_0.01_id_650 - INFO - Final results saved to model_results_v2/model_ConvNeXt_opt_SGD_lr_0.01_id_650/final_results.json
2025-05-03 09:30:17,075 - training.model_ConvNeXt_opt_SGD_lr_0.01_id_650 - INFO - Final results saved to model_results_v2/model_ConvNeXt_opt_SGD_lr_0.01_id_650/final_results.json
