2025-05-01 11:28:22,931 - training.model_ViT-B-16_opt_SGD_lr_0.0001_id_353 - INFO - Initialized training manager for model_ViT-B-16_opt_SGD_lr_0.0001_id_353
2025-05-01 11:28:22,931 - training.model_ViT-B-16_opt_SGD_lr_0.0001_id_353 - INFO - Config: {
  "id": 353,
  "model_name": "ViT-B-16",
  "optimizer": "SGD",
  "learning_rate": 0.0001,
  "scheduler": {
    "name": "ReduceLROnPlateau",
    "patience": 5,
    "factor": 0.5
  },
  "loss_fn": {
    "name": "FocalLoss",
    "alpha": 0.25,
    "gamma": 2.0
  }
}
2025-05-03 00:14:58,253 - training.model_ViT-B-16_opt_SGD_lr_0.0001_id_353 - INFO - Initialized training manager for model_ViT-B-16_opt_SGD_lr_0.0001_id_353
2025-05-03 00:14:58,255 - training.model_ViT-B-16_opt_SGD_lr_0.0001_id_353 - INFO - Config: {
  "id": 353,
  "model_name": "ViT-B-16",
  "optimizer": "SGD",
  "learning_rate": 0.0001,
  "scheduler": {
    "name": "ReduceLROnPlateau",
    "patience": 5,
    "factor": 0.5
  },
  "loss_fn": {
    "name": "FocalLoss",
    "alpha": 0.25,
    "gamma": 2.0
  }
}
2025-05-03 00:14:58,853 - training.model_ViT-B-16_opt_SGD_lr_0.0001_id_353 - INFO - Starting model evaluation
2025-05-03 00:15:08,124 - training.model_ViT-B-16_opt_SGD_lr_0.0001_id_353 - INFO - Evaluation metrics:
  Accuracy:  0.9257
  Precision: 0.8371
  Recall:    0.9161
  F1 Score:  0.8748
  IoU:       0.7774
  mAP:       0.9460
  AUC:       0.9738
2025-05-03 00:15:08,130 - training.model_ViT-B-16_opt_SGD_lr_0.0001_id_353 - INFO - Final results saved to model_results_v2/model_ViT-B-16_opt_SGD_lr_0.0001_id_353/final_results.json
2025-05-03 00:15:08,132 - training.model_ViT-B-16_opt_SGD_lr_0.0001_id_353 - INFO - Final results saved to model_results_v2/model_ViT-B-16_opt_SGD_lr_0.0001_id_353/final_results.json
