2025-05-01 11:30:01,656 - training.model_ViT-B-16_opt_AdamW_lr_0.001_id_419 - INFO - Initialized training manager for model_ViT-B-16_opt_AdamW_lr_0.001_id_419
2025-05-01 11:30:01,656 - training.model_ViT-B-16_opt_AdamW_lr_0.001_id_419 - INFO - Config: {
  "id": 419,
  "model_name": "ViT-B-16",
  "optimizer": "AdamW",
  "learning_rate": 0.001,
  "scheduler": {
    "name": "CosineAnnealingWarmRestarts",
    "T_0": 10
  },
  "loss_fn": {
    "name": "FocalLoss",
    "alpha": 0.25,
    "gamma": 2.0
  }
}
2025-05-03 03:34:09,445 - training.model_ViT-B-16_opt_AdamW_lr_0.001_id_419 - INFO - Initialized training manager for model_ViT-B-16_opt_AdamW_lr_0.001_id_419
2025-05-03 03:34:09,447 - training.model_ViT-B-16_opt_AdamW_lr_0.001_id_419 - INFO - Config: {
  "id": 419,
  "model_name": "ViT-B-16",
  "optimizer": "AdamW",
  "learning_rate": 0.001,
  "scheduler": {
    "name": "CosineAnnealingWarmRestarts",
    "T_0": 10
  },
  "loss_fn": {
    "name": "FocalLoss",
    "alpha": 0.25,
    "gamma": 2.0
  }
}
2025-05-03 03:34:10,146 - training.model_ViT-B-16_opt_AdamW_lr_0.001_id_419 - INFO - Starting model evaluation
2025-05-03 03:34:21,121 - training.model_ViT-B-16_opt_AdamW_lr_0.001_id_419 - INFO - Evaluation metrics:
  Accuracy:  0.2834
  Precision: 0.2834
  Recall:    1.0000
  F1 Score:  0.4417
  IoU:       0.2834
  mAP:       0.2834
  AUC:       0.5000
2025-05-03 03:34:21,123 - training.model_ViT-B-16_opt_AdamW_lr_0.001_id_419 - INFO - Final results saved to model_results_v2/model_ViT-B-16_opt_AdamW_lr_0.001_id_419/final_results.json
2025-05-03 03:34:21,124 - training.model_ViT-B-16_opt_AdamW_lr_0.001_id_419 - INFO - Final results saved to model_results_v2/model_ViT-B-16_opt_AdamW_lr_0.001_id_419/final_results.json
