2025-05-03 04:03:03,420 - training.model_DenseNet121_opt_SGD_lr_0.0001_id_459 - INFO - Initialized training manager for model_DenseNet121_opt_SGD_lr_0.0001_id_459
2025-05-03 04:03:03,420 - training.model_DenseNet121_opt_SGD_lr_0.0001_id_459 - INFO - Config: {
  "id": 459,
  "model_name": "DenseNet121",
  "optimizer": "SGD",
  "learning_rate": 0.0001,
  "scheduler": {
    "name": "StepLR",
    "step_size": 10,
    "gamma": 0.1
  },
  "loss_fn": {
    "name": "LabelSmoothing",
    "smoothing": 0.1
  }
}
2025-05-03 04:03:03,685 - training.model_DenseNet121_opt_SGD_lr_0.0001_id_459 - INFO - Starting model evaluation
2025-05-03 04:03:15,947 - training.model_DenseNet121_opt_SGD_lr_0.0001_id_459 - INFO - Evaluation metrics:
  Accuracy:  0.9158
  Precision: 0.8339
  Recall:    0.8776
  F1 Score:  0.8552
  IoU:       0.7470
  mAP:       0.9493
  AUC:       0.9713
2025-05-03 04:03:15,948 - training.model_DenseNet121_opt_SGD_lr_0.0001_id_459 - INFO - Final results saved to model_results_v2/model_DenseNet121_opt_SGD_lr_0.0001_id_459/final_results.json
2025-05-03 04:03:15,950 - training.model_DenseNet121_opt_SGD_lr_0.0001_id_459 - INFO - Final results saved to model_results_v2/model_DenseNet121_opt_SGD_lr_0.0001_id_459/final_results.json
