2025-05-01 03:23:30,999 - training.model_ResNet101_opt_SGD_lr_0.0001_id_143 - INFO - Initialized training manager for model_ResNet101_opt_SGD_lr_0.0001_id_143
2025-05-01 03:23:30,999 - training.model_ResNet101_opt_SGD_lr_0.0001_id_143 - INFO - Config: {
  "id": 143,
  "model_name": "ResNet101",
  "optimizer": "SGD",
  "learning_rate": 0.0001,
  "scheduler": {
    "name": "CosineAnnealingWarmRestarts",
    "T_0": 10
  },
  "loss_fn": {
    "name": "FocalLoss",
    "alpha": 0.25,
    "gamma": 2.0
  }
}
2025-05-01 03:23:31,351 - training.model_ResNet101_opt_SGD_lr_0.0001_id_143 - INFO - Starting model evaluation
2025-05-01 03:23:41,077 - training.model_ResNet101_opt_SGD_lr_0.0001_id_143 - INFO - Evaluation metrics:
  Accuracy:  0.9445
  Precision: 0.8912
  Recall:    0.9161
  F1 Score:  0.9034
  IoU:       0.8239
  mAP:       0.9634
  AUC:       0.9808
2025-05-01 03:23:41,079 - training.model_ResNet101_opt_SGD_lr_0.0001_id_143 - INFO - Final results saved to model_results_v2/model_ResNet101_opt_SGD_lr_0.0001_id_143/final_results.json
2025-05-01 03:23:41,080 - training.model_ResNet101_opt_SGD_lr_0.0001_id_143 - INFO - Final results saved to model_results_v2/model_ResNet101_opt_SGD_lr_0.0001_id_143/final_results.json
