2025-05-03 11:12:31,974 - training.model_ConvNeXt_opt_Adam_lr_0.01_id_695 - INFO - Initialized training manager for model_ConvNeXt_opt_Adam_lr_0.01_id_695
2025-05-03 11:12:31,974 - training.model_ConvNeXt_opt_Adam_lr_0.01_id_695 - INFO - Config: {
  "id": 695,
  "model_name": "ConvNeXt",
  "optimizer": "Adam",
  "learning_rate": 0.01,
  "scheduler": {
    "name": "CosineAnnealingWarmRestarts",
    "T_0": 10
  },
  "loss_fn": {
    "name": "FocalLoss",
    "alpha": 0.25,
    "gamma": 2.0
  }
}
2025-05-03 11:12:33,133 - training.model_ConvNeXt_opt_Adam_lr_0.01_id_695 - INFO - Starting model evaluation
2025-05-03 11:12:44,759 - training.model_ConvNeXt_opt_Adam_lr_0.01_id_695 - INFO - Evaluation metrics:
  Accuracy:  0.7166
  Precision: 0.0000
  Recall:    0.0000
  F1 Score:  0.0000
  IoU:       0.0000
  mAP:       0.2969
  AUC:       0.5596
2025-05-03 11:12:44,760 - training.model_ConvNeXt_opt_Adam_lr_0.01_id_695 - INFO - Final results saved to model_results_v2/model_ConvNeXt_opt_Adam_lr_0.01_id_695/final_results.json
2025-05-03 11:12:44,762 - training.model_ConvNeXt_opt_Adam_lr_0.01_id_695 - INFO - Final results saved to model_results_v2/model_ConvNeXt_opt_Adam_lr_0.01_id_695/final_results.json
