2025-05-03 05:48:59,157 - training.model_DenseNet121_opt_AdamW_lr_0.001_id_520 - INFO - Initialized training manager for model_DenseNet121_opt_AdamW_lr_0.001_id_520
2025-05-03 05:48:59,157 - training.model_DenseNet121_opt_AdamW_lr_0.001_id_520 - INFO - Config: {
  "id": 520,
  "model_name": "DenseNet121",
  "optimizer": "AdamW",
  "learning_rate": 0.001,
  "scheduler": {
    "name": "ReduceLROnPlateau",
    "patience": 5,
    "factor": 0.5
  },
  "loss_fn": {
    "name": "CrossEntropy"
  }
}
2025-05-03 05:48:59,555 - training.model_DenseNet121_opt_AdamW_lr_0.001_id_520 - INFO - Starting model evaluation
2025-05-03 05:49:11,222 - training.model_DenseNet121_opt_AdamW_lr_0.001_id_520 - INFO - Evaluation metrics:
  Accuracy:  0.9366
  Precision: 0.8776
  Recall:    0.9021
  F1 Score:  0.8897
  IoU:       0.8012
  mAP:       0.9402
  AUC:       0.9676
2025-05-03 05:49:11,225 - training.model_DenseNet121_opt_AdamW_lr_0.001_id_520 - INFO - Final results saved to model_results_v2/model_DenseNet121_opt_AdamW_lr_0.001_id_520/final_results.json
2025-05-03 05:49:11,227 - training.model_DenseNet121_opt_AdamW_lr_0.001_id_520 - INFO - Final results saved to model_results_v2/model_DenseNet121_opt_AdamW_lr_0.001_id_520/final_results.json
