2025-05-01 11:30:13,487 - training.model_ViT-B-16_opt_AdamW_lr_0.0001_id_427 - INFO - Initialized training manager for model_ViT-B-16_opt_AdamW_lr_0.0001_id_427
2025-05-01 11:30:13,487 - training.model_ViT-B-16_opt_AdamW_lr_0.0001_id_427 - INFO - Config: {
  "id": 427,
  "model_name": "ViT-B-16",
  "optimizer": "AdamW",
  "learning_rate": 0.0001,
  "scheduler": {
    "name": "CosineAnnealingLR",
    "T_max": 10
  },
  "loss_fn": {
    "name": "CrossEntropy"
  }
}
2025-05-03 03:46:26,650 - training.model_ViT-B-16_opt_AdamW_lr_0.0001_id_427 - INFO - Initialized training manager for model_ViT-B-16_opt_AdamW_lr_0.0001_id_427
2025-05-03 03:46:26,651 - training.model_ViT-B-16_opt_AdamW_lr_0.0001_id_427 - INFO - Config: {
  "id": 427,
  "model_name": "ViT-B-16",
  "optimizer": "AdamW",
  "learning_rate": 0.0001,
  "scheduler": {
    "name": "CosineAnnealingLR",
    "T_max": 10
  },
  "loss_fn": {
    "name": "CrossEntropy"
  }
}
2025-05-03 03:46:27,544 - training.model_ViT-B-16_opt_AdamW_lr_0.0001_id_427 - INFO - Starting model evaluation
2025-05-03 03:46:37,734 - training.model_ViT-B-16_opt_AdamW_lr_0.0001_id_427 - INFO - Evaluation metrics:
  Accuracy:  0.8216
  Precision: 0.6721
  Recall:    0.7238
  F1 Score:  0.6970
  IoU:       0.5349
  mAP:       0.7698
  AUC:       0.8601
2025-05-03 03:46:37,735 - training.model_ViT-B-16_opt_AdamW_lr_0.0001_id_427 - INFO - Final results saved to model_results_v2/model_ViT-B-16_opt_AdamW_lr_0.0001_id_427/final_results.json
2025-05-03 03:46:37,737 - training.model_ViT-B-16_opt_AdamW_lr_0.0001_id_427 - INFO - Final results saved to model_results_v2/model_ViT-B-16_opt_AdamW_lr_0.0001_id_427/final_results.json
