2025-05-01 11:50:54,866 - training.model_DenseNet121_opt_SGD_lr_0.01_id_439 - INFO - Initialized training manager for model_DenseNet121_opt_SGD_lr_0.01_id_439
2025-05-01 11:50:54,866 - training.model_DenseNet121_opt_SGD_lr_0.01_id_439 - INFO - Config: {
  "id": 439,
  "model_name": "DenseNet121",
  "optimizer": "SGD",
  "learning_rate": 0.01,
  "scheduler": {
    "name": "CosineAnnealingLR",
    "T_max": 10
  },
  "loss_fn": {
    "name": "CrossEntropy"
  }
}
2025-05-01 11:50:55,968 - training.model_DenseNet121_opt_SGD_lr_0.01_id_439 - INFO - Starting model evaluation
2025-05-01 11:51:08,591 - training.model_DenseNet121_opt_SGD_lr_0.01_id_439 - INFO - Evaluation metrics:
  Accuracy:  0.9683
  Precision: 0.9504
  Recall:    0.9371
  F1 Score:  0.9437
  IoU:       0.8933
  mAP:       0.9896
  AUC:       0.9952
2025-05-01 11:51:08,593 - training.model_DenseNet121_opt_SGD_lr_0.01_id_439 - INFO - Final results saved to model_results_v2/model_DenseNet121_opt_SGD_lr_0.01_id_439/final_results.json
2025-05-01 11:51:08,595 - training.model_DenseNet121_opt_SGD_lr_0.01_id_439 - INFO - Final results saved to model_results_v2/model_DenseNet121_opt_SGD_lr_0.01_id_439/final_results.json
