2025-05-01 06:47:58,912 - training.model_ResNet101_opt_AdamW_lr_0.001_id_197 - INFO - Initialized training manager for model_ResNet101_opt_AdamW_lr_0.001_id_197
2025-05-01 06:47:58,912 - training.model_ResNet101_opt_AdamW_lr_0.001_id_197 - INFO - Config: {
  "id": 197,
  "model_name": "ResNet101",
  "optimizer": "AdamW",
  "learning_rate": 0.001,
  "scheduler": {
    "name": "ReduceLROnPlateau",
    "patience": 5,
    "factor": 0.5
  },
  "loss_fn": {
    "name": "FocalLoss",
    "alpha": 0.25,
    "gamma": 2.0
  }
}
2025-05-01 06:48:00,894 - training.model_ResNet101_opt_AdamW_lr_0.001_id_197 - INFO - Starting model evaluation
2025-05-01 06:48:12,400 - training.model_ResNet101_opt_AdamW_lr_0.001_id_197 - INFO - Evaluation metrics:
  Accuracy:  0.8801
  Precision: 0.7477
  Recall:    0.8706
  F1 Score:  0.8045
  IoU:       0.6730
  mAP:       0.8859
  AUC:       0.9395
2025-05-01 06:48:12,401 - training.model_ResNet101_opt_AdamW_lr_0.001_id_197 - INFO - Final results saved to model_results_v2/model_ResNet101_opt_AdamW_lr_0.001_id_197/final_results.json
2025-05-01 06:48:12,403 - training.model_ResNet101_opt_AdamW_lr_0.001_id_197 - INFO - Final results saved to model_results_v2/model_ResNet101_opt_AdamW_lr_0.001_id_197/final_results.json
