2025-05-01 02:09:46,099 - training.model_ResNet50_opt_AdamW_lr_0.001_id_88 - INFO - Initialized training manager for model_ResNet50_opt_AdamW_lr_0.001_id_88
2025-05-01 02:09:46,099 - training.model_ResNet50_opt_AdamW_lr_0.001_id_88 - INFO - Config: {
  "id": 88,
  "model_name": "ResNet50",
  "optimizer": "AdamW",
  "learning_rate": 0.001,
  "scheduler": {
    "name": "ReduceLROnPlateau",
    "patience": 5,
    "factor": 0.5
  },
  "loss_fn": {
    "name": "CrossEntropy"
  }
}
2025-05-01 02:09:46,342 - training.model_ResNet50_opt_AdamW_lr_0.001_id_88 - INFO - Starting model evaluation
2025-05-01 02:09:53,672 - training.model_ResNet50_opt_AdamW_lr_0.001_id_88 - INFO - Evaluation metrics:
  Accuracy:  0.9386
  Precision: 0.8758
  Recall:    0.9126
  F1 Score:  0.8938
  IoU:       0.8080
  mAP:       0.9451
  AUC:       0.9762
2025-05-01 02:09:53,674 - training.model_ResNet50_opt_AdamW_lr_0.001_id_88 - INFO - Final results saved to model_results_v2/model_ResNet50_opt_AdamW_lr_0.001_id_88/final_results.json
2025-05-01 02:09:53,675 - training.model_ResNet50_opt_AdamW_lr_0.001_id_88 - INFO - Final results saved to model_results_v2/model_ResNet50_opt_AdamW_lr_0.001_id_88/final_results.json
