2025-05-01 05:44:20,709 - training.model_ResNet101_opt_Adam_lr_0.0001_id_169 - INFO - Initialized training manager for model_ResNet101_opt_Adam_lr_0.0001_id_169
2025-05-01 05:44:20,709 - training.model_ResNet101_opt_Adam_lr_0.0001_id_169 - INFO - Config: {
  "id": 169,
  "model_name": "ResNet101",
  "optimizer": "Adam",
  "learning_rate": 0.0001,
  "scheduler": {
    "name": "StepLR",
    "step_size": 10,
    "gamma": 0.1
  },
  "loss_fn": {
    "name": "CrossEntropy"
  }
}
2025-05-01 06:02:26,801 - training.model_ResNet101_opt_Adam_lr_0.0001_id_169 - INFO - Starting model evaluation
2025-05-01 06:02:37,237 - training.model_ResNet101_opt_Adam_lr_0.0001_id_169 - INFO - Evaluation metrics:
  Accuracy:  0.9633
  Precision: 0.9109
  Recall:    0.9650
  F1 Score:  0.9372
  IoU:       0.8818
  mAP:       0.9829
  AUC:       0.9921
2025-05-01 06:02:37,239 - training.model_ResNet101_opt_Adam_lr_0.0001_id_169 - INFO - Final results saved to model_results_v2/model_ResNet101_opt_Adam_lr_0.0001_id_169/final_results.json
2025-05-01 06:02:37,240 - training.model_ResNet101_opt_Adam_lr_0.0001_id_169 - INFO - Final results saved to model_results_v2/model_ResNet101_opt_Adam_lr_0.0001_id_169/final_results.json
