2025-05-01 06:47:32,059 - training.model_ResNet101_opt_AdamW_lr_0.001_id_195 - INFO - Initialized training manager for model_ResNet101_opt_AdamW_lr_0.001_id_195
2025-05-01 06:47:32,059 - training.model_ResNet101_opt_AdamW_lr_0.001_id_195 - INFO - Config: {
  "id": 195,
  "model_name": "ResNet101",
  "optimizer": "AdamW",
  "learning_rate": 0.001,
  "scheduler": {
    "name": "StepLR",
    "step_size": 10,
    "gamma": 0.1
  },
  "loss_fn": {
    "name": "LabelSmoothing",
    "smoothing": 0.1
  }
}
2025-05-01 06:47:34,066 - training.model_ResNet101_opt_AdamW_lr_0.001_id_195 - INFO - Starting model evaluation
2025-05-01 06:47:45,610 - training.model_ResNet101_opt_AdamW_lr_0.001_id_195 - INFO - Evaluation metrics:
  Accuracy:  0.8741
  Precision: 0.7387
  Recall:    0.8601
  F1 Score:  0.7948
  IoU:       0.6595
  mAP:       0.8850
  AUC:       0.9355
2025-05-01 06:47:45,612 - training.model_ResNet101_opt_AdamW_lr_0.001_id_195 - INFO - Final results saved to model_results_v2/model_ResNet101_opt_AdamW_lr_0.001_id_195/final_results.json
2025-05-01 06:47:45,614 - training.model_ResNet101_opt_AdamW_lr_0.001_id_195 - INFO - Final results saved to model_results_v2/model_ResNet101_opt_AdamW_lr_0.001_id_195/final_results.json
