2025-05-01 07:57:13,793 - training.model_EfficientNet-B2_opt_SGD_lr_0.001_id_238 - INFO - Initialized training manager for model_EfficientNet-B2_opt_SGD_lr_0.001_id_238
2025-05-01 07:57:13,793 - training.model_EfficientNet-B2_opt_SGD_lr_0.001_id_238 - INFO - Config: {
  "id": 238,
  "model_name": "EfficientNet-B2",
  "optimizer": "SGD",
  "learning_rate": 0.001,
  "scheduler": {
    "name": "CosineAnnealingWarmRestarts",
    "T_0": 10
  },
  "loss_fn": {
    "name": "CrossEntropy"
  }
}
2025-05-01 07:57:14,809 - training.model_EfficientNet-B2_opt_SGD_lr_0.001_id_238 - INFO - Starting model evaluation
2025-05-01 07:57:25,716 - training.model_EfficientNet-B2_opt_SGD_lr_0.001_id_238 - INFO - Evaluation metrics:
  Accuracy:  0.9514
  Precision: 0.9017
  Recall:    0.9301
  F1 Score:  0.9157
  IoU:       0.8444
  mAP:       0.9756
  AUC:       0.9894
2025-05-01 07:57:25,718 - training.model_EfficientNet-B2_opt_SGD_lr_0.001_id_238 - INFO - Final results saved to model_results_v2/model_EfficientNet-B2_opt_SGD_lr_0.001_id_238/final_results.json
2025-05-01 07:57:25,719 - training.model_EfficientNet-B2_opt_SGD_lr_0.001_id_238 - INFO - Final results saved to model_results_v2/model_EfficientNet-B2_opt_SGD_lr_0.001_id_238/final_results.json
