2025-05-01 11:50:01,229 - training.model_DenseNet121_opt_SGD_lr_0.01_id_435 - INFO - Initialized training manager for model_DenseNet121_opt_SGD_lr_0.01_id_435
2025-05-01 11:50:01,229 - training.model_DenseNet121_opt_SGD_lr_0.01_id_435 - INFO - Config: {
  "id": 435,
  "model_name": "DenseNet121",
  "optimizer": "SGD",
  "learning_rate": 0.01,
  "scheduler": {
    "name": "StepLR",
    "step_size": 10,
    "gamma": 0.1
  },
  "loss_fn": {
    "name": "LabelSmoothing",
    "smoothing": 0.1
  }
}
2025-05-01 11:50:02,415 - training.model_DenseNet121_opt_SGD_lr_0.01_id_435 - INFO - Starting model evaluation
2025-05-01 11:50:14,623 - training.model_DenseNet121_opt_SGD_lr_0.01_id_435 - INFO - Evaluation metrics:
  Accuracy:  0.9693
  Precision: 0.9443
  Recall:    0.9476
  F1 Score:  0.9459
  IoU:       0.8974
  mAP:       0.9891
  AUC:       0.9951
2025-05-01 11:50:14,625 - training.model_DenseNet121_opt_SGD_lr_0.01_id_435 - INFO - Final results saved to model_results_v2/model_DenseNet121_opt_SGD_lr_0.01_id_435/final_results.json
2025-05-01 11:50:14,627 - training.model_DenseNet121_opt_SGD_lr_0.01_id_435 - INFO - Final results saved to model_results_v2/model_DenseNet121_opt_SGD_lr_0.01_id_435/final_results.json
