2025-05-03 06:28:05,813 - training.model_MobileNetV3_opt_SGD_lr_0.01_id_542 - INFO - Initialized training manager for model_MobileNetV3_opt_SGD_lr_0.01_id_542
2025-05-03 06:28:05,813 - training.model_MobileNetV3_opt_SGD_lr_0.01_id_542 - INFO - Config: {
  "id": 542,
  "model_name": "MobileNetV3",
  "optimizer": "SGD",
  "learning_rate": 0.01,
  "scheduler": {
    "name": "StepLR",
    "step_size": 10,
    "gamma": 0.1
  },
  "loss_fn": {
    "name": "FocalLoss",
    "alpha": 0.25,
    "gamma": 2.0
  }
}
2025-05-03 06:28:05,956 - training.model_MobileNetV3_opt_SGD_lr_0.01_id_542 - INFO - Starting model evaluation
2025-05-03 06:28:14,733 - training.model_MobileNetV3_opt_SGD_lr_0.01_id_542 - INFO - Evaluation metrics:
  Accuracy:  0.9653
  Precision: 0.9404
  Recall:    0.9371
  F1 Score:  0.9387
  IoU:       0.8845
  mAP:       0.9818
  AUC:       0.9928
2025-05-03 06:28:14,735 - training.model_MobileNetV3_opt_SGD_lr_0.01_id_542 - INFO - Final results saved to model_results_v2/model_MobileNetV3_opt_SGD_lr_0.01_id_542/final_results.json
2025-05-03 06:28:14,736 - training.model_MobileNetV3_opt_SGD_lr_0.01_id_542 - INFO - Final results saved to model_results_v2/model_MobileNetV3_opt_SGD_lr_0.01_id_542/final_results.json
