2025-05-03 07:42:26,985 - training.model_MobileNetV3_opt_Adam_lr_0.001_id_595 - INFO - Initialized training manager for model_MobileNetV3_opt_Adam_lr_0.001_id_595
2025-05-03 07:42:26,985 - training.model_MobileNetV3_opt_Adam_lr_0.001_id_595 - INFO - Config: {
  "id": 595,
  "model_name": "MobileNetV3",
  "optimizer": "Adam",
  "learning_rate": 0.001,
  "scheduler": {
    "name": "CosineAnnealingLR",
    "T_max": 10
  },
  "loss_fn": {
    "name": "CrossEntropy"
  }
}
2025-05-03 07:42:27,149 - training.model_MobileNetV3_opt_Adam_lr_0.001_id_595 - INFO - Starting model evaluation
2025-05-03 07:42:36,443 - training.model_MobileNetV3_opt_Adam_lr_0.001_id_595 - INFO - Evaluation metrics:
  Accuracy:  0.9544
  Precision: 0.8947
  Recall:    0.9510
  F1 Score:  0.9220
  IoU:       0.8553
  mAP:       0.9666
  AUC:       0.9864
2025-05-03 07:42:36,445 - training.model_MobileNetV3_opt_Adam_lr_0.001_id_595 - INFO - Final results saved to model_results_v2/model_MobileNetV3_opt_Adam_lr_0.001_id_595/final_results.json
2025-05-03 07:42:36,447 - training.model_MobileNetV3_opt_Adam_lr_0.001_id_595 - INFO - Final results saved to model_results_v2/model_MobileNetV3_opt_Adam_lr_0.001_id_595/final_results.json
