2025-05-03 11:08:15,366 - training.model_ConvNeXt_opt_Adam_lr_0.01_id_688 - INFO - Initialized training manager for model_ConvNeXt_opt_Adam_lr_0.01_id_688
2025-05-03 11:08:15,366 - training.model_ConvNeXt_opt_Adam_lr_0.01_id_688 - INFO - Config: {
  "id": 688,
  "model_name": "ConvNeXt",
  "optimizer": "Adam",
  "learning_rate": 0.01,
  "scheduler": {
    "name": "ReduceLROnPlateau",
    "patience": 5,
    "factor": 0.5
  },
  "loss_fn": {
    "name": "CrossEntropy"
  }
}
2025-05-03 11:09:55,424 - training.model_ConvNeXt_opt_Adam_lr_0.01_id_688 - INFO - Starting model evaluation
2025-05-03 11:10:07,198 - training.model_ConvNeXt_opt_Adam_lr_0.01_id_688 - INFO - Evaluation metrics:
  Accuracy:  0.7166
  Precision: 0.0000
  Recall:    0.0000
  F1 Score:  0.0000
  IoU:       0.0000
  mAP:       0.3106
  AUC:       0.5749
2025-05-03 11:10:07,201 - training.model_ConvNeXt_opt_Adam_lr_0.01_id_688 - INFO - Final results saved to model_results_v2/model_ConvNeXt_opt_Adam_lr_0.01_id_688/final_results.json
2025-05-03 11:10:07,204 - training.model_ConvNeXt_opt_Adam_lr_0.01_id_688 - INFO - Final results saved to model_results_v2/model_ConvNeXt_opt_Adam_lr_0.01_id_688/final_results.json
