2025-05-01 10:06:25,909 - training.model_EfficientNet-B2_opt_AdamW_lr_0.001_id_311 - INFO - Initialized training manager for model_EfficientNet-B2_opt_AdamW_lr_0.001_id_311
2025-05-01 10:06:25,909 - training.model_EfficientNet-B2_opt_AdamW_lr_0.001_id_311 - INFO - Config: {
  "id": 311,
  "model_name": "EfficientNet-B2",
  "optimizer": "AdamW",
  "learning_rate": 0.001,
  "scheduler": {
    "name": "CosineAnnealingWarmRestarts",
    "T_0": 10
  },
  "loss_fn": {
    "name": "FocalLoss",
    "alpha": 0.25,
    "gamma": 2.0
  }
}
2025-05-01 10:06:27,077 - training.model_EfficientNet-B2_opt_AdamW_lr_0.001_id_311 - INFO - Starting model evaluation
2025-05-01 10:06:37,958 - training.model_EfficientNet-B2_opt_AdamW_lr_0.001_id_311 - INFO - Evaluation metrics:
  Accuracy:  0.9455
  Precision: 0.8762
  Recall:    0.9406
  F1 Score:  0.9073
  IoU:       0.8302
  mAP:       0.9205
  AUC:       0.9753
2025-05-01 10:06:37,959 - training.model_EfficientNet-B2_opt_AdamW_lr_0.001_id_311 - INFO - Final results saved to model_results_v2/model_EfficientNet-B2_opt_AdamW_lr_0.001_id_311/final_results.json
2025-05-01 10:06:37,961 - training.model_EfficientNet-B2_opt_AdamW_lr_0.001_id_311 - INFO - Final results saved to model_results_v2/model_EfficientNet-B2_opt_AdamW_lr_0.001_id_311/final_results.json
