2025-05-03 05:29:35,814 - training.model_DenseNet121_opt_AdamW_lr_0.001_id_517 - INFO - Initialized training manager for model_DenseNet121_opt_AdamW_lr_0.001_id_517
2025-05-03 05:29:35,814 - training.model_DenseNet121_opt_AdamW_lr_0.001_id_517 - INFO - Config: {
  "id": 517,
  "model_name": "DenseNet121",
  "optimizer": "AdamW",
  "learning_rate": 0.001,
  "scheduler": {
    "name": "StepLR",
    "step_size": 10,
    "gamma": 0.1
  },
  "loss_fn": {
    "name": "CrossEntropy"
  }
}
2025-05-03 05:48:22,383 - training.model_DenseNet121_opt_AdamW_lr_0.001_id_517 - INFO - Starting model evaluation
2025-05-03 05:48:34,272 - training.model_DenseNet121_opt_AdamW_lr_0.001_id_517 - INFO - Evaluation metrics:
  Accuracy:  0.9326
  Precision: 0.8658
  Recall:    0.9021
  F1 Score:  0.8836
  IoU:       0.7914
  mAP:       0.9300
  AUC:       0.9651
2025-05-03 05:48:34,273 - training.model_DenseNet121_opt_AdamW_lr_0.001_id_517 - INFO - Final results saved to model_results_v2/model_DenseNet121_opt_AdamW_lr_0.001_id_517/final_results.json
2025-05-03 05:48:34,275 - training.model_DenseNet121_opt_AdamW_lr_0.001_id_517 - INFO - Final results saved to model_results_v2/model_DenseNet121_opt_AdamW_lr_0.001_id_517/final_results.json
