2025-05-01 00:01:02,987 - training.model_ResNet50_opt_SGD_lr_0.01_id_2 - INFO - Initialized training manager for model_ResNet50_opt_SGD_lr_0.01_id_2
2025-05-01 00:01:02,987 - training.model_ResNet50_opt_SGD_lr_0.01_id_2 - INFO - Config: {
  "id": 2,
  "model_name": "ResNet50",
  "optimizer": "SGD",
  "learning_rate": 0.01,
  "scheduler": {
    "name": "StepLR",
    "step_size": 10,
    "gamma": 0.1
  },
  "loss_fn": {
    "name": "FocalLoss",
    "alpha": 0.25,
    "gamma": 2.0
  }
}
2025-05-01 00:01:03,221 - training.model_ResNet50_opt_SGD_lr_0.01_id_2 - INFO - Starting model evaluation
2025-05-01 00:01:10,676 - training.model_ResNet50_opt_SGD_lr_0.01_id_2 - INFO - Evaluation metrics:
  Accuracy:  0.9752
  Precision: 0.9485
  Recall:    0.9650
  F1 Score:  0.9567
  IoU:       0.9169
  mAP:       0.9897
  AUC:       0.9957
2025-05-01 00:01:10,678 - training.model_ResNet50_opt_SGD_lr_0.01_id_2 - INFO - Final results saved to model_results_v2/model_ResNet50_opt_SGD_lr_0.01_id_2/final_results.json
2025-05-01 00:01:10,680 - training.model_ResNet50_opt_SGD_lr_0.01_id_2 - INFO - Final results saved to model_results_v2/model_ResNet50_opt_SGD_lr_0.01_id_2/final_results.json
