2025-05-01 09:00:39,555 - training.model_EfficientNet-B2_opt_Adam_lr_0.001_id_272 - INFO - Initialized training manager for model_EfficientNet-B2_opt_Adam_lr_0.001_id_272
2025-05-01 09:00:39,555 - training.model_EfficientNet-B2_opt_Adam_lr_0.001_id_272 - INFO - Config: {
  "id": 272,
  "model_name": "EfficientNet-B2",
  "optimizer": "Adam",
  "learning_rate": 0.001,
  "scheduler": {
    "name": "CosineAnnealingLR",
    "T_max": 10
  },
  "loss_fn": {
    "name": "FocalLoss",
    "alpha": 0.25,
    "gamma": 2.0
  }
}
2025-05-01 09:00:40,756 - training.model_EfficientNet-B2_opt_Adam_lr_0.001_id_272 - INFO - Starting model evaluation
2025-05-01 09:00:51,439 - training.model_EfficientNet-B2_opt_Adam_lr_0.001_id_272 - INFO - Evaluation metrics:
  Accuracy:  0.9574
  Precision: 0.9037
  Recall:    0.9510
  F1 Score:  0.9267
  IoU:       0.8635
  mAP:       0.9674
  AUC:       0.9859
2025-05-01 09:00:51,441 - training.model_EfficientNet-B2_opt_Adam_lr_0.001_id_272 - INFO - Final results saved to model_results_v2/model_EfficientNet-B2_opt_Adam_lr_0.001_id_272/final_results.json
2025-05-01 09:00:51,443 - training.model_EfficientNet-B2_opt_Adam_lr_0.001_id_272 - INFO - Final results saved to model_results_v2/model_EfficientNet-B2_opt_Adam_lr_0.001_id_272/final_results.json
