2025-05-03 07:41:39,399 - training.model_MobileNetV3_opt_Adam_lr_0.001_id_590 - INFO - Initialized training manager for model_MobileNetV3_opt_Adam_lr_0.001_id_590
2025-05-03 07:41:39,399 - training.model_MobileNetV3_opt_Adam_lr_0.001_id_590 - INFO - Config: {
  "id": 590,
  "model_name": "MobileNetV3",
  "optimizer": "Adam",
  "learning_rate": 0.001,
  "scheduler": {
    "name": "StepLR",
    "step_size": 10,
    "gamma": 0.1
  },
  "loss_fn": {
    "name": "FocalLoss",
    "alpha": 0.25,
    "gamma": 2.0
  }
}
2025-05-03 07:41:39,566 - training.model_MobileNetV3_opt_Adam_lr_0.001_id_590 - INFO - Starting model evaluation
2025-05-03 07:41:48,823 - training.model_MobileNetV3_opt_Adam_lr_0.001_id_590 - INFO - Evaluation metrics:
  Accuracy:  0.9534
  Precision: 0.8918
  Recall:    0.9510
  F1 Score:  0.9205
  IoU:       0.8527
  mAP:       0.9675
  AUC:       0.9874
2025-05-03 07:41:48,828 - training.model_MobileNetV3_opt_Adam_lr_0.001_id_590 - INFO - Final results saved to model_results_v2/model_MobileNetV3_opt_Adam_lr_0.001_id_590/final_results.json
2025-05-03 07:41:48,830 - training.model_MobileNetV3_opt_Adam_lr_0.001_id_590 - INFO - Final results saved to model_results_v2/model_MobileNetV3_opt_Adam_lr_0.001_id_590/final_results.json
