2025-05-01 02:45:44,097 - training.model_ResNet101_opt_SGD_lr_0.01_id_113 - INFO - Initialized training manager for model_ResNet101_opt_SGD_lr_0.01_id_113
2025-05-01 02:45:44,097 - training.model_ResNet101_opt_SGD_lr_0.01_id_113 - INFO - Config: {
  "id": 113,
  "model_name": "ResNet101",
  "optimizer": "SGD",
  "learning_rate": 0.01,
  "scheduler": {
    "name": "ReduceLROnPlateau",
    "patience": 5,
    "factor": 0.5
  },
  "loss_fn": {
    "name": "FocalLoss",
    "alpha": 0.25,
    "gamma": 2.0
  }
}
2025-05-01 02:45:44,460 - training.model_ResNet101_opt_SGD_lr_0.01_id_113 - INFO - Starting model evaluation
2025-05-01 02:45:53,726 - training.model_ResNet101_opt_SGD_lr_0.01_id_113 - INFO - Evaluation metrics:
  Accuracy:  0.9683
  Precision: 0.9233
  Recall:    0.9685
  F1 Score:  0.9454
  IoU:       0.8964
  mAP:       0.9788
  AUC:       0.9926
2025-05-01 02:45:53,727 - training.model_ResNet101_opt_SGD_lr_0.01_id_113 - INFO - Final results saved to model_results_v2/model_ResNet101_opt_SGD_lr_0.01_id_113/final_results.json
2025-05-01 02:45:53,729 - training.model_ResNet101_opt_SGD_lr_0.01_id_113 - INFO - Final results saved to model_results_v2/model_ResNet101_opt_SGD_lr_0.01_id_113/final_results.json
