2025-05-03 10:42:45,848 - training.model_ConvNeXt_opt_Adam_lr_0.01_id_685 - INFO - Initialized training manager for model_ConvNeXt_opt_Adam_lr_0.01_id_685
2025-05-03 10:42:45,848 - training.model_ConvNeXt_opt_Adam_lr_0.01_id_685 - INFO - Config: {
  "id": 685,
  "model_name": "ConvNeXt",
  "optimizer": "Adam",
  "learning_rate": 0.01,
  "scheduler": {
    "name": "StepLR",
    "step_size": 10,
    "gamma": 0.1
  },
  "loss_fn": {
    "name": "CrossEntropy"
  }
}
2025-05-03 10:54:24,833 - training.model_ConvNeXt_opt_Adam_lr_0.01_id_685 - INFO - Starting model evaluation
2025-05-03 10:54:36,399 - training.model_ConvNeXt_opt_Adam_lr_0.01_id_685 - INFO - Evaluation metrics:
  Accuracy:  0.2834
  Precision: 0.2834
  Recall:    1.0000
  F1 Score:  0.4417
  IoU:       0.2834
  mAP:       0.2834
  AUC:       0.5000
2025-05-03 10:54:36,400 - training.model_ConvNeXt_opt_Adam_lr_0.01_id_685 - INFO - Final results saved to model_results_v2/model_ConvNeXt_opt_Adam_lr_0.01_id_685/final_results.json
2025-05-03 10:54:36,401 - training.model_ConvNeXt_opt_Adam_lr_0.01_id_685 - INFO - Final results saved to model_results_v2/model_ConvNeXt_opt_Adam_lr_0.01_id_685/final_results.json
