2025-05-01 07:35:52,631 - training.model_EfficientNet-B2_opt_SGD_lr_0.01_id_227 - INFO - Initialized training manager for model_EfficientNet-B2_opt_SGD_lr_0.01_id_227
2025-05-01 07:35:52,631 - training.model_EfficientNet-B2_opt_SGD_lr_0.01_id_227 - INFO - Config: {
  "id": 227,
  "model_name": "EfficientNet-B2",
  "optimizer": "SGD",
  "learning_rate": 0.01,
  "scheduler": {
    "name": "CosineAnnealingWarmRestarts",
    "T_0": 10
  },
  "loss_fn": {
    "name": "FocalLoss",
    "alpha": 0.25,
    "gamma": 2.0
  }
}
2025-05-01 07:35:53,516 - training.model_EfficientNet-B2_opt_SGD_lr_0.01_id_227 - INFO - Starting model evaluation
2025-05-01 07:36:04,545 - training.model_EfficientNet-B2_opt_SGD_lr_0.01_id_227 - INFO - Evaluation metrics:
  Accuracy:  0.9732
  Precision: 0.9390
  Recall:    0.9685
  F1 Score:  0.9535
  IoU:       0.9112
  mAP:       0.9894
  AUC:       0.9922
2025-05-01 07:36:04,548 - training.model_EfficientNet-B2_opt_SGD_lr_0.01_id_227 - INFO - Final results saved to model_results_v2/model_EfficientNet-B2_opt_SGD_lr_0.01_id_227/final_results.json
2025-05-01 07:36:04,550 - training.model_EfficientNet-B2_opt_SGD_lr_0.01_id_227 - INFO - Final results saved to model_results_v2/model_EfficientNet-B2_opt_SGD_lr_0.01_id_227/final_results.json
