2025-05-01 11:27:24,790 - training.model_ViT-B-16_opt_SGD_lr_0.001_id_345 - INFO - Initialized training manager for model_ViT-B-16_opt_SGD_lr_0.001_id_345
2025-05-01 11:27:24,790 - training.model_ViT-B-16_opt_SGD_lr_0.001_id_345 - INFO - Config: {
  "id": 345,
  "model_name": "ViT-B-16",
  "optimizer": "SGD",
  "learning_rate": 0.001,
  "scheduler": {
    "name": "CosineAnnealingLR",
    "T_max": 10
  },
  "loss_fn": {
    "name": "LabelSmoothing",
    "smoothing": 0.1
  }
}
2025-05-01 11:27:25,824 - training.model_ViT-B-16_opt_SGD_lr_0.001_id_345 - INFO - Starting model evaluation
2025-05-01 11:27:38,240 - training.model_ViT-B-16_opt_SGD_lr_0.001_id_345 - INFO - Evaluation metrics:
  Accuracy:  0.9594
  Precision: 0.9329
  Recall:    0.9231
  F1 Score:  0.9279
  IoU:       0.8656
  mAP:       0.9825
  AUC:       0.9924
2025-05-01 11:27:38,241 - training.model_ViT-B-16_opt_SGD_lr_0.001_id_345 - INFO - Final results saved to model_results_v2/model_ViT-B-16_opt_SGD_lr_0.001_id_345/final_results.json
2025-05-01 11:27:38,243 - training.model_ViT-B-16_opt_SGD_lr_0.001_id_345 - INFO - Final results saved to model_results_v2/model_ViT-B-16_opt_SGD_lr_0.001_id_345/final_results.json
