2025-05-01 11:28:36,041 - training.model_ViT-B-16_opt_Adam_lr_0.01_id_363 - INFO - Initialized training manager for model_ViT-B-16_opt_Adam_lr_0.01_id_363
2025-05-01 11:28:36,041 - training.model_ViT-B-16_opt_Adam_lr_0.01_id_363 - INFO - Config: {
  "id": 363,
  "model_name": "ViT-B-16",
  "optimizer": "Adam",
  "learning_rate": 0.01,
  "scheduler": {
    "name": "StepLR",
    "step_size": 10,
    "gamma": 0.1
  },
  "loss_fn": {
    "name": "LabelSmoothing",
    "smoothing": 0.1
  }
}
2025-05-03 00:38:01,877 - training.model_ViT-B-16_opt_Adam_lr_0.01_id_363 - INFO - Initialized training manager for model_ViT-B-16_opt_Adam_lr_0.01_id_363
2025-05-03 00:38:01,879 - training.model_ViT-B-16_opt_Adam_lr_0.01_id_363 - INFO - Config: {
  "id": 363,
  "model_name": "ViT-B-16",
  "optimizer": "Adam",
  "learning_rate": 0.01,
  "scheduler": {
    "name": "StepLR",
    "step_size": 10,
    "gamma": 0.1
  },
  "loss_fn": {
    "name": "LabelSmoothing",
    "smoothing": 0.1
  }
}
2025-05-03 00:38:02,916 - training.model_ViT-B-16_opt_Adam_lr_0.01_id_363 - INFO - Starting model evaluation
2025-05-03 00:39:04,942 - training.model_ViT-B-16_opt_Adam_lr_0.01_id_363 - INFO - Evaluation metrics:
  Accuracy:  0.7096
  Precision: 0.0000
  Recall:    0.0000
  F1 Score:  0.0000
  IoU:       0.0000
  mAP:       0.2785
  AUC:       0.4761
2025-05-03 00:39:04,944 - training.model_ViT-B-16_opt_Adam_lr_0.01_id_363 - INFO - Final results saved to model_results_v2/model_ViT-B-16_opt_Adam_lr_0.01_id_363/final_results.json
2025-05-03 00:39:04,946 - training.model_ViT-B-16_opt_Adam_lr_0.01_id_363 - INFO - Final results saved to model_results_v2/model_ViT-B-16_opt_Adam_lr_0.01_id_363/final_results.json
