2025-05-03 08:00:56,768 - training.model_MobileNetV3_opt_Adam_lr_0.0001_id_608 - INFO - Initialized training manager for model_MobileNetV3_opt_Adam_lr_0.0001_id_608
2025-05-03 08:00:56,768 - training.model_MobileNetV3_opt_Adam_lr_0.0001_id_608 - INFO - Config: {
  "id": 608,
  "model_name": "MobileNetV3",
  "optimizer": "Adam",
  "learning_rate": 0.0001,
  "scheduler": {
    "name": "CosineAnnealingLR",
    "T_max": 10
  },
  "loss_fn": {
    "name": "FocalLoss",
    "alpha": 0.25,
    "gamma": 2.0
  }
}
2025-05-03 08:00:56,994 - training.model_MobileNetV3_opt_Adam_lr_0.0001_id_608 - INFO - Starting model evaluation
2025-05-03 08:01:06,008 - training.model_MobileNetV3_opt_Adam_lr_0.0001_id_608 - INFO - Evaluation metrics:
  Accuracy:  0.9683
  Precision: 0.9410
  Recall:    0.9476
  F1 Score:  0.9443
  IoU:       0.8944
  mAP:       0.9792
  AUC:       0.9908
2025-05-03 08:01:06,010 - training.model_MobileNetV3_opt_Adam_lr_0.0001_id_608 - INFO - Final results saved to model_results_v2/model_MobileNetV3_opt_Adam_lr_0.0001_id_608/final_results.json
2025-05-03 08:01:06,012 - training.model_MobileNetV3_opt_Adam_lr_0.0001_id_608 - INFO - Final results saved to model_results_v2/model_MobileNetV3_opt_Adam_lr_0.0001_id_608/final_results.json
