2025-05-01 07:56:02,296 - training.model_EfficientNet-B2_opt_SGD_lr_0.001_id_232 - INFO - Initialized training manager for model_EfficientNet-B2_opt_SGD_lr_0.001_id_232
2025-05-01 07:56:02,296 - training.model_EfficientNet-B2_opt_SGD_lr_0.001_id_232 - INFO - Config: {
  "id": 232,
  "model_name": "EfficientNet-B2",
  "optimizer": "SGD",
  "learning_rate": 0.001,
  "scheduler": {
    "name": "ReduceLROnPlateau",
    "patience": 5,
    "factor": 0.5
  },
  "loss_fn": {
    "name": "CrossEntropy"
  }
}
2025-05-01 07:56:03,277 - training.model_EfficientNet-B2_opt_SGD_lr_0.001_id_232 - INFO - Starting model evaluation
2025-05-01 07:56:14,017 - training.model_EfficientNet-B2_opt_SGD_lr_0.001_id_232 - INFO - Evaluation metrics:
  Accuracy:  0.9504
  Precision: 0.9014
  Recall:    0.9266
  F1 Score:  0.9138
  IoU:       0.8413
  mAP:       0.9752
  AUC:       0.9889
2025-05-01 07:56:14,019 - training.model_EfficientNet-B2_opt_SGD_lr_0.001_id_232 - INFO - Final results saved to model_results_v2/model_EfficientNet-B2_opt_SGD_lr_0.001_id_232/final_results.json
2025-05-01 07:56:14,020 - training.model_EfficientNet-B2_opt_SGD_lr_0.001_id_232 - INFO - Final results saved to model_results_v2/model_EfficientNet-B2_opt_SGD_lr_0.001_id_232/final_results.json
