2025-05-03 07:41:48,830 - training.model_MobileNetV3_opt_Adam_lr_0.001_id_591 - INFO - Initialized training manager for model_MobileNetV3_opt_Adam_lr_0.001_id_591
2025-05-03 07:41:48,830 - training.model_MobileNetV3_opt_Adam_lr_0.001_id_591 - INFO - Config: {
  "id": 591,
  "model_name": "MobileNetV3",
  "optimizer": "Adam",
  "learning_rate": 0.001,
  "scheduler": {
    "name": "StepLR",
    "step_size": 10,
    "gamma": 0.1
  },
  "loss_fn": {
    "name": "LabelSmoothing",
    "smoothing": 0.1
  }
}
2025-05-03 07:41:48,995 - training.model_MobileNetV3_opt_Adam_lr_0.001_id_591 - INFO - Starting model evaluation
2025-05-03 07:41:58,154 - training.model_MobileNetV3_opt_Adam_lr_0.001_id_591 - INFO - Evaluation metrics:
  Accuracy:  0.9564
  Precision: 0.8980
  Recall:    0.9545
  F1 Score:  0.9254
  IoU:       0.8612
  mAP:       0.9684
  AUC:       0.9874
2025-05-03 07:41:58,156 - training.model_MobileNetV3_opt_Adam_lr_0.001_id_591 - INFO - Final results saved to model_results_v2/model_MobileNetV3_opt_Adam_lr_0.001_id_591/final_results.json
2025-05-03 07:41:58,157 - training.model_MobileNetV3_opt_Adam_lr_0.001_id_591 - INFO - Final results saved to model_results_v2/model_MobileNetV3_opt_Adam_lr_0.001_id_591/final_results.json
