2025-05-01 11:30:21,435 - training.model_DenseNet121_opt_SGD_lr_0.01_id_433 - INFO - Initialized training manager for model_DenseNet121_opt_SGD_lr_0.01_id_433
2025-05-01 11:30:21,435 - training.model_DenseNet121_opt_SGD_lr_0.01_id_433 - INFO - Config: {
  "id": 433,
  "model_name": "DenseNet121",
  "optimizer": "SGD",
  "learning_rate": 0.01,
  "scheduler": {
    "name": "StepLR",
    "step_size": 10,
    "gamma": 0.1
  },
  "loss_fn": {
    "name": "CrossEntropy"
  }
}
2025-05-03 03:47:34,656 - training.model_DenseNet121_opt_SGD_lr_0.01_id_433 - INFO - Initialized training manager for model_DenseNet121_opt_SGD_lr_0.01_id_433
2025-05-03 03:47:34,658 - training.model_DenseNet121_opt_SGD_lr_0.01_id_433 - INFO - Config: {
  "id": 433,
  "model_name": "DenseNet121",
  "optimizer": "SGD",
  "learning_rate": 0.01,
  "scheduler": {
    "name": "StepLR",
    "step_size": 10,
    "gamma": 0.1
  },
  "loss_fn": {
    "name": "CrossEntropy"
  }
}
2025-05-03 03:47:34,946 - training.model_DenseNet121_opt_SGD_lr_0.01_id_433 - INFO - Starting model evaluation
2025-05-03 03:47:46,308 - training.model_DenseNet121_opt_SGD_lr_0.01_id_433 - INFO - Evaluation metrics:
  Accuracy:  0.9713
  Precision: 0.9573
  Recall:    0.9406
  F1 Score:  0.9489
  IoU:       0.9027
  mAP:       0.9893
  AUC:       0.9951
2025-05-03 03:47:46,309 - training.model_DenseNet121_opt_SGD_lr_0.01_id_433 - INFO - Final results saved to model_results_v2/model_DenseNet121_opt_SGD_lr_0.01_id_433/final_results.json
2025-05-03 03:47:46,311 - training.model_DenseNet121_opt_SGD_lr_0.01_id_433 - INFO - Final results saved to model_results_v2/model_DenseNet121_opt_SGD_lr_0.01_id_433/final_results.json
