2025-05-01 02:28:29,950 - training.model_ResNet50_opt_AdamW_lr_0.0001_id_108 - INFO - Initialized training manager for model_ResNet50_opt_AdamW_lr_0.0001_id_108
2025-05-01 02:28:29,950 - training.model_ResNet50_opt_AdamW_lr_0.0001_id_108 - INFO - Config: {
  "id": 108,
  "model_name": "ResNet50",
  "optimizer": "AdamW",
  "learning_rate": 0.0001,
  "scheduler": {
    "name": "CosineAnnealingWarmRestarts",
    "T_0": 10
  },
  "loss_fn": {
    "name": "LabelSmoothing",
    "smoothing": 0.1
  }
}
2025-05-01 02:28:30,191 - training.model_ResNet50_opt_AdamW_lr_0.0001_id_108 - INFO - Starting model evaluation
2025-05-01 02:28:38,738 - training.model_ResNet50_opt_AdamW_lr_0.0001_id_108 - INFO - Evaluation metrics:
  Accuracy:  0.9752
  Precision: 0.9485
  Recall:    0.9650
  F1 Score:  0.9567
  IoU:       0.9169
  mAP:       0.9779
  AUC:       0.9915
2025-05-01 02:28:38,739 - training.model_ResNet50_opt_AdamW_lr_0.0001_id_108 - INFO - Final results saved to model_results_v2/model_ResNet50_opt_AdamW_lr_0.0001_id_108/final_results.json
2025-05-01 02:28:38,741 - training.model_ResNet50_opt_AdamW_lr_0.0001_id_108 - INFO - Final results saved to model_results_v2/model_ResNet50_opt_AdamW_lr_0.0001_id_108/final_results.json
