2025-05-01 01:51:54,522 - training.model_ResNet50_opt_AdamW_lr_0.01_id_74 - INFO - Initialized training manager for model_ResNet50_opt_AdamW_lr_0.01_id_74
2025-05-01 01:51:54,522 - training.model_ResNet50_opt_AdamW_lr_0.01_id_74 - INFO - Config: {
  "id": 74,
  "model_name": "ResNet50",
  "optimizer": "AdamW",
  "learning_rate": 0.01,
  "scheduler": {
    "name": "StepLR",
    "step_size": 10,
    "gamma": 0.1
  },
  "loss_fn": {
    "name": "FocalLoss",
    "alpha": 0.25,
    "gamma": 2.0
  }
}
2025-05-01 01:51:54,770 - training.model_ResNet50_opt_AdamW_lr_0.01_id_74 - INFO - Starting model evaluation
2025-05-01 01:52:02,185 - training.model_ResNet50_opt_AdamW_lr_0.01_id_74 - INFO - Evaluation metrics:
  Accuracy:  0.7740
  Precision: 0.7900
  Recall:    0.2762
  F1 Score:  0.4093
  IoU:       0.2573
  mAP:       0.4675
  AUC:       0.6252
2025-05-01 01:52:02,186 - training.model_ResNet50_opt_AdamW_lr_0.01_id_74 - INFO - Final results saved to model_results_v2/model_ResNet50_opt_AdamW_lr_0.01_id_74/final_results.json
2025-05-01 01:52:02,188 - training.model_ResNet50_opt_AdamW_lr_0.01_id_74 - INFO - Final results saved to model_results_v2/model_ResNet50_opt_AdamW_lr_0.01_id_74/final_results.json
