2025-05-03 04:25:24,785 - training.model_DenseNet121_opt_Adam_lr_0.01_id_477 - INFO - Initialized training manager for model_DenseNet121_opt_Adam_lr_0.01_id_477
2025-05-03 04:25:24,785 - training.model_DenseNet121_opt_Adam_lr_0.01_id_477 - INFO - Config: {
  "id": 477,
  "model_name": "DenseNet121",
  "optimizer": "Adam",
  "learning_rate": 0.01,
  "scheduler": {
    "name": "CosineAnnealingLR",
    "T_max": 10
  },
  "loss_fn": {
    "name": "LabelSmoothing",
    "smoothing": 0.1
  }
}
2025-05-03 04:25:25,094 - training.model_DenseNet121_opt_Adam_lr_0.01_id_477 - INFO - Starting model evaluation
2025-05-03 04:25:37,028 - training.model_DenseNet121_opt_Adam_lr_0.01_id_477 - INFO - Evaluation metrics:
  Accuracy:  0.8494
  Precision: 0.6959
  Recall:    0.8322
  F1 Score:  0.7580
  IoU:       0.6103
  mAP:       0.7645
  AUC:       0.8983
2025-05-03 04:25:37,029 - training.model_DenseNet121_opt_Adam_lr_0.01_id_477 - INFO - Final results saved to model_results_v2/model_DenseNet121_opt_Adam_lr_0.01_id_477/final_results.json
2025-05-03 04:25:37,031 - training.model_DenseNet121_opt_Adam_lr_0.01_id_477 - INFO - Final results saved to model_results_v2/model_DenseNet121_opt_Adam_lr_0.01_id_477/final_results.json
