2025-05-01 12:12:51,688 - training.model_DenseNet121_opt_SGD_lr_0.001_id_446 - INFO - Initialized training manager for model_DenseNet121_opt_SGD_lr_0.001_id_446
2025-05-01 12:12:51,688 - training.model_DenseNet121_opt_SGD_lr_0.001_id_446 - INFO - Config: {
  "id": 446,
  "model_name": "DenseNet121",
  "optimizer": "SGD",
  "learning_rate": 0.001,
  "scheduler": {
    "name": "StepLR",
    "step_size": 10,
    "gamma": 0.1
  },
  "loss_fn": {
    "name": "FocalLoss",
    "alpha": 0.25,
    "gamma": 2.0
  }
}
2025-05-01 12:12:52,510 - training.model_DenseNet121_opt_SGD_lr_0.001_id_446 - INFO - Starting model evaluation
2025-05-01 12:13:05,208 - training.model_DenseNet121_opt_SGD_lr_0.001_id_446 - INFO - Evaluation metrics:
  Accuracy:  0.9623
  Precision: 0.9189
  Recall:    0.9510
  F1 Score:  0.9347
  IoU:       0.8774
  mAP:       0.9836
  AUC:       0.9901
2025-05-01 12:13:05,209 - training.model_DenseNet121_opt_SGD_lr_0.001_id_446 - INFO - Final results saved to model_results_v2/model_DenseNet121_opt_SGD_lr_0.001_id_446/final_results.json
2025-05-01 12:13:05,211 - training.model_DenseNet121_opt_SGD_lr_0.001_id_446 - INFO - Final results saved to model_results_v2/model_DenseNet121_opt_SGD_lr_0.001_id_446/final_results.json
