2025-05-03 05:07:21,489 - training.model_DenseNet121_opt_Adam_lr_0.0001_id_500 - INFO - Initialized training manager for model_DenseNet121_opt_Adam_lr_0.0001_id_500
2025-05-03 05:07:21,489 - training.model_DenseNet121_opt_Adam_lr_0.0001_id_500 - INFO - Config: {
  "id": 500,
  "model_name": "DenseNet121",
  "optimizer": "Adam",
  "learning_rate": 0.0001,
  "scheduler": {
    "name": "CosineAnnealingLR",
    "T_max": 10
  },
  "loss_fn": {
    "name": "FocalLoss",
    "alpha": 0.25,
    "gamma": 2.0
  }
}
2025-05-03 05:07:21,799 - training.model_DenseNet121_opt_Adam_lr_0.0001_id_500 - INFO - Starting model evaluation
2025-05-03 05:07:33,365 - training.model_DenseNet121_opt_Adam_lr_0.0001_id_500 - INFO - Evaluation metrics:
  Accuracy:  0.9623
  Precision: 0.9218
  Recall:    0.9476
  F1 Score:  0.9345
  IoU:       0.8770
  mAP:       0.9766
  AUC:       0.9883
2025-05-03 05:07:33,367 - training.model_DenseNet121_opt_Adam_lr_0.0001_id_500 - INFO - Final results saved to model_results_v2/model_DenseNet121_opt_Adam_lr_0.0001_id_500/final_results.json
2025-05-03 05:07:33,368 - training.model_DenseNet121_opt_Adam_lr_0.0001_id_500 - INFO - Final results saved to model_results_v2/model_DenseNet121_opt_Adam_lr_0.0001_id_500/final_results.json
