2025-05-01 11:29:42,372 - training.model_ViT-B-16_opt_AdamW_lr_0.01_id_407 - INFO - Initialized training manager for model_ViT-B-16_opt_AdamW_lr_0.01_id_407
2025-05-01 11:29:42,372 - training.model_ViT-B-16_opt_AdamW_lr_0.01_id_407 - INFO - Config: {
  "id": 407,
  "model_name": "ViT-B-16",
  "optimizer": "AdamW",
  "learning_rate": 0.01,
  "scheduler": {
    "name": "CosineAnnealingWarmRestarts",
    "T_0": 10
  },
  "loss_fn": {
    "name": "FocalLoss",
    "alpha": 0.25,
    "gamma": 2.0
  }
}
2025-05-03 03:21:07,278 - training.model_ViT-B-16_opt_AdamW_lr_0.01_id_407 - INFO - Initialized training manager for model_ViT-B-16_opt_AdamW_lr_0.01_id_407
2025-05-03 03:21:07,279 - training.model_ViT-B-16_opt_AdamW_lr_0.01_id_407 - INFO - Config: {
  "id": 407,
  "model_name": "ViT-B-16",
  "optimizer": "AdamW",
  "learning_rate": 0.01,
  "scheduler": {
    "name": "CosineAnnealingWarmRestarts",
    "T_0": 10
  },
  "loss_fn": {
    "name": "FocalLoss",
    "alpha": 0.25,
    "gamma": 2.0
  }
}
2025-05-03 03:21:08,042 - training.model_ViT-B-16_opt_AdamW_lr_0.01_id_407 - INFO - Starting model evaluation
2025-05-03 03:21:18,485 - training.model_ViT-B-16_opt_AdamW_lr_0.01_id_407 - INFO - Evaluation metrics:
  Accuracy:  0.2834
  Precision: 0.2834
  Recall:    1.0000
  F1 Score:  0.4417
  IoU:       0.2834
  mAP:       0.2834
  AUC:       0.5000
2025-05-03 03:21:18,486 - training.model_ViT-B-16_opt_AdamW_lr_0.01_id_407 - INFO - Final results saved to model_results_v2/model_ViT-B-16_opt_AdamW_lr_0.01_id_407/final_results.json
2025-05-03 03:21:18,487 - training.model_ViT-B-16_opt_AdamW_lr_0.01_id_407 - INFO - Final results saved to model_results_v2/model_ViT-B-16_opt_AdamW_lr_0.01_id_407/final_results.json
