2025-05-01 00:02:29,941 - training.model_ResNet50_opt_SGD_lr_0.01_id_12 - INFO - Initialized training manager for model_ResNet50_opt_SGD_lr_0.01_id_12
2025-05-01 00:02:29,941 - training.model_ResNet50_opt_SGD_lr_0.01_id_12 - INFO - Config: {
  "id": 12,
  "model_name": "ResNet50",
  "optimizer": "SGD",
  "learning_rate": 0.01,
  "scheduler": {
    "name": "CosineAnnealingWarmRestarts",
    "T_0": 10
  },
  "loss_fn": {
    "name": "LabelSmoothing",
    "smoothing": 0.1
  }
}
2025-05-01 00:02:30,163 - training.model_ResNet50_opt_SGD_lr_0.01_id_12 - INFO - Starting model evaluation
2025-05-01 00:02:39,051 - training.model_ResNet50_opt_SGD_lr_0.01_id_12 - INFO - Evaluation metrics:
  Accuracy:  0.9722
  Precision: 0.9479
  Recall:    0.9545
  F1 Score:  0.9512
  IoU:       0.9070
  mAP:       0.9886
  AUC:       0.9933
2025-05-01 00:02:39,053 - training.model_ResNet50_opt_SGD_lr_0.01_id_12 - INFO - Final results saved to model_results_v2/model_ResNet50_opt_SGD_lr_0.01_id_12/final_results.json
2025-05-01 00:02:39,054 - training.model_ResNet50_opt_SGD_lr_0.01_id_12 - INFO - Final results saved to model_results_v2/model_ResNet50_opt_SGD_lr_0.01_id_12/final_results.json
