2025-05-03 08:55:57,932 - training.model_MobileNetV3_opt_AdamW_lr_0.0001_id_645 - INFO - Initialized training manager for model_MobileNetV3_opt_AdamW_lr_0.0001_id_645
2025-05-03 08:55:57,932 - training.model_MobileNetV3_opt_AdamW_lr_0.0001_id_645 - INFO - Config: {
  "id": 645,
  "model_name": "MobileNetV3",
  "optimizer": "AdamW",
  "learning_rate": 0.0001,
  "scheduler": {
    "name": "CosineAnnealingLR",
    "T_max": 10
  },
  "loss_fn": {
    "name": "LabelSmoothing",
    "smoothing": 0.1
  }
}
2025-05-03 08:55:58,098 - training.model_MobileNetV3_opt_AdamW_lr_0.0001_id_645 - INFO - Starting model evaluation
2025-05-03 08:56:07,767 - training.model_MobileNetV3_opt_AdamW_lr_0.0001_id_645 - INFO - Evaluation metrics:
  Accuracy:  0.9673
  Precision: 0.9317
  Recall:    0.9545
  F1 Score:  0.9430
  IoU:       0.8922
  mAP:       0.9709
  AUC:       0.9920
2025-05-03 08:56:07,769 - training.model_MobileNetV3_opt_AdamW_lr_0.0001_id_645 - INFO - Final results saved to model_results_v2/model_MobileNetV3_opt_AdamW_lr_0.0001_id_645/final_results.json
2025-05-03 08:56:07,770 - training.model_MobileNetV3_opt_AdamW_lr_0.0001_id_645 - INFO - Final results saved to model_results_v2/model_MobileNetV3_opt_AdamW_lr_0.0001_id_645/final_results.json
