2025-05-01 03:40:54,359 - training.model_ResNet101_opt_Adam_lr_0.01_id_147 - INFO - Initialized training manager for model_ResNet101_opt_Adam_lr_0.01_id_147
2025-05-01 03:40:54,359 - training.model_ResNet101_opt_Adam_lr_0.01_id_147 - INFO - Config: {
  "id": 147,
  "model_name": "ResNet101",
  "optimizer": "Adam",
  "learning_rate": 0.01,
  "scheduler": {
    "name": "StepLR",
    "step_size": 10,
    "gamma": 0.1
  },
  "loss_fn": {
    "name": "LabelSmoothing",
    "smoothing": 0.1
  }
}
2025-05-01 03:40:54,772 - training.model_ResNet101_opt_Adam_lr_0.01_id_147 - INFO - Starting model evaluation
2025-05-01 03:41:04,306 - training.model_ResNet101_opt_Adam_lr_0.01_id_147 - INFO - Evaluation metrics:
  Accuracy:  0.8523
  Precision: 0.7261
  Recall:    0.7692
  F1 Score:  0.7470
  IoU:       0.5962
  mAP:       0.8318
  AUC:       0.9118
2025-05-01 03:41:04,308 - training.model_ResNet101_opt_Adam_lr_0.01_id_147 - INFO - Final results saved to model_results_v2/model_ResNet101_opt_Adam_lr_0.01_id_147/final_results.json
2025-05-01 03:41:04,310 - training.model_ResNet101_opt_Adam_lr_0.01_id_147 - INFO - Final results saved to model_results_v2/model_ResNet101_opt_Adam_lr_0.01_id_147/final_results.json
