2025-05-01 11:29:41,090 - training.model_ViT-B-16_opt_AdamW_lr_0.01_id_406 - INFO - Initialized training manager for model_ViT-B-16_opt_AdamW_lr_0.01_id_406
2025-05-01 11:29:41,090 - training.model_ViT-B-16_opt_AdamW_lr_0.01_id_406 - INFO - Config: {
  "id": 406,
  "model_name": "ViT-B-16",
  "optimizer": "AdamW",
  "learning_rate": 0.01,
  "scheduler": {
    "name": "CosineAnnealingWarmRestarts",
    "T_0": 10
  },
  "loss_fn": {
    "name": "CrossEntropy"
  }
}
2025-05-03 03:20:55,786 - training.model_ViT-B-16_opt_AdamW_lr_0.01_id_406 - INFO - Initialized training manager for model_ViT-B-16_opt_AdamW_lr_0.01_id_406
2025-05-03 03:20:55,787 - training.model_ViT-B-16_opt_AdamW_lr_0.01_id_406 - INFO - Config: {
  "id": 406,
  "model_name": "ViT-B-16",
  "optimizer": "AdamW",
  "learning_rate": 0.01,
  "scheduler": {
    "name": "CosineAnnealingWarmRestarts",
    "T_0": 10
  },
  "loss_fn": {
    "name": "CrossEntropy"
  }
}
2025-05-03 03:20:56,588 - training.model_ViT-B-16_opt_AdamW_lr_0.01_id_406 - INFO - Starting model evaluation
2025-05-03 03:21:07,275 - training.model_ViT-B-16_opt_AdamW_lr_0.01_id_406 - INFO - Evaluation metrics:
  Accuracy:  0.2834
  Precision: 0.2834
  Recall:    1.0000
  F1 Score:  0.4417
  IoU:       0.2834
  mAP:       0.2834
  AUC:       0.5000
2025-05-03 03:21:07,276 - training.model_ViT-B-16_opt_AdamW_lr_0.01_id_406 - INFO - Final results saved to model_results_v2/model_ViT-B-16_opt_AdamW_lr_0.01_id_406/final_results.json
2025-05-03 03:21:07,277 - training.model_ViT-B-16_opt_AdamW_lr_0.01_id_406 - INFO - Final results saved to model_results_v2/model_ViT-B-16_opt_AdamW_lr_0.01_id_406/final_results.json
