2025-05-03 04:46:43,900 - training.model_DenseNet121_opt_Adam_lr_0.001_id_490 - INFO - Initialized training manager for model_DenseNet121_opt_Adam_lr_0.001_id_490
2025-05-03 04:46:43,900 - training.model_DenseNet121_opt_Adam_lr_0.001_id_490 - INFO - Config: {
  "id": 490,
  "model_name": "DenseNet121",
  "optimizer": "Adam",
  "learning_rate": 0.001,
  "scheduler": {
    "name": "CosineAnnealingWarmRestarts",
    "T_0": 10
  },
  "loss_fn": {
    "name": "CrossEntropy"
  }
}
2025-05-03 04:46:44,209 - training.model_DenseNet121_opt_Adam_lr_0.001_id_490 - INFO - Starting model evaluation
2025-05-03 04:46:55,901 - training.model_DenseNet121_opt_Adam_lr_0.001_id_490 - INFO - Evaluation metrics:
  Accuracy:  0.9514
  Precision: 0.9129
  Recall:    0.9161
  F1 Score:  0.9145
  IoU:       0.8424
  mAP:       0.9634
  AUC:       0.9861
2025-05-03 04:46:55,903 - training.model_DenseNet121_opt_Adam_lr_0.001_id_490 - INFO - Final results saved to model_results_v2/model_DenseNet121_opt_Adam_lr_0.001_id_490/final_results.json
2025-05-03 04:46:55,904 - training.model_DenseNet121_opt_Adam_lr_0.001_id_490 - INFO - Final results saved to model_results_v2/model_DenseNet121_opt_Adam_lr_0.001_id_490/final_results.json
