2025-05-01 01:52:09,863 - training.model_ResNet50_opt_AdamW_lr_0.01_id_76 - INFO - Initialized training manager for model_ResNet50_opt_AdamW_lr_0.01_id_76
2025-05-01 01:52:09,863 - training.model_ResNet50_opt_AdamW_lr_0.01_id_76 - INFO - Config: {
  "id": 76,
  "model_name": "ResNet50",
  "optimizer": "AdamW",
  "learning_rate": 0.01,
  "scheduler": {
    "name": "ReduceLROnPlateau",
    "patience": 5,
    "factor": 0.5
  },
  "loss_fn": {
    "name": "CrossEntropy"
  }
}
2025-05-01 01:52:10,112 - training.model_ResNet50_opt_AdamW_lr_0.01_id_76 - INFO - Starting model evaluation
2025-05-01 01:52:17,848 - training.model_ResNet50_opt_AdamW_lr_0.01_id_76 - INFO - Evaluation metrics:
  Accuracy:  0.7839
  Precision: 0.8778
  Recall:    0.2762
  F1 Score:  0.4202
  IoU:       0.2660
  mAP:       0.4790
  AUC:       0.6278
2025-05-01 01:52:17,850 - training.model_ResNet50_opt_AdamW_lr_0.01_id_76 - INFO - Final results saved to model_results_v2/model_ResNet50_opt_AdamW_lr_0.01_id_76/final_results.json
2025-05-01 01:52:17,851 - training.model_ResNet50_opt_AdamW_lr_0.01_id_76 - INFO - Final results saved to model_results_v2/model_ResNet50_opt_AdamW_lr_0.01_id_76/final_results.json
