2025-05-01 09:43:54,932 - training.model_EfficientNet-B2_opt_AdamW_lr_0.01_id_295 - INFO - Initialized training manager for model_EfficientNet-B2_opt_AdamW_lr_0.01_id_295
2025-05-01 09:43:54,932 - training.model_EfficientNet-B2_opt_AdamW_lr_0.01_id_295 - INFO - Config: {
  "id": 295,
  "model_name": "EfficientNet-B2",
  "optimizer": "AdamW",
  "learning_rate": 0.01,
  "scheduler": {
    "name": "CosineAnnealingLR",
    "T_max": 10
  },
  "loss_fn": {
    "name": "CrossEntropy"
  }
}
2025-05-01 09:43:56,148 - training.model_EfficientNet-B2_opt_AdamW_lr_0.01_id_295 - INFO - Starting model evaluation
2025-05-01 09:44:07,307 - training.model_EfficientNet-B2_opt_AdamW_lr_0.01_id_295 - INFO - Evaluation metrics:
  Accuracy:  0.6224
  Precision: 0.3947
  Recall:    0.6224
  F1 Score:  0.4830
  IoU:       0.3184
  mAP:       0.3969
  AUC:       0.6327
2025-05-01 09:44:07,308 - training.model_EfficientNet-B2_opt_AdamW_lr_0.01_id_295 - INFO - Final results saved to model_results_v2/model_EfficientNet-B2_opt_AdamW_lr_0.01_id_295/final_results.json
2025-05-01 09:44:07,310 - training.model_EfficientNet-B2_opt_AdamW_lr_0.01_id_295 - INFO - Final results saved to model_results_v2/model_EfficientNet-B2_opt_AdamW_lr_0.01_id_295/final_results.json
