2025-05-03 11:44:56,617 - training.model_ConvNeXt_opt_Adam_lr_0.001_id_707 - INFO - Initialized training manager for model_ConvNeXt_opt_Adam_lr_0.001_id_707
2025-05-03 11:44:56,617 - training.model_ConvNeXt_opt_Adam_lr_0.001_id_707 - INFO - Config: {
  "id": 707,
  "model_name": "ConvNeXt",
  "optimizer": "Adam",
  "learning_rate": 0.001,
  "scheduler": {
    "name": "CosineAnnealingWarmRestarts",
    "T_0": 10
  },
  "loss_fn": {
    "name": "FocalLoss",
    "alpha": 0.25,
    "gamma": 2.0
  }
}
2025-05-03 11:44:58,096 - training.model_ConvNeXt_opt_Adam_lr_0.001_id_707 - INFO - Starting model evaluation
2025-05-03 11:45:10,725 - training.model_ConvNeXt_opt_Adam_lr_0.001_id_707 - INFO - Evaluation metrics:
  Accuracy:  0.2834
  Precision: 0.2834
  Recall:    1.0000
  F1 Score:  0.4417
  IoU:       0.2834
  mAP:       0.2907
  AUC:       0.5320
2025-05-03 11:45:10,726 - training.model_ConvNeXt_opt_Adam_lr_0.001_id_707 - INFO - Final results saved to model_results_v2/model_ConvNeXt_opt_Adam_lr_0.001_id_707/final_results.json
2025-05-03 11:45:10,728 - training.model_ConvNeXt_opt_Adam_lr_0.001_id_707 - INFO - Final results saved to model_results_v2/model_ConvNeXt_opt_Adam_lr_0.001_id_707/final_results.json
