2025-05-01 08:39:08,650 - training.model_EfficientNet-B2_opt_Adam_lr_0.01_id_259 - INFO - Initialized training manager for model_EfficientNet-B2_opt_Adam_lr_0.01_id_259
2025-05-01 08:39:08,651 - training.model_EfficientNet-B2_opt_Adam_lr_0.01_id_259 - INFO - Config: {
  "id": 259,
  "model_name": "EfficientNet-B2",
  "optimizer": "Adam",
  "learning_rate": 0.01,
  "scheduler": {
    "name": "CosineAnnealingLR",
    "T_max": 10
  },
  "loss_fn": {
    "name": "CrossEntropy"
  }
}
2025-05-01 08:39:09,829 - training.model_EfficientNet-B2_opt_Adam_lr_0.01_id_259 - INFO - Starting model evaluation
2025-05-01 08:39:20,876 - training.model_EfficientNet-B2_opt_Adam_lr_0.01_id_259 - INFO - Evaluation metrics:
  Accuracy:  0.8315
  Precision: 0.6779
  Recall:    0.7727
  F1 Score:  0.7222
  IoU:       0.5652
  mAP:       0.8286
  AUC:       0.9000
2025-05-01 08:39:20,878 - training.model_EfficientNet-B2_opt_Adam_lr_0.01_id_259 - INFO - Final results saved to model_results_v2/model_EfficientNet-B2_opt_Adam_lr_0.01_id_259/final_results.json
2025-05-01 08:39:20,880 - training.model_EfficientNet-B2_opt_Adam_lr_0.01_id_259 - INFO - Final results saved to model_results_v2/model_EfficientNet-B2_opt_Adam_lr_0.01_id_259/final_results.json
