2025-05-03 07:06:01,134 - training.model_MobileNetV3_opt_SGD_lr_0.0001_id_571 - INFO - Initialized training manager for model_MobileNetV3_opt_SGD_lr_0.0001_id_571
2025-05-03 07:06:01,134 - training.model_MobileNetV3_opt_SGD_lr_0.0001_id_571 - INFO - Config: {
  "id": 571,
  "model_name": "MobileNetV3",
  "optimizer": "SGD",
  "learning_rate": 0.0001,
  "scheduler": {
    "name": "CosineAnnealingLR",
    "T_max": 10
  },
  "loss_fn": {
    "name": "CrossEntropy"
  }
}
2025-05-03 07:06:01,275 - training.model_MobileNetV3_opt_SGD_lr_0.0001_id_571 - INFO - Starting model evaluation
2025-05-03 07:06:10,499 - training.model_MobileNetV3_opt_SGD_lr_0.0001_id_571 - INFO - Evaluation metrics:
  Accuracy:  0.8632
  Precision: 0.7500
  Recall:    0.7762
  F1 Score:  0.7629
  IoU:       0.6167
  mAP:       0.8598
  AUC:       0.9177
2025-05-03 07:06:10,501 - training.model_MobileNetV3_opt_SGD_lr_0.0001_id_571 - INFO - Final results saved to model_results_v2/model_MobileNetV3_opt_SGD_lr_0.0001_id_571/final_results.json
2025-05-03 07:06:10,502 - training.model_MobileNetV3_opt_SGD_lr_0.0001_id_571 - INFO - Final results saved to model_results_v2/model_MobileNetV3_opt_SGD_lr_0.0001_id_571/final_results.json
