2025-05-03 06:48:17,863 - training.model_MobileNetV3_opt_SGD_lr_0.0001_id_565 - INFO - Initialized training manager for model_MobileNetV3_opt_SGD_lr_0.0001_id_565
2025-05-03 06:48:17,863 - training.model_MobileNetV3_opt_SGD_lr_0.0001_id_565 - INFO - Config: {
  "id": 565,
  "model_name": "MobileNetV3",
  "optimizer": "SGD",
  "learning_rate": 0.0001,
  "scheduler": {
    "name": "StepLR",
    "step_size": 10,
    "gamma": 0.1
  },
  "loss_fn": {
    "name": "CrossEntropy"
  }
}
2025-05-03 07:05:03,863 - training.model_MobileNetV3_opt_SGD_lr_0.0001_id_565 - INFO - Starting model evaluation
2025-05-03 07:05:13,153 - training.model_MobileNetV3_opt_SGD_lr_0.0001_id_565 - INFO - Evaluation metrics:
  Accuracy:  0.8712
  Precision: 0.7671
  Recall:    0.7832
  F1 Score:  0.7751
  IoU:       0.6328
  mAP:       0.8703
  AUC:       0.9238
2025-05-03 07:05:13,154 - training.model_MobileNetV3_opt_SGD_lr_0.0001_id_565 - INFO - Final results saved to model_results_v2/model_MobileNetV3_opt_SGD_lr_0.0001_id_565/final_results.json
2025-05-03 07:05:13,156 - training.model_MobileNetV3_opt_SGD_lr_0.0001_id_565 - INFO - Final results saved to model_results_v2/model_MobileNetV3_opt_SGD_lr_0.0001_id_565/final_results.json
