2025-05-01 11:28:21,642 - training.model_ViT-B-16_opt_SGD_lr_0.0001_id_352 - INFO - Initialized training manager for model_ViT-B-16_opt_SGD_lr_0.0001_id_352
2025-05-01 11:28:21,642 - training.model_ViT-B-16_opt_SGD_lr_0.0001_id_352 - INFO - Config: {
  "id": 352,
  "model_name": "ViT-B-16",
  "optimizer": "SGD",
  "learning_rate": 0.0001,
  "scheduler": {
    "name": "ReduceLROnPlateau",
    "patience": 5,
    "factor": 0.5
  },
  "loss_fn": {
    "name": "CrossEntropy"
  }
}
2025-05-03 00:14:48,165 - training.model_ViT-B-16_opt_SGD_lr_0.0001_id_352 - INFO - Initialized training manager for model_ViT-B-16_opt_SGD_lr_0.0001_id_352
2025-05-03 00:14:48,165 - training.model_ViT-B-16_opt_SGD_lr_0.0001_id_352 - INFO - Config: {
  "id": 352,
  "model_name": "ViT-B-16",
  "optimizer": "SGD",
  "learning_rate": 0.0001,
  "scheduler": {
    "name": "ReduceLROnPlateau",
    "patience": 5,
    "factor": 0.5
  },
  "loss_fn": {
    "name": "CrossEntropy"
  }
}
2025-05-03 00:14:48,770 - training.model_ViT-B-16_opt_SGD_lr_0.0001_id_352 - INFO - Starting model evaluation
2025-05-03 00:14:58,249 - training.model_ViT-B-16_opt_SGD_lr_0.0001_id_352 - INFO - Evaluation metrics:
  Accuracy:  0.9306
  Precision: 0.8462
  Recall:    0.9231
  F1 Score:  0.8829
  IoU:       0.7904
  mAP:       0.9440
  AUC:       0.9729
2025-05-03 00:14:58,251 - training.model_ViT-B-16_opt_SGD_lr_0.0001_id_352 - INFO - Final results saved to model_results_v2/model_ViT-B-16_opt_SGD_lr_0.0001_id_352/final_results.json
2025-05-03 00:14:58,253 - training.model_ViT-B-16_opt_SGD_lr_0.0001_id_352 - INFO - Final results saved to model_results_v2/model_ViT-B-16_opt_SGD_lr_0.0001_id_352/final_results.json
