2025-05-01 11:30:08,490 - training.model_ViT-B-16_opt_AdamW_lr_0.0001_id_423 - INFO - Initialized training manager for model_ViT-B-16_opt_AdamW_lr_0.0001_id_423
2025-05-01 11:30:08,490 - training.model_ViT-B-16_opt_AdamW_lr_0.0001_id_423 - INFO - Config: {
  "id": 423,
  "model_name": "ViT-B-16",
  "optimizer": "AdamW",
  "learning_rate": 0.0001,
  "scheduler": {
    "name": "StepLR",
    "step_size": 10,
    "gamma": 0.1
  },
  "loss_fn": {
    "name": "LabelSmoothing",
    "smoothing": 0.1
  }
}
2025-05-03 03:45:40,571 - training.model_ViT-B-16_opt_AdamW_lr_0.0001_id_423 - INFO - Initialized training manager for model_ViT-B-16_opt_AdamW_lr_0.0001_id_423
2025-05-03 03:45:40,571 - training.model_ViT-B-16_opt_AdamW_lr_0.0001_id_423 - INFO - Config: {
  "id": 423,
  "model_name": "ViT-B-16",
  "optimizer": "AdamW",
  "learning_rate": 0.0001,
  "scheduler": {
    "name": "StepLR",
    "step_size": 10,
    "gamma": 0.1
  },
  "loss_fn": {
    "name": "LabelSmoothing",
    "smoothing": 0.1
  }
}
2025-05-03 03:45:41,475 - training.model_ViT-B-16_opt_AdamW_lr_0.0001_id_423 - INFO - Starting model evaluation
2025-05-03 03:45:52,231 - training.model_ViT-B-16_opt_AdamW_lr_0.0001_id_423 - INFO - Evaluation metrics:
  Accuracy:  0.8028
  Precision: 0.6399
  Recall:    0.6958
  F1 Score:  0.6667
  IoU:       0.5000
  mAP:       0.7574
  AUC:       0.8498
2025-05-03 03:45:52,233 - training.model_ViT-B-16_opt_AdamW_lr_0.0001_id_423 - INFO - Final results saved to model_results_v2/model_ViT-B-16_opt_AdamW_lr_0.0001_id_423/final_results.json
2025-05-03 03:45:52,234 - training.model_ViT-B-16_opt_AdamW_lr_0.0001_id_423 - INFO - Final results saved to model_results_v2/model_ViT-B-16_opt_AdamW_lr_0.0001_id_423/final_results.json
