2025-05-03 13:23:07,031 - training.model_ConvNeXt_opt_AdamW_lr_0.0001_id_745 - INFO - Initialized training manager for model_ConvNeXt_opt_AdamW_lr_0.0001_id_745
2025-05-03 13:23:07,032 - training.model_ConvNeXt_opt_AdamW_lr_0.0001_id_745 - INFO - Config: {
  "id": 745,
  "model_name": "ConvNeXt",
  "optimizer": "AdamW",
  "learning_rate": 0.0001,
  "scheduler": {
    "name": "StepLR",
    "step_size": 10,
    "gamma": 0.1
  },
  "loss_fn": {
    "name": "CrossEntropy"
  }
}
2025-05-03 13:56:34,793 - training.model_ConvNeXt_opt_AdamW_lr_0.0001_id_745 - INFO - Starting model evaluation
2025-05-03 13:56:46,142 - training.model_ConvNeXt_opt_AdamW_lr_0.0001_id_745 - INFO - Evaluation metrics:
  Accuracy:  0.9584
  Precision: 0.9013
  Recall:    0.9580
  F1 Score:  0.9288
  IoU:       0.8671
  mAP:       0.9801
  AUC:       0.9921
2025-05-03 13:56:46,144 - training.model_ConvNeXt_opt_AdamW_lr_0.0001_id_745 - INFO - Final results saved to model_results_v2/model_ConvNeXt_opt_AdamW_lr_0.0001_id_745/final_results.json
2025-05-03 13:56:46,146 - training.model_ConvNeXt_opt_AdamW_lr_0.0001_id_745 - INFO - Final results saved to model_results_v2/model_ConvNeXt_opt_AdamW_lr_0.0001_id_745/final_results.json
