2025-05-01 11:26:58,521 - training.model_ViT-B-16_opt_SGD_lr_0.001_id_343 - INFO - Initialized training manager for model_ViT-B-16_opt_SGD_lr_0.001_id_343
2025-05-01 11:26:58,521 - training.model_ViT-B-16_opt_SGD_lr_0.001_id_343 - INFO - Config: {
  "id": 343,
  "model_name": "ViT-B-16",
  "optimizer": "SGD",
  "learning_rate": 0.001,
  "scheduler": {
    "name": "CosineAnnealingLR",
    "T_max": 10
  },
  "loss_fn": {
    "name": "CrossEntropy"
  }
}
2025-05-01 11:26:59,583 - training.model_ViT-B-16_opt_SGD_lr_0.001_id_343 - INFO - Starting model evaluation
2025-05-01 11:27:11,601 - training.model_ViT-B-16_opt_SGD_lr_0.001_id_343 - INFO - Evaluation metrics:
  Accuracy:  0.9613
  Precision: 0.9364
  Recall:    0.9266
  F1 Score:  0.9315
  IoU:       0.8717
  mAP:       0.9828
  AUC:       0.9925
2025-05-01 11:27:11,603 - training.model_ViT-B-16_opt_SGD_lr_0.001_id_343 - INFO - Final results saved to model_results_v2/model_ViT-B-16_opt_SGD_lr_0.001_id_343/final_results.json
2025-05-01 11:27:11,604 - training.model_ViT-B-16_opt_SGD_lr_0.001_id_343 - INFO - Final results saved to model_results_v2/model_ViT-B-16_opt_SGD_lr_0.001_id_343/final_results.json
