2025-05-01 08:19:03,175 - training.model_EfficientNet-B2_opt_Adam_lr_0.01_id_253 - INFO - Initialized training manager for model_EfficientNet-B2_opt_Adam_lr_0.01_id_253
2025-05-01 08:19:03,175 - training.model_EfficientNet-B2_opt_Adam_lr_0.01_id_253 - INFO - Config: {
  "id": 253,
  "model_name": "EfficientNet-B2",
  "optimizer": "Adam",
  "learning_rate": 0.01,
  "scheduler": {
    "name": "StepLR",
    "step_size": 10,
    "gamma": 0.1
  },
  "loss_fn": {
    "name": "CrossEntropy"
  }
}
2025-05-01 08:37:55,650 - training.model_EfficientNet-B2_opt_Adam_lr_0.01_id_253 - INFO - Starting model evaluation
2025-05-01 08:38:07,142 - training.model_EfficientNet-B2_opt_Adam_lr_0.01_id_253 - INFO - Evaluation metrics:
  Accuracy:  0.8256
  Precision: 0.6637
  Recall:    0.7797
  F1 Score:  0.7170
  IoU:       0.5589
  mAP:       0.8253
  AUC:       0.8979
2025-05-01 08:38:07,144 - training.model_EfficientNet-B2_opt_Adam_lr_0.01_id_253 - INFO - Final results saved to model_results_v2/model_EfficientNet-B2_opt_Adam_lr_0.01_id_253/final_results.json
2025-05-01 08:38:07,145 - training.model_EfficientNet-B2_opt_Adam_lr_0.01_id_253 - INFO - Final results saved to model_results_v2/model_EfficientNet-B2_opt_Adam_lr_0.01_id_253/final_results.json
