2025-05-03 10:07:36,784 - training.model_ConvNeXt_opt_SGD_lr_0.0001_id_673 - INFO - Initialized training manager for model_ConvNeXt_opt_SGD_lr_0.0001_id_673
2025-05-03 10:07:36,784 - training.model_ConvNeXt_opt_SGD_lr_0.0001_id_673 - INFO - Config: {
  "id": 673,
  "model_name": "ConvNeXt",
  "optimizer": "SGD",
  "learning_rate": 0.0001,
  "scheduler": {
    "name": "StepLR",
    "step_size": 10,
    "gamma": 0.1
  },
  "loss_fn": {
    "name": "CrossEntropy"
  }
}
2025-05-03 10:40:16,790 - training.model_ConvNeXt_opt_SGD_lr_0.0001_id_673 - INFO - Starting model evaluation
2025-05-03 10:40:28,310 - training.model_ConvNeXt_opt_SGD_lr_0.0001_id_673 - INFO - Evaluation metrics:
  Accuracy:  0.9019
  Precision: 0.7895
  Recall:    0.8916
  F1 Score:  0.8374
  IoU:       0.7203
  mAP:       0.9234
  AUC:       0.9584
2025-05-03 10:40:28,316 - training.model_ConvNeXt_opt_SGD_lr_0.0001_id_673 - INFO - Final results saved to model_results_v2/model_ConvNeXt_opt_SGD_lr_0.0001_id_673/final_results.json
2025-05-03 10:40:28,318 - training.model_ConvNeXt_opt_SGD_lr_0.0001_id_673 - INFO - Final results saved to model_results_v2/model_ConvNeXt_opt_SGD_lr_0.0001_id_673/final_results.json
