2025-05-03 13:58:17,683 - training.model_ConvNeXt_opt_AdamW_lr_0.0001_id_753 - INFO - Initialized training manager for model_ConvNeXt_opt_AdamW_lr_0.0001_id_753
2025-05-03 13:58:17,683 - training.model_ConvNeXt_opt_AdamW_lr_0.0001_id_753 - INFO - Config: {
  "id": 753,
  "model_name": "ConvNeXt",
  "optimizer": "AdamW",
  "learning_rate": 0.0001,
  "scheduler": {
    "name": "CosineAnnealingLR",
    "T_max": 10
  },
  "loss_fn": {
    "name": "LabelSmoothing",
    "smoothing": 0.1
  }
}
2025-05-03 13:58:19,299 - training.model_ConvNeXt_opt_AdamW_lr_0.0001_id_753 - INFO - Starting model evaluation
2025-05-03 13:58:31,008 - training.model_ConvNeXt_opt_AdamW_lr_0.0001_id_753 - INFO - Evaluation metrics:
  Accuracy:  0.9613
  Precision: 0.9049
  Recall:    0.9650
  F1 Score:  0.9340
  IoU:       0.8762
  mAP:       0.9791
  AUC:       0.9915
2025-05-03 13:58:31,010 - training.model_ConvNeXt_opt_AdamW_lr_0.0001_id_753 - INFO - Final results saved to model_results_v2/model_ConvNeXt_opt_AdamW_lr_0.0001_id_753/final_results.json
2025-05-03 13:58:31,011 - training.model_ConvNeXt_opt_AdamW_lr_0.0001_id_753 - INFO - Final results saved to model_results_v2/model_ConvNeXt_opt_AdamW_lr_0.0001_id_753/final_results.json
