2025-05-01 05:43:50,301 - training.model_ResNet101_opt_Adam_lr_0.001_id_166 - INFO - Initialized training manager for model_ResNet101_opt_Adam_lr_0.001_id_166
2025-05-01 05:43:50,301 - training.model_ResNet101_opt_Adam_lr_0.001_id_166 - INFO - Config: {
  "id": 166,
  "model_name": "ResNet101",
  "optimizer": "Adam",
  "learning_rate": 0.001,
  "scheduler": {
    "name": "CosineAnnealingWarmRestarts",
    "T_0": 10
  },
  "loss_fn": {
    "name": "CrossEntropy"
  }
}
2025-05-01 05:43:50,714 - training.model_ResNet101_opt_Adam_lr_0.001_id_166 - INFO - Starting model evaluation
2025-05-01 05:44:00,086 - training.model_ResNet101_opt_Adam_lr_0.001_id_166 - INFO - Evaluation metrics:
  Accuracy:  0.9118
  Precision: 0.8294
  Recall:    0.8671
  F1 Score:  0.8479
  IoU:       0.7359
  mAP:       0.9039
  AUC:       0.9613
2025-05-01 05:44:00,088 - training.model_ResNet101_opt_Adam_lr_0.001_id_166 - INFO - Final results saved to model_results_v2/model_ResNet101_opt_Adam_lr_0.001_id_166/final_results.json
2025-05-01 05:44:00,090 - training.model_ResNet101_opt_Adam_lr_0.001_id_166 - INFO - Final results saved to model_results_v2/model_ResNet101_opt_Adam_lr_0.001_id_166/final_results.json
