2025-05-01 06:47:18,656 - training.model_ResNet101_opt_AdamW_lr_0.001_id_194 - INFO - Initialized training manager for model_ResNet101_opt_AdamW_lr_0.001_id_194
2025-05-01 06:47:18,656 - training.model_ResNet101_opt_AdamW_lr_0.001_id_194 - INFO - Config: {
  "id": 194,
  "model_name": "ResNet101",
  "optimizer": "AdamW",
  "learning_rate": 0.001,
  "scheduler": {
    "name": "StepLR",
    "step_size": 10,
    "gamma": 0.1
  },
  "loss_fn": {
    "name": "FocalLoss",
    "alpha": 0.25,
    "gamma": 2.0
  }
}
2025-05-01 06:47:20,529 - training.model_ResNet101_opt_AdamW_lr_0.001_id_194 - INFO - Starting model evaluation
2025-05-01 06:47:32,055 - training.model_ResNet101_opt_AdamW_lr_0.001_id_194 - INFO - Evaluation metrics:
  Accuracy:  0.8821
  Precision: 0.7538
  Recall:    0.8671
  F1 Score:  0.8065
  IoU:       0.6757
  mAP:       0.8884
  AUC:       0.9381
2025-05-01 06:47:32,057 - training.model_ResNet101_opt_AdamW_lr_0.001_id_194 - INFO - Final results saved to model_results_v2/model_ResNet101_opt_AdamW_lr_0.001_id_194/final_results.json
2025-05-01 06:47:32,058 - training.model_ResNet101_opt_AdamW_lr_0.001_id_194 - INFO - Final results saved to model_results_v2/model_ResNet101_opt_AdamW_lr_0.001_id_194/final_results.json
