2025-05-03 08:55:29,311 - training.model_MobileNetV3_opt_AdamW_lr_0.0001_id_642 - INFO - Initialized training manager for model_MobileNetV3_opt_AdamW_lr_0.0001_id_642
2025-05-03 08:55:29,311 - training.model_MobileNetV3_opt_AdamW_lr_0.0001_id_642 - INFO - Config: {
  "id": 642,
  "model_name": "MobileNetV3",
  "optimizer": "AdamW",
  "learning_rate": 0.0001,
  "scheduler": {
    "name": "ReduceLROnPlateau",
    "patience": 5,
    "factor": 0.5
  },
  "loss_fn": {
    "name": "LabelSmoothing",
    "smoothing": 0.1
  }
}
2025-05-03 08:55:29,478 - training.model_MobileNetV3_opt_AdamW_lr_0.0001_id_642 - INFO - Starting model evaluation
2025-05-03 08:55:38,431 - training.model_MobileNetV3_opt_AdamW_lr_0.0001_id_642 - INFO - Evaluation metrics:
  Accuracy:  0.9653
  Precision: 0.9313
  Recall:    0.9476
  F1 Score:  0.9393
  IoU:       0.8856
  mAP:       0.9711
  AUC:       0.9916
2025-05-03 08:55:38,432 - training.model_MobileNetV3_opt_AdamW_lr_0.0001_id_642 - INFO - Final results saved to model_results_v2/model_MobileNetV3_opt_AdamW_lr_0.0001_id_642/final_results.json
2025-05-03 08:55:38,434 - training.model_MobileNetV3_opt_AdamW_lr_0.0001_id_642 - INFO - Final results saved to model_results_v2/model_MobileNetV3_opt_AdamW_lr_0.0001_id_642/final_results.json
