2025-05-01 11:29:16,880 - training.model_ViT-B-16_opt_Adam_lr_0.0001_id_387 - INFO - Initialized training manager for model_ViT-B-16_opt_Adam_lr_0.0001_id_387
2025-05-01 11:29:16,880 - training.model_ViT-B-16_opt_Adam_lr_0.0001_id_387 - INFO - Config: {
  "id": 387,
  "model_name": "ViT-B-16",
  "optimizer": "Adam",
  "learning_rate": 0.0001,
  "scheduler": {
    "name": "StepLR",
    "step_size": 10,
    "gamma": 0.1
  },
  "loss_fn": {
    "name": "LabelSmoothing",
    "smoothing": 0.1
  }
}
2025-05-03 02:44:00,153 - training.model_ViT-B-16_opt_Adam_lr_0.0001_id_387 - INFO - Initialized training manager for model_ViT-B-16_opt_Adam_lr_0.0001_id_387
2025-05-03 02:44:00,153 - training.model_ViT-B-16_opt_Adam_lr_0.0001_id_387 - INFO - Config: {
  "id": 387,
  "model_name": "ViT-B-16",
  "optimizer": "Adam",
  "learning_rate": 0.0001,
  "scheduler": {
    "name": "StepLR",
    "step_size": 10,
    "gamma": 0.1
  },
  "loss_fn": {
    "name": "LabelSmoothing",
    "smoothing": 0.1
  }
}
2025-05-03 02:44:00,973 - training.model_ViT-B-16_opt_Adam_lr_0.0001_id_387 - INFO - Starting model evaluation
2025-05-03 02:45:05,734 - training.model_ViT-B-16_opt_Adam_lr_0.0001_id_387 - INFO - Evaluation metrics:
  Accuracy:  0.8385
  Precision: 0.8596
  Recall:    0.5140
  F1 Score:  0.6433
  IoU:       0.4742
  mAP:       0.7924
  AUC:       0.8980
2025-05-03 02:45:05,737 - training.model_ViT-B-16_opt_Adam_lr_0.0001_id_387 - INFO - Final results saved to model_results_v2/model_ViT-B-16_opt_Adam_lr_0.0001_id_387/final_results.json
2025-05-03 02:45:05,740 - training.model_ViT-B-16_opt_Adam_lr_0.0001_id_387 - INFO - Final results saved to model_results_v2/model_ViT-B-16_opt_Adam_lr_0.0001_id_387/final_results.json
