2025-05-03 07:59:58,625 - training.model_MobileNetV3_opt_Adam_lr_0.0001_id_602 - INFO - Initialized training manager for model_MobileNetV3_opt_Adam_lr_0.0001_id_602
2025-05-03 07:59:58,625 - training.model_MobileNetV3_opt_Adam_lr_0.0001_id_602 - INFO - Config: {
  "id": 602,
  "model_name": "MobileNetV3",
  "optimizer": "Adam",
  "learning_rate": 0.0001,
  "scheduler": {
    "name": "StepLR",
    "step_size": 10,
    "gamma": 0.1
  },
  "loss_fn": {
    "name": "FocalLoss",
    "alpha": 0.25,
    "gamma": 2.0
  }
}
2025-05-03 07:59:58,939 - training.model_MobileNetV3_opt_Adam_lr_0.0001_id_602 - INFO - Starting model evaluation
2025-05-03 08:00:08,236 - training.model_MobileNetV3_opt_Adam_lr_0.0001_id_602 - INFO - Evaluation metrics:
  Accuracy:  0.9693
  Precision: 0.9412
  Recall:    0.9510
  F1 Score:  0.9461
  IoU:       0.8977
  mAP:       0.9787
  AUC:       0.9897
2025-05-03 08:00:08,238 - training.model_MobileNetV3_opt_Adam_lr_0.0001_id_602 - INFO - Final results saved to model_results_v2/model_MobileNetV3_opt_Adam_lr_0.0001_id_602/final_results.json
2025-05-03 08:00:08,239 - training.model_MobileNetV3_opt_Adam_lr_0.0001_id_602 - INFO - Final results saved to model_results_v2/model_MobileNetV3_opt_Adam_lr_0.0001_id_602/final_results.json
