2025-05-01 11:29:30,783 - training.model_ViT-B-16_opt_AdamW_lr_0.01_id_398 - INFO - Initialized training manager for model_ViT-B-16_opt_AdamW_lr_0.01_id_398
2025-05-01 11:29:30,783 - training.model_ViT-B-16_opt_AdamW_lr_0.01_id_398 - INFO - Config: {
  "id": 398,
  "model_name": "ViT-B-16",
  "optimizer": "AdamW",
  "learning_rate": 0.01,
  "scheduler": {
    "name": "StepLR",
    "step_size": 10,
    "gamma": 0.1
  },
  "loss_fn": {
    "name": "FocalLoss",
    "alpha": 0.25,
    "gamma": 2.0
  }
}
2025-05-03 03:17:27,967 - training.model_ViT-B-16_opt_AdamW_lr_0.01_id_398 - INFO - Initialized training manager for model_ViT-B-16_opt_AdamW_lr_0.01_id_398
2025-05-03 03:17:27,967 - training.model_ViT-B-16_opt_AdamW_lr_0.01_id_398 - INFO - Config: {
  "id": 398,
  "model_name": "ViT-B-16",
  "optimizer": "AdamW",
  "learning_rate": 0.01,
  "scheduler": {
    "name": "StepLR",
    "step_size": 10,
    "gamma": 0.1
  },
  "loss_fn": {
    "name": "FocalLoss",
    "alpha": 0.25,
    "gamma": 2.0
  }
}
2025-05-03 03:19:13,052 - training.model_ViT-B-16_opt_AdamW_lr_0.01_id_398 - INFO - Starting model evaluation
2025-05-03 03:19:28,848 - training.model_ViT-B-16_opt_AdamW_lr_0.01_id_398 - INFO - Evaluation metrics:
  Accuracy:  0.2834
  Precision: 0.2834
  Recall:    1.0000
  F1 Score:  0.4417
  IoU:       0.2834
  mAP:       0.2834
  AUC:       0.5000
2025-05-03 03:19:28,850 - training.model_ViT-B-16_opt_AdamW_lr_0.01_id_398 - INFO - Final results saved to model_results_v2/model_ViT-B-16_opt_AdamW_lr_0.01_id_398/final_results.json
2025-05-03 03:19:28,853 - training.model_ViT-B-16_opt_AdamW_lr_0.01_id_398 - INFO - Final results saved to model_results_v2/model_ViT-B-16_opt_AdamW_lr_0.01_id_398/final_results.json
