2025-05-01 06:21:42,925 - training.model_ResNet101_opt_AdamW_lr_0.01_id_184 - INFO - Initialized training manager for model_ResNet101_opt_AdamW_lr_0.01_id_184
2025-05-01 06:21:42,925 - training.model_ResNet101_opt_AdamW_lr_0.01_id_184 - INFO - Config: {
  "id": 184,
  "model_name": "ResNet101",
  "optimizer": "AdamW",
  "learning_rate": 0.01,
  "scheduler": {
    "name": "ReduceLROnPlateau",
    "patience": 5,
    "factor": 0.5
  },
  "loss_fn": {
    "name": "CrossEntropy"
  }
}
2025-05-01 06:22:52,353 - training.model_ResNet101_opt_AdamW_lr_0.01_id_184 - INFO - Starting model evaluation
2025-05-01 06:23:03,571 - training.model_ResNet101_opt_AdamW_lr_0.01_id_184 - INFO - Evaluation metrics:
  Accuracy:  0.7166
  Precision: 0.0000
  Recall:    0.0000
  F1 Score:  0.0000
  IoU:       0.0000
  mAP:       0.2827
  AUC:       0.4920
2025-05-01 06:23:03,572 - training.model_ResNet101_opt_AdamW_lr_0.01_id_184 - INFO - Final results saved to model_results_v2/model_ResNet101_opt_AdamW_lr_0.01_id_184/final_results.json
2025-05-01 06:23:03,573 - training.model_ResNet101_opt_AdamW_lr_0.01_id_184 - INFO - Final results saved to model_results_v2/model_ResNet101_opt_AdamW_lr_0.01_id_184/final_results.json
