2025-05-01 01:16:37,355 - training.model_ResNet50_opt_Adam_lr_0.001_id_50 - INFO - Initialized training manager for model_ResNet50_opt_Adam_lr_0.001_id_50
2025-05-01 01:16:37,355 - training.model_ResNet50_opt_Adam_lr_0.001_id_50 - INFO - Config: {
  "id": 50,
  "model_name": "ResNet50",
  "optimizer": "Adam",
  "learning_rate": 0.001,
  "scheduler": {
    "name": "StepLR",
    "step_size": 10,
    "gamma": 0.1
  },
  "loss_fn": {
    "name": "FocalLoss",
    "alpha": 0.25,
    "gamma": 2.0
  }
}
2025-05-01 01:16:37,606 - training.model_ResNet50_opt_Adam_lr_0.001_id_50 - INFO - Starting model evaluation
2025-05-01 01:16:46,297 - training.model_ResNet50_opt_Adam_lr_0.001_id_50 - INFO - Evaluation metrics:
  Accuracy:  0.9306
  Precision: 0.8396
  Recall:    0.9336
  F1 Score:  0.8841
  IoU:       0.7923
  mAP:       0.9240
  AUC:       0.9747
2025-05-01 01:16:46,298 - training.model_ResNet50_opt_Adam_lr_0.001_id_50 - INFO - Final results saved to model_results_v2/model_ResNet50_opt_Adam_lr_0.001_id_50/final_results.json
2025-05-01 01:16:46,300 - training.model_ResNet50_opt_Adam_lr_0.001_id_50 - INFO - Final results saved to model_results_v2/model_ResNet50_opt_Adam_lr_0.001_id_50/final_results.json
