2025-05-03 09:32:01,161 - training.model_ConvNeXt_opt_SGD_lr_0.01_id_659 - INFO - Initialized training manager for model_ConvNeXt_opt_SGD_lr_0.01_id_659
2025-05-03 09:32:01,161 - training.model_ConvNeXt_opt_SGD_lr_0.01_id_659 - INFO - Config: {
  "id": 659,
  "model_name": "ConvNeXt",
  "optimizer": "SGD",
  "learning_rate": 0.01,
  "scheduler": {
    "name": "CosineAnnealingWarmRestarts",
    "T_0": 10
  },
  "loss_fn": {
    "name": "FocalLoss",
    "alpha": 0.25,
    "gamma": 2.0
  }
}
2025-05-03 09:32:02,379 - training.model_ConvNeXt_opt_SGD_lr_0.01_id_659 - INFO - Starting model evaluation
2025-05-03 09:32:13,722 - training.model_ConvNeXt_opt_SGD_lr_0.01_id_659 - INFO - Evaluation metrics:
  Accuracy:  0.9495
  Precision: 0.8930
  Recall:    0.9336
  F1 Score:  0.9128
  IoU:       0.8396
  mAP:       0.9630
  AUC:       0.9823
2025-05-03 09:32:13,724 - training.model_ConvNeXt_opt_SGD_lr_0.01_id_659 - INFO - Final results saved to model_results_v2/model_ConvNeXt_opt_SGD_lr_0.01_id_659/final_results.json
2025-05-03 09:32:13,726 - training.model_ConvNeXt_opt_SGD_lr_0.01_id_659 - INFO - Final results saved to model_results_v2/model_ConvNeXt_opt_SGD_lr_0.01_id_659/final_results.json
