2025-05-01 11:29:43,694 - training.model_ViT-B-16_opt_AdamW_lr_0.01_id_408 - INFO - Initialized training manager for model_ViT-B-16_opt_AdamW_lr_0.01_id_408
2025-05-01 11:29:43,694 - training.model_ViT-B-16_opt_AdamW_lr_0.01_id_408 - INFO - Config: {
  "id": 408,
  "model_name": "ViT-B-16",
  "optimizer": "AdamW",
  "learning_rate": 0.01,
  "scheduler": {
    "name": "CosineAnnealingWarmRestarts",
    "T_0": 10
  },
  "loss_fn": {
    "name": "LabelSmoothing",
    "smoothing": 0.1
  }
}
2025-05-03 03:21:18,488 - training.model_ViT-B-16_opt_AdamW_lr_0.01_id_408 - INFO - Initialized training manager for model_ViT-B-16_opt_AdamW_lr_0.01_id_408
2025-05-03 03:21:18,488 - training.model_ViT-B-16_opt_AdamW_lr_0.01_id_408 - INFO - Config: {
  "id": 408,
  "model_name": "ViT-B-16",
  "optimizer": "AdamW",
  "learning_rate": 0.01,
  "scheduler": {
    "name": "CosineAnnealingWarmRestarts",
    "T_0": 10
  },
  "loss_fn": {
    "name": "LabelSmoothing",
    "smoothing": 0.1
  }
}
2025-05-03 03:21:19,380 - training.model_ViT-B-16_opt_AdamW_lr_0.01_id_408 - INFO - Starting model evaluation
2025-05-03 03:21:29,987 - training.model_ViT-B-16_opt_AdamW_lr_0.01_id_408 - INFO - Evaluation metrics:
  Accuracy:  0.2834
  Precision: 0.2834
  Recall:    1.0000
  F1 Score:  0.4417
  IoU:       0.2834
  mAP:       0.2834
  AUC:       0.5000
2025-05-03 03:21:29,988 - training.model_ViT-B-16_opt_AdamW_lr_0.01_id_408 - INFO - Final results saved to model_results_v2/model_ViT-B-16_opt_AdamW_lr_0.01_id_408/final_results.json
2025-05-03 03:21:29,989 - training.model_ViT-B-16_opt_AdamW_lr_0.01_id_408 - INFO - Final results saved to model_results_v2/model_ViT-B-16_opt_AdamW_lr_0.01_id_408/final_results.json
