2025-05-03 08:01:45,048 - training.model_MobileNetV3_opt_AdamW_lr_0.01_id_613 - INFO - Initialized training manager for model_MobileNetV3_opt_AdamW_lr_0.01_id_613
2025-05-03 08:01:45,048 - training.model_MobileNetV3_opt_AdamW_lr_0.01_id_613 - INFO - Config: {
  "id": 613,
  "model_name": "MobileNetV3",
  "optimizer": "AdamW",
  "learning_rate": 0.01,
  "scheduler": {
    "name": "StepLR",
    "step_size": 10,
    "gamma": 0.1
  },
  "loss_fn": {
    "name": "CrossEntropy"
  }
}
2025-05-03 08:07:31,129 - training.model_MobileNetV3_opt_AdamW_lr_0.01_id_613 - INFO - Starting model evaluation
2025-05-03 08:07:40,278 - training.model_MobileNetV3_opt_AdamW_lr_0.01_id_613 - INFO - Evaluation metrics:
  Accuracy:  0.2834
  Precision: 0.2834
  Recall:    1.0000
  F1 Score:  0.4417
  IoU:       0.2834
  mAP:       0.2834
  AUC:       0.5000
2025-05-03 08:07:40,279 - training.model_MobileNetV3_opt_AdamW_lr_0.01_id_613 - INFO - Final results saved to model_results_v2/model_MobileNetV3_opt_AdamW_lr_0.01_id_613/final_results.json
2025-05-03 08:07:40,280 - training.model_MobileNetV3_opt_AdamW_lr_0.01_id_613 - INFO - Final results saved to model_results_v2/model_MobileNetV3_opt_AdamW_lr_0.01_id_613/final_results.json
