2025-05-03 05:29:12,041 - training.model_DenseNet121_opt_AdamW_lr_0.01_id_515 - INFO - Initialized training manager for model_DenseNet121_opt_AdamW_lr_0.01_id_515
2025-05-03 05:29:12,041 - training.model_DenseNet121_opt_AdamW_lr_0.01_id_515 - INFO - Config: {
  "id": 515,
  "model_name": "DenseNet121",
  "optimizer": "AdamW",
  "learning_rate": 0.01,
  "scheduler": {
    "name": "CosineAnnealingWarmRestarts",
    "T_0": 10
  },
  "loss_fn": {
    "name": "FocalLoss",
    "alpha": 0.25,
    "gamma": 2.0
  }
}
2025-05-03 05:29:12,589 - training.model_DenseNet121_opt_AdamW_lr_0.01_id_515 - INFO - Starting model evaluation
2025-05-03 05:29:24,286 - training.model_DenseNet121_opt_AdamW_lr_0.01_id_515 - INFO - Evaluation metrics:
  Accuracy:  0.7166
  Precision: 0.0000
  Recall:    0.0000
  F1 Score:  0.0000
  IoU:       0.0000
  mAP:       0.2867
  AUC:       0.5181
2025-05-03 05:29:24,288 - training.model_DenseNet121_opt_AdamW_lr_0.01_id_515 - INFO - Final results saved to model_results_v2/model_DenseNet121_opt_AdamW_lr_0.01_id_515/final_results.json
2025-05-03 05:29:24,290 - training.model_DenseNet121_opt_AdamW_lr_0.01_id_515 - INFO - Final results saved to model_results_v2/model_DenseNet121_opt_AdamW_lr_0.01_id_515/final_results.json
