2025-05-01 11:28:43,913 - training.model_ViT-B-16_opt_Adam_lr_0.01_id_369 - INFO - Initialized training manager for model_ViT-B-16_opt_Adam_lr_0.01_id_369
2025-05-01 11:28:43,913 - training.model_ViT-B-16_opt_Adam_lr_0.01_id_369 - INFO - Config: {
  "id": 369,
  "model_name": "ViT-B-16",
  "optimizer": "Adam",
  "learning_rate": 0.01,
  "scheduler": {
    "name": "CosineAnnealingLR",
    "T_max": 10
  },
  "loss_fn": {
    "name": "LabelSmoothing",
    "smoothing": 0.1
  }
}
2025-05-03 00:44:25,123 - training.model_ViT-B-16_opt_Adam_lr_0.01_id_369 - INFO - Initialized training manager for model_ViT-B-16_opt_Adam_lr_0.01_id_369
2025-05-03 00:44:25,126 - training.model_ViT-B-16_opt_Adam_lr_0.01_id_369 - INFO - Config: {
  "id": 369,
  "model_name": "ViT-B-16",
  "optimizer": "Adam",
  "learning_rate": 0.01,
  "scheduler": {
    "name": "CosineAnnealingLR",
    "T_max": 10
  },
  "loss_fn": {
    "name": "LabelSmoothing",
    "smoothing": 0.1
  }
}
2025-05-03 00:44:26,054 - training.model_ViT-B-16_opt_Adam_lr_0.01_id_369 - INFO - Starting model evaluation
2025-05-03 00:45:28,017 - training.model_ViT-B-16_opt_Adam_lr_0.01_id_369 - INFO - Evaluation metrics:
  Accuracy:  0.7106
  Precision: 0.0000
  Recall:    0.0000
  F1 Score:  0.0000
  IoU:       0.0000
  mAP:       0.2591
  AUC:       0.4405
2025-05-03 00:45:28,019 - training.model_ViT-B-16_opt_Adam_lr_0.01_id_369 - INFO - Final results saved to model_results_v2/model_ViT-B-16_opt_Adam_lr_0.01_id_369/final_results.json
2025-05-03 00:45:28,021 - training.model_ViT-B-16_opt_Adam_lr_0.01_id_369 - INFO - Final results saved to model_results_v2/model_ViT-B-16_opt_Adam_lr_0.01_id_369/final_results.json
