2025-05-01 09:00:03,366 - training.model_EfficientNet-B2_opt_Adam_lr_0.001_id_269 - INFO - Initialized training manager for model_EfficientNet-B2_opt_Adam_lr_0.001_id_269
2025-05-01 09:00:03,367 - training.model_EfficientNet-B2_opt_Adam_lr_0.001_id_269 - INFO - Config: {
  "id": 269,
  "model_name": "EfficientNet-B2",
  "optimizer": "Adam",
  "learning_rate": 0.001,
  "scheduler": {
    "name": "ReduceLROnPlateau",
    "patience": 5,
    "factor": 0.5
  },
  "loss_fn": {
    "name": "FocalLoss",
    "alpha": 0.25,
    "gamma": 2.0
  }
}
2025-05-01 09:00:04,615 - training.model_EfficientNet-B2_opt_Adam_lr_0.001_id_269 - INFO - Starting model evaluation
2025-05-01 09:00:15,479 - training.model_EfficientNet-B2_opt_Adam_lr_0.001_id_269 - INFO - Evaluation metrics:
  Accuracy:  0.9544
  Precision: 0.9027
  Recall:    0.9406
  F1 Score:  0.9212
  IoU:       0.8540
  mAP:       0.9662
  AUC:       0.9863
2025-05-01 09:00:15,480 - training.model_EfficientNet-B2_opt_Adam_lr_0.001_id_269 - INFO - Final results saved to model_results_v2/model_EfficientNet-B2_opt_Adam_lr_0.001_id_269/final_results.json
2025-05-01 09:00:15,482 - training.model_EfficientNet-B2_opt_Adam_lr_0.001_id_269 - INFO - Final results saved to model_results_v2/model_EfficientNet-B2_opt_Adam_lr_0.001_id_269/final_results.json
