2025-05-03 12:14:53,805 - training.model_ConvNeXt_opt_Adam_lr_0.0001_id_716 - INFO - Initialized training manager for model_ConvNeXt_opt_Adam_lr_0.0001_id_716
2025-05-03 12:14:53,805 - training.model_ConvNeXt_opt_Adam_lr_0.0001_id_716 - INFO - Config: {
  "id": 716,
  "model_name": "ConvNeXt",
  "optimizer": "Adam",
  "learning_rate": 0.0001,
  "scheduler": {
    "name": "CosineAnnealingLR",
    "T_max": 10
  },
  "loss_fn": {
    "name": "FocalLoss",
    "alpha": 0.25,
    "gamma": 2.0
  }
}
2025-05-03 12:14:55,058 - training.model_ConvNeXt_opt_Adam_lr_0.0001_id_716 - INFO - Starting model evaluation
2025-05-03 12:15:06,506 - training.model_ConvNeXt_opt_Adam_lr_0.0001_id_716 - INFO - Evaluation metrics:
  Accuracy:  0.9653
  Precision: 0.9254
  Recall:    0.9545
  F1 Score:  0.9398
  IoU:       0.8864
  mAP:       0.9812
  AUC:       0.9921
2025-05-03 12:15:06,508 - training.model_ConvNeXt_opt_Adam_lr_0.0001_id_716 - INFO - Final results saved to model_results_v2/model_ConvNeXt_opt_Adam_lr_0.0001_id_716/final_results.json
2025-05-03 12:15:06,510 - training.model_ConvNeXt_opt_Adam_lr_0.0001_id_716 - INFO - Final results saved to model_results_v2/model_ConvNeXt_opt_Adam_lr_0.0001_id_716/final_results.json
