2025-05-01 09:22:36,717 - training.model_EfficientNet-B2_opt_Adam_lr_0.0001_id_285 - INFO - Initialized training manager for model_EfficientNet-B2_opt_Adam_lr_0.0001_id_285
2025-05-01 09:22:36,717 - training.model_EfficientNet-B2_opt_Adam_lr_0.0001_id_285 - INFO - Config: {
  "id": 285,
  "model_name": "EfficientNet-B2",
  "optimizer": "Adam",
  "learning_rate": 0.0001,
  "scheduler": {
    "name": "CosineAnnealingLR",
    "T_max": 10
  },
  "loss_fn": {
    "name": "LabelSmoothing",
    "smoothing": 0.1
  }
}
2025-05-01 09:22:37,928 - training.model_EfficientNet-B2_opt_Adam_lr_0.0001_id_285 - INFO - Starting model evaluation
2025-05-01 09:22:49,478 - training.model_EfficientNet-B2_opt_Adam_lr_0.0001_id_285 - INFO - Evaluation metrics:
  Accuracy:  0.9663
  Precision: 0.9118
  Recall:    0.9755
  F1 Score:  0.9426
  IoU:       0.8914
  mAP:       0.9851
  AUC:       0.9933
2025-05-01 09:22:49,480 - training.model_EfficientNet-B2_opt_Adam_lr_0.0001_id_285 - INFO - Final results saved to model_results_v2/model_EfficientNet-B2_opt_Adam_lr_0.0001_id_285/final_results.json
2025-05-01 09:22:49,482 - training.model_EfficientNet-B2_opt_Adam_lr_0.0001_id_285 - INFO - Final results saved to model_results_v2/model_EfficientNet-B2_opt_Adam_lr_0.0001_id_285/final_results.json
