2025-05-03 04:47:20,070 - training.model_DenseNet121_opt_Adam_lr_0.0001_id_493 - INFO - Initialized training manager for model_DenseNet121_opt_Adam_lr_0.0001_id_493
2025-05-03 04:47:20,070 - training.model_DenseNet121_opt_Adam_lr_0.0001_id_493 - INFO - Config: {
  "id": 493,
  "model_name": "DenseNet121",
  "optimizer": "Adam",
  "learning_rate": 0.0001,
  "scheduler": {
    "name": "StepLR",
    "step_size": 10,
    "gamma": 0.1
  },
  "loss_fn": {
    "name": "CrossEntropy"
  }
}
2025-05-03 05:05:56,025 - training.model_DenseNet121_opt_Adam_lr_0.0001_id_493 - INFO - Starting model evaluation
2025-05-03 05:06:08,167 - training.model_DenseNet121_opt_Adam_lr_0.0001_id_493 - INFO - Evaluation metrics:
  Accuracy:  0.9633
  Precision: 0.9249
  Recall:    0.9476
  F1 Score:  0.9361
  IoU:       0.8799
  mAP:       0.9769
  AUC:       0.9877
2025-05-03 05:06:08,169 - training.model_DenseNet121_opt_Adam_lr_0.0001_id_493 - INFO - Final results saved to model_results_v2/model_DenseNet121_opt_Adam_lr_0.0001_id_493/final_results.json
2025-05-03 05:06:08,170 - training.model_DenseNet121_opt_Adam_lr_0.0001_id_493 - INFO - Final results saved to model_results_v2/model_DenseNet121_opt_Adam_lr_0.0001_id_493/final_results.json
