2025-05-01 11:29:09,963 - training.model_ViT-B-16_opt_Adam_lr_0.001_id_383 - INFO - Initialized training manager for model_ViT-B-16_opt_Adam_lr_0.001_id_383
2025-05-01 11:29:09,963 - training.model_ViT-B-16_opt_Adam_lr_0.001_id_383 - INFO - Config: {
  "id": 383,
  "model_name": "ViT-B-16",
  "optimizer": "Adam",
  "learning_rate": 0.001,
  "scheduler": {
    "name": "CosineAnnealingWarmRestarts",
    "T_0": 10
  },
  "loss_fn": {
    "name": "FocalLoss",
    "alpha": 0.25,
    "gamma": 2.0
  }
}
2025-05-03 01:49:22,768 - training.model_ViT-B-16_opt_Adam_lr_0.001_id_383 - INFO - Initialized training manager for model_ViT-B-16_opt_Adam_lr_0.001_id_383
2025-05-03 01:49:22,768 - training.model_ViT-B-16_opt_Adam_lr_0.001_id_383 - INFO - Config: {
  "id": 383,
  "model_name": "ViT-B-16",
  "optimizer": "Adam",
  "learning_rate": 0.001,
  "scheduler": {
    "name": "CosineAnnealingWarmRestarts",
    "T_0": 10
  },
  "loss_fn": {
    "name": "FocalLoss",
    "alpha": 0.25,
    "gamma": 2.0
  }
}
2025-05-03 01:49:24,069 - training.model_ViT-B-16_opt_Adam_lr_0.001_id_383 - INFO - Starting model evaluation
2025-05-03 01:50:28,206 - training.model_ViT-B-16_opt_Adam_lr_0.001_id_383 - INFO - Evaluation metrics:
  Accuracy:  0.7166
  Precision: 0.0000
  Recall:    0.0000
  F1 Score:  0.0000
  IoU:       0.0000
  mAP:       0.2805
  AUC:       0.4853
2025-05-03 01:50:28,209 - training.model_ViT-B-16_opt_Adam_lr_0.001_id_383 - INFO - Final results saved to model_results_v2/model_ViT-B-16_opt_Adam_lr_0.001_id_383/final_results.json
2025-05-03 01:50:28,211 - training.model_ViT-B-16_opt_Adam_lr_0.001_id_383 - INFO - Final results saved to model_results_v2/model_ViT-B-16_opt_Adam_lr_0.001_id_383/final_results.json
