2025-05-03 04:45:55,408 - training.model_DenseNet121_opt_Adam_lr_0.001_id_486 - INFO - Initialized training manager for model_DenseNet121_opt_Adam_lr_0.001_id_486
2025-05-03 04:45:55,408 - training.model_DenseNet121_opt_Adam_lr_0.001_id_486 - INFO - Config: {
  "id": 486,
  "model_name": "DenseNet121",
  "optimizer": "Adam",
  "learning_rate": 0.001,
  "scheduler": {
    "name": "ReduceLROnPlateau",
    "patience": 5,
    "factor": 0.5
  },
  "loss_fn": {
    "name": "LabelSmoothing",
    "smoothing": 0.1
  }
}
2025-05-03 04:45:55,719 - training.model_DenseNet121_opt_Adam_lr_0.001_id_486 - INFO - Starting model evaluation
2025-05-03 04:46:07,338 - training.model_DenseNet121_opt_Adam_lr_0.001_id_486 - INFO - Evaluation metrics:
  Accuracy:  0.9445
  Precision: 0.9049
  Recall:    0.8986
  F1 Score:  0.9018
  IoU:       0.8211
  mAP:       0.9649
  AUC:       0.9814
2025-05-03 04:46:07,340 - training.model_DenseNet121_opt_Adam_lr_0.001_id_486 - INFO - Final results saved to model_results_v2/model_DenseNet121_opt_Adam_lr_0.001_id_486/final_results.json
2025-05-03 04:46:07,341 - training.model_DenseNet121_opt_Adam_lr_0.001_id_486 - INFO - Final results saved to model_results_v2/model_DenseNet121_opt_Adam_lr_0.001_id_486/final_results.json
