2025-05-01 10:59:08,999 - training.model_ViT-B-16_opt_SGD_lr_0.01_id_336 - INFO - Initialized training manager for model_ViT-B-16_opt_SGD_lr_0.01_id_336
2025-05-01 10:59:08,999 - training.model_ViT-B-16_opt_SGD_lr_0.01_id_336 - INFO - Config: {
  "id": 336,
  "model_name": "ViT-B-16",
  "optimizer": "SGD",
  "learning_rate": 0.01,
  "scheduler": {
    "name": "CosineAnnealingWarmRestarts",
    "T_0": 10
  },
  "loss_fn": {
    "name": "LabelSmoothing",
    "smoothing": 0.1
  }
}
2025-05-01 10:59:10,033 - training.model_ViT-B-16_opt_SGD_lr_0.01_id_336 - INFO - Starting model evaluation
2025-05-01 10:59:22,428 - training.model_ViT-B-16_opt_SGD_lr_0.01_id_336 - INFO - Evaluation metrics:
  Accuracy:  0.8949
  Precision: 0.8462
  Recall:    0.7692
  F1 Score:  0.8059
  IoU:       0.6748
  mAP:       0.8705
  AUC:       0.9274
2025-05-01 10:59:22,430 - training.model_ViT-B-16_opt_SGD_lr_0.01_id_336 - INFO - Final results saved to model_results_v2/model_ViT-B-16_opt_SGD_lr_0.01_id_336/final_results.json
2025-05-01 10:59:22,432 - training.model_ViT-B-16_opt_SGD_lr_0.01_id_336 - INFO - Final results saved to model_results_v2/model_ViT-B-16_opt_SGD_lr_0.01_id_336/final_results.json
