2025-05-03 11:44:29,123 - training.model_ConvNeXt_opt_Adam_lr_0.001_id_705 - INFO - Initialized training manager for model_ConvNeXt_opt_Adam_lr_0.001_id_705
2025-05-03 11:44:29,123 - training.model_ConvNeXt_opt_Adam_lr_0.001_id_705 - INFO - Config: {
  "id": 705,
  "model_name": "ConvNeXt",
  "optimizer": "Adam",
  "learning_rate": 0.001,
  "scheduler": {
    "name": "CosineAnnealingLR",
    "T_max": 10
  },
  "loss_fn": {
    "name": "LabelSmoothing",
    "smoothing": 0.1
  }
}
2025-05-03 11:44:30,436 - training.model_ConvNeXt_opt_Adam_lr_0.001_id_705 - INFO - Starting model evaluation
2025-05-03 11:44:43,005 - training.model_ConvNeXt_opt_Adam_lr_0.001_id_705 - INFO - Evaluation metrics:
  Accuracy:  0.2834
  Precision: 0.2834
  Recall:    1.0000
  F1 Score:  0.4417
  IoU:       0.2834
  mAP:       0.2924
  AUC:       0.5471
2025-05-03 11:44:43,007 - training.model_ConvNeXt_opt_Adam_lr_0.001_id_705 - INFO - Final results saved to model_results_v2/model_ConvNeXt_opt_Adam_lr_0.001_id_705/final_results.json
2025-05-03 11:44:43,009 - training.model_ConvNeXt_opt_Adam_lr_0.001_id_705 - INFO - Final results saved to model_results_v2/model_ConvNeXt_opt_Adam_lr_0.001_id_705/final_results.json
