2025-05-01 06:49:47,266 - training.model_ResNet101_opt_AdamW_lr_0.0001 - INFO - Initialized training manager for model_ResNet101_opt_AdamW_lr_0.0001
2025-05-01 06:49:47,266 - training.model_ResNet101_opt_AdamW_lr_0.0001 - INFO - Config: {
  "id": 205,
  "model_name": "ResNet101",
  "optimizer": "AdamW",
  "learning_rate": 0.0001,
  "scheduler": {
    "name": "StepLR",
    "step_size": 10,
    "gamma": 0.1
  },
  "loss_fn": {
    "name": "CrossEntropy"
  }
}
2025-05-01 06:49:47,266 - training.model_ResNet101_opt_AdamW_lr_0.0001 - INFO - No checkpoint found, starting fresh training
2025-05-01 06:49:47,267 - training.model_ResNet101_opt_AdamW_lr_0.0001 - INFO - Starting epoch 1/20
2025-05-01 06:50:16,641 - training.model_ResNet101_opt_AdamW_lr_0.0001 - INFO - Checkpoint saved at epoch 0
2025-05-01 06:50:54,407 - training.model_ResNet101_opt_AdamW_lr_0.0001 - INFO - Validation accuracy improved from 0.0000 to 0.8310
2025-05-01 06:50:54,504 - training.model_ResNet101_opt_AdamW_lr_0.0001 - INFO - Epoch 1 completed in 67.24s - Train Loss: 0.4355, Train Acc: 0.8764, Val Loss: 0.4749, Val Acc: 0.8310
2025-05-01 06:50:54,932 - training.model_ResNet101_opt_AdamW_lr_0.0001 - INFO - Checkpoint saved at epoch 0
2025-05-01 06:50:54,933 - training.model_ResNet101_opt_AdamW_lr_0.0001 - INFO - Starting epoch 2/20
2025-05-01 06:51:23,533 - training.model_ResNet101_opt_AdamW_lr_0.0001 - INFO - Checkpoint saved at epoch 1
2025-05-01 06:52:01,144 - training.model_ResNet101_opt_AdamW_lr_0.0001 - INFO - Validation accuracy improved from 0.8310 to 0.9048
2025-05-01 06:52:01,287 - training.model_ResNet101_opt_AdamW_lr_0.0001 - INFO - Epoch 2 completed in 66.35s - Train Loss: 0.3936, Train Acc: 0.9170, Val Loss: 0.4049, Val Acc: 0.9048
2025-05-01 06:52:01,679 - training.model_ResNet101_opt_AdamW_lr_0.0001 - INFO - Checkpoint saved at epoch 1
2025-05-01 06:52:01,679 - training.model_ResNet101_opt_AdamW_lr_0.0001 - INFO - Starting epoch 3/20
2025-05-01 06:52:30,780 - training.model_ResNet101_opt_AdamW_lr_0.0001 - INFO - Checkpoint saved at epoch 2
2025-05-01 06:53:08,815 - training.model_ResNet101_opt_AdamW_lr_0.0001 - INFO - Validation accuracy improved from 0.9048 to 0.9485
2025-05-01 06:53:08,960 - training.model_ResNet101_opt_AdamW_lr_0.0001 - INFO - Epoch 3 completed in 67.28s - Train Loss: 0.3717, Train Acc: 0.9382, Val Loss: 0.3632, Val Acc: 0.9485
2025-05-01 06:53:09,356 - training.model_ResNet101_opt_AdamW_lr_0.0001 - INFO - Checkpoint saved at epoch 2
2025-05-01 06:53:09,356 - training.model_ResNet101_opt_AdamW_lr_0.0001 - INFO - Starting epoch 4/20
2025-05-01 06:53:39,588 - training.model_ResNet101_opt_AdamW_lr_0.0001 - INFO - Checkpoint saved at epoch 3
2025-05-01 06:54:16,328 - training.model_ResNet101_opt_AdamW_lr_0.0001 - INFO - Validation accuracy improved from 0.9485 to 0.9631
2025-05-01 06:54:16,475 - training.model_ResNet101_opt_AdamW_lr_0.0001 - INFO - Epoch 4 completed in 67.12s - Train Loss: 0.3552, Train Acc: 0.9588, Val Loss: 0.3495, Val Acc: 0.9631
2025-05-01 06:54:16,867 - training.model_ResNet101_opt_AdamW_lr_0.0001 - INFO - Checkpoint saved at epoch 3
2025-05-01 06:54:16,867 - training.model_ResNet101_opt_AdamW_lr_0.0001 - INFO - Starting epoch 5/20
2025-05-01 06:54:45,876 - training.model_ResNet101_opt_AdamW_lr_0.0001 - INFO - Checkpoint saved at epoch 4
2025-05-01 06:55:23,805 - training.model_ResNet101_opt_AdamW_lr_0.0001 - INFO - Validation loss improved from inf to 0.3616
2025-05-01 06:55:23,948 - training.model_ResNet101_opt_AdamW_lr_0.0001 - INFO - Epoch 5 completed in 67.08s - Train Loss: 0.3475, Train Acc: 0.9648, Val Loss: 0.3616, Val Acc: 0.9485
2025-05-01 06:55:24,354 - training.model_ResNet101_opt_AdamW_lr_0.0001 - INFO - Checkpoint saved at epoch 4
2025-05-01 06:55:24,355 - training.model_ResNet101_opt_AdamW_lr_0.0001 - INFO - Starting epoch 6/20
2025-05-01 06:55:53,127 - training.model_ResNet101_opt_AdamW_lr_0.0001 - INFO - Checkpoint saved at epoch 5
2025-05-01 06:56:31,046 - training.model_ResNet101_opt_AdamW_lr_0.0001 - INFO - Epoch 6 completed in 66.69s - Train Loss: 0.3551, Train Acc: 0.9584, Val Loss: 0.3792, Val Acc: 0.9288
2025-05-01 06:56:31,454 - training.model_ResNet101_opt_AdamW_lr_0.0001 - INFO - Checkpoint saved at epoch 5
2025-05-01 06:56:31,454 - training.model_ResNet101_opt_AdamW_lr_0.0001 - INFO - Starting epoch 7/20
2025-05-01 06:57:00,542 - training.model_ResNet101_opt_AdamW_lr_0.0001 - INFO - Checkpoint saved at epoch 6
2025-05-01 06:57:37,973 - training.model_ResNet101_opt_AdamW_lr_0.0001 - INFO - Epoch 7 completed in 66.52s - Train Loss: 0.3527, Train Acc: 0.9582, Val Loss: 0.3752, Val Acc: 0.9374
2025-05-01 06:57:38,396 - training.model_ResNet101_opt_AdamW_lr_0.0001 - INFO - Checkpoint saved at epoch 6
2025-05-01 06:57:38,397 - training.model_ResNet101_opt_AdamW_lr_0.0001 - INFO - Starting epoch 8/20
2025-05-01 06:58:08,632 - training.model_ResNet101_opt_AdamW_lr_0.0001 - INFO - Checkpoint saved at epoch 7
2025-05-01 06:58:46,633 - training.model_ResNet101_opt_AdamW_lr_0.0001 - INFO - Validation loss improved from 0.3616 to 0.3593
2025-05-01 06:58:46,784 - training.model_ResNet101_opt_AdamW_lr_0.0001 - INFO - Epoch 8 completed in 68.39s - Train Loss: 0.3528, Train Acc: 0.9603, Val Loss: 0.3593, Val Acc: 0.9503
2025-05-01 06:58:47,172 - training.model_ResNet101_opt_AdamW_lr_0.0001 - INFO - Checkpoint saved at epoch 7
2025-05-01 06:58:47,173 - training.model_ResNet101_opt_AdamW_lr_0.0001 - INFO - Starting epoch 9/20
2025-05-01 06:59:17,482 - training.model_ResNet101_opt_AdamW_lr_0.0001 - INFO - Checkpoint saved at epoch 8
2025-05-01 06:59:55,217 - training.model_ResNet101_opt_AdamW_lr_0.0001 - INFO - Validation loss improved from 0.3593 to 0.3485
2025-05-01 06:59:55,381 - training.model_ResNet101_opt_AdamW_lr_0.0001 - INFO - Epoch 9 completed in 68.21s - Train Loss: 0.3438, Train Acc: 0.9713, Val Loss: 0.3485, Val Acc: 0.9614
2025-05-01 06:59:55,777 - training.model_ResNet101_opt_AdamW_lr_0.0001 - INFO - Checkpoint saved at epoch 8
2025-05-01 06:59:55,778 - training.model_ResNet101_opt_AdamW_lr_0.0001 - INFO - Starting epoch 10/20
2025-05-01 07:00:25,605 - training.model_ResNet101_opt_AdamW_lr_0.0001 - INFO - Checkpoint saved at epoch 9
2025-05-01 07:01:02,888 - training.model_ResNet101_opt_AdamW_lr_0.0001 - INFO - Epoch 10 completed in 67.11s - Train Loss: 0.3494, Train Acc: 0.9646, Val Loss: 0.3486, Val Acc: 0.9631
2025-05-01 07:01:03,314 - training.model_ResNet101_opt_AdamW_lr_0.0001 - INFO - Checkpoint saved at epoch 9
2025-05-01 07:01:03,314 - training.model_ResNet101_opt_AdamW_lr_0.0001 - INFO - Starting epoch 11/20
2025-05-01 07:01:33,534 - training.model_ResNet101_opt_AdamW_lr_0.0001 - INFO - Checkpoint saved at epoch 10
2025-05-01 07:02:10,784 - training.model_ResNet101_opt_AdamW_lr_0.0001 - INFO - Validation accuracy improved from 0.9631 to 0.9760
2025-05-01 07:02:10,947 - training.model_ResNet101_opt_AdamW_lr_0.0001 - INFO - Epoch 11 completed in 67.63s - Train Loss: 0.3357, Train Acc: 0.9770, Val Loss: 0.3363, Val Acc: 0.9760
2025-05-01 07:02:11,340 - training.model_ResNet101_opt_AdamW_lr_0.0001 - INFO - Checkpoint saved at epoch 10
2025-05-01 07:02:11,342 - training.model_ResNet101_opt_AdamW_lr_0.0001 - INFO - Starting epoch 12/20
2025-05-01 07:02:40,347 - training.model_ResNet101_opt_AdamW_lr_0.0001 - INFO - Checkpoint saved at epoch 11
2025-05-01 07:03:17,518 - training.model_ResNet101_opt_AdamW_lr_0.0001 - INFO - Validation loss improved from 0.3485 to 0.3369
2025-05-01 07:03:17,667 - training.model_ResNet101_opt_AdamW_lr_0.0001 - INFO - Epoch 12 completed in 66.33s - Train Loss: 0.3290, Train Acc: 0.9833, Val Loss: 0.3369, Val Acc: 0.9751
2025-05-01 07:03:18,075 - training.model_ResNet101_opt_AdamW_lr_0.0001 - INFO - Checkpoint saved at epoch 11
2025-05-01 07:03:18,076 - training.model_ResNet101_opt_AdamW_lr_0.0001 - INFO - Starting epoch 13/20
2025-05-01 07:03:47,535 - training.model_ResNet101_opt_AdamW_lr_0.0001 - INFO - Checkpoint saved at epoch 12
2025-05-01 07:04:25,974 - training.model_ResNet101_opt_AdamW_lr_0.0001 - INFO - Validation accuracy improved from 0.9760 to 0.9794
2025-05-01 07:04:26,116 - training.model_ResNet101_opt_AdamW_lr_0.0001 - INFO - Epoch 13 completed in 68.04s - Train Loss: 0.3239, Train Acc: 0.9901, Val Loss: 0.3350, Val Acc: 0.9794
2025-05-01 07:04:26,503 - training.model_ResNet101_opt_AdamW_lr_0.0001 - INFO - Checkpoint saved at epoch 12
2025-05-01 07:04:26,504 - training.model_ResNet101_opt_AdamW_lr_0.0001 - INFO - Starting epoch 14/20
2025-05-01 07:04:56,223 - training.model_ResNet101_opt_AdamW_lr_0.0001 - INFO - Checkpoint saved at epoch 13
2025-05-01 07:05:33,737 - training.model_ResNet101_opt_AdamW_lr_0.0001 - INFO - Validation loss improved from 0.3369 to 0.3331
2025-05-01 07:05:33,885 - training.model_ResNet101_opt_AdamW_lr_0.0001 - INFO - Epoch 14 completed in 67.38s - Train Loss: 0.3228, Train Acc: 0.9906, Val Loss: 0.3331, Val Acc: 0.9786
2025-05-01 07:05:34,303 - training.model_ResNet101_opt_AdamW_lr_0.0001 - INFO - Checkpoint saved at epoch 13
2025-05-01 07:05:34,304 - training.model_ResNet101_opt_AdamW_lr_0.0001 - INFO - Starting epoch 15/20
2025-05-01 07:06:03,207 - training.model_ResNet101_opt_AdamW_lr_0.0001 - INFO - Checkpoint saved at epoch 14
2025-05-01 07:06:41,963 - training.model_ResNet101_opt_AdamW_lr_0.0001 - INFO - Epoch 15 completed in 67.66s - Train Loss: 0.3210, Train Acc: 0.9927, Val Loss: 0.3335, Val Acc: 0.9794
2025-05-01 07:06:42,393 - training.model_ResNet101_opt_AdamW_lr_0.0001 - INFO - Checkpoint saved at epoch 14
2025-05-01 07:06:42,394 - training.model_ResNet101_opt_AdamW_lr_0.0001 - INFO - Starting epoch 16/20
2025-05-01 07:07:11,513 - training.model_ResNet101_opt_AdamW_lr_0.0001 - INFO - Checkpoint saved at epoch 15
2025-05-01 07:07:49,985 - training.model_ResNet101_opt_AdamW_lr_0.0001 - INFO - Validation accuracy improved from 0.9794 to 0.9811
2025-05-01 07:07:50,122 - training.model_ResNet101_opt_AdamW_lr_0.0001 - INFO - Epoch 16 completed in 67.73s - Train Loss: 0.3212, Train Acc: 0.9925, Val Loss: 0.3317, Val Acc: 0.9811
2025-05-01 07:07:50,520 - training.model_ResNet101_opt_AdamW_lr_0.0001 - INFO - Checkpoint saved at epoch 15
2025-05-01 07:07:50,521 - training.model_ResNet101_opt_AdamW_lr_0.0001 - INFO - Starting epoch 17/20
2025-05-01 07:08:20,027 - training.model_ResNet101_opt_AdamW_lr_0.0001 - INFO - Checkpoint saved at epoch 16
2025-05-01 07:08:58,460 - training.model_ResNet101_opt_AdamW_lr_0.0001 - INFO - Validation loss improved from 0.3331 to 0.3325
2025-05-01 07:08:58,604 - training.model_ResNet101_opt_AdamW_lr_0.0001 - INFO - Epoch 17 completed in 68.08s - Train Loss: 0.3202, Train Acc: 0.9931, Val Loss: 0.3325, Val Acc: 0.9803
2025-05-01 07:08:58,991 - training.model_ResNet101_opt_AdamW_lr_0.0001 - INFO - Checkpoint saved at epoch 16
2025-05-01 07:08:58,992 - training.model_ResNet101_opt_AdamW_lr_0.0001 - INFO - Starting epoch 18/20
2025-05-01 07:09:28,878 - training.model_ResNet101_opt_AdamW_lr_0.0001 - INFO - Checkpoint saved at epoch 17
2025-05-01 07:10:06,428 - training.model_ResNet101_opt_AdamW_lr_0.0001 - INFO - Epoch 18 completed in 67.44s - Train Loss: 0.3212, Train Acc: 0.9925, Val Loss: 0.3331, Val Acc: 0.9786
2025-05-01 07:10:06,854 - training.model_ResNet101_opt_AdamW_lr_0.0001 - INFO - Checkpoint saved at epoch 17
2025-05-01 07:10:06,855 - training.model_ResNet101_opt_AdamW_lr_0.0001 - INFO - Starting epoch 19/20
2025-05-01 07:10:36,291 - training.model_ResNet101_opt_AdamW_lr_0.0001 - INFO - Checkpoint saved at epoch 18
2025-05-01 07:11:14,205 - training.model_ResNet101_opt_AdamW_lr_0.0001 - INFO - Epoch 19 completed in 67.35s - Train Loss: 0.3185, Train Acc: 0.9944, Val Loss: 0.3330, Val Acc: 0.9794
2025-05-01 07:11:14,613 - training.model_ResNet101_opt_AdamW_lr_0.0001 - INFO - Checkpoint saved at epoch 18
2025-05-01 07:11:14,613 - training.model_ResNet101_opt_AdamW_lr_0.0001 - INFO - Starting epoch 20/20
2025-05-01 07:11:43,260 - training.model_ResNet101_opt_AdamW_lr_0.0001 - INFO - Checkpoint saved at epoch 19
2025-05-01 07:12:19,891 - training.model_ResNet101_opt_AdamW_lr_0.0001 - INFO - Validation accuracy improved from 0.9811 to 0.9837
2025-05-01 07:12:20,031 - training.model_ResNet101_opt_AdamW_lr_0.0001 - INFO - Epoch 20 completed in 65.42s - Train Loss: 0.3186, Train Acc: 0.9953, Val Loss: 0.3289, Val Acc: 0.9837
2025-05-01 07:12:20,427 - training.model_ResNet101_opt_AdamW_lr_0.0001 - INFO - Checkpoint saved at epoch 19
2025-05-01 07:12:20,428 - training.model_ResNet101_opt_AdamW_lr_0.0001 - INFO - Training completed after 1352.76 seconds
2025-05-01 07:12:32,898 - training.model_ResNet101_opt_AdamW_lr_0.0001 - INFO - Initialized training manager for model_ResNet101_opt_AdamW_lr_0.0001
2025-05-01 07:12:32,898 - training.model_ResNet101_opt_AdamW_lr_0.0001 - INFO - Initialized training manager for model_ResNet101_opt_AdamW_lr_0.0001
2025-05-01 07:12:32,898 - training.model_ResNet101_opt_AdamW_lr_0.0001 - INFO - Config: {
  "id": 206,
  "model_name": "ResNet101",
  "optimizer": "AdamW",
  "learning_rate": 0.0001,
  "scheduler": {
    "name": "StepLR",
    "step_size": 10,
    "gamma": 0.1
  },
  "loss_fn": {
    "name": "FocalLoss",
    "alpha": 0.25,
    "gamma": 2.0
  }
}
2025-05-01 07:12:32,898 - training.model_ResNet101_opt_AdamW_lr_0.0001 - INFO - Config: {
  "id": 206,
  "model_name": "ResNet101",
  "optimizer": "AdamW",
  "learning_rate": 0.0001,
  "scheduler": {
    "name": "StepLR",
    "step_size": 10,
    "gamma": 0.1
  },
  "loss_fn": {
    "name": "FocalLoss",
    "alpha": 0.25,
    "gamma": 2.0
  }
}
2025-05-01 07:12:32,898 - training.model_ResNet101_opt_AdamW_lr_0.0001 - INFO - Loading checkpoint from model_results_v2/model_ResNet101_opt_AdamW_lr_0.0001/checkpoint.pt
2025-05-01 07:12:32,898 - training.model_ResNet101_opt_AdamW_lr_0.0001 - INFO - Loading checkpoint from model_results_v2/model_ResNet101_opt_AdamW_lr_0.0001/checkpoint.pt
2025-05-01 07:12:34,094 - training.model_ResNet101_opt_AdamW_lr_0.0001 - INFO - Resuming from epoch 20, best validation accuracy: 0.9837
2025-05-01 07:12:34,094 - training.model_ResNet101_opt_AdamW_lr_0.0001 - INFO - Resuming from epoch 20, best validation accuracy: 0.9837
2025-05-01 07:12:34,096 - training.model_ResNet101_opt_AdamW_lr_0.0001 - INFO - Training completed after 1352.76 seconds
2025-05-01 07:12:34,096 - training.model_ResNet101_opt_AdamW_lr_0.0001 - INFO - Training completed after 1352.76 seconds
2025-05-01 07:12:46,678 - training.model_ResNet101_opt_AdamW_lr_0.0001 - INFO - Initialized training manager for model_ResNet101_opt_AdamW_lr_0.0001
2025-05-01 07:12:46,678 - training.model_ResNet101_opt_AdamW_lr_0.0001 - INFO - Initialized training manager for model_ResNet101_opt_AdamW_lr_0.0001
2025-05-01 07:12:46,678 - training.model_ResNet101_opt_AdamW_lr_0.0001 - INFO - Initialized training manager for model_ResNet101_opt_AdamW_lr_0.0001
2025-05-01 07:12:46,678 - training.model_ResNet101_opt_AdamW_lr_0.0001 - INFO - Config: {
  "id": 207,
  "model_name": "ResNet101",
  "optimizer": "AdamW",
  "learning_rate": 0.0001,
  "scheduler": {
    "name": "StepLR",
    "step_size": 10,
    "gamma": 0.1
  },
  "loss_fn": {
    "name": "LabelSmoothing",
    "smoothing": 0.1
  }
}
2025-05-01 07:12:46,678 - training.model_ResNet101_opt_AdamW_lr_0.0001 - INFO - Config: {
  "id": 207,
  "model_name": "ResNet101",
  "optimizer": "AdamW",
  "learning_rate": 0.0001,
  "scheduler": {
    "name": "StepLR",
    "step_size": 10,
    "gamma": 0.1
  },
  "loss_fn": {
    "name": "LabelSmoothing",
    "smoothing": 0.1
  }
}
2025-05-01 07:12:46,678 - training.model_ResNet101_opt_AdamW_lr_0.0001 - INFO - Config: {
  "id": 207,
  "model_name": "ResNet101",
  "optimizer": "AdamW",
  "learning_rate": 0.0001,
  "scheduler": {
    "name": "StepLR",
    "step_size": 10,
    "gamma": 0.1
  },
  "loss_fn": {
    "name": "LabelSmoothing",
    "smoothing": 0.1
  }
}
2025-05-01 07:12:46,678 - training.model_ResNet101_opt_AdamW_lr_0.0001 - INFO - Loading checkpoint from model_results_v2/model_ResNet101_opt_AdamW_lr_0.0001/checkpoint.pt
2025-05-01 07:12:46,678 - training.model_ResNet101_opt_AdamW_lr_0.0001 - INFO - Loading checkpoint from model_results_v2/model_ResNet101_opt_AdamW_lr_0.0001/checkpoint.pt
2025-05-01 07:12:46,678 - training.model_ResNet101_opt_AdamW_lr_0.0001 - INFO - Loading checkpoint from model_results_v2/model_ResNet101_opt_AdamW_lr_0.0001/checkpoint.pt
2025-05-01 07:12:47,970 - training.model_ResNet101_opt_AdamW_lr_0.0001 - INFO - Resuming from epoch 20, best validation accuracy: 0.9837
2025-05-01 07:12:47,970 - training.model_ResNet101_opt_AdamW_lr_0.0001 - INFO - Resuming from epoch 20, best validation accuracy: 0.9837
2025-05-01 07:12:47,970 - training.model_ResNet101_opt_AdamW_lr_0.0001 - INFO - Resuming from epoch 20, best validation accuracy: 0.9837
2025-05-01 07:12:47,971 - training.model_ResNet101_opt_AdamW_lr_0.0001 - INFO - Training completed after 1352.76 seconds
2025-05-01 07:12:47,971 - training.model_ResNet101_opt_AdamW_lr_0.0001 - INFO - Training completed after 1352.76 seconds
2025-05-01 07:12:47,971 - training.model_ResNet101_opt_AdamW_lr_0.0001 - INFO - Training completed after 1352.76 seconds
2025-05-01 07:13:00,313 - training.model_ResNet101_opt_AdamW_lr_0.0001 - INFO - Initialized training manager for model_ResNet101_opt_AdamW_lr_0.0001
2025-05-01 07:13:00,313 - training.model_ResNet101_opt_AdamW_lr_0.0001 - INFO - Initialized training manager for model_ResNet101_opt_AdamW_lr_0.0001
2025-05-01 07:13:00,313 - training.model_ResNet101_opt_AdamW_lr_0.0001 - INFO - Initialized training manager for model_ResNet101_opt_AdamW_lr_0.0001
2025-05-01 07:13:00,313 - training.model_ResNet101_opt_AdamW_lr_0.0001 - INFO - Initialized training manager for model_ResNet101_opt_AdamW_lr_0.0001
2025-05-01 07:13:00,313 - training.model_ResNet101_opt_AdamW_lr_0.0001 - INFO - Config: {
  "id": 208,
  "model_name": "ResNet101",
  "optimizer": "AdamW",
  "learning_rate": 0.0001,
  "scheduler": {
    "name": "ReduceLROnPlateau",
    "patience": 5,
    "factor": 0.5
  },
  "loss_fn": {
    "name": "CrossEntropy"
  }
}
2025-05-01 07:13:00,313 - training.model_ResNet101_opt_AdamW_lr_0.0001 - INFO - Config: {
  "id": 208,
  "model_name": "ResNet101",
  "optimizer": "AdamW",
  "learning_rate": 0.0001,
  "scheduler": {
    "name": "ReduceLROnPlateau",
    "patience": 5,
    "factor": 0.5
  },
  "loss_fn": {
    "name": "CrossEntropy"
  }
}
2025-05-01 07:13:00,313 - training.model_ResNet101_opt_AdamW_lr_0.0001 - INFO - Config: {
  "id": 208,
  "model_name": "ResNet101",
  "optimizer": "AdamW",
  "learning_rate": 0.0001,
  "scheduler": {
    "name": "ReduceLROnPlateau",
    "patience": 5,
    "factor": 0.5
  },
  "loss_fn": {
    "name": "CrossEntropy"
  }
}
2025-05-01 07:13:00,313 - training.model_ResNet101_opt_AdamW_lr_0.0001 - INFO - Config: {
  "id": 208,
  "model_name": "ResNet101",
  "optimizer": "AdamW",
  "learning_rate": 0.0001,
  "scheduler": {
    "name": "ReduceLROnPlateau",
    "patience": 5,
    "factor": 0.5
  },
  "loss_fn": {
    "name": "CrossEntropy"
  }
}
2025-05-01 07:13:00,313 - training.model_ResNet101_opt_AdamW_lr_0.0001 - INFO - Loading checkpoint from model_results_v2/model_ResNet101_opt_AdamW_lr_0.0001/checkpoint.pt
2025-05-01 07:13:00,313 - training.model_ResNet101_opt_AdamW_lr_0.0001 - INFO - Loading checkpoint from model_results_v2/model_ResNet101_opt_AdamW_lr_0.0001/checkpoint.pt
2025-05-01 07:13:00,313 - training.model_ResNet101_opt_AdamW_lr_0.0001 - INFO - Loading checkpoint from model_results_v2/model_ResNet101_opt_AdamW_lr_0.0001/checkpoint.pt
2025-05-01 07:13:00,313 - training.model_ResNet101_opt_AdamW_lr_0.0001 - INFO - Loading checkpoint from model_results_v2/model_ResNet101_opt_AdamW_lr_0.0001/checkpoint.pt
2025-05-01 07:13:01,526 - training.model_ResNet101_opt_AdamW_lr_0.0001 - INFO - Resuming from epoch 20, best validation accuracy: 0.9837
2025-05-01 07:13:01,526 - training.model_ResNet101_opt_AdamW_lr_0.0001 - INFO - Resuming from epoch 20, best validation accuracy: 0.9837
2025-05-01 07:13:01,526 - training.model_ResNet101_opt_AdamW_lr_0.0001 - INFO - Resuming from epoch 20, best validation accuracy: 0.9837
2025-05-01 07:13:01,526 - training.model_ResNet101_opt_AdamW_lr_0.0001 - INFO - Resuming from epoch 20, best validation accuracy: 0.9837
2025-05-01 07:13:01,527 - training.model_ResNet101_opt_AdamW_lr_0.0001 - INFO - Training completed after 1352.76 seconds
2025-05-01 07:13:01,527 - training.model_ResNet101_opt_AdamW_lr_0.0001 - INFO - Training completed after 1352.76 seconds
2025-05-01 07:13:01,527 - training.model_ResNet101_opt_AdamW_lr_0.0001 - INFO - Training completed after 1352.76 seconds
2025-05-01 07:13:01,527 - training.model_ResNet101_opt_AdamW_lr_0.0001 - INFO - Training completed after 1352.76 seconds
2025-05-01 07:13:13,593 - training.model_ResNet101_opt_AdamW_lr_0.0001 - INFO - Initialized training manager for model_ResNet101_opt_AdamW_lr_0.0001
2025-05-01 07:13:13,593 - training.model_ResNet101_opt_AdamW_lr_0.0001 - INFO - Initialized training manager for model_ResNet101_opt_AdamW_lr_0.0001
2025-05-01 07:13:13,593 - training.model_ResNet101_opt_AdamW_lr_0.0001 - INFO - Initialized training manager for model_ResNet101_opt_AdamW_lr_0.0001
2025-05-01 07:13:13,593 - training.model_ResNet101_opt_AdamW_lr_0.0001 - INFO - Initialized training manager for model_ResNet101_opt_AdamW_lr_0.0001
2025-05-01 07:13:13,593 - training.model_ResNet101_opt_AdamW_lr_0.0001 - INFO - Initialized training manager for model_ResNet101_opt_AdamW_lr_0.0001
2025-05-01 07:13:13,594 - training.model_ResNet101_opt_AdamW_lr_0.0001 - INFO - Config: {
  "id": 209,
  "model_name": "ResNet101",
  "optimizer": "AdamW",
  "learning_rate": 0.0001,
  "scheduler": {
    "name": "ReduceLROnPlateau",
    "patience": 5,
    "factor": 0.5
  },
  "loss_fn": {
    "name": "FocalLoss",
    "alpha": 0.25,
    "gamma": 2.0
  }
}
2025-05-01 07:13:13,594 - training.model_ResNet101_opt_AdamW_lr_0.0001 - INFO - Config: {
  "id": 209,
  "model_name": "ResNet101",
  "optimizer": "AdamW",
  "learning_rate": 0.0001,
  "scheduler": {
    "name": "ReduceLROnPlateau",
    "patience": 5,
    "factor": 0.5
  },
  "loss_fn": {
    "name": "FocalLoss",
    "alpha": 0.25,
    "gamma": 2.0
  }
}
2025-05-01 07:13:13,594 - training.model_ResNet101_opt_AdamW_lr_0.0001 - INFO - Config: {
  "id": 209,
  "model_name": "ResNet101",
  "optimizer": "AdamW",
  "learning_rate": 0.0001,
  "scheduler": {
    "name": "ReduceLROnPlateau",
    "patience": 5,
    "factor": 0.5
  },
  "loss_fn": {
    "name": "FocalLoss",
    "alpha": 0.25,
    "gamma": 2.0
  }
}
2025-05-01 07:13:13,594 - training.model_ResNet101_opt_AdamW_lr_0.0001 - INFO - Config: {
  "id": 209,
  "model_name": "ResNet101",
  "optimizer": "AdamW",
  "learning_rate": 0.0001,
  "scheduler": {
    "name": "ReduceLROnPlateau",
    "patience": 5,
    "factor": 0.5
  },
  "loss_fn": {
    "name": "FocalLoss",
    "alpha": 0.25,
    "gamma": 2.0
  }
}
2025-05-01 07:13:13,594 - training.model_ResNet101_opt_AdamW_lr_0.0001 - INFO - Config: {
  "id": 209,
  "model_name": "ResNet101",
  "optimizer": "AdamW",
  "learning_rate": 0.0001,
  "scheduler": {
    "name": "ReduceLROnPlateau",
    "patience": 5,
    "factor": 0.5
  },
  "loss_fn": {
    "name": "FocalLoss",
    "alpha": 0.25,
    "gamma": 2.0
  }
}
2025-05-01 07:13:13,594 - training.model_ResNet101_opt_AdamW_lr_0.0001 - INFO - Loading checkpoint from model_results_v2/model_ResNet101_opt_AdamW_lr_0.0001/checkpoint.pt
2025-05-01 07:13:13,594 - training.model_ResNet101_opt_AdamW_lr_0.0001 - INFO - Loading checkpoint from model_results_v2/model_ResNet101_opt_AdamW_lr_0.0001/checkpoint.pt
2025-05-01 07:13:13,594 - training.model_ResNet101_opt_AdamW_lr_0.0001 - INFO - Loading checkpoint from model_results_v2/model_ResNet101_opt_AdamW_lr_0.0001/checkpoint.pt
2025-05-01 07:13:13,594 - training.model_ResNet101_opt_AdamW_lr_0.0001 - INFO - Loading checkpoint from model_results_v2/model_ResNet101_opt_AdamW_lr_0.0001/checkpoint.pt
2025-05-01 07:13:13,594 - training.model_ResNet101_opt_AdamW_lr_0.0001 - INFO - Loading checkpoint from model_results_v2/model_ResNet101_opt_AdamW_lr_0.0001/checkpoint.pt
2025-05-01 07:13:14,806 - training.model_ResNet101_opt_AdamW_lr_0.0001 - INFO - Resuming from epoch 20, best validation accuracy: 0.9837
2025-05-01 07:13:14,806 - training.model_ResNet101_opt_AdamW_lr_0.0001 - INFO - Resuming from epoch 20, best validation accuracy: 0.9837
2025-05-01 07:13:14,806 - training.model_ResNet101_opt_AdamW_lr_0.0001 - INFO - Resuming from epoch 20, best validation accuracy: 0.9837
2025-05-01 07:13:14,806 - training.model_ResNet101_opt_AdamW_lr_0.0001 - INFO - Resuming from epoch 20, best validation accuracy: 0.9837
2025-05-01 07:13:14,806 - training.model_ResNet101_opt_AdamW_lr_0.0001 - INFO - Resuming from epoch 20, best validation accuracy: 0.9837
2025-05-01 07:13:14,807 - training.model_ResNet101_opt_AdamW_lr_0.0001 - INFO - Training completed after 1352.76 seconds
2025-05-01 07:13:14,807 - training.model_ResNet101_opt_AdamW_lr_0.0001 - INFO - Training completed after 1352.76 seconds
2025-05-01 07:13:14,807 - training.model_ResNet101_opt_AdamW_lr_0.0001 - INFO - Training completed after 1352.76 seconds
2025-05-01 07:13:14,807 - training.model_ResNet101_opt_AdamW_lr_0.0001 - INFO - Training completed after 1352.76 seconds
2025-05-01 07:13:14,807 - training.model_ResNet101_opt_AdamW_lr_0.0001 - INFO - Training completed after 1352.76 seconds
2025-05-01 07:13:26,883 - training.model_ResNet101_opt_AdamW_lr_0.0001 - INFO - Initialized training manager for model_ResNet101_opt_AdamW_lr_0.0001
2025-05-01 07:13:26,883 - training.model_ResNet101_opt_AdamW_lr_0.0001 - INFO - Initialized training manager for model_ResNet101_opt_AdamW_lr_0.0001
2025-05-01 07:13:26,883 - training.model_ResNet101_opt_AdamW_lr_0.0001 - INFO - Initialized training manager for model_ResNet101_opt_AdamW_lr_0.0001
2025-05-01 07:13:26,883 - training.model_ResNet101_opt_AdamW_lr_0.0001 - INFO - Initialized training manager for model_ResNet101_opt_AdamW_lr_0.0001
2025-05-01 07:13:26,883 - training.model_ResNet101_opt_AdamW_lr_0.0001 - INFO - Initialized training manager for model_ResNet101_opt_AdamW_lr_0.0001
2025-05-01 07:13:26,883 - training.model_ResNet101_opt_AdamW_lr_0.0001 - INFO - Initialized training manager for model_ResNet101_opt_AdamW_lr_0.0001
2025-05-01 07:13:26,883 - training.model_ResNet101_opt_AdamW_lr_0.0001 - INFO - Config: {
  "id": 210,
  "model_name": "ResNet101",
  "optimizer": "AdamW",
  "learning_rate": 0.0001,
  "scheduler": {
    "name": "ReduceLROnPlateau",
    "patience": 5,
    "factor": 0.5
  },
  "loss_fn": {
    "name": "LabelSmoothing",
    "smoothing": 0.1
  }
}
2025-05-01 07:13:26,883 - training.model_ResNet101_opt_AdamW_lr_0.0001 - INFO - Config: {
  "id": 210,
  "model_name": "ResNet101",
  "optimizer": "AdamW",
  "learning_rate": 0.0001,
  "scheduler": {
    "name": "ReduceLROnPlateau",
    "patience": 5,
    "factor": 0.5
  },
  "loss_fn": {
    "name": "LabelSmoothing",
    "smoothing": 0.1
  }
}
2025-05-01 07:13:26,883 - training.model_ResNet101_opt_AdamW_lr_0.0001 - INFO - Config: {
  "id": 210,
  "model_name": "ResNet101",
  "optimizer": "AdamW",
  "learning_rate": 0.0001,
  "scheduler": {
    "name": "ReduceLROnPlateau",
    "patience": 5,
    "factor": 0.5
  },
  "loss_fn": {
    "name": "LabelSmoothing",
    "smoothing": 0.1
  }
}
2025-05-01 07:13:26,883 - training.model_ResNet101_opt_AdamW_lr_0.0001 - INFO - Config: {
  "id": 210,
  "model_name": "ResNet101",
  "optimizer": "AdamW",
  "learning_rate": 0.0001,
  "scheduler": {
    "name": "ReduceLROnPlateau",
    "patience": 5,
    "factor": 0.5
  },
  "loss_fn": {
    "name": "LabelSmoothing",
    "smoothing": 0.1
  }
}
2025-05-01 07:13:26,883 - training.model_ResNet101_opt_AdamW_lr_0.0001 - INFO - Config: {
  "id": 210,
  "model_name": "ResNet101",
  "optimizer": "AdamW",
  "learning_rate": 0.0001,
  "scheduler": {
    "name": "ReduceLROnPlateau",
    "patience": 5,
    "factor": 0.5
  },
  "loss_fn": {
    "name": "LabelSmoothing",
    "smoothing": 0.1
  }
}
2025-05-01 07:13:26,883 - training.model_ResNet101_opt_AdamW_lr_0.0001 - INFO - Config: {
  "id": 210,
  "model_name": "ResNet101",
  "optimizer": "AdamW",
  "learning_rate": 0.0001,
  "scheduler": {
    "name": "ReduceLROnPlateau",
    "patience": 5,
    "factor": 0.5
  },
  "loss_fn": {
    "name": "LabelSmoothing",
    "smoothing": 0.1
  }
}
2025-05-01 07:13:26,883 - training.model_ResNet101_opt_AdamW_lr_0.0001 - INFO - Loading checkpoint from model_results_v2/model_ResNet101_opt_AdamW_lr_0.0001/checkpoint.pt
2025-05-01 07:13:26,883 - training.model_ResNet101_opt_AdamW_lr_0.0001 - INFO - Loading checkpoint from model_results_v2/model_ResNet101_opt_AdamW_lr_0.0001/checkpoint.pt
2025-05-01 07:13:26,883 - training.model_ResNet101_opt_AdamW_lr_0.0001 - INFO - Loading checkpoint from model_results_v2/model_ResNet101_opt_AdamW_lr_0.0001/checkpoint.pt
2025-05-01 07:13:26,883 - training.model_ResNet101_opt_AdamW_lr_0.0001 - INFO - Loading checkpoint from model_results_v2/model_ResNet101_opt_AdamW_lr_0.0001/checkpoint.pt
2025-05-01 07:13:26,883 - training.model_ResNet101_opt_AdamW_lr_0.0001 - INFO - Loading checkpoint from model_results_v2/model_ResNet101_opt_AdamW_lr_0.0001/checkpoint.pt
2025-05-01 07:13:26,883 - training.model_ResNet101_opt_AdamW_lr_0.0001 - INFO - Loading checkpoint from model_results_v2/model_ResNet101_opt_AdamW_lr_0.0001/checkpoint.pt
2025-05-01 07:13:28,060 - training.model_ResNet101_opt_AdamW_lr_0.0001 - INFO - Resuming from epoch 20, best validation accuracy: 0.9837
2025-05-01 07:13:28,060 - training.model_ResNet101_opt_AdamW_lr_0.0001 - INFO - Resuming from epoch 20, best validation accuracy: 0.9837
2025-05-01 07:13:28,060 - training.model_ResNet101_opt_AdamW_lr_0.0001 - INFO - Resuming from epoch 20, best validation accuracy: 0.9837
2025-05-01 07:13:28,060 - training.model_ResNet101_opt_AdamW_lr_0.0001 - INFO - Resuming from epoch 20, best validation accuracy: 0.9837
2025-05-01 07:13:28,060 - training.model_ResNet101_opt_AdamW_lr_0.0001 - INFO - Resuming from epoch 20, best validation accuracy: 0.9837
2025-05-01 07:13:28,060 - training.model_ResNet101_opt_AdamW_lr_0.0001 - INFO - Resuming from epoch 20, best validation accuracy: 0.9837
2025-05-01 07:13:28,062 - training.model_ResNet101_opt_AdamW_lr_0.0001 - INFO - Training completed after 1352.76 seconds
2025-05-01 07:13:28,062 - training.model_ResNet101_opt_AdamW_lr_0.0001 - INFO - Training completed after 1352.76 seconds
2025-05-01 07:13:28,062 - training.model_ResNet101_opt_AdamW_lr_0.0001 - INFO - Training completed after 1352.76 seconds
2025-05-01 07:13:28,062 - training.model_ResNet101_opt_AdamW_lr_0.0001 - INFO - Training completed after 1352.76 seconds
2025-05-01 07:13:28,062 - training.model_ResNet101_opt_AdamW_lr_0.0001 - INFO - Training completed after 1352.76 seconds
2025-05-01 07:13:28,062 - training.model_ResNet101_opt_AdamW_lr_0.0001 - INFO - Training completed after 1352.76 seconds
2025-05-01 07:13:40,154 - training.model_ResNet101_opt_AdamW_lr_0.0001 - INFO - Initialized training manager for model_ResNet101_opt_AdamW_lr_0.0001
2025-05-01 07:13:40,154 - training.model_ResNet101_opt_AdamW_lr_0.0001 - INFO - Initialized training manager for model_ResNet101_opt_AdamW_lr_0.0001
2025-05-01 07:13:40,154 - training.model_ResNet101_opt_AdamW_lr_0.0001 - INFO - Initialized training manager for model_ResNet101_opt_AdamW_lr_0.0001
2025-05-01 07:13:40,154 - training.model_ResNet101_opt_AdamW_lr_0.0001 - INFO - Initialized training manager for model_ResNet101_opt_AdamW_lr_0.0001
2025-05-01 07:13:40,154 - training.model_ResNet101_opt_AdamW_lr_0.0001 - INFO - Initialized training manager for model_ResNet101_opt_AdamW_lr_0.0001
2025-05-01 07:13:40,154 - training.model_ResNet101_opt_AdamW_lr_0.0001 - INFO - Initialized training manager for model_ResNet101_opt_AdamW_lr_0.0001
2025-05-01 07:13:40,154 - training.model_ResNet101_opt_AdamW_lr_0.0001 - INFO - Initialized training manager for model_ResNet101_opt_AdamW_lr_0.0001
2025-05-01 07:13:40,154 - training.model_ResNet101_opt_AdamW_lr_0.0001 - INFO - Config: {
  "id": 211,
  "model_name": "ResNet101",
  "optimizer": "AdamW",
  "learning_rate": 0.0001,
  "scheduler": {
    "name": "CosineAnnealingLR",
    "T_max": 10
  },
  "loss_fn": {
    "name": "CrossEntropy"
  }
}
2025-05-01 07:13:40,154 - training.model_ResNet101_opt_AdamW_lr_0.0001 - INFO - Config: {
  "id": 211,
  "model_name": "ResNet101",
  "optimizer": "AdamW",
  "learning_rate": 0.0001,
  "scheduler": {
    "name": "CosineAnnealingLR",
    "T_max": 10
  },
  "loss_fn": {
    "name": "CrossEntropy"
  }
}
2025-05-01 07:13:40,154 - training.model_ResNet101_opt_AdamW_lr_0.0001 - INFO - Config: {
  "id": 211,
  "model_name": "ResNet101",
  "optimizer": "AdamW",
  "learning_rate": 0.0001,
  "scheduler": {
    "name": "CosineAnnealingLR",
    "T_max": 10
  },
  "loss_fn": {
    "name": "CrossEntropy"
  }
}
2025-05-01 07:13:40,154 - training.model_ResNet101_opt_AdamW_lr_0.0001 - INFO - Config: {
  "id": 211,
  "model_name": "ResNet101",
  "optimizer": "AdamW",
  "learning_rate": 0.0001,
  "scheduler": {
    "name": "CosineAnnealingLR",
    "T_max": 10
  },
  "loss_fn": {
    "name": "CrossEntropy"
  }
}
2025-05-01 07:13:40,154 - training.model_ResNet101_opt_AdamW_lr_0.0001 - INFO - Config: {
  "id": 211,
  "model_name": "ResNet101",
  "optimizer": "AdamW",
  "learning_rate": 0.0001,
  "scheduler": {
    "name": "CosineAnnealingLR",
    "T_max": 10
  },
  "loss_fn": {
    "name": "CrossEntropy"
  }
}
2025-05-01 07:13:40,154 - training.model_ResNet101_opt_AdamW_lr_0.0001 - INFO - Config: {
  "id": 211,
  "model_name": "ResNet101",
  "optimizer": "AdamW",
  "learning_rate": 0.0001,
  "scheduler": {
    "name": "CosineAnnealingLR",
    "T_max": 10
  },
  "loss_fn": {
    "name": "CrossEntropy"
  }
}
2025-05-01 07:13:40,154 - training.model_ResNet101_opt_AdamW_lr_0.0001 - INFO - Config: {
  "id": 211,
  "model_name": "ResNet101",
  "optimizer": "AdamW",
  "learning_rate": 0.0001,
  "scheduler": {
    "name": "CosineAnnealingLR",
    "T_max": 10
  },
  "loss_fn": {
    "name": "CrossEntropy"
  }
}
2025-05-01 07:13:40,154 - training.model_ResNet101_opt_AdamW_lr_0.0001 - INFO - Loading checkpoint from model_results_v2/model_ResNet101_opt_AdamW_lr_0.0001/checkpoint.pt
2025-05-01 07:13:40,154 - training.model_ResNet101_opt_AdamW_lr_0.0001 - INFO - Loading checkpoint from model_results_v2/model_ResNet101_opt_AdamW_lr_0.0001/checkpoint.pt
2025-05-01 07:13:40,154 - training.model_ResNet101_opt_AdamW_lr_0.0001 - INFO - Loading checkpoint from model_results_v2/model_ResNet101_opt_AdamW_lr_0.0001/checkpoint.pt
2025-05-01 07:13:40,154 - training.model_ResNet101_opt_AdamW_lr_0.0001 - INFO - Loading checkpoint from model_results_v2/model_ResNet101_opt_AdamW_lr_0.0001/checkpoint.pt
2025-05-01 07:13:40,154 - training.model_ResNet101_opt_AdamW_lr_0.0001 - INFO - Loading checkpoint from model_results_v2/model_ResNet101_opt_AdamW_lr_0.0001/checkpoint.pt
2025-05-01 07:13:40,154 - training.model_ResNet101_opt_AdamW_lr_0.0001 - INFO - Loading checkpoint from model_results_v2/model_ResNet101_opt_AdamW_lr_0.0001/checkpoint.pt
2025-05-01 07:13:40,154 - training.model_ResNet101_opt_AdamW_lr_0.0001 - INFO - Loading checkpoint from model_results_v2/model_ResNet101_opt_AdamW_lr_0.0001/checkpoint.pt
2025-05-01 07:13:41,383 - training.model_ResNet101_opt_AdamW_lr_0.0001 - INFO - Resuming from epoch 20, best validation accuracy: 0.9837
2025-05-01 07:13:41,383 - training.model_ResNet101_opt_AdamW_lr_0.0001 - INFO - Resuming from epoch 20, best validation accuracy: 0.9837
2025-05-01 07:13:41,383 - training.model_ResNet101_opt_AdamW_lr_0.0001 - INFO - Resuming from epoch 20, best validation accuracy: 0.9837
2025-05-01 07:13:41,383 - training.model_ResNet101_opt_AdamW_lr_0.0001 - INFO - Resuming from epoch 20, best validation accuracy: 0.9837
2025-05-01 07:13:41,383 - training.model_ResNet101_opt_AdamW_lr_0.0001 - INFO - Resuming from epoch 20, best validation accuracy: 0.9837
2025-05-01 07:13:41,383 - training.model_ResNet101_opt_AdamW_lr_0.0001 - INFO - Resuming from epoch 20, best validation accuracy: 0.9837
2025-05-01 07:13:41,383 - training.model_ResNet101_opt_AdamW_lr_0.0001 - INFO - Resuming from epoch 20, best validation accuracy: 0.9837
2025-05-01 07:13:41,384 - training.model_ResNet101_opt_AdamW_lr_0.0001 - INFO - Training completed after 1352.76 seconds
2025-05-01 07:13:41,384 - training.model_ResNet101_opt_AdamW_lr_0.0001 - INFO - Training completed after 1352.76 seconds
2025-05-01 07:13:41,384 - training.model_ResNet101_opt_AdamW_lr_0.0001 - INFO - Training completed after 1352.76 seconds
2025-05-01 07:13:41,384 - training.model_ResNet101_opt_AdamW_lr_0.0001 - INFO - Training completed after 1352.76 seconds
2025-05-01 07:13:41,384 - training.model_ResNet101_opt_AdamW_lr_0.0001 - INFO - Training completed after 1352.76 seconds
2025-05-01 07:13:41,384 - training.model_ResNet101_opt_AdamW_lr_0.0001 - INFO - Training completed after 1352.76 seconds
2025-05-01 07:13:41,384 - training.model_ResNet101_opt_AdamW_lr_0.0001 - INFO - Training completed after 1352.76 seconds
2025-05-01 07:13:53,699 - training.model_ResNet101_opt_AdamW_lr_0.0001 - INFO - Initialized training manager for model_ResNet101_opt_AdamW_lr_0.0001
2025-05-01 07:13:53,699 - training.model_ResNet101_opt_AdamW_lr_0.0001 - INFO - Initialized training manager for model_ResNet101_opt_AdamW_lr_0.0001
2025-05-01 07:13:53,699 - training.model_ResNet101_opt_AdamW_lr_0.0001 - INFO - Initialized training manager for model_ResNet101_opt_AdamW_lr_0.0001
2025-05-01 07:13:53,699 - training.model_ResNet101_opt_AdamW_lr_0.0001 - INFO - Initialized training manager for model_ResNet101_opt_AdamW_lr_0.0001
2025-05-01 07:13:53,699 - training.model_ResNet101_opt_AdamW_lr_0.0001 - INFO - Initialized training manager for model_ResNet101_opt_AdamW_lr_0.0001
2025-05-01 07:13:53,699 - training.model_ResNet101_opt_AdamW_lr_0.0001 - INFO - Initialized training manager for model_ResNet101_opt_AdamW_lr_0.0001
2025-05-01 07:13:53,699 - training.model_ResNet101_opt_AdamW_lr_0.0001 - INFO - Initialized training manager for model_ResNet101_opt_AdamW_lr_0.0001
2025-05-01 07:13:53,699 - training.model_ResNet101_opt_AdamW_lr_0.0001 - INFO - Initialized training manager for model_ResNet101_opt_AdamW_lr_0.0001
2025-05-01 07:13:53,699 - training.model_ResNet101_opt_AdamW_lr_0.0001 - INFO - Config: {
  "id": 212,
  "model_name": "ResNet101",
  "optimizer": "AdamW",
  "learning_rate": 0.0001,
  "scheduler": {
    "name": "CosineAnnealingLR",
    "T_max": 10
  },
  "loss_fn": {
    "name": "FocalLoss",
    "alpha": 0.25,
    "gamma": 2.0
  }
}
2025-05-01 07:13:53,699 - training.model_ResNet101_opt_AdamW_lr_0.0001 - INFO - Config: {
  "id": 212,
  "model_name": "ResNet101",
  "optimizer": "AdamW",
  "learning_rate": 0.0001,
  "scheduler": {
    "name": "CosineAnnealingLR",
    "T_max": 10
  },
  "loss_fn": {
    "name": "FocalLoss",
    "alpha": 0.25,
    "gamma": 2.0
  }
}
2025-05-01 07:13:53,699 - training.model_ResNet101_opt_AdamW_lr_0.0001 - INFO - Config: {
  "id": 212,
  "model_name": "ResNet101",
  "optimizer": "AdamW",
  "learning_rate": 0.0001,
  "scheduler": {
    "name": "CosineAnnealingLR",
    "T_max": 10
  },
  "loss_fn": {
    "name": "FocalLoss",
    "alpha": 0.25,
    "gamma": 2.0
  }
}
2025-05-01 07:13:53,699 - training.model_ResNet101_opt_AdamW_lr_0.0001 - INFO - Config: {
  "id": 212,
  "model_name": "ResNet101",
  "optimizer": "AdamW",
  "learning_rate": 0.0001,
  "scheduler": {
    "name": "CosineAnnealingLR",
    "T_max": 10
  },
  "loss_fn": {
    "name": "FocalLoss",
    "alpha": 0.25,
    "gamma": 2.0
  }
}
2025-05-01 07:13:53,699 - training.model_ResNet101_opt_AdamW_lr_0.0001 - INFO - Config: {
  "id": 212,
  "model_name": "ResNet101",
  "optimizer": "AdamW",
  "learning_rate": 0.0001,
  "scheduler": {
    "name": "CosineAnnealingLR",
    "T_max": 10
  },
  "loss_fn": {
    "name": "FocalLoss",
    "alpha": 0.25,
    "gamma": 2.0
  }
}
2025-05-01 07:13:53,699 - training.model_ResNet101_opt_AdamW_lr_0.0001 - INFO - Config: {
  "id": 212,
  "model_name": "ResNet101",
  "optimizer": "AdamW",
  "learning_rate": 0.0001,
  "scheduler": {
    "name": "CosineAnnealingLR",
    "T_max": 10
  },
  "loss_fn": {
    "name": "FocalLoss",
    "alpha": 0.25,
    "gamma": 2.0
  }
}
2025-05-01 07:13:53,699 - training.model_ResNet101_opt_AdamW_lr_0.0001 - INFO - Config: {
  "id": 212,
  "model_name": "ResNet101",
  "optimizer": "AdamW",
  "learning_rate": 0.0001,
  "scheduler": {
    "name": "CosineAnnealingLR",
    "T_max": 10
  },
  "loss_fn": {
    "name": "FocalLoss",
    "alpha": 0.25,
    "gamma": 2.0
  }
}
2025-05-01 07:13:53,699 - training.model_ResNet101_opt_AdamW_lr_0.0001 - INFO - Config: {
  "id": 212,
  "model_name": "ResNet101",
  "optimizer": "AdamW",
  "learning_rate": 0.0001,
  "scheduler": {
    "name": "CosineAnnealingLR",
    "T_max": 10
  },
  "loss_fn": {
    "name": "FocalLoss",
    "alpha": 0.25,
    "gamma": 2.0
  }
}
2025-05-01 07:13:53,699 - training.model_ResNet101_opt_AdamW_lr_0.0001 - INFO - Loading checkpoint from model_results_v2/model_ResNet101_opt_AdamW_lr_0.0001/checkpoint.pt
2025-05-01 07:13:53,699 - training.model_ResNet101_opt_AdamW_lr_0.0001 - INFO - Loading checkpoint from model_results_v2/model_ResNet101_opt_AdamW_lr_0.0001/checkpoint.pt
2025-05-01 07:13:53,699 - training.model_ResNet101_opt_AdamW_lr_0.0001 - INFO - Loading checkpoint from model_results_v2/model_ResNet101_opt_AdamW_lr_0.0001/checkpoint.pt
2025-05-01 07:13:53,699 - training.model_ResNet101_opt_AdamW_lr_0.0001 - INFO - Loading checkpoint from model_results_v2/model_ResNet101_opt_AdamW_lr_0.0001/checkpoint.pt
2025-05-01 07:13:53,699 - training.model_ResNet101_opt_AdamW_lr_0.0001 - INFO - Loading checkpoint from model_results_v2/model_ResNet101_opt_AdamW_lr_0.0001/checkpoint.pt
2025-05-01 07:13:53,699 - training.model_ResNet101_opt_AdamW_lr_0.0001 - INFO - Loading checkpoint from model_results_v2/model_ResNet101_opt_AdamW_lr_0.0001/checkpoint.pt
2025-05-01 07:13:53,699 - training.model_ResNet101_opt_AdamW_lr_0.0001 - INFO - Loading checkpoint from model_results_v2/model_ResNet101_opt_AdamW_lr_0.0001/checkpoint.pt
2025-05-01 07:13:53,699 - training.model_ResNet101_opt_AdamW_lr_0.0001 - INFO - Loading checkpoint from model_results_v2/model_ResNet101_opt_AdamW_lr_0.0001/checkpoint.pt
2025-05-01 07:13:54,948 - training.model_ResNet101_opt_AdamW_lr_0.0001 - INFO - Resuming from epoch 20, best validation accuracy: 0.9837
2025-05-01 07:13:54,948 - training.model_ResNet101_opt_AdamW_lr_0.0001 - INFO - Resuming from epoch 20, best validation accuracy: 0.9837
2025-05-01 07:13:54,948 - training.model_ResNet101_opt_AdamW_lr_0.0001 - INFO - Resuming from epoch 20, best validation accuracy: 0.9837
2025-05-01 07:13:54,948 - training.model_ResNet101_opt_AdamW_lr_0.0001 - INFO - Resuming from epoch 20, best validation accuracy: 0.9837
2025-05-01 07:13:54,948 - training.model_ResNet101_opt_AdamW_lr_0.0001 - INFO - Resuming from epoch 20, best validation accuracy: 0.9837
2025-05-01 07:13:54,948 - training.model_ResNet101_opt_AdamW_lr_0.0001 - INFO - Resuming from epoch 20, best validation accuracy: 0.9837
2025-05-01 07:13:54,948 - training.model_ResNet101_opt_AdamW_lr_0.0001 - INFO - Resuming from epoch 20, best validation accuracy: 0.9837
2025-05-01 07:13:54,948 - training.model_ResNet101_opt_AdamW_lr_0.0001 - INFO - Resuming from epoch 20, best validation accuracy: 0.9837
2025-05-01 07:13:54,949 - training.model_ResNet101_opt_AdamW_lr_0.0001 - INFO - Training completed after 1352.76 seconds
2025-05-01 07:13:54,949 - training.model_ResNet101_opt_AdamW_lr_0.0001 - INFO - Training completed after 1352.76 seconds
2025-05-01 07:13:54,949 - training.model_ResNet101_opt_AdamW_lr_0.0001 - INFO - Training completed after 1352.76 seconds
2025-05-01 07:13:54,949 - training.model_ResNet101_opt_AdamW_lr_0.0001 - INFO - Training completed after 1352.76 seconds
2025-05-01 07:13:54,949 - training.model_ResNet101_opt_AdamW_lr_0.0001 - INFO - Training completed after 1352.76 seconds
2025-05-01 07:13:54,949 - training.model_ResNet101_opt_AdamW_lr_0.0001 - INFO - Training completed after 1352.76 seconds
2025-05-01 07:13:54,949 - training.model_ResNet101_opt_AdamW_lr_0.0001 - INFO - Training completed after 1352.76 seconds
2025-05-01 07:13:54,949 - training.model_ResNet101_opt_AdamW_lr_0.0001 - INFO - Training completed after 1352.76 seconds
2025-05-01 07:14:07,506 - training.model_ResNet101_opt_AdamW_lr_0.0001 - INFO - Initialized training manager for model_ResNet101_opt_AdamW_lr_0.0001
2025-05-01 07:14:07,506 - training.model_ResNet101_opt_AdamW_lr_0.0001 - INFO - Initialized training manager for model_ResNet101_opt_AdamW_lr_0.0001
2025-05-01 07:14:07,506 - training.model_ResNet101_opt_AdamW_lr_0.0001 - INFO - Initialized training manager for model_ResNet101_opt_AdamW_lr_0.0001
2025-05-01 07:14:07,506 - training.model_ResNet101_opt_AdamW_lr_0.0001 - INFO - Initialized training manager for model_ResNet101_opt_AdamW_lr_0.0001
2025-05-01 07:14:07,506 - training.model_ResNet101_opt_AdamW_lr_0.0001 - INFO - Initialized training manager for model_ResNet101_opt_AdamW_lr_0.0001
2025-05-01 07:14:07,506 - training.model_ResNet101_opt_AdamW_lr_0.0001 - INFO - Initialized training manager for model_ResNet101_opt_AdamW_lr_0.0001
2025-05-01 07:14:07,506 - training.model_ResNet101_opt_AdamW_lr_0.0001 - INFO - Initialized training manager for model_ResNet101_opt_AdamW_lr_0.0001
2025-05-01 07:14:07,506 - training.model_ResNet101_opt_AdamW_lr_0.0001 - INFO - Initialized training manager for model_ResNet101_opt_AdamW_lr_0.0001
2025-05-01 07:14:07,506 - training.model_ResNet101_opt_AdamW_lr_0.0001 - INFO - Initialized training manager for model_ResNet101_opt_AdamW_lr_0.0001
2025-05-01 07:14:07,506 - training.model_ResNet101_opt_AdamW_lr_0.0001 - INFO - Config: {
  "id": 213,
  "model_name": "ResNet101",
  "optimizer": "AdamW",
  "learning_rate": 0.0001,
  "scheduler": {
    "name": "CosineAnnealingLR",
    "T_max": 10
  },
  "loss_fn": {
    "name": "LabelSmoothing",
    "smoothing": 0.1
  }
}
2025-05-01 07:14:07,506 - training.model_ResNet101_opt_AdamW_lr_0.0001 - INFO - Config: {
  "id": 213,
  "model_name": "ResNet101",
  "optimizer": "AdamW",
  "learning_rate": 0.0001,
  "scheduler": {
    "name": "CosineAnnealingLR",
    "T_max": 10
  },
  "loss_fn": {
    "name": "LabelSmoothing",
    "smoothing": 0.1
  }
}
2025-05-01 07:14:07,506 - training.model_ResNet101_opt_AdamW_lr_0.0001 - INFO - Config: {
  "id": 213,
  "model_name": "ResNet101",
  "optimizer": "AdamW",
  "learning_rate": 0.0001,
  "scheduler": {
    "name": "CosineAnnealingLR",
    "T_max": 10
  },
  "loss_fn": {
    "name": "LabelSmoothing",
    "smoothing": 0.1
  }
}
2025-05-01 07:14:07,506 - training.model_ResNet101_opt_AdamW_lr_0.0001 - INFO - Config: {
  "id": 213,
  "model_name": "ResNet101",
  "optimizer": "AdamW",
  "learning_rate": 0.0001,
  "scheduler": {
    "name": "CosineAnnealingLR",
    "T_max": 10
  },
  "loss_fn": {
    "name": "LabelSmoothing",
    "smoothing": 0.1
  }
}
2025-05-01 07:14:07,506 - training.model_ResNet101_opt_AdamW_lr_0.0001 - INFO - Config: {
  "id": 213,
  "model_name": "ResNet101",
  "optimizer": "AdamW",
  "learning_rate": 0.0001,
  "scheduler": {
    "name": "CosineAnnealingLR",
    "T_max": 10
  },
  "loss_fn": {
    "name": "LabelSmoothing",
    "smoothing": 0.1
  }
}
2025-05-01 07:14:07,506 - training.model_ResNet101_opt_AdamW_lr_0.0001 - INFO - Config: {
  "id": 213,
  "model_name": "ResNet101",
  "optimizer": "AdamW",
  "learning_rate": 0.0001,
  "scheduler": {
    "name": "CosineAnnealingLR",
    "T_max": 10
  },
  "loss_fn": {
    "name": "LabelSmoothing",
    "smoothing": 0.1
  }
}
2025-05-01 07:14:07,506 - training.model_ResNet101_opt_AdamW_lr_0.0001 - INFO - Config: {
  "id": 213,
  "model_name": "ResNet101",
  "optimizer": "AdamW",
  "learning_rate": 0.0001,
  "scheduler": {
    "name": "CosineAnnealingLR",
    "T_max": 10
  },
  "loss_fn": {
    "name": "LabelSmoothing",
    "smoothing": 0.1
  }
}
2025-05-01 07:14:07,506 - training.model_ResNet101_opt_AdamW_lr_0.0001 - INFO - Config: {
  "id": 213,
  "model_name": "ResNet101",
  "optimizer": "AdamW",
  "learning_rate": 0.0001,
  "scheduler": {
    "name": "CosineAnnealingLR",
    "T_max": 10
  },
  "loss_fn": {
    "name": "LabelSmoothing",
    "smoothing": 0.1
  }
}
2025-05-01 07:14:07,506 - training.model_ResNet101_opt_AdamW_lr_0.0001 - INFO - Config: {
  "id": 213,
  "model_name": "ResNet101",
  "optimizer": "AdamW",
  "learning_rate": 0.0001,
  "scheduler": {
    "name": "CosineAnnealingLR",
    "T_max": 10
  },
  "loss_fn": {
    "name": "LabelSmoothing",
    "smoothing": 0.1
  }
}
2025-05-01 07:14:07,506 - training.model_ResNet101_opt_AdamW_lr_0.0001 - INFO - Loading checkpoint from model_results_v2/model_ResNet101_opt_AdamW_lr_0.0001/checkpoint.pt
2025-05-01 07:14:07,506 - training.model_ResNet101_opt_AdamW_lr_0.0001 - INFO - Loading checkpoint from model_results_v2/model_ResNet101_opt_AdamW_lr_0.0001/checkpoint.pt
2025-05-01 07:14:07,506 - training.model_ResNet101_opt_AdamW_lr_0.0001 - INFO - Loading checkpoint from model_results_v2/model_ResNet101_opt_AdamW_lr_0.0001/checkpoint.pt
2025-05-01 07:14:07,506 - training.model_ResNet101_opt_AdamW_lr_0.0001 - INFO - Loading checkpoint from model_results_v2/model_ResNet101_opt_AdamW_lr_0.0001/checkpoint.pt
2025-05-01 07:14:07,506 - training.model_ResNet101_opt_AdamW_lr_0.0001 - INFO - Loading checkpoint from model_results_v2/model_ResNet101_opt_AdamW_lr_0.0001/checkpoint.pt
2025-05-01 07:14:07,506 - training.model_ResNet101_opt_AdamW_lr_0.0001 - INFO - Loading checkpoint from model_results_v2/model_ResNet101_opt_AdamW_lr_0.0001/checkpoint.pt
2025-05-01 07:14:07,506 - training.model_ResNet101_opt_AdamW_lr_0.0001 - INFO - Loading checkpoint from model_results_v2/model_ResNet101_opt_AdamW_lr_0.0001/checkpoint.pt
2025-05-01 07:14:07,506 - training.model_ResNet101_opt_AdamW_lr_0.0001 - INFO - Loading checkpoint from model_results_v2/model_ResNet101_opt_AdamW_lr_0.0001/checkpoint.pt
2025-05-01 07:14:07,506 - training.model_ResNet101_opt_AdamW_lr_0.0001 - INFO - Loading checkpoint from model_results_v2/model_ResNet101_opt_AdamW_lr_0.0001/checkpoint.pt
2025-05-01 07:14:08,711 - training.model_ResNet101_opt_AdamW_lr_0.0001 - INFO - Resuming from epoch 20, best validation accuracy: 0.9837
2025-05-01 07:14:08,711 - training.model_ResNet101_opt_AdamW_lr_0.0001 - INFO - Resuming from epoch 20, best validation accuracy: 0.9837
2025-05-01 07:14:08,711 - training.model_ResNet101_opt_AdamW_lr_0.0001 - INFO - Resuming from epoch 20, best validation accuracy: 0.9837
2025-05-01 07:14:08,711 - training.model_ResNet101_opt_AdamW_lr_0.0001 - INFO - Resuming from epoch 20, best validation accuracy: 0.9837
2025-05-01 07:14:08,711 - training.model_ResNet101_opt_AdamW_lr_0.0001 - INFO - Resuming from epoch 20, best validation accuracy: 0.9837
2025-05-01 07:14:08,711 - training.model_ResNet101_opt_AdamW_lr_0.0001 - INFO - Resuming from epoch 20, best validation accuracy: 0.9837
2025-05-01 07:14:08,711 - training.model_ResNet101_opt_AdamW_lr_0.0001 - INFO - Resuming from epoch 20, best validation accuracy: 0.9837
2025-05-01 07:14:08,711 - training.model_ResNet101_opt_AdamW_lr_0.0001 - INFO - Resuming from epoch 20, best validation accuracy: 0.9837
2025-05-01 07:14:08,711 - training.model_ResNet101_opt_AdamW_lr_0.0001 - INFO - Resuming from epoch 20, best validation accuracy: 0.9837
2025-05-01 07:14:08,712 - training.model_ResNet101_opt_AdamW_lr_0.0001 - INFO - Training completed after 1352.76 seconds
2025-05-01 07:14:08,712 - training.model_ResNet101_opt_AdamW_lr_0.0001 - INFO - Training completed after 1352.76 seconds
2025-05-01 07:14:08,712 - training.model_ResNet101_opt_AdamW_lr_0.0001 - INFO - Training completed after 1352.76 seconds
2025-05-01 07:14:08,712 - training.model_ResNet101_opt_AdamW_lr_0.0001 - INFO - Training completed after 1352.76 seconds
2025-05-01 07:14:08,712 - training.model_ResNet101_opt_AdamW_lr_0.0001 - INFO - Training completed after 1352.76 seconds
2025-05-01 07:14:08,712 - training.model_ResNet101_opt_AdamW_lr_0.0001 - INFO - Training completed after 1352.76 seconds
2025-05-01 07:14:08,712 - training.model_ResNet101_opt_AdamW_lr_0.0001 - INFO - Training completed after 1352.76 seconds
2025-05-01 07:14:08,712 - training.model_ResNet101_opt_AdamW_lr_0.0001 - INFO - Training completed after 1352.76 seconds
2025-05-01 07:14:08,712 - training.model_ResNet101_opt_AdamW_lr_0.0001 - INFO - Training completed after 1352.76 seconds
2025-05-01 07:14:20,989 - training.model_ResNet101_opt_AdamW_lr_0.0001 - INFO - Initialized training manager for model_ResNet101_opt_AdamW_lr_0.0001
2025-05-01 07:14:20,989 - training.model_ResNet101_opt_AdamW_lr_0.0001 - INFO - Initialized training manager for model_ResNet101_opt_AdamW_lr_0.0001
2025-05-01 07:14:20,989 - training.model_ResNet101_opt_AdamW_lr_0.0001 - INFO - Initialized training manager for model_ResNet101_opt_AdamW_lr_0.0001
2025-05-01 07:14:20,989 - training.model_ResNet101_opt_AdamW_lr_0.0001 - INFO - Initialized training manager for model_ResNet101_opt_AdamW_lr_0.0001
2025-05-01 07:14:20,989 - training.model_ResNet101_opt_AdamW_lr_0.0001 - INFO - Initialized training manager for model_ResNet101_opt_AdamW_lr_0.0001
2025-05-01 07:14:20,989 - training.model_ResNet101_opt_AdamW_lr_0.0001 - INFO - Initialized training manager for model_ResNet101_opt_AdamW_lr_0.0001
2025-05-01 07:14:20,989 - training.model_ResNet101_opt_AdamW_lr_0.0001 - INFO - Initialized training manager for model_ResNet101_opt_AdamW_lr_0.0001
2025-05-01 07:14:20,989 - training.model_ResNet101_opt_AdamW_lr_0.0001 - INFO - Initialized training manager for model_ResNet101_opt_AdamW_lr_0.0001
2025-05-01 07:14:20,989 - training.model_ResNet101_opt_AdamW_lr_0.0001 - INFO - Initialized training manager for model_ResNet101_opt_AdamW_lr_0.0001
2025-05-01 07:14:20,989 - training.model_ResNet101_opt_AdamW_lr_0.0001 - INFO - Initialized training manager for model_ResNet101_opt_AdamW_lr_0.0001
2025-05-01 07:14:20,989 - training.model_ResNet101_opt_AdamW_lr_0.0001 - INFO - Config: {
  "id": 214,
  "model_name": "ResNet101",
  "optimizer": "AdamW",
  "learning_rate": 0.0001,
  "scheduler": {
    "name": "CosineAnnealingWarmRestarts",
    "T_0": 10
  },
  "loss_fn": {
    "name": "CrossEntropy"
  }
}
2025-05-01 07:14:20,989 - training.model_ResNet101_opt_AdamW_lr_0.0001 - INFO - Config: {
  "id": 214,
  "model_name": "ResNet101",
  "optimizer": "AdamW",
  "learning_rate": 0.0001,
  "scheduler": {
    "name": "CosineAnnealingWarmRestarts",
    "T_0": 10
  },
  "loss_fn": {
    "name": "CrossEntropy"
  }
}
2025-05-01 07:14:20,989 - training.model_ResNet101_opt_AdamW_lr_0.0001 - INFO - Config: {
  "id": 214,
  "model_name": "ResNet101",
  "optimizer": "AdamW",
  "learning_rate": 0.0001,
  "scheduler": {
    "name": "CosineAnnealingWarmRestarts",
    "T_0": 10
  },
  "loss_fn": {
    "name": "CrossEntropy"
  }
}
2025-05-01 07:14:20,989 - training.model_ResNet101_opt_AdamW_lr_0.0001 - INFO - Config: {
  "id": 214,
  "model_name": "ResNet101",
  "optimizer": "AdamW",
  "learning_rate": 0.0001,
  "scheduler": {
    "name": "CosineAnnealingWarmRestarts",
    "T_0": 10
  },
  "loss_fn": {
    "name": "CrossEntropy"
  }
}
2025-05-01 07:14:20,989 - training.model_ResNet101_opt_AdamW_lr_0.0001 - INFO - Config: {
  "id": 214,
  "model_name": "ResNet101",
  "optimizer": "AdamW",
  "learning_rate": 0.0001,
  "scheduler": {
    "name": "CosineAnnealingWarmRestarts",
    "T_0": 10
  },
  "loss_fn": {
    "name": "CrossEntropy"
  }
}
2025-05-01 07:14:20,989 - training.model_ResNet101_opt_AdamW_lr_0.0001 - INFO - Config: {
  "id": 214,
  "model_name": "ResNet101",
  "optimizer": "AdamW",
  "learning_rate": 0.0001,
  "scheduler": {
    "name": "CosineAnnealingWarmRestarts",
    "T_0": 10
  },
  "loss_fn": {
    "name": "CrossEntropy"
  }
}
2025-05-01 07:14:20,989 - training.model_ResNet101_opt_AdamW_lr_0.0001 - INFO - Config: {
  "id": 214,
  "model_name": "ResNet101",
  "optimizer": "AdamW",
  "learning_rate": 0.0001,
  "scheduler": {
    "name": "CosineAnnealingWarmRestarts",
    "T_0": 10
  },
  "loss_fn": {
    "name": "CrossEntropy"
  }
}
2025-05-01 07:14:20,989 - training.model_ResNet101_opt_AdamW_lr_0.0001 - INFO - Config: {
  "id": 214,
  "model_name": "ResNet101",
  "optimizer": "AdamW",
  "learning_rate": 0.0001,
  "scheduler": {
    "name": "CosineAnnealingWarmRestarts",
    "T_0": 10
  },
  "loss_fn": {
    "name": "CrossEntropy"
  }
}
2025-05-01 07:14:20,989 - training.model_ResNet101_opt_AdamW_lr_0.0001 - INFO - Config: {
  "id": 214,
  "model_name": "ResNet101",
  "optimizer": "AdamW",
  "learning_rate": 0.0001,
  "scheduler": {
    "name": "CosineAnnealingWarmRestarts",
    "T_0": 10
  },
  "loss_fn": {
    "name": "CrossEntropy"
  }
}
2025-05-01 07:14:20,989 - training.model_ResNet101_opt_AdamW_lr_0.0001 - INFO - Config: {
  "id": 214,
  "model_name": "ResNet101",
  "optimizer": "AdamW",
  "learning_rate": 0.0001,
  "scheduler": {
    "name": "CosineAnnealingWarmRestarts",
    "T_0": 10
  },
  "loss_fn": {
    "name": "CrossEntropy"
  }
}
2025-05-01 07:14:20,989 - training.model_ResNet101_opt_AdamW_lr_0.0001 - INFO - Loading checkpoint from model_results_v2/model_ResNet101_opt_AdamW_lr_0.0001/checkpoint.pt
2025-05-01 07:14:20,989 - training.model_ResNet101_opt_AdamW_lr_0.0001 - INFO - Loading checkpoint from model_results_v2/model_ResNet101_opt_AdamW_lr_0.0001/checkpoint.pt
2025-05-01 07:14:20,989 - training.model_ResNet101_opt_AdamW_lr_0.0001 - INFO - Loading checkpoint from model_results_v2/model_ResNet101_opt_AdamW_lr_0.0001/checkpoint.pt
2025-05-01 07:14:20,989 - training.model_ResNet101_opt_AdamW_lr_0.0001 - INFO - Loading checkpoint from model_results_v2/model_ResNet101_opt_AdamW_lr_0.0001/checkpoint.pt
2025-05-01 07:14:20,989 - training.model_ResNet101_opt_AdamW_lr_0.0001 - INFO - Loading checkpoint from model_results_v2/model_ResNet101_opt_AdamW_lr_0.0001/checkpoint.pt
2025-05-01 07:14:20,989 - training.model_ResNet101_opt_AdamW_lr_0.0001 - INFO - Loading checkpoint from model_results_v2/model_ResNet101_opt_AdamW_lr_0.0001/checkpoint.pt
2025-05-01 07:14:20,989 - training.model_ResNet101_opt_AdamW_lr_0.0001 - INFO - Loading checkpoint from model_results_v2/model_ResNet101_opt_AdamW_lr_0.0001/checkpoint.pt
2025-05-01 07:14:20,989 - training.model_ResNet101_opt_AdamW_lr_0.0001 - INFO - Loading checkpoint from model_results_v2/model_ResNet101_opt_AdamW_lr_0.0001/checkpoint.pt
2025-05-01 07:14:20,989 - training.model_ResNet101_opt_AdamW_lr_0.0001 - INFO - Loading checkpoint from model_results_v2/model_ResNet101_opt_AdamW_lr_0.0001/checkpoint.pt
2025-05-01 07:14:20,989 - training.model_ResNet101_opt_AdamW_lr_0.0001 - INFO - Loading checkpoint from model_results_v2/model_ResNet101_opt_AdamW_lr_0.0001/checkpoint.pt
2025-05-01 07:14:22,191 - training.model_ResNet101_opt_AdamW_lr_0.0001 - INFO - Resuming from epoch 20, best validation accuracy: 0.9837
2025-05-01 07:14:22,191 - training.model_ResNet101_opt_AdamW_lr_0.0001 - INFO - Resuming from epoch 20, best validation accuracy: 0.9837
2025-05-01 07:14:22,191 - training.model_ResNet101_opt_AdamW_lr_0.0001 - INFO - Resuming from epoch 20, best validation accuracy: 0.9837
2025-05-01 07:14:22,191 - training.model_ResNet101_opt_AdamW_lr_0.0001 - INFO - Resuming from epoch 20, best validation accuracy: 0.9837
2025-05-01 07:14:22,191 - training.model_ResNet101_opt_AdamW_lr_0.0001 - INFO - Resuming from epoch 20, best validation accuracy: 0.9837
2025-05-01 07:14:22,191 - training.model_ResNet101_opt_AdamW_lr_0.0001 - INFO - Resuming from epoch 20, best validation accuracy: 0.9837
2025-05-01 07:14:22,191 - training.model_ResNet101_opt_AdamW_lr_0.0001 - INFO - Resuming from epoch 20, best validation accuracy: 0.9837
2025-05-01 07:14:22,191 - training.model_ResNet101_opt_AdamW_lr_0.0001 - INFO - Resuming from epoch 20, best validation accuracy: 0.9837
2025-05-01 07:14:22,191 - training.model_ResNet101_opt_AdamW_lr_0.0001 - INFO - Resuming from epoch 20, best validation accuracy: 0.9837
2025-05-01 07:14:22,191 - training.model_ResNet101_opt_AdamW_lr_0.0001 - INFO - Resuming from epoch 20, best validation accuracy: 0.9837
2025-05-01 07:14:22,193 - training.model_ResNet101_opt_AdamW_lr_0.0001 - INFO - Training completed after 1352.76 seconds
2025-05-01 07:14:22,193 - training.model_ResNet101_opt_AdamW_lr_0.0001 - INFO - Training completed after 1352.76 seconds
2025-05-01 07:14:22,193 - training.model_ResNet101_opt_AdamW_lr_0.0001 - INFO - Training completed after 1352.76 seconds
2025-05-01 07:14:22,193 - training.model_ResNet101_opt_AdamW_lr_0.0001 - INFO - Training completed after 1352.76 seconds
2025-05-01 07:14:22,193 - training.model_ResNet101_opt_AdamW_lr_0.0001 - INFO - Training completed after 1352.76 seconds
2025-05-01 07:14:22,193 - training.model_ResNet101_opt_AdamW_lr_0.0001 - INFO - Training completed after 1352.76 seconds
2025-05-01 07:14:22,193 - training.model_ResNet101_opt_AdamW_lr_0.0001 - INFO - Training completed after 1352.76 seconds
2025-05-01 07:14:22,193 - training.model_ResNet101_opt_AdamW_lr_0.0001 - INFO - Training completed after 1352.76 seconds
2025-05-01 07:14:22,193 - training.model_ResNet101_opt_AdamW_lr_0.0001 - INFO - Training completed after 1352.76 seconds
2025-05-01 07:14:22,193 - training.model_ResNet101_opt_AdamW_lr_0.0001 - INFO - Training completed after 1352.76 seconds
2025-05-01 07:14:34,295 - training.model_ResNet101_opt_AdamW_lr_0.0001 - INFO - Initialized training manager for model_ResNet101_opt_AdamW_lr_0.0001
2025-05-01 07:14:34,295 - training.model_ResNet101_opt_AdamW_lr_0.0001 - INFO - Initialized training manager for model_ResNet101_opt_AdamW_lr_0.0001
2025-05-01 07:14:34,295 - training.model_ResNet101_opt_AdamW_lr_0.0001 - INFO - Initialized training manager for model_ResNet101_opt_AdamW_lr_0.0001
2025-05-01 07:14:34,295 - training.model_ResNet101_opt_AdamW_lr_0.0001 - INFO - Initialized training manager for model_ResNet101_opt_AdamW_lr_0.0001
2025-05-01 07:14:34,295 - training.model_ResNet101_opt_AdamW_lr_0.0001 - INFO - Initialized training manager for model_ResNet101_opt_AdamW_lr_0.0001
2025-05-01 07:14:34,295 - training.model_ResNet101_opt_AdamW_lr_0.0001 - INFO - Initialized training manager for model_ResNet101_opt_AdamW_lr_0.0001
2025-05-01 07:14:34,295 - training.model_ResNet101_opt_AdamW_lr_0.0001 - INFO - Initialized training manager for model_ResNet101_opt_AdamW_lr_0.0001
2025-05-01 07:14:34,295 - training.model_ResNet101_opt_AdamW_lr_0.0001 - INFO - Initialized training manager for model_ResNet101_opt_AdamW_lr_0.0001
2025-05-01 07:14:34,295 - training.model_ResNet101_opt_AdamW_lr_0.0001 - INFO - Initialized training manager for model_ResNet101_opt_AdamW_lr_0.0001
2025-05-01 07:14:34,295 - training.model_ResNet101_opt_AdamW_lr_0.0001 - INFO - Initialized training manager for model_ResNet101_opt_AdamW_lr_0.0001
2025-05-01 07:14:34,295 - training.model_ResNet101_opt_AdamW_lr_0.0001 - INFO - Initialized training manager for model_ResNet101_opt_AdamW_lr_0.0001
2025-05-01 07:14:34,295 - training.model_ResNet101_opt_AdamW_lr_0.0001 - INFO - Config: {
  "id": 215,
  "model_name": "ResNet101",
  "optimizer": "AdamW",
  "learning_rate": 0.0001,
  "scheduler": {
    "name": "CosineAnnealingWarmRestarts",
    "T_0": 10
  },
  "loss_fn": {
    "name": "FocalLoss",
    "alpha": 0.25,
    "gamma": 2.0
  }
}
2025-05-01 07:14:34,295 - training.model_ResNet101_opt_AdamW_lr_0.0001 - INFO - Config: {
  "id": 215,
  "model_name": "ResNet101",
  "optimizer": "AdamW",
  "learning_rate": 0.0001,
  "scheduler": {
    "name": "CosineAnnealingWarmRestarts",
    "T_0": 10
  },
  "loss_fn": {
    "name": "FocalLoss",
    "alpha": 0.25,
    "gamma": 2.0
  }
}
2025-05-01 07:14:34,295 - training.model_ResNet101_opt_AdamW_lr_0.0001 - INFO - Config: {
  "id": 215,
  "model_name": "ResNet101",
  "optimizer": "AdamW",
  "learning_rate": 0.0001,
  "scheduler": {
    "name": "CosineAnnealingWarmRestarts",
    "T_0": 10
  },
  "loss_fn": {
    "name": "FocalLoss",
    "alpha": 0.25,
    "gamma": 2.0
  }
}
2025-05-01 07:14:34,295 - training.model_ResNet101_opt_AdamW_lr_0.0001 - INFO - Config: {
  "id": 215,
  "model_name": "ResNet101",
  "optimizer": "AdamW",
  "learning_rate": 0.0001,
  "scheduler": {
    "name": "CosineAnnealingWarmRestarts",
    "T_0": 10
  },
  "loss_fn": {
    "name": "FocalLoss",
    "alpha": 0.25,
    "gamma": 2.0
  }
}
2025-05-01 07:14:34,295 - training.model_ResNet101_opt_AdamW_lr_0.0001 - INFO - Config: {
  "id": 215,
  "model_name": "ResNet101",
  "optimizer": "AdamW",
  "learning_rate": 0.0001,
  "scheduler": {
    "name": "CosineAnnealingWarmRestarts",
    "T_0": 10
  },
  "loss_fn": {
    "name": "FocalLoss",
    "alpha": 0.25,
    "gamma": 2.0
  }
}
2025-05-01 07:14:34,295 - training.model_ResNet101_opt_AdamW_lr_0.0001 - INFO - Config: {
  "id": 215,
  "model_name": "ResNet101",
  "optimizer": "AdamW",
  "learning_rate": 0.0001,
  "scheduler": {
    "name": "CosineAnnealingWarmRestarts",
    "T_0": 10
  },
  "loss_fn": {
    "name": "FocalLoss",
    "alpha": 0.25,
    "gamma": 2.0
  }
}
2025-05-01 07:14:34,295 - training.model_ResNet101_opt_AdamW_lr_0.0001 - INFO - Config: {
  "id": 215,
  "model_name": "ResNet101",
  "optimizer": "AdamW",
  "learning_rate": 0.0001,
  "scheduler": {
    "name": "CosineAnnealingWarmRestarts",
    "T_0": 10
  },
  "loss_fn": {
    "name": "FocalLoss",
    "alpha": 0.25,
    "gamma": 2.0
  }
}
2025-05-01 07:14:34,295 - training.model_ResNet101_opt_AdamW_lr_0.0001 - INFO - Config: {
  "id": 215,
  "model_name": "ResNet101",
  "optimizer": "AdamW",
  "learning_rate": 0.0001,
  "scheduler": {
    "name": "CosineAnnealingWarmRestarts",
    "T_0": 10
  },
  "loss_fn": {
    "name": "FocalLoss",
    "alpha": 0.25,
    "gamma": 2.0
  }
}
2025-05-01 07:14:34,295 - training.model_ResNet101_opt_AdamW_lr_0.0001 - INFO - Config: {
  "id": 215,
  "model_name": "ResNet101",
  "optimizer": "AdamW",
  "learning_rate": 0.0001,
  "scheduler": {
    "name": "CosineAnnealingWarmRestarts",
    "T_0": 10
  },
  "loss_fn": {
    "name": "FocalLoss",
    "alpha": 0.25,
    "gamma": 2.0
  }
}
2025-05-01 07:14:34,295 - training.model_ResNet101_opt_AdamW_lr_0.0001 - INFO - Config: {
  "id": 215,
  "model_name": "ResNet101",
  "optimizer": "AdamW",
  "learning_rate": 0.0001,
  "scheduler": {
    "name": "CosineAnnealingWarmRestarts",
    "T_0": 10
  },
  "loss_fn": {
    "name": "FocalLoss",
    "alpha": 0.25,
    "gamma": 2.0
  }
}
2025-05-01 07:14:34,295 - training.model_ResNet101_opt_AdamW_lr_0.0001 - INFO - Config: {
  "id": 215,
  "model_name": "ResNet101",
  "optimizer": "AdamW",
  "learning_rate": 0.0001,
  "scheduler": {
    "name": "CosineAnnealingWarmRestarts",
    "T_0": 10
  },
  "loss_fn": {
    "name": "FocalLoss",
    "alpha": 0.25,
    "gamma": 2.0
  }
}
2025-05-01 07:14:34,295 - training.model_ResNet101_opt_AdamW_lr_0.0001 - INFO - Loading checkpoint from model_results_v2/model_ResNet101_opt_AdamW_lr_0.0001/checkpoint.pt
2025-05-01 07:14:34,295 - training.model_ResNet101_opt_AdamW_lr_0.0001 - INFO - Loading checkpoint from model_results_v2/model_ResNet101_opt_AdamW_lr_0.0001/checkpoint.pt
2025-05-01 07:14:34,295 - training.model_ResNet101_opt_AdamW_lr_0.0001 - INFO - Loading checkpoint from model_results_v2/model_ResNet101_opt_AdamW_lr_0.0001/checkpoint.pt
2025-05-01 07:14:34,295 - training.model_ResNet101_opt_AdamW_lr_0.0001 - INFO - Loading checkpoint from model_results_v2/model_ResNet101_opt_AdamW_lr_0.0001/checkpoint.pt
2025-05-01 07:14:34,295 - training.model_ResNet101_opt_AdamW_lr_0.0001 - INFO - Loading checkpoint from model_results_v2/model_ResNet101_opt_AdamW_lr_0.0001/checkpoint.pt
2025-05-01 07:14:34,295 - training.model_ResNet101_opt_AdamW_lr_0.0001 - INFO - Loading checkpoint from model_results_v2/model_ResNet101_opt_AdamW_lr_0.0001/checkpoint.pt
2025-05-01 07:14:34,295 - training.model_ResNet101_opt_AdamW_lr_0.0001 - INFO - Loading checkpoint from model_results_v2/model_ResNet101_opt_AdamW_lr_0.0001/checkpoint.pt
2025-05-01 07:14:34,295 - training.model_ResNet101_opt_AdamW_lr_0.0001 - INFO - Loading checkpoint from model_results_v2/model_ResNet101_opt_AdamW_lr_0.0001/checkpoint.pt
2025-05-01 07:14:34,295 - training.model_ResNet101_opt_AdamW_lr_0.0001 - INFO - Loading checkpoint from model_results_v2/model_ResNet101_opt_AdamW_lr_0.0001/checkpoint.pt
2025-05-01 07:14:34,295 - training.model_ResNet101_opt_AdamW_lr_0.0001 - INFO - Loading checkpoint from model_results_v2/model_ResNet101_opt_AdamW_lr_0.0001/checkpoint.pt
2025-05-01 07:14:34,295 - training.model_ResNet101_opt_AdamW_lr_0.0001 - INFO - Loading checkpoint from model_results_v2/model_ResNet101_opt_AdamW_lr_0.0001/checkpoint.pt
2025-05-01 07:14:35,607 - training.model_ResNet101_opt_AdamW_lr_0.0001 - INFO - Resuming from epoch 20, best validation accuracy: 0.9837
2025-05-01 07:14:35,607 - training.model_ResNet101_opt_AdamW_lr_0.0001 - INFO - Resuming from epoch 20, best validation accuracy: 0.9837
2025-05-01 07:14:35,607 - training.model_ResNet101_opt_AdamW_lr_0.0001 - INFO - Resuming from epoch 20, best validation accuracy: 0.9837
2025-05-01 07:14:35,607 - training.model_ResNet101_opt_AdamW_lr_0.0001 - INFO - Resuming from epoch 20, best validation accuracy: 0.9837
2025-05-01 07:14:35,607 - training.model_ResNet101_opt_AdamW_lr_0.0001 - INFO - Resuming from epoch 20, best validation accuracy: 0.9837
2025-05-01 07:14:35,607 - training.model_ResNet101_opt_AdamW_lr_0.0001 - INFO - Resuming from epoch 20, best validation accuracy: 0.9837
2025-05-01 07:14:35,607 - training.model_ResNet101_opt_AdamW_lr_0.0001 - INFO - Resuming from epoch 20, best validation accuracy: 0.9837
2025-05-01 07:14:35,607 - training.model_ResNet101_opt_AdamW_lr_0.0001 - INFO - Resuming from epoch 20, best validation accuracy: 0.9837
2025-05-01 07:14:35,607 - training.model_ResNet101_opt_AdamW_lr_0.0001 - INFO - Resuming from epoch 20, best validation accuracy: 0.9837
2025-05-01 07:14:35,607 - training.model_ResNet101_opt_AdamW_lr_0.0001 - INFO - Resuming from epoch 20, best validation accuracy: 0.9837
2025-05-01 07:14:35,607 - training.model_ResNet101_opt_AdamW_lr_0.0001 - INFO - Resuming from epoch 20, best validation accuracy: 0.9837
2025-05-01 07:14:35,608 - training.model_ResNet101_opt_AdamW_lr_0.0001 - INFO - Training completed after 1352.76 seconds
2025-05-01 07:14:35,608 - training.model_ResNet101_opt_AdamW_lr_0.0001 - INFO - Training completed after 1352.76 seconds
2025-05-01 07:14:35,608 - training.model_ResNet101_opt_AdamW_lr_0.0001 - INFO - Training completed after 1352.76 seconds
2025-05-01 07:14:35,608 - training.model_ResNet101_opt_AdamW_lr_0.0001 - INFO - Training completed after 1352.76 seconds
2025-05-01 07:14:35,608 - training.model_ResNet101_opt_AdamW_lr_0.0001 - INFO - Training completed after 1352.76 seconds
2025-05-01 07:14:35,608 - training.model_ResNet101_opt_AdamW_lr_0.0001 - INFO - Training completed after 1352.76 seconds
2025-05-01 07:14:35,608 - training.model_ResNet101_opt_AdamW_lr_0.0001 - INFO - Training completed after 1352.76 seconds
2025-05-01 07:14:35,608 - training.model_ResNet101_opt_AdamW_lr_0.0001 - INFO - Training completed after 1352.76 seconds
2025-05-01 07:14:35,608 - training.model_ResNet101_opt_AdamW_lr_0.0001 - INFO - Training completed after 1352.76 seconds
2025-05-01 07:14:35,608 - training.model_ResNet101_opt_AdamW_lr_0.0001 - INFO - Training completed after 1352.76 seconds
2025-05-01 07:14:35,608 - training.model_ResNet101_opt_AdamW_lr_0.0001 - INFO - Training completed after 1352.76 seconds
2025-05-01 07:14:47,504 - training.model_ResNet101_opt_AdamW_lr_0.0001 - INFO - Initialized training manager for model_ResNet101_opt_AdamW_lr_0.0001
2025-05-01 07:14:47,504 - training.model_ResNet101_opt_AdamW_lr_0.0001 - INFO - Initialized training manager for model_ResNet101_opt_AdamW_lr_0.0001
2025-05-01 07:14:47,504 - training.model_ResNet101_opt_AdamW_lr_0.0001 - INFO - Initialized training manager for model_ResNet101_opt_AdamW_lr_0.0001
2025-05-01 07:14:47,504 - training.model_ResNet101_opt_AdamW_lr_0.0001 - INFO - Initialized training manager for model_ResNet101_opt_AdamW_lr_0.0001
2025-05-01 07:14:47,504 - training.model_ResNet101_opt_AdamW_lr_0.0001 - INFO - Initialized training manager for model_ResNet101_opt_AdamW_lr_0.0001
2025-05-01 07:14:47,504 - training.model_ResNet101_opt_AdamW_lr_0.0001 - INFO - Initialized training manager for model_ResNet101_opt_AdamW_lr_0.0001
2025-05-01 07:14:47,504 - training.model_ResNet101_opt_AdamW_lr_0.0001 - INFO - Initialized training manager for model_ResNet101_opt_AdamW_lr_0.0001
2025-05-01 07:14:47,504 - training.model_ResNet101_opt_AdamW_lr_0.0001 - INFO - Initialized training manager for model_ResNet101_opt_AdamW_lr_0.0001
2025-05-01 07:14:47,504 - training.model_ResNet101_opt_AdamW_lr_0.0001 - INFO - Initialized training manager for model_ResNet101_opt_AdamW_lr_0.0001
2025-05-01 07:14:47,504 - training.model_ResNet101_opt_AdamW_lr_0.0001 - INFO - Initialized training manager for model_ResNet101_opt_AdamW_lr_0.0001
2025-05-01 07:14:47,504 - training.model_ResNet101_opt_AdamW_lr_0.0001 - INFO - Initialized training manager for model_ResNet101_opt_AdamW_lr_0.0001
2025-05-01 07:14:47,504 - training.model_ResNet101_opt_AdamW_lr_0.0001 - INFO - Initialized training manager for model_ResNet101_opt_AdamW_lr_0.0001
2025-05-01 07:14:47,504 - training.model_ResNet101_opt_AdamW_lr_0.0001 - INFO - Config: {
  "id": 216,
  "model_name": "ResNet101",
  "optimizer": "AdamW",
  "learning_rate": 0.0001,
  "scheduler": {
    "name": "CosineAnnealingWarmRestarts",
    "T_0": 10
  },
  "loss_fn": {
    "name": "LabelSmoothing",
    "smoothing": 0.1
  }
}
2025-05-01 07:14:47,504 - training.model_ResNet101_opt_AdamW_lr_0.0001 - INFO - Config: {
  "id": 216,
  "model_name": "ResNet101",
  "optimizer": "AdamW",
  "learning_rate": 0.0001,
  "scheduler": {
    "name": "CosineAnnealingWarmRestarts",
    "T_0": 10
  },
  "loss_fn": {
    "name": "LabelSmoothing",
    "smoothing": 0.1
  }
}
2025-05-01 07:14:47,504 - training.model_ResNet101_opt_AdamW_lr_0.0001 - INFO - Config: {
  "id": 216,
  "model_name": "ResNet101",
  "optimizer": "AdamW",
  "learning_rate": 0.0001,
  "scheduler": {
    "name": "CosineAnnealingWarmRestarts",
    "T_0": 10
  },
  "loss_fn": {
    "name": "LabelSmoothing",
    "smoothing": 0.1
  }
}
2025-05-01 07:14:47,504 - training.model_ResNet101_opt_AdamW_lr_0.0001 - INFO - Config: {
  "id": 216,
  "model_name": "ResNet101",
  "optimizer": "AdamW",
  "learning_rate": 0.0001,
  "scheduler": {
    "name": "CosineAnnealingWarmRestarts",
    "T_0": 10
  },
  "loss_fn": {
    "name": "LabelSmoothing",
    "smoothing": 0.1
  }
}
2025-05-01 07:14:47,504 - training.model_ResNet101_opt_AdamW_lr_0.0001 - INFO - Config: {
  "id": 216,
  "model_name": "ResNet101",
  "optimizer": "AdamW",
  "learning_rate": 0.0001,
  "scheduler": {
    "name": "CosineAnnealingWarmRestarts",
    "T_0": 10
  },
  "loss_fn": {
    "name": "LabelSmoothing",
    "smoothing": 0.1
  }
}
2025-05-01 07:14:47,504 - training.model_ResNet101_opt_AdamW_lr_0.0001 - INFO - Config: {
  "id": 216,
  "model_name": "ResNet101",
  "optimizer": "AdamW",
  "learning_rate": 0.0001,
  "scheduler": {
    "name": "CosineAnnealingWarmRestarts",
    "T_0": 10
  },
  "loss_fn": {
    "name": "LabelSmoothing",
    "smoothing": 0.1
  }
}
2025-05-01 07:14:47,504 - training.model_ResNet101_opt_AdamW_lr_0.0001 - INFO - Config: {
  "id": 216,
  "model_name": "ResNet101",
  "optimizer": "AdamW",
  "learning_rate": 0.0001,
  "scheduler": {
    "name": "CosineAnnealingWarmRestarts",
    "T_0": 10
  },
  "loss_fn": {
    "name": "LabelSmoothing",
    "smoothing": 0.1
  }
}
2025-05-01 07:14:47,504 - training.model_ResNet101_opt_AdamW_lr_0.0001 - INFO - Config: {
  "id": 216,
  "model_name": "ResNet101",
  "optimizer": "AdamW",
  "learning_rate": 0.0001,
  "scheduler": {
    "name": "CosineAnnealingWarmRestarts",
    "T_0": 10
  },
  "loss_fn": {
    "name": "LabelSmoothing",
    "smoothing": 0.1
  }
}
2025-05-01 07:14:47,504 - training.model_ResNet101_opt_AdamW_lr_0.0001 - INFO - Config: {
  "id": 216,
  "model_name": "ResNet101",
  "optimizer": "AdamW",
  "learning_rate": 0.0001,
  "scheduler": {
    "name": "CosineAnnealingWarmRestarts",
    "T_0": 10
  },
  "loss_fn": {
    "name": "LabelSmoothing",
    "smoothing": 0.1
  }
}
2025-05-01 07:14:47,504 - training.model_ResNet101_opt_AdamW_lr_0.0001 - INFO - Config: {
  "id": 216,
  "model_name": "ResNet101",
  "optimizer": "AdamW",
  "learning_rate": 0.0001,
  "scheduler": {
    "name": "CosineAnnealingWarmRestarts",
    "T_0": 10
  },
  "loss_fn": {
    "name": "LabelSmoothing",
    "smoothing": 0.1
  }
}
2025-05-01 07:14:47,504 - training.model_ResNet101_opt_AdamW_lr_0.0001 - INFO - Config: {
  "id": 216,
  "model_name": "ResNet101",
  "optimizer": "AdamW",
  "learning_rate": 0.0001,
  "scheduler": {
    "name": "CosineAnnealingWarmRestarts",
    "T_0": 10
  },
  "loss_fn": {
    "name": "LabelSmoothing",
    "smoothing": 0.1
  }
}
2025-05-01 07:14:47,504 - training.model_ResNet101_opt_AdamW_lr_0.0001 - INFO - Config: {
  "id": 216,
  "model_name": "ResNet101",
  "optimizer": "AdamW",
  "learning_rate": 0.0001,
  "scheduler": {
    "name": "CosineAnnealingWarmRestarts",
    "T_0": 10
  },
  "loss_fn": {
    "name": "LabelSmoothing",
    "smoothing": 0.1
  }
}
2025-05-01 07:14:47,504 - training.model_ResNet101_opt_AdamW_lr_0.0001 - INFO - Loading checkpoint from model_results_v2/model_ResNet101_opt_AdamW_lr_0.0001/checkpoint.pt
2025-05-01 07:14:47,504 - training.model_ResNet101_opt_AdamW_lr_0.0001 - INFO - Loading checkpoint from model_results_v2/model_ResNet101_opt_AdamW_lr_0.0001/checkpoint.pt
2025-05-01 07:14:47,504 - training.model_ResNet101_opt_AdamW_lr_0.0001 - INFO - Loading checkpoint from model_results_v2/model_ResNet101_opt_AdamW_lr_0.0001/checkpoint.pt
2025-05-01 07:14:47,504 - training.model_ResNet101_opt_AdamW_lr_0.0001 - INFO - Loading checkpoint from model_results_v2/model_ResNet101_opt_AdamW_lr_0.0001/checkpoint.pt
2025-05-01 07:14:47,504 - training.model_ResNet101_opt_AdamW_lr_0.0001 - INFO - Loading checkpoint from model_results_v2/model_ResNet101_opt_AdamW_lr_0.0001/checkpoint.pt
2025-05-01 07:14:47,504 - training.model_ResNet101_opt_AdamW_lr_0.0001 - INFO - Loading checkpoint from model_results_v2/model_ResNet101_opt_AdamW_lr_0.0001/checkpoint.pt
2025-05-01 07:14:47,504 - training.model_ResNet101_opt_AdamW_lr_0.0001 - INFO - Loading checkpoint from model_results_v2/model_ResNet101_opt_AdamW_lr_0.0001/checkpoint.pt
2025-05-01 07:14:47,504 - training.model_ResNet101_opt_AdamW_lr_0.0001 - INFO - Loading checkpoint from model_results_v2/model_ResNet101_opt_AdamW_lr_0.0001/checkpoint.pt
2025-05-01 07:14:47,504 - training.model_ResNet101_opt_AdamW_lr_0.0001 - INFO - Loading checkpoint from model_results_v2/model_ResNet101_opt_AdamW_lr_0.0001/checkpoint.pt
2025-05-01 07:14:47,504 - training.model_ResNet101_opt_AdamW_lr_0.0001 - INFO - Loading checkpoint from model_results_v2/model_ResNet101_opt_AdamW_lr_0.0001/checkpoint.pt
2025-05-01 07:14:47,504 - training.model_ResNet101_opt_AdamW_lr_0.0001 - INFO - Loading checkpoint from model_results_v2/model_ResNet101_opt_AdamW_lr_0.0001/checkpoint.pt
2025-05-01 07:14:47,504 - training.model_ResNet101_opt_AdamW_lr_0.0001 - INFO - Loading checkpoint from model_results_v2/model_ResNet101_opt_AdamW_lr_0.0001/checkpoint.pt
2025-05-01 07:14:48,751 - training.model_ResNet101_opt_AdamW_lr_0.0001 - INFO - Resuming from epoch 20, best validation accuracy: 0.9837
2025-05-01 07:14:48,751 - training.model_ResNet101_opt_AdamW_lr_0.0001 - INFO - Resuming from epoch 20, best validation accuracy: 0.9837
2025-05-01 07:14:48,751 - training.model_ResNet101_opt_AdamW_lr_0.0001 - INFO - Resuming from epoch 20, best validation accuracy: 0.9837
2025-05-01 07:14:48,751 - training.model_ResNet101_opt_AdamW_lr_0.0001 - INFO - Resuming from epoch 20, best validation accuracy: 0.9837
2025-05-01 07:14:48,751 - training.model_ResNet101_opt_AdamW_lr_0.0001 - INFO - Resuming from epoch 20, best validation accuracy: 0.9837
2025-05-01 07:14:48,751 - training.model_ResNet101_opt_AdamW_lr_0.0001 - INFO - Resuming from epoch 20, best validation accuracy: 0.9837
2025-05-01 07:14:48,751 - training.model_ResNet101_opt_AdamW_lr_0.0001 - INFO - Resuming from epoch 20, best validation accuracy: 0.9837
2025-05-01 07:14:48,751 - training.model_ResNet101_opt_AdamW_lr_0.0001 - INFO - Resuming from epoch 20, best validation accuracy: 0.9837
2025-05-01 07:14:48,751 - training.model_ResNet101_opt_AdamW_lr_0.0001 - INFO - Resuming from epoch 20, best validation accuracy: 0.9837
2025-05-01 07:14:48,751 - training.model_ResNet101_opt_AdamW_lr_0.0001 - INFO - Resuming from epoch 20, best validation accuracy: 0.9837
2025-05-01 07:14:48,751 - training.model_ResNet101_opt_AdamW_lr_0.0001 - INFO - Resuming from epoch 20, best validation accuracy: 0.9837
2025-05-01 07:14:48,751 - training.model_ResNet101_opt_AdamW_lr_0.0001 - INFO - Resuming from epoch 20, best validation accuracy: 0.9837
2025-05-01 07:14:48,752 - training.model_ResNet101_opt_AdamW_lr_0.0001 - INFO - Training completed after 1352.76 seconds
2025-05-01 07:14:48,752 - training.model_ResNet101_opt_AdamW_lr_0.0001 - INFO - Training completed after 1352.76 seconds
2025-05-01 07:14:48,752 - training.model_ResNet101_opt_AdamW_lr_0.0001 - INFO - Training completed after 1352.76 seconds
2025-05-01 07:14:48,752 - training.model_ResNet101_opt_AdamW_lr_0.0001 - INFO - Training completed after 1352.76 seconds
2025-05-01 07:14:48,752 - training.model_ResNet101_opt_AdamW_lr_0.0001 - INFO - Training completed after 1352.76 seconds
2025-05-01 07:14:48,752 - training.model_ResNet101_opt_AdamW_lr_0.0001 - INFO - Training completed after 1352.76 seconds
2025-05-01 07:14:48,752 - training.model_ResNet101_opt_AdamW_lr_0.0001 - INFO - Training completed after 1352.76 seconds
2025-05-01 07:14:48,752 - training.model_ResNet101_opt_AdamW_lr_0.0001 - INFO - Training completed after 1352.76 seconds
2025-05-01 07:14:48,752 - training.model_ResNet101_opt_AdamW_lr_0.0001 - INFO - Training completed after 1352.76 seconds
2025-05-01 07:14:48,752 - training.model_ResNet101_opt_AdamW_lr_0.0001 - INFO - Training completed after 1352.76 seconds
2025-05-01 07:14:48,752 - training.model_ResNet101_opt_AdamW_lr_0.0001 - INFO - Training completed after 1352.76 seconds
2025-05-01 07:14:48,752 - training.model_ResNet101_opt_AdamW_lr_0.0001 - INFO - Training completed after 1352.76 seconds
