2025-05-03 05:08:22,035 - training.model_DenseNet121_opt_AdamW_lr_0.01_id_505 - INFO - Initialized training manager for model_DenseNet121_opt_AdamW_lr_0.01_id_505
2025-05-03 05:08:22,036 - training.model_DenseNet121_opt_AdamW_lr_0.01_id_505 - INFO - Config: {
  "id": 505,
  "model_name": "DenseNet121",
  "optimizer": "AdamW",
  "learning_rate": 0.01,
  "scheduler": {
    "name": "StepLR",
    "step_size": 10,
    "gamma": 0.1
  },
  "loss_fn": {
    "name": "CrossEntropy"
  }
}
2025-05-03 05:16:48,829 - training.model_DenseNet121_opt_AdamW_lr_0.01_id_505 - INFO - Starting model evaluation
2025-05-03 05:17:00,807 - training.model_DenseNet121_opt_AdamW_lr_0.01_id_505 - INFO - Evaluation metrics:
  Accuracy:  0.7166
  Precision: 0.0000
  Recall:    0.0000
  F1 Score:  0.0000
  IoU:       0.0000
  mAP:       0.2778
  AUC:       0.5137
2025-05-03 05:17:00,809 - training.model_DenseNet121_opt_AdamW_lr_0.01_id_505 - INFO - Final results saved to model_results_v2/model_DenseNet121_opt_AdamW_lr_0.01_id_505/final_results.json
2025-05-03 05:17:00,811 - training.model_DenseNet121_opt_AdamW_lr_0.01_id_505 - INFO - Final results saved to model_results_v2/model_DenseNet121_opt_AdamW_lr_0.01_id_505/final_results.json
