2025-05-03 06:11:27,462 - training.model_DenseNet121_opt_AdamW_lr_0.0001_id_539 - INFO - Initialized training manager for model_DenseNet121_opt_AdamW_lr_0.0001_id_539
2025-05-03 06:11:27,462 - training.model_DenseNet121_opt_AdamW_lr_0.0001_id_539 - INFO - Config: {
  "id": 539,
  "model_name": "DenseNet121",
  "optimizer": "AdamW",
  "learning_rate": 0.0001,
  "scheduler": {
    "name": "CosineAnnealingWarmRestarts",
    "T_0": 10
  },
  "loss_fn": {
    "name": "FocalLoss",
    "alpha": 0.25,
    "gamma": 2.0
  }
}
2025-05-03 06:11:27,772 - training.model_DenseNet121_opt_AdamW_lr_0.0001_id_539 - INFO - Starting model evaluation
2025-05-03 06:11:39,455 - training.model_DenseNet121_opt_AdamW_lr_0.0001_id_539 - INFO - Evaluation metrics:
  Accuracy:  0.9604
  Precision: 0.9184
  Recall:    0.9441
  F1 Score:  0.9310
  IoU:       0.8710
  mAP:       0.9793
  AUC:       0.9919
2025-05-03 06:11:39,457 - training.model_DenseNet121_opt_AdamW_lr_0.0001_id_539 - INFO - Final results saved to model_results_v2/model_DenseNet121_opt_AdamW_lr_0.0001_id_539/final_results.json
2025-05-03 06:11:39,458 - training.model_DenseNet121_opt_AdamW_lr_0.0001_id_539 - INFO - Final results saved to model_results_v2/model_DenseNet121_opt_AdamW_lr_0.0001_id_539/final_results.json
