2025-05-01 05:42:30,153 - training.model_ResNet101_opt_Adam_lr_0.001_id_158 - INFO - Initialized training manager for model_ResNet101_opt_Adam_lr_0.001_id_158
2025-05-01 05:42:30,153 - training.model_ResNet101_opt_Adam_lr_0.001_id_158 - INFO - Config: {
  "id": 158,
  "model_name": "ResNet101",
  "optimizer": "Adam",
  "learning_rate": 0.001,
  "scheduler": {
    "name": "StepLR",
    "step_size": 10,
    "gamma": 0.1
  },
  "loss_fn": {
    "name": "FocalLoss",
    "alpha": 0.25,
    "gamma": 2.0
  }
}
2025-05-01 05:42:30,631 - training.model_ResNet101_opt_Adam_lr_0.001_id_158 - INFO - Starting model evaluation
2025-05-01 05:42:40,025 - training.model_ResNet101_opt_Adam_lr_0.001_id_158 - INFO - Evaluation metrics:
  Accuracy:  0.9049
  Precision: 0.8167
  Recall:    0.8566
  F1 Score:  0.8362
  IoU:       0.7185
  mAP:       0.9022
  AUC:       0.9592
2025-05-01 05:42:40,027 - training.model_ResNet101_opt_Adam_lr_0.001_id_158 - INFO - Final results saved to model_results_v2/model_ResNet101_opt_Adam_lr_0.001_id_158/final_results.json
2025-05-01 05:42:40,028 - training.model_ResNet101_opt_Adam_lr_0.001_id_158 - INFO - Final results saved to model_results_v2/model_ResNet101_opt_Adam_lr_0.001_id_158/final_results.json
