2025-05-01 09:01:40,594 - training.model_EfficientNet-B2_opt_Adam_lr_0.0001 - INFO - Initialized training manager for model_EfficientNet-B2_opt_Adam_lr_0.0001
2025-05-01 09:01:40,594 - training.model_EfficientNet-B2_opt_Adam_lr_0.0001 - INFO - Config: {
  "id": 277,
  "model_name": "EfficientNet-B2",
  "optimizer": "Adam",
  "learning_rate": 0.0001,
  "scheduler": {
    "name": "StepLR",
    "step_size": 10,
    "gamma": 0.1
  },
  "loss_fn": {
    "name": "CrossEntropy"
  }
}
2025-05-01 09:01:40,594 - training.model_EfficientNet-B2_opt_Adam_lr_0.0001 - INFO - No checkpoint found, starting fresh training
2025-05-01 09:01:40,596 - training.model_EfficientNet-B2_opt_Adam_lr_0.0001 - INFO - Starting epoch 1/20
2025-05-01 09:02:05,152 - training.model_EfficientNet-B2_opt_Adam_lr_0.0001 - INFO - Checkpoint saved at epoch 0
2025-05-01 09:02:38,484 - training.model_EfficientNet-B2_opt_Adam_lr_0.0001 - INFO - Validation accuracy improved from 0.0000 to 0.9605
2025-05-01 09:02:38,512 - training.model_EfficientNet-B2_opt_Adam_lr_0.0001 - INFO - Epoch 1 completed in 57.92s - Train Loss: 0.4593, Train Acc: 0.8672, Val Loss: 0.3570, Val Acc: 0.9605
2025-05-01 09:02:38,613 - training.model_EfficientNet-B2_opt_Adam_lr_0.0001 - INFO - Checkpoint saved at epoch 0
2025-05-01 09:02:38,614 - training.model_EfficientNet-B2_opt_Adam_lr_0.0001 - INFO - Starting epoch 2/20
2025-05-01 09:03:02,845 - training.model_EfficientNet-B2_opt_Adam_lr_0.0001 - INFO - Checkpoint saved at epoch 1
2025-05-01 09:03:34,713 - training.model_EfficientNet-B2_opt_Adam_lr_0.0001 - INFO - Validation accuracy improved from 0.9605 to 0.9760
2025-05-01 09:03:34,760 - training.model_EfficientNet-B2_opt_Adam_lr_0.0001 - INFO - Epoch 2 completed in 56.15s - Train Loss: 0.3570, Train Acc: 0.9603, Val Loss: 0.3372, Val Acc: 0.9760
2025-05-01 09:03:34,860 - training.model_EfficientNet-B2_opt_Adam_lr_0.0001 - INFO - Checkpoint saved at epoch 1
2025-05-01 09:03:34,861 - training.model_EfficientNet-B2_opt_Adam_lr_0.0001 - INFO - Starting epoch 3/20
2025-05-01 09:03:58,647 - training.model_EfficientNet-B2_opt_Adam_lr_0.0001 - INFO - Checkpoint saved at epoch 2
2025-05-01 09:04:31,228 - training.model_EfficientNet-B2_opt_Adam_lr_0.0001 - INFO - Validation accuracy improved from 0.9760 to 0.9846
2025-05-01 09:04:31,276 - training.model_EfficientNet-B2_opt_Adam_lr_0.0001 - INFO - Epoch 3 completed in 56.42s - Train Loss: 0.3467, Train Acc: 0.9685, Val Loss: 0.3299, Val Acc: 0.9846
2025-05-01 09:04:31,383 - training.model_EfficientNet-B2_opt_Adam_lr_0.0001 - INFO - Checkpoint saved at epoch 2
2025-05-01 09:04:31,384 - training.model_EfficientNet-B2_opt_Adam_lr_0.0001 - INFO - Starting epoch 4/20
2025-05-01 09:04:55,447 - training.model_EfficientNet-B2_opt_Adam_lr_0.0001 - INFO - Checkpoint saved at epoch 3
2025-05-01 09:05:27,667 - training.model_EfficientNet-B2_opt_Adam_lr_0.0001 - INFO - Validation loss improved from inf to 0.3306
2025-05-01 09:05:27,706 - training.model_EfficientNet-B2_opt_Adam_lr_0.0001 - INFO - Epoch 4 completed in 56.32s - Train Loss: 0.3368, Train Acc: 0.9788, Val Loss: 0.3306, Val Acc: 0.9803
2025-05-01 09:05:27,802 - training.model_EfficientNet-B2_opt_Adam_lr_0.0001 - INFO - Checkpoint saved at epoch 3
2025-05-01 09:05:27,803 - training.model_EfficientNet-B2_opt_Adam_lr_0.0001 - INFO - Starting epoch 5/20
2025-05-01 09:05:52,343 - training.model_EfficientNet-B2_opt_Adam_lr_0.0001 - INFO - Checkpoint saved at epoch 4
2025-05-01 09:06:24,776 - training.model_EfficientNet-B2_opt_Adam_lr_0.0001 - INFO - Validation loss improved from 0.3306 to 0.3296
2025-05-01 09:06:24,817 - training.model_EfficientNet-B2_opt_Adam_lr_0.0001 - INFO - Epoch 5 completed in 57.01s - Train Loss: 0.3359, Train Acc: 0.9768, Val Loss: 0.3296, Val Acc: 0.9837
2025-05-01 09:06:24,923 - training.model_EfficientNet-B2_opt_Adam_lr_0.0001 - INFO - Checkpoint saved at epoch 4
2025-05-01 09:06:24,923 - training.model_EfficientNet-B2_opt_Adam_lr_0.0001 - INFO - Starting epoch 6/20
2025-05-01 09:06:48,655 - training.model_EfficientNet-B2_opt_Adam_lr_0.0001 - INFO - Checkpoint saved at epoch 5
2025-05-01 09:07:22,237 - training.model_EfficientNet-B2_opt_Adam_lr_0.0001 - INFO - Validation loss improved from 0.3296 to 0.3292
2025-05-01 09:07:22,275 - training.model_EfficientNet-B2_opt_Adam_lr_0.0001 - INFO - Epoch 6 completed in 57.35s - Train Loss: 0.3286, Train Acc: 0.9850, Val Loss: 0.3292, Val Acc: 0.9846
2025-05-01 09:07:22,373 - training.model_EfficientNet-B2_opt_Adam_lr_0.0001 - INFO - Checkpoint saved at epoch 5
2025-05-01 09:07:22,374 - training.model_EfficientNet-B2_opt_Adam_lr_0.0001 - INFO - Starting epoch 7/20
2025-05-01 09:07:48,098 - training.model_EfficientNet-B2_opt_Adam_lr_0.0001 - INFO - Checkpoint saved at epoch 6
2025-05-01 09:08:21,530 - training.model_EfficientNet-B2_opt_Adam_lr_0.0001 - INFO - Epoch 7 completed in 59.16s - Train Loss: 0.3268, Train Acc: 0.9871, Val Loss: 0.3359, Val Acc: 0.9768
2025-05-01 09:08:21,656 - training.model_EfficientNet-B2_opt_Adam_lr_0.0001 - INFO - Checkpoint saved at epoch 6
2025-05-01 09:08:21,656 - training.model_EfficientNet-B2_opt_Adam_lr_0.0001 - INFO - Starting epoch 8/20
2025-05-01 09:08:46,725 - training.model_EfficientNet-B2_opt_Adam_lr_0.0001 - INFO - Checkpoint saved at epoch 7
2025-05-01 09:09:22,816 - training.model_EfficientNet-B2_opt_Adam_lr_0.0001 - INFO - Epoch 8 completed in 61.16s - Train Loss: 0.3242, Train Acc: 0.9901, Val Loss: 0.3318, Val Acc: 0.9786
2025-05-01 09:09:22,915 - training.model_EfficientNet-B2_opt_Adam_lr_0.0001 - INFO - Checkpoint saved at epoch 7
2025-05-01 09:09:22,916 - training.model_EfficientNet-B2_opt_Adam_lr_0.0001 - INFO - Starting epoch 9/20
2025-05-01 09:09:48,593 - training.model_EfficientNet-B2_opt_Adam_lr_0.0001 - INFO - Checkpoint saved at epoch 8
2025-05-01 09:10:21,952 - training.model_EfficientNet-B2_opt_Adam_lr_0.0001 - INFO - Epoch 9 completed in 59.04s - Train Loss: 0.3229, Train Acc: 0.9910, Val Loss: 0.3354, Val Acc: 0.9760
2025-05-01 09:10:22,061 - training.model_EfficientNet-B2_opt_Adam_lr_0.0001 - INFO - Checkpoint saved at epoch 8
2025-05-01 09:10:22,061 - training.model_EfficientNet-B2_opt_Adam_lr_0.0001 - INFO - Starting epoch 10/20
2025-05-01 09:10:47,716 - training.model_EfficientNet-B2_opt_Adam_lr_0.0001 - INFO - Checkpoint saved at epoch 9
2025-05-01 09:11:22,942 - training.model_EfficientNet-B2_opt_Adam_lr_0.0001 - INFO - Epoch 10 completed in 60.88s - Train Loss: 0.3320, Train Acc: 0.9824, Val Loss: 0.3331, Val Acc: 0.9803
2025-05-01 09:11:23,041 - training.model_EfficientNet-B2_opt_Adam_lr_0.0001 - INFO - Checkpoint saved at epoch 9
2025-05-01 09:11:23,042 - training.model_EfficientNet-B2_opt_Adam_lr_0.0001 - INFO - Starting epoch 11/20
2025-05-01 09:11:45,521 - training.model_EfficientNet-B2_opt_Adam_lr_0.0001 - INFO - Checkpoint saved at epoch 10
2025-05-01 09:12:18,652 - training.model_EfficientNet-B2_opt_Adam_lr_0.0001 - INFO - Epoch 11 completed in 55.61s - Train Loss: 0.3249, Train Acc: 0.9899, Val Loss: 0.3309, Val Acc: 0.9820
2025-05-01 09:12:18,789 - training.model_EfficientNet-B2_opt_Adam_lr_0.0001 - INFO - Checkpoint saved at epoch 10
2025-05-01 09:12:18,789 - training.model_EfficientNet-B2_opt_Adam_lr_0.0001 - INFO - Early stopping triggered after 11 epochs
2025-05-01 09:12:18,789 - training.model_EfficientNet-B2_opt_Adam_lr_0.0001 - INFO - Training completed after 638.06 seconds
2025-05-01 09:12:30,331 - training.model_EfficientNet-B2_opt_Adam_lr_0.0001 - INFO - Initialized training manager for model_EfficientNet-B2_opt_Adam_lr_0.0001
2025-05-01 09:12:30,331 - training.model_EfficientNet-B2_opt_Adam_lr_0.0001 - INFO - Initialized training manager for model_EfficientNet-B2_opt_Adam_lr_0.0001
2025-05-01 09:12:30,331 - training.model_EfficientNet-B2_opt_Adam_lr_0.0001 - INFO - Config: {
  "id": 278,
  "model_name": "EfficientNet-B2",
  "optimizer": "Adam",
  "learning_rate": 0.0001,
  "scheduler": {
    "name": "StepLR",
    "step_size": 10,
    "gamma": 0.1
  },
  "loss_fn": {
    "name": "FocalLoss",
    "alpha": 0.25,
    "gamma": 2.0
  }
}
2025-05-01 09:12:30,331 - training.model_EfficientNet-B2_opt_Adam_lr_0.0001 - INFO - Config: {
  "id": 278,
  "model_name": "EfficientNet-B2",
  "optimizer": "Adam",
  "learning_rate": 0.0001,
  "scheduler": {
    "name": "StepLR",
    "step_size": 10,
    "gamma": 0.1
  },
  "loss_fn": {
    "name": "FocalLoss",
    "alpha": 0.25,
    "gamma": 2.0
  }
}
2025-05-01 09:12:30,331 - training.model_EfficientNet-B2_opt_Adam_lr_0.0001 - INFO - Loading checkpoint from model_results_v2/model_EfficientNet-B2_opt_Adam_lr_0.0001/checkpoint.pt
2025-05-01 09:12:30,331 - training.model_EfficientNet-B2_opt_Adam_lr_0.0001 - INFO - Loading checkpoint from model_results_v2/model_EfficientNet-B2_opt_Adam_lr_0.0001/checkpoint.pt
2025-05-01 09:12:31,267 - training.model_EfficientNet-B2_opt_Adam_lr_0.0001 - INFO - Resuming from epoch 11, best validation accuracy: 0.9846
2025-05-01 09:12:31,267 - training.model_EfficientNet-B2_opt_Adam_lr_0.0001 - INFO - Resuming from epoch 11, best validation accuracy: 0.9846
2025-05-01 09:12:31,268 - training.model_EfficientNet-B2_opt_Adam_lr_0.0001 - INFO - Starting epoch 12/20
2025-05-01 09:12:31,268 - training.model_EfficientNet-B2_opt_Adam_lr_0.0001 - INFO - Starting epoch 12/20
2025-05-01 09:12:54,699 - training.model_EfficientNet-B2_opt_Adam_lr_0.0001 - INFO - Checkpoint saved at epoch 11
2025-05-01 09:12:54,699 - training.model_EfficientNet-B2_opt_Adam_lr_0.0001 - INFO - Checkpoint saved at epoch 11
2025-05-01 09:13:26,637 - training.model_EfficientNet-B2_opt_Adam_lr_0.0001 - INFO - Validation loss improved from 0.3292 to 0.0083
2025-05-01 09:13:26,637 - training.model_EfficientNet-B2_opt_Adam_lr_0.0001 - INFO - Validation loss improved from 0.3292 to 0.0083
2025-05-01 09:13:26,692 - training.model_EfficientNet-B2_opt_Adam_lr_0.0001 - INFO - Epoch 12 completed in 55.42s - Train Loss: 0.0070, Train Acc: 0.9901, Val Loss: 0.0083, Val Acc: 0.9820
2025-05-01 09:13:26,692 - training.model_EfficientNet-B2_opt_Adam_lr_0.0001 - INFO - Epoch 12 completed in 55.42s - Train Loss: 0.0070, Train Acc: 0.9901, Val Loss: 0.0083, Val Acc: 0.9820
2025-05-01 09:13:26,810 - training.model_EfficientNet-B2_opt_Adam_lr_0.0001 - INFO - Checkpoint saved at epoch 11
2025-05-01 09:13:26,810 - training.model_EfficientNet-B2_opt_Adam_lr_0.0001 - INFO - Checkpoint saved at epoch 11
2025-05-01 09:13:26,810 - training.model_EfficientNet-B2_opt_Adam_lr_0.0001 - INFO - Starting epoch 13/20
2025-05-01 09:13:26,810 - training.model_EfficientNet-B2_opt_Adam_lr_0.0001 - INFO - Starting epoch 13/20
2025-05-01 09:13:52,293 - training.model_EfficientNet-B2_opt_Adam_lr_0.0001 - INFO - Checkpoint saved at epoch 12
2025-05-01 09:13:52,293 - training.model_EfficientNet-B2_opt_Adam_lr_0.0001 - INFO - Checkpoint saved at epoch 12
2025-05-01 09:14:24,337 - training.model_EfficientNet-B2_opt_Adam_lr_0.0001 - INFO - Validation loss improved from 0.0083 to 0.0080
2025-05-01 09:14:24,337 - training.model_EfficientNet-B2_opt_Adam_lr_0.0001 - INFO - Validation loss improved from 0.0083 to 0.0080
2025-05-01 09:14:24,394 - training.model_EfficientNet-B2_opt_Adam_lr_0.0001 - INFO - Epoch 13 completed in 57.58s - Train Loss: 0.0068, Train Acc: 0.9923, Val Loss: 0.0080, Val Acc: 0.9837
2025-05-01 09:14:24,394 - training.model_EfficientNet-B2_opt_Adam_lr_0.0001 - INFO - Epoch 13 completed in 57.58s - Train Loss: 0.0068, Train Acc: 0.9923, Val Loss: 0.0080, Val Acc: 0.9837
2025-05-01 09:14:24,512 - training.model_EfficientNet-B2_opt_Adam_lr_0.0001 - INFO - Checkpoint saved at epoch 12
2025-05-01 09:14:24,512 - training.model_EfficientNet-B2_opt_Adam_lr_0.0001 - INFO - Checkpoint saved at epoch 12
2025-05-01 09:14:24,513 - training.model_EfficientNet-B2_opt_Adam_lr_0.0001 - INFO - Starting epoch 14/20
2025-05-01 09:14:24,513 - training.model_EfficientNet-B2_opt_Adam_lr_0.0001 - INFO - Starting epoch 14/20
2025-05-01 09:14:47,837 - training.model_EfficientNet-B2_opt_Adam_lr_0.0001 - INFO - Checkpoint saved at epoch 13
2025-05-01 09:14:47,837 - training.model_EfficientNet-B2_opt_Adam_lr_0.0001 - INFO - Checkpoint saved at epoch 13
2025-05-01 09:15:20,798 - training.model_EfficientNet-B2_opt_Adam_lr_0.0001 - INFO - Epoch 14 completed in 56.28s - Train Loss: 0.0067, Train Acc: 0.9936, Val Loss: 0.0082, Val Acc: 0.9837
2025-05-01 09:15:20,798 - training.model_EfficientNet-B2_opt_Adam_lr_0.0001 - INFO - Epoch 14 completed in 56.28s - Train Loss: 0.0067, Train Acc: 0.9936, Val Loss: 0.0082, Val Acc: 0.9837
2025-05-01 09:15:20,920 - training.model_EfficientNet-B2_opt_Adam_lr_0.0001 - INFO - Checkpoint saved at epoch 13
2025-05-01 09:15:20,920 - training.model_EfficientNet-B2_opt_Adam_lr_0.0001 - INFO - Checkpoint saved at epoch 13
2025-05-01 09:15:20,920 - training.model_EfficientNet-B2_opt_Adam_lr_0.0001 - INFO - Starting epoch 15/20
2025-05-01 09:15:20,920 - training.model_EfficientNet-B2_opt_Adam_lr_0.0001 - INFO - Starting epoch 15/20
2025-05-01 09:15:46,225 - training.model_EfficientNet-B2_opt_Adam_lr_0.0001 - INFO - Checkpoint saved at epoch 14
2025-05-01 09:15:46,225 - training.model_EfficientNet-B2_opt_Adam_lr_0.0001 - INFO - Checkpoint saved at epoch 14
2025-05-01 09:16:19,406 - training.model_EfficientNet-B2_opt_Adam_lr_0.0001 - INFO - Validation accuracy improved from 0.9846 to 0.9854
2025-05-01 09:16:19,406 - training.model_EfficientNet-B2_opt_Adam_lr_0.0001 - INFO - Validation accuracy improved from 0.9846 to 0.9854
2025-05-01 09:16:19,459 - training.model_EfficientNet-B2_opt_Adam_lr_0.0001 - INFO - Epoch 15 completed in 58.54s - Train Loss: 0.0067, Train Acc: 0.9936, Val Loss: 0.0077, Val Acc: 0.9854
2025-05-01 09:16:19,459 - training.model_EfficientNet-B2_opt_Adam_lr_0.0001 - INFO - Epoch 15 completed in 58.54s - Train Loss: 0.0067, Train Acc: 0.9936, Val Loss: 0.0077, Val Acc: 0.9854
2025-05-01 09:16:19,577 - training.model_EfficientNet-B2_opt_Adam_lr_0.0001 - INFO - Checkpoint saved at epoch 14
2025-05-01 09:16:19,577 - training.model_EfficientNet-B2_opt_Adam_lr_0.0001 - INFO - Checkpoint saved at epoch 14
2025-05-01 09:16:19,578 - training.model_EfficientNet-B2_opt_Adam_lr_0.0001 - INFO - Starting epoch 16/20
2025-05-01 09:16:19,578 - training.model_EfficientNet-B2_opt_Adam_lr_0.0001 - INFO - Starting epoch 16/20
2025-05-01 09:16:43,832 - training.model_EfficientNet-B2_opt_Adam_lr_0.0001 - INFO - Checkpoint saved at epoch 15
2025-05-01 09:16:43,832 - training.model_EfficientNet-B2_opt_Adam_lr_0.0001 - INFO - Checkpoint saved at epoch 15
2025-05-01 09:17:17,132 - training.model_EfficientNet-B2_opt_Adam_lr_0.0001 - INFO - Epoch 16 completed in 57.55s - Train Loss: 0.0065, Train Acc: 0.9940, Val Loss: 0.0081, Val Acc: 0.9854
2025-05-01 09:17:17,132 - training.model_EfficientNet-B2_opt_Adam_lr_0.0001 - INFO - Epoch 16 completed in 57.55s - Train Loss: 0.0065, Train Acc: 0.9940, Val Loss: 0.0081, Val Acc: 0.9854
2025-05-01 09:17:17,252 - training.model_EfficientNet-B2_opt_Adam_lr_0.0001 - INFO - Checkpoint saved at epoch 15
2025-05-01 09:17:17,252 - training.model_EfficientNet-B2_opt_Adam_lr_0.0001 - INFO - Checkpoint saved at epoch 15
2025-05-01 09:17:17,252 - training.model_EfficientNet-B2_opt_Adam_lr_0.0001 - INFO - Starting epoch 17/20
2025-05-01 09:17:17,252 - training.model_EfficientNet-B2_opt_Adam_lr_0.0001 - INFO - Starting epoch 17/20
2025-05-01 09:17:41,560 - training.model_EfficientNet-B2_opt_Adam_lr_0.0001 - INFO - Checkpoint saved at epoch 16
2025-05-01 09:17:41,560 - training.model_EfficientNet-B2_opt_Adam_lr_0.0001 - INFO - Checkpoint saved at epoch 16
2025-05-01 09:18:14,887 - training.model_EfficientNet-B2_opt_Adam_lr_0.0001 - INFO - Validation accuracy improved from 0.9854 to 0.9871
2025-05-01 09:18:14,887 - training.model_EfficientNet-B2_opt_Adam_lr_0.0001 - INFO - Validation accuracy improved from 0.9854 to 0.9871
2025-05-01 09:18:14,930 - training.model_EfficientNet-B2_opt_Adam_lr_0.0001 - INFO - Epoch 17 completed in 57.68s - Train Loss: 0.0067, Train Acc: 0.9927, Val Loss: 0.0077, Val Acc: 0.9871
2025-05-01 09:18:14,930 - training.model_EfficientNet-B2_opt_Adam_lr_0.0001 - INFO - Epoch 17 completed in 57.68s - Train Loss: 0.0067, Train Acc: 0.9927, Val Loss: 0.0077, Val Acc: 0.9871
2025-05-01 09:18:15,049 - training.model_EfficientNet-B2_opt_Adam_lr_0.0001 - INFO - Checkpoint saved at epoch 16
2025-05-01 09:18:15,049 - training.model_EfficientNet-B2_opt_Adam_lr_0.0001 - INFO - Checkpoint saved at epoch 16
2025-05-01 09:18:15,050 - training.model_EfficientNet-B2_opt_Adam_lr_0.0001 - INFO - Starting epoch 18/20
2025-05-01 09:18:15,050 - training.model_EfficientNet-B2_opt_Adam_lr_0.0001 - INFO - Starting epoch 18/20
2025-05-01 09:18:39,821 - training.model_EfficientNet-B2_opt_Adam_lr_0.0001 - INFO - Checkpoint saved at epoch 17
2025-05-01 09:18:39,821 - training.model_EfficientNet-B2_opt_Adam_lr_0.0001 - INFO - Checkpoint saved at epoch 17
2025-05-01 09:19:12,071 - training.model_EfficientNet-B2_opt_Adam_lr_0.0001 - INFO - Epoch 18 completed in 57.02s - Train Loss: 0.0065, Train Acc: 0.9944, Val Loss: 0.0083, Val Acc: 0.9820
2025-05-01 09:19:12,071 - training.model_EfficientNet-B2_opt_Adam_lr_0.0001 - INFO - Epoch 18 completed in 57.02s - Train Loss: 0.0065, Train Acc: 0.9944, Val Loss: 0.0083, Val Acc: 0.9820
2025-05-01 09:19:12,194 - training.model_EfficientNet-B2_opt_Adam_lr_0.0001 - INFO - Checkpoint saved at epoch 17
2025-05-01 09:19:12,194 - training.model_EfficientNet-B2_opt_Adam_lr_0.0001 - INFO - Checkpoint saved at epoch 17
2025-05-01 09:19:12,195 - training.model_EfficientNet-B2_opt_Adam_lr_0.0001 - INFO - Starting epoch 19/20
2025-05-01 09:19:12,195 - training.model_EfficientNet-B2_opt_Adam_lr_0.0001 - INFO - Starting epoch 19/20
2025-05-01 09:19:36,772 - training.model_EfficientNet-B2_opt_Adam_lr_0.0001 - INFO - Checkpoint saved at epoch 18
2025-05-01 09:19:36,772 - training.model_EfficientNet-B2_opt_Adam_lr_0.0001 - INFO - Checkpoint saved at epoch 18
2025-05-01 09:20:10,473 - training.model_EfficientNet-B2_opt_Adam_lr_0.0001 - INFO - Epoch 19 completed in 58.28s - Train Loss: 0.0065, Train Acc: 0.9946, Val Loss: 0.0080, Val Acc: 0.9854
2025-05-01 09:20:10,473 - training.model_EfficientNet-B2_opt_Adam_lr_0.0001 - INFO - Epoch 19 completed in 58.28s - Train Loss: 0.0065, Train Acc: 0.9946, Val Loss: 0.0080, Val Acc: 0.9854
2025-05-01 09:20:10,598 - training.model_EfficientNet-B2_opt_Adam_lr_0.0001 - INFO - Checkpoint saved at epoch 18
2025-05-01 09:20:10,598 - training.model_EfficientNet-B2_opt_Adam_lr_0.0001 - INFO - Checkpoint saved at epoch 18
2025-05-01 09:20:10,598 - training.model_EfficientNet-B2_opt_Adam_lr_0.0001 - INFO - Starting epoch 20/20
2025-05-01 09:20:10,598 - training.model_EfficientNet-B2_opt_Adam_lr_0.0001 - INFO - Starting epoch 20/20
2025-05-01 09:20:35,504 - training.model_EfficientNet-B2_opt_Adam_lr_0.0001 - INFO - Checkpoint saved at epoch 19
2025-05-01 09:20:35,504 - training.model_EfficientNet-B2_opt_Adam_lr_0.0001 - INFO - Checkpoint saved at epoch 19
2025-05-01 09:21:08,767 - training.model_EfficientNet-B2_opt_Adam_lr_0.0001 - INFO - Epoch 20 completed in 58.17s - Train Loss: 0.0064, Train Acc: 0.9944, Val Loss: 0.0080, Val Acc: 0.9846
2025-05-01 09:21:08,767 - training.model_EfficientNet-B2_opt_Adam_lr_0.0001 - INFO - Epoch 20 completed in 58.17s - Train Loss: 0.0064, Train Acc: 0.9944, Val Loss: 0.0080, Val Acc: 0.9846
2025-05-01 09:21:08,897 - training.model_EfficientNet-B2_opt_Adam_lr_0.0001 - INFO - Checkpoint saved at epoch 19
2025-05-01 09:21:08,897 - training.model_EfficientNet-B2_opt_Adam_lr_0.0001 - INFO - Checkpoint saved at epoch 19
2025-05-01 09:21:08,898 - training.model_EfficientNet-B2_opt_Adam_lr_0.0001 - INFO - Training completed after 1155.55 seconds
2025-05-01 09:21:08,898 - training.model_EfficientNet-B2_opt_Adam_lr_0.0001 - INFO - Training completed after 1155.55 seconds
2025-05-01 09:21:20,913 - training.model_EfficientNet-B2_opt_Adam_lr_0.0001 - INFO - Initialized training manager for model_EfficientNet-B2_opt_Adam_lr_0.0001
2025-05-01 09:21:20,913 - training.model_EfficientNet-B2_opt_Adam_lr_0.0001 - INFO - Initialized training manager for model_EfficientNet-B2_opt_Adam_lr_0.0001
2025-05-01 09:21:20,913 - training.model_EfficientNet-B2_opt_Adam_lr_0.0001 - INFO - Initialized training manager for model_EfficientNet-B2_opt_Adam_lr_0.0001
2025-05-01 09:21:20,913 - training.model_EfficientNet-B2_opt_Adam_lr_0.0001 - INFO - Config: {
  "id": 279,
  "model_name": "EfficientNet-B2",
  "optimizer": "Adam",
  "learning_rate": 0.0001,
  "scheduler": {
    "name": "StepLR",
    "step_size": 10,
    "gamma": 0.1
  },
  "loss_fn": {
    "name": "LabelSmoothing",
    "smoothing": 0.1
  }
}
2025-05-01 09:21:20,913 - training.model_EfficientNet-B2_opt_Adam_lr_0.0001 - INFO - Config: {
  "id": 279,
  "model_name": "EfficientNet-B2",
  "optimizer": "Adam",
  "learning_rate": 0.0001,
  "scheduler": {
    "name": "StepLR",
    "step_size": 10,
    "gamma": 0.1
  },
  "loss_fn": {
    "name": "LabelSmoothing",
    "smoothing": 0.1
  }
}
2025-05-01 09:21:20,913 - training.model_EfficientNet-B2_opt_Adam_lr_0.0001 - INFO - Config: {
  "id": 279,
  "model_name": "EfficientNet-B2",
  "optimizer": "Adam",
  "learning_rate": 0.0001,
  "scheduler": {
    "name": "StepLR",
    "step_size": 10,
    "gamma": 0.1
  },
  "loss_fn": {
    "name": "LabelSmoothing",
    "smoothing": 0.1
  }
}
2025-05-01 09:21:20,913 - training.model_EfficientNet-B2_opt_Adam_lr_0.0001 - INFO - Loading checkpoint from model_results_v2/model_EfficientNet-B2_opt_Adam_lr_0.0001/checkpoint.pt
2025-05-01 09:21:20,913 - training.model_EfficientNet-B2_opt_Adam_lr_0.0001 - INFO - Loading checkpoint from model_results_v2/model_EfficientNet-B2_opt_Adam_lr_0.0001/checkpoint.pt
2025-05-01 09:21:20,913 - training.model_EfficientNet-B2_opt_Adam_lr_0.0001 - INFO - Loading checkpoint from model_results_v2/model_EfficientNet-B2_opt_Adam_lr_0.0001/checkpoint.pt
2025-05-01 09:21:21,706 - training.model_EfficientNet-B2_opt_Adam_lr_0.0001 - INFO - Resuming from epoch 20, best validation accuracy: 0.9871
2025-05-01 09:21:21,706 - training.model_EfficientNet-B2_opt_Adam_lr_0.0001 - INFO - Resuming from epoch 20, best validation accuracy: 0.9871
2025-05-01 09:21:21,706 - training.model_EfficientNet-B2_opt_Adam_lr_0.0001 - INFO - Resuming from epoch 20, best validation accuracy: 0.9871
2025-05-01 09:21:21,708 - training.model_EfficientNet-B2_opt_Adam_lr_0.0001 - INFO - Training completed after 1155.55 seconds
2025-05-01 09:21:21,708 - training.model_EfficientNet-B2_opt_Adam_lr_0.0001 - INFO - Training completed after 1155.55 seconds
2025-05-01 09:21:21,708 - training.model_EfficientNet-B2_opt_Adam_lr_0.0001 - INFO - Training completed after 1155.55 seconds
2025-05-01 09:21:33,700 - training.model_EfficientNet-B2_opt_Adam_lr_0.0001 - INFO - Initialized training manager for model_EfficientNet-B2_opt_Adam_lr_0.0001
2025-05-01 09:21:33,700 - training.model_EfficientNet-B2_opt_Adam_lr_0.0001 - INFO - Initialized training manager for model_EfficientNet-B2_opt_Adam_lr_0.0001
2025-05-01 09:21:33,700 - training.model_EfficientNet-B2_opt_Adam_lr_0.0001 - INFO - Initialized training manager for model_EfficientNet-B2_opt_Adam_lr_0.0001
2025-05-01 09:21:33,700 - training.model_EfficientNet-B2_opt_Adam_lr_0.0001 - INFO - Initialized training manager for model_EfficientNet-B2_opt_Adam_lr_0.0001
2025-05-01 09:21:33,700 - training.model_EfficientNet-B2_opt_Adam_lr_0.0001 - INFO - Config: {
  "id": 280,
  "model_name": "EfficientNet-B2",
  "optimizer": "Adam",
  "learning_rate": 0.0001,
  "scheduler": {
    "name": "ReduceLROnPlateau",
    "patience": 5,
    "factor": 0.5
  },
  "loss_fn": {
    "name": "CrossEntropy"
  }
}
2025-05-01 09:21:33,700 - training.model_EfficientNet-B2_opt_Adam_lr_0.0001 - INFO - Config: {
  "id": 280,
  "model_name": "EfficientNet-B2",
  "optimizer": "Adam",
  "learning_rate": 0.0001,
  "scheduler": {
    "name": "ReduceLROnPlateau",
    "patience": 5,
    "factor": 0.5
  },
  "loss_fn": {
    "name": "CrossEntropy"
  }
}
2025-05-01 09:21:33,700 - training.model_EfficientNet-B2_opt_Adam_lr_0.0001 - INFO - Config: {
  "id": 280,
  "model_name": "EfficientNet-B2",
  "optimizer": "Adam",
  "learning_rate": 0.0001,
  "scheduler": {
    "name": "ReduceLROnPlateau",
    "patience": 5,
    "factor": 0.5
  },
  "loss_fn": {
    "name": "CrossEntropy"
  }
}
2025-05-01 09:21:33,700 - training.model_EfficientNet-B2_opt_Adam_lr_0.0001 - INFO - Config: {
  "id": 280,
  "model_name": "EfficientNet-B2",
  "optimizer": "Adam",
  "learning_rate": 0.0001,
  "scheduler": {
    "name": "ReduceLROnPlateau",
    "patience": 5,
    "factor": 0.5
  },
  "loss_fn": {
    "name": "CrossEntropy"
  }
}
2025-05-01 09:21:33,700 - training.model_EfficientNet-B2_opt_Adam_lr_0.0001 - INFO - Loading checkpoint from model_results_v2/model_EfficientNet-B2_opt_Adam_lr_0.0001/checkpoint.pt
2025-05-01 09:21:33,700 - training.model_EfficientNet-B2_opt_Adam_lr_0.0001 - INFO - Loading checkpoint from model_results_v2/model_EfficientNet-B2_opt_Adam_lr_0.0001/checkpoint.pt
2025-05-01 09:21:33,700 - training.model_EfficientNet-B2_opt_Adam_lr_0.0001 - INFO - Loading checkpoint from model_results_v2/model_EfficientNet-B2_opt_Adam_lr_0.0001/checkpoint.pt
2025-05-01 09:21:33,700 - training.model_EfficientNet-B2_opt_Adam_lr_0.0001 - INFO - Loading checkpoint from model_results_v2/model_EfficientNet-B2_opt_Adam_lr_0.0001/checkpoint.pt
2025-05-01 09:21:34,492 - training.model_EfficientNet-B2_opt_Adam_lr_0.0001 - INFO - Resuming from epoch 20, best validation accuracy: 0.9871
2025-05-01 09:21:34,492 - training.model_EfficientNet-B2_opt_Adam_lr_0.0001 - INFO - Resuming from epoch 20, best validation accuracy: 0.9871
2025-05-01 09:21:34,492 - training.model_EfficientNet-B2_opt_Adam_lr_0.0001 - INFO - Resuming from epoch 20, best validation accuracy: 0.9871
2025-05-01 09:21:34,492 - training.model_EfficientNet-B2_opt_Adam_lr_0.0001 - INFO - Resuming from epoch 20, best validation accuracy: 0.9871
2025-05-01 09:21:34,494 - training.model_EfficientNet-B2_opt_Adam_lr_0.0001 - INFO - Training completed after 1155.55 seconds
2025-05-01 09:21:34,494 - training.model_EfficientNet-B2_opt_Adam_lr_0.0001 - INFO - Training completed after 1155.55 seconds
2025-05-01 09:21:34,494 - training.model_EfficientNet-B2_opt_Adam_lr_0.0001 - INFO - Training completed after 1155.55 seconds
2025-05-01 09:21:34,494 - training.model_EfficientNet-B2_opt_Adam_lr_0.0001 - INFO - Training completed after 1155.55 seconds
2025-05-01 09:21:46,170 - training.model_EfficientNet-B2_opt_Adam_lr_0.0001 - INFO - Initialized training manager for model_EfficientNet-B2_opt_Adam_lr_0.0001
2025-05-01 09:21:46,170 - training.model_EfficientNet-B2_opt_Adam_lr_0.0001 - INFO - Initialized training manager for model_EfficientNet-B2_opt_Adam_lr_0.0001
2025-05-01 09:21:46,170 - training.model_EfficientNet-B2_opt_Adam_lr_0.0001 - INFO - Initialized training manager for model_EfficientNet-B2_opt_Adam_lr_0.0001
2025-05-01 09:21:46,170 - training.model_EfficientNet-B2_opt_Adam_lr_0.0001 - INFO - Initialized training manager for model_EfficientNet-B2_opt_Adam_lr_0.0001
2025-05-01 09:21:46,170 - training.model_EfficientNet-B2_opt_Adam_lr_0.0001 - INFO - Initialized training manager for model_EfficientNet-B2_opt_Adam_lr_0.0001
2025-05-01 09:21:46,171 - training.model_EfficientNet-B2_opt_Adam_lr_0.0001 - INFO - Config: {
  "id": 281,
  "model_name": "EfficientNet-B2",
  "optimizer": "Adam",
  "learning_rate": 0.0001,
  "scheduler": {
    "name": "ReduceLROnPlateau",
    "patience": 5,
    "factor": 0.5
  },
  "loss_fn": {
    "name": "FocalLoss",
    "alpha": 0.25,
    "gamma": 2.0
  }
}
2025-05-01 09:21:46,171 - training.model_EfficientNet-B2_opt_Adam_lr_0.0001 - INFO - Config: {
  "id": 281,
  "model_name": "EfficientNet-B2",
  "optimizer": "Adam",
  "learning_rate": 0.0001,
  "scheduler": {
    "name": "ReduceLROnPlateau",
    "patience": 5,
    "factor": 0.5
  },
  "loss_fn": {
    "name": "FocalLoss",
    "alpha": 0.25,
    "gamma": 2.0
  }
}
2025-05-01 09:21:46,171 - training.model_EfficientNet-B2_opt_Adam_lr_0.0001 - INFO - Config: {
  "id": 281,
  "model_name": "EfficientNet-B2",
  "optimizer": "Adam",
  "learning_rate": 0.0001,
  "scheduler": {
    "name": "ReduceLROnPlateau",
    "patience": 5,
    "factor": 0.5
  },
  "loss_fn": {
    "name": "FocalLoss",
    "alpha": 0.25,
    "gamma": 2.0
  }
}
2025-05-01 09:21:46,171 - training.model_EfficientNet-B2_opt_Adam_lr_0.0001 - INFO - Config: {
  "id": 281,
  "model_name": "EfficientNet-B2",
  "optimizer": "Adam",
  "learning_rate": 0.0001,
  "scheduler": {
    "name": "ReduceLROnPlateau",
    "patience": 5,
    "factor": 0.5
  },
  "loss_fn": {
    "name": "FocalLoss",
    "alpha": 0.25,
    "gamma": 2.0
  }
}
2025-05-01 09:21:46,171 - training.model_EfficientNet-B2_opt_Adam_lr_0.0001 - INFO - Config: {
  "id": 281,
  "model_name": "EfficientNet-B2",
  "optimizer": "Adam",
  "learning_rate": 0.0001,
  "scheduler": {
    "name": "ReduceLROnPlateau",
    "patience": 5,
    "factor": 0.5
  },
  "loss_fn": {
    "name": "FocalLoss",
    "alpha": 0.25,
    "gamma": 2.0
  }
}
2025-05-01 09:21:46,171 - training.model_EfficientNet-B2_opt_Adam_lr_0.0001 - INFO - Loading checkpoint from model_results_v2/model_EfficientNet-B2_opt_Adam_lr_0.0001/checkpoint.pt
2025-05-01 09:21:46,171 - training.model_EfficientNet-B2_opt_Adam_lr_0.0001 - INFO - Loading checkpoint from model_results_v2/model_EfficientNet-B2_opt_Adam_lr_0.0001/checkpoint.pt
2025-05-01 09:21:46,171 - training.model_EfficientNet-B2_opt_Adam_lr_0.0001 - INFO - Loading checkpoint from model_results_v2/model_EfficientNet-B2_opt_Adam_lr_0.0001/checkpoint.pt
2025-05-01 09:21:46,171 - training.model_EfficientNet-B2_opt_Adam_lr_0.0001 - INFO - Loading checkpoint from model_results_v2/model_EfficientNet-B2_opt_Adam_lr_0.0001/checkpoint.pt
2025-05-01 09:21:46,171 - training.model_EfficientNet-B2_opt_Adam_lr_0.0001 - INFO - Loading checkpoint from model_results_v2/model_EfficientNet-B2_opt_Adam_lr_0.0001/checkpoint.pt
2025-05-01 09:21:46,966 - training.model_EfficientNet-B2_opt_Adam_lr_0.0001 - INFO - Resuming from epoch 20, best validation accuracy: 0.9871
2025-05-01 09:21:46,966 - training.model_EfficientNet-B2_opt_Adam_lr_0.0001 - INFO - Resuming from epoch 20, best validation accuracy: 0.9871
2025-05-01 09:21:46,966 - training.model_EfficientNet-B2_opt_Adam_lr_0.0001 - INFO - Resuming from epoch 20, best validation accuracy: 0.9871
2025-05-01 09:21:46,966 - training.model_EfficientNet-B2_opt_Adam_lr_0.0001 - INFO - Resuming from epoch 20, best validation accuracy: 0.9871
2025-05-01 09:21:46,966 - training.model_EfficientNet-B2_opt_Adam_lr_0.0001 - INFO - Resuming from epoch 20, best validation accuracy: 0.9871
2025-05-01 09:21:46,967 - training.model_EfficientNet-B2_opt_Adam_lr_0.0001 - INFO - Training completed after 1155.55 seconds
2025-05-01 09:21:46,967 - training.model_EfficientNet-B2_opt_Adam_lr_0.0001 - INFO - Training completed after 1155.55 seconds
2025-05-01 09:21:46,967 - training.model_EfficientNet-B2_opt_Adam_lr_0.0001 - INFO - Training completed after 1155.55 seconds
2025-05-01 09:21:46,967 - training.model_EfficientNet-B2_opt_Adam_lr_0.0001 - INFO - Training completed after 1155.55 seconds
2025-05-01 09:21:46,967 - training.model_EfficientNet-B2_opt_Adam_lr_0.0001 - INFO - Training completed after 1155.55 seconds
2025-05-01 09:21:58,482 - training.model_EfficientNet-B2_opt_Adam_lr_0.0001 - INFO - Initialized training manager for model_EfficientNet-B2_opt_Adam_lr_0.0001
2025-05-01 09:21:58,482 - training.model_EfficientNet-B2_opt_Adam_lr_0.0001 - INFO - Initialized training manager for model_EfficientNet-B2_opt_Adam_lr_0.0001
2025-05-01 09:21:58,482 - training.model_EfficientNet-B2_opt_Adam_lr_0.0001 - INFO - Initialized training manager for model_EfficientNet-B2_opt_Adam_lr_0.0001
2025-05-01 09:21:58,482 - training.model_EfficientNet-B2_opt_Adam_lr_0.0001 - INFO - Initialized training manager for model_EfficientNet-B2_opt_Adam_lr_0.0001
2025-05-01 09:21:58,482 - training.model_EfficientNet-B2_opt_Adam_lr_0.0001 - INFO - Initialized training manager for model_EfficientNet-B2_opt_Adam_lr_0.0001
2025-05-01 09:21:58,482 - training.model_EfficientNet-B2_opt_Adam_lr_0.0001 - INFO - Initialized training manager for model_EfficientNet-B2_opt_Adam_lr_0.0001
2025-05-01 09:21:58,482 - training.model_EfficientNet-B2_opt_Adam_lr_0.0001 - INFO - Config: {
  "id": 282,
  "model_name": "EfficientNet-B2",
  "optimizer": "Adam",
  "learning_rate": 0.0001,
  "scheduler": {
    "name": "ReduceLROnPlateau",
    "patience": 5,
    "factor": 0.5
  },
  "loss_fn": {
    "name": "LabelSmoothing",
    "smoothing": 0.1
  }
}
2025-05-01 09:21:58,482 - training.model_EfficientNet-B2_opt_Adam_lr_0.0001 - INFO - Config: {
  "id": 282,
  "model_name": "EfficientNet-B2",
  "optimizer": "Adam",
  "learning_rate": 0.0001,
  "scheduler": {
    "name": "ReduceLROnPlateau",
    "patience": 5,
    "factor": 0.5
  },
  "loss_fn": {
    "name": "LabelSmoothing",
    "smoothing": 0.1
  }
}
2025-05-01 09:21:58,482 - training.model_EfficientNet-B2_opt_Adam_lr_0.0001 - INFO - Config: {
  "id": 282,
  "model_name": "EfficientNet-B2",
  "optimizer": "Adam",
  "learning_rate": 0.0001,
  "scheduler": {
    "name": "ReduceLROnPlateau",
    "patience": 5,
    "factor": 0.5
  },
  "loss_fn": {
    "name": "LabelSmoothing",
    "smoothing": 0.1
  }
}
2025-05-01 09:21:58,482 - training.model_EfficientNet-B2_opt_Adam_lr_0.0001 - INFO - Config: {
  "id": 282,
  "model_name": "EfficientNet-B2",
  "optimizer": "Adam",
  "learning_rate": 0.0001,
  "scheduler": {
    "name": "ReduceLROnPlateau",
    "patience": 5,
    "factor": 0.5
  },
  "loss_fn": {
    "name": "LabelSmoothing",
    "smoothing": 0.1
  }
}
2025-05-01 09:21:58,482 - training.model_EfficientNet-B2_opt_Adam_lr_0.0001 - INFO - Config: {
  "id": 282,
  "model_name": "EfficientNet-B2",
  "optimizer": "Adam",
  "learning_rate": 0.0001,
  "scheduler": {
    "name": "ReduceLROnPlateau",
    "patience": 5,
    "factor": 0.5
  },
  "loss_fn": {
    "name": "LabelSmoothing",
    "smoothing": 0.1
  }
}
2025-05-01 09:21:58,482 - training.model_EfficientNet-B2_opt_Adam_lr_0.0001 - INFO - Config: {
  "id": 282,
  "model_name": "EfficientNet-B2",
  "optimizer": "Adam",
  "learning_rate": 0.0001,
  "scheduler": {
    "name": "ReduceLROnPlateau",
    "patience": 5,
    "factor": 0.5
  },
  "loss_fn": {
    "name": "LabelSmoothing",
    "smoothing": 0.1
  }
}
2025-05-01 09:21:58,482 - training.model_EfficientNet-B2_opt_Adam_lr_0.0001 - INFO - Loading checkpoint from model_results_v2/model_EfficientNet-B2_opt_Adam_lr_0.0001/checkpoint.pt
2025-05-01 09:21:58,482 - training.model_EfficientNet-B2_opt_Adam_lr_0.0001 - INFO - Loading checkpoint from model_results_v2/model_EfficientNet-B2_opt_Adam_lr_0.0001/checkpoint.pt
2025-05-01 09:21:58,482 - training.model_EfficientNet-B2_opt_Adam_lr_0.0001 - INFO - Loading checkpoint from model_results_v2/model_EfficientNet-B2_opt_Adam_lr_0.0001/checkpoint.pt
2025-05-01 09:21:58,482 - training.model_EfficientNet-B2_opt_Adam_lr_0.0001 - INFO - Loading checkpoint from model_results_v2/model_EfficientNet-B2_opt_Adam_lr_0.0001/checkpoint.pt
2025-05-01 09:21:58,482 - training.model_EfficientNet-B2_opt_Adam_lr_0.0001 - INFO - Loading checkpoint from model_results_v2/model_EfficientNet-B2_opt_Adam_lr_0.0001/checkpoint.pt
2025-05-01 09:21:58,482 - training.model_EfficientNet-B2_opt_Adam_lr_0.0001 - INFO - Loading checkpoint from model_results_v2/model_EfficientNet-B2_opt_Adam_lr_0.0001/checkpoint.pt
2025-05-01 09:21:59,394 - training.model_EfficientNet-B2_opt_Adam_lr_0.0001 - INFO - Resuming from epoch 20, best validation accuracy: 0.9871
2025-05-01 09:21:59,394 - training.model_EfficientNet-B2_opt_Adam_lr_0.0001 - INFO - Resuming from epoch 20, best validation accuracy: 0.9871
2025-05-01 09:21:59,394 - training.model_EfficientNet-B2_opt_Adam_lr_0.0001 - INFO - Resuming from epoch 20, best validation accuracy: 0.9871
2025-05-01 09:21:59,394 - training.model_EfficientNet-B2_opt_Adam_lr_0.0001 - INFO - Resuming from epoch 20, best validation accuracy: 0.9871
2025-05-01 09:21:59,394 - training.model_EfficientNet-B2_opt_Adam_lr_0.0001 - INFO - Resuming from epoch 20, best validation accuracy: 0.9871
2025-05-01 09:21:59,394 - training.model_EfficientNet-B2_opt_Adam_lr_0.0001 - INFO - Resuming from epoch 20, best validation accuracy: 0.9871
2025-05-01 09:21:59,396 - training.model_EfficientNet-B2_opt_Adam_lr_0.0001 - INFO - Training completed after 1155.55 seconds
2025-05-01 09:21:59,396 - training.model_EfficientNet-B2_opt_Adam_lr_0.0001 - INFO - Training completed after 1155.55 seconds
2025-05-01 09:21:59,396 - training.model_EfficientNet-B2_opt_Adam_lr_0.0001 - INFO - Training completed after 1155.55 seconds
2025-05-01 09:21:59,396 - training.model_EfficientNet-B2_opt_Adam_lr_0.0001 - INFO - Training completed after 1155.55 seconds
2025-05-01 09:21:59,396 - training.model_EfficientNet-B2_opt_Adam_lr_0.0001 - INFO - Training completed after 1155.55 seconds
2025-05-01 09:21:59,396 - training.model_EfficientNet-B2_opt_Adam_lr_0.0001 - INFO - Training completed after 1155.55 seconds
2025-05-01 09:22:11,305 - training.model_EfficientNet-B2_opt_Adam_lr_0.0001 - INFO - Initialized training manager for model_EfficientNet-B2_opt_Adam_lr_0.0001
2025-05-01 09:22:11,305 - training.model_EfficientNet-B2_opt_Adam_lr_0.0001 - INFO - Initialized training manager for model_EfficientNet-B2_opt_Adam_lr_0.0001
2025-05-01 09:22:11,305 - training.model_EfficientNet-B2_opt_Adam_lr_0.0001 - INFO - Initialized training manager for model_EfficientNet-B2_opt_Adam_lr_0.0001
2025-05-01 09:22:11,305 - training.model_EfficientNet-B2_opt_Adam_lr_0.0001 - INFO - Initialized training manager for model_EfficientNet-B2_opt_Adam_lr_0.0001
2025-05-01 09:22:11,305 - training.model_EfficientNet-B2_opt_Adam_lr_0.0001 - INFO - Initialized training manager for model_EfficientNet-B2_opt_Adam_lr_0.0001
2025-05-01 09:22:11,305 - training.model_EfficientNet-B2_opt_Adam_lr_0.0001 - INFO - Initialized training manager for model_EfficientNet-B2_opt_Adam_lr_0.0001
2025-05-01 09:22:11,305 - training.model_EfficientNet-B2_opt_Adam_lr_0.0001 - INFO - Initialized training manager for model_EfficientNet-B2_opt_Adam_lr_0.0001
2025-05-01 09:22:11,305 - training.model_EfficientNet-B2_opt_Adam_lr_0.0001 - INFO - Config: {
  "id": 283,
  "model_name": "EfficientNet-B2",
  "optimizer": "Adam",
  "learning_rate": 0.0001,
  "scheduler": {
    "name": "CosineAnnealingLR",
    "T_max": 10
  },
  "loss_fn": {
    "name": "CrossEntropy"
  }
}
2025-05-01 09:22:11,305 - training.model_EfficientNet-B2_opt_Adam_lr_0.0001 - INFO - Config: {
  "id": 283,
  "model_name": "EfficientNet-B2",
  "optimizer": "Adam",
  "learning_rate": 0.0001,
  "scheduler": {
    "name": "CosineAnnealingLR",
    "T_max": 10
  },
  "loss_fn": {
    "name": "CrossEntropy"
  }
}
2025-05-01 09:22:11,305 - training.model_EfficientNet-B2_opt_Adam_lr_0.0001 - INFO - Config: {
  "id": 283,
  "model_name": "EfficientNet-B2",
  "optimizer": "Adam",
  "learning_rate": 0.0001,
  "scheduler": {
    "name": "CosineAnnealingLR",
    "T_max": 10
  },
  "loss_fn": {
    "name": "CrossEntropy"
  }
}
2025-05-01 09:22:11,305 - training.model_EfficientNet-B2_opt_Adam_lr_0.0001 - INFO - Config: {
  "id": 283,
  "model_name": "EfficientNet-B2",
  "optimizer": "Adam",
  "learning_rate": 0.0001,
  "scheduler": {
    "name": "CosineAnnealingLR",
    "T_max": 10
  },
  "loss_fn": {
    "name": "CrossEntropy"
  }
}
2025-05-01 09:22:11,305 - training.model_EfficientNet-B2_opt_Adam_lr_0.0001 - INFO - Config: {
  "id": 283,
  "model_name": "EfficientNet-B2",
  "optimizer": "Adam",
  "learning_rate": 0.0001,
  "scheduler": {
    "name": "CosineAnnealingLR",
    "T_max": 10
  },
  "loss_fn": {
    "name": "CrossEntropy"
  }
}
2025-05-01 09:22:11,305 - training.model_EfficientNet-B2_opt_Adam_lr_0.0001 - INFO - Config: {
  "id": 283,
  "model_name": "EfficientNet-B2",
  "optimizer": "Adam",
  "learning_rate": 0.0001,
  "scheduler": {
    "name": "CosineAnnealingLR",
    "T_max": 10
  },
  "loss_fn": {
    "name": "CrossEntropy"
  }
}
2025-05-01 09:22:11,305 - training.model_EfficientNet-B2_opt_Adam_lr_0.0001 - INFO - Config: {
  "id": 283,
  "model_name": "EfficientNet-B2",
  "optimizer": "Adam",
  "learning_rate": 0.0001,
  "scheduler": {
    "name": "CosineAnnealingLR",
    "T_max": 10
  },
  "loss_fn": {
    "name": "CrossEntropy"
  }
}
2025-05-01 09:22:11,305 - training.model_EfficientNet-B2_opt_Adam_lr_0.0001 - INFO - Loading checkpoint from model_results_v2/model_EfficientNet-B2_opt_Adam_lr_0.0001/checkpoint.pt
2025-05-01 09:22:11,305 - training.model_EfficientNet-B2_opt_Adam_lr_0.0001 - INFO - Loading checkpoint from model_results_v2/model_EfficientNet-B2_opt_Adam_lr_0.0001/checkpoint.pt
2025-05-01 09:22:11,305 - training.model_EfficientNet-B2_opt_Adam_lr_0.0001 - INFO - Loading checkpoint from model_results_v2/model_EfficientNet-B2_opt_Adam_lr_0.0001/checkpoint.pt
2025-05-01 09:22:11,305 - training.model_EfficientNet-B2_opt_Adam_lr_0.0001 - INFO - Loading checkpoint from model_results_v2/model_EfficientNet-B2_opt_Adam_lr_0.0001/checkpoint.pt
2025-05-01 09:22:11,305 - training.model_EfficientNet-B2_opt_Adam_lr_0.0001 - INFO - Loading checkpoint from model_results_v2/model_EfficientNet-B2_opt_Adam_lr_0.0001/checkpoint.pt
2025-05-01 09:22:11,305 - training.model_EfficientNet-B2_opt_Adam_lr_0.0001 - INFO - Loading checkpoint from model_results_v2/model_EfficientNet-B2_opt_Adam_lr_0.0001/checkpoint.pt
2025-05-01 09:22:11,305 - training.model_EfficientNet-B2_opt_Adam_lr_0.0001 - INFO - Loading checkpoint from model_results_v2/model_EfficientNet-B2_opt_Adam_lr_0.0001/checkpoint.pt
2025-05-01 09:22:12,229 - training.model_EfficientNet-B2_opt_Adam_lr_0.0001 - INFO - Resuming from epoch 20, best validation accuracy: 0.9871
2025-05-01 09:22:12,229 - training.model_EfficientNet-B2_opt_Adam_lr_0.0001 - INFO - Resuming from epoch 20, best validation accuracy: 0.9871
2025-05-01 09:22:12,229 - training.model_EfficientNet-B2_opt_Adam_lr_0.0001 - INFO - Resuming from epoch 20, best validation accuracy: 0.9871
2025-05-01 09:22:12,229 - training.model_EfficientNet-B2_opt_Adam_lr_0.0001 - INFO - Resuming from epoch 20, best validation accuracy: 0.9871
2025-05-01 09:22:12,229 - training.model_EfficientNet-B2_opt_Adam_lr_0.0001 - INFO - Resuming from epoch 20, best validation accuracy: 0.9871
2025-05-01 09:22:12,229 - training.model_EfficientNet-B2_opt_Adam_lr_0.0001 - INFO - Resuming from epoch 20, best validation accuracy: 0.9871
2025-05-01 09:22:12,229 - training.model_EfficientNet-B2_opt_Adam_lr_0.0001 - INFO - Resuming from epoch 20, best validation accuracy: 0.9871
2025-05-01 09:22:12,231 - training.model_EfficientNet-B2_opt_Adam_lr_0.0001 - INFO - Training completed after 1155.55 seconds
2025-05-01 09:22:12,231 - training.model_EfficientNet-B2_opt_Adam_lr_0.0001 - INFO - Training completed after 1155.55 seconds
2025-05-01 09:22:12,231 - training.model_EfficientNet-B2_opt_Adam_lr_0.0001 - INFO - Training completed after 1155.55 seconds
2025-05-01 09:22:12,231 - training.model_EfficientNet-B2_opt_Adam_lr_0.0001 - INFO - Training completed after 1155.55 seconds
2025-05-01 09:22:12,231 - training.model_EfficientNet-B2_opt_Adam_lr_0.0001 - INFO - Training completed after 1155.55 seconds
2025-05-01 09:22:12,231 - training.model_EfficientNet-B2_opt_Adam_lr_0.0001 - INFO - Training completed after 1155.55 seconds
2025-05-01 09:22:12,231 - training.model_EfficientNet-B2_opt_Adam_lr_0.0001 - INFO - Training completed after 1155.55 seconds
2025-05-01 09:22:24,128 - training.model_EfficientNet-B2_opt_Adam_lr_0.0001 - INFO - Initialized training manager for model_EfficientNet-B2_opt_Adam_lr_0.0001
2025-05-01 09:22:24,128 - training.model_EfficientNet-B2_opt_Adam_lr_0.0001 - INFO - Initialized training manager for model_EfficientNet-B2_opt_Adam_lr_0.0001
2025-05-01 09:22:24,128 - training.model_EfficientNet-B2_opt_Adam_lr_0.0001 - INFO - Initialized training manager for model_EfficientNet-B2_opt_Adam_lr_0.0001
2025-05-01 09:22:24,128 - training.model_EfficientNet-B2_opt_Adam_lr_0.0001 - INFO - Initialized training manager for model_EfficientNet-B2_opt_Adam_lr_0.0001
2025-05-01 09:22:24,128 - training.model_EfficientNet-B2_opt_Adam_lr_0.0001 - INFO - Initialized training manager for model_EfficientNet-B2_opt_Adam_lr_0.0001
2025-05-01 09:22:24,128 - training.model_EfficientNet-B2_opt_Adam_lr_0.0001 - INFO - Initialized training manager for model_EfficientNet-B2_opt_Adam_lr_0.0001
2025-05-01 09:22:24,128 - training.model_EfficientNet-B2_opt_Adam_lr_0.0001 - INFO - Initialized training manager for model_EfficientNet-B2_opt_Adam_lr_0.0001
2025-05-01 09:22:24,128 - training.model_EfficientNet-B2_opt_Adam_lr_0.0001 - INFO - Initialized training manager for model_EfficientNet-B2_opt_Adam_lr_0.0001
2025-05-01 09:22:24,128 - training.model_EfficientNet-B2_opt_Adam_lr_0.0001 - INFO - Config: {
  "id": 284,
  "model_name": "EfficientNet-B2",
  "optimizer": "Adam",
  "learning_rate": 0.0001,
  "scheduler": {
    "name": "CosineAnnealingLR",
    "T_max": 10
  },
  "loss_fn": {
    "name": "FocalLoss",
    "alpha": 0.25,
    "gamma": 2.0
  }
}
2025-05-01 09:22:24,128 - training.model_EfficientNet-B2_opt_Adam_lr_0.0001 - INFO - Config: {
  "id": 284,
  "model_name": "EfficientNet-B2",
  "optimizer": "Adam",
  "learning_rate": 0.0001,
  "scheduler": {
    "name": "CosineAnnealingLR",
    "T_max": 10
  },
  "loss_fn": {
    "name": "FocalLoss",
    "alpha": 0.25,
    "gamma": 2.0
  }
}
2025-05-01 09:22:24,128 - training.model_EfficientNet-B2_opt_Adam_lr_0.0001 - INFO - Config: {
  "id": 284,
  "model_name": "EfficientNet-B2",
  "optimizer": "Adam",
  "learning_rate": 0.0001,
  "scheduler": {
    "name": "CosineAnnealingLR",
    "T_max": 10
  },
  "loss_fn": {
    "name": "FocalLoss",
    "alpha": 0.25,
    "gamma": 2.0
  }
}
2025-05-01 09:22:24,128 - training.model_EfficientNet-B2_opt_Adam_lr_0.0001 - INFO - Config: {
  "id": 284,
  "model_name": "EfficientNet-B2",
  "optimizer": "Adam",
  "learning_rate": 0.0001,
  "scheduler": {
    "name": "CosineAnnealingLR",
    "T_max": 10
  },
  "loss_fn": {
    "name": "FocalLoss",
    "alpha": 0.25,
    "gamma": 2.0
  }
}
2025-05-01 09:22:24,128 - training.model_EfficientNet-B2_opt_Adam_lr_0.0001 - INFO - Config: {
  "id": 284,
  "model_name": "EfficientNet-B2",
  "optimizer": "Adam",
  "learning_rate": 0.0001,
  "scheduler": {
    "name": "CosineAnnealingLR",
    "T_max": 10
  },
  "loss_fn": {
    "name": "FocalLoss",
    "alpha": 0.25,
    "gamma": 2.0
  }
}
2025-05-01 09:22:24,128 - training.model_EfficientNet-B2_opt_Adam_lr_0.0001 - INFO - Config: {
  "id": 284,
  "model_name": "EfficientNet-B2",
  "optimizer": "Adam",
  "learning_rate": 0.0001,
  "scheduler": {
    "name": "CosineAnnealingLR",
    "T_max": 10
  },
  "loss_fn": {
    "name": "FocalLoss",
    "alpha": 0.25,
    "gamma": 2.0
  }
}
2025-05-01 09:22:24,128 - training.model_EfficientNet-B2_opt_Adam_lr_0.0001 - INFO - Config: {
  "id": 284,
  "model_name": "EfficientNet-B2",
  "optimizer": "Adam",
  "learning_rate": 0.0001,
  "scheduler": {
    "name": "CosineAnnealingLR",
    "T_max": 10
  },
  "loss_fn": {
    "name": "FocalLoss",
    "alpha": 0.25,
    "gamma": 2.0
  }
}
2025-05-01 09:22:24,128 - training.model_EfficientNet-B2_opt_Adam_lr_0.0001 - INFO - Config: {
  "id": 284,
  "model_name": "EfficientNet-B2",
  "optimizer": "Adam",
  "learning_rate": 0.0001,
  "scheduler": {
    "name": "CosineAnnealingLR",
    "T_max": 10
  },
  "loss_fn": {
    "name": "FocalLoss",
    "alpha": 0.25,
    "gamma": 2.0
  }
}
2025-05-01 09:22:24,129 - training.model_EfficientNet-B2_opt_Adam_lr_0.0001 - INFO - Loading checkpoint from model_results_v2/model_EfficientNet-B2_opt_Adam_lr_0.0001/checkpoint.pt
2025-05-01 09:22:24,129 - training.model_EfficientNet-B2_opt_Adam_lr_0.0001 - INFO - Loading checkpoint from model_results_v2/model_EfficientNet-B2_opt_Adam_lr_0.0001/checkpoint.pt
2025-05-01 09:22:24,129 - training.model_EfficientNet-B2_opt_Adam_lr_0.0001 - INFO - Loading checkpoint from model_results_v2/model_EfficientNet-B2_opt_Adam_lr_0.0001/checkpoint.pt
2025-05-01 09:22:24,129 - training.model_EfficientNet-B2_opt_Adam_lr_0.0001 - INFO - Loading checkpoint from model_results_v2/model_EfficientNet-B2_opt_Adam_lr_0.0001/checkpoint.pt
2025-05-01 09:22:24,129 - training.model_EfficientNet-B2_opt_Adam_lr_0.0001 - INFO - Loading checkpoint from model_results_v2/model_EfficientNet-B2_opt_Adam_lr_0.0001/checkpoint.pt
2025-05-01 09:22:24,129 - training.model_EfficientNet-B2_opt_Adam_lr_0.0001 - INFO - Loading checkpoint from model_results_v2/model_EfficientNet-B2_opt_Adam_lr_0.0001/checkpoint.pt
2025-05-01 09:22:24,129 - training.model_EfficientNet-B2_opt_Adam_lr_0.0001 - INFO - Loading checkpoint from model_results_v2/model_EfficientNet-B2_opt_Adam_lr_0.0001/checkpoint.pt
2025-05-01 09:22:24,129 - training.model_EfficientNet-B2_opt_Adam_lr_0.0001 - INFO - Loading checkpoint from model_results_v2/model_EfficientNet-B2_opt_Adam_lr_0.0001/checkpoint.pt
2025-05-01 09:22:25,034 - training.model_EfficientNet-B2_opt_Adam_lr_0.0001 - INFO - Resuming from epoch 20, best validation accuracy: 0.9871
2025-05-01 09:22:25,034 - training.model_EfficientNet-B2_opt_Adam_lr_0.0001 - INFO - Resuming from epoch 20, best validation accuracy: 0.9871
2025-05-01 09:22:25,034 - training.model_EfficientNet-B2_opt_Adam_lr_0.0001 - INFO - Resuming from epoch 20, best validation accuracy: 0.9871
2025-05-01 09:22:25,034 - training.model_EfficientNet-B2_opt_Adam_lr_0.0001 - INFO - Resuming from epoch 20, best validation accuracy: 0.9871
2025-05-01 09:22:25,034 - training.model_EfficientNet-B2_opt_Adam_lr_0.0001 - INFO - Resuming from epoch 20, best validation accuracy: 0.9871
2025-05-01 09:22:25,034 - training.model_EfficientNet-B2_opt_Adam_lr_0.0001 - INFO - Resuming from epoch 20, best validation accuracy: 0.9871
2025-05-01 09:22:25,034 - training.model_EfficientNet-B2_opt_Adam_lr_0.0001 - INFO - Resuming from epoch 20, best validation accuracy: 0.9871
2025-05-01 09:22:25,034 - training.model_EfficientNet-B2_opt_Adam_lr_0.0001 - INFO - Resuming from epoch 20, best validation accuracy: 0.9871
2025-05-01 09:22:25,036 - training.model_EfficientNet-B2_opt_Adam_lr_0.0001 - INFO - Training completed after 1155.55 seconds
2025-05-01 09:22:25,036 - training.model_EfficientNet-B2_opt_Adam_lr_0.0001 - INFO - Training completed after 1155.55 seconds
2025-05-01 09:22:25,036 - training.model_EfficientNet-B2_opt_Adam_lr_0.0001 - INFO - Training completed after 1155.55 seconds
2025-05-01 09:22:25,036 - training.model_EfficientNet-B2_opt_Adam_lr_0.0001 - INFO - Training completed after 1155.55 seconds
2025-05-01 09:22:25,036 - training.model_EfficientNet-B2_opt_Adam_lr_0.0001 - INFO - Training completed after 1155.55 seconds
2025-05-01 09:22:25,036 - training.model_EfficientNet-B2_opt_Adam_lr_0.0001 - INFO - Training completed after 1155.55 seconds
2025-05-01 09:22:25,036 - training.model_EfficientNet-B2_opt_Adam_lr_0.0001 - INFO - Training completed after 1155.55 seconds
2025-05-01 09:22:25,036 - training.model_EfficientNet-B2_opt_Adam_lr_0.0001 - INFO - Training completed after 1155.55 seconds
2025-05-01 09:22:37,124 - training.model_EfficientNet-B2_opt_Adam_lr_0.0001 - INFO - Initialized training manager for model_EfficientNet-B2_opt_Adam_lr_0.0001
2025-05-01 09:22:37,124 - training.model_EfficientNet-B2_opt_Adam_lr_0.0001 - INFO - Initialized training manager for model_EfficientNet-B2_opt_Adam_lr_0.0001
2025-05-01 09:22:37,124 - training.model_EfficientNet-B2_opt_Adam_lr_0.0001 - INFO - Initialized training manager for model_EfficientNet-B2_opt_Adam_lr_0.0001
2025-05-01 09:22:37,124 - training.model_EfficientNet-B2_opt_Adam_lr_0.0001 - INFO - Initialized training manager for model_EfficientNet-B2_opt_Adam_lr_0.0001
2025-05-01 09:22:37,124 - training.model_EfficientNet-B2_opt_Adam_lr_0.0001 - INFO - Initialized training manager for model_EfficientNet-B2_opt_Adam_lr_0.0001
2025-05-01 09:22:37,124 - training.model_EfficientNet-B2_opt_Adam_lr_0.0001 - INFO - Initialized training manager for model_EfficientNet-B2_opt_Adam_lr_0.0001
2025-05-01 09:22:37,124 - training.model_EfficientNet-B2_opt_Adam_lr_0.0001 - INFO - Initialized training manager for model_EfficientNet-B2_opt_Adam_lr_0.0001
2025-05-01 09:22:37,124 - training.model_EfficientNet-B2_opt_Adam_lr_0.0001 - INFO - Initialized training manager for model_EfficientNet-B2_opt_Adam_lr_0.0001
2025-05-01 09:22:37,124 - training.model_EfficientNet-B2_opt_Adam_lr_0.0001 - INFO - Initialized training manager for model_EfficientNet-B2_opt_Adam_lr_0.0001
2025-05-01 09:22:37,124 - training.model_EfficientNet-B2_opt_Adam_lr_0.0001 - INFO - Config: {
  "id": 285,
  "model_name": "EfficientNet-B2",
  "optimizer": "Adam",
  "learning_rate": 0.0001,
  "scheduler": {
    "name": "CosineAnnealingLR",
    "T_max": 10
  },
  "loss_fn": {
    "name": "LabelSmoothing",
    "smoothing": 0.1
  }
}
2025-05-01 09:22:37,124 - training.model_EfficientNet-B2_opt_Adam_lr_0.0001 - INFO - Config: {
  "id": 285,
  "model_name": "EfficientNet-B2",
  "optimizer": "Adam",
  "learning_rate": 0.0001,
  "scheduler": {
    "name": "CosineAnnealingLR",
    "T_max": 10
  },
  "loss_fn": {
    "name": "LabelSmoothing",
    "smoothing": 0.1
  }
}
2025-05-01 09:22:37,124 - training.model_EfficientNet-B2_opt_Adam_lr_0.0001 - INFO - Config: {
  "id": 285,
  "model_name": "EfficientNet-B2",
  "optimizer": "Adam",
  "learning_rate": 0.0001,
  "scheduler": {
    "name": "CosineAnnealingLR",
    "T_max": 10
  },
  "loss_fn": {
    "name": "LabelSmoothing",
    "smoothing": 0.1
  }
}
2025-05-01 09:22:37,124 - training.model_EfficientNet-B2_opt_Adam_lr_0.0001 - INFO - Config: {
  "id": 285,
  "model_name": "EfficientNet-B2",
  "optimizer": "Adam",
  "learning_rate": 0.0001,
  "scheduler": {
    "name": "CosineAnnealingLR",
    "T_max": 10
  },
  "loss_fn": {
    "name": "LabelSmoothing",
    "smoothing": 0.1
  }
}
2025-05-01 09:22:37,124 - training.model_EfficientNet-B2_opt_Adam_lr_0.0001 - INFO - Config: {
  "id": 285,
  "model_name": "EfficientNet-B2",
  "optimizer": "Adam",
  "learning_rate": 0.0001,
  "scheduler": {
    "name": "CosineAnnealingLR",
    "T_max": 10
  },
  "loss_fn": {
    "name": "LabelSmoothing",
    "smoothing": 0.1
  }
}
2025-05-01 09:22:37,124 - training.model_EfficientNet-B2_opt_Adam_lr_0.0001 - INFO - Config: {
  "id": 285,
  "model_name": "EfficientNet-B2",
  "optimizer": "Adam",
  "learning_rate": 0.0001,
  "scheduler": {
    "name": "CosineAnnealingLR",
    "T_max": 10
  },
  "loss_fn": {
    "name": "LabelSmoothing",
    "smoothing": 0.1
  }
}
2025-05-01 09:22:37,124 - training.model_EfficientNet-B2_opt_Adam_lr_0.0001 - INFO - Config: {
  "id": 285,
  "model_name": "EfficientNet-B2",
  "optimizer": "Adam",
  "learning_rate": 0.0001,
  "scheduler": {
    "name": "CosineAnnealingLR",
    "T_max": 10
  },
  "loss_fn": {
    "name": "LabelSmoothing",
    "smoothing": 0.1
  }
}
2025-05-01 09:22:37,124 - training.model_EfficientNet-B2_opt_Adam_lr_0.0001 - INFO - Config: {
  "id": 285,
  "model_name": "EfficientNet-B2",
  "optimizer": "Adam",
  "learning_rate": 0.0001,
  "scheduler": {
    "name": "CosineAnnealingLR",
    "T_max": 10
  },
  "loss_fn": {
    "name": "LabelSmoothing",
    "smoothing": 0.1
  }
}
2025-05-01 09:22:37,124 - training.model_EfficientNet-B2_opt_Adam_lr_0.0001 - INFO - Config: {
  "id": 285,
  "model_name": "EfficientNet-B2",
  "optimizer": "Adam",
  "learning_rate": 0.0001,
  "scheduler": {
    "name": "CosineAnnealingLR",
    "T_max": 10
  },
  "loss_fn": {
    "name": "LabelSmoothing",
    "smoothing": 0.1
  }
}
2025-05-01 09:22:37,124 - training.model_EfficientNet-B2_opt_Adam_lr_0.0001 - INFO - Loading checkpoint from model_results_v2/model_EfficientNet-B2_opt_Adam_lr_0.0001/checkpoint.pt
2025-05-01 09:22:37,124 - training.model_EfficientNet-B2_opt_Adam_lr_0.0001 - INFO - Loading checkpoint from model_results_v2/model_EfficientNet-B2_opt_Adam_lr_0.0001/checkpoint.pt
2025-05-01 09:22:37,124 - training.model_EfficientNet-B2_opt_Adam_lr_0.0001 - INFO - Loading checkpoint from model_results_v2/model_EfficientNet-B2_opt_Adam_lr_0.0001/checkpoint.pt
2025-05-01 09:22:37,124 - training.model_EfficientNet-B2_opt_Adam_lr_0.0001 - INFO - Loading checkpoint from model_results_v2/model_EfficientNet-B2_opt_Adam_lr_0.0001/checkpoint.pt
2025-05-01 09:22:37,124 - training.model_EfficientNet-B2_opt_Adam_lr_0.0001 - INFO - Loading checkpoint from model_results_v2/model_EfficientNet-B2_opt_Adam_lr_0.0001/checkpoint.pt
2025-05-01 09:22:37,124 - training.model_EfficientNet-B2_opt_Adam_lr_0.0001 - INFO - Loading checkpoint from model_results_v2/model_EfficientNet-B2_opt_Adam_lr_0.0001/checkpoint.pt
2025-05-01 09:22:37,124 - training.model_EfficientNet-B2_opt_Adam_lr_0.0001 - INFO - Loading checkpoint from model_results_v2/model_EfficientNet-B2_opt_Adam_lr_0.0001/checkpoint.pt
2025-05-01 09:22:37,124 - training.model_EfficientNet-B2_opt_Adam_lr_0.0001 - INFO - Loading checkpoint from model_results_v2/model_EfficientNet-B2_opt_Adam_lr_0.0001/checkpoint.pt
2025-05-01 09:22:37,124 - training.model_EfficientNet-B2_opt_Adam_lr_0.0001 - INFO - Loading checkpoint from model_results_v2/model_EfficientNet-B2_opt_Adam_lr_0.0001/checkpoint.pt
2025-05-01 09:22:37,923 - training.model_EfficientNet-B2_opt_Adam_lr_0.0001 - INFO - Resuming from epoch 20, best validation accuracy: 0.9871
2025-05-01 09:22:37,923 - training.model_EfficientNet-B2_opt_Adam_lr_0.0001 - INFO - Resuming from epoch 20, best validation accuracy: 0.9871
2025-05-01 09:22:37,923 - training.model_EfficientNet-B2_opt_Adam_lr_0.0001 - INFO - Resuming from epoch 20, best validation accuracy: 0.9871
2025-05-01 09:22:37,923 - training.model_EfficientNet-B2_opt_Adam_lr_0.0001 - INFO - Resuming from epoch 20, best validation accuracy: 0.9871
2025-05-01 09:22:37,923 - training.model_EfficientNet-B2_opt_Adam_lr_0.0001 - INFO - Resuming from epoch 20, best validation accuracy: 0.9871
2025-05-01 09:22:37,923 - training.model_EfficientNet-B2_opt_Adam_lr_0.0001 - INFO - Resuming from epoch 20, best validation accuracy: 0.9871
2025-05-01 09:22:37,923 - training.model_EfficientNet-B2_opt_Adam_lr_0.0001 - INFO - Resuming from epoch 20, best validation accuracy: 0.9871
2025-05-01 09:22:37,923 - training.model_EfficientNet-B2_opt_Adam_lr_0.0001 - INFO - Resuming from epoch 20, best validation accuracy: 0.9871
2025-05-01 09:22:37,923 - training.model_EfficientNet-B2_opt_Adam_lr_0.0001 - INFO - Resuming from epoch 20, best validation accuracy: 0.9871
2025-05-01 09:22:37,924 - training.model_EfficientNet-B2_opt_Adam_lr_0.0001 - INFO - Training completed after 1155.55 seconds
2025-05-01 09:22:37,924 - training.model_EfficientNet-B2_opt_Adam_lr_0.0001 - INFO - Training completed after 1155.55 seconds
2025-05-01 09:22:37,924 - training.model_EfficientNet-B2_opt_Adam_lr_0.0001 - INFO - Training completed after 1155.55 seconds
2025-05-01 09:22:37,924 - training.model_EfficientNet-B2_opt_Adam_lr_0.0001 - INFO - Training completed after 1155.55 seconds
2025-05-01 09:22:37,924 - training.model_EfficientNet-B2_opt_Adam_lr_0.0001 - INFO - Training completed after 1155.55 seconds
2025-05-01 09:22:37,924 - training.model_EfficientNet-B2_opt_Adam_lr_0.0001 - INFO - Training completed after 1155.55 seconds
2025-05-01 09:22:37,924 - training.model_EfficientNet-B2_opt_Adam_lr_0.0001 - INFO - Training completed after 1155.55 seconds
2025-05-01 09:22:37,924 - training.model_EfficientNet-B2_opt_Adam_lr_0.0001 - INFO - Training completed after 1155.55 seconds
2025-05-01 09:22:37,924 - training.model_EfficientNet-B2_opt_Adam_lr_0.0001 - INFO - Training completed after 1155.55 seconds
2025-05-01 09:22:49,869 - training.model_EfficientNet-B2_opt_Adam_lr_0.0001 - INFO - Initialized training manager for model_EfficientNet-B2_opt_Adam_lr_0.0001
2025-05-01 09:22:49,869 - training.model_EfficientNet-B2_opt_Adam_lr_0.0001 - INFO - Initialized training manager for model_EfficientNet-B2_opt_Adam_lr_0.0001
2025-05-01 09:22:49,869 - training.model_EfficientNet-B2_opt_Adam_lr_0.0001 - INFO - Initialized training manager for model_EfficientNet-B2_opt_Adam_lr_0.0001
2025-05-01 09:22:49,869 - training.model_EfficientNet-B2_opt_Adam_lr_0.0001 - INFO - Initialized training manager for model_EfficientNet-B2_opt_Adam_lr_0.0001
2025-05-01 09:22:49,869 - training.model_EfficientNet-B2_opt_Adam_lr_0.0001 - INFO - Initialized training manager for model_EfficientNet-B2_opt_Adam_lr_0.0001
2025-05-01 09:22:49,869 - training.model_EfficientNet-B2_opt_Adam_lr_0.0001 - INFO - Initialized training manager for model_EfficientNet-B2_opt_Adam_lr_0.0001
2025-05-01 09:22:49,869 - training.model_EfficientNet-B2_opt_Adam_lr_0.0001 - INFO - Initialized training manager for model_EfficientNet-B2_opt_Adam_lr_0.0001
2025-05-01 09:22:49,869 - training.model_EfficientNet-B2_opt_Adam_lr_0.0001 - INFO - Initialized training manager for model_EfficientNet-B2_opt_Adam_lr_0.0001
2025-05-01 09:22:49,869 - training.model_EfficientNet-B2_opt_Adam_lr_0.0001 - INFO - Initialized training manager for model_EfficientNet-B2_opt_Adam_lr_0.0001
2025-05-01 09:22:49,869 - training.model_EfficientNet-B2_opt_Adam_lr_0.0001 - INFO - Initialized training manager for model_EfficientNet-B2_opt_Adam_lr_0.0001
2025-05-01 09:22:49,869 - training.model_EfficientNet-B2_opt_Adam_lr_0.0001 - INFO - Config: {
  "id": 286,
  "model_name": "EfficientNet-B2",
  "optimizer": "Adam",
  "learning_rate": 0.0001,
  "scheduler": {
    "name": "CosineAnnealingWarmRestarts",
    "T_0": 10
  },
  "loss_fn": {
    "name": "CrossEntropy"
  }
}
2025-05-01 09:22:49,869 - training.model_EfficientNet-B2_opt_Adam_lr_0.0001 - INFO - Config: {
  "id": 286,
  "model_name": "EfficientNet-B2",
  "optimizer": "Adam",
  "learning_rate": 0.0001,
  "scheduler": {
    "name": "CosineAnnealingWarmRestarts",
    "T_0": 10
  },
  "loss_fn": {
    "name": "CrossEntropy"
  }
}
2025-05-01 09:22:49,869 - training.model_EfficientNet-B2_opt_Adam_lr_0.0001 - INFO - Config: {
  "id": 286,
  "model_name": "EfficientNet-B2",
  "optimizer": "Adam",
  "learning_rate": 0.0001,
  "scheduler": {
    "name": "CosineAnnealingWarmRestarts",
    "T_0": 10
  },
  "loss_fn": {
    "name": "CrossEntropy"
  }
}
2025-05-01 09:22:49,869 - training.model_EfficientNet-B2_opt_Adam_lr_0.0001 - INFO - Config: {
  "id": 286,
  "model_name": "EfficientNet-B2",
  "optimizer": "Adam",
  "learning_rate": 0.0001,
  "scheduler": {
    "name": "CosineAnnealingWarmRestarts",
    "T_0": 10
  },
  "loss_fn": {
    "name": "CrossEntropy"
  }
}
2025-05-01 09:22:49,869 - training.model_EfficientNet-B2_opt_Adam_lr_0.0001 - INFO - Config: {
  "id": 286,
  "model_name": "EfficientNet-B2",
  "optimizer": "Adam",
  "learning_rate": 0.0001,
  "scheduler": {
    "name": "CosineAnnealingWarmRestarts",
    "T_0": 10
  },
  "loss_fn": {
    "name": "CrossEntropy"
  }
}
2025-05-01 09:22:49,869 - training.model_EfficientNet-B2_opt_Adam_lr_0.0001 - INFO - Config: {
  "id": 286,
  "model_name": "EfficientNet-B2",
  "optimizer": "Adam",
  "learning_rate": 0.0001,
  "scheduler": {
    "name": "CosineAnnealingWarmRestarts",
    "T_0": 10
  },
  "loss_fn": {
    "name": "CrossEntropy"
  }
}
2025-05-01 09:22:49,869 - training.model_EfficientNet-B2_opt_Adam_lr_0.0001 - INFO - Config: {
  "id": 286,
  "model_name": "EfficientNet-B2",
  "optimizer": "Adam",
  "learning_rate": 0.0001,
  "scheduler": {
    "name": "CosineAnnealingWarmRestarts",
    "T_0": 10
  },
  "loss_fn": {
    "name": "CrossEntropy"
  }
}
2025-05-01 09:22:49,869 - training.model_EfficientNet-B2_opt_Adam_lr_0.0001 - INFO - Config: {
  "id": 286,
  "model_name": "EfficientNet-B2",
  "optimizer": "Adam",
  "learning_rate": 0.0001,
  "scheduler": {
    "name": "CosineAnnealingWarmRestarts",
    "T_0": 10
  },
  "loss_fn": {
    "name": "CrossEntropy"
  }
}
2025-05-01 09:22:49,869 - training.model_EfficientNet-B2_opt_Adam_lr_0.0001 - INFO - Config: {
  "id": 286,
  "model_name": "EfficientNet-B2",
  "optimizer": "Adam",
  "learning_rate": 0.0001,
  "scheduler": {
    "name": "CosineAnnealingWarmRestarts",
    "T_0": 10
  },
  "loss_fn": {
    "name": "CrossEntropy"
  }
}
2025-05-01 09:22:49,869 - training.model_EfficientNet-B2_opt_Adam_lr_0.0001 - INFO - Config: {
  "id": 286,
  "model_name": "EfficientNet-B2",
  "optimizer": "Adam",
  "learning_rate": 0.0001,
  "scheduler": {
    "name": "CosineAnnealingWarmRestarts",
    "T_0": 10
  },
  "loss_fn": {
    "name": "CrossEntropy"
  }
}
2025-05-01 09:22:49,870 - training.model_EfficientNet-B2_opt_Adam_lr_0.0001 - INFO - Loading checkpoint from model_results_v2/model_EfficientNet-B2_opt_Adam_lr_0.0001/checkpoint.pt
2025-05-01 09:22:49,870 - training.model_EfficientNet-B2_opt_Adam_lr_0.0001 - INFO - Loading checkpoint from model_results_v2/model_EfficientNet-B2_opt_Adam_lr_0.0001/checkpoint.pt
2025-05-01 09:22:49,870 - training.model_EfficientNet-B2_opt_Adam_lr_0.0001 - INFO - Loading checkpoint from model_results_v2/model_EfficientNet-B2_opt_Adam_lr_0.0001/checkpoint.pt
2025-05-01 09:22:49,870 - training.model_EfficientNet-B2_opt_Adam_lr_0.0001 - INFO - Loading checkpoint from model_results_v2/model_EfficientNet-B2_opt_Adam_lr_0.0001/checkpoint.pt
2025-05-01 09:22:49,870 - training.model_EfficientNet-B2_opt_Adam_lr_0.0001 - INFO - Loading checkpoint from model_results_v2/model_EfficientNet-B2_opt_Adam_lr_0.0001/checkpoint.pt
2025-05-01 09:22:49,870 - training.model_EfficientNet-B2_opt_Adam_lr_0.0001 - INFO - Loading checkpoint from model_results_v2/model_EfficientNet-B2_opt_Adam_lr_0.0001/checkpoint.pt
2025-05-01 09:22:49,870 - training.model_EfficientNet-B2_opt_Adam_lr_0.0001 - INFO - Loading checkpoint from model_results_v2/model_EfficientNet-B2_opt_Adam_lr_0.0001/checkpoint.pt
2025-05-01 09:22:49,870 - training.model_EfficientNet-B2_opt_Adam_lr_0.0001 - INFO - Loading checkpoint from model_results_v2/model_EfficientNet-B2_opt_Adam_lr_0.0001/checkpoint.pt
2025-05-01 09:22:49,870 - training.model_EfficientNet-B2_opt_Adam_lr_0.0001 - INFO - Loading checkpoint from model_results_v2/model_EfficientNet-B2_opt_Adam_lr_0.0001/checkpoint.pt
2025-05-01 09:22:49,870 - training.model_EfficientNet-B2_opt_Adam_lr_0.0001 - INFO - Loading checkpoint from model_results_v2/model_EfficientNet-B2_opt_Adam_lr_0.0001/checkpoint.pt
2025-05-01 09:22:50,805 - training.model_EfficientNet-B2_opt_Adam_lr_0.0001 - INFO - Resuming from epoch 20, best validation accuracy: 0.9871
2025-05-01 09:22:50,805 - training.model_EfficientNet-B2_opt_Adam_lr_0.0001 - INFO - Resuming from epoch 20, best validation accuracy: 0.9871
2025-05-01 09:22:50,805 - training.model_EfficientNet-B2_opt_Adam_lr_0.0001 - INFO - Resuming from epoch 20, best validation accuracy: 0.9871
2025-05-01 09:22:50,805 - training.model_EfficientNet-B2_opt_Adam_lr_0.0001 - INFO - Resuming from epoch 20, best validation accuracy: 0.9871
2025-05-01 09:22:50,805 - training.model_EfficientNet-B2_opt_Adam_lr_0.0001 - INFO - Resuming from epoch 20, best validation accuracy: 0.9871
2025-05-01 09:22:50,805 - training.model_EfficientNet-B2_opt_Adam_lr_0.0001 - INFO - Resuming from epoch 20, best validation accuracy: 0.9871
2025-05-01 09:22:50,805 - training.model_EfficientNet-B2_opt_Adam_lr_0.0001 - INFO - Resuming from epoch 20, best validation accuracy: 0.9871
2025-05-01 09:22:50,805 - training.model_EfficientNet-B2_opt_Adam_lr_0.0001 - INFO - Resuming from epoch 20, best validation accuracy: 0.9871
2025-05-01 09:22:50,805 - training.model_EfficientNet-B2_opt_Adam_lr_0.0001 - INFO - Resuming from epoch 20, best validation accuracy: 0.9871
2025-05-01 09:22:50,805 - training.model_EfficientNet-B2_opt_Adam_lr_0.0001 - INFO - Resuming from epoch 20, best validation accuracy: 0.9871
2025-05-01 09:22:50,807 - training.model_EfficientNet-B2_opt_Adam_lr_0.0001 - INFO - Training completed after 1155.55 seconds
2025-05-01 09:22:50,807 - training.model_EfficientNet-B2_opt_Adam_lr_0.0001 - INFO - Training completed after 1155.55 seconds
2025-05-01 09:22:50,807 - training.model_EfficientNet-B2_opt_Adam_lr_0.0001 - INFO - Training completed after 1155.55 seconds
2025-05-01 09:22:50,807 - training.model_EfficientNet-B2_opt_Adam_lr_0.0001 - INFO - Training completed after 1155.55 seconds
2025-05-01 09:22:50,807 - training.model_EfficientNet-B2_opt_Adam_lr_0.0001 - INFO - Training completed after 1155.55 seconds
2025-05-01 09:22:50,807 - training.model_EfficientNet-B2_opt_Adam_lr_0.0001 - INFO - Training completed after 1155.55 seconds
2025-05-01 09:22:50,807 - training.model_EfficientNet-B2_opt_Adam_lr_0.0001 - INFO - Training completed after 1155.55 seconds
2025-05-01 09:22:50,807 - training.model_EfficientNet-B2_opt_Adam_lr_0.0001 - INFO - Training completed after 1155.55 seconds
2025-05-01 09:22:50,807 - training.model_EfficientNet-B2_opt_Adam_lr_0.0001 - INFO - Training completed after 1155.55 seconds
2025-05-01 09:22:50,807 - training.model_EfficientNet-B2_opt_Adam_lr_0.0001 - INFO - Training completed after 1155.55 seconds
2025-05-01 09:23:02,149 - training.model_EfficientNet-B2_opt_Adam_lr_0.0001 - INFO - Initialized training manager for model_EfficientNet-B2_opt_Adam_lr_0.0001
2025-05-01 09:23:02,149 - training.model_EfficientNet-B2_opt_Adam_lr_0.0001 - INFO - Initialized training manager for model_EfficientNet-B2_opt_Adam_lr_0.0001
2025-05-01 09:23:02,149 - training.model_EfficientNet-B2_opt_Adam_lr_0.0001 - INFO - Initialized training manager for model_EfficientNet-B2_opt_Adam_lr_0.0001
2025-05-01 09:23:02,149 - training.model_EfficientNet-B2_opt_Adam_lr_0.0001 - INFO - Initialized training manager for model_EfficientNet-B2_opt_Adam_lr_0.0001
2025-05-01 09:23:02,149 - training.model_EfficientNet-B2_opt_Adam_lr_0.0001 - INFO - Initialized training manager for model_EfficientNet-B2_opt_Adam_lr_0.0001
2025-05-01 09:23:02,149 - training.model_EfficientNet-B2_opt_Adam_lr_0.0001 - INFO - Initialized training manager for model_EfficientNet-B2_opt_Adam_lr_0.0001
2025-05-01 09:23:02,149 - training.model_EfficientNet-B2_opt_Adam_lr_0.0001 - INFO - Initialized training manager for model_EfficientNet-B2_opt_Adam_lr_0.0001
2025-05-01 09:23:02,149 - training.model_EfficientNet-B2_opt_Adam_lr_0.0001 - INFO - Initialized training manager for model_EfficientNet-B2_opt_Adam_lr_0.0001
2025-05-01 09:23:02,149 - training.model_EfficientNet-B2_opt_Adam_lr_0.0001 - INFO - Initialized training manager for model_EfficientNet-B2_opt_Adam_lr_0.0001
2025-05-01 09:23:02,149 - training.model_EfficientNet-B2_opt_Adam_lr_0.0001 - INFO - Initialized training manager for model_EfficientNet-B2_opt_Adam_lr_0.0001
2025-05-01 09:23:02,149 - training.model_EfficientNet-B2_opt_Adam_lr_0.0001 - INFO - Initialized training manager for model_EfficientNet-B2_opt_Adam_lr_0.0001
2025-05-01 09:23:02,149 - training.model_EfficientNet-B2_opt_Adam_lr_0.0001 - INFO - Config: {
  "id": 287,
  "model_name": "EfficientNet-B2",
  "optimizer": "Adam",
  "learning_rate": 0.0001,
  "scheduler": {
    "name": "CosineAnnealingWarmRestarts",
    "T_0": 10
  },
  "loss_fn": {
    "name": "FocalLoss",
    "alpha": 0.25,
    "gamma": 2.0
  }
}
2025-05-01 09:23:02,149 - training.model_EfficientNet-B2_opt_Adam_lr_0.0001 - INFO - Config: {
  "id": 287,
  "model_name": "EfficientNet-B2",
  "optimizer": "Adam",
  "learning_rate": 0.0001,
  "scheduler": {
    "name": "CosineAnnealingWarmRestarts",
    "T_0": 10
  },
  "loss_fn": {
    "name": "FocalLoss",
    "alpha": 0.25,
    "gamma": 2.0
  }
}
2025-05-01 09:23:02,149 - training.model_EfficientNet-B2_opt_Adam_lr_0.0001 - INFO - Config: {
  "id": 287,
  "model_name": "EfficientNet-B2",
  "optimizer": "Adam",
  "learning_rate": 0.0001,
  "scheduler": {
    "name": "CosineAnnealingWarmRestarts",
    "T_0": 10
  },
  "loss_fn": {
    "name": "FocalLoss",
    "alpha": 0.25,
    "gamma": 2.0
  }
}
2025-05-01 09:23:02,149 - training.model_EfficientNet-B2_opt_Adam_lr_0.0001 - INFO - Config: {
  "id": 287,
  "model_name": "EfficientNet-B2",
  "optimizer": "Adam",
  "learning_rate": 0.0001,
  "scheduler": {
    "name": "CosineAnnealingWarmRestarts",
    "T_0": 10
  },
  "loss_fn": {
    "name": "FocalLoss",
    "alpha": 0.25,
    "gamma": 2.0
  }
}
2025-05-01 09:23:02,149 - training.model_EfficientNet-B2_opt_Adam_lr_0.0001 - INFO - Config: {
  "id": 287,
  "model_name": "EfficientNet-B2",
  "optimizer": "Adam",
  "learning_rate": 0.0001,
  "scheduler": {
    "name": "CosineAnnealingWarmRestarts",
    "T_0": 10
  },
  "loss_fn": {
    "name": "FocalLoss",
    "alpha": 0.25,
    "gamma": 2.0
  }
}
2025-05-01 09:23:02,149 - training.model_EfficientNet-B2_opt_Adam_lr_0.0001 - INFO - Config: {
  "id": 287,
  "model_name": "EfficientNet-B2",
  "optimizer": "Adam",
  "learning_rate": 0.0001,
  "scheduler": {
    "name": "CosineAnnealingWarmRestarts",
    "T_0": 10
  },
  "loss_fn": {
    "name": "FocalLoss",
    "alpha": 0.25,
    "gamma": 2.0
  }
}
2025-05-01 09:23:02,149 - training.model_EfficientNet-B2_opt_Adam_lr_0.0001 - INFO - Config: {
  "id": 287,
  "model_name": "EfficientNet-B2",
  "optimizer": "Adam",
  "learning_rate": 0.0001,
  "scheduler": {
    "name": "CosineAnnealingWarmRestarts",
    "T_0": 10
  },
  "loss_fn": {
    "name": "FocalLoss",
    "alpha": 0.25,
    "gamma": 2.0
  }
}
2025-05-01 09:23:02,149 - training.model_EfficientNet-B2_opt_Adam_lr_0.0001 - INFO - Config: {
  "id": 287,
  "model_name": "EfficientNet-B2",
  "optimizer": "Adam",
  "learning_rate": 0.0001,
  "scheduler": {
    "name": "CosineAnnealingWarmRestarts",
    "T_0": 10
  },
  "loss_fn": {
    "name": "FocalLoss",
    "alpha": 0.25,
    "gamma": 2.0
  }
}
2025-05-01 09:23:02,149 - training.model_EfficientNet-B2_opt_Adam_lr_0.0001 - INFO - Config: {
  "id": 287,
  "model_name": "EfficientNet-B2",
  "optimizer": "Adam",
  "learning_rate": 0.0001,
  "scheduler": {
    "name": "CosineAnnealingWarmRestarts",
    "T_0": 10
  },
  "loss_fn": {
    "name": "FocalLoss",
    "alpha": 0.25,
    "gamma": 2.0
  }
}
2025-05-01 09:23:02,149 - training.model_EfficientNet-B2_opt_Adam_lr_0.0001 - INFO - Config: {
  "id": 287,
  "model_name": "EfficientNet-B2",
  "optimizer": "Adam",
  "learning_rate": 0.0001,
  "scheduler": {
    "name": "CosineAnnealingWarmRestarts",
    "T_0": 10
  },
  "loss_fn": {
    "name": "FocalLoss",
    "alpha": 0.25,
    "gamma": 2.0
  }
}
2025-05-01 09:23:02,149 - training.model_EfficientNet-B2_opt_Adam_lr_0.0001 - INFO - Config: {
  "id": 287,
  "model_name": "EfficientNet-B2",
  "optimizer": "Adam",
  "learning_rate": 0.0001,
  "scheduler": {
    "name": "CosineAnnealingWarmRestarts",
    "T_0": 10
  },
  "loss_fn": {
    "name": "FocalLoss",
    "alpha": 0.25,
    "gamma": 2.0
  }
}
2025-05-01 09:23:02,150 - training.model_EfficientNet-B2_opt_Adam_lr_0.0001 - INFO - Loading checkpoint from model_results_v2/model_EfficientNet-B2_opt_Adam_lr_0.0001/checkpoint.pt
2025-05-01 09:23:02,150 - training.model_EfficientNet-B2_opt_Adam_lr_0.0001 - INFO - Loading checkpoint from model_results_v2/model_EfficientNet-B2_opt_Adam_lr_0.0001/checkpoint.pt
2025-05-01 09:23:02,150 - training.model_EfficientNet-B2_opt_Adam_lr_0.0001 - INFO - Loading checkpoint from model_results_v2/model_EfficientNet-B2_opt_Adam_lr_0.0001/checkpoint.pt
2025-05-01 09:23:02,150 - training.model_EfficientNet-B2_opt_Adam_lr_0.0001 - INFO - Loading checkpoint from model_results_v2/model_EfficientNet-B2_opt_Adam_lr_0.0001/checkpoint.pt
2025-05-01 09:23:02,150 - training.model_EfficientNet-B2_opt_Adam_lr_0.0001 - INFO - Loading checkpoint from model_results_v2/model_EfficientNet-B2_opt_Adam_lr_0.0001/checkpoint.pt
2025-05-01 09:23:02,150 - training.model_EfficientNet-B2_opt_Adam_lr_0.0001 - INFO - Loading checkpoint from model_results_v2/model_EfficientNet-B2_opt_Adam_lr_0.0001/checkpoint.pt
2025-05-01 09:23:02,150 - training.model_EfficientNet-B2_opt_Adam_lr_0.0001 - INFO - Loading checkpoint from model_results_v2/model_EfficientNet-B2_opt_Adam_lr_0.0001/checkpoint.pt
2025-05-01 09:23:02,150 - training.model_EfficientNet-B2_opt_Adam_lr_0.0001 - INFO - Loading checkpoint from model_results_v2/model_EfficientNet-B2_opt_Adam_lr_0.0001/checkpoint.pt
2025-05-01 09:23:02,150 - training.model_EfficientNet-B2_opt_Adam_lr_0.0001 - INFO - Loading checkpoint from model_results_v2/model_EfficientNet-B2_opt_Adam_lr_0.0001/checkpoint.pt
2025-05-01 09:23:02,150 - training.model_EfficientNet-B2_opt_Adam_lr_0.0001 - INFO - Loading checkpoint from model_results_v2/model_EfficientNet-B2_opt_Adam_lr_0.0001/checkpoint.pt
2025-05-01 09:23:02,150 - training.model_EfficientNet-B2_opt_Adam_lr_0.0001 - INFO - Loading checkpoint from model_results_v2/model_EfficientNet-B2_opt_Adam_lr_0.0001/checkpoint.pt
2025-05-01 09:23:03,031 - training.model_EfficientNet-B2_opt_Adam_lr_0.0001 - INFO - Resuming from epoch 20, best validation accuracy: 0.9871
2025-05-01 09:23:03,031 - training.model_EfficientNet-B2_opt_Adam_lr_0.0001 - INFO - Resuming from epoch 20, best validation accuracy: 0.9871
2025-05-01 09:23:03,031 - training.model_EfficientNet-B2_opt_Adam_lr_0.0001 - INFO - Resuming from epoch 20, best validation accuracy: 0.9871
2025-05-01 09:23:03,031 - training.model_EfficientNet-B2_opt_Adam_lr_0.0001 - INFO - Resuming from epoch 20, best validation accuracy: 0.9871
2025-05-01 09:23:03,031 - training.model_EfficientNet-B2_opt_Adam_lr_0.0001 - INFO - Resuming from epoch 20, best validation accuracy: 0.9871
2025-05-01 09:23:03,031 - training.model_EfficientNet-B2_opt_Adam_lr_0.0001 - INFO - Resuming from epoch 20, best validation accuracy: 0.9871
2025-05-01 09:23:03,031 - training.model_EfficientNet-B2_opt_Adam_lr_0.0001 - INFO - Resuming from epoch 20, best validation accuracy: 0.9871
2025-05-01 09:23:03,031 - training.model_EfficientNet-B2_opt_Adam_lr_0.0001 - INFO - Resuming from epoch 20, best validation accuracy: 0.9871
2025-05-01 09:23:03,031 - training.model_EfficientNet-B2_opt_Adam_lr_0.0001 - INFO - Resuming from epoch 20, best validation accuracy: 0.9871
2025-05-01 09:23:03,031 - training.model_EfficientNet-B2_opt_Adam_lr_0.0001 - INFO - Resuming from epoch 20, best validation accuracy: 0.9871
2025-05-01 09:23:03,031 - training.model_EfficientNet-B2_opt_Adam_lr_0.0001 - INFO - Resuming from epoch 20, best validation accuracy: 0.9871
2025-05-01 09:23:03,033 - training.model_EfficientNet-B2_opt_Adam_lr_0.0001 - INFO - Training completed after 1155.55 seconds
2025-05-01 09:23:03,033 - training.model_EfficientNet-B2_opt_Adam_lr_0.0001 - INFO - Training completed after 1155.55 seconds
2025-05-01 09:23:03,033 - training.model_EfficientNet-B2_opt_Adam_lr_0.0001 - INFO - Training completed after 1155.55 seconds
2025-05-01 09:23:03,033 - training.model_EfficientNet-B2_opt_Adam_lr_0.0001 - INFO - Training completed after 1155.55 seconds
2025-05-01 09:23:03,033 - training.model_EfficientNet-B2_opt_Adam_lr_0.0001 - INFO - Training completed after 1155.55 seconds
2025-05-01 09:23:03,033 - training.model_EfficientNet-B2_opt_Adam_lr_0.0001 - INFO - Training completed after 1155.55 seconds
2025-05-01 09:23:03,033 - training.model_EfficientNet-B2_opt_Adam_lr_0.0001 - INFO - Training completed after 1155.55 seconds
2025-05-01 09:23:03,033 - training.model_EfficientNet-B2_opt_Adam_lr_0.0001 - INFO - Training completed after 1155.55 seconds
2025-05-01 09:23:03,033 - training.model_EfficientNet-B2_opt_Adam_lr_0.0001 - INFO - Training completed after 1155.55 seconds
2025-05-01 09:23:03,033 - training.model_EfficientNet-B2_opt_Adam_lr_0.0001 - INFO - Training completed after 1155.55 seconds
2025-05-01 09:23:03,033 - training.model_EfficientNet-B2_opt_Adam_lr_0.0001 - INFO - Training completed after 1155.55 seconds
2025-05-01 09:23:14,817 - training.model_EfficientNet-B2_opt_Adam_lr_0.0001 - INFO - Initialized training manager for model_EfficientNet-B2_opt_Adam_lr_0.0001
2025-05-01 09:23:14,817 - training.model_EfficientNet-B2_opt_Adam_lr_0.0001 - INFO - Initialized training manager for model_EfficientNet-B2_opt_Adam_lr_0.0001
2025-05-01 09:23:14,817 - training.model_EfficientNet-B2_opt_Adam_lr_0.0001 - INFO - Initialized training manager for model_EfficientNet-B2_opt_Adam_lr_0.0001
2025-05-01 09:23:14,817 - training.model_EfficientNet-B2_opt_Adam_lr_0.0001 - INFO - Initialized training manager for model_EfficientNet-B2_opt_Adam_lr_0.0001
2025-05-01 09:23:14,817 - training.model_EfficientNet-B2_opt_Adam_lr_0.0001 - INFO - Initialized training manager for model_EfficientNet-B2_opt_Adam_lr_0.0001
2025-05-01 09:23:14,817 - training.model_EfficientNet-B2_opt_Adam_lr_0.0001 - INFO - Initialized training manager for model_EfficientNet-B2_opt_Adam_lr_0.0001
2025-05-01 09:23:14,817 - training.model_EfficientNet-B2_opt_Adam_lr_0.0001 - INFO - Initialized training manager for model_EfficientNet-B2_opt_Adam_lr_0.0001
2025-05-01 09:23:14,817 - training.model_EfficientNet-B2_opt_Adam_lr_0.0001 - INFO - Initialized training manager for model_EfficientNet-B2_opt_Adam_lr_0.0001
2025-05-01 09:23:14,817 - training.model_EfficientNet-B2_opt_Adam_lr_0.0001 - INFO - Initialized training manager for model_EfficientNet-B2_opt_Adam_lr_0.0001
2025-05-01 09:23:14,817 - training.model_EfficientNet-B2_opt_Adam_lr_0.0001 - INFO - Initialized training manager for model_EfficientNet-B2_opt_Adam_lr_0.0001
2025-05-01 09:23:14,817 - training.model_EfficientNet-B2_opt_Adam_lr_0.0001 - INFO - Initialized training manager for model_EfficientNet-B2_opt_Adam_lr_0.0001
2025-05-01 09:23:14,817 - training.model_EfficientNet-B2_opt_Adam_lr_0.0001 - INFO - Initialized training manager for model_EfficientNet-B2_opt_Adam_lr_0.0001
2025-05-01 09:23:14,817 - training.model_EfficientNet-B2_opt_Adam_lr_0.0001 - INFO - Config: {
  "id": 288,
  "model_name": "EfficientNet-B2",
  "optimizer": "Adam",
  "learning_rate": 0.0001,
  "scheduler": {
    "name": "CosineAnnealingWarmRestarts",
    "T_0": 10
  },
  "loss_fn": {
    "name": "LabelSmoothing",
    "smoothing": 0.1
  }
}
2025-05-01 09:23:14,817 - training.model_EfficientNet-B2_opt_Adam_lr_0.0001 - INFO - Config: {
  "id": 288,
  "model_name": "EfficientNet-B2",
  "optimizer": "Adam",
  "learning_rate": 0.0001,
  "scheduler": {
    "name": "CosineAnnealingWarmRestarts",
    "T_0": 10
  },
  "loss_fn": {
    "name": "LabelSmoothing",
    "smoothing": 0.1
  }
}
2025-05-01 09:23:14,817 - training.model_EfficientNet-B2_opt_Adam_lr_0.0001 - INFO - Config: {
  "id": 288,
  "model_name": "EfficientNet-B2",
  "optimizer": "Adam",
  "learning_rate": 0.0001,
  "scheduler": {
    "name": "CosineAnnealingWarmRestarts",
    "T_0": 10
  },
  "loss_fn": {
    "name": "LabelSmoothing",
    "smoothing": 0.1
  }
}
2025-05-01 09:23:14,817 - training.model_EfficientNet-B2_opt_Adam_lr_0.0001 - INFO - Config: {
  "id": 288,
  "model_name": "EfficientNet-B2",
  "optimizer": "Adam",
  "learning_rate": 0.0001,
  "scheduler": {
    "name": "CosineAnnealingWarmRestarts",
    "T_0": 10
  },
  "loss_fn": {
    "name": "LabelSmoothing",
    "smoothing": 0.1
  }
}
2025-05-01 09:23:14,817 - training.model_EfficientNet-B2_opt_Adam_lr_0.0001 - INFO - Config: {
  "id": 288,
  "model_name": "EfficientNet-B2",
  "optimizer": "Adam",
  "learning_rate": 0.0001,
  "scheduler": {
    "name": "CosineAnnealingWarmRestarts",
    "T_0": 10
  },
  "loss_fn": {
    "name": "LabelSmoothing",
    "smoothing": 0.1
  }
}
2025-05-01 09:23:14,817 - training.model_EfficientNet-B2_opt_Adam_lr_0.0001 - INFO - Config: {
  "id": 288,
  "model_name": "EfficientNet-B2",
  "optimizer": "Adam",
  "learning_rate": 0.0001,
  "scheduler": {
    "name": "CosineAnnealingWarmRestarts",
    "T_0": 10
  },
  "loss_fn": {
    "name": "LabelSmoothing",
    "smoothing": 0.1
  }
}
2025-05-01 09:23:14,817 - training.model_EfficientNet-B2_opt_Adam_lr_0.0001 - INFO - Config: {
  "id": 288,
  "model_name": "EfficientNet-B2",
  "optimizer": "Adam",
  "learning_rate": 0.0001,
  "scheduler": {
    "name": "CosineAnnealingWarmRestarts",
    "T_0": 10
  },
  "loss_fn": {
    "name": "LabelSmoothing",
    "smoothing": 0.1
  }
}
2025-05-01 09:23:14,817 - training.model_EfficientNet-B2_opt_Adam_lr_0.0001 - INFO - Config: {
  "id": 288,
  "model_name": "EfficientNet-B2",
  "optimizer": "Adam",
  "learning_rate": 0.0001,
  "scheduler": {
    "name": "CosineAnnealingWarmRestarts",
    "T_0": 10
  },
  "loss_fn": {
    "name": "LabelSmoothing",
    "smoothing": 0.1
  }
}
2025-05-01 09:23:14,817 - training.model_EfficientNet-B2_opt_Adam_lr_0.0001 - INFO - Config: {
  "id": 288,
  "model_name": "EfficientNet-B2",
  "optimizer": "Adam",
  "learning_rate": 0.0001,
  "scheduler": {
    "name": "CosineAnnealingWarmRestarts",
    "T_0": 10
  },
  "loss_fn": {
    "name": "LabelSmoothing",
    "smoothing": 0.1
  }
}
2025-05-01 09:23:14,817 - training.model_EfficientNet-B2_opt_Adam_lr_0.0001 - INFO - Config: {
  "id": 288,
  "model_name": "EfficientNet-B2",
  "optimizer": "Adam",
  "learning_rate": 0.0001,
  "scheduler": {
    "name": "CosineAnnealingWarmRestarts",
    "T_0": 10
  },
  "loss_fn": {
    "name": "LabelSmoothing",
    "smoothing": 0.1
  }
}
2025-05-01 09:23:14,817 - training.model_EfficientNet-B2_opt_Adam_lr_0.0001 - INFO - Config: {
  "id": 288,
  "model_name": "EfficientNet-B2",
  "optimizer": "Adam",
  "learning_rate": 0.0001,
  "scheduler": {
    "name": "CosineAnnealingWarmRestarts",
    "T_0": 10
  },
  "loss_fn": {
    "name": "LabelSmoothing",
    "smoothing": 0.1
  }
}
2025-05-01 09:23:14,817 - training.model_EfficientNet-B2_opt_Adam_lr_0.0001 - INFO - Config: {
  "id": 288,
  "model_name": "EfficientNet-B2",
  "optimizer": "Adam",
  "learning_rate": 0.0001,
  "scheduler": {
    "name": "CosineAnnealingWarmRestarts",
    "T_0": 10
  },
  "loss_fn": {
    "name": "LabelSmoothing",
    "smoothing": 0.1
  }
}
2025-05-01 09:23:14,817 - training.model_EfficientNet-B2_opt_Adam_lr_0.0001 - INFO - Loading checkpoint from model_results_v2/model_EfficientNet-B2_opt_Adam_lr_0.0001/checkpoint.pt
2025-05-01 09:23:14,817 - training.model_EfficientNet-B2_opt_Adam_lr_0.0001 - INFO - Loading checkpoint from model_results_v2/model_EfficientNet-B2_opt_Adam_lr_0.0001/checkpoint.pt
2025-05-01 09:23:14,817 - training.model_EfficientNet-B2_opt_Adam_lr_0.0001 - INFO - Loading checkpoint from model_results_v2/model_EfficientNet-B2_opt_Adam_lr_0.0001/checkpoint.pt
2025-05-01 09:23:14,817 - training.model_EfficientNet-B2_opt_Adam_lr_0.0001 - INFO - Loading checkpoint from model_results_v2/model_EfficientNet-B2_opt_Adam_lr_0.0001/checkpoint.pt
2025-05-01 09:23:14,817 - training.model_EfficientNet-B2_opt_Adam_lr_0.0001 - INFO - Loading checkpoint from model_results_v2/model_EfficientNet-B2_opt_Adam_lr_0.0001/checkpoint.pt
2025-05-01 09:23:14,817 - training.model_EfficientNet-B2_opt_Adam_lr_0.0001 - INFO - Loading checkpoint from model_results_v2/model_EfficientNet-B2_opt_Adam_lr_0.0001/checkpoint.pt
2025-05-01 09:23:14,817 - training.model_EfficientNet-B2_opt_Adam_lr_0.0001 - INFO - Loading checkpoint from model_results_v2/model_EfficientNet-B2_opt_Adam_lr_0.0001/checkpoint.pt
2025-05-01 09:23:14,817 - training.model_EfficientNet-B2_opt_Adam_lr_0.0001 - INFO - Loading checkpoint from model_results_v2/model_EfficientNet-B2_opt_Adam_lr_0.0001/checkpoint.pt
2025-05-01 09:23:14,817 - training.model_EfficientNet-B2_opt_Adam_lr_0.0001 - INFO - Loading checkpoint from model_results_v2/model_EfficientNet-B2_opt_Adam_lr_0.0001/checkpoint.pt
2025-05-01 09:23:14,817 - training.model_EfficientNet-B2_opt_Adam_lr_0.0001 - INFO - Loading checkpoint from model_results_v2/model_EfficientNet-B2_opt_Adam_lr_0.0001/checkpoint.pt
2025-05-01 09:23:14,817 - training.model_EfficientNet-B2_opt_Adam_lr_0.0001 - INFO - Loading checkpoint from model_results_v2/model_EfficientNet-B2_opt_Adam_lr_0.0001/checkpoint.pt
2025-05-01 09:23:14,817 - training.model_EfficientNet-B2_opt_Adam_lr_0.0001 - INFO - Loading checkpoint from model_results_v2/model_EfficientNet-B2_opt_Adam_lr_0.0001/checkpoint.pt
2025-05-01 09:23:15,750 - training.model_EfficientNet-B2_opt_Adam_lr_0.0001 - INFO - Resuming from epoch 20, best validation accuracy: 0.9871
2025-05-01 09:23:15,750 - training.model_EfficientNet-B2_opt_Adam_lr_0.0001 - INFO - Resuming from epoch 20, best validation accuracy: 0.9871
2025-05-01 09:23:15,750 - training.model_EfficientNet-B2_opt_Adam_lr_0.0001 - INFO - Resuming from epoch 20, best validation accuracy: 0.9871
2025-05-01 09:23:15,750 - training.model_EfficientNet-B2_opt_Adam_lr_0.0001 - INFO - Resuming from epoch 20, best validation accuracy: 0.9871
2025-05-01 09:23:15,750 - training.model_EfficientNet-B2_opt_Adam_lr_0.0001 - INFO - Resuming from epoch 20, best validation accuracy: 0.9871
2025-05-01 09:23:15,750 - training.model_EfficientNet-B2_opt_Adam_lr_0.0001 - INFO - Resuming from epoch 20, best validation accuracy: 0.9871
2025-05-01 09:23:15,750 - training.model_EfficientNet-B2_opt_Adam_lr_0.0001 - INFO - Resuming from epoch 20, best validation accuracy: 0.9871
2025-05-01 09:23:15,750 - training.model_EfficientNet-B2_opt_Adam_lr_0.0001 - INFO - Resuming from epoch 20, best validation accuracy: 0.9871
2025-05-01 09:23:15,750 - training.model_EfficientNet-B2_opt_Adam_lr_0.0001 - INFO - Resuming from epoch 20, best validation accuracy: 0.9871
2025-05-01 09:23:15,750 - training.model_EfficientNet-B2_opt_Adam_lr_0.0001 - INFO - Resuming from epoch 20, best validation accuracy: 0.9871
2025-05-01 09:23:15,750 - training.model_EfficientNet-B2_opt_Adam_lr_0.0001 - INFO - Resuming from epoch 20, best validation accuracy: 0.9871
2025-05-01 09:23:15,750 - training.model_EfficientNet-B2_opt_Adam_lr_0.0001 - INFO - Resuming from epoch 20, best validation accuracy: 0.9871
2025-05-01 09:23:15,752 - training.model_EfficientNet-B2_opt_Adam_lr_0.0001 - INFO - Training completed after 1155.55 seconds
2025-05-01 09:23:15,752 - training.model_EfficientNet-B2_opt_Adam_lr_0.0001 - INFO - Training completed after 1155.55 seconds
2025-05-01 09:23:15,752 - training.model_EfficientNet-B2_opt_Adam_lr_0.0001 - INFO - Training completed after 1155.55 seconds
2025-05-01 09:23:15,752 - training.model_EfficientNet-B2_opt_Adam_lr_0.0001 - INFO - Training completed after 1155.55 seconds
2025-05-01 09:23:15,752 - training.model_EfficientNet-B2_opt_Adam_lr_0.0001 - INFO - Training completed after 1155.55 seconds
2025-05-01 09:23:15,752 - training.model_EfficientNet-B2_opt_Adam_lr_0.0001 - INFO - Training completed after 1155.55 seconds
2025-05-01 09:23:15,752 - training.model_EfficientNet-B2_opt_Adam_lr_0.0001 - INFO - Training completed after 1155.55 seconds
2025-05-01 09:23:15,752 - training.model_EfficientNet-B2_opt_Adam_lr_0.0001 - INFO - Training completed after 1155.55 seconds
2025-05-01 09:23:15,752 - training.model_EfficientNet-B2_opt_Adam_lr_0.0001 - INFO - Training completed after 1155.55 seconds
2025-05-01 09:23:15,752 - training.model_EfficientNet-B2_opt_Adam_lr_0.0001 - INFO - Training completed after 1155.55 seconds
2025-05-01 09:23:15,752 - training.model_EfficientNet-B2_opt_Adam_lr_0.0001 - INFO - Training completed after 1155.55 seconds
2025-05-01 09:23:15,752 - training.model_EfficientNet-B2_opt_Adam_lr_0.0001 - INFO - Training completed after 1155.55 seconds
