2025-05-03 13:12:16,408 - training.model_ConvNeXt_opt_AdamW_lr_0.001_id_734 - INFO - Initialized training manager for model_ConvNeXt_opt_AdamW_lr_0.001_id_734
2025-05-03 13:12:16,408 - training.model_ConvNeXt_opt_AdamW_lr_0.001_id_734 - INFO - Config: {
  "id": 734,
  "model_name": "ConvNeXt",
  "optimizer": "AdamW",
  "learning_rate": 0.001,
  "scheduler": {
    "name": "StepLR",
    "step_size": 10,
    "gamma": 0.1
  },
  "loss_fn": {
    "name": "FocalLoss",
    "alpha": 0.25,
    "gamma": 2.0
  }
}
2025-05-03 13:20:43,387 - training.model_ConvNeXt_opt_AdamW_lr_0.001_id_734 - INFO - Starting model evaluation
2025-05-03 13:20:55,630 - training.model_ConvNeXt_opt_AdamW_lr_0.001_id_734 - INFO - Evaluation metrics:
  Accuracy:  0.2834
  Precision: 0.2834
  Recall:    1.0000
  F1 Score:  0.4417
  IoU:       0.2834
  mAP:       0.2812
  AUC:       0.4895
2025-05-03 13:20:55,631 - training.model_ConvNeXt_opt_AdamW_lr_0.001_id_734 - INFO - Final results saved to model_results_v2/model_ConvNeXt_opt_AdamW_lr_0.001_id_734/final_results.json
2025-05-03 13:20:55,633 - training.model_ConvNeXt_opt_AdamW_lr_0.001_id_734 - INFO - Final results saved to model_results_v2/model_ConvNeXt_opt_AdamW_lr_0.001_id_734/final_results.json
