2025-05-01 00:01:19,071 - training.model_ResNet50_opt_SGD_lr_0.01_id_4 - INFO - Initialized training manager for model_ResNet50_opt_SGD_lr_0.01_id_4
2025-05-01 00:01:19,071 - training.model_ResNet50_opt_SGD_lr_0.01_id_4 - INFO - Config: {
  "id": 4,
  "model_name": "ResNet50",
  "optimizer": "SGD",
  "learning_rate": 0.01,
  "scheduler": {
    "name": "ReduceLROnPlateau",
    "patience": 5,
    "factor": 0.5
  },
  "loss_fn": {
    "name": "CrossEntropy"
  }
}
2025-05-01 00:01:19,344 - training.model_ResNet50_opt_SGD_lr_0.01_id_4 - INFO - Starting model evaluation
2025-05-01 00:01:26,871 - training.model_ResNet50_opt_SGD_lr_0.01_id_4 - INFO - Evaluation metrics:
  Accuracy:  0.9732
  Precision: 0.9481
  Recall:    0.9580
  F1 Score:  0.9530
  IoU:       0.9103
  mAP:       0.9860
  AUC:       0.9908
2025-05-01 00:01:26,885 - training.model_ResNet50_opt_SGD_lr_0.01_id_4 - INFO - Final results saved to model_results_v2/model_ResNet50_opt_SGD_lr_0.01_id_4/final_results.json
2025-05-01 00:01:26,887 - training.model_ResNet50_opt_SGD_lr_0.01_id_4 - INFO - Final results saved to model_results_v2/model_ResNet50_opt_SGD_lr_0.01_id_4/final_results.json
