2025-05-01 06:24:19,402 - training.model_ResNet101_opt_AdamW_lr_0.001_id_193 - INFO - Initialized training manager for model_ResNet101_opt_AdamW_lr_0.001_id_193
2025-05-01 06:24:19,402 - training.model_ResNet101_opt_AdamW_lr_0.001_id_193 - INFO - Config: {
  "id": 193,
  "model_name": "ResNet101",
  "optimizer": "AdamW",
  "learning_rate": 0.001,
  "scheduler": {
    "name": "StepLR",
    "step_size": 10,
    "gamma": 0.1
  },
  "loss_fn": {
    "name": "CrossEntropy"
  }
}
2025-05-01 06:47:07,388 - training.model_ResNet101_opt_AdamW_lr_0.001_id_193 - INFO - Starting model evaluation
2025-05-01 06:47:18,652 - training.model_ResNet101_opt_AdamW_lr_0.001_id_193 - INFO - Evaluation metrics:
  Accuracy:  0.8801
  Precision: 0.7508
  Recall:    0.8636
  F1 Score:  0.8033
  IoU:       0.6712
  mAP:       0.8938
  AUC:       0.9419
2025-05-01 06:47:18,654 - training.model_ResNet101_opt_AdamW_lr_0.001_id_193 - INFO - Final results saved to model_results_v2/model_ResNet101_opt_AdamW_lr_0.001_id_193/final_results.json
2025-05-01 06:47:18,655 - training.model_ResNet101_opt_AdamW_lr_0.001_id_193 - INFO - Final results saved to model_results_v2/model_ResNet101_opt_AdamW_lr_0.001_id_193/final_results.json
