2025-05-03 13:57:50,899 - training.model_ConvNeXt_opt_AdamW_lr_0.0001_id_751 - INFO - Initialized training manager for model_ConvNeXt_opt_AdamW_lr_0.0001_id_751
2025-05-03 13:57:50,899 - training.model_ConvNeXt_opt_AdamW_lr_0.0001_id_751 - INFO - Config: {
  "id": 751,
  "model_name": "ConvNeXt",
  "optimizer": "AdamW",
  "learning_rate": 0.0001,
  "scheduler": {
    "name": "CosineAnnealingLR",
    "T_max": 10
  },
  "loss_fn": {
    "name": "CrossEntropy"
  }
}
2025-05-03 13:57:52,165 - training.model_ConvNeXt_opt_AdamW_lr_0.0001_id_751 - INFO - Starting model evaluation
2025-05-03 13:58:04,260 - training.model_ConvNeXt_opt_AdamW_lr_0.0001_id_751 - INFO - Evaluation metrics:
  Accuracy:  0.9574
  Precision: 0.8984
  Recall:    0.9580
  F1 Score:  0.9272
  IoU:       0.8644
  mAP:       0.9774
  AUC:       0.9897
2025-05-03 13:58:04,262 - training.model_ConvNeXt_opt_AdamW_lr_0.0001_id_751 - INFO - Final results saved to model_results_v2/model_ConvNeXt_opt_AdamW_lr_0.0001_id_751/final_results.json
2025-05-03 13:58:04,264 - training.model_ConvNeXt_opt_AdamW_lr_0.0001_id_751 - INFO - Final results saved to model_results_v2/model_ConvNeXt_opt_AdamW_lr_0.0001_id_751/final_results.json
