2025-05-03 10:41:30,616 - training.model_ConvNeXt_opt_SGD_lr_0.0001_id_679 - INFO - Initialized training manager for model_ConvNeXt_opt_SGD_lr_0.0001_id_679
2025-05-03 10:41:30,616 - training.model_ConvNeXt_opt_SGD_lr_0.0001_id_679 - INFO - Config: {
  "id": 679,
  "model_name": "ConvNeXt",
  "optimizer": "SGD",
  "learning_rate": 0.0001,
  "scheduler": {
    "name": "CosineAnnealingLR",
    "T_max": 10
  },
  "loss_fn": {
    "name": "CrossEntropy"
  }
}
2025-05-03 10:41:31,670 - training.model_ConvNeXt_opt_SGD_lr_0.0001_id_679 - INFO - Starting model evaluation
2025-05-03 10:41:43,244 - training.model_ConvNeXt_opt_SGD_lr_0.0001_id_679 - INFO - Evaluation metrics:
  Accuracy:  0.9009
  Precision: 0.7870
  Recall:    0.8916
  F1 Score:  0.8361
  IoU:       0.7183
  mAP:       0.9230
  AUC:       0.9582
2025-05-03 10:41:43,246 - training.model_ConvNeXt_opt_SGD_lr_0.0001_id_679 - INFO - Final results saved to model_results_v2/model_ConvNeXt_opt_SGD_lr_0.0001_id_679/final_results.json
2025-05-03 10:41:43,247 - training.model_ConvNeXt_opt_SGD_lr_0.0001_id_679 - INFO - Final results saved to model_results_v2/model_ConvNeXt_opt_SGD_lr_0.0001_id_679/final_results.json
