2025-05-01 01:53:05,235 - training.model_ResNet50_opt_AdamW_lr_0.01_id_83 - INFO - Initialized training manager for model_ResNet50_opt_AdamW_lr_0.01_id_83
2025-05-01 01:53:05,235 - training.model_ResNet50_opt_AdamW_lr_0.01_id_83 - INFO - Config: {
  "id": 83,
  "model_name": "ResNet50",
  "optimizer": "AdamW",
  "learning_rate": 0.01,
  "scheduler": {
    "name": "CosineAnnealingWarmRestarts",
    "T_0": 10
  },
  "loss_fn": {
    "name": "FocalLoss",
    "alpha": 0.25,
    "gamma": 2.0
  }
}
2025-05-01 01:53:05,495 - training.model_ResNet50_opt_AdamW_lr_0.01_id_83 - INFO - Starting model evaluation
2025-05-01 01:53:12,958 - training.model_ResNet50_opt_AdamW_lr_0.01_id_83 - INFO - Evaluation metrics:
  Accuracy:  0.7800
  Precision: 0.8265
  Recall:    0.2832
  F1 Score:  0.4219
  IoU:       0.2673
  mAP:       0.4692
  AUC:       0.6283
2025-05-01 01:53:12,959 - training.model_ResNet50_opt_AdamW_lr_0.01_id_83 - INFO - Final results saved to model_results_v2/model_ResNet50_opt_AdamW_lr_0.01_id_83/final_results.json
2025-05-01 01:53:12,961 - training.model_ResNet50_opt_AdamW_lr_0.01_id_83 - INFO - Final results saved to model_results_v2/model_ResNet50_opt_AdamW_lr_0.01_id_83/final_results.json
