2025-05-01 00:19:55,580 - training.model_ResNet50_opt_SGD_lr_0.001_id_14 - INFO - Initialized training manager for model_ResNet50_opt_SGD_lr_0.001_id_14
2025-05-01 00:19:55,580 - training.model_ResNet50_opt_SGD_lr_0.001_id_14 - INFO - Config: {
  "id": 14,
  "model_name": "ResNet50",
  "optimizer": "SGD",
  "learning_rate": 0.001,
  "scheduler": {
    "name": "StepLR",
    "step_size": 10,
    "gamma": 0.1
  },
  "loss_fn": {
    "name": "FocalLoss",
    "alpha": 0.25,
    "gamma": 2.0
  }
}
2025-05-01 00:19:55,801 - training.model_ResNet50_opt_SGD_lr_0.001_id_14 - INFO - Starting model evaluation
2025-05-01 00:20:04,661 - training.model_ResNet50_opt_SGD_lr_0.001_id_14 - INFO - Evaluation metrics:
  Accuracy:  0.9554
  Precision: 0.9057
  Recall:    0.9406
  F1 Score:  0.9228
  IoU:       0.8567
  mAP:       0.9827
  AUC:       0.9915
2025-05-01 00:20:04,663 - training.model_ResNet50_opt_SGD_lr_0.001_id_14 - INFO - Final results saved to model_results_v2/model_ResNet50_opt_SGD_lr_0.001_id_14/final_results.json
2025-05-01 00:20:04,665 - training.model_ResNet50_opt_SGD_lr_0.001_id_14 - INFO - Final results saved to model_results_v2/model_ResNet50_opt_SGD_lr_0.001_id_14/final_results.json
