2025-05-01 06:23:25,486 - training.model_ResNet101_opt_AdamW_lr_0.01_id_189 - INFO - Initialized training manager for model_ResNet101_opt_AdamW_lr_0.01_id_189
2025-05-01 06:23:25,486 - training.model_ResNet101_opt_AdamW_lr_0.01_id_189 - INFO - Config: {
  "id": 189,
  "model_name": "ResNet101",
  "optimizer": "AdamW",
  "learning_rate": 0.01,
  "scheduler": {
    "name": "CosineAnnealingLR",
    "T_max": 10
  },
  "loss_fn": {
    "name": "LabelSmoothing",
    "smoothing": 0.1
  }
}
2025-05-01 06:23:27,394 - training.model_ResNet101_opt_AdamW_lr_0.01_id_189 - INFO - Starting model evaluation
2025-05-01 06:23:39,375 - training.model_ResNet101_opt_AdamW_lr_0.01_id_189 - INFO - Evaluation metrics:
  Accuracy:  0.7166
  Precision: 0.0000
  Recall:    0.0000
  F1 Score:  0.0000
  IoU:       0.0000
  mAP:       0.2827
  AUC:       0.4920
2025-05-01 06:23:39,376 - training.model_ResNet101_opt_AdamW_lr_0.01_id_189 - INFO - Final results saved to model_results_v2/model_ResNet101_opt_AdamW_lr_0.01_id_189/final_results.json
2025-05-01 06:23:39,377 - training.model_ResNet101_opt_AdamW_lr_0.01_id_189 - INFO - Final results saved to model_results_v2/model_ResNet101_opt_AdamW_lr_0.01_id_189/final_results.json
