2025-05-03 05:08:22,382 - training.model_DenseNet121_opt_AdamW_lr_0.01 - INFO - Initialized training manager for model_DenseNet121_opt_AdamW_lr_0.01
2025-05-03 05:08:22,382 - training.model_DenseNet121_opt_AdamW_lr_0.01 - INFO - Config: {
  "id": 505,
  "model_name": "DenseNet121",
  "optimizer": "AdamW",
  "learning_rate": 0.01,
  "scheduler": {
    "name": "StepLR",
    "step_size": 10,
    "gamma": 0.1
  },
  "loss_fn": {
    "name": "CrossEntropy"
  }
}
2025-05-03 05:08:22,382 - training.model_DenseNet121_opt_AdamW_lr_0.01 - INFO - No checkpoint found, starting fresh training
2025-05-03 05:08:22,383 - training.model_DenseNet121_opt_AdamW_lr_0.01 - INFO - Starting epoch 1/20
2025-05-03 05:08:46,007 - training.model_DenseNet121_opt_AdamW_lr_0.01 - INFO - Checkpoint saved at epoch 0
2025-05-03 05:09:18,063 - training.model_DenseNet121_opt_AdamW_lr_0.01 - INFO - Validation accuracy improved from 0.0000 to 0.5043
2025-05-03 05:09:18,095 - training.model_DenseNet121_opt_AdamW_lr_0.01 - INFO - Epoch 1 completed in 55.71s - Train Loss: 0.8148, Train Acc: 0.4981, Val Loss: 0.8096, Val Acc: 0.5043
2025-05-03 05:09:18,193 - training.model_DenseNet121_opt_AdamW_lr_0.01 - INFO - Checkpoint saved at epoch 0
2025-05-03 05:09:18,193 - training.model_DenseNet121_opt_AdamW_lr_0.01 - INFO - Starting epoch 2/20
2025-05-03 05:09:42,244 - training.model_DenseNet121_opt_AdamW_lr_0.01 - INFO - Checkpoint saved at epoch 1
2025-05-03 05:10:14,386 - training.model_DenseNet121_opt_AdamW_lr_0.01 - INFO - Validation loss improved from inf to 0.8096
2025-05-03 05:10:14,426 - training.model_DenseNet121_opt_AdamW_lr_0.01 - INFO - Epoch 2 completed in 56.23s - Train Loss: 0.8143, Train Acc: 0.4989, Val Loss: 0.8096, Val Acc: 0.5043
2025-05-03 05:10:14,527 - training.model_DenseNet121_opt_AdamW_lr_0.01 - INFO - Checkpoint saved at epoch 1
2025-05-03 05:10:14,527 - training.model_DenseNet121_opt_AdamW_lr_0.01 - INFO - Starting epoch 3/20
2025-05-03 05:10:38,736 - training.model_DenseNet121_opt_AdamW_lr_0.01 - INFO - Checkpoint saved at epoch 2
2025-05-03 05:11:11,113 - training.model_DenseNet121_opt_AdamW_lr_0.01 - INFO - Validation loss improved from 0.8096 to 0.8096
2025-05-03 05:11:11,169 - training.model_DenseNet121_opt_AdamW_lr_0.01 - INFO - Epoch 3 completed in 56.64s - Train Loss: 0.8143, Train Acc: 0.4989, Val Loss: 0.8096, Val Acc: 0.5043
2025-05-03 05:11:11,273 - training.model_DenseNet121_opt_AdamW_lr_0.01 - INFO - Checkpoint saved at epoch 2
2025-05-03 05:11:11,274 - training.model_DenseNet121_opt_AdamW_lr_0.01 - INFO - Starting epoch 4/20
2025-05-03 05:11:34,769 - training.model_DenseNet121_opt_AdamW_lr_0.01 - INFO - Checkpoint saved at epoch 3
2025-05-03 05:12:07,272 - training.model_DenseNet121_opt_AdamW_lr_0.01 - INFO - Validation loss improved from 0.8096 to 0.8096
2025-05-03 05:12:07,312 - training.model_DenseNet121_opt_AdamW_lr_0.01 - INFO - Epoch 4 completed in 56.04s - Train Loss: 0.8150, Train Acc: 0.4989, Val Loss: 0.8096, Val Acc: 0.5043
2025-05-03 05:12:07,415 - training.model_DenseNet121_opt_AdamW_lr_0.01 - INFO - Checkpoint saved at epoch 3
2025-05-03 05:12:07,416 - training.model_DenseNet121_opt_AdamW_lr_0.01 - INFO - Starting epoch 5/20
2025-05-03 05:12:31,145 - training.model_DenseNet121_opt_AdamW_lr_0.01 - INFO - Checkpoint saved at epoch 4
2025-05-03 05:13:03,106 - training.model_DenseNet121_opt_AdamW_lr_0.01 - INFO - Epoch 5 completed in 55.69s - Train Loss: 0.8140, Train Acc: 0.4983, Val Loss: 0.8096, Val Acc: 0.5043
2025-05-03 05:13:03,211 - training.model_DenseNet121_opt_AdamW_lr_0.01 - INFO - Checkpoint saved at epoch 4
2025-05-03 05:13:03,212 - training.model_DenseNet121_opt_AdamW_lr_0.01 - INFO - Starting epoch 6/20
2025-05-03 05:13:27,719 - training.model_DenseNet121_opt_AdamW_lr_0.01 - INFO - Checkpoint saved at epoch 5
2025-05-03 05:13:59,448 - training.model_DenseNet121_opt_AdamW_lr_0.01 - INFO - Epoch 6 completed in 56.24s - Train Loss: 0.8143, Train Acc: 0.4989, Val Loss: 0.8096, Val Acc: 0.5043
2025-05-03 05:13:59,547 - training.model_DenseNet121_opt_AdamW_lr_0.01 - INFO - Checkpoint saved at epoch 5
2025-05-03 05:13:59,548 - training.model_DenseNet121_opt_AdamW_lr_0.01 - INFO - Starting epoch 7/20
2025-05-03 05:14:23,650 - training.model_DenseNet121_opt_AdamW_lr_0.01 - INFO - Checkpoint saved at epoch 6
2025-05-03 05:14:56,468 - training.model_DenseNet121_opt_AdamW_lr_0.01 - INFO - Epoch 7 completed in 56.92s - Train Loss: 0.8137, Train Acc: 0.4989, Val Loss: 0.8096, Val Acc: 0.5043
2025-05-03 05:14:56,654 - training.model_DenseNet121_opt_AdamW_lr_0.01 - INFO - Checkpoint saved at epoch 6
2025-05-03 05:14:56,655 - training.model_DenseNet121_opt_AdamW_lr_0.01 - INFO - Starting epoch 8/20
2025-05-03 05:15:20,362 - training.model_DenseNet121_opt_AdamW_lr_0.01 - INFO - Checkpoint saved at epoch 7
2025-05-03 05:15:51,796 - training.model_DenseNet121_opt_AdamW_lr_0.01 - INFO - Epoch 8 completed in 55.14s - Train Loss: 0.8150, Train Acc: 0.4989, Val Loss: 0.8096, Val Acc: 0.5043
2025-05-03 05:15:51,894 - training.model_DenseNet121_opt_AdamW_lr_0.01 - INFO - Checkpoint saved at epoch 7
2025-05-03 05:15:51,895 - training.model_DenseNet121_opt_AdamW_lr_0.01 - INFO - Starting epoch 9/20
2025-05-03 05:16:16,462 - training.model_DenseNet121_opt_AdamW_lr_0.01 - INFO - Checkpoint saved at epoch 8
2025-05-03 05:16:48,725 - training.model_DenseNet121_opt_AdamW_lr_0.01 - INFO - Epoch 9 completed in 56.83s - Train Loss: 0.8143, Train Acc: 0.4989, Val Loss: 0.8096, Val Acc: 0.5043
2025-05-03 05:16:48,824 - training.model_DenseNet121_opt_AdamW_lr_0.01 - INFO - Checkpoint saved at epoch 8
2025-05-03 05:16:48,824 - training.model_DenseNet121_opt_AdamW_lr_0.01 - INFO - Early stopping triggered after 9 epochs
2025-05-03 05:16:48,824 - training.model_DenseNet121_opt_AdamW_lr_0.01 - INFO - Training completed after 506.34 seconds
2025-05-03 05:17:00,942 - training.model_DenseNet121_opt_AdamW_lr_0.01 - INFO - Initialized training manager for model_DenseNet121_opt_AdamW_lr_0.01
2025-05-03 05:17:00,942 - training.model_DenseNet121_opt_AdamW_lr_0.01 - INFO - Initialized training manager for model_DenseNet121_opt_AdamW_lr_0.01
2025-05-03 05:17:00,942 - training.model_DenseNet121_opt_AdamW_lr_0.01 - INFO - Config: {
  "id": 506,
  "model_name": "DenseNet121",
  "optimizer": "AdamW",
  "learning_rate": 0.01,
  "scheduler": {
    "name": "StepLR",
    "step_size": 10,
    "gamma": 0.1
  },
  "loss_fn": {
    "name": "FocalLoss",
    "alpha": 0.25,
    "gamma": 2.0
  }
}
2025-05-03 05:17:00,942 - training.model_DenseNet121_opt_AdamW_lr_0.01 - INFO - Config: {
  "id": 506,
  "model_name": "DenseNet121",
  "optimizer": "AdamW",
  "learning_rate": 0.01,
  "scheduler": {
    "name": "StepLR",
    "step_size": 10,
    "gamma": 0.1
  },
  "loss_fn": {
    "name": "FocalLoss",
    "alpha": 0.25,
    "gamma": 2.0
  }
}
2025-05-03 05:17:00,942 - training.model_DenseNet121_opt_AdamW_lr_0.01 - INFO - Loading checkpoint from model_results_v2/model_DenseNet121_opt_AdamW_lr_0.01/checkpoint.pt
2025-05-03 05:17:00,942 - training.model_DenseNet121_opt_AdamW_lr_0.01 - INFO - Loading checkpoint from model_results_v2/model_DenseNet121_opt_AdamW_lr_0.01/checkpoint.pt
2025-05-03 05:17:01,115 - training.model_DenseNet121_opt_AdamW_lr_0.01 - INFO - Resuming from epoch 9, best validation accuracy: 0.5043
2025-05-03 05:17:01,115 - training.model_DenseNet121_opt_AdamW_lr_0.01 - INFO - Resuming from epoch 9, best validation accuracy: 0.5043
2025-05-03 05:17:01,116 - training.model_DenseNet121_opt_AdamW_lr_0.01 - INFO - Starting epoch 10/20
2025-05-03 05:17:01,116 - training.model_DenseNet121_opt_AdamW_lr_0.01 - INFO - Starting epoch 10/20
2025-05-03 05:17:25,117 - training.model_DenseNet121_opt_AdamW_lr_0.01 - INFO - Checkpoint saved at epoch 9
2025-05-03 05:17:25,117 - training.model_DenseNet121_opt_AdamW_lr_0.01 - INFO - Checkpoint saved at epoch 9
2025-05-03 05:17:56,276 - training.model_DenseNet121_opt_AdamW_lr_0.01 - INFO - Validation loss improved from 0.8096 to 0.0899
2025-05-03 05:17:56,276 - training.model_DenseNet121_opt_AdamW_lr_0.01 - INFO - Validation loss improved from 0.8096 to 0.0899
2025-05-03 05:17:56,316 - training.model_DenseNet121_opt_AdamW_lr_0.01 - INFO - Epoch 10 completed in 55.20s - Train Loss: 0.0909, Train Acc: 0.4989, Val Loss: 0.0899, Val Acc: 0.5043
2025-05-03 05:17:56,316 - training.model_DenseNet121_opt_AdamW_lr_0.01 - INFO - Epoch 10 completed in 55.20s - Train Loss: 0.0909, Train Acc: 0.4989, Val Loss: 0.0899, Val Acc: 0.5043
2025-05-03 05:17:56,415 - training.model_DenseNet121_opt_AdamW_lr_0.01 - INFO - Checkpoint saved at epoch 9
2025-05-03 05:17:56,415 - training.model_DenseNet121_opt_AdamW_lr_0.01 - INFO - Checkpoint saved at epoch 9
2025-05-03 05:17:56,416 - training.model_DenseNet121_opt_AdamW_lr_0.01 - INFO - Starting epoch 11/20
2025-05-03 05:17:56,416 - training.model_DenseNet121_opt_AdamW_lr_0.01 - INFO - Starting epoch 11/20
2025-05-03 05:18:20,849 - training.model_DenseNet121_opt_AdamW_lr_0.01 - INFO - Checkpoint saved at epoch 10
2025-05-03 05:18:20,849 - training.model_DenseNet121_opt_AdamW_lr_0.01 - INFO - Checkpoint saved at epoch 10
2025-05-03 05:18:53,283 - training.model_DenseNet121_opt_AdamW_lr_0.01 - INFO - Epoch 11 completed in 56.87s - Train Loss: 0.0909, Train Acc: 0.4989, Val Loss: 0.0899, Val Acc: 0.5043
2025-05-03 05:18:53,283 - training.model_DenseNet121_opt_AdamW_lr_0.01 - INFO - Epoch 11 completed in 56.87s - Train Loss: 0.0909, Train Acc: 0.4989, Val Loss: 0.0899, Val Acc: 0.5043
2025-05-03 05:18:53,389 - training.model_DenseNet121_opt_AdamW_lr_0.01 - INFO - Checkpoint saved at epoch 10
2025-05-03 05:18:53,389 - training.model_DenseNet121_opt_AdamW_lr_0.01 - INFO - Checkpoint saved at epoch 10
2025-05-03 05:18:53,390 - training.model_DenseNet121_opt_AdamW_lr_0.01 - INFO - Starting epoch 12/20
2025-05-03 05:18:53,390 - training.model_DenseNet121_opt_AdamW_lr_0.01 - INFO - Starting epoch 12/20
2025-05-03 05:19:17,112 - training.model_DenseNet121_opt_AdamW_lr_0.01 - INFO - Checkpoint saved at epoch 11
2025-05-03 05:19:17,112 - training.model_DenseNet121_opt_AdamW_lr_0.01 - INFO - Checkpoint saved at epoch 11
2025-05-03 05:19:49,940 - training.model_DenseNet121_opt_AdamW_lr_0.01 - INFO - Epoch 12 completed in 56.55s - Train Loss: 0.0906, Train Acc: 0.4989, Val Loss: 0.0899, Val Acc: 0.5043
2025-05-03 05:19:49,940 - training.model_DenseNet121_opt_AdamW_lr_0.01 - INFO - Epoch 12 completed in 56.55s - Train Loss: 0.0906, Train Acc: 0.4989, Val Loss: 0.0899, Val Acc: 0.5043
2025-05-03 05:19:50,046 - training.model_DenseNet121_opt_AdamW_lr_0.01 - INFO - Checkpoint saved at epoch 11
2025-05-03 05:19:50,046 - training.model_DenseNet121_opt_AdamW_lr_0.01 - INFO - Checkpoint saved at epoch 11
2025-05-03 05:19:50,046 - training.model_DenseNet121_opt_AdamW_lr_0.01 - INFO - Starting epoch 13/20
2025-05-03 05:19:50,046 - training.model_DenseNet121_opt_AdamW_lr_0.01 - INFO - Starting epoch 13/20
2025-05-03 05:20:14,338 - training.model_DenseNet121_opt_AdamW_lr_0.01 - INFO - Checkpoint saved at epoch 12
2025-05-03 05:20:14,338 - training.model_DenseNet121_opt_AdamW_lr_0.01 - INFO - Checkpoint saved at epoch 12
2025-05-03 05:20:47,689 - training.model_DenseNet121_opt_AdamW_lr_0.01 - INFO - Epoch 13 completed in 57.64s - Train Loss: 0.0909, Train Acc: 0.4989, Val Loss: 0.0899, Val Acc: 0.5043
2025-05-03 05:20:47,689 - training.model_DenseNet121_opt_AdamW_lr_0.01 - INFO - Epoch 13 completed in 57.64s - Train Loss: 0.0909, Train Acc: 0.4989, Val Loss: 0.0899, Val Acc: 0.5043
2025-05-03 05:20:47,789 - training.model_DenseNet121_opt_AdamW_lr_0.01 - INFO - Checkpoint saved at epoch 12
2025-05-03 05:20:47,789 - training.model_DenseNet121_opt_AdamW_lr_0.01 - INFO - Checkpoint saved at epoch 12
2025-05-03 05:20:47,789 - training.model_DenseNet121_opt_AdamW_lr_0.01 - INFO - Starting epoch 14/20
2025-05-03 05:20:47,789 - training.model_DenseNet121_opt_AdamW_lr_0.01 - INFO - Starting epoch 14/20
2025-05-03 05:21:12,234 - training.model_DenseNet121_opt_AdamW_lr_0.01 - INFO - Checkpoint saved at epoch 13
2025-05-03 05:21:12,234 - training.model_DenseNet121_opt_AdamW_lr_0.01 - INFO - Checkpoint saved at epoch 13
2025-05-03 05:21:45,386 - training.model_DenseNet121_opt_AdamW_lr_0.01 - INFO - Epoch 14 completed in 57.60s - Train Loss: 0.0910, Train Acc: 0.4989, Val Loss: 0.0899, Val Acc: 0.5043
2025-05-03 05:21:45,386 - training.model_DenseNet121_opt_AdamW_lr_0.01 - INFO - Epoch 14 completed in 57.60s - Train Loss: 0.0910, Train Acc: 0.4989, Val Loss: 0.0899, Val Acc: 0.5043
2025-05-03 05:21:45,498 - training.model_DenseNet121_opt_AdamW_lr_0.01 - INFO - Checkpoint saved at epoch 13
2025-05-03 05:21:45,498 - training.model_DenseNet121_opt_AdamW_lr_0.01 - INFO - Checkpoint saved at epoch 13
2025-05-03 05:21:45,498 - training.model_DenseNet121_opt_AdamW_lr_0.01 - INFO - Starting epoch 15/20
2025-05-03 05:21:45,498 - training.model_DenseNet121_opt_AdamW_lr_0.01 - INFO - Starting epoch 15/20
2025-05-03 05:22:09,032 - training.model_DenseNet121_opt_AdamW_lr_0.01 - INFO - Checkpoint saved at epoch 14
2025-05-03 05:22:09,032 - training.model_DenseNet121_opt_AdamW_lr_0.01 - INFO - Checkpoint saved at epoch 14
2025-05-03 05:22:42,216 - training.model_DenseNet121_opt_AdamW_lr_0.01 - INFO - Epoch 15 completed in 56.72s - Train Loss: 0.0906, Train Acc: 0.4989, Val Loss: 0.0899, Val Acc: 0.5043
2025-05-03 05:22:42,216 - training.model_DenseNet121_opt_AdamW_lr_0.01 - INFO - Epoch 15 completed in 56.72s - Train Loss: 0.0906, Train Acc: 0.4989, Val Loss: 0.0899, Val Acc: 0.5043
2025-05-03 05:22:42,312 - training.model_DenseNet121_opt_AdamW_lr_0.01 - INFO - Checkpoint saved at epoch 14
2025-05-03 05:22:42,312 - training.model_DenseNet121_opt_AdamW_lr_0.01 - INFO - Checkpoint saved at epoch 14
2025-05-03 05:22:42,313 - training.model_DenseNet121_opt_AdamW_lr_0.01 - INFO - Early stopping triggered after 15 epochs
2025-05-03 05:22:42,313 - training.model_DenseNet121_opt_AdamW_lr_0.01 - INFO - Early stopping triggered after 15 epochs
2025-05-03 05:22:42,313 - training.model_DenseNet121_opt_AdamW_lr_0.01 - INFO - Training completed after 847.44 seconds
2025-05-03 05:22:42,313 - training.model_DenseNet121_opt_AdamW_lr_0.01 - INFO - Training completed after 847.44 seconds
2025-05-03 05:22:54,450 - training.model_DenseNet121_opt_AdamW_lr_0.01 - INFO - Initialized training manager for model_DenseNet121_opt_AdamW_lr_0.01
2025-05-03 05:22:54,450 - training.model_DenseNet121_opt_AdamW_lr_0.01 - INFO - Initialized training manager for model_DenseNet121_opt_AdamW_lr_0.01
2025-05-03 05:22:54,450 - training.model_DenseNet121_opt_AdamW_lr_0.01 - INFO - Initialized training manager for model_DenseNet121_opt_AdamW_lr_0.01
2025-05-03 05:22:54,450 - training.model_DenseNet121_opt_AdamW_lr_0.01 - INFO - Config: {
  "id": 507,
  "model_name": "DenseNet121",
  "optimizer": "AdamW",
  "learning_rate": 0.01,
  "scheduler": {
    "name": "StepLR",
    "step_size": 10,
    "gamma": 0.1
  },
  "loss_fn": {
    "name": "LabelSmoothing",
    "smoothing": 0.1
  }
}
2025-05-03 05:22:54,450 - training.model_DenseNet121_opt_AdamW_lr_0.01 - INFO - Config: {
  "id": 507,
  "model_name": "DenseNet121",
  "optimizer": "AdamW",
  "learning_rate": 0.01,
  "scheduler": {
    "name": "StepLR",
    "step_size": 10,
    "gamma": 0.1
  },
  "loss_fn": {
    "name": "LabelSmoothing",
    "smoothing": 0.1
  }
}
2025-05-03 05:22:54,450 - training.model_DenseNet121_opt_AdamW_lr_0.01 - INFO - Config: {
  "id": 507,
  "model_name": "DenseNet121",
  "optimizer": "AdamW",
  "learning_rate": 0.01,
  "scheduler": {
    "name": "StepLR",
    "step_size": 10,
    "gamma": 0.1
  },
  "loss_fn": {
    "name": "LabelSmoothing",
    "smoothing": 0.1
  }
}
2025-05-03 05:22:54,450 - training.model_DenseNet121_opt_AdamW_lr_0.01 - INFO - Loading checkpoint from model_results_v2/model_DenseNet121_opt_AdamW_lr_0.01/checkpoint.pt
2025-05-03 05:22:54,450 - training.model_DenseNet121_opt_AdamW_lr_0.01 - INFO - Loading checkpoint from model_results_v2/model_DenseNet121_opt_AdamW_lr_0.01/checkpoint.pt
2025-05-03 05:22:54,450 - training.model_DenseNet121_opt_AdamW_lr_0.01 - INFO - Loading checkpoint from model_results_v2/model_DenseNet121_opt_AdamW_lr_0.01/checkpoint.pt
2025-05-03 05:22:54,623 - training.model_DenseNet121_opt_AdamW_lr_0.01 - INFO - Resuming from epoch 15, best validation accuracy: 0.5043
2025-05-03 05:22:54,623 - training.model_DenseNet121_opt_AdamW_lr_0.01 - INFO - Resuming from epoch 15, best validation accuracy: 0.5043
2025-05-03 05:22:54,623 - training.model_DenseNet121_opt_AdamW_lr_0.01 - INFO - Resuming from epoch 15, best validation accuracy: 0.5043
2025-05-03 05:22:54,624 - training.model_DenseNet121_opt_AdamW_lr_0.01 - INFO - Starting epoch 16/20
2025-05-03 05:22:54,624 - training.model_DenseNet121_opt_AdamW_lr_0.01 - INFO - Starting epoch 16/20
2025-05-03 05:22:54,624 - training.model_DenseNet121_opt_AdamW_lr_0.01 - INFO - Starting epoch 16/20
2025-05-03 05:23:19,693 - training.model_DenseNet121_opt_AdamW_lr_0.01 - INFO - Checkpoint saved at epoch 15
2025-05-03 05:23:19,693 - training.model_DenseNet121_opt_AdamW_lr_0.01 - INFO - Checkpoint saved at epoch 15
2025-05-03 05:23:19,693 - training.model_DenseNet121_opt_AdamW_lr_0.01 - INFO - Checkpoint saved at epoch 15
2025-05-03 05:23:52,273 - training.model_DenseNet121_opt_AdamW_lr_0.01 - INFO - Epoch 16 completed in 57.65s - Train Loss: 0.8136, Train Acc: 0.4989, Val Loss: 0.8103, Val Acc: 0.5043
2025-05-03 05:23:52,273 - training.model_DenseNet121_opt_AdamW_lr_0.01 - INFO - Epoch 16 completed in 57.65s - Train Loss: 0.8136, Train Acc: 0.4989, Val Loss: 0.8103, Val Acc: 0.5043
2025-05-03 05:23:52,273 - training.model_DenseNet121_opt_AdamW_lr_0.01 - INFO - Epoch 16 completed in 57.65s - Train Loss: 0.8136, Train Acc: 0.4989, Val Loss: 0.8103, Val Acc: 0.5043
2025-05-03 05:23:52,373 - training.model_DenseNet121_opt_AdamW_lr_0.01 - INFO - Checkpoint saved at epoch 15
2025-05-03 05:23:52,373 - training.model_DenseNet121_opt_AdamW_lr_0.01 - INFO - Checkpoint saved at epoch 15
2025-05-03 05:23:52,373 - training.model_DenseNet121_opt_AdamW_lr_0.01 - INFO - Checkpoint saved at epoch 15
2025-05-03 05:23:52,373 - training.model_DenseNet121_opt_AdamW_lr_0.01 - INFO - Early stopping triggered after 16 epochs
2025-05-03 05:23:52,373 - training.model_DenseNet121_opt_AdamW_lr_0.01 - INFO - Early stopping triggered after 16 epochs
2025-05-03 05:23:52,373 - training.model_DenseNet121_opt_AdamW_lr_0.01 - INFO - Early stopping triggered after 16 epochs
2025-05-03 05:23:52,373 - training.model_DenseNet121_opt_AdamW_lr_0.01 - INFO - Training completed after 905.09 seconds
2025-05-03 05:23:52,373 - training.model_DenseNet121_opt_AdamW_lr_0.01 - INFO - Training completed after 905.09 seconds
2025-05-03 05:23:52,373 - training.model_DenseNet121_opt_AdamW_lr_0.01 - INFO - Training completed after 905.09 seconds
2025-05-03 05:24:04,040 - training.model_DenseNet121_opt_AdamW_lr_0.01 - INFO - Initialized training manager for model_DenseNet121_opt_AdamW_lr_0.01
2025-05-03 05:24:04,040 - training.model_DenseNet121_opt_AdamW_lr_0.01 - INFO - Initialized training manager for model_DenseNet121_opt_AdamW_lr_0.01
2025-05-03 05:24:04,040 - training.model_DenseNet121_opt_AdamW_lr_0.01 - INFO - Initialized training manager for model_DenseNet121_opt_AdamW_lr_0.01
2025-05-03 05:24:04,040 - training.model_DenseNet121_opt_AdamW_lr_0.01 - INFO - Initialized training manager for model_DenseNet121_opt_AdamW_lr_0.01
2025-05-03 05:24:04,041 - training.model_DenseNet121_opt_AdamW_lr_0.01 - INFO - Config: {
  "id": 508,
  "model_name": "DenseNet121",
  "optimizer": "AdamW",
  "learning_rate": 0.01,
  "scheduler": {
    "name": "ReduceLROnPlateau",
    "patience": 5,
    "factor": 0.5
  },
  "loss_fn": {
    "name": "CrossEntropy"
  }
}
2025-05-03 05:24:04,041 - training.model_DenseNet121_opt_AdamW_lr_0.01 - INFO - Config: {
  "id": 508,
  "model_name": "DenseNet121",
  "optimizer": "AdamW",
  "learning_rate": 0.01,
  "scheduler": {
    "name": "ReduceLROnPlateau",
    "patience": 5,
    "factor": 0.5
  },
  "loss_fn": {
    "name": "CrossEntropy"
  }
}
2025-05-03 05:24:04,041 - training.model_DenseNet121_opt_AdamW_lr_0.01 - INFO - Config: {
  "id": 508,
  "model_name": "DenseNet121",
  "optimizer": "AdamW",
  "learning_rate": 0.01,
  "scheduler": {
    "name": "ReduceLROnPlateau",
    "patience": 5,
    "factor": 0.5
  },
  "loss_fn": {
    "name": "CrossEntropy"
  }
}
2025-05-03 05:24:04,041 - training.model_DenseNet121_opt_AdamW_lr_0.01 - INFO - Config: {
  "id": 508,
  "model_name": "DenseNet121",
  "optimizer": "AdamW",
  "learning_rate": 0.01,
  "scheduler": {
    "name": "ReduceLROnPlateau",
    "patience": 5,
    "factor": 0.5
  },
  "loss_fn": {
    "name": "CrossEntropy"
  }
}
2025-05-03 05:24:04,041 - training.model_DenseNet121_opt_AdamW_lr_0.01 - INFO - Loading checkpoint from model_results_v2/model_DenseNet121_opt_AdamW_lr_0.01/checkpoint.pt
2025-05-03 05:24:04,041 - training.model_DenseNet121_opt_AdamW_lr_0.01 - INFO - Loading checkpoint from model_results_v2/model_DenseNet121_opt_AdamW_lr_0.01/checkpoint.pt
2025-05-03 05:24:04,041 - training.model_DenseNet121_opt_AdamW_lr_0.01 - INFO - Loading checkpoint from model_results_v2/model_DenseNet121_opt_AdamW_lr_0.01/checkpoint.pt
2025-05-03 05:24:04,041 - training.model_DenseNet121_opt_AdamW_lr_0.01 - INFO - Loading checkpoint from model_results_v2/model_DenseNet121_opt_AdamW_lr_0.01/checkpoint.pt
2025-05-03 05:24:04,212 - training.model_DenseNet121_opt_AdamW_lr_0.01 - INFO - Resuming from epoch 16, best validation accuracy: 0.5043
2025-05-03 05:24:04,212 - training.model_DenseNet121_opt_AdamW_lr_0.01 - INFO - Resuming from epoch 16, best validation accuracy: 0.5043
2025-05-03 05:24:04,212 - training.model_DenseNet121_opt_AdamW_lr_0.01 - INFO - Resuming from epoch 16, best validation accuracy: 0.5043
2025-05-03 05:24:04,212 - training.model_DenseNet121_opt_AdamW_lr_0.01 - INFO - Resuming from epoch 16, best validation accuracy: 0.5043
2025-05-03 05:24:04,214 - training.model_DenseNet121_opt_AdamW_lr_0.01 - INFO - Starting epoch 17/20
2025-05-03 05:24:04,214 - training.model_DenseNet121_opt_AdamW_lr_0.01 - INFO - Starting epoch 17/20
2025-05-03 05:24:04,214 - training.model_DenseNet121_opt_AdamW_lr_0.01 - INFO - Starting epoch 17/20
2025-05-03 05:24:04,214 - training.model_DenseNet121_opt_AdamW_lr_0.01 - INFO - Starting epoch 17/20
2025-05-03 05:24:28,162 - training.model_DenseNet121_opt_AdamW_lr_0.01 - INFO - Checkpoint saved at epoch 16
2025-05-03 05:24:28,162 - training.model_DenseNet121_opt_AdamW_lr_0.01 - INFO - Checkpoint saved at epoch 16
2025-05-03 05:24:28,162 - training.model_DenseNet121_opt_AdamW_lr_0.01 - INFO - Checkpoint saved at epoch 16
2025-05-03 05:24:28,162 - training.model_DenseNet121_opt_AdamW_lr_0.01 - INFO - Checkpoint saved at epoch 16
2025-05-03 05:25:00,123 - training.model_DenseNet121_opt_AdamW_lr_0.01 - INFO - Epoch 17 completed in 55.91s - Train Loss: 0.8143, Train Acc: 0.4989, Val Loss: 0.8096, Val Acc: 0.5043
2025-05-03 05:25:00,123 - training.model_DenseNet121_opt_AdamW_lr_0.01 - INFO - Epoch 17 completed in 55.91s - Train Loss: 0.8143, Train Acc: 0.4989, Val Loss: 0.8096, Val Acc: 0.5043
2025-05-03 05:25:00,123 - training.model_DenseNet121_opt_AdamW_lr_0.01 - INFO - Epoch 17 completed in 55.91s - Train Loss: 0.8143, Train Acc: 0.4989, Val Loss: 0.8096, Val Acc: 0.5043
2025-05-03 05:25:00,123 - training.model_DenseNet121_opt_AdamW_lr_0.01 - INFO - Epoch 17 completed in 55.91s - Train Loss: 0.8143, Train Acc: 0.4989, Val Loss: 0.8096, Val Acc: 0.5043
2025-05-03 05:25:00,222 - training.model_DenseNet121_opt_AdamW_lr_0.01 - INFO - Checkpoint saved at epoch 16
2025-05-03 05:25:00,222 - training.model_DenseNet121_opt_AdamW_lr_0.01 - INFO - Checkpoint saved at epoch 16
2025-05-03 05:25:00,222 - training.model_DenseNet121_opt_AdamW_lr_0.01 - INFO - Checkpoint saved at epoch 16
2025-05-03 05:25:00,222 - training.model_DenseNet121_opt_AdamW_lr_0.01 - INFO - Checkpoint saved at epoch 16
2025-05-03 05:25:00,223 - training.model_DenseNet121_opt_AdamW_lr_0.01 - INFO - Early stopping triggered after 17 epochs
2025-05-03 05:25:00,223 - training.model_DenseNet121_opt_AdamW_lr_0.01 - INFO - Early stopping triggered after 17 epochs
2025-05-03 05:25:00,223 - training.model_DenseNet121_opt_AdamW_lr_0.01 - INFO - Early stopping triggered after 17 epochs
2025-05-03 05:25:00,223 - training.model_DenseNet121_opt_AdamW_lr_0.01 - INFO - Early stopping triggered after 17 epochs
2025-05-03 05:25:00,223 - training.model_DenseNet121_opt_AdamW_lr_0.01 - INFO - Training completed after 961.00 seconds
2025-05-03 05:25:00,223 - training.model_DenseNet121_opt_AdamW_lr_0.01 - INFO - Training completed after 961.00 seconds
2025-05-03 05:25:00,223 - training.model_DenseNet121_opt_AdamW_lr_0.01 - INFO - Training completed after 961.00 seconds
2025-05-03 05:25:00,223 - training.model_DenseNet121_opt_AdamW_lr_0.01 - INFO - Training completed after 961.00 seconds
2025-05-03 05:25:12,092 - training.model_DenseNet121_opt_AdamW_lr_0.01 - INFO - Initialized training manager for model_DenseNet121_opt_AdamW_lr_0.01
2025-05-03 05:25:12,092 - training.model_DenseNet121_opt_AdamW_lr_0.01 - INFO - Initialized training manager for model_DenseNet121_opt_AdamW_lr_0.01
2025-05-03 05:25:12,092 - training.model_DenseNet121_opt_AdamW_lr_0.01 - INFO - Initialized training manager for model_DenseNet121_opt_AdamW_lr_0.01
2025-05-03 05:25:12,092 - training.model_DenseNet121_opt_AdamW_lr_0.01 - INFO - Initialized training manager for model_DenseNet121_opt_AdamW_lr_0.01
2025-05-03 05:25:12,092 - training.model_DenseNet121_opt_AdamW_lr_0.01 - INFO - Initialized training manager for model_DenseNet121_opt_AdamW_lr_0.01
2025-05-03 05:25:12,093 - training.model_DenseNet121_opt_AdamW_lr_0.01 - INFO - Config: {
  "id": 509,
  "model_name": "DenseNet121",
  "optimizer": "AdamW",
  "learning_rate": 0.01,
  "scheduler": {
    "name": "ReduceLROnPlateau",
    "patience": 5,
    "factor": 0.5
  },
  "loss_fn": {
    "name": "FocalLoss",
    "alpha": 0.25,
    "gamma": 2.0
  }
}
2025-05-03 05:25:12,093 - training.model_DenseNet121_opt_AdamW_lr_0.01 - INFO - Config: {
  "id": 509,
  "model_name": "DenseNet121",
  "optimizer": "AdamW",
  "learning_rate": 0.01,
  "scheduler": {
    "name": "ReduceLROnPlateau",
    "patience": 5,
    "factor": 0.5
  },
  "loss_fn": {
    "name": "FocalLoss",
    "alpha": 0.25,
    "gamma": 2.0
  }
}
2025-05-03 05:25:12,093 - training.model_DenseNet121_opt_AdamW_lr_0.01 - INFO - Config: {
  "id": 509,
  "model_name": "DenseNet121",
  "optimizer": "AdamW",
  "learning_rate": 0.01,
  "scheduler": {
    "name": "ReduceLROnPlateau",
    "patience": 5,
    "factor": 0.5
  },
  "loss_fn": {
    "name": "FocalLoss",
    "alpha": 0.25,
    "gamma": 2.0
  }
}
2025-05-03 05:25:12,093 - training.model_DenseNet121_opt_AdamW_lr_0.01 - INFO - Config: {
  "id": 509,
  "model_name": "DenseNet121",
  "optimizer": "AdamW",
  "learning_rate": 0.01,
  "scheduler": {
    "name": "ReduceLROnPlateau",
    "patience": 5,
    "factor": 0.5
  },
  "loss_fn": {
    "name": "FocalLoss",
    "alpha": 0.25,
    "gamma": 2.0
  }
}
2025-05-03 05:25:12,093 - training.model_DenseNet121_opt_AdamW_lr_0.01 - INFO - Config: {
  "id": 509,
  "model_name": "DenseNet121",
  "optimizer": "AdamW",
  "learning_rate": 0.01,
  "scheduler": {
    "name": "ReduceLROnPlateau",
    "patience": 5,
    "factor": 0.5
  },
  "loss_fn": {
    "name": "FocalLoss",
    "alpha": 0.25,
    "gamma": 2.0
  }
}
2025-05-03 05:25:12,093 - training.model_DenseNet121_opt_AdamW_lr_0.01 - INFO - Loading checkpoint from model_results_v2/model_DenseNet121_opt_AdamW_lr_0.01/checkpoint.pt
2025-05-03 05:25:12,093 - training.model_DenseNet121_opt_AdamW_lr_0.01 - INFO - Loading checkpoint from model_results_v2/model_DenseNet121_opt_AdamW_lr_0.01/checkpoint.pt
2025-05-03 05:25:12,093 - training.model_DenseNet121_opt_AdamW_lr_0.01 - INFO - Loading checkpoint from model_results_v2/model_DenseNet121_opt_AdamW_lr_0.01/checkpoint.pt
2025-05-03 05:25:12,093 - training.model_DenseNet121_opt_AdamW_lr_0.01 - INFO - Loading checkpoint from model_results_v2/model_DenseNet121_opt_AdamW_lr_0.01/checkpoint.pt
2025-05-03 05:25:12,093 - training.model_DenseNet121_opt_AdamW_lr_0.01 - INFO - Loading checkpoint from model_results_v2/model_DenseNet121_opt_AdamW_lr_0.01/checkpoint.pt
2025-05-03 05:25:12,267 - training.model_DenseNet121_opt_AdamW_lr_0.01 - INFO - Resuming from epoch 17, best validation accuracy: 0.5043
2025-05-03 05:25:12,267 - training.model_DenseNet121_opt_AdamW_lr_0.01 - INFO - Resuming from epoch 17, best validation accuracy: 0.5043
2025-05-03 05:25:12,267 - training.model_DenseNet121_opt_AdamW_lr_0.01 - INFO - Resuming from epoch 17, best validation accuracy: 0.5043
2025-05-03 05:25:12,267 - training.model_DenseNet121_opt_AdamW_lr_0.01 - INFO - Resuming from epoch 17, best validation accuracy: 0.5043
2025-05-03 05:25:12,267 - training.model_DenseNet121_opt_AdamW_lr_0.01 - INFO - Resuming from epoch 17, best validation accuracy: 0.5043
2025-05-03 05:25:12,268 - training.model_DenseNet121_opt_AdamW_lr_0.01 - INFO - Starting epoch 18/20
2025-05-03 05:25:12,268 - training.model_DenseNet121_opt_AdamW_lr_0.01 - INFO - Starting epoch 18/20
2025-05-03 05:25:12,268 - training.model_DenseNet121_opt_AdamW_lr_0.01 - INFO - Starting epoch 18/20
2025-05-03 05:25:12,268 - training.model_DenseNet121_opt_AdamW_lr_0.01 - INFO - Starting epoch 18/20
2025-05-03 05:25:12,268 - training.model_DenseNet121_opt_AdamW_lr_0.01 - INFO - Starting epoch 18/20
2025-05-03 05:25:36,469 - training.model_DenseNet121_opt_AdamW_lr_0.01 - INFO - Checkpoint saved at epoch 17
2025-05-03 05:25:36,469 - training.model_DenseNet121_opt_AdamW_lr_0.01 - INFO - Checkpoint saved at epoch 17
2025-05-03 05:25:36,469 - training.model_DenseNet121_opt_AdamW_lr_0.01 - INFO - Checkpoint saved at epoch 17
2025-05-03 05:25:36,469 - training.model_DenseNet121_opt_AdamW_lr_0.01 - INFO - Checkpoint saved at epoch 17
2025-05-03 05:25:36,469 - training.model_DenseNet121_opt_AdamW_lr_0.01 - INFO - Checkpoint saved at epoch 17
2025-05-03 05:26:08,686 - training.model_DenseNet121_opt_AdamW_lr_0.01 - INFO - Epoch 18 completed in 56.42s - Train Loss: 0.0905, Train Acc: 0.4989, Val Loss: 0.0899, Val Acc: 0.5043
2025-05-03 05:26:08,686 - training.model_DenseNet121_opt_AdamW_lr_0.01 - INFO - Epoch 18 completed in 56.42s - Train Loss: 0.0905, Train Acc: 0.4989, Val Loss: 0.0899, Val Acc: 0.5043
2025-05-03 05:26:08,686 - training.model_DenseNet121_opt_AdamW_lr_0.01 - INFO - Epoch 18 completed in 56.42s - Train Loss: 0.0905, Train Acc: 0.4989, Val Loss: 0.0899, Val Acc: 0.5043
2025-05-03 05:26:08,686 - training.model_DenseNet121_opt_AdamW_lr_0.01 - INFO - Epoch 18 completed in 56.42s - Train Loss: 0.0905, Train Acc: 0.4989, Val Loss: 0.0899, Val Acc: 0.5043
2025-05-03 05:26:08,686 - training.model_DenseNet121_opt_AdamW_lr_0.01 - INFO - Epoch 18 completed in 56.42s - Train Loss: 0.0905, Train Acc: 0.4989, Val Loss: 0.0899, Val Acc: 0.5043
2025-05-03 05:26:08,792 - training.model_DenseNet121_opt_AdamW_lr_0.01 - INFO - Checkpoint saved at epoch 17
2025-05-03 05:26:08,792 - training.model_DenseNet121_opt_AdamW_lr_0.01 - INFO - Checkpoint saved at epoch 17
2025-05-03 05:26:08,792 - training.model_DenseNet121_opt_AdamW_lr_0.01 - INFO - Checkpoint saved at epoch 17
2025-05-03 05:26:08,792 - training.model_DenseNet121_opt_AdamW_lr_0.01 - INFO - Checkpoint saved at epoch 17
2025-05-03 05:26:08,792 - training.model_DenseNet121_opt_AdamW_lr_0.01 - INFO - Checkpoint saved at epoch 17
2025-05-03 05:26:08,792 - training.model_DenseNet121_opt_AdamW_lr_0.01 - INFO - Early stopping triggered after 18 epochs
2025-05-03 05:26:08,792 - training.model_DenseNet121_opt_AdamW_lr_0.01 - INFO - Early stopping triggered after 18 epochs
2025-05-03 05:26:08,792 - training.model_DenseNet121_opt_AdamW_lr_0.01 - INFO - Early stopping triggered after 18 epochs
2025-05-03 05:26:08,792 - training.model_DenseNet121_opt_AdamW_lr_0.01 - INFO - Early stopping triggered after 18 epochs
2025-05-03 05:26:08,792 - training.model_DenseNet121_opt_AdamW_lr_0.01 - INFO - Early stopping triggered after 18 epochs
2025-05-03 05:26:08,792 - training.model_DenseNet121_opt_AdamW_lr_0.01 - INFO - Training completed after 1017.42 seconds
2025-05-03 05:26:08,792 - training.model_DenseNet121_opt_AdamW_lr_0.01 - INFO - Training completed after 1017.42 seconds
2025-05-03 05:26:08,792 - training.model_DenseNet121_opt_AdamW_lr_0.01 - INFO - Training completed after 1017.42 seconds
2025-05-03 05:26:08,792 - training.model_DenseNet121_opt_AdamW_lr_0.01 - INFO - Training completed after 1017.42 seconds
2025-05-03 05:26:08,792 - training.model_DenseNet121_opt_AdamW_lr_0.01 - INFO - Training completed after 1017.42 seconds
2025-05-03 05:26:20,703 - training.model_DenseNet121_opt_AdamW_lr_0.01 - INFO - Initialized training manager for model_DenseNet121_opt_AdamW_lr_0.01
2025-05-03 05:26:20,703 - training.model_DenseNet121_opt_AdamW_lr_0.01 - INFO - Initialized training manager for model_DenseNet121_opt_AdamW_lr_0.01
2025-05-03 05:26:20,703 - training.model_DenseNet121_opt_AdamW_lr_0.01 - INFO - Initialized training manager for model_DenseNet121_opt_AdamW_lr_0.01
2025-05-03 05:26:20,703 - training.model_DenseNet121_opt_AdamW_lr_0.01 - INFO - Initialized training manager for model_DenseNet121_opt_AdamW_lr_0.01
2025-05-03 05:26:20,703 - training.model_DenseNet121_opt_AdamW_lr_0.01 - INFO - Initialized training manager for model_DenseNet121_opt_AdamW_lr_0.01
2025-05-03 05:26:20,703 - training.model_DenseNet121_opt_AdamW_lr_0.01 - INFO - Initialized training manager for model_DenseNet121_opt_AdamW_lr_0.01
2025-05-03 05:26:20,704 - training.model_DenseNet121_opt_AdamW_lr_0.01 - INFO - Config: {
  "id": 510,
  "model_name": "DenseNet121",
  "optimizer": "AdamW",
  "learning_rate": 0.01,
  "scheduler": {
    "name": "ReduceLROnPlateau",
    "patience": 5,
    "factor": 0.5
  },
  "loss_fn": {
    "name": "LabelSmoothing",
    "smoothing": 0.1
  }
}
2025-05-03 05:26:20,704 - training.model_DenseNet121_opt_AdamW_lr_0.01 - INFO - Config: {
  "id": 510,
  "model_name": "DenseNet121",
  "optimizer": "AdamW",
  "learning_rate": 0.01,
  "scheduler": {
    "name": "ReduceLROnPlateau",
    "patience": 5,
    "factor": 0.5
  },
  "loss_fn": {
    "name": "LabelSmoothing",
    "smoothing": 0.1
  }
}
2025-05-03 05:26:20,704 - training.model_DenseNet121_opt_AdamW_lr_0.01 - INFO - Config: {
  "id": 510,
  "model_name": "DenseNet121",
  "optimizer": "AdamW",
  "learning_rate": 0.01,
  "scheduler": {
    "name": "ReduceLROnPlateau",
    "patience": 5,
    "factor": 0.5
  },
  "loss_fn": {
    "name": "LabelSmoothing",
    "smoothing": 0.1
  }
}
2025-05-03 05:26:20,704 - training.model_DenseNet121_opt_AdamW_lr_0.01 - INFO - Config: {
  "id": 510,
  "model_name": "DenseNet121",
  "optimizer": "AdamW",
  "learning_rate": 0.01,
  "scheduler": {
    "name": "ReduceLROnPlateau",
    "patience": 5,
    "factor": 0.5
  },
  "loss_fn": {
    "name": "LabelSmoothing",
    "smoothing": 0.1
  }
}
2025-05-03 05:26:20,704 - training.model_DenseNet121_opt_AdamW_lr_0.01 - INFO - Config: {
  "id": 510,
  "model_name": "DenseNet121",
  "optimizer": "AdamW",
  "learning_rate": 0.01,
  "scheduler": {
    "name": "ReduceLROnPlateau",
    "patience": 5,
    "factor": 0.5
  },
  "loss_fn": {
    "name": "LabelSmoothing",
    "smoothing": 0.1
  }
}
2025-05-03 05:26:20,704 - training.model_DenseNet121_opt_AdamW_lr_0.01 - INFO - Config: {
  "id": 510,
  "model_name": "DenseNet121",
  "optimizer": "AdamW",
  "learning_rate": 0.01,
  "scheduler": {
    "name": "ReduceLROnPlateau",
    "patience": 5,
    "factor": 0.5
  },
  "loss_fn": {
    "name": "LabelSmoothing",
    "smoothing": 0.1
  }
}
2025-05-03 05:26:20,704 - training.model_DenseNet121_opt_AdamW_lr_0.01 - INFO - Loading checkpoint from model_results_v2/model_DenseNet121_opt_AdamW_lr_0.01/checkpoint.pt
2025-05-03 05:26:20,704 - training.model_DenseNet121_opt_AdamW_lr_0.01 - INFO - Loading checkpoint from model_results_v2/model_DenseNet121_opt_AdamW_lr_0.01/checkpoint.pt
2025-05-03 05:26:20,704 - training.model_DenseNet121_opt_AdamW_lr_0.01 - INFO - Loading checkpoint from model_results_v2/model_DenseNet121_opt_AdamW_lr_0.01/checkpoint.pt
2025-05-03 05:26:20,704 - training.model_DenseNet121_opt_AdamW_lr_0.01 - INFO - Loading checkpoint from model_results_v2/model_DenseNet121_opt_AdamW_lr_0.01/checkpoint.pt
2025-05-03 05:26:20,704 - training.model_DenseNet121_opt_AdamW_lr_0.01 - INFO - Loading checkpoint from model_results_v2/model_DenseNet121_opt_AdamW_lr_0.01/checkpoint.pt
2025-05-03 05:26:20,704 - training.model_DenseNet121_opt_AdamW_lr_0.01 - INFO - Loading checkpoint from model_results_v2/model_DenseNet121_opt_AdamW_lr_0.01/checkpoint.pt
2025-05-03 05:26:20,876 - training.model_DenseNet121_opt_AdamW_lr_0.01 - INFO - Resuming from epoch 18, best validation accuracy: 0.5043
2025-05-03 05:26:20,876 - training.model_DenseNet121_opt_AdamW_lr_0.01 - INFO - Resuming from epoch 18, best validation accuracy: 0.5043
2025-05-03 05:26:20,876 - training.model_DenseNet121_opt_AdamW_lr_0.01 - INFO - Resuming from epoch 18, best validation accuracy: 0.5043
2025-05-03 05:26:20,876 - training.model_DenseNet121_opt_AdamW_lr_0.01 - INFO - Resuming from epoch 18, best validation accuracy: 0.5043
2025-05-03 05:26:20,876 - training.model_DenseNet121_opt_AdamW_lr_0.01 - INFO - Resuming from epoch 18, best validation accuracy: 0.5043
2025-05-03 05:26:20,876 - training.model_DenseNet121_opt_AdamW_lr_0.01 - INFO - Resuming from epoch 18, best validation accuracy: 0.5043
2025-05-03 05:26:20,878 - training.model_DenseNet121_opt_AdamW_lr_0.01 - INFO - Starting epoch 19/20
2025-05-03 05:26:20,878 - training.model_DenseNet121_opt_AdamW_lr_0.01 - INFO - Starting epoch 19/20
2025-05-03 05:26:20,878 - training.model_DenseNet121_opt_AdamW_lr_0.01 - INFO - Starting epoch 19/20
2025-05-03 05:26:20,878 - training.model_DenseNet121_opt_AdamW_lr_0.01 - INFO - Starting epoch 19/20
2025-05-03 05:26:20,878 - training.model_DenseNet121_opt_AdamW_lr_0.01 - INFO - Starting epoch 19/20
2025-05-03 05:26:20,878 - training.model_DenseNet121_opt_AdamW_lr_0.01 - INFO - Starting epoch 19/20
2025-05-03 05:26:44,857 - training.model_DenseNet121_opt_AdamW_lr_0.01 - INFO - Checkpoint saved at epoch 18
2025-05-03 05:26:44,857 - training.model_DenseNet121_opt_AdamW_lr_0.01 - INFO - Checkpoint saved at epoch 18
2025-05-03 05:26:44,857 - training.model_DenseNet121_opt_AdamW_lr_0.01 - INFO - Checkpoint saved at epoch 18
2025-05-03 05:26:44,857 - training.model_DenseNet121_opt_AdamW_lr_0.01 - INFO - Checkpoint saved at epoch 18
2025-05-03 05:26:44,857 - training.model_DenseNet121_opt_AdamW_lr_0.01 - INFO - Checkpoint saved at epoch 18
2025-05-03 05:26:44,857 - training.model_DenseNet121_opt_AdamW_lr_0.01 - INFO - Checkpoint saved at epoch 18
2025-05-03 05:27:17,085 - training.model_DenseNet121_opt_AdamW_lr_0.01 - INFO - Epoch 19 completed in 56.21s - Train Loss: 0.8131, Train Acc: 0.4989, Val Loss: 0.8103, Val Acc: 0.5043
2025-05-03 05:27:17,085 - training.model_DenseNet121_opt_AdamW_lr_0.01 - INFO - Epoch 19 completed in 56.21s - Train Loss: 0.8131, Train Acc: 0.4989, Val Loss: 0.8103, Val Acc: 0.5043
2025-05-03 05:27:17,085 - training.model_DenseNet121_opt_AdamW_lr_0.01 - INFO - Epoch 19 completed in 56.21s - Train Loss: 0.8131, Train Acc: 0.4989, Val Loss: 0.8103, Val Acc: 0.5043
2025-05-03 05:27:17,085 - training.model_DenseNet121_opt_AdamW_lr_0.01 - INFO - Epoch 19 completed in 56.21s - Train Loss: 0.8131, Train Acc: 0.4989, Val Loss: 0.8103, Val Acc: 0.5043
2025-05-03 05:27:17,085 - training.model_DenseNet121_opt_AdamW_lr_0.01 - INFO - Epoch 19 completed in 56.21s - Train Loss: 0.8131, Train Acc: 0.4989, Val Loss: 0.8103, Val Acc: 0.5043
2025-05-03 05:27:17,085 - training.model_DenseNet121_opt_AdamW_lr_0.01 - INFO - Epoch 19 completed in 56.21s - Train Loss: 0.8131, Train Acc: 0.4989, Val Loss: 0.8103, Val Acc: 0.5043
2025-05-03 05:27:17,193 - training.model_DenseNet121_opt_AdamW_lr_0.01 - INFO - Checkpoint saved at epoch 18
2025-05-03 05:27:17,193 - training.model_DenseNet121_opt_AdamW_lr_0.01 - INFO - Checkpoint saved at epoch 18
2025-05-03 05:27:17,193 - training.model_DenseNet121_opt_AdamW_lr_0.01 - INFO - Checkpoint saved at epoch 18
2025-05-03 05:27:17,193 - training.model_DenseNet121_opt_AdamW_lr_0.01 - INFO - Checkpoint saved at epoch 18
2025-05-03 05:27:17,193 - training.model_DenseNet121_opt_AdamW_lr_0.01 - INFO - Checkpoint saved at epoch 18
2025-05-03 05:27:17,193 - training.model_DenseNet121_opt_AdamW_lr_0.01 - INFO - Checkpoint saved at epoch 18
2025-05-03 05:27:17,194 - training.model_DenseNet121_opt_AdamW_lr_0.01 - INFO - Early stopping triggered after 19 epochs
2025-05-03 05:27:17,194 - training.model_DenseNet121_opt_AdamW_lr_0.01 - INFO - Early stopping triggered after 19 epochs
2025-05-03 05:27:17,194 - training.model_DenseNet121_opt_AdamW_lr_0.01 - INFO - Early stopping triggered after 19 epochs
2025-05-03 05:27:17,194 - training.model_DenseNet121_opt_AdamW_lr_0.01 - INFO - Early stopping triggered after 19 epochs
2025-05-03 05:27:17,194 - training.model_DenseNet121_opt_AdamW_lr_0.01 - INFO - Early stopping triggered after 19 epochs
2025-05-03 05:27:17,194 - training.model_DenseNet121_opt_AdamW_lr_0.01 - INFO - Early stopping triggered after 19 epochs
2025-05-03 05:27:17,194 - training.model_DenseNet121_opt_AdamW_lr_0.01 - INFO - Training completed after 1073.62 seconds
2025-05-03 05:27:17,194 - training.model_DenseNet121_opt_AdamW_lr_0.01 - INFO - Training completed after 1073.62 seconds
2025-05-03 05:27:17,194 - training.model_DenseNet121_opt_AdamW_lr_0.01 - INFO - Training completed after 1073.62 seconds
2025-05-03 05:27:17,194 - training.model_DenseNet121_opt_AdamW_lr_0.01 - INFO - Training completed after 1073.62 seconds
2025-05-03 05:27:17,194 - training.model_DenseNet121_opt_AdamW_lr_0.01 - INFO - Training completed after 1073.62 seconds
2025-05-03 05:27:17,194 - training.model_DenseNet121_opt_AdamW_lr_0.01 - INFO - Training completed after 1073.62 seconds
2025-05-03 05:27:28,890 - training.model_DenseNet121_opt_AdamW_lr_0.01 - INFO - Initialized training manager for model_DenseNet121_opt_AdamW_lr_0.01
2025-05-03 05:27:28,890 - training.model_DenseNet121_opt_AdamW_lr_0.01 - INFO - Initialized training manager for model_DenseNet121_opt_AdamW_lr_0.01
2025-05-03 05:27:28,890 - training.model_DenseNet121_opt_AdamW_lr_0.01 - INFO - Initialized training manager for model_DenseNet121_opt_AdamW_lr_0.01
2025-05-03 05:27:28,890 - training.model_DenseNet121_opt_AdamW_lr_0.01 - INFO - Initialized training manager for model_DenseNet121_opt_AdamW_lr_0.01
2025-05-03 05:27:28,890 - training.model_DenseNet121_opt_AdamW_lr_0.01 - INFO - Initialized training manager for model_DenseNet121_opt_AdamW_lr_0.01
2025-05-03 05:27:28,890 - training.model_DenseNet121_opt_AdamW_lr_0.01 - INFO - Initialized training manager for model_DenseNet121_opt_AdamW_lr_0.01
2025-05-03 05:27:28,890 - training.model_DenseNet121_opt_AdamW_lr_0.01 - INFO - Initialized training manager for model_DenseNet121_opt_AdamW_lr_0.01
2025-05-03 05:27:28,890 - training.model_DenseNet121_opt_AdamW_lr_0.01 - INFO - Config: {
  "id": 511,
  "model_name": "DenseNet121",
  "optimizer": "AdamW",
  "learning_rate": 0.01,
  "scheduler": {
    "name": "CosineAnnealingLR",
    "T_max": 10
  },
  "loss_fn": {
    "name": "CrossEntropy"
  }
}
2025-05-03 05:27:28,890 - training.model_DenseNet121_opt_AdamW_lr_0.01 - INFO - Config: {
  "id": 511,
  "model_name": "DenseNet121",
  "optimizer": "AdamW",
  "learning_rate": 0.01,
  "scheduler": {
    "name": "CosineAnnealingLR",
    "T_max": 10
  },
  "loss_fn": {
    "name": "CrossEntropy"
  }
}
2025-05-03 05:27:28,890 - training.model_DenseNet121_opt_AdamW_lr_0.01 - INFO - Config: {
  "id": 511,
  "model_name": "DenseNet121",
  "optimizer": "AdamW",
  "learning_rate": 0.01,
  "scheduler": {
    "name": "CosineAnnealingLR",
    "T_max": 10
  },
  "loss_fn": {
    "name": "CrossEntropy"
  }
}
2025-05-03 05:27:28,890 - training.model_DenseNet121_opt_AdamW_lr_0.01 - INFO - Config: {
  "id": 511,
  "model_name": "DenseNet121",
  "optimizer": "AdamW",
  "learning_rate": 0.01,
  "scheduler": {
    "name": "CosineAnnealingLR",
    "T_max": 10
  },
  "loss_fn": {
    "name": "CrossEntropy"
  }
}
2025-05-03 05:27:28,890 - training.model_DenseNet121_opt_AdamW_lr_0.01 - INFO - Config: {
  "id": 511,
  "model_name": "DenseNet121",
  "optimizer": "AdamW",
  "learning_rate": 0.01,
  "scheduler": {
    "name": "CosineAnnealingLR",
    "T_max": 10
  },
  "loss_fn": {
    "name": "CrossEntropy"
  }
}
2025-05-03 05:27:28,890 - training.model_DenseNet121_opt_AdamW_lr_0.01 - INFO - Config: {
  "id": 511,
  "model_name": "DenseNet121",
  "optimizer": "AdamW",
  "learning_rate": 0.01,
  "scheduler": {
    "name": "CosineAnnealingLR",
    "T_max": 10
  },
  "loss_fn": {
    "name": "CrossEntropy"
  }
}
2025-05-03 05:27:28,890 - training.model_DenseNet121_opt_AdamW_lr_0.01 - INFO - Config: {
  "id": 511,
  "model_name": "DenseNet121",
  "optimizer": "AdamW",
  "learning_rate": 0.01,
  "scheduler": {
    "name": "CosineAnnealingLR",
    "T_max": 10
  },
  "loss_fn": {
    "name": "CrossEntropy"
  }
}
2025-05-03 05:27:28,890 - training.model_DenseNet121_opt_AdamW_lr_0.01 - INFO - Loading checkpoint from model_results_v2/model_DenseNet121_opt_AdamW_lr_0.01/checkpoint.pt
2025-05-03 05:27:28,890 - training.model_DenseNet121_opt_AdamW_lr_0.01 - INFO - Loading checkpoint from model_results_v2/model_DenseNet121_opt_AdamW_lr_0.01/checkpoint.pt
2025-05-03 05:27:28,890 - training.model_DenseNet121_opt_AdamW_lr_0.01 - INFO - Loading checkpoint from model_results_v2/model_DenseNet121_opt_AdamW_lr_0.01/checkpoint.pt
2025-05-03 05:27:28,890 - training.model_DenseNet121_opt_AdamW_lr_0.01 - INFO - Loading checkpoint from model_results_v2/model_DenseNet121_opt_AdamW_lr_0.01/checkpoint.pt
2025-05-03 05:27:28,890 - training.model_DenseNet121_opt_AdamW_lr_0.01 - INFO - Loading checkpoint from model_results_v2/model_DenseNet121_opt_AdamW_lr_0.01/checkpoint.pt
2025-05-03 05:27:28,890 - training.model_DenseNet121_opt_AdamW_lr_0.01 - INFO - Loading checkpoint from model_results_v2/model_DenseNet121_opt_AdamW_lr_0.01/checkpoint.pt
2025-05-03 05:27:28,890 - training.model_DenseNet121_opt_AdamW_lr_0.01 - INFO - Loading checkpoint from model_results_v2/model_DenseNet121_opt_AdamW_lr_0.01/checkpoint.pt
2025-05-03 05:27:29,064 - training.model_DenseNet121_opt_AdamW_lr_0.01 - INFO - Resuming from epoch 19, best validation accuracy: 0.5043
2025-05-03 05:27:29,064 - training.model_DenseNet121_opt_AdamW_lr_0.01 - INFO - Resuming from epoch 19, best validation accuracy: 0.5043
2025-05-03 05:27:29,064 - training.model_DenseNet121_opt_AdamW_lr_0.01 - INFO - Resuming from epoch 19, best validation accuracy: 0.5043
2025-05-03 05:27:29,064 - training.model_DenseNet121_opt_AdamW_lr_0.01 - INFO - Resuming from epoch 19, best validation accuracy: 0.5043
2025-05-03 05:27:29,064 - training.model_DenseNet121_opt_AdamW_lr_0.01 - INFO - Resuming from epoch 19, best validation accuracy: 0.5043
2025-05-03 05:27:29,064 - training.model_DenseNet121_opt_AdamW_lr_0.01 - INFO - Resuming from epoch 19, best validation accuracy: 0.5043
2025-05-03 05:27:29,064 - training.model_DenseNet121_opt_AdamW_lr_0.01 - INFO - Resuming from epoch 19, best validation accuracy: 0.5043
2025-05-03 05:27:29,065 - training.model_DenseNet121_opt_AdamW_lr_0.01 - INFO - Starting epoch 20/20
2025-05-03 05:27:29,065 - training.model_DenseNet121_opt_AdamW_lr_0.01 - INFO - Starting epoch 20/20
2025-05-03 05:27:29,065 - training.model_DenseNet121_opt_AdamW_lr_0.01 - INFO - Starting epoch 20/20
2025-05-03 05:27:29,065 - training.model_DenseNet121_opt_AdamW_lr_0.01 - INFO - Starting epoch 20/20
2025-05-03 05:27:29,065 - training.model_DenseNet121_opt_AdamW_lr_0.01 - INFO - Starting epoch 20/20
2025-05-03 05:27:29,065 - training.model_DenseNet121_opt_AdamW_lr_0.01 - INFO - Starting epoch 20/20
2025-05-03 05:27:29,065 - training.model_DenseNet121_opt_AdamW_lr_0.01 - INFO - Starting epoch 20/20
2025-05-03 05:27:52,478 - training.model_DenseNet121_opt_AdamW_lr_0.01 - INFO - Checkpoint saved at epoch 19
2025-05-03 05:27:52,478 - training.model_DenseNet121_opt_AdamW_lr_0.01 - INFO - Checkpoint saved at epoch 19
2025-05-03 05:27:52,478 - training.model_DenseNet121_opt_AdamW_lr_0.01 - INFO - Checkpoint saved at epoch 19
2025-05-03 05:27:52,478 - training.model_DenseNet121_opt_AdamW_lr_0.01 - INFO - Checkpoint saved at epoch 19
2025-05-03 05:27:52,478 - training.model_DenseNet121_opt_AdamW_lr_0.01 - INFO - Checkpoint saved at epoch 19
2025-05-03 05:27:52,478 - training.model_DenseNet121_opt_AdamW_lr_0.01 - INFO - Checkpoint saved at epoch 19
2025-05-03 05:27:52,478 - training.model_DenseNet121_opt_AdamW_lr_0.01 - INFO - Checkpoint saved at epoch 19
2025-05-03 05:28:23,992 - training.model_DenseNet121_opt_AdamW_lr_0.01 - INFO - Epoch 20 completed in 54.93s - Train Loss: 0.8150, Train Acc: 0.4989, Val Loss: 0.8096, Val Acc: 0.5043
2025-05-03 05:28:23,992 - training.model_DenseNet121_opt_AdamW_lr_0.01 - INFO - Epoch 20 completed in 54.93s - Train Loss: 0.8150, Train Acc: 0.4989, Val Loss: 0.8096, Val Acc: 0.5043
2025-05-03 05:28:23,992 - training.model_DenseNet121_opt_AdamW_lr_0.01 - INFO - Epoch 20 completed in 54.93s - Train Loss: 0.8150, Train Acc: 0.4989, Val Loss: 0.8096, Val Acc: 0.5043
2025-05-03 05:28:23,992 - training.model_DenseNet121_opt_AdamW_lr_0.01 - INFO - Epoch 20 completed in 54.93s - Train Loss: 0.8150, Train Acc: 0.4989, Val Loss: 0.8096, Val Acc: 0.5043
2025-05-03 05:28:23,992 - training.model_DenseNet121_opt_AdamW_lr_0.01 - INFO - Epoch 20 completed in 54.93s - Train Loss: 0.8150, Train Acc: 0.4989, Val Loss: 0.8096, Val Acc: 0.5043
2025-05-03 05:28:23,992 - training.model_DenseNet121_opt_AdamW_lr_0.01 - INFO - Epoch 20 completed in 54.93s - Train Loss: 0.8150, Train Acc: 0.4989, Val Loss: 0.8096, Val Acc: 0.5043
2025-05-03 05:28:23,992 - training.model_DenseNet121_opt_AdamW_lr_0.01 - INFO - Epoch 20 completed in 54.93s - Train Loss: 0.8150, Train Acc: 0.4989, Val Loss: 0.8096, Val Acc: 0.5043
2025-05-03 05:28:24,097 - training.model_DenseNet121_opt_AdamW_lr_0.01 - INFO - Checkpoint saved at epoch 19
2025-05-03 05:28:24,097 - training.model_DenseNet121_opt_AdamW_lr_0.01 - INFO - Checkpoint saved at epoch 19
2025-05-03 05:28:24,097 - training.model_DenseNet121_opt_AdamW_lr_0.01 - INFO - Checkpoint saved at epoch 19
2025-05-03 05:28:24,097 - training.model_DenseNet121_opt_AdamW_lr_0.01 - INFO - Checkpoint saved at epoch 19
2025-05-03 05:28:24,097 - training.model_DenseNet121_opt_AdamW_lr_0.01 - INFO - Checkpoint saved at epoch 19
2025-05-03 05:28:24,097 - training.model_DenseNet121_opt_AdamW_lr_0.01 - INFO - Checkpoint saved at epoch 19
2025-05-03 05:28:24,097 - training.model_DenseNet121_opt_AdamW_lr_0.01 - INFO - Checkpoint saved at epoch 19
2025-05-03 05:28:24,097 - training.model_DenseNet121_opt_AdamW_lr_0.01 - INFO - Early stopping triggered after 20 epochs
2025-05-03 05:28:24,097 - training.model_DenseNet121_opt_AdamW_lr_0.01 - INFO - Early stopping triggered after 20 epochs
2025-05-03 05:28:24,097 - training.model_DenseNet121_opt_AdamW_lr_0.01 - INFO - Early stopping triggered after 20 epochs
2025-05-03 05:28:24,097 - training.model_DenseNet121_opt_AdamW_lr_0.01 - INFO - Early stopping triggered after 20 epochs
2025-05-03 05:28:24,097 - training.model_DenseNet121_opt_AdamW_lr_0.01 - INFO - Early stopping triggered after 20 epochs
2025-05-03 05:28:24,097 - training.model_DenseNet121_opt_AdamW_lr_0.01 - INFO - Early stopping triggered after 20 epochs
2025-05-03 05:28:24,097 - training.model_DenseNet121_opt_AdamW_lr_0.01 - INFO - Early stopping triggered after 20 epochs
2025-05-03 05:28:24,097 - training.model_DenseNet121_opt_AdamW_lr_0.01 - INFO - Training completed after 1128.55 seconds
2025-05-03 05:28:24,097 - training.model_DenseNet121_opt_AdamW_lr_0.01 - INFO - Training completed after 1128.55 seconds
2025-05-03 05:28:24,097 - training.model_DenseNet121_opt_AdamW_lr_0.01 - INFO - Training completed after 1128.55 seconds
2025-05-03 05:28:24,097 - training.model_DenseNet121_opt_AdamW_lr_0.01 - INFO - Training completed after 1128.55 seconds
2025-05-03 05:28:24,097 - training.model_DenseNet121_opt_AdamW_lr_0.01 - INFO - Training completed after 1128.55 seconds
2025-05-03 05:28:24,097 - training.model_DenseNet121_opt_AdamW_lr_0.01 - INFO - Training completed after 1128.55 seconds
2025-05-03 05:28:24,097 - training.model_DenseNet121_opt_AdamW_lr_0.01 - INFO - Training completed after 1128.55 seconds
2025-05-03 05:28:35,568 - training.model_DenseNet121_opt_AdamW_lr_0.01 - INFO - Initialized training manager for model_DenseNet121_opt_AdamW_lr_0.01
2025-05-03 05:28:35,568 - training.model_DenseNet121_opt_AdamW_lr_0.01 - INFO - Initialized training manager for model_DenseNet121_opt_AdamW_lr_0.01
2025-05-03 05:28:35,568 - training.model_DenseNet121_opt_AdamW_lr_0.01 - INFO - Initialized training manager for model_DenseNet121_opt_AdamW_lr_0.01
2025-05-03 05:28:35,568 - training.model_DenseNet121_opt_AdamW_lr_0.01 - INFO - Initialized training manager for model_DenseNet121_opt_AdamW_lr_0.01
2025-05-03 05:28:35,568 - training.model_DenseNet121_opt_AdamW_lr_0.01 - INFO - Initialized training manager for model_DenseNet121_opt_AdamW_lr_0.01
2025-05-03 05:28:35,568 - training.model_DenseNet121_opt_AdamW_lr_0.01 - INFO - Initialized training manager for model_DenseNet121_opt_AdamW_lr_0.01
2025-05-03 05:28:35,568 - training.model_DenseNet121_opt_AdamW_lr_0.01 - INFO - Initialized training manager for model_DenseNet121_opt_AdamW_lr_0.01
2025-05-03 05:28:35,568 - training.model_DenseNet121_opt_AdamW_lr_0.01 - INFO - Initialized training manager for model_DenseNet121_opt_AdamW_lr_0.01
2025-05-03 05:28:35,568 - training.model_DenseNet121_opt_AdamW_lr_0.01 - INFO - Config: {
  "id": 512,
  "model_name": "DenseNet121",
  "optimizer": "AdamW",
  "learning_rate": 0.01,
  "scheduler": {
    "name": "CosineAnnealingLR",
    "T_max": 10
  },
  "loss_fn": {
    "name": "FocalLoss",
    "alpha": 0.25,
    "gamma": 2.0
  }
}
2025-05-03 05:28:35,568 - training.model_DenseNet121_opt_AdamW_lr_0.01 - INFO - Config: {
  "id": 512,
  "model_name": "DenseNet121",
  "optimizer": "AdamW",
  "learning_rate": 0.01,
  "scheduler": {
    "name": "CosineAnnealingLR",
    "T_max": 10
  },
  "loss_fn": {
    "name": "FocalLoss",
    "alpha": 0.25,
    "gamma": 2.0
  }
}
2025-05-03 05:28:35,568 - training.model_DenseNet121_opt_AdamW_lr_0.01 - INFO - Config: {
  "id": 512,
  "model_name": "DenseNet121",
  "optimizer": "AdamW",
  "learning_rate": 0.01,
  "scheduler": {
    "name": "CosineAnnealingLR",
    "T_max": 10
  },
  "loss_fn": {
    "name": "FocalLoss",
    "alpha": 0.25,
    "gamma": 2.0
  }
}
2025-05-03 05:28:35,568 - training.model_DenseNet121_opt_AdamW_lr_0.01 - INFO - Config: {
  "id": 512,
  "model_name": "DenseNet121",
  "optimizer": "AdamW",
  "learning_rate": 0.01,
  "scheduler": {
    "name": "CosineAnnealingLR",
    "T_max": 10
  },
  "loss_fn": {
    "name": "FocalLoss",
    "alpha": 0.25,
    "gamma": 2.0
  }
}
2025-05-03 05:28:35,568 - training.model_DenseNet121_opt_AdamW_lr_0.01 - INFO - Config: {
  "id": 512,
  "model_name": "DenseNet121",
  "optimizer": "AdamW",
  "learning_rate": 0.01,
  "scheduler": {
    "name": "CosineAnnealingLR",
    "T_max": 10
  },
  "loss_fn": {
    "name": "FocalLoss",
    "alpha": 0.25,
    "gamma": 2.0
  }
}
2025-05-03 05:28:35,568 - training.model_DenseNet121_opt_AdamW_lr_0.01 - INFO - Config: {
  "id": 512,
  "model_name": "DenseNet121",
  "optimizer": "AdamW",
  "learning_rate": 0.01,
  "scheduler": {
    "name": "CosineAnnealingLR",
    "T_max": 10
  },
  "loss_fn": {
    "name": "FocalLoss",
    "alpha": 0.25,
    "gamma": 2.0
  }
}
2025-05-03 05:28:35,568 - training.model_DenseNet121_opt_AdamW_lr_0.01 - INFO - Config: {
  "id": 512,
  "model_name": "DenseNet121",
  "optimizer": "AdamW",
  "learning_rate": 0.01,
  "scheduler": {
    "name": "CosineAnnealingLR",
    "T_max": 10
  },
  "loss_fn": {
    "name": "FocalLoss",
    "alpha": 0.25,
    "gamma": 2.0
  }
}
2025-05-03 05:28:35,568 - training.model_DenseNet121_opt_AdamW_lr_0.01 - INFO - Config: {
  "id": 512,
  "model_name": "DenseNet121",
  "optimizer": "AdamW",
  "learning_rate": 0.01,
  "scheduler": {
    "name": "CosineAnnealingLR",
    "T_max": 10
  },
  "loss_fn": {
    "name": "FocalLoss",
    "alpha": 0.25,
    "gamma": 2.0
  }
}
2025-05-03 05:28:35,568 - training.model_DenseNet121_opt_AdamW_lr_0.01 - INFO - Loading checkpoint from model_results_v2/model_DenseNet121_opt_AdamW_lr_0.01/checkpoint.pt
2025-05-03 05:28:35,568 - training.model_DenseNet121_opt_AdamW_lr_0.01 - INFO - Loading checkpoint from model_results_v2/model_DenseNet121_opt_AdamW_lr_0.01/checkpoint.pt
2025-05-03 05:28:35,568 - training.model_DenseNet121_opt_AdamW_lr_0.01 - INFO - Loading checkpoint from model_results_v2/model_DenseNet121_opt_AdamW_lr_0.01/checkpoint.pt
2025-05-03 05:28:35,568 - training.model_DenseNet121_opt_AdamW_lr_0.01 - INFO - Loading checkpoint from model_results_v2/model_DenseNet121_opt_AdamW_lr_0.01/checkpoint.pt
2025-05-03 05:28:35,568 - training.model_DenseNet121_opt_AdamW_lr_0.01 - INFO - Loading checkpoint from model_results_v2/model_DenseNet121_opt_AdamW_lr_0.01/checkpoint.pt
2025-05-03 05:28:35,568 - training.model_DenseNet121_opt_AdamW_lr_0.01 - INFO - Loading checkpoint from model_results_v2/model_DenseNet121_opt_AdamW_lr_0.01/checkpoint.pt
2025-05-03 05:28:35,568 - training.model_DenseNet121_opt_AdamW_lr_0.01 - INFO - Loading checkpoint from model_results_v2/model_DenseNet121_opt_AdamW_lr_0.01/checkpoint.pt
2025-05-03 05:28:35,568 - training.model_DenseNet121_opt_AdamW_lr_0.01 - INFO - Loading checkpoint from model_results_v2/model_DenseNet121_opt_AdamW_lr_0.01/checkpoint.pt
2025-05-03 05:28:35,741 - training.model_DenseNet121_opt_AdamW_lr_0.01 - INFO - Resuming from epoch 20, best validation accuracy: 0.5043
2025-05-03 05:28:35,741 - training.model_DenseNet121_opt_AdamW_lr_0.01 - INFO - Resuming from epoch 20, best validation accuracy: 0.5043
2025-05-03 05:28:35,741 - training.model_DenseNet121_opt_AdamW_lr_0.01 - INFO - Resuming from epoch 20, best validation accuracy: 0.5043
2025-05-03 05:28:35,741 - training.model_DenseNet121_opt_AdamW_lr_0.01 - INFO - Resuming from epoch 20, best validation accuracy: 0.5043
2025-05-03 05:28:35,741 - training.model_DenseNet121_opt_AdamW_lr_0.01 - INFO - Resuming from epoch 20, best validation accuracy: 0.5043
2025-05-03 05:28:35,741 - training.model_DenseNet121_opt_AdamW_lr_0.01 - INFO - Resuming from epoch 20, best validation accuracy: 0.5043
2025-05-03 05:28:35,741 - training.model_DenseNet121_opt_AdamW_lr_0.01 - INFO - Resuming from epoch 20, best validation accuracy: 0.5043
2025-05-03 05:28:35,741 - training.model_DenseNet121_opt_AdamW_lr_0.01 - INFO - Resuming from epoch 20, best validation accuracy: 0.5043
2025-05-03 05:28:35,742 - training.model_DenseNet121_opt_AdamW_lr_0.01 - INFO - Training completed after 1128.55 seconds
2025-05-03 05:28:35,742 - training.model_DenseNet121_opt_AdamW_lr_0.01 - INFO - Training completed after 1128.55 seconds
2025-05-03 05:28:35,742 - training.model_DenseNet121_opt_AdamW_lr_0.01 - INFO - Training completed after 1128.55 seconds
2025-05-03 05:28:35,742 - training.model_DenseNet121_opt_AdamW_lr_0.01 - INFO - Training completed after 1128.55 seconds
2025-05-03 05:28:35,742 - training.model_DenseNet121_opt_AdamW_lr_0.01 - INFO - Training completed after 1128.55 seconds
2025-05-03 05:28:35,742 - training.model_DenseNet121_opt_AdamW_lr_0.01 - INFO - Training completed after 1128.55 seconds
2025-05-03 05:28:35,742 - training.model_DenseNet121_opt_AdamW_lr_0.01 - INFO - Training completed after 1128.55 seconds
2025-05-03 05:28:35,742 - training.model_DenseNet121_opt_AdamW_lr_0.01 - INFO - Training completed after 1128.55 seconds
2025-05-03 05:28:47,751 - training.model_DenseNet121_opt_AdamW_lr_0.01 - INFO - Initialized training manager for model_DenseNet121_opt_AdamW_lr_0.01
2025-05-03 05:28:47,751 - training.model_DenseNet121_opt_AdamW_lr_0.01 - INFO - Initialized training manager for model_DenseNet121_opt_AdamW_lr_0.01
2025-05-03 05:28:47,751 - training.model_DenseNet121_opt_AdamW_lr_0.01 - INFO - Initialized training manager for model_DenseNet121_opt_AdamW_lr_0.01
2025-05-03 05:28:47,751 - training.model_DenseNet121_opt_AdamW_lr_0.01 - INFO - Initialized training manager for model_DenseNet121_opt_AdamW_lr_0.01
2025-05-03 05:28:47,751 - training.model_DenseNet121_opt_AdamW_lr_0.01 - INFO - Initialized training manager for model_DenseNet121_opt_AdamW_lr_0.01
2025-05-03 05:28:47,751 - training.model_DenseNet121_opt_AdamW_lr_0.01 - INFO - Initialized training manager for model_DenseNet121_opt_AdamW_lr_0.01
2025-05-03 05:28:47,751 - training.model_DenseNet121_opt_AdamW_lr_0.01 - INFO - Initialized training manager for model_DenseNet121_opt_AdamW_lr_0.01
2025-05-03 05:28:47,751 - training.model_DenseNet121_opt_AdamW_lr_0.01 - INFO - Initialized training manager for model_DenseNet121_opt_AdamW_lr_0.01
2025-05-03 05:28:47,751 - training.model_DenseNet121_opt_AdamW_lr_0.01 - INFO - Initialized training manager for model_DenseNet121_opt_AdamW_lr_0.01
2025-05-03 05:28:47,751 - training.model_DenseNet121_opt_AdamW_lr_0.01 - INFO - Config: {
  "id": 513,
  "model_name": "DenseNet121",
  "optimizer": "AdamW",
  "learning_rate": 0.01,
  "scheduler": {
    "name": "CosineAnnealingLR",
    "T_max": 10
  },
  "loss_fn": {
    "name": "LabelSmoothing",
    "smoothing": 0.1
  }
}
2025-05-03 05:28:47,751 - training.model_DenseNet121_opt_AdamW_lr_0.01 - INFO - Config: {
  "id": 513,
  "model_name": "DenseNet121",
  "optimizer": "AdamW",
  "learning_rate": 0.01,
  "scheduler": {
    "name": "CosineAnnealingLR",
    "T_max": 10
  },
  "loss_fn": {
    "name": "LabelSmoothing",
    "smoothing": 0.1
  }
}
2025-05-03 05:28:47,751 - training.model_DenseNet121_opt_AdamW_lr_0.01 - INFO - Config: {
  "id": 513,
  "model_name": "DenseNet121",
  "optimizer": "AdamW",
  "learning_rate": 0.01,
  "scheduler": {
    "name": "CosineAnnealingLR",
    "T_max": 10
  },
  "loss_fn": {
    "name": "LabelSmoothing",
    "smoothing": 0.1
  }
}
2025-05-03 05:28:47,751 - training.model_DenseNet121_opt_AdamW_lr_0.01 - INFO - Config: {
  "id": 513,
  "model_name": "DenseNet121",
  "optimizer": "AdamW",
  "learning_rate": 0.01,
  "scheduler": {
    "name": "CosineAnnealingLR",
    "T_max": 10
  },
  "loss_fn": {
    "name": "LabelSmoothing",
    "smoothing": 0.1
  }
}
2025-05-03 05:28:47,751 - training.model_DenseNet121_opt_AdamW_lr_0.01 - INFO - Config: {
  "id": 513,
  "model_name": "DenseNet121",
  "optimizer": "AdamW",
  "learning_rate": 0.01,
  "scheduler": {
    "name": "CosineAnnealingLR",
    "T_max": 10
  },
  "loss_fn": {
    "name": "LabelSmoothing",
    "smoothing": 0.1
  }
}
2025-05-03 05:28:47,751 - training.model_DenseNet121_opt_AdamW_lr_0.01 - INFO - Config: {
  "id": 513,
  "model_name": "DenseNet121",
  "optimizer": "AdamW",
  "learning_rate": 0.01,
  "scheduler": {
    "name": "CosineAnnealingLR",
    "T_max": 10
  },
  "loss_fn": {
    "name": "LabelSmoothing",
    "smoothing": 0.1
  }
}
2025-05-03 05:28:47,751 - training.model_DenseNet121_opt_AdamW_lr_0.01 - INFO - Config: {
  "id": 513,
  "model_name": "DenseNet121",
  "optimizer": "AdamW",
  "learning_rate": 0.01,
  "scheduler": {
    "name": "CosineAnnealingLR",
    "T_max": 10
  },
  "loss_fn": {
    "name": "LabelSmoothing",
    "smoothing": 0.1
  }
}
2025-05-03 05:28:47,751 - training.model_DenseNet121_opt_AdamW_lr_0.01 - INFO - Config: {
  "id": 513,
  "model_name": "DenseNet121",
  "optimizer": "AdamW",
  "learning_rate": 0.01,
  "scheduler": {
    "name": "CosineAnnealingLR",
    "T_max": 10
  },
  "loss_fn": {
    "name": "LabelSmoothing",
    "smoothing": 0.1
  }
}
2025-05-03 05:28:47,751 - training.model_DenseNet121_opt_AdamW_lr_0.01 - INFO - Config: {
  "id": 513,
  "model_name": "DenseNet121",
  "optimizer": "AdamW",
  "learning_rate": 0.01,
  "scheduler": {
    "name": "CosineAnnealingLR",
    "T_max": 10
  },
  "loss_fn": {
    "name": "LabelSmoothing",
    "smoothing": 0.1
  }
}
2025-05-03 05:28:47,751 - training.model_DenseNet121_opt_AdamW_lr_0.01 - INFO - Loading checkpoint from model_results_v2/model_DenseNet121_opt_AdamW_lr_0.01/checkpoint.pt
2025-05-03 05:28:47,751 - training.model_DenseNet121_opt_AdamW_lr_0.01 - INFO - Loading checkpoint from model_results_v2/model_DenseNet121_opt_AdamW_lr_0.01/checkpoint.pt
2025-05-03 05:28:47,751 - training.model_DenseNet121_opt_AdamW_lr_0.01 - INFO - Loading checkpoint from model_results_v2/model_DenseNet121_opt_AdamW_lr_0.01/checkpoint.pt
2025-05-03 05:28:47,751 - training.model_DenseNet121_opt_AdamW_lr_0.01 - INFO - Loading checkpoint from model_results_v2/model_DenseNet121_opt_AdamW_lr_0.01/checkpoint.pt
2025-05-03 05:28:47,751 - training.model_DenseNet121_opt_AdamW_lr_0.01 - INFO - Loading checkpoint from model_results_v2/model_DenseNet121_opt_AdamW_lr_0.01/checkpoint.pt
2025-05-03 05:28:47,751 - training.model_DenseNet121_opt_AdamW_lr_0.01 - INFO - Loading checkpoint from model_results_v2/model_DenseNet121_opt_AdamW_lr_0.01/checkpoint.pt
2025-05-03 05:28:47,751 - training.model_DenseNet121_opt_AdamW_lr_0.01 - INFO - Loading checkpoint from model_results_v2/model_DenseNet121_opt_AdamW_lr_0.01/checkpoint.pt
2025-05-03 05:28:47,751 - training.model_DenseNet121_opt_AdamW_lr_0.01 - INFO - Loading checkpoint from model_results_v2/model_DenseNet121_opt_AdamW_lr_0.01/checkpoint.pt
2025-05-03 05:28:47,751 - training.model_DenseNet121_opt_AdamW_lr_0.01 - INFO - Loading checkpoint from model_results_v2/model_DenseNet121_opt_AdamW_lr_0.01/checkpoint.pt
2025-05-03 05:28:47,924 - training.model_DenseNet121_opt_AdamW_lr_0.01 - INFO - Resuming from epoch 20, best validation accuracy: 0.5043
2025-05-03 05:28:47,924 - training.model_DenseNet121_opt_AdamW_lr_0.01 - INFO - Resuming from epoch 20, best validation accuracy: 0.5043
2025-05-03 05:28:47,924 - training.model_DenseNet121_opt_AdamW_lr_0.01 - INFO - Resuming from epoch 20, best validation accuracy: 0.5043
2025-05-03 05:28:47,924 - training.model_DenseNet121_opt_AdamW_lr_0.01 - INFO - Resuming from epoch 20, best validation accuracy: 0.5043
2025-05-03 05:28:47,924 - training.model_DenseNet121_opt_AdamW_lr_0.01 - INFO - Resuming from epoch 20, best validation accuracy: 0.5043
2025-05-03 05:28:47,924 - training.model_DenseNet121_opt_AdamW_lr_0.01 - INFO - Resuming from epoch 20, best validation accuracy: 0.5043
2025-05-03 05:28:47,924 - training.model_DenseNet121_opt_AdamW_lr_0.01 - INFO - Resuming from epoch 20, best validation accuracy: 0.5043
2025-05-03 05:28:47,924 - training.model_DenseNet121_opt_AdamW_lr_0.01 - INFO - Resuming from epoch 20, best validation accuracy: 0.5043
2025-05-03 05:28:47,924 - training.model_DenseNet121_opt_AdamW_lr_0.01 - INFO - Resuming from epoch 20, best validation accuracy: 0.5043
2025-05-03 05:28:47,926 - training.model_DenseNet121_opt_AdamW_lr_0.01 - INFO - Training completed after 1128.55 seconds
2025-05-03 05:28:47,926 - training.model_DenseNet121_opt_AdamW_lr_0.01 - INFO - Training completed after 1128.55 seconds
2025-05-03 05:28:47,926 - training.model_DenseNet121_opt_AdamW_lr_0.01 - INFO - Training completed after 1128.55 seconds
2025-05-03 05:28:47,926 - training.model_DenseNet121_opt_AdamW_lr_0.01 - INFO - Training completed after 1128.55 seconds
2025-05-03 05:28:47,926 - training.model_DenseNet121_opt_AdamW_lr_0.01 - INFO - Training completed after 1128.55 seconds
2025-05-03 05:28:47,926 - training.model_DenseNet121_opt_AdamW_lr_0.01 - INFO - Training completed after 1128.55 seconds
2025-05-03 05:28:47,926 - training.model_DenseNet121_opt_AdamW_lr_0.01 - INFO - Training completed after 1128.55 seconds
2025-05-03 05:28:47,926 - training.model_DenseNet121_opt_AdamW_lr_0.01 - INFO - Training completed after 1128.55 seconds
2025-05-03 05:28:47,926 - training.model_DenseNet121_opt_AdamW_lr_0.01 - INFO - Training completed after 1128.55 seconds
2025-05-03 05:28:59,818 - training.model_DenseNet121_opt_AdamW_lr_0.01 - INFO - Initialized training manager for model_DenseNet121_opt_AdamW_lr_0.01
2025-05-03 05:28:59,818 - training.model_DenseNet121_opt_AdamW_lr_0.01 - INFO - Initialized training manager for model_DenseNet121_opt_AdamW_lr_0.01
2025-05-03 05:28:59,818 - training.model_DenseNet121_opt_AdamW_lr_0.01 - INFO - Initialized training manager for model_DenseNet121_opt_AdamW_lr_0.01
2025-05-03 05:28:59,818 - training.model_DenseNet121_opt_AdamW_lr_0.01 - INFO - Initialized training manager for model_DenseNet121_opt_AdamW_lr_0.01
2025-05-03 05:28:59,818 - training.model_DenseNet121_opt_AdamW_lr_0.01 - INFO - Initialized training manager for model_DenseNet121_opt_AdamW_lr_0.01
2025-05-03 05:28:59,818 - training.model_DenseNet121_opt_AdamW_lr_0.01 - INFO - Initialized training manager for model_DenseNet121_opt_AdamW_lr_0.01
2025-05-03 05:28:59,818 - training.model_DenseNet121_opt_AdamW_lr_0.01 - INFO - Initialized training manager for model_DenseNet121_opt_AdamW_lr_0.01
2025-05-03 05:28:59,818 - training.model_DenseNet121_opt_AdamW_lr_0.01 - INFO - Initialized training manager for model_DenseNet121_opt_AdamW_lr_0.01
2025-05-03 05:28:59,818 - training.model_DenseNet121_opt_AdamW_lr_0.01 - INFO - Initialized training manager for model_DenseNet121_opt_AdamW_lr_0.01
2025-05-03 05:28:59,818 - training.model_DenseNet121_opt_AdamW_lr_0.01 - INFO - Initialized training manager for model_DenseNet121_opt_AdamW_lr_0.01
2025-05-03 05:28:59,821 - training.model_DenseNet121_opt_AdamW_lr_0.01 - INFO - Config: {
  "id": 514,
  "model_name": "DenseNet121",
  "optimizer": "AdamW",
  "learning_rate": 0.01,
  "scheduler": {
    "name": "CosineAnnealingWarmRestarts",
    "T_0": 10
  },
  "loss_fn": {
    "name": "CrossEntropy"
  }
}
2025-05-03 05:28:59,821 - training.model_DenseNet121_opt_AdamW_lr_0.01 - INFO - Config: {
  "id": 514,
  "model_name": "DenseNet121",
  "optimizer": "AdamW",
  "learning_rate": 0.01,
  "scheduler": {
    "name": "CosineAnnealingWarmRestarts",
    "T_0": 10
  },
  "loss_fn": {
    "name": "CrossEntropy"
  }
}
2025-05-03 05:28:59,821 - training.model_DenseNet121_opt_AdamW_lr_0.01 - INFO - Config: {
  "id": 514,
  "model_name": "DenseNet121",
  "optimizer": "AdamW",
  "learning_rate": 0.01,
  "scheduler": {
    "name": "CosineAnnealingWarmRestarts",
    "T_0": 10
  },
  "loss_fn": {
    "name": "CrossEntropy"
  }
}
2025-05-03 05:28:59,821 - training.model_DenseNet121_opt_AdamW_lr_0.01 - INFO - Config: {
  "id": 514,
  "model_name": "DenseNet121",
  "optimizer": "AdamW",
  "learning_rate": 0.01,
  "scheduler": {
    "name": "CosineAnnealingWarmRestarts",
    "T_0": 10
  },
  "loss_fn": {
    "name": "CrossEntropy"
  }
}
2025-05-03 05:28:59,821 - training.model_DenseNet121_opt_AdamW_lr_0.01 - INFO - Config: {
  "id": 514,
  "model_name": "DenseNet121",
  "optimizer": "AdamW",
  "learning_rate": 0.01,
  "scheduler": {
    "name": "CosineAnnealingWarmRestarts",
    "T_0": 10
  },
  "loss_fn": {
    "name": "CrossEntropy"
  }
}
2025-05-03 05:28:59,821 - training.model_DenseNet121_opt_AdamW_lr_0.01 - INFO - Config: {
  "id": 514,
  "model_name": "DenseNet121",
  "optimizer": "AdamW",
  "learning_rate": 0.01,
  "scheduler": {
    "name": "CosineAnnealingWarmRestarts",
    "T_0": 10
  },
  "loss_fn": {
    "name": "CrossEntropy"
  }
}
2025-05-03 05:28:59,821 - training.model_DenseNet121_opt_AdamW_lr_0.01 - INFO - Config: {
  "id": 514,
  "model_name": "DenseNet121",
  "optimizer": "AdamW",
  "learning_rate": 0.01,
  "scheduler": {
    "name": "CosineAnnealingWarmRestarts",
    "T_0": 10
  },
  "loss_fn": {
    "name": "CrossEntropy"
  }
}
2025-05-03 05:28:59,821 - training.model_DenseNet121_opt_AdamW_lr_0.01 - INFO - Config: {
  "id": 514,
  "model_name": "DenseNet121",
  "optimizer": "AdamW",
  "learning_rate": 0.01,
  "scheduler": {
    "name": "CosineAnnealingWarmRestarts",
    "T_0": 10
  },
  "loss_fn": {
    "name": "CrossEntropy"
  }
}
2025-05-03 05:28:59,821 - training.model_DenseNet121_opt_AdamW_lr_0.01 - INFO - Config: {
  "id": 514,
  "model_name": "DenseNet121",
  "optimizer": "AdamW",
  "learning_rate": 0.01,
  "scheduler": {
    "name": "CosineAnnealingWarmRestarts",
    "T_0": 10
  },
  "loss_fn": {
    "name": "CrossEntropy"
  }
}
2025-05-03 05:28:59,821 - training.model_DenseNet121_opt_AdamW_lr_0.01 - INFO - Config: {
  "id": 514,
  "model_name": "DenseNet121",
  "optimizer": "AdamW",
  "learning_rate": 0.01,
  "scheduler": {
    "name": "CosineAnnealingWarmRestarts",
    "T_0": 10
  },
  "loss_fn": {
    "name": "CrossEntropy"
  }
}
2025-05-03 05:28:59,821 - training.model_DenseNet121_opt_AdamW_lr_0.01 - INFO - Loading checkpoint from model_results_v2/model_DenseNet121_opt_AdamW_lr_0.01/checkpoint.pt
2025-05-03 05:28:59,821 - training.model_DenseNet121_opt_AdamW_lr_0.01 - INFO - Loading checkpoint from model_results_v2/model_DenseNet121_opt_AdamW_lr_0.01/checkpoint.pt
2025-05-03 05:28:59,821 - training.model_DenseNet121_opt_AdamW_lr_0.01 - INFO - Loading checkpoint from model_results_v2/model_DenseNet121_opt_AdamW_lr_0.01/checkpoint.pt
2025-05-03 05:28:59,821 - training.model_DenseNet121_opt_AdamW_lr_0.01 - INFO - Loading checkpoint from model_results_v2/model_DenseNet121_opt_AdamW_lr_0.01/checkpoint.pt
2025-05-03 05:28:59,821 - training.model_DenseNet121_opt_AdamW_lr_0.01 - INFO - Loading checkpoint from model_results_v2/model_DenseNet121_opt_AdamW_lr_0.01/checkpoint.pt
2025-05-03 05:28:59,821 - training.model_DenseNet121_opt_AdamW_lr_0.01 - INFO - Loading checkpoint from model_results_v2/model_DenseNet121_opt_AdamW_lr_0.01/checkpoint.pt
2025-05-03 05:28:59,821 - training.model_DenseNet121_opt_AdamW_lr_0.01 - INFO - Loading checkpoint from model_results_v2/model_DenseNet121_opt_AdamW_lr_0.01/checkpoint.pt
2025-05-03 05:28:59,821 - training.model_DenseNet121_opt_AdamW_lr_0.01 - INFO - Loading checkpoint from model_results_v2/model_DenseNet121_opt_AdamW_lr_0.01/checkpoint.pt
2025-05-03 05:28:59,821 - training.model_DenseNet121_opt_AdamW_lr_0.01 - INFO - Loading checkpoint from model_results_v2/model_DenseNet121_opt_AdamW_lr_0.01/checkpoint.pt
2025-05-03 05:28:59,821 - training.model_DenseNet121_opt_AdamW_lr_0.01 - INFO - Loading checkpoint from model_results_v2/model_DenseNet121_opt_AdamW_lr_0.01/checkpoint.pt
2025-05-03 05:29:00,348 - training.model_DenseNet121_opt_AdamW_lr_0.01 - INFO - Resuming from epoch 20, best validation accuracy: 0.5043
2025-05-03 05:29:00,348 - training.model_DenseNet121_opt_AdamW_lr_0.01 - INFO - Resuming from epoch 20, best validation accuracy: 0.5043
2025-05-03 05:29:00,348 - training.model_DenseNet121_opt_AdamW_lr_0.01 - INFO - Resuming from epoch 20, best validation accuracy: 0.5043
2025-05-03 05:29:00,348 - training.model_DenseNet121_opt_AdamW_lr_0.01 - INFO - Resuming from epoch 20, best validation accuracy: 0.5043
2025-05-03 05:29:00,348 - training.model_DenseNet121_opt_AdamW_lr_0.01 - INFO - Resuming from epoch 20, best validation accuracy: 0.5043
2025-05-03 05:29:00,348 - training.model_DenseNet121_opt_AdamW_lr_0.01 - INFO - Resuming from epoch 20, best validation accuracy: 0.5043
2025-05-03 05:29:00,348 - training.model_DenseNet121_opt_AdamW_lr_0.01 - INFO - Resuming from epoch 20, best validation accuracy: 0.5043
2025-05-03 05:29:00,348 - training.model_DenseNet121_opt_AdamW_lr_0.01 - INFO - Resuming from epoch 20, best validation accuracy: 0.5043
2025-05-03 05:29:00,348 - training.model_DenseNet121_opt_AdamW_lr_0.01 - INFO - Resuming from epoch 20, best validation accuracy: 0.5043
2025-05-03 05:29:00,348 - training.model_DenseNet121_opt_AdamW_lr_0.01 - INFO - Resuming from epoch 20, best validation accuracy: 0.5043
2025-05-03 05:29:00,350 - training.model_DenseNet121_opt_AdamW_lr_0.01 - INFO - Training completed after 1128.55 seconds
2025-05-03 05:29:00,350 - training.model_DenseNet121_opt_AdamW_lr_0.01 - INFO - Training completed after 1128.55 seconds
2025-05-03 05:29:00,350 - training.model_DenseNet121_opt_AdamW_lr_0.01 - INFO - Training completed after 1128.55 seconds
2025-05-03 05:29:00,350 - training.model_DenseNet121_opt_AdamW_lr_0.01 - INFO - Training completed after 1128.55 seconds
2025-05-03 05:29:00,350 - training.model_DenseNet121_opt_AdamW_lr_0.01 - INFO - Training completed after 1128.55 seconds
2025-05-03 05:29:00,350 - training.model_DenseNet121_opt_AdamW_lr_0.01 - INFO - Training completed after 1128.55 seconds
2025-05-03 05:29:00,350 - training.model_DenseNet121_opt_AdamW_lr_0.01 - INFO - Training completed after 1128.55 seconds
2025-05-03 05:29:00,350 - training.model_DenseNet121_opt_AdamW_lr_0.01 - INFO - Training completed after 1128.55 seconds
2025-05-03 05:29:00,350 - training.model_DenseNet121_opt_AdamW_lr_0.01 - INFO - Training completed after 1128.55 seconds
2025-05-03 05:29:00,350 - training.model_DenseNet121_opt_AdamW_lr_0.01 - INFO - Training completed after 1128.55 seconds
2025-05-03 05:29:12,410 - training.model_DenseNet121_opt_AdamW_lr_0.01 - INFO - Initialized training manager for model_DenseNet121_opt_AdamW_lr_0.01
2025-05-03 05:29:12,410 - training.model_DenseNet121_opt_AdamW_lr_0.01 - INFO - Initialized training manager for model_DenseNet121_opt_AdamW_lr_0.01
2025-05-03 05:29:12,410 - training.model_DenseNet121_opt_AdamW_lr_0.01 - INFO - Initialized training manager for model_DenseNet121_opt_AdamW_lr_0.01
2025-05-03 05:29:12,410 - training.model_DenseNet121_opt_AdamW_lr_0.01 - INFO - Initialized training manager for model_DenseNet121_opt_AdamW_lr_0.01
2025-05-03 05:29:12,410 - training.model_DenseNet121_opt_AdamW_lr_0.01 - INFO - Initialized training manager for model_DenseNet121_opt_AdamW_lr_0.01
2025-05-03 05:29:12,410 - training.model_DenseNet121_opt_AdamW_lr_0.01 - INFO - Initialized training manager for model_DenseNet121_opt_AdamW_lr_0.01
2025-05-03 05:29:12,410 - training.model_DenseNet121_opt_AdamW_lr_0.01 - INFO - Initialized training manager for model_DenseNet121_opt_AdamW_lr_0.01
2025-05-03 05:29:12,410 - training.model_DenseNet121_opt_AdamW_lr_0.01 - INFO - Initialized training manager for model_DenseNet121_opt_AdamW_lr_0.01
2025-05-03 05:29:12,410 - training.model_DenseNet121_opt_AdamW_lr_0.01 - INFO - Initialized training manager for model_DenseNet121_opt_AdamW_lr_0.01
2025-05-03 05:29:12,410 - training.model_DenseNet121_opt_AdamW_lr_0.01 - INFO - Initialized training manager for model_DenseNet121_opt_AdamW_lr_0.01
2025-05-03 05:29:12,410 - training.model_DenseNet121_opt_AdamW_lr_0.01 - INFO - Initialized training manager for model_DenseNet121_opt_AdamW_lr_0.01
2025-05-03 05:29:12,410 - training.model_DenseNet121_opt_AdamW_lr_0.01 - INFO - Config: {
  "id": 515,
  "model_name": "DenseNet121",
  "optimizer": "AdamW",
  "learning_rate": 0.01,
  "scheduler": {
    "name": "CosineAnnealingWarmRestarts",
    "T_0": 10
  },
  "loss_fn": {
    "name": "FocalLoss",
    "alpha": 0.25,
    "gamma": 2.0
  }
}
2025-05-03 05:29:12,410 - training.model_DenseNet121_opt_AdamW_lr_0.01 - INFO - Config: {
  "id": 515,
  "model_name": "DenseNet121",
  "optimizer": "AdamW",
  "learning_rate": 0.01,
  "scheduler": {
    "name": "CosineAnnealingWarmRestarts",
    "T_0": 10
  },
  "loss_fn": {
    "name": "FocalLoss",
    "alpha": 0.25,
    "gamma": 2.0
  }
}
2025-05-03 05:29:12,410 - training.model_DenseNet121_opt_AdamW_lr_0.01 - INFO - Config: {
  "id": 515,
  "model_name": "DenseNet121",
  "optimizer": "AdamW",
  "learning_rate": 0.01,
  "scheduler": {
    "name": "CosineAnnealingWarmRestarts",
    "T_0": 10
  },
  "loss_fn": {
    "name": "FocalLoss",
    "alpha": 0.25,
    "gamma": 2.0
  }
}
2025-05-03 05:29:12,410 - training.model_DenseNet121_opt_AdamW_lr_0.01 - INFO - Config: {
  "id": 515,
  "model_name": "DenseNet121",
  "optimizer": "AdamW",
  "learning_rate": 0.01,
  "scheduler": {
    "name": "CosineAnnealingWarmRestarts",
    "T_0": 10
  },
  "loss_fn": {
    "name": "FocalLoss",
    "alpha": 0.25,
    "gamma": 2.0
  }
}
2025-05-03 05:29:12,410 - training.model_DenseNet121_opt_AdamW_lr_0.01 - INFO - Config: {
  "id": 515,
  "model_name": "DenseNet121",
  "optimizer": "AdamW",
  "learning_rate": 0.01,
  "scheduler": {
    "name": "CosineAnnealingWarmRestarts",
    "T_0": 10
  },
  "loss_fn": {
    "name": "FocalLoss",
    "alpha": 0.25,
    "gamma": 2.0
  }
}
2025-05-03 05:29:12,410 - training.model_DenseNet121_opt_AdamW_lr_0.01 - INFO - Config: {
  "id": 515,
  "model_name": "DenseNet121",
  "optimizer": "AdamW",
  "learning_rate": 0.01,
  "scheduler": {
    "name": "CosineAnnealingWarmRestarts",
    "T_0": 10
  },
  "loss_fn": {
    "name": "FocalLoss",
    "alpha": 0.25,
    "gamma": 2.0
  }
}
2025-05-03 05:29:12,410 - training.model_DenseNet121_opt_AdamW_lr_0.01 - INFO - Config: {
  "id": 515,
  "model_name": "DenseNet121",
  "optimizer": "AdamW",
  "learning_rate": 0.01,
  "scheduler": {
    "name": "CosineAnnealingWarmRestarts",
    "T_0": 10
  },
  "loss_fn": {
    "name": "FocalLoss",
    "alpha": 0.25,
    "gamma": 2.0
  }
}
2025-05-03 05:29:12,410 - training.model_DenseNet121_opt_AdamW_lr_0.01 - INFO - Config: {
  "id": 515,
  "model_name": "DenseNet121",
  "optimizer": "AdamW",
  "learning_rate": 0.01,
  "scheduler": {
    "name": "CosineAnnealingWarmRestarts",
    "T_0": 10
  },
  "loss_fn": {
    "name": "FocalLoss",
    "alpha": 0.25,
    "gamma": 2.0
  }
}
2025-05-03 05:29:12,410 - training.model_DenseNet121_opt_AdamW_lr_0.01 - INFO - Config: {
  "id": 515,
  "model_name": "DenseNet121",
  "optimizer": "AdamW",
  "learning_rate": 0.01,
  "scheduler": {
    "name": "CosineAnnealingWarmRestarts",
    "T_0": 10
  },
  "loss_fn": {
    "name": "FocalLoss",
    "alpha": 0.25,
    "gamma": 2.0
  }
}
2025-05-03 05:29:12,410 - training.model_DenseNet121_opt_AdamW_lr_0.01 - INFO - Config: {
  "id": 515,
  "model_name": "DenseNet121",
  "optimizer": "AdamW",
  "learning_rate": 0.01,
  "scheduler": {
    "name": "CosineAnnealingWarmRestarts",
    "T_0": 10
  },
  "loss_fn": {
    "name": "FocalLoss",
    "alpha": 0.25,
    "gamma": 2.0
  }
}
2025-05-03 05:29:12,410 - training.model_DenseNet121_opt_AdamW_lr_0.01 - INFO - Config: {
  "id": 515,
  "model_name": "DenseNet121",
  "optimizer": "AdamW",
  "learning_rate": 0.01,
  "scheduler": {
    "name": "CosineAnnealingWarmRestarts",
    "T_0": 10
  },
  "loss_fn": {
    "name": "FocalLoss",
    "alpha": 0.25,
    "gamma": 2.0
  }
}
2025-05-03 05:29:12,410 - training.model_DenseNet121_opt_AdamW_lr_0.01 - INFO - Loading checkpoint from model_results_v2/model_DenseNet121_opt_AdamW_lr_0.01/checkpoint.pt
2025-05-03 05:29:12,410 - training.model_DenseNet121_opt_AdamW_lr_0.01 - INFO - Loading checkpoint from model_results_v2/model_DenseNet121_opt_AdamW_lr_0.01/checkpoint.pt
2025-05-03 05:29:12,410 - training.model_DenseNet121_opt_AdamW_lr_0.01 - INFO - Loading checkpoint from model_results_v2/model_DenseNet121_opt_AdamW_lr_0.01/checkpoint.pt
2025-05-03 05:29:12,410 - training.model_DenseNet121_opt_AdamW_lr_0.01 - INFO - Loading checkpoint from model_results_v2/model_DenseNet121_opt_AdamW_lr_0.01/checkpoint.pt
2025-05-03 05:29:12,410 - training.model_DenseNet121_opt_AdamW_lr_0.01 - INFO - Loading checkpoint from model_results_v2/model_DenseNet121_opt_AdamW_lr_0.01/checkpoint.pt
2025-05-03 05:29:12,410 - training.model_DenseNet121_opt_AdamW_lr_0.01 - INFO - Loading checkpoint from model_results_v2/model_DenseNet121_opt_AdamW_lr_0.01/checkpoint.pt
2025-05-03 05:29:12,410 - training.model_DenseNet121_opt_AdamW_lr_0.01 - INFO - Loading checkpoint from model_results_v2/model_DenseNet121_opt_AdamW_lr_0.01/checkpoint.pt
2025-05-03 05:29:12,410 - training.model_DenseNet121_opt_AdamW_lr_0.01 - INFO - Loading checkpoint from model_results_v2/model_DenseNet121_opt_AdamW_lr_0.01/checkpoint.pt
2025-05-03 05:29:12,410 - training.model_DenseNet121_opt_AdamW_lr_0.01 - INFO - Loading checkpoint from model_results_v2/model_DenseNet121_opt_AdamW_lr_0.01/checkpoint.pt
2025-05-03 05:29:12,410 - training.model_DenseNet121_opt_AdamW_lr_0.01 - INFO - Loading checkpoint from model_results_v2/model_DenseNet121_opt_AdamW_lr_0.01/checkpoint.pt
2025-05-03 05:29:12,410 - training.model_DenseNet121_opt_AdamW_lr_0.01 - INFO - Loading checkpoint from model_results_v2/model_DenseNet121_opt_AdamW_lr_0.01/checkpoint.pt
2025-05-03 05:29:12,583 - training.model_DenseNet121_opt_AdamW_lr_0.01 - INFO - Resuming from epoch 20, best validation accuracy: 0.5043
2025-05-03 05:29:12,583 - training.model_DenseNet121_opt_AdamW_lr_0.01 - INFO - Resuming from epoch 20, best validation accuracy: 0.5043
2025-05-03 05:29:12,583 - training.model_DenseNet121_opt_AdamW_lr_0.01 - INFO - Resuming from epoch 20, best validation accuracy: 0.5043
2025-05-03 05:29:12,583 - training.model_DenseNet121_opt_AdamW_lr_0.01 - INFO - Resuming from epoch 20, best validation accuracy: 0.5043
2025-05-03 05:29:12,583 - training.model_DenseNet121_opt_AdamW_lr_0.01 - INFO - Resuming from epoch 20, best validation accuracy: 0.5043
2025-05-03 05:29:12,583 - training.model_DenseNet121_opt_AdamW_lr_0.01 - INFO - Resuming from epoch 20, best validation accuracy: 0.5043
2025-05-03 05:29:12,583 - training.model_DenseNet121_opt_AdamW_lr_0.01 - INFO - Resuming from epoch 20, best validation accuracy: 0.5043
2025-05-03 05:29:12,583 - training.model_DenseNet121_opt_AdamW_lr_0.01 - INFO - Resuming from epoch 20, best validation accuracy: 0.5043
2025-05-03 05:29:12,583 - training.model_DenseNet121_opt_AdamW_lr_0.01 - INFO - Resuming from epoch 20, best validation accuracy: 0.5043
2025-05-03 05:29:12,583 - training.model_DenseNet121_opt_AdamW_lr_0.01 - INFO - Resuming from epoch 20, best validation accuracy: 0.5043
2025-05-03 05:29:12,583 - training.model_DenseNet121_opt_AdamW_lr_0.01 - INFO - Resuming from epoch 20, best validation accuracy: 0.5043
2025-05-03 05:29:12,585 - training.model_DenseNet121_opt_AdamW_lr_0.01 - INFO - Training completed after 1128.55 seconds
2025-05-03 05:29:12,585 - training.model_DenseNet121_opt_AdamW_lr_0.01 - INFO - Training completed after 1128.55 seconds
2025-05-03 05:29:12,585 - training.model_DenseNet121_opt_AdamW_lr_0.01 - INFO - Training completed after 1128.55 seconds
2025-05-03 05:29:12,585 - training.model_DenseNet121_opt_AdamW_lr_0.01 - INFO - Training completed after 1128.55 seconds
2025-05-03 05:29:12,585 - training.model_DenseNet121_opt_AdamW_lr_0.01 - INFO - Training completed after 1128.55 seconds
2025-05-03 05:29:12,585 - training.model_DenseNet121_opt_AdamW_lr_0.01 - INFO - Training completed after 1128.55 seconds
2025-05-03 05:29:12,585 - training.model_DenseNet121_opt_AdamW_lr_0.01 - INFO - Training completed after 1128.55 seconds
2025-05-03 05:29:12,585 - training.model_DenseNet121_opt_AdamW_lr_0.01 - INFO - Training completed after 1128.55 seconds
2025-05-03 05:29:12,585 - training.model_DenseNet121_opt_AdamW_lr_0.01 - INFO - Training completed after 1128.55 seconds
2025-05-03 05:29:12,585 - training.model_DenseNet121_opt_AdamW_lr_0.01 - INFO - Training completed after 1128.55 seconds
2025-05-03 05:29:12,585 - training.model_DenseNet121_opt_AdamW_lr_0.01 - INFO - Training completed after 1128.55 seconds
2025-05-03 05:29:24,420 - training.model_DenseNet121_opt_AdamW_lr_0.01 - INFO - Initialized training manager for model_DenseNet121_opt_AdamW_lr_0.01
2025-05-03 05:29:24,420 - training.model_DenseNet121_opt_AdamW_lr_0.01 - INFO - Initialized training manager for model_DenseNet121_opt_AdamW_lr_0.01
2025-05-03 05:29:24,420 - training.model_DenseNet121_opt_AdamW_lr_0.01 - INFO - Initialized training manager for model_DenseNet121_opt_AdamW_lr_0.01
2025-05-03 05:29:24,420 - training.model_DenseNet121_opt_AdamW_lr_0.01 - INFO - Initialized training manager for model_DenseNet121_opt_AdamW_lr_0.01
2025-05-03 05:29:24,420 - training.model_DenseNet121_opt_AdamW_lr_0.01 - INFO - Initialized training manager for model_DenseNet121_opt_AdamW_lr_0.01
2025-05-03 05:29:24,420 - training.model_DenseNet121_opt_AdamW_lr_0.01 - INFO - Initialized training manager for model_DenseNet121_opt_AdamW_lr_0.01
2025-05-03 05:29:24,420 - training.model_DenseNet121_opt_AdamW_lr_0.01 - INFO - Initialized training manager for model_DenseNet121_opt_AdamW_lr_0.01
2025-05-03 05:29:24,420 - training.model_DenseNet121_opt_AdamW_lr_0.01 - INFO - Initialized training manager for model_DenseNet121_opt_AdamW_lr_0.01
2025-05-03 05:29:24,420 - training.model_DenseNet121_opt_AdamW_lr_0.01 - INFO - Initialized training manager for model_DenseNet121_opt_AdamW_lr_0.01
2025-05-03 05:29:24,420 - training.model_DenseNet121_opt_AdamW_lr_0.01 - INFO - Initialized training manager for model_DenseNet121_opt_AdamW_lr_0.01
2025-05-03 05:29:24,420 - training.model_DenseNet121_opt_AdamW_lr_0.01 - INFO - Initialized training manager for model_DenseNet121_opt_AdamW_lr_0.01
2025-05-03 05:29:24,420 - training.model_DenseNet121_opt_AdamW_lr_0.01 - INFO - Initialized training manager for model_DenseNet121_opt_AdamW_lr_0.01
2025-05-03 05:29:24,420 - training.model_DenseNet121_opt_AdamW_lr_0.01 - INFO - Config: {
  "id": 516,
  "model_name": "DenseNet121",
  "optimizer": "AdamW",
  "learning_rate": 0.01,
  "scheduler": {
    "name": "CosineAnnealingWarmRestarts",
    "T_0": 10
  },
  "loss_fn": {
    "name": "LabelSmoothing",
    "smoothing": 0.1
  }
}
2025-05-03 05:29:24,420 - training.model_DenseNet121_opt_AdamW_lr_0.01 - INFO - Config: {
  "id": 516,
  "model_name": "DenseNet121",
  "optimizer": "AdamW",
  "learning_rate": 0.01,
  "scheduler": {
    "name": "CosineAnnealingWarmRestarts",
    "T_0": 10
  },
  "loss_fn": {
    "name": "LabelSmoothing",
    "smoothing": 0.1
  }
}
2025-05-03 05:29:24,420 - training.model_DenseNet121_opt_AdamW_lr_0.01 - INFO - Config: {
  "id": 516,
  "model_name": "DenseNet121",
  "optimizer": "AdamW",
  "learning_rate": 0.01,
  "scheduler": {
    "name": "CosineAnnealingWarmRestarts",
    "T_0": 10
  },
  "loss_fn": {
    "name": "LabelSmoothing",
    "smoothing": 0.1
  }
}
2025-05-03 05:29:24,420 - training.model_DenseNet121_opt_AdamW_lr_0.01 - INFO - Config: {
  "id": 516,
  "model_name": "DenseNet121",
  "optimizer": "AdamW",
  "learning_rate": 0.01,
  "scheduler": {
    "name": "CosineAnnealingWarmRestarts",
    "T_0": 10
  },
  "loss_fn": {
    "name": "LabelSmoothing",
    "smoothing": 0.1
  }
}
2025-05-03 05:29:24,420 - training.model_DenseNet121_opt_AdamW_lr_0.01 - INFO - Config: {
  "id": 516,
  "model_name": "DenseNet121",
  "optimizer": "AdamW",
  "learning_rate": 0.01,
  "scheduler": {
    "name": "CosineAnnealingWarmRestarts",
    "T_0": 10
  },
  "loss_fn": {
    "name": "LabelSmoothing",
    "smoothing": 0.1
  }
}
2025-05-03 05:29:24,420 - training.model_DenseNet121_opt_AdamW_lr_0.01 - INFO - Config: {
  "id": 516,
  "model_name": "DenseNet121",
  "optimizer": "AdamW",
  "learning_rate": 0.01,
  "scheduler": {
    "name": "CosineAnnealingWarmRestarts",
    "T_0": 10
  },
  "loss_fn": {
    "name": "LabelSmoothing",
    "smoothing": 0.1
  }
}
2025-05-03 05:29:24,420 - training.model_DenseNet121_opt_AdamW_lr_0.01 - INFO - Config: {
  "id": 516,
  "model_name": "DenseNet121",
  "optimizer": "AdamW",
  "learning_rate": 0.01,
  "scheduler": {
    "name": "CosineAnnealingWarmRestarts",
    "T_0": 10
  },
  "loss_fn": {
    "name": "LabelSmoothing",
    "smoothing": 0.1
  }
}
2025-05-03 05:29:24,420 - training.model_DenseNet121_opt_AdamW_lr_0.01 - INFO - Config: {
  "id": 516,
  "model_name": "DenseNet121",
  "optimizer": "AdamW",
  "learning_rate": 0.01,
  "scheduler": {
    "name": "CosineAnnealingWarmRestarts",
    "T_0": 10
  },
  "loss_fn": {
    "name": "LabelSmoothing",
    "smoothing": 0.1
  }
}
2025-05-03 05:29:24,420 - training.model_DenseNet121_opt_AdamW_lr_0.01 - INFO - Config: {
  "id": 516,
  "model_name": "DenseNet121",
  "optimizer": "AdamW",
  "learning_rate": 0.01,
  "scheduler": {
    "name": "CosineAnnealingWarmRestarts",
    "T_0": 10
  },
  "loss_fn": {
    "name": "LabelSmoothing",
    "smoothing": 0.1
  }
}
2025-05-03 05:29:24,420 - training.model_DenseNet121_opt_AdamW_lr_0.01 - INFO - Config: {
  "id": 516,
  "model_name": "DenseNet121",
  "optimizer": "AdamW",
  "learning_rate": 0.01,
  "scheduler": {
    "name": "CosineAnnealingWarmRestarts",
    "T_0": 10
  },
  "loss_fn": {
    "name": "LabelSmoothing",
    "smoothing": 0.1
  }
}
2025-05-03 05:29:24,420 - training.model_DenseNet121_opt_AdamW_lr_0.01 - INFO - Config: {
  "id": 516,
  "model_name": "DenseNet121",
  "optimizer": "AdamW",
  "learning_rate": 0.01,
  "scheduler": {
    "name": "CosineAnnealingWarmRestarts",
    "T_0": 10
  },
  "loss_fn": {
    "name": "LabelSmoothing",
    "smoothing": 0.1
  }
}
2025-05-03 05:29:24,420 - training.model_DenseNet121_opt_AdamW_lr_0.01 - INFO - Config: {
  "id": 516,
  "model_name": "DenseNet121",
  "optimizer": "AdamW",
  "learning_rate": 0.01,
  "scheduler": {
    "name": "CosineAnnealingWarmRestarts",
    "T_0": 10
  },
  "loss_fn": {
    "name": "LabelSmoothing",
    "smoothing": 0.1
  }
}
2025-05-03 05:29:24,420 - training.model_DenseNet121_opt_AdamW_lr_0.01 - INFO - Loading checkpoint from model_results_v2/model_DenseNet121_opt_AdamW_lr_0.01/checkpoint.pt
2025-05-03 05:29:24,420 - training.model_DenseNet121_opt_AdamW_lr_0.01 - INFO - Loading checkpoint from model_results_v2/model_DenseNet121_opt_AdamW_lr_0.01/checkpoint.pt
2025-05-03 05:29:24,420 - training.model_DenseNet121_opt_AdamW_lr_0.01 - INFO - Loading checkpoint from model_results_v2/model_DenseNet121_opt_AdamW_lr_0.01/checkpoint.pt
2025-05-03 05:29:24,420 - training.model_DenseNet121_opt_AdamW_lr_0.01 - INFO - Loading checkpoint from model_results_v2/model_DenseNet121_opt_AdamW_lr_0.01/checkpoint.pt
2025-05-03 05:29:24,420 - training.model_DenseNet121_opt_AdamW_lr_0.01 - INFO - Loading checkpoint from model_results_v2/model_DenseNet121_opt_AdamW_lr_0.01/checkpoint.pt
2025-05-03 05:29:24,420 - training.model_DenseNet121_opt_AdamW_lr_0.01 - INFO - Loading checkpoint from model_results_v2/model_DenseNet121_opt_AdamW_lr_0.01/checkpoint.pt
2025-05-03 05:29:24,420 - training.model_DenseNet121_opt_AdamW_lr_0.01 - INFO - Loading checkpoint from model_results_v2/model_DenseNet121_opt_AdamW_lr_0.01/checkpoint.pt
2025-05-03 05:29:24,420 - training.model_DenseNet121_opt_AdamW_lr_0.01 - INFO - Loading checkpoint from model_results_v2/model_DenseNet121_opt_AdamW_lr_0.01/checkpoint.pt
2025-05-03 05:29:24,420 - training.model_DenseNet121_opt_AdamW_lr_0.01 - INFO - Loading checkpoint from model_results_v2/model_DenseNet121_opt_AdamW_lr_0.01/checkpoint.pt
2025-05-03 05:29:24,420 - training.model_DenseNet121_opt_AdamW_lr_0.01 - INFO - Loading checkpoint from model_results_v2/model_DenseNet121_opt_AdamW_lr_0.01/checkpoint.pt
2025-05-03 05:29:24,420 - training.model_DenseNet121_opt_AdamW_lr_0.01 - INFO - Loading checkpoint from model_results_v2/model_DenseNet121_opt_AdamW_lr_0.01/checkpoint.pt
2025-05-03 05:29:24,420 - training.model_DenseNet121_opt_AdamW_lr_0.01 - INFO - Loading checkpoint from model_results_v2/model_DenseNet121_opt_AdamW_lr_0.01/checkpoint.pt
2025-05-03 05:29:24,593 - training.model_DenseNet121_opt_AdamW_lr_0.01 - INFO - Resuming from epoch 20, best validation accuracy: 0.5043
2025-05-03 05:29:24,593 - training.model_DenseNet121_opt_AdamW_lr_0.01 - INFO - Resuming from epoch 20, best validation accuracy: 0.5043
2025-05-03 05:29:24,593 - training.model_DenseNet121_opt_AdamW_lr_0.01 - INFO - Resuming from epoch 20, best validation accuracy: 0.5043
2025-05-03 05:29:24,593 - training.model_DenseNet121_opt_AdamW_lr_0.01 - INFO - Resuming from epoch 20, best validation accuracy: 0.5043
2025-05-03 05:29:24,593 - training.model_DenseNet121_opt_AdamW_lr_0.01 - INFO - Resuming from epoch 20, best validation accuracy: 0.5043
2025-05-03 05:29:24,593 - training.model_DenseNet121_opt_AdamW_lr_0.01 - INFO - Resuming from epoch 20, best validation accuracy: 0.5043
2025-05-03 05:29:24,593 - training.model_DenseNet121_opt_AdamW_lr_0.01 - INFO - Resuming from epoch 20, best validation accuracy: 0.5043
2025-05-03 05:29:24,593 - training.model_DenseNet121_opt_AdamW_lr_0.01 - INFO - Resuming from epoch 20, best validation accuracy: 0.5043
2025-05-03 05:29:24,593 - training.model_DenseNet121_opt_AdamW_lr_0.01 - INFO - Resuming from epoch 20, best validation accuracy: 0.5043
2025-05-03 05:29:24,593 - training.model_DenseNet121_opt_AdamW_lr_0.01 - INFO - Resuming from epoch 20, best validation accuracy: 0.5043
2025-05-03 05:29:24,593 - training.model_DenseNet121_opt_AdamW_lr_0.01 - INFO - Resuming from epoch 20, best validation accuracy: 0.5043
2025-05-03 05:29:24,593 - training.model_DenseNet121_opt_AdamW_lr_0.01 - INFO - Resuming from epoch 20, best validation accuracy: 0.5043
2025-05-03 05:29:24,594 - training.model_DenseNet121_opt_AdamW_lr_0.01 - INFO - Training completed after 1128.55 seconds
2025-05-03 05:29:24,594 - training.model_DenseNet121_opt_AdamW_lr_0.01 - INFO - Training completed after 1128.55 seconds
2025-05-03 05:29:24,594 - training.model_DenseNet121_opt_AdamW_lr_0.01 - INFO - Training completed after 1128.55 seconds
2025-05-03 05:29:24,594 - training.model_DenseNet121_opt_AdamW_lr_0.01 - INFO - Training completed after 1128.55 seconds
2025-05-03 05:29:24,594 - training.model_DenseNet121_opt_AdamW_lr_0.01 - INFO - Training completed after 1128.55 seconds
2025-05-03 05:29:24,594 - training.model_DenseNet121_opt_AdamW_lr_0.01 - INFO - Training completed after 1128.55 seconds
2025-05-03 05:29:24,594 - training.model_DenseNet121_opt_AdamW_lr_0.01 - INFO - Training completed after 1128.55 seconds
2025-05-03 05:29:24,594 - training.model_DenseNet121_opt_AdamW_lr_0.01 - INFO - Training completed after 1128.55 seconds
2025-05-03 05:29:24,594 - training.model_DenseNet121_opt_AdamW_lr_0.01 - INFO - Training completed after 1128.55 seconds
2025-05-03 05:29:24,594 - training.model_DenseNet121_opt_AdamW_lr_0.01 - INFO - Training completed after 1128.55 seconds
2025-05-03 05:29:24,594 - training.model_DenseNet121_opt_AdamW_lr_0.01 - INFO - Training completed after 1128.55 seconds
2025-05-03 05:29:24,594 - training.model_DenseNet121_opt_AdamW_lr_0.01 - INFO - Training completed after 1128.55 seconds
