2025-05-01 03:22:11,278 - training.model_ResNet101_opt_SGD_lr_0.0001_id_135 - INFO - Initialized training manager for model_ResNet101_opt_SGD_lr_0.0001_id_135
2025-05-01 03:22:11,278 - training.model_ResNet101_opt_SGD_lr_0.0001_id_135 - INFO - Config: {
  "id": 135,
  "model_name": "ResNet101",
  "optimizer": "SGD",
  "learning_rate": 0.0001,
  "scheduler": {
    "name": "StepLR",
    "step_size": 10,
    "gamma": 0.1
  },
  "loss_fn": {
    "name": "LabelSmoothing",
    "smoothing": 0.1
  }
}
2025-05-01 03:22:11,632 - training.model_ResNet101_opt_SGD_lr_0.0001_id_135 - INFO - Starting model evaluation
2025-05-01 03:22:21,350 - training.model_ResNet101_opt_SGD_lr_0.0001_id_135 - INFO - Evaluation metrics:
  Accuracy:  0.9425
  Precision: 0.8826
  Recall:    0.9196
  F1 Score:  0.9007
  IoU:       0.8193
  mAP:       0.9647
  AUC:       0.9810
2025-05-01 03:22:21,352 - training.model_ResNet101_opt_SGD_lr_0.0001_id_135 - INFO - Final results saved to model_results_v2/model_ResNet101_opt_SGD_lr_0.0001_id_135/final_results.json
2025-05-01 03:22:21,354 - training.model_ResNet101_opt_SGD_lr_0.0001_id_135 - INFO - Final results saved to model_results_v2/model_ResNet101_opt_SGD_lr_0.0001_id_135/final_results.json
