2025-05-01 05:42:40,029 - training.model_ResNet101_opt_Adam_lr_0.001_id_159 - INFO - Initialized training manager for model_ResNet101_opt_Adam_lr_0.001_id_159
2025-05-01 05:42:40,029 - training.model_ResNet101_opt_Adam_lr_0.001_id_159 - INFO - Config: {
  "id": 159,
  "model_name": "ResNet101",
  "optimizer": "Adam",
  "learning_rate": 0.001,
  "scheduler": {
    "name": "StepLR",
    "step_size": 10,
    "gamma": 0.1
  },
  "loss_fn": {
    "name": "LabelSmoothing",
    "smoothing": 0.1
  }
}
2025-05-01 05:42:40,522 - training.model_ResNet101_opt_Adam_lr_0.001_id_159 - INFO - Starting model evaluation
2025-05-01 05:42:50,823 - training.model_ResNet101_opt_Adam_lr_0.001_id_159 - INFO - Evaluation metrics:
  Accuracy:  0.9148
  Precision: 0.8226
  Recall:    0.8916
  F1 Score:  0.8557
  IoU:       0.7478
  mAP:       0.9095
  AUC:       0.9609
2025-05-01 05:42:50,825 - training.model_ResNet101_opt_Adam_lr_0.001_id_159 - INFO - Final results saved to model_results_v2/model_ResNet101_opt_Adam_lr_0.001_id_159/final_results.json
2025-05-01 05:42:50,827 - training.model_ResNet101_opt_Adam_lr_0.001_id_159 - INFO - Final results saved to model_results_v2/model_ResNet101_opt_Adam_lr_0.001_id_159/final_results.json
