2025-05-01 09:23:01,891 - training.model_EfficientNet-B2_opt_Adam_lr_0.0001_id_287 - INFO - Initialized training manager for model_EfficientNet-B2_opt_Adam_lr_0.0001_id_287
2025-05-01 09:23:01,891 - training.model_EfficientNet-B2_opt_Adam_lr_0.0001_id_287 - INFO - Config: {
  "id": 287,
  "model_name": "EfficientNet-B2",
  "optimizer": "Adam",
  "learning_rate": 0.0001,
  "scheduler": {
    "name": "CosineAnnealingWarmRestarts",
    "T_0": 10
  },
  "loss_fn": {
    "name": "FocalLoss",
    "alpha": 0.25,
    "gamma": 2.0
  }
}
2025-05-01 09:23:03,037 - training.model_EfficientNet-B2_opt_Adam_lr_0.0001_id_287 - INFO - Starting model evaluation
2025-05-01 09:23:14,493 - training.model_EfficientNet-B2_opt_Adam_lr_0.0001_id_287 - INFO - Evaluation metrics:
  Accuracy:  0.9653
  Precision: 0.9115
  Recall:    0.9720
  F1 Score:  0.9408
  IoU:       0.8882
  mAP:       0.9854
  AUC:       0.9940
2025-05-01 09:23:14,495 - training.model_EfficientNet-B2_opt_Adam_lr_0.0001_id_287 - INFO - Final results saved to model_results_v2/model_EfficientNet-B2_opt_Adam_lr_0.0001_id_287/final_results.json
2025-05-01 09:23:14,497 - training.model_EfficientNet-B2_opt_Adam_lr_0.0001_id_287 - INFO - Final results saved to model_results_v2/model_EfficientNet-B2_opt_Adam_lr_0.0001_id_287/final_results.json
