2025-05-01 07:12:46,043 - training.model_ResNet101_opt_AdamW_lr_0.0001_id_207 - INFO - Initialized training manager for model_ResNet101_opt_AdamW_lr_0.0001_id_207
2025-05-01 07:12:46,043 - training.model_ResNet101_opt_AdamW_lr_0.0001_id_207 - INFO - Config: {
  "id": 207,
  "model_name": "ResNet101",
  "optimizer": "AdamW",
  "learning_rate": 0.0001,
  "scheduler": {
    "name": "StepLR",
    "step_size": 10,
    "gamma": 0.1
  },
  "loss_fn": {
    "name": "LabelSmoothing",
    "smoothing": 0.1
  }
}
2025-05-01 07:12:47,975 - training.model_ResNet101_opt_AdamW_lr_0.0001_id_207 - INFO - Starting model evaluation
2025-05-01 07:12:59,578 - training.model_ResNet101_opt_AdamW_lr_0.0001_id_207 - INFO - Evaluation metrics:
  Accuracy:  0.9633
  Precision: 0.9308
  Recall:    0.9406
  F1 Score:  0.9357
  IoU:       0.8791
  mAP:       0.9611
  AUC:       0.9822
2025-05-01 07:12:59,580 - training.model_ResNet101_opt_AdamW_lr_0.0001_id_207 - INFO - Final results saved to model_results_v2/model_ResNet101_opt_AdamW_lr_0.0001_id_207/final_results.json
2025-05-01 07:12:59,581 - training.model_ResNet101_opt_AdamW_lr_0.0001_id_207 - INFO - Final results saved to model_results_v2/model_ResNet101_opt_AdamW_lr_0.0001_id_207/final_results.json
