2025-05-01 12:15:07,296 - training.model_DenseNet121_opt_SGD_lr_0.001_id_456 - INFO - Initialized training manager for model_DenseNet121_opt_SGD_lr_0.001_id_456
2025-05-01 12:15:07,296 - training.model_DenseNet121_opt_SGD_lr_0.001_id_456 - INFO - Config: {
  "id": 456,
  "model_name": "DenseNet121",
  "optimizer": "SGD",
  "learning_rate": 0.001,
  "scheduler": {
    "name": "CosineAnnealingWarmRestarts",
    "T_0": 10
  },
  "loss_fn": {
    "name": "LabelSmoothing",
    "smoothing": 0.1
  }
}
2025-05-01 12:15:08,094 - training.model_DenseNet121_opt_SGD_lr_0.001_id_456 - INFO - Starting model evaluation
2025-05-01 12:15:20,983 - training.model_DenseNet121_opt_SGD_lr_0.001_id_456 - INFO - Evaluation metrics:
  Accuracy:  0.9604
  Precision: 0.9128
  Recall:    0.9510
  F1 Score:  0.9315
  IoU:       0.8718
  mAP:       0.9818
  AUC:       0.9895
2025-05-01 12:15:20,985 - training.model_DenseNet121_opt_SGD_lr_0.001_id_456 - INFO - Final results saved to model_results_v2/model_DenseNet121_opt_SGD_lr_0.001_id_456/final_results.json
2025-05-01 12:15:20,986 - training.model_DenseNet121_opt_SGD_lr_0.001_id_456 - INFO - Final results saved to model_results_v2/model_DenseNet121_opt_SGD_lr_0.001_id_456/final_results.json
