2025-05-03 08:36:46,934 - training.model_MobileNetV3_opt_AdamW_lr_0.001_id_627 - INFO - Initialized training manager for model_MobileNetV3_opt_AdamW_lr_0.001_id_627
2025-05-03 08:36:46,934 - training.model_MobileNetV3_opt_AdamW_lr_0.001_id_627 - INFO - Config: {
  "id": 627,
  "model_name": "MobileNetV3",
  "optimizer": "AdamW",
  "learning_rate": 0.001,
  "scheduler": {
    "name": "StepLR",
    "step_size": 10,
    "gamma": 0.1
  },
  "loss_fn": {
    "name": "LabelSmoothing",
    "smoothing": 0.1
  }
}
2025-05-03 08:36:47,235 - training.model_MobileNetV3_opt_AdamW_lr_0.001_id_627 - INFO - Starting model evaluation
2025-05-03 08:36:56,253 - training.model_MobileNetV3_opt_AdamW_lr_0.001_id_627 - INFO - Evaluation metrics:
  Accuracy:  0.9306
  Precision: 0.8624
  Recall:    0.8986
  F1 Score:  0.8801
  IoU:       0.7859
  mAP:       0.8770
  AUC:       0.9573
2025-05-03 08:36:56,258 - training.model_MobileNetV3_opt_AdamW_lr_0.001_id_627 - INFO - Final results saved to model_results_v2/model_MobileNetV3_opt_AdamW_lr_0.001_id_627/final_results.json
2025-05-03 08:36:56,260 - training.model_MobileNetV3_opt_AdamW_lr_0.001_id_627 - INFO - Final results saved to model_results_v2/model_MobileNetV3_opt_AdamW_lr_0.001_id_627/final_results.json
