2025-05-03 08:01:15,871 - training.model_MobileNetV3_opt_Adam_lr_0.0001_id_610 - INFO - Initialized training manager for model_MobileNetV3_opt_Adam_lr_0.0001_id_610
2025-05-03 08:01:15,872 - training.model_MobileNetV3_opt_Adam_lr_0.0001_id_610 - INFO - Config: {
  "id": 610,
  "model_name": "MobileNetV3",
  "optimizer": "Adam",
  "learning_rate": 0.0001,
  "scheduler": {
    "name": "CosineAnnealingWarmRestarts",
    "T_0": 10
  },
  "loss_fn": {
    "name": "CrossEntropy"
  }
}
2025-05-03 08:01:16,314 - training.model_MobileNetV3_opt_Adam_lr_0.0001_id_610 - INFO - Starting model evaluation
2025-05-03 08:01:26,007 - training.model_MobileNetV3_opt_Adam_lr_0.0001_id_610 - INFO - Evaluation metrics:
  Accuracy:  0.9633
  Precision: 0.9220
  Recall:    0.9510
  F1 Score:  0.9363
  IoU:       0.8803
  mAP:       0.9794
  AUC:       0.9912
2025-05-03 08:01:26,009 - training.model_MobileNetV3_opt_Adam_lr_0.0001_id_610 - INFO - Final results saved to model_results_v2/model_MobileNetV3_opt_Adam_lr_0.0001_id_610/final_results.json
2025-05-03 08:01:26,010 - training.model_MobileNetV3_opt_Adam_lr_0.0001_id_610 - INFO - Final results saved to model_results_v2/model_MobileNetV3_opt_Adam_lr_0.0001_id_610/final_results.json
