2025-05-01 07:34:16,971 - training.model_EfficientNet-B2_opt_SGD_lr_0.01_id_219 - INFO - Initialized training manager for model_EfficientNet-B2_opt_SGD_lr_0.01_id_219
2025-05-01 07:34:16,971 - training.model_EfficientNet-B2_opt_SGD_lr_0.01_id_219 - INFO - Config: {
  "id": 219,
  "model_name": "EfficientNet-B2",
  "optimizer": "SGD",
  "learning_rate": 0.01,
  "scheduler": {
    "name": "StepLR",
    "step_size": 10,
    "gamma": 0.1
  },
  "loss_fn": {
    "name": "LabelSmoothing",
    "smoothing": 0.1
  }
}
2025-05-01 07:34:17,886 - training.model_EfficientNet-B2_opt_SGD_lr_0.01_id_219 - INFO - Starting model evaluation
2025-05-01 07:34:28,762 - training.model_EfficientNet-B2_opt_SGD_lr_0.01_id_219 - INFO - Evaluation metrics:
  Accuracy:  0.9683
  Precision: 0.9262
  Recall:    0.9650
  F1 Score:  0.9452
  IoU:       0.8961
  mAP:       0.9864
  AUC:       0.9910
2025-05-01 07:34:28,764 - training.model_EfficientNet-B2_opt_SGD_lr_0.01_id_219 - INFO - Final results saved to model_results_v2/model_EfficientNet-B2_opt_SGD_lr_0.01_id_219/final_results.json
2025-05-01 07:34:28,765 - training.model_EfficientNet-B2_opt_SGD_lr_0.01_id_219 - INFO - Final results saved to model_results_v2/model_EfficientNet-B2_opt_SGD_lr_0.01_id_219/final_results.json
