2025-05-01 03:23:11,137 - training.model_ResNet101_opt_SGD_lr_0.0001_id_141 - INFO - Initialized training manager for model_ResNet101_opt_SGD_lr_0.0001_id_141
2025-05-01 03:23:11,137 - training.model_ResNet101_opt_SGD_lr_0.0001_id_141 - INFO - Config: {
  "id": 141,
  "model_name": "ResNet101",
  "optimizer": "SGD",
  "learning_rate": 0.0001,
  "scheduler": {
    "name": "CosineAnnealingLR",
    "T_max": 10
  },
  "loss_fn": {
    "name": "LabelSmoothing",
    "smoothing": 0.1
  }
}
2025-05-01 03:23:11,489 - training.model_ResNet101_opt_SGD_lr_0.0001_id_141 - INFO - Starting model evaluation
2025-05-01 03:23:20,938 - training.model_ResNet101_opt_SGD_lr_0.0001_id_141 - INFO - Evaluation metrics:
  Accuracy:  0.9376
  Precision: 0.8704
  Recall:    0.9161
  F1 Score:  0.8927
  IoU:       0.8062
  mAP:       0.9649
  AUC:       0.9811
2025-05-01 03:23:20,940 - training.model_ResNet101_opt_SGD_lr_0.0001_id_141 - INFO - Final results saved to model_results_v2/model_ResNet101_opt_SGD_lr_0.0001_id_141/final_results.json
2025-05-01 03:23:20,941 - training.model_ResNet101_opt_SGD_lr_0.0001_id_141 - INFO - Final results saved to model_results_v2/model_ResNet101_opt_SGD_lr_0.0001_id_141/final_results.json
