2025-05-03 13:58:04,264 - training.model_ConvNeXt_opt_AdamW_lr_0.0001_id_752 - INFO - Initialized training manager for model_ConvNeXt_opt_AdamW_lr_0.0001_id_752
2025-05-03 13:58:04,264 - training.model_ConvNeXt_opt_AdamW_lr_0.0001_id_752 - INFO - Config: {
  "id": 752,
  "model_name": "ConvNeXt",
  "optimizer": "AdamW",
  "learning_rate": 0.0001,
  "scheduler": {
    "name": "CosineAnnealingLR",
    "T_max": 10
  },
  "loss_fn": {
    "name": "FocalLoss",
    "alpha": 0.25,
    "gamma": 2.0
  }
}
2025-05-03 13:58:05,490 - training.model_ConvNeXt_opt_AdamW_lr_0.0001_id_752 - INFO - Starting model evaluation
2025-05-03 13:58:17,678 - training.model_ConvNeXt_opt_AdamW_lr_0.0001_id_752 - INFO - Evaluation metrics:
  Accuracy:  0.9584
  Precision: 0.9040
  Recall:    0.9545
  F1 Score:  0.9286
  IoU:       0.8667
  mAP:       0.9782
  AUC:       0.9898
2025-05-03 13:58:17,680 - training.model_ConvNeXt_opt_AdamW_lr_0.0001_id_752 - INFO - Final results saved to model_results_v2/model_ConvNeXt_opt_AdamW_lr_0.0001_id_752/final_results.json
2025-05-03 13:58:17,683 - training.model_ConvNeXt_opt_AdamW_lr_0.0001_id_752 - INFO - Final results saved to model_results_v2/model_ConvNeXt_opt_AdamW_lr_0.0001_id_752/final_results.json
