2025-05-01 10:58:42,295 - training.model_ViT-B-16_opt_SGD_lr_0.01_id_334 - INFO - Initialized training manager for model_ViT-B-16_opt_SGD_lr_0.01_id_334
2025-05-01 10:58:42,295 - training.model_ViT-B-16_opt_SGD_lr_0.01_id_334 - INFO - Config: {
  "id": 334,
  "model_name": "ViT-B-16",
  "optimizer": "SGD",
  "learning_rate": 0.01,
  "scheduler": {
    "name": "CosineAnnealingWarmRestarts",
    "T_0": 10
  },
  "loss_fn": {
    "name": "CrossEntropy"
  }
}
2025-05-01 10:58:43,384 - training.model_ViT-B-16_opt_SGD_lr_0.01_id_334 - INFO - Starting model evaluation
2025-05-01 10:58:55,726 - training.model_ViT-B-16_opt_SGD_lr_0.01_id_334 - INFO - Evaluation metrics:
  Accuracy:  0.8870
  Precision: 0.8209
  Recall:    0.7692
  F1 Score:  0.7942
  IoU:       0.6587
  mAP:       0.8719
  AUC:       0.9294
2025-05-01 10:58:55,728 - training.model_ViT-B-16_opt_SGD_lr_0.01_id_334 - INFO - Final results saved to model_results_v2/model_ViT-B-16_opt_SGD_lr_0.01_id_334/final_results.json
2025-05-01 10:58:55,729 - training.model_ViT-B-16_opt_SGD_lr_0.01_id_334 - INFO - Final results saved to model_results_v2/model_ViT-B-16_opt_SGD_lr_0.01_id_334/final_results.json
