2025-05-01 00:57:53,610 - training.model_ResNet50_opt_Adam_lr_0.01_id_40 - INFO - Initialized training manager for model_ResNet50_opt_Adam_lr_0.01_id_40
2025-05-01 00:57:53,610 - training.model_ResNet50_opt_Adam_lr_0.01_id_40 - INFO - Config: {
  "id": 40,
  "model_name": "ResNet50",
  "optimizer": "Adam",
  "learning_rate": 0.01,
  "scheduler": {
    "name": "ReduceLROnPlateau",
    "patience": 5,
    "factor": 0.5
  },
  "loss_fn": {
    "name": "CrossEntropy"
  }
}
2025-05-01 00:57:53,871 - training.model_ResNet50_opt_Adam_lr_0.01_id_40 - INFO - Starting model evaluation
2025-05-01 00:58:02,433 - training.model_ResNet50_opt_Adam_lr_0.01_id_40 - INFO - Evaluation metrics:
  Accuracy:  0.7770
  Precision: 0.5757
  Recall:    0.8112
  F1 Score:  0.6734
  IoU:       0.5077
  mAP:       0.7158
  AUC:       0.8577
2025-05-01 00:58:02,435 - training.model_ResNet50_opt_Adam_lr_0.01_id_40 - INFO - Final results saved to model_results_v2/model_ResNet50_opt_Adam_lr_0.01_id_40/final_results.json
2025-05-01 00:58:02,436 - training.model_ResNet50_opt_Adam_lr_0.01_id_40 - INFO - Final results saved to model_results_v2/model_ResNet50_opt_Adam_lr_0.01_id_40/final_results.json
