2025-05-01 10:27:08,978 - training.model_EfficientNet-B2_opt_AdamW_lr_0.0001_id_319 - INFO - Initialized training manager for model_EfficientNet-B2_opt_AdamW_lr_0.0001_id_319
2025-05-01 10:27:08,978 - training.model_EfficientNet-B2_opt_AdamW_lr_0.0001_id_319 - INFO - Config: {
  "id": 319,
  "model_name": "EfficientNet-B2",
  "optimizer": "AdamW",
  "learning_rate": 0.0001,
  "scheduler": {
    "name": "CosineAnnealingLR",
    "T_max": 10
  },
  "loss_fn": {
    "name": "CrossEntropy"
  }
}
2025-05-01 10:27:10,103 - training.model_EfficientNet-B2_opt_AdamW_lr_0.0001_id_319 - INFO - Starting model evaluation
2025-05-01 10:27:21,163 - training.model_EfficientNet-B2_opt_AdamW_lr_0.0001_id_319 - INFO - Evaluation metrics:
  Accuracy:  0.9703
  Precision: 0.9324
  Recall:    0.9650
  F1 Score:  0.9485
  IoU:       0.9020
  mAP:       0.9812
  AUC:       0.9938
2025-05-01 10:27:21,166 - training.model_EfficientNet-B2_opt_AdamW_lr_0.0001_id_319 - INFO - Final results saved to model_results_v2/model_EfficientNet-B2_opt_AdamW_lr_0.0001_id_319/final_results.json
2025-05-01 10:27:21,168 - training.model_EfficientNet-B2_opt_AdamW_lr_0.0001_id_319 - INFO - Final results saved to model_results_v2/model_EfficientNet-B2_opt_AdamW_lr_0.0001_id_319/final_results.json
