2025-05-01 08:40:22,568 - training.model_EfficientNet-B2_opt_Adam_lr_0.001_id_265 - INFO - Initialized training manager for model_EfficientNet-B2_opt_Adam_lr_0.001_id_265
2025-05-01 08:40:22,568 - training.model_EfficientNet-B2_opt_Adam_lr_0.001_id_265 - INFO - Config: {
  "id": 265,
  "model_name": "EfficientNet-B2",
  "optimizer": "Adam",
  "learning_rate": 0.001,
  "scheduler": {
    "name": "StepLR",
    "step_size": 10,
    "gamma": 0.1
  },
  "loss_fn": {
    "name": "CrossEntropy"
  }
}
2025-05-01 08:59:15,751 - training.model_EfficientNet-B2_opt_Adam_lr_0.001_id_265 - INFO - Starting model evaluation
2025-05-01 08:59:26,906 - training.model_EfficientNet-B2_opt_Adam_lr_0.001_id_265 - INFO - Evaluation metrics:
  Accuracy:  0.9564
  Precision: 0.9007
  Recall:    0.9510
  F1 Score:  0.9252
  IoU:       0.8608
  mAP:       0.9659
  AUC:       0.9855
2025-05-01 08:59:26,907 - training.model_EfficientNet-B2_opt_Adam_lr_0.001_id_265 - INFO - Final results saved to model_results_v2/model_EfficientNet-B2_opt_Adam_lr_0.001_id_265/final_results.json
2025-05-01 08:59:26,909 - training.model_EfficientNet-B2_opt_Adam_lr_0.001_id_265 - INFO - Final results saved to model_results_v2/model_EfficientNet-B2_opt_Adam_lr_0.001_id_265/final_results.json
