2025-05-03 07:14:27,296 - training.model_MobileNetV3_opt_Adam_lr_0.01_id_578 - INFO - Initialized training manager for model_MobileNetV3_opt_Adam_lr_0.01_id_578
2025-05-03 07:14:27,296 - training.model_MobileNetV3_opt_Adam_lr_0.01_id_578 - INFO - Config: {
  "id": 578,
  "model_name": "MobileNetV3",
  "optimizer": "Adam",
  "learning_rate": 0.01,
  "scheduler": {
    "name": "StepLR",
    "step_size": 10,
    "gamma": 0.1
  },
  "loss_fn": {
    "name": "FocalLoss",
    "alpha": 0.25,
    "gamma": 2.0
  }
}
2025-05-03 07:23:26,694 - training.model_MobileNetV3_opt_Adam_lr_0.01_id_578 - INFO - Starting model evaluation
2025-05-03 07:23:35,703 - training.model_MobileNetV3_opt_Adam_lr_0.01_id_578 - INFO - Evaluation metrics:
  Accuracy:  0.8454
  Precision: 0.7754
  Recall:    0.6399
  F1 Score:  0.7011
  IoU:       0.5398
  mAP:       0.7964
  AUC:       0.8709
2025-05-03 07:23:35,704 - training.model_MobileNetV3_opt_Adam_lr_0.01_id_578 - INFO - Final results saved to model_results_v2/model_MobileNetV3_opt_Adam_lr_0.01_id_578/final_results.json
2025-05-03 07:23:35,706 - training.model_MobileNetV3_opt_Adam_lr_0.01_id_578 - INFO - Final results saved to model_results_v2/model_MobileNetV3_opt_Adam_lr_0.01_id_578/final_results.json
