2025-05-01 11:29:15,511 - training.model_ViT-B-16_opt_Adam_lr_0.0001_id_386 - INFO - Initialized training manager for model_ViT-B-16_opt_Adam_lr_0.0001_id_386
2025-05-01 11:29:15,511 - training.model_ViT-B-16_opt_Adam_lr_0.0001_id_386 - INFO - Config: {
  "id": 386,
  "model_name": "ViT-B-16",
  "optimizer": "Adam",
  "learning_rate": 0.0001,
  "scheduler": {
    "name": "StepLR",
    "step_size": 10,
    "gamma": 0.1
  },
  "loss_fn": {
    "name": "FocalLoss",
    "alpha": 0.25,
    "gamma": 2.0
  }
}
2025-05-03 02:42:54,173 - training.model_ViT-B-16_opt_Adam_lr_0.0001_id_386 - INFO - Initialized training manager for model_ViT-B-16_opt_Adam_lr_0.0001_id_386
2025-05-03 02:42:54,173 - training.model_ViT-B-16_opt_Adam_lr_0.0001_id_386 - INFO - Config: {
  "id": 386,
  "model_name": "ViT-B-16",
  "optimizer": "Adam",
  "learning_rate": 0.0001,
  "scheduler": {
    "name": "StepLR",
    "step_size": 10,
    "gamma": 0.1
  },
  "loss_fn": {
    "name": "FocalLoss",
    "alpha": 0.25,
    "gamma": 2.0
  }
}
2025-05-03 02:42:55,633 - training.model_ViT-B-16_opt_Adam_lr_0.0001_id_386 - INFO - Starting model evaluation
2025-05-03 02:44:00,147 - training.model_ViT-B-16_opt_Adam_lr_0.0001_id_386 - INFO - Evaluation metrics:
  Accuracy:  0.8335
  Precision: 0.8471
  Recall:    0.5035
  F1 Score:  0.6316
  IoU:       0.4615
  mAP:       0.7928
  AUC:       0.8958
2025-05-03 02:44:00,150 - training.model_ViT-B-16_opt_Adam_lr_0.0001_id_386 - INFO - Final results saved to model_results_v2/model_ViT-B-16_opt_Adam_lr_0.0001_id_386/final_results.json
2025-05-03 02:44:00,152 - training.model_ViT-B-16_opt_Adam_lr_0.0001_id_386 - INFO - Final results saved to model_results_v2/model_ViT-B-16_opt_Adam_lr_0.0001_id_386/final_results.json
