2025-05-03 04:46:19,601 - training.model_DenseNet121_opt_Adam_lr_0.001_id_488 - INFO - Initialized training manager for model_DenseNet121_opt_Adam_lr_0.001_id_488
2025-05-03 04:46:19,601 - training.model_DenseNet121_opt_Adam_lr_0.001_id_488 - INFO - Config: {
  "id": 488,
  "model_name": "DenseNet121",
  "optimizer": "Adam",
  "learning_rate": 0.001,
  "scheduler": {
    "name": "CosineAnnealingLR",
    "T_max": 10
  },
  "loss_fn": {
    "name": "FocalLoss",
    "alpha": 0.25,
    "gamma": 2.0
  }
}
2025-05-03 04:46:20,060 - training.model_DenseNet121_opt_Adam_lr_0.001_id_488 - INFO - Starting model evaluation
2025-05-03 04:46:31,707 - training.model_DenseNet121_opt_Adam_lr_0.001_id_488 - INFO - Evaluation metrics:
  Accuracy:  0.9534
  Precision: 0.9223
  Recall:    0.9126
  F1 Score:  0.9174
  IoU:       0.8474
  mAP:       0.9647
  AUC:       0.9823
2025-05-03 04:46:31,708 - training.model_DenseNet121_opt_Adam_lr_0.001_id_488 - INFO - Final results saved to model_results_v2/model_DenseNet121_opt_Adam_lr_0.001_id_488/final_results.json
2025-05-03 04:46:31,710 - training.model_DenseNet121_opt_Adam_lr_0.001_id_488 - INFO - Final results saved to model_results_v2/model_DenseNet121_opt_Adam_lr_0.001_id_488/final_results.json
