2025-05-01 08:39:45,711 - training.model_EfficientNet-B2_opt_Adam_lr_0.01_id_262 - INFO - Initialized training manager for model_EfficientNet-B2_opt_Adam_lr_0.01_id_262
2025-05-01 08:39:45,711 - training.model_EfficientNet-B2_opt_Adam_lr_0.01_id_262 - INFO - Config: {
  "id": 262,
  "model_name": "EfficientNet-B2",
  "optimizer": "Adam",
  "learning_rate": 0.01,
  "scheduler": {
    "name": "CosineAnnealingWarmRestarts",
    "T_0": 10
  },
  "loss_fn": {
    "name": "CrossEntropy"
  }
}
2025-05-01 08:39:47,056 - training.model_EfficientNet-B2_opt_Adam_lr_0.01_id_262 - INFO - Starting model evaluation
2025-05-01 08:39:58,103 - training.model_EfficientNet-B2_opt_Adam_lr_0.01_id_262 - INFO - Evaluation metrics:
  Accuracy:  0.8276
  Precision: 0.6677
  Recall:    0.7797
  F1 Score:  0.7194
  IoU:       0.5617
  mAP:       0.8243
  AUC:       0.8963
2025-05-01 08:39:58,105 - training.model_EfficientNet-B2_opt_Adam_lr_0.01_id_262 - INFO - Final results saved to model_results_v2/model_EfficientNet-B2_opt_Adam_lr_0.01_id_262/final_results.json
2025-05-01 08:39:58,108 - training.model_EfficientNet-B2_opt_Adam_lr_0.01_id_262 - INFO - Final results saved to model_results_v2/model_EfficientNet-B2_opt_Adam_lr_0.01_id_262/final_results.json
