2025-05-01 11:29:20,707 - training.model_ViT-B-16_opt_Adam_lr_0.0001_id_390 - INFO - Initialized training manager for model_ViT-B-16_opt_Adam_lr_0.0001_id_390
2025-05-01 11:29:20,707 - training.model_ViT-B-16_opt_Adam_lr_0.0001_id_390 - INFO - Config: {
  "id": 390,
  "model_name": "ViT-B-16",
  "optimizer": "Adam",
  "learning_rate": 0.0001,
  "scheduler": {
    "name": "ReduceLROnPlateau",
    "patience": 5,
    "factor": 0.5
  },
  "loss_fn": {
    "name": "LabelSmoothing",
    "smoothing": 0.1
  }
}
2025-05-03 02:47:18,852 - training.model_ViT-B-16_opt_Adam_lr_0.0001_id_390 - INFO - Initialized training manager for model_ViT-B-16_opt_Adam_lr_0.0001_id_390
2025-05-03 02:47:18,852 - training.model_ViT-B-16_opt_Adam_lr_0.0001_id_390 - INFO - Config: {
  "id": 390,
  "model_name": "ViT-B-16",
  "optimizer": "Adam",
  "learning_rate": 0.0001,
  "scheduler": {
    "name": "ReduceLROnPlateau",
    "patience": 5,
    "factor": 0.5
  },
  "loss_fn": {
    "name": "LabelSmoothing",
    "smoothing": 0.1
  }
}
2025-05-03 02:47:19,889 - training.model_ViT-B-16_opt_Adam_lr_0.0001_id_390 - INFO - Starting model evaluation
2025-05-03 02:48:25,318 - training.model_ViT-B-16_opt_Adam_lr_0.0001_id_390 - INFO - Evaluation metrics:
  Accuracy:  0.8305
  Precision: 0.8571
  Recall:    0.4825
  F1 Score:  0.6174
  IoU:       0.4466
  mAP:       0.7964
  AUC:       0.8940
2025-05-03 02:48:25,320 - training.model_ViT-B-16_opt_Adam_lr_0.0001_id_390 - INFO - Final results saved to model_results_v2/model_ViT-B-16_opt_Adam_lr_0.0001_id_390/final_results.json
2025-05-03 02:48:25,322 - training.model_ViT-B-16_opt_Adam_lr_0.0001_id_390 - INFO - Final results saved to model_results_v2/model_ViT-B-16_opt_Adam_lr_0.0001_id_390/final_results.json
