2025-05-01 07:34:05,212 - training.model_EfficientNet-B2_opt_SGD_lr_0.01_id_218 - INFO - Initialized training manager for model_EfficientNet-B2_opt_SGD_lr_0.01_id_218
2025-05-01 07:34:05,212 - training.model_EfficientNet-B2_opt_SGD_lr_0.01_id_218 - INFO - Config: {
  "id": 218,
  "model_name": "EfficientNet-B2",
  "optimizer": "SGD",
  "learning_rate": 0.01,
  "scheduler": {
    "name": "StepLR",
    "step_size": 10,
    "gamma": 0.1
  },
  "loss_fn": {
    "name": "FocalLoss",
    "alpha": 0.25,
    "gamma": 2.0
  }
}
2025-05-01 07:34:06,017 - training.model_EfficientNet-B2_opt_SGD_lr_0.01_id_218 - INFO - Starting model evaluation
2025-05-01 07:34:16,967 - training.model_EfficientNet-B2_opt_SGD_lr_0.01_id_218 - INFO - Evaluation metrics:
  Accuracy:  0.9703
  Precision: 0.9324
  Recall:    0.9650
  F1 Score:  0.9485
  IoU:       0.9020
  mAP:       0.9892
  AUC:       0.9921
2025-05-01 07:34:16,969 - training.model_EfficientNet-B2_opt_SGD_lr_0.01_id_218 - INFO - Final results saved to model_results_v2/model_EfficientNet-B2_opt_SGD_lr_0.01_id_218/final_results.json
2025-05-01 07:34:16,971 - training.model_EfficientNet-B2_opt_SGD_lr_0.01_id_218 - INFO - Final results saved to model_results_v2/model_EfficientNet-B2_opt_SGD_lr_0.01_id_218/final_results.json
