2025-05-01 06:49:46,530 - training.model_ResNet101_opt_AdamW_lr_0.0001_id_205 - INFO - Initialized training manager for model_ResNet101_opt_AdamW_lr_0.0001_id_205
2025-05-01 06:49:46,530 - training.model_ResNet101_opt_AdamW_lr_0.0001_id_205 - INFO - Config: {
  "id": 205,
  "model_name": "ResNet101",
  "optimizer": "AdamW",
  "learning_rate": 0.0001,
  "scheduler": {
    "name": "StepLR",
    "step_size": 10,
    "gamma": 0.1
  },
  "loss_fn": {
    "name": "CrossEntropy"
  }
}
2025-05-01 07:12:20,432 - training.model_ResNet101_opt_AdamW_lr_0.0001_id_205 - INFO - Starting model evaluation
2025-05-01 07:12:32,134 - training.model_ResNet101_opt_AdamW_lr_0.0001_id_205 - INFO - Evaluation metrics:
  Accuracy:  0.9613
  Precision: 0.9303
  Recall:    0.9336
  F1 Score:  0.9319
  IoU:       0.8725
  mAP:       0.9687
  AUC:       0.9853
2025-05-01 07:12:32,136 - training.model_ResNet101_opt_AdamW_lr_0.0001_id_205 - INFO - Final results saved to model_results_v2/model_ResNet101_opt_AdamW_lr_0.0001_id_205/final_results.json
2025-05-01 07:12:32,137 - training.model_ResNet101_opt_AdamW_lr_0.0001_id_205 - INFO - Final results saved to model_results_v2/model_ResNet101_opt_AdamW_lr_0.0001_id_205/final_results.json
