2025-05-03 06:28:51,069 - training.model_MobileNetV3_opt_SGD_lr_0.01_id_547 - INFO - Initialized training manager for model_MobileNetV3_opt_SGD_lr_0.01_id_547
2025-05-03 06:28:51,069 - training.model_MobileNetV3_opt_SGD_lr_0.01_id_547 - INFO - Config: {
  "id": 547,
  "model_name": "MobileNetV3",
  "optimizer": "SGD",
  "learning_rate": 0.01,
  "scheduler": {
    "name": "CosineAnnealingLR",
    "T_max": 10
  },
  "loss_fn": {
    "name": "CrossEntropy"
  }
}
2025-05-03 06:28:51,451 - training.model_MobileNetV3_opt_SGD_lr_0.01_id_547 - INFO - Starting model evaluation
2025-05-03 06:29:00,217 - training.model_MobileNetV3_opt_SGD_lr_0.01_id_547 - INFO - Evaluation metrics:
  Accuracy:  0.9663
  Precision: 0.9406
  Recall:    0.9406
  F1 Score:  0.9406
  IoU:       0.8878
  mAP:       0.9813
  AUC:       0.9925
2025-05-03 06:29:00,218 - training.model_MobileNetV3_opt_SGD_lr_0.01_id_547 - INFO - Final results saved to model_results_v2/model_MobileNetV3_opt_SGD_lr_0.01_id_547/final_results.json
2025-05-03 06:29:00,220 - training.model_MobileNetV3_opt_SGD_lr_0.01_id_547 - INFO - Final results saved to model_results_v2/model_MobileNetV3_opt_SGD_lr_0.01_id_547/final_results.json
