2025-05-01 08:59:26,909 - training.model_EfficientNet-B2_opt_Adam_lr_0.001_id_266 - INFO - Initialized training manager for model_EfficientNet-B2_opt_Adam_lr_0.001_id_266
2025-05-01 08:59:26,909 - training.model_EfficientNet-B2_opt_Adam_lr_0.001_id_266 - INFO - Config: {
  "id": 266,
  "model_name": "EfficientNet-B2",
  "optimizer": "Adam",
  "learning_rate": 0.001,
  "scheduler": {
    "name": "StepLR",
    "step_size": 10,
    "gamma": 0.1
  },
  "loss_fn": {
    "name": "FocalLoss",
    "alpha": 0.25,
    "gamma": 2.0
  }
}
2025-05-01 08:59:28,132 - training.model_EfficientNet-B2_opt_Adam_lr_0.001_id_266 - INFO - Starting model evaluation
2025-05-01 08:59:39,107 - training.model_EfficientNet-B2_opt_Adam_lr_0.001_id_266 - INFO - Evaluation metrics:
  Accuracy:  0.9574
  Precision: 0.9037
  Recall:    0.9510
  F1 Score:  0.9267
  IoU:       0.8635
  mAP:       0.9706
  AUC:       0.9890
2025-05-01 08:59:39,108 - training.model_EfficientNet-B2_opt_Adam_lr_0.001_id_266 - INFO - Final results saved to model_results_v2/model_EfficientNet-B2_opt_Adam_lr_0.001_id_266/final_results.json
2025-05-01 08:59:39,110 - training.model_EfficientNet-B2_opt_Adam_lr_0.001_id_266 - INFO - Final results saved to model_results_v2/model_EfficientNet-B2_opt_Adam_lr_0.001_id_266/final_results.json
