2025-05-01 00:01:35,790 - training.model_ResNet50_opt_SGD_lr_0.01_id_6 - INFO - Initialized training manager for model_ResNet50_opt_SGD_lr_0.01_id_6
2025-05-01 00:01:35,790 - training.model_ResNet50_opt_SGD_lr_0.01_id_6 - INFO - Config: {
  "id": 6,
  "model_name": "ResNet50",
  "optimizer": "SGD",
  "learning_rate": 0.01,
  "scheduler": {
    "name": "ReduceLROnPlateau",
    "patience": 5,
    "factor": 0.5
  },
  "loss_fn": {
    "name": "LabelSmoothing",
    "smoothing": 0.1
  }
}
2025-05-01 00:01:36,025 - training.model_ResNet50_opt_SGD_lr_0.01_id_6 - INFO - Starting model evaluation
2025-05-01 00:01:44,932 - training.model_ResNet50_opt_SGD_lr_0.01_id_6 - INFO - Evaluation metrics:
  Accuracy:  0.9732
  Precision: 0.9450
  Recall:    0.9615
  F1 Score:  0.9532
  IoU:       0.9106
  mAP:       0.9892
  AUC:       0.9938
2025-05-01 00:01:44,934 - training.model_ResNet50_opt_SGD_lr_0.01_id_6 - INFO - Final results saved to model_results_v2/model_ResNet50_opt_SGD_lr_0.01_id_6/final_results.json
2025-05-01 00:01:44,936 - training.model_ResNet50_opt_SGD_lr_0.01_id_6 - INFO - Final results saved to model_results_v2/model_ResNet50_opt_SGD_lr_0.01_id_6/final_results.json
