2025-05-01 11:29:37,217 - training.model_ViT-B-16_opt_AdamW_lr_0.01_id_403 - INFO - Initialized training manager for model_ViT-B-16_opt_AdamW_lr_0.01_id_403
2025-05-01 11:29:37,217 - training.model_ViT-B-16_opt_AdamW_lr_0.01_id_403 - INFO - Config: {
  "id": 403,
  "model_name": "ViT-B-16",
  "optimizer": "AdamW",
  "learning_rate": 0.01,
  "scheduler": {
    "name": "CosineAnnealingLR",
    "T_max": 10
  },
  "loss_fn": {
    "name": "CrossEntropy"
  }
}
2025-05-03 03:20:21,615 - training.model_ViT-B-16_opt_AdamW_lr_0.01_id_403 - INFO - Initialized training manager for model_ViT-B-16_opt_AdamW_lr_0.01_id_403
2025-05-03 03:20:21,615 - training.model_ViT-B-16_opt_AdamW_lr_0.01_id_403 - INFO - Config: {
  "id": 403,
  "model_name": "ViT-B-16",
  "optimizer": "AdamW",
  "learning_rate": 0.01,
  "scheduler": {
    "name": "CosineAnnealingLR",
    "T_max": 10
  },
  "loss_fn": {
    "name": "CrossEntropy"
  }
}
2025-05-03 03:20:22,408 - training.model_ViT-B-16_opt_AdamW_lr_0.01_id_403 - INFO - Starting model evaluation
2025-05-03 03:20:33,006 - training.model_ViT-B-16_opt_AdamW_lr_0.01_id_403 - INFO - Evaluation metrics:
  Accuracy:  0.2834
  Precision: 0.2834
  Recall:    1.0000
  F1 Score:  0.4417
  IoU:       0.2834
  mAP:       0.2834
  AUC:       0.5000
2025-05-03 03:20:33,007 - training.model_ViT-B-16_opt_AdamW_lr_0.01_id_403 - INFO - Final results saved to model_results_v2/model_ViT-B-16_opt_AdamW_lr_0.01_id_403/final_results.json
2025-05-03 03:20:33,008 - training.model_ViT-B-16_opt_AdamW_lr_0.01_id_403 - INFO - Final results saved to model_results_v2/model_ViT-B-16_opt_AdamW_lr_0.01_id_403/final_results.json
