2025-05-03 07:43:25,750 - training.model_MobileNetV3_opt_Adam_lr_0.0001 - INFO - Initialized training manager for model_MobileNetV3_opt_Adam_lr_0.0001
2025-05-03 07:43:25,750 - training.model_MobileNetV3_opt_Adam_lr_0.0001 - INFO - Config: {
  "id": 601,
  "model_name": "MobileNetV3",
  "optimizer": "Adam",
  "learning_rate": 0.0001,
  "scheduler": {
    "name": "StepLR",
    "step_size": 10,
    "gamma": 0.1
  },
  "loss_fn": {
    "name": "CrossEntropy"
  }
}
2025-05-03 07:43:25,750 - training.model_MobileNetV3_opt_Adam_lr_0.0001 - INFO - No checkpoint found, starting fresh training
2025-05-03 07:43:25,751 - training.model_MobileNetV3_opt_Adam_lr_0.0001 - INFO - Starting epoch 1/20
2025-05-03 07:43:45,747 - training.model_MobileNetV3_opt_Adam_lr_0.0001 - INFO - Checkpoint saved at epoch 0
2025-05-03 07:44:14,825 - training.model_MobileNetV3_opt_Adam_lr_0.0001 - INFO - Validation accuracy improved from 0.0000 to 0.9297
2025-05-03 07:44:14,846 - training.model_MobileNetV3_opt_Adam_lr_0.0001 - INFO - Epoch 1 completed in 49.10s - Train Loss: 0.4572, Train Acc: 0.8561, Val Loss: 0.3809, Val Acc: 0.9297
2025-05-03 07:44:14,902 - training.model_MobileNetV3_opt_Adam_lr_0.0001 - INFO - Checkpoint saved at epoch 0
2025-05-03 07:44:14,902 - training.model_MobileNetV3_opt_Adam_lr_0.0001 - INFO - Starting epoch 2/20
2025-05-03 07:44:35,094 - training.model_MobileNetV3_opt_Adam_lr_0.0001 - INFO - Checkpoint saved at epoch 1
2025-05-03 07:45:03,499 - training.model_MobileNetV3_opt_Adam_lr_0.0001 - INFO - Validation accuracy improved from 0.9297 to 0.9666
2025-05-03 07:45:03,521 - training.model_MobileNetV3_opt_Adam_lr_0.0001 - INFO - Epoch 2 completed in 48.62s - Train Loss: 0.3516, Train Acc: 0.9640, Val Loss: 0.3448, Val Acc: 0.9666
2025-05-03 07:45:03,576 - training.model_MobileNetV3_opt_Adam_lr_0.0001 - INFO - Checkpoint saved at epoch 1
2025-05-03 07:45:03,576 - training.model_MobileNetV3_opt_Adam_lr_0.0001 - INFO - Starting epoch 3/20
2025-05-03 07:45:24,303 - training.model_MobileNetV3_opt_Adam_lr_0.0001 - INFO - Checkpoint saved at epoch 2
2025-05-03 07:45:52,900 - training.model_MobileNetV3_opt_Adam_lr_0.0001 - INFO - Validation accuracy improved from 0.9666 to 0.9674
2025-05-03 07:45:52,922 - training.model_MobileNetV3_opt_Adam_lr_0.0001 - INFO - Epoch 3 completed in 49.35s - Train Loss: 0.3383, Train Acc: 0.9764, Val Loss: 0.3478, Val Acc: 0.9674
2025-05-03 07:45:52,980 - training.model_MobileNetV3_opt_Adam_lr_0.0001 - INFO - Checkpoint saved at epoch 2
2025-05-03 07:45:52,980 - training.model_MobileNetV3_opt_Adam_lr_0.0001 - INFO - Starting epoch 4/20
2025-05-03 07:46:12,311 - training.model_MobileNetV3_opt_Adam_lr_0.0001 - INFO - Checkpoint saved at epoch 3
2025-05-03 07:46:41,857 - training.model_MobileNetV3_opt_Adam_lr_0.0001 - INFO - Validation accuracy improved from 0.9674 to 0.9708
2025-05-03 07:46:41,881 - training.model_MobileNetV3_opt_Adam_lr_0.0001 - INFO - Epoch 4 completed in 48.90s - Train Loss: 0.3378, Train Acc: 0.9762, Val Loss: 0.3414, Val Acc: 0.9708
2025-05-03 07:46:41,942 - training.model_MobileNetV3_opt_Adam_lr_0.0001 - INFO - Checkpoint saved at epoch 3
2025-05-03 07:46:41,943 - training.model_MobileNetV3_opt_Adam_lr_0.0001 - INFO - Starting epoch 5/20
2025-05-03 07:47:01,704 - training.model_MobileNetV3_opt_Adam_lr_0.0001 - INFO - Checkpoint saved at epoch 4
2025-05-03 07:47:30,445 - training.model_MobileNetV3_opt_Adam_lr_0.0001 - INFO - Validation accuracy improved from 0.9708 to 0.9743
2025-05-03 07:47:30,467 - training.model_MobileNetV3_opt_Adam_lr_0.0001 - INFO - Epoch 5 completed in 48.52s - Train Loss: 0.3304, Train Acc: 0.9835, Val Loss: 0.3397, Val Acc: 0.9743
2025-05-03 07:47:30,521 - training.model_MobileNetV3_opt_Adam_lr_0.0001 - INFO - Checkpoint saved at epoch 4
2025-05-03 07:47:30,521 - training.model_MobileNetV3_opt_Adam_lr_0.0001 - INFO - Starting epoch 6/20
2025-05-03 07:47:50,168 - training.model_MobileNetV3_opt_Adam_lr_0.0001 - INFO - Checkpoint saved at epoch 5
2025-05-03 07:48:19,801 - training.model_MobileNetV3_opt_Adam_lr_0.0001 - INFO - Validation accuracy improved from 0.9743 to 0.9760
2025-05-03 07:48:19,824 - training.model_MobileNetV3_opt_Adam_lr_0.0001 - INFO - Epoch 6 completed in 49.30s - Train Loss: 0.3310, Train Acc: 0.9811, Val Loss: 0.3385, Val Acc: 0.9760
2025-05-03 07:48:19,880 - training.model_MobileNetV3_opt_Adam_lr_0.0001 - INFO - Checkpoint saved at epoch 5
2025-05-03 07:48:19,880 - training.model_MobileNetV3_opt_Adam_lr_0.0001 - INFO - Starting epoch 7/20
2025-05-03 07:48:38,799 - training.model_MobileNetV3_opt_Adam_lr_0.0001 - INFO - Checkpoint saved at epoch 6
2025-05-03 07:49:07,569 - training.model_MobileNetV3_opt_Adam_lr_0.0001 - INFO - Validation accuracy improved from 0.9760 to 0.9768
2025-05-03 07:49:07,591 - training.model_MobileNetV3_opt_Adam_lr_0.0001 - INFO - Epoch 7 completed in 47.71s - Train Loss: 0.3283, Train Acc: 0.9850, Val Loss: 0.3361, Val Acc: 0.9768
2025-05-03 07:49:07,654 - training.model_MobileNetV3_opt_Adam_lr_0.0001 - INFO - Checkpoint saved at epoch 6
2025-05-03 07:49:07,654 - training.model_MobileNetV3_opt_Adam_lr_0.0001 - INFO - Starting epoch 8/20
2025-05-03 07:49:27,500 - training.model_MobileNetV3_opt_Adam_lr_0.0001 - INFO - Checkpoint saved at epoch 7
2025-05-03 07:49:56,369 - training.model_MobileNetV3_opt_Adam_lr_0.0001 - INFO - Validation accuracy improved from 0.9768 to 0.9786
2025-05-03 07:49:56,392 - training.model_MobileNetV3_opt_Adam_lr_0.0001 - INFO - Epoch 8 completed in 48.74s - Train Loss: 0.3255, Train Acc: 0.9880, Val Loss: 0.3322, Val Acc: 0.9786
2025-05-03 07:49:56,454 - training.model_MobileNetV3_opt_Adam_lr_0.0001 - INFO - Checkpoint saved at epoch 7
2025-05-03 07:49:56,455 - training.model_MobileNetV3_opt_Adam_lr_0.0001 - INFO - Starting epoch 9/20
2025-05-03 07:50:16,550 - training.model_MobileNetV3_opt_Adam_lr_0.0001 - INFO - Checkpoint saved at epoch 8
2025-05-03 07:50:45,925 - training.model_MobileNetV3_opt_Adam_lr_0.0001 - INFO - Validation accuracy improved from 0.9786 to 0.9794
2025-05-03 07:50:45,949 - training.model_MobileNetV3_opt_Adam_lr_0.0001 - INFO - Epoch 9 completed in 49.49s - Train Loss: 0.3223, Train Acc: 0.9912, Val Loss: 0.3319, Val Acc: 0.9794
2025-05-03 07:50:46,008 - training.model_MobileNetV3_opt_Adam_lr_0.0001 - INFO - Checkpoint saved at epoch 8
2025-05-03 07:50:46,009 - training.model_MobileNetV3_opt_Adam_lr_0.0001 - INFO - Starting epoch 10/20
2025-05-03 07:51:05,404 - training.model_MobileNetV3_opt_Adam_lr_0.0001 - INFO - Checkpoint saved at epoch 9
2025-05-03 07:51:33,518 - training.model_MobileNetV3_opt_Adam_lr_0.0001 - INFO - Validation loss improved from inf to 0.3327
2025-05-03 07:51:33,542 - training.model_MobileNetV3_opt_Adam_lr_0.0001 - INFO - Epoch 10 completed in 47.53s - Train Loss: 0.3231, Train Acc: 0.9899, Val Loss: 0.3327, Val Acc: 0.9786
2025-05-03 07:51:33,599 - training.model_MobileNetV3_opt_Adam_lr_0.0001 - INFO - Checkpoint saved at epoch 9
2025-05-03 07:51:33,599 - training.model_MobileNetV3_opt_Adam_lr_0.0001 - INFO - Starting epoch 11/20
2025-05-03 07:51:55,255 - training.model_MobileNetV3_opt_Adam_lr_0.0001 - INFO - Checkpoint saved at epoch 10
2025-05-03 07:52:25,031 - training.model_MobileNetV3_opt_Adam_lr_0.0001 - INFO - Epoch 11 completed in 51.43s - Train Loss: 0.3202, Train Acc: 0.9934, Val Loss: 0.3342, Val Acc: 0.9794
2025-05-03 07:52:25,086 - training.model_MobileNetV3_opt_Adam_lr_0.0001 - INFO - Checkpoint saved at epoch 10
2025-05-03 07:52:25,087 - training.model_MobileNetV3_opt_Adam_lr_0.0001 - INFO - Starting epoch 12/20
2025-05-03 07:52:46,240 - training.model_MobileNetV3_opt_Adam_lr_0.0001 - INFO - Checkpoint saved at epoch 11
2025-05-03 07:53:14,135 - training.model_MobileNetV3_opt_Adam_lr_0.0001 - INFO - Validation accuracy improved from 0.9794 to 0.9811
2025-05-03 07:53:14,159 - training.model_MobileNetV3_opt_Adam_lr_0.0001 - INFO - Epoch 12 completed in 49.07s - Train Loss: 0.3189, Train Acc: 0.9942, Val Loss: 0.3316, Val Acc: 0.9811
2025-05-03 07:53:14,224 - training.model_MobileNetV3_opt_Adam_lr_0.0001 - INFO - Checkpoint saved at epoch 11
2025-05-03 07:53:14,224 - training.model_MobileNetV3_opt_Adam_lr_0.0001 - INFO - Starting epoch 13/20
2025-05-03 07:53:34,723 - training.model_MobileNetV3_opt_Adam_lr_0.0001 - INFO - Checkpoint saved at epoch 12
2025-05-03 07:54:03,691 - training.model_MobileNetV3_opt_Adam_lr_0.0001 - INFO - Validation accuracy improved from 0.9811 to 0.9820
2025-05-03 07:54:03,714 - training.model_MobileNetV3_opt_Adam_lr_0.0001 - INFO - Epoch 13 completed in 49.49s - Train Loss: 0.3173, Train Acc: 0.9955, Val Loss: 0.3308, Val Acc: 0.9820
2025-05-03 07:54:03,775 - training.model_MobileNetV3_opt_Adam_lr_0.0001 - INFO - Checkpoint saved at epoch 12
2025-05-03 07:54:03,775 - training.model_MobileNetV3_opt_Adam_lr_0.0001 - INFO - Starting epoch 14/20
2025-05-03 07:54:24,718 - training.model_MobileNetV3_opt_Adam_lr_0.0001 - INFO - Checkpoint saved at epoch 13
2025-05-03 07:54:53,691 - training.model_MobileNetV3_opt_Adam_lr_0.0001 - INFO - Validation loss improved from 0.3327 to 0.3323
2025-05-03 07:54:53,714 - training.model_MobileNetV3_opt_Adam_lr_0.0001 - INFO - Epoch 14 completed in 49.94s - Train Loss: 0.3164, Train Acc: 0.9970, Val Loss: 0.3323, Val Acc: 0.9786
2025-05-03 07:54:53,773 - training.model_MobileNetV3_opt_Adam_lr_0.0001 - INFO - Checkpoint saved at epoch 13
2025-05-03 07:54:53,773 - training.model_MobileNetV3_opt_Adam_lr_0.0001 - INFO - Starting epoch 15/20
2025-05-03 07:55:13,620 - training.model_MobileNetV3_opt_Adam_lr_0.0001 - INFO - Checkpoint saved at epoch 14
2025-05-03 07:55:43,678 - training.model_MobileNetV3_opt_Adam_lr_0.0001 - INFO - Validation loss improved from 0.3323 to 0.3320
2025-05-03 07:55:43,702 - training.model_MobileNetV3_opt_Adam_lr_0.0001 - INFO - Epoch 15 completed in 49.93s - Train Loss: 0.3172, Train Acc: 0.9964, Val Loss: 0.3320, Val Acc: 0.9811
2025-05-03 07:55:43,755 - training.model_MobileNetV3_opt_Adam_lr_0.0001 - INFO - Checkpoint saved at epoch 14
2025-05-03 07:55:43,756 - training.model_MobileNetV3_opt_Adam_lr_0.0001 - INFO - Starting epoch 16/20
2025-05-03 07:56:04,000 - training.model_MobileNetV3_opt_Adam_lr_0.0001 - INFO - Checkpoint saved at epoch 15
2025-05-03 07:56:32,596 - training.model_MobileNetV3_opt_Adam_lr_0.0001 - INFO - Validation loss improved from 0.3320 to 0.3304
2025-05-03 07:56:32,619 - training.model_MobileNetV3_opt_Adam_lr_0.0001 - INFO - Epoch 16 completed in 48.86s - Train Loss: 0.3154, Train Acc: 0.9981, Val Loss: 0.3304, Val Acc: 0.9820
2025-05-03 07:56:32,677 - training.model_MobileNetV3_opt_Adam_lr_0.0001 - INFO - Checkpoint saved at epoch 15
2025-05-03 07:56:32,678 - training.model_MobileNetV3_opt_Adam_lr_0.0001 - INFO - Starting epoch 17/20
2025-05-03 07:56:52,229 - training.model_MobileNetV3_opt_Adam_lr_0.0001 - INFO - Checkpoint saved at epoch 16
2025-05-03 07:57:21,617 - training.model_MobileNetV3_opt_Adam_lr_0.0001 - INFO - Epoch 17 completed in 48.94s - Train Loss: 0.3152, Train Acc: 0.9983, Val Loss: 0.3309, Val Acc: 0.9811
2025-05-03 07:57:21,687 - training.model_MobileNetV3_opt_Adam_lr_0.0001 - INFO - Checkpoint saved at epoch 16
2025-05-03 07:57:21,687 - training.model_MobileNetV3_opt_Adam_lr_0.0001 - INFO - Starting epoch 18/20
2025-05-03 07:57:41,996 - training.model_MobileNetV3_opt_Adam_lr_0.0001 - INFO - Checkpoint saved at epoch 17
2025-05-03 07:58:11,597 - training.model_MobileNetV3_opt_Adam_lr_0.0001 - INFO - Validation accuracy improved from 0.9820 to 0.9828
2025-05-03 07:58:11,620 - training.model_MobileNetV3_opt_Adam_lr_0.0001 - INFO - Epoch 18 completed in 49.93s - Train Loss: 0.3152, Train Acc: 0.9983, Val Loss: 0.3305, Val Acc: 0.9828
2025-05-03 07:58:11,676 - training.model_MobileNetV3_opt_Adam_lr_0.0001 - INFO - Checkpoint saved at epoch 17
2025-05-03 07:58:11,676 - training.model_MobileNetV3_opt_Adam_lr_0.0001 - INFO - Starting epoch 19/20
2025-05-03 07:58:31,637 - training.model_MobileNetV3_opt_Adam_lr_0.0001 - INFO - Checkpoint saved at epoch 18
2025-05-03 07:59:00,257 - training.model_MobileNetV3_opt_Adam_lr_0.0001 - INFO - Validation accuracy improved from 0.9828 to 0.9846
2025-05-03 07:59:00,279 - training.model_MobileNetV3_opt_Adam_lr_0.0001 - INFO - Epoch 19 completed in 48.60s - Train Loss: 0.3147, Train Acc: 0.9989, Val Loss: 0.3284, Val Acc: 0.9846
2025-05-03 07:59:00,337 - training.model_MobileNetV3_opt_Adam_lr_0.0001 - INFO - Checkpoint saved at epoch 18
2025-05-03 07:59:00,337 - training.model_MobileNetV3_opt_Adam_lr_0.0001 - INFO - Starting epoch 20/20
2025-05-03 07:59:21,010 - training.model_MobileNetV3_opt_Adam_lr_0.0001 - INFO - Checkpoint saved at epoch 19
2025-05-03 07:59:49,048 - training.model_MobileNetV3_opt_Adam_lr_0.0001 - INFO - Validation loss improved from 0.3304 to 0.3289
2025-05-03 07:59:49,071 - training.model_MobileNetV3_opt_Adam_lr_0.0001 - INFO - Epoch 20 completed in 48.73s - Train Loss: 0.3165, Train Acc: 0.9981, Val Loss: 0.3289, Val Acc: 0.9846
2025-05-03 07:59:49,127 - training.model_MobileNetV3_opt_Adam_lr_0.0001 - INFO - Checkpoint saved at epoch 19
2025-05-03 07:59:49,128 - training.model_MobileNetV3_opt_Adam_lr_0.0001 - INFO - Training completed after 983.32 seconds
2025-05-03 07:59:58,848 - training.model_MobileNetV3_opt_Adam_lr_0.0001 - INFO - Initialized training manager for model_MobileNetV3_opt_Adam_lr_0.0001
2025-05-03 07:59:58,848 - training.model_MobileNetV3_opt_Adam_lr_0.0001 - INFO - Initialized training manager for model_MobileNetV3_opt_Adam_lr_0.0001
2025-05-03 07:59:58,848 - training.model_MobileNetV3_opt_Adam_lr_0.0001 - INFO - Config: {
  "id": 602,
  "model_name": "MobileNetV3",
  "optimizer": "Adam",
  "learning_rate": 0.0001,
  "scheduler": {
    "name": "StepLR",
    "step_size": 10,
    "gamma": 0.1
  },
  "loss_fn": {
    "name": "FocalLoss",
    "alpha": 0.25,
    "gamma": 2.0
  }
}
2025-05-03 07:59:58,848 - training.model_MobileNetV3_opt_Adam_lr_0.0001 - INFO - Config: {
  "id": 602,
  "model_name": "MobileNetV3",
  "optimizer": "Adam",
  "learning_rate": 0.0001,
  "scheduler": {
    "name": "StepLR",
    "step_size": 10,
    "gamma": 0.1
  },
  "loss_fn": {
    "name": "FocalLoss",
    "alpha": 0.25,
    "gamma": 2.0
  }
}
2025-05-03 07:59:58,848 - training.model_MobileNetV3_opt_Adam_lr_0.0001 - INFO - Loading checkpoint from model_results_v2/model_MobileNetV3_opt_Adam_lr_0.0001/checkpoint.pt
2025-05-03 07:59:58,848 - training.model_MobileNetV3_opt_Adam_lr_0.0001 - INFO - Loading checkpoint from model_results_v2/model_MobileNetV3_opt_Adam_lr_0.0001/checkpoint.pt
2025-05-03 07:59:58,936 - training.model_MobileNetV3_opt_Adam_lr_0.0001 - INFO - Resuming from epoch 20, best validation accuracy: 0.9846
2025-05-03 07:59:58,936 - training.model_MobileNetV3_opt_Adam_lr_0.0001 - INFO - Resuming from epoch 20, best validation accuracy: 0.9846
2025-05-03 07:59:58,937 - training.model_MobileNetV3_opt_Adam_lr_0.0001 - INFO - Training completed after 983.32 seconds
2025-05-03 07:59:58,937 - training.model_MobileNetV3_opt_Adam_lr_0.0001 - INFO - Training completed after 983.32 seconds
2025-05-03 08:00:08,348 - training.model_MobileNetV3_opt_Adam_lr_0.0001 - INFO - Initialized training manager for model_MobileNetV3_opt_Adam_lr_0.0001
2025-05-03 08:00:08,348 - training.model_MobileNetV3_opt_Adam_lr_0.0001 - INFO - Initialized training manager for model_MobileNetV3_opt_Adam_lr_0.0001
2025-05-03 08:00:08,348 - training.model_MobileNetV3_opt_Adam_lr_0.0001 - INFO - Initialized training manager for model_MobileNetV3_opt_Adam_lr_0.0001
2025-05-03 08:00:08,348 - training.model_MobileNetV3_opt_Adam_lr_0.0001 - INFO - Config: {
  "id": 603,
  "model_name": "MobileNetV3",
  "optimizer": "Adam",
  "learning_rate": 0.0001,
  "scheduler": {
    "name": "StepLR",
    "step_size": 10,
    "gamma": 0.1
  },
  "loss_fn": {
    "name": "LabelSmoothing",
    "smoothing": 0.1
  }
}
2025-05-03 08:00:08,348 - training.model_MobileNetV3_opt_Adam_lr_0.0001 - INFO - Config: {
  "id": 603,
  "model_name": "MobileNetV3",
  "optimizer": "Adam",
  "learning_rate": 0.0001,
  "scheduler": {
    "name": "StepLR",
    "step_size": 10,
    "gamma": 0.1
  },
  "loss_fn": {
    "name": "LabelSmoothing",
    "smoothing": 0.1
  }
}
2025-05-03 08:00:08,348 - training.model_MobileNetV3_opt_Adam_lr_0.0001 - INFO - Config: {
  "id": 603,
  "model_name": "MobileNetV3",
  "optimizer": "Adam",
  "learning_rate": 0.0001,
  "scheduler": {
    "name": "StepLR",
    "step_size": 10,
    "gamma": 0.1
  },
  "loss_fn": {
    "name": "LabelSmoothing",
    "smoothing": 0.1
  }
}
2025-05-03 08:00:08,348 - training.model_MobileNetV3_opt_Adam_lr_0.0001 - INFO - Loading checkpoint from model_results_v2/model_MobileNetV3_opt_Adam_lr_0.0001/checkpoint.pt
2025-05-03 08:00:08,348 - training.model_MobileNetV3_opt_Adam_lr_0.0001 - INFO - Loading checkpoint from model_results_v2/model_MobileNetV3_opt_Adam_lr_0.0001/checkpoint.pt
2025-05-03 08:00:08,348 - training.model_MobileNetV3_opt_Adam_lr_0.0001 - INFO - Loading checkpoint from model_results_v2/model_MobileNetV3_opt_Adam_lr_0.0001/checkpoint.pt
2025-05-03 08:00:08,436 - training.model_MobileNetV3_opt_Adam_lr_0.0001 - INFO - Resuming from epoch 20, best validation accuracy: 0.9846
2025-05-03 08:00:08,436 - training.model_MobileNetV3_opt_Adam_lr_0.0001 - INFO - Resuming from epoch 20, best validation accuracy: 0.9846
2025-05-03 08:00:08,436 - training.model_MobileNetV3_opt_Adam_lr_0.0001 - INFO - Resuming from epoch 20, best validation accuracy: 0.9846
2025-05-03 08:00:08,437 - training.model_MobileNetV3_opt_Adam_lr_0.0001 - INFO - Training completed after 983.32 seconds
2025-05-03 08:00:08,437 - training.model_MobileNetV3_opt_Adam_lr_0.0001 - INFO - Training completed after 983.32 seconds
2025-05-03 08:00:08,437 - training.model_MobileNetV3_opt_Adam_lr_0.0001 - INFO - Training completed after 983.32 seconds
2025-05-03 08:00:17,857 - training.model_MobileNetV3_opt_Adam_lr_0.0001 - INFO - Initialized training manager for model_MobileNetV3_opt_Adam_lr_0.0001
2025-05-03 08:00:17,857 - training.model_MobileNetV3_opt_Adam_lr_0.0001 - INFO - Initialized training manager for model_MobileNetV3_opt_Adam_lr_0.0001
2025-05-03 08:00:17,857 - training.model_MobileNetV3_opt_Adam_lr_0.0001 - INFO - Initialized training manager for model_MobileNetV3_opt_Adam_lr_0.0001
2025-05-03 08:00:17,857 - training.model_MobileNetV3_opt_Adam_lr_0.0001 - INFO - Initialized training manager for model_MobileNetV3_opt_Adam_lr_0.0001
2025-05-03 08:00:17,857 - training.model_MobileNetV3_opt_Adam_lr_0.0001 - INFO - Config: {
  "id": 604,
  "model_name": "MobileNetV3",
  "optimizer": "Adam",
  "learning_rate": 0.0001,
  "scheduler": {
    "name": "ReduceLROnPlateau",
    "patience": 5,
    "factor": 0.5
  },
  "loss_fn": {
    "name": "CrossEntropy"
  }
}
2025-05-03 08:00:17,857 - training.model_MobileNetV3_opt_Adam_lr_0.0001 - INFO - Config: {
  "id": 604,
  "model_name": "MobileNetV3",
  "optimizer": "Adam",
  "learning_rate": 0.0001,
  "scheduler": {
    "name": "ReduceLROnPlateau",
    "patience": 5,
    "factor": 0.5
  },
  "loss_fn": {
    "name": "CrossEntropy"
  }
}
2025-05-03 08:00:17,857 - training.model_MobileNetV3_opt_Adam_lr_0.0001 - INFO - Config: {
  "id": 604,
  "model_name": "MobileNetV3",
  "optimizer": "Adam",
  "learning_rate": 0.0001,
  "scheduler": {
    "name": "ReduceLROnPlateau",
    "patience": 5,
    "factor": 0.5
  },
  "loss_fn": {
    "name": "CrossEntropy"
  }
}
2025-05-03 08:00:17,857 - training.model_MobileNetV3_opt_Adam_lr_0.0001 - INFO - Config: {
  "id": 604,
  "model_name": "MobileNetV3",
  "optimizer": "Adam",
  "learning_rate": 0.0001,
  "scheduler": {
    "name": "ReduceLROnPlateau",
    "patience": 5,
    "factor": 0.5
  },
  "loss_fn": {
    "name": "CrossEntropy"
  }
}
2025-05-03 08:00:17,857 - training.model_MobileNetV3_opt_Adam_lr_0.0001 - INFO - Loading checkpoint from model_results_v2/model_MobileNetV3_opt_Adam_lr_0.0001/checkpoint.pt
2025-05-03 08:00:17,857 - training.model_MobileNetV3_opt_Adam_lr_0.0001 - INFO - Loading checkpoint from model_results_v2/model_MobileNetV3_opt_Adam_lr_0.0001/checkpoint.pt
2025-05-03 08:00:17,857 - training.model_MobileNetV3_opt_Adam_lr_0.0001 - INFO - Loading checkpoint from model_results_v2/model_MobileNetV3_opt_Adam_lr_0.0001/checkpoint.pt
2025-05-03 08:00:17,857 - training.model_MobileNetV3_opt_Adam_lr_0.0001 - INFO - Loading checkpoint from model_results_v2/model_MobileNetV3_opt_Adam_lr_0.0001/checkpoint.pt
2025-05-03 08:00:17,945 - training.model_MobileNetV3_opt_Adam_lr_0.0001 - INFO - Resuming from epoch 20, best validation accuracy: 0.9846
2025-05-03 08:00:17,945 - training.model_MobileNetV3_opt_Adam_lr_0.0001 - INFO - Resuming from epoch 20, best validation accuracy: 0.9846
2025-05-03 08:00:17,945 - training.model_MobileNetV3_opt_Adam_lr_0.0001 - INFO - Resuming from epoch 20, best validation accuracy: 0.9846
2025-05-03 08:00:17,945 - training.model_MobileNetV3_opt_Adam_lr_0.0001 - INFO - Resuming from epoch 20, best validation accuracy: 0.9846
2025-05-03 08:00:17,946 - training.model_MobileNetV3_opt_Adam_lr_0.0001 - INFO - Training completed after 983.32 seconds
2025-05-03 08:00:17,946 - training.model_MobileNetV3_opt_Adam_lr_0.0001 - INFO - Training completed after 983.32 seconds
2025-05-03 08:00:17,946 - training.model_MobileNetV3_opt_Adam_lr_0.0001 - INFO - Training completed after 983.32 seconds
2025-05-03 08:00:17,946 - training.model_MobileNetV3_opt_Adam_lr_0.0001 - INFO - Training completed after 983.32 seconds
2025-05-03 08:00:27,688 - training.model_MobileNetV3_opt_Adam_lr_0.0001 - INFO - Initialized training manager for model_MobileNetV3_opt_Adam_lr_0.0001
2025-05-03 08:00:27,688 - training.model_MobileNetV3_opt_Adam_lr_0.0001 - INFO - Initialized training manager for model_MobileNetV3_opt_Adam_lr_0.0001
2025-05-03 08:00:27,688 - training.model_MobileNetV3_opt_Adam_lr_0.0001 - INFO - Initialized training manager for model_MobileNetV3_opt_Adam_lr_0.0001
2025-05-03 08:00:27,688 - training.model_MobileNetV3_opt_Adam_lr_0.0001 - INFO - Initialized training manager for model_MobileNetV3_opt_Adam_lr_0.0001
2025-05-03 08:00:27,688 - training.model_MobileNetV3_opt_Adam_lr_0.0001 - INFO - Initialized training manager for model_MobileNetV3_opt_Adam_lr_0.0001
2025-05-03 08:00:27,689 - training.model_MobileNetV3_opt_Adam_lr_0.0001 - INFO - Config: {
  "id": 605,
  "model_name": "MobileNetV3",
  "optimizer": "Adam",
  "learning_rate": 0.0001,
  "scheduler": {
    "name": "ReduceLROnPlateau",
    "patience": 5,
    "factor": 0.5
  },
  "loss_fn": {
    "name": "FocalLoss",
    "alpha": 0.25,
    "gamma": 2.0
  }
}
2025-05-03 08:00:27,689 - training.model_MobileNetV3_opt_Adam_lr_0.0001 - INFO - Config: {
  "id": 605,
  "model_name": "MobileNetV3",
  "optimizer": "Adam",
  "learning_rate": 0.0001,
  "scheduler": {
    "name": "ReduceLROnPlateau",
    "patience": 5,
    "factor": 0.5
  },
  "loss_fn": {
    "name": "FocalLoss",
    "alpha": 0.25,
    "gamma": 2.0
  }
}
2025-05-03 08:00:27,689 - training.model_MobileNetV3_opt_Adam_lr_0.0001 - INFO - Config: {
  "id": 605,
  "model_name": "MobileNetV3",
  "optimizer": "Adam",
  "learning_rate": 0.0001,
  "scheduler": {
    "name": "ReduceLROnPlateau",
    "patience": 5,
    "factor": 0.5
  },
  "loss_fn": {
    "name": "FocalLoss",
    "alpha": 0.25,
    "gamma": 2.0
  }
}
2025-05-03 08:00:27,689 - training.model_MobileNetV3_opt_Adam_lr_0.0001 - INFO - Config: {
  "id": 605,
  "model_name": "MobileNetV3",
  "optimizer": "Adam",
  "learning_rate": 0.0001,
  "scheduler": {
    "name": "ReduceLROnPlateau",
    "patience": 5,
    "factor": 0.5
  },
  "loss_fn": {
    "name": "FocalLoss",
    "alpha": 0.25,
    "gamma": 2.0
  }
}
2025-05-03 08:00:27,689 - training.model_MobileNetV3_opt_Adam_lr_0.0001 - INFO - Config: {
  "id": 605,
  "model_name": "MobileNetV3",
  "optimizer": "Adam",
  "learning_rate": 0.0001,
  "scheduler": {
    "name": "ReduceLROnPlateau",
    "patience": 5,
    "factor": 0.5
  },
  "loss_fn": {
    "name": "FocalLoss",
    "alpha": 0.25,
    "gamma": 2.0
  }
}
2025-05-03 08:00:27,689 - training.model_MobileNetV3_opt_Adam_lr_0.0001 - INFO - Loading checkpoint from model_results_v2/model_MobileNetV3_opt_Adam_lr_0.0001/checkpoint.pt
2025-05-03 08:00:27,689 - training.model_MobileNetV3_opt_Adam_lr_0.0001 - INFO - Loading checkpoint from model_results_v2/model_MobileNetV3_opt_Adam_lr_0.0001/checkpoint.pt
2025-05-03 08:00:27,689 - training.model_MobileNetV3_opt_Adam_lr_0.0001 - INFO - Loading checkpoint from model_results_v2/model_MobileNetV3_opt_Adam_lr_0.0001/checkpoint.pt
2025-05-03 08:00:27,689 - training.model_MobileNetV3_opt_Adam_lr_0.0001 - INFO - Loading checkpoint from model_results_v2/model_MobileNetV3_opt_Adam_lr_0.0001/checkpoint.pt
2025-05-03 08:00:27,689 - training.model_MobileNetV3_opt_Adam_lr_0.0001 - INFO - Loading checkpoint from model_results_v2/model_MobileNetV3_opt_Adam_lr_0.0001/checkpoint.pt
2025-05-03 08:00:27,963 - training.model_MobileNetV3_opt_Adam_lr_0.0001 - INFO - Resuming from epoch 20, best validation accuracy: 0.9846
2025-05-03 08:00:27,963 - training.model_MobileNetV3_opt_Adam_lr_0.0001 - INFO - Resuming from epoch 20, best validation accuracy: 0.9846
2025-05-03 08:00:27,963 - training.model_MobileNetV3_opt_Adam_lr_0.0001 - INFO - Resuming from epoch 20, best validation accuracy: 0.9846
2025-05-03 08:00:27,963 - training.model_MobileNetV3_opt_Adam_lr_0.0001 - INFO - Resuming from epoch 20, best validation accuracy: 0.9846
2025-05-03 08:00:27,963 - training.model_MobileNetV3_opt_Adam_lr_0.0001 - INFO - Resuming from epoch 20, best validation accuracy: 0.9846
2025-05-03 08:00:27,964 - training.model_MobileNetV3_opt_Adam_lr_0.0001 - INFO - Training completed after 983.32 seconds
2025-05-03 08:00:27,964 - training.model_MobileNetV3_opt_Adam_lr_0.0001 - INFO - Training completed after 983.32 seconds
2025-05-03 08:00:27,964 - training.model_MobileNetV3_opt_Adam_lr_0.0001 - INFO - Training completed after 983.32 seconds
2025-05-03 08:00:27,964 - training.model_MobileNetV3_opt_Adam_lr_0.0001 - INFO - Training completed after 983.32 seconds
2025-05-03 08:00:27,964 - training.model_MobileNetV3_opt_Adam_lr_0.0001 - INFO - Training completed after 983.32 seconds
2025-05-03 08:00:37,574 - training.model_MobileNetV3_opt_Adam_lr_0.0001 - INFO - Initialized training manager for model_MobileNetV3_opt_Adam_lr_0.0001
2025-05-03 08:00:37,574 - training.model_MobileNetV3_opt_Adam_lr_0.0001 - INFO - Initialized training manager for model_MobileNetV3_opt_Adam_lr_0.0001
2025-05-03 08:00:37,574 - training.model_MobileNetV3_opt_Adam_lr_0.0001 - INFO - Initialized training manager for model_MobileNetV3_opt_Adam_lr_0.0001
2025-05-03 08:00:37,574 - training.model_MobileNetV3_opt_Adam_lr_0.0001 - INFO - Initialized training manager for model_MobileNetV3_opt_Adam_lr_0.0001
2025-05-03 08:00:37,574 - training.model_MobileNetV3_opt_Adam_lr_0.0001 - INFO - Initialized training manager for model_MobileNetV3_opt_Adam_lr_0.0001
2025-05-03 08:00:37,574 - training.model_MobileNetV3_opt_Adam_lr_0.0001 - INFO - Initialized training manager for model_MobileNetV3_opt_Adam_lr_0.0001
2025-05-03 08:00:37,574 - training.model_MobileNetV3_opt_Adam_lr_0.0001 - INFO - Config: {
  "id": 606,
  "model_name": "MobileNetV3",
  "optimizer": "Adam",
  "learning_rate": 0.0001,
  "scheduler": {
    "name": "ReduceLROnPlateau",
    "patience": 5,
    "factor": 0.5
  },
  "loss_fn": {
    "name": "LabelSmoothing",
    "smoothing": 0.1
  }
}
2025-05-03 08:00:37,574 - training.model_MobileNetV3_opt_Adam_lr_0.0001 - INFO - Config: {
  "id": 606,
  "model_name": "MobileNetV3",
  "optimizer": "Adam",
  "learning_rate": 0.0001,
  "scheduler": {
    "name": "ReduceLROnPlateau",
    "patience": 5,
    "factor": 0.5
  },
  "loss_fn": {
    "name": "LabelSmoothing",
    "smoothing": 0.1
  }
}
2025-05-03 08:00:37,574 - training.model_MobileNetV3_opt_Adam_lr_0.0001 - INFO - Config: {
  "id": 606,
  "model_name": "MobileNetV3",
  "optimizer": "Adam",
  "learning_rate": 0.0001,
  "scheduler": {
    "name": "ReduceLROnPlateau",
    "patience": 5,
    "factor": 0.5
  },
  "loss_fn": {
    "name": "LabelSmoothing",
    "smoothing": 0.1
  }
}
2025-05-03 08:00:37,574 - training.model_MobileNetV3_opt_Adam_lr_0.0001 - INFO - Config: {
  "id": 606,
  "model_name": "MobileNetV3",
  "optimizer": "Adam",
  "learning_rate": 0.0001,
  "scheduler": {
    "name": "ReduceLROnPlateau",
    "patience": 5,
    "factor": 0.5
  },
  "loss_fn": {
    "name": "LabelSmoothing",
    "smoothing": 0.1
  }
}
2025-05-03 08:00:37,574 - training.model_MobileNetV3_opt_Adam_lr_0.0001 - INFO - Config: {
  "id": 606,
  "model_name": "MobileNetV3",
  "optimizer": "Adam",
  "learning_rate": 0.0001,
  "scheduler": {
    "name": "ReduceLROnPlateau",
    "patience": 5,
    "factor": 0.5
  },
  "loss_fn": {
    "name": "LabelSmoothing",
    "smoothing": 0.1
  }
}
2025-05-03 08:00:37,574 - training.model_MobileNetV3_opt_Adam_lr_0.0001 - INFO - Config: {
  "id": 606,
  "model_name": "MobileNetV3",
  "optimizer": "Adam",
  "learning_rate": 0.0001,
  "scheduler": {
    "name": "ReduceLROnPlateau",
    "patience": 5,
    "factor": 0.5
  },
  "loss_fn": {
    "name": "LabelSmoothing",
    "smoothing": 0.1
  }
}
2025-05-03 08:00:37,574 - training.model_MobileNetV3_opt_Adam_lr_0.0001 - INFO - Loading checkpoint from model_results_v2/model_MobileNetV3_opt_Adam_lr_0.0001/checkpoint.pt
2025-05-03 08:00:37,574 - training.model_MobileNetV3_opt_Adam_lr_0.0001 - INFO - Loading checkpoint from model_results_v2/model_MobileNetV3_opt_Adam_lr_0.0001/checkpoint.pt
2025-05-03 08:00:37,574 - training.model_MobileNetV3_opt_Adam_lr_0.0001 - INFO - Loading checkpoint from model_results_v2/model_MobileNetV3_opt_Adam_lr_0.0001/checkpoint.pt
2025-05-03 08:00:37,574 - training.model_MobileNetV3_opt_Adam_lr_0.0001 - INFO - Loading checkpoint from model_results_v2/model_MobileNetV3_opt_Adam_lr_0.0001/checkpoint.pt
2025-05-03 08:00:37,574 - training.model_MobileNetV3_opt_Adam_lr_0.0001 - INFO - Loading checkpoint from model_results_v2/model_MobileNetV3_opt_Adam_lr_0.0001/checkpoint.pt
2025-05-03 08:00:37,574 - training.model_MobileNetV3_opt_Adam_lr_0.0001 - INFO - Loading checkpoint from model_results_v2/model_MobileNetV3_opt_Adam_lr_0.0001/checkpoint.pt
2025-05-03 08:00:37,661 - training.model_MobileNetV3_opt_Adam_lr_0.0001 - INFO - Resuming from epoch 20, best validation accuracy: 0.9846
2025-05-03 08:00:37,661 - training.model_MobileNetV3_opt_Adam_lr_0.0001 - INFO - Resuming from epoch 20, best validation accuracy: 0.9846
2025-05-03 08:00:37,661 - training.model_MobileNetV3_opt_Adam_lr_0.0001 - INFO - Resuming from epoch 20, best validation accuracy: 0.9846
2025-05-03 08:00:37,661 - training.model_MobileNetV3_opt_Adam_lr_0.0001 - INFO - Resuming from epoch 20, best validation accuracy: 0.9846
2025-05-03 08:00:37,661 - training.model_MobileNetV3_opt_Adam_lr_0.0001 - INFO - Resuming from epoch 20, best validation accuracy: 0.9846
2025-05-03 08:00:37,661 - training.model_MobileNetV3_opt_Adam_lr_0.0001 - INFO - Resuming from epoch 20, best validation accuracy: 0.9846
2025-05-03 08:00:37,662 - training.model_MobileNetV3_opt_Adam_lr_0.0001 - INFO - Training completed after 983.32 seconds
2025-05-03 08:00:37,662 - training.model_MobileNetV3_opt_Adam_lr_0.0001 - INFO - Training completed after 983.32 seconds
2025-05-03 08:00:37,662 - training.model_MobileNetV3_opt_Adam_lr_0.0001 - INFO - Training completed after 983.32 seconds
2025-05-03 08:00:37,662 - training.model_MobileNetV3_opt_Adam_lr_0.0001 - INFO - Training completed after 983.32 seconds
2025-05-03 08:00:37,662 - training.model_MobileNetV3_opt_Adam_lr_0.0001 - INFO - Training completed after 983.32 seconds
2025-05-03 08:00:37,662 - training.model_MobileNetV3_opt_Adam_lr_0.0001 - INFO - Training completed after 983.32 seconds
2025-05-03 08:00:47,129 - training.model_MobileNetV3_opt_Adam_lr_0.0001 - INFO - Initialized training manager for model_MobileNetV3_opt_Adam_lr_0.0001
2025-05-03 08:00:47,129 - training.model_MobileNetV3_opt_Adam_lr_0.0001 - INFO - Initialized training manager for model_MobileNetV3_opt_Adam_lr_0.0001
2025-05-03 08:00:47,129 - training.model_MobileNetV3_opt_Adam_lr_0.0001 - INFO - Initialized training manager for model_MobileNetV3_opt_Adam_lr_0.0001
2025-05-03 08:00:47,129 - training.model_MobileNetV3_opt_Adam_lr_0.0001 - INFO - Initialized training manager for model_MobileNetV3_opt_Adam_lr_0.0001
2025-05-03 08:00:47,129 - training.model_MobileNetV3_opt_Adam_lr_0.0001 - INFO - Initialized training manager for model_MobileNetV3_opt_Adam_lr_0.0001
2025-05-03 08:00:47,129 - training.model_MobileNetV3_opt_Adam_lr_0.0001 - INFO - Initialized training manager for model_MobileNetV3_opt_Adam_lr_0.0001
2025-05-03 08:00:47,129 - training.model_MobileNetV3_opt_Adam_lr_0.0001 - INFO - Initialized training manager for model_MobileNetV3_opt_Adam_lr_0.0001
2025-05-03 08:00:47,129 - training.model_MobileNetV3_opt_Adam_lr_0.0001 - INFO - Config: {
  "id": 607,
  "model_name": "MobileNetV3",
  "optimizer": "Adam",
  "learning_rate": 0.0001,
  "scheduler": {
    "name": "CosineAnnealingLR",
    "T_max": 10
  },
  "loss_fn": {
    "name": "CrossEntropy"
  }
}
2025-05-03 08:00:47,129 - training.model_MobileNetV3_opt_Adam_lr_0.0001 - INFO - Config: {
  "id": 607,
  "model_name": "MobileNetV3",
  "optimizer": "Adam",
  "learning_rate": 0.0001,
  "scheduler": {
    "name": "CosineAnnealingLR",
    "T_max": 10
  },
  "loss_fn": {
    "name": "CrossEntropy"
  }
}
2025-05-03 08:00:47,129 - training.model_MobileNetV3_opt_Adam_lr_0.0001 - INFO - Config: {
  "id": 607,
  "model_name": "MobileNetV3",
  "optimizer": "Adam",
  "learning_rate": 0.0001,
  "scheduler": {
    "name": "CosineAnnealingLR",
    "T_max": 10
  },
  "loss_fn": {
    "name": "CrossEntropy"
  }
}
2025-05-03 08:00:47,129 - training.model_MobileNetV3_opt_Adam_lr_0.0001 - INFO - Config: {
  "id": 607,
  "model_name": "MobileNetV3",
  "optimizer": "Adam",
  "learning_rate": 0.0001,
  "scheduler": {
    "name": "CosineAnnealingLR",
    "T_max": 10
  },
  "loss_fn": {
    "name": "CrossEntropy"
  }
}
2025-05-03 08:00:47,129 - training.model_MobileNetV3_opt_Adam_lr_0.0001 - INFO - Config: {
  "id": 607,
  "model_name": "MobileNetV3",
  "optimizer": "Adam",
  "learning_rate": 0.0001,
  "scheduler": {
    "name": "CosineAnnealingLR",
    "T_max": 10
  },
  "loss_fn": {
    "name": "CrossEntropy"
  }
}
2025-05-03 08:00:47,129 - training.model_MobileNetV3_opt_Adam_lr_0.0001 - INFO - Config: {
  "id": 607,
  "model_name": "MobileNetV3",
  "optimizer": "Adam",
  "learning_rate": 0.0001,
  "scheduler": {
    "name": "CosineAnnealingLR",
    "T_max": 10
  },
  "loss_fn": {
    "name": "CrossEntropy"
  }
}
2025-05-03 08:00:47,129 - training.model_MobileNetV3_opt_Adam_lr_0.0001 - INFO - Config: {
  "id": 607,
  "model_name": "MobileNetV3",
  "optimizer": "Adam",
  "learning_rate": 0.0001,
  "scheduler": {
    "name": "CosineAnnealingLR",
    "T_max": 10
  },
  "loss_fn": {
    "name": "CrossEntropy"
  }
}
2025-05-03 08:00:47,129 - training.model_MobileNetV3_opt_Adam_lr_0.0001 - INFO - Loading checkpoint from model_results_v2/model_MobileNetV3_opt_Adam_lr_0.0001/checkpoint.pt
2025-05-03 08:00:47,129 - training.model_MobileNetV3_opt_Adam_lr_0.0001 - INFO - Loading checkpoint from model_results_v2/model_MobileNetV3_opt_Adam_lr_0.0001/checkpoint.pt
2025-05-03 08:00:47,129 - training.model_MobileNetV3_opt_Adam_lr_0.0001 - INFO - Loading checkpoint from model_results_v2/model_MobileNetV3_opt_Adam_lr_0.0001/checkpoint.pt
2025-05-03 08:00:47,129 - training.model_MobileNetV3_opt_Adam_lr_0.0001 - INFO - Loading checkpoint from model_results_v2/model_MobileNetV3_opt_Adam_lr_0.0001/checkpoint.pt
2025-05-03 08:00:47,129 - training.model_MobileNetV3_opt_Adam_lr_0.0001 - INFO - Loading checkpoint from model_results_v2/model_MobileNetV3_opt_Adam_lr_0.0001/checkpoint.pt
2025-05-03 08:00:47,129 - training.model_MobileNetV3_opt_Adam_lr_0.0001 - INFO - Loading checkpoint from model_results_v2/model_MobileNetV3_opt_Adam_lr_0.0001/checkpoint.pt
2025-05-03 08:00:47,129 - training.model_MobileNetV3_opt_Adam_lr_0.0001 - INFO - Loading checkpoint from model_results_v2/model_MobileNetV3_opt_Adam_lr_0.0001/checkpoint.pt
2025-05-03 08:00:47,222 - training.model_MobileNetV3_opt_Adam_lr_0.0001 - INFO - Resuming from epoch 20, best validation accuracy: 0.9846
2025-05-03 08:00:47,222 - training.model_MobileNetV3_opt_Adam_lr_0.0001 - INFO - Resuming from epoch 20, best validation accuracy: 0.9846
2025-05-03 08:00:47,222 - training.model_MobileNetV3_opt_Adam_lr_0.0001 - INFO - Resuming from epoch 20, best validation accuracy: 0.9846
2025-05-03 08:00:47,222 - training.model_MobileNetV3_opt_Adam_lr_0.0001 - INFO - Resuming from epoch 20, best validation accuracy: 0.9846
2025-05-03 08:00:47,222 - training.model_MobileNetV3_opt_Adam_lr_0.0001 - INFO - Resuming from epoch 20, best validation accuracy: 0.9846
2025-05-03 08:00:47,222 - training.model_MobileNetV3_opt_Adam_lr_0.0001 - INFO - Resuming from epoch 20, best validation accuracy: 0.9846
2025-05-03 08:00:47,222 - training.model_MobileNetV3_opt_Adam_lr_0.0001 - INFO - Resuming from epoch 20, best validation accuracy: 0.9846
2025-05-03 08:00:47,223 - training.model_MobileNetV3_opt_Adam_lr_0.0001 - INFO - Training completed after 983.32 seconds
2025-05-03 08:00:47,223 - training.model_MobileNetV3_opt_Adam_lr_0.0001 - INFO - Training completed after 983.32 seconds
2025-05-03 08:00:47,223 - training.model_MobileNetV3_opt_Adam_lr_0.0001 - INFO - Training completed after 983.32 seconds
2025-05-03 08:00:47,223 - training.model_MobileNetV3_opt_Adam_lr_0.0001 - INFO - Training completed after 983.32 seconds
2025-05-03 08:00:47,223 - training.model_MobileNetV3_opt_Adam_lr_0.0001 - INFO - Training completed after 983.32 seconds
2025-05-03 08:00:47,223 - training.model_MobileNetV3_opt_Adam_lr_0.0001 - INFO - Training completed after 983.32 seconds
2025-05-03 08:00:47,223 - training.model_MobileNetV3_opt_Adam_lr_0.0001 - INFO - Training completed after 983.32 seconds
2025-05-03 08:00:56,903 - training.model_MobileNetV3_opt_Adam_lr_0.0001 - INFO - Initialized training manager for model_MobileNetV3_opt_Adam_lr_0.0001
2025-05-03 08:00:56,903 - training.model_MobileNetV3_opt_Adam_lr_0.0001 - INFO - Initialized training manager for model_MobileNetV3_opt_Adam_lr_0.0001
2025-05-03 08:00:56,903 - training.model_MobileNetV3_opt_Adam_lr_0.0001 - INFO - Initialized training manager for model_MobileNetV3_opt_Adam_lr_0.0001
2025-05-03 08:00:56,903 - training.model_MobileNetV3_opt_Adam_lr_0.0001 - INFO - Initialized training manager for model_MobileNetV3_opt_Adam_lr_0.0001
2025-05-03 08:00:56,903 - training.model_MobileNetV3_opt_Adam_lr_0.0001 - INFO - Initialized training manager for model_MobileNetV3_opt_Adam_lr_0.0001
2025-05-03 08:00:56,903 - training.model_MobileNetV3_opt_Adam_lr_0.0001 - INFO - Initialized training manager for model_MobileNetV3_opt_Adam_lr_0.0001
2025-05-03 08:00:56,903 - training.model_MobileNetV3_opt_Adam_lr_0.0001 - INFO - Initialized training manager for model_MobileNetV3_opt_Adam_lr_0.0001
2025-05-03 08:00:56,903 - training.model_MobileNetV3_opt_Adam_lr_0.0001 - INFO - Initialized training manager for model_MobileNetV3_opt_Adam_lr_0.0001
2025-05-03 08:00:56,903 - training.model_MobileNetV3_opt_Adam_lr_0.0001 - INFO - Config: {
  "id": 608,
  "model_name": "MobileNetV3",
  "optimizer": "Adam",
  "learning_rate": 0.0001,
  "scheduler": {
    "name": "CosineAnnealingLR",
    "T_max": 10
  },
  "loss_fn": {
    "name": "FocalLoss",
    "alpha": 0.25,
    "gamma": 2.0
  }
}
2025-05-03 08:00:56,903 - training.model_MobileNetV3_opt_Adam_lr_0.0001 - INFO - Config: {
  "id": 608,
  "model_name": "MobileNetV3",
  "optimizer": "Adam",
  "learning_rate": 0.0001,
  "scheduler": {
    "name": "CosineAnnealingLR",
    "T_max": 10
  },
  "loss_fn": {
    "name": "FocalLoss",
    "alpha": 0.25,
    "gamma": 2.0
  }
}
2025-05-03 08:00:56,903 - training.model_MobileNetV3_opt_Adam_lr_0.0001 - INFO - Config: {
  "id": 608,
  "model_name": "MobileNetV3",
  "optimizer": "Adam",
  "learning_rate": 0.0001,
  "scheduler": {
    "name": "CosineAnnealingLR",
    "T_max": 10
  },
  "loss_fn": {
    "name": "FocalLoss",
    "alpha": 0.25,
    "gamma": 2.0
  }
}
2025-05-03 08:00:56,903 - training.model_MobileNetV3_opt_Adam_lr_0.0001 - INFO - Config: {
  "id": 608,
  "model_name": "MobileNetV3",
  "optimizer": "Adam",
  "learning_rate": 0.0001,
  "scheduler": {
    "name": "CosineAnnealingLR",
    "T_max": 10
  },
  "loss_fn": {
    "name": "FocalLoss",
    "alpha": 0.25,
    "gamma": 2.0
  }
}
2025-05-03 08:00:56,903 - training.model_MobileNetV3_opt_Adam_lr_0.0001 - INFO - Config: {
  "id": 608,
  "model_name": "MobileNetV3",
  "optimizer": "Adam",
  "learning_rate": 0.0001,
  "scheduler": {
    "name": "CosineAnnealingLR",
    "T_max": 10
  },
  "loss_fn": {
    "name": "FocalLoss",
    "alpha": 0.25,
    "gamma": 2.0
  }
}
2025-05-03 08:00:56,903 - training.model_MobileNetV3_opt_Adam_lr_0.0001 - INFO - Config: {
  "id": 608,
  "model_name": "MobileNetV3",
  "optimizer": "Adam",
  "learning_rate": 0.0001,
  "scheduler": {
    "name": "CosineAnnealingLR",
    "T_max": 10
  },
  "loss_fn": {
    "name": "FocalLoss",
    "alpha": 0.25,
    "gamma": 2.0
  }
}
2025-05-03 08:00:56,903 - training.model_MobileNetV3_opt_Adam_lr_0.0001 - INFO - Config: {
  "id": 608,
  "model_name": "MobileNetV3",
  "optimizer": "Adam",
  "learning_rate": 0.0001,
  "scheduler": {
    "name": "CosineAnnealingLR",
    "T_max": 10
  },
  "loss_fn": {
    "name": "FocalLoss",
    "alpha": 0.25,
    "gamma": 2.0
  }
}
2025-05-03 08:00:56,903 - training.model_MobileNetV3_opt_Adam_lr_0.0001 - INFO - Config: {
  "id": 608,
  "model_name": "MobileNetV3",
  "optimizer": "Adam",
  "learning_rate": 0.0001,
  "scheduler": {
    "name": "CosineAnnealingLR",
    "T_max": 10
  },
  "loss_fn": {
    "name": "FocalLoss",
    "alpha": 0.25,
    "gamma": 2.0
  }
}
2025-05-03 08:00:56,903 - training.model_MobileNetV3_opt_Adam_lr_0.0001 - INFO - Loading checkpoint from model_results_v2/model_MobileNetV3_opt_Adam_lr_0.0001/checkpoint.pt
2025-05-03 08:00:56,903 - training.model_MobileNetV3_opt_Adam_lr_0.0001 - INFO - Loading checkpoint from model_results_v2/model_MobileNetV3_opt_Adam_lr_0.0001/checkpoint.pt
2025-05-03 08:00:56,903 - training.model_MobileNetV3_opt_Adam_lr_0.0001 - INFO - Loading checkpoint from model_results_v2/model_MobileNetV3_opt_Adam_lr_0.0001/checkpoint.pt
2025-05-03 08:00:56,903 - training.model_MobileNetV3_opt_Adam_lr_0.0001 - INFO - Loading checkpoint from model_results_v2/model_MobileNetV3_opt_Adam_lr_0.0001/checkpoint.pt
2025-05-03 08:00:56,903 - training.model_MobileNetV3_opt_Adam_lr_0.0001 - INFO - Loading checkpoint from model_results_v2/model_MobileNetV3_opt_Adam_lr_0.0001/checkpoint.pt
2025-05-03 08:00:56,903 - training.model_MobileNetV3_opt_Adam_lr_0.0001 - INFO - Loading checkpoint from model_results_v2/model_MobileNetV3_opt_Adam_lr_0.0001/checkpoint.pt
2025-05-03 08:00:56,903 - training.model_MobileNetV3_opt_Adam_lr_0.0001 - INFO - Loading checkpoint from model_results_v2/model_MobileNetV3_opt_Adam_lr_0.0001/checkpoint.pt
2025-05-03 08:00:56,903 - training.model_MobileNetV3_opt_Adam_lr_0.0001 - INFO - Loading checkpoint from model_results_v2/model_MobileNetV3_opt_Adam_lr_0.0001/checkpoint.pt
2025-05-03 08:00:56,991 - training.model_MobileNetV3_opt_Adam_lr_0.0001 - INFO - Resuming from epoch 20, best validation accuracy: 0.9846
2025-05-03 08:00:56,991 - training.model_MobileNetV3_opt_Adam_lr_0.0001 - INFO - Resuming from epoch 20, best validation accuracy: 0.9846
2025-05-03 08:00:56,991 - training.model_MobileNetV3_opt_Adam_lr_0.0001 - INFO - Resuming from epoch 20, best validation accuracy: 0.9846
2025-05-03 08:00:56,991 - training.model_MobileNetV3_opt_Adam_lr_0.0001 - INFO - Resuming from epoch 20, best validation accuracy: 0.9846
2025-05-03 08:00:56,991 - training.model_MobileNetV3_opt_Adam_lr_0.0001 - INFO - Resuming from epoch 20, best validation accuracy: 0.9846
2025-05-03 08:00:56,991 - training.model_MobileNetV3_opt_Adam_lr_0.0001 - INFO - Resuming from epoch 20, best validation accuracy: 0.9846
2025-05-03 08:00:56,991 - training.model_MobileNetV3_opt_Adam_lr_0.0001 - INFO - Resuming from epoch 20, best validation accuracy: 0.9846
2025-05-03 08:00:56,991 - training.model_MobileNetV3_opt_Adam_lr_0.0001 - INFO - Resuming from epoch 20, best validation accuracy: 0.9846
2025-05-03 08:00:56,992 - training.model_MobileNetV3_opt_Adam_lr_0.0001 - INFO - Training completed after 983.32 seconds
2025-05-03 08:00:56,992 - training.model_MobileNetV3_opt_Adam_lr_0.0001 - INFO - Training completed after 983.32 seconds
2025-05-03 08:00:56,992 - training.model_MobileNetV3_opt_Adam_lr_0.0001 - INFO - Training completed after 983.32 seconds
2025-05-03 08:00:56,992 - training.model_MobileNetV3_opt_Adam_lr_0.0001 - INFO - Training completed after 983.32 seconds
2025-05-03 08:00:56,992 - training.model_MobileNetV3_opt_Adam_lr_0.0001 - INFO - Training completed after 983.32 seconds
2025-05-03 08:00:56,992 - training.model_MobileNetV3_opt_Adam_lr_0.0001 - INFO - Training completed after 983.32 seconds
2025-05-03 08:00:56,992 - training.model_MobileNetV3_opt_Adam_lr_0.0001 - INFO - Training completed after 983.32 seconds
2025-05-03 08:00:56,992 - training.model_MobileNetV3_opt_Adam_lr_0.0001 - INFO - Training completed after 983.32 seconds
2025-05-03 08:01:06,284 - training.model_MobileNetV3_opt_Adam_lr_0.0001 - INFO - Initialized training manager for model_MobileNetV3_opt_Adam_lr_0.0001
2025-05-03 08:01:06,284 - training.model_MobileNetV3_opt_Adam_lr_0.0001 - INFO - Initialized training manager for model_MobileNetV3_opt_Adam_lr_0.0001
2025-05-03 08:01:06,284 - training.model_MobileNetV3_opt_Adam_lr_0.0001 - INFO - Initialized training manager for model_MobileNetV3_opt_Adam_lr_0.0001
2025-05-03 08:01:06,284 - training.model_MobileNetV3_opt_Adam_lr_0.0001 - INFO - Initialized training manager for model_MobileNetV3_opt_Adam_lr_0.0001
2025-05-03 08:01:06,284 - training.model_MobileNetV3_opt_Adam_lr_0.0001 - INFO - Initialized training manager for model_MobileNetV3_opt_Adam_lr_0.0001
2025-05-03 08:01:06,284 - training.model_MobileNetV3_opt_Adam_lr_0.0001 - INFO - Initialized training manager for model_MobileNetV3_opt_Adam_lr_0.0001
2025-05-03 08:01:06,284 - training.model_MobileNetV3_opt_Adam_lr_0.0001 - INFO - Initialized training manager for model_MobileNetV3_opt_Adam_lr_0.0001
2025-05-03 08:01:06,284 - training.model_MobileNetV3_opt_Adam_lr_0.0001 - INFO - Initialized training manager for model_MobileNetV3_opt_Adam_lr_0.0001
2025-05-03 08:01:06,284 - training.model_MobileNetV3_opt_Adam_lr_0.0001 - INFO - Initialized training manager for model_MobileNetV3_opt_Adam_lr_0.0001
2025-05-03 08:01:06,285 - training.model_MobileNetV3_opt_Adam_lr_0.0001 - INFO - Config: {
  "id": 609,
  "model_name": "MobileNetV3",
  "optimizer": "Adam",
  "learning_rate": 0.0001,
  "scheduler": {
    "name": "CosineAnnealingLR",
    "T_max": 10
  },
  "loss_fn": {
    "name": "LabelSmoothing",
    "smoothing": 0.1
  }
}
2025-05-03 08:01:06,285 - training.model_MobileNetV3_opt_Adam_lr_0.0001 - INFO - Config: {
  "id": 609,
  "model_name": "MobileNetV3",
  "optimizer": "Adam",
  "learning_rate": 0.0001,
  "scheduler": {
    "name": "CosineAnnealingLR",
    "T_max": 10
  },
  "loss_fn": {
    "name": "LabelSmoothing",
    "smoothing": 0.1
  }
}
2025-05-03 08:01:06,285 - training.model_MobileNetV3_opt_Adam_lr_0.0001 - INFO - Config: {
  "id": 609,
  "model_name": "MobileNetV3",
  "optimizer": "Adam",
  "learning_rate": 0.0001,
  "scheduler": {
    "name": "CosineAnnealingLR",
    "T_max": 10
  },
  "loss_fn": {
    "name": "LabelSmoothing",
    "smoothing": 0.1
  }
}
2025-05-03 08:01:06,285 - training.model_MobileNetV3_opt_Adam_lr_0.0001 - INFO - Config: {
  "id": 609,
  "model_name": "MobileNetV3",
  "optimizer": "Adam",
  "learning_rate": 0.0001,
  "scheduler": {
    "name": "CosineAnnealingLR",
    "T_max": 10
  },
  "loss_fn": {
    "name": "LabelSmoothing",
    "smoothing": 0.1
  }
}
2025-05-03 08:01:06,285 - training.model_MobileNetV3_opt_Adam_lr_0.0001 - INFO - Config: {
  "id": 609,
  "model_name": "MobileNetV3",
  "optimizer": "Adam",
  "learning_rate": 0.0001,
  "scheduler": {
    "name": "CosineAnnealingLR",
    "T_max": 10
  },
  "loss_fn": {
    "name": "LabelSmoothing",
    "smoothing": 0.1
  }
}
2025-05-03 08:01:06,285 - training.model_MobileNetV3_opt_Adam_lr_0.0001 - INFO - Config: {
  "id": 609,
  "model_name": "MobileNetV3",
  "optimizer": "Adam",
  "learning_rate": 0.0001,
  "scheduler": {
    "name": "CosineAnnealingLR",
    "T_max": 10
  },
  "loss_fn": {
    "name": "LabelSmoothing",
    "smoothing": 0.1
  }
}
2025-05-03 08:01:06,285 - training.model_MobileNetV3_opt_Adam_lr_0.0001 - INFO - Config: {
  "id": 609,
  "model_name": "MobileNetV3",
  "optimizer": "Adam",
  "learning_rate": 0.0001,
  "scheduler": {
    "name": "CosineAnnealingLR",
    "T_max": 10
  },
  "loss_fn": {
    "name": "LabelSmoothing",
    "smoothing": 0.1
  }
}
2025-05-03 08:01:06,285 - training.model_MobileNetV3_opt_Adam_lr_0.0001 - INFO - Config: {
  "id": 609,
  "model_name": "MobileNetV3",
  "optimizer": "Adam",
  "learning_rate": 0.0001,
  "scheduler": {
    "name": "CosineAnnealingLR",
    "T_max": 10
  },
  "loss_fn": {
    "name": "LabelSmoothing",
    "smoothing": 0.1
  }
}
2025-05-03 08:01:06,285 - training.model_MobileNetV3_opt_Adam_lr_0.0001 - INFO - Config: {
  "id": 609,
  "model_name": "MobileNetV3",
  "optimizer": "Adam",
  "learning_rate": 0.0001,
  "scheduler": {
    "name": "CosineAnnealingLR",
    "T_max": 10
  },
  "loss_fn": {
    "name": "LabelSmoothing",
    "smoothing": 0.1
  }
}
2025-05-03 08:01:06,285 - training.model_MobileNetV3_opt_Adam_lr_0.0001 - INFO - Loading checkpoint from model_results_v2/model_MobileNetV3_opt_Adam_lr_0.0001/checkpoint.pt
2025-05-03 08:01:06,285 - training.model_MobileNetV3_opt_Adam_lr_0.0001 - INFO - Loading checkpoint from model_results_v2/model_MobileNetV3_opt_Adam_lr_0.0001/checkpoint.pt
2025-05-03 08:01:06,285 - training.model_MobileNetV3_opt_Adam_lr_0.0001 - INFO - Loading checkpoint from model_results_v2/model_MobileNetV3_opt_Adam_lr_0.0001/checkpoint.pt
2025-05-03 08:01:06,285 - training.model_MobileNetV3_opt_Adam_lr_0.0001 - INFO - Loading checkpoint from model_results_v2/model_MobileNetV3_opt_Adam_lr_0.0001/checkpoint.pt
2025-05-03 08:01:06,285 - training.model_MobileNetV3_opt_Adam_lr_0.0001 - INFO - Loading checkpoint from model_results_v2/model_MobileNetV3_opt_Adam_lr_0.0001/checkpoint.pt
2025-05-03 08:01:06,285 - training.model_MobileNetV3_opt_Adam_lr_0.0001 - INFO - Loading checkpoint from model_results_v2/model_MobileNetV3_opt_Adam_lr_0.0001/checkpoint.pt
2025-05-03 08:01:06,285 - training.model_MobileNetV3_opt_Adam_lr_0.0001 - INFO - Loading checkpoint from model_results_v2/model_MobileNetV3_opt_Adam_lr_0.0001/checkpoint.pt
2025-05-03 08:01:06,285 - training.model_MobileNetV3_opt_Adam_lr_0.0001 - INFO - Loading checkpoint from model_results_v2/model_MobileNetV3_opt_Adam_lr_0.0001/checkpoint.pt
2025-05-03 08:01:06,285 - training.model_MobileNetV3_opt_Adam_lr_0.0001 - INFO - Loading checkpoint from model_results_v2/model_MobileNetV3_opt_Adam_lr_0.0001/checkpoint.pt
2025-05-03 08:01:06,372 - training.model_MobileNetV3_opt_Adam_lr_0.0001 - INFO - Resuming from epoch 20, best validation accuracy: 0.9846
2025-05-03 08:01:06,372 - training.model_MobileNetV3_opt_Adam_lr_0.0001 - INFO - Resuming from epoch 20, best validation accuracy: 0.9846
2025-05-03 08:01:06,372 - training.model_MobileNetV3_opt_Adam_lr_0.0001 - INFO - Resuming from epoch 20, best validation accuracy: 0.9846
2025-05-03 08:01:06,372 - training.model_MobileNetV3_opt_Adam_lr_0.0001 - INFO - Resuming from epoch 20, best validation accuracy: 0.9846
2025-05-03 08:01:06,372 - training.model_MobileNetV3_opt_Adam_lr_0.0001 - INFO - Resuming from epoch 20, best validation accuracy: 0.9846
2025-05-03 08:01:06,372 - training.model_MobileNetV3_opt_Adam_lr_0.0001 - INFO - Resuming from epoch 20, best validation accuracy: 0.9846
2025-05-03 08:01:06,372 - training.model_MobileNetV3_opt_Adam_lr_0.0001 - INFO - Resuming from epoch 20, best validation accuracy: 0.9846
2025-05-03 08:01:06,372 - training.model_MobileNetV3_opt_Adam_lr_0.0001 - INFO - Resuming from epoch 20, best validation accuracy: 0.9846
2025-05-03 08:01:06,372 - training.model_MobileNetV3_opt_Adam_lr_0.0001 - INFO - Resuming from epoch 20, best validation accuracy: 0.9846
2025-05-03 08:01:06,373 - training.model_MobileNetV3_opt_Adam_lr_0.0001 - INFO - Training completed after 983.32 seconds
2025-05-03 08:01:06,373 - training.model_MobileNetV3_opt_Adam_lr_0.0001 - INFO - Training completed after 983.32 seconds
2025-05-03 08:01:06,373 - training.model_MobileNetV3_opt_Adam_lr_0.0001 - INFO - Training completed after 983.32 seconds
2025-05-03 08:01:06,373 - training.model_MobileNetV3_opt_Adam_lr_0.0001 - INFO - Training completed after 983.32 seconds
2025-05-03 08:01:06,373 - training.model_MobileNetV3_opt_Adam_lr_0.0001 - INFO - Training completed after 983.32 seconds
2025-05-03 08:01:06,373 - training.model_MobileNetV3_opt_Adam_lr_0.0001 - INFO - Training completed after 983.32 seconds
2025-05-03 08:01:06,373 - training.model_MobileNetV3_opt_Adam_lr_0.0001 - INFO - Training completed after 983.32 seconds
2025-05-03 08:01:06,373 - training.model_MobileNetV3_opt_Adam_lr_0.0001 - INFO - Training completed after 983.32 seconds
2025-05-03 08:01:06,373 - training.model_MobileNetV3_opt_Adam_lr_0.0001 - INFO - Training completed after 983.32 seconds
2025-05-03 08:01:15,955 - training.model_MobileNetV3_opt_Adam_lr_0.0001 - INFO - Initialized training manager for model_MobileNetV3_opt_Adam_lr_0.0001
2025-05-03 08:01:15,955 - training.model_MobileNetV3_opt_Adam_lr_0.0001 - INFO - Initialized training manager for model_MobileNetV3_opt_Adam_lr_0.0001
2025-05-03 08:01:15,955 - training.model_MobileNetV3_opt_Adam_lr_0.0001 - INFO - Initialized training manager for model_MobileNetV3_opt_Adam_lr_0.0001
2025-05-03 08:01:15,955 - training.model_MobileNetV3_opt_Adam_lr_0.0001 - INFO - Initialized training manager for model_MobileNetV3_opt_Adam_lr_0.0001
2025-05-03 08:01:15,955 - training.model_MobileNetV3_opt_Adam_lr_0.0001 - INFO - Initialized training manager for model_MobileNetV3_opt_Adam_lr_0.0001
2025-05-03 08:01:15,955 - training.model_MobileNetV3_opt_Adam_lr_0.0001 - INFO - Initialized training manager for model_MobileNetV3_opt_Adam_lr_0.0001
2025-05-03 08:01:15,955 - training.model_MobileNetV3_opt_Adam_lr_0.0001 - INFO - Initialized training manager for model_MobileNetV3_opt_Adam_lr_0.0001
2025-05-03 08:01:15,955 - training.model_MobileNetV3_opt_Adam_lr_0.0001 - INFO - Initialized training manager for model_MobileNetV3_opt_Adam_lr_0.0001
2025-05-03 08:01:15,955 - training.model_MobileNetV3_opt_Adam_lr_0.0001 - INFO - Initialized training manager for model_MobileNetV3_opt_Adam_lr_0.0001
2025-05-03 08:01:15,955 - training.model_MobileNetV3_opt_Adam_lr_0.0001 - INFO - Initialized training manager for model_MobileNetV3_opt_Adam_lr_0.0001
2025-05-03 08:01:15,956 - training.model_MobileNetV3_opt_Adam_lr_0.0001 - INFO - Config: {
  "id": 610,
  "model_name": "MobileNetV3",
  "optimizer": "Adam",
  "learning_rate": 0.0001,
  "scheduler": {
    "name": "CosineAnnealingWarmRestarts",
    "T_0": 10
  },
  "loss_fn": {
    "name": "CrossEntropy"
  }
}
2025-05-03 08:01:15,956 - training.model_MobileNetV3_opt_Adam_lr_0.0001 - INFO - Config: {
  "id": 610,
  "model_name": "MobileNetV3",
  "optimizer": "Adam",
  "learning_rate": 0.0001,
  "scheduler": {
    "name": "CosineAnnealingWarmRestarts",
    "T_0": 10
  },
  "loss_fn": {
    "name": "CrossEntropy"
  }
}
2025-05-03 08:01:15,956 - training.model_MobileNetV3_opt_Adam_lr_0.0001 - INFO - Config: {
  "id": 610,
  "model_name": "MobileNetV3",
  "optimizer": "Adam",
  "learning_rate": 0.0001,
  "scheduler": {
    "name": "CosineAnnealingWarmRestarts",
    "T_0": 10
  },
  "loss_fn": {
    "name": "CrossEntropy"
  }
}
2025-05-03 08:01:15,956 - training.model_MobileNetV3_opt_Adam_lr_0.0001 - INFO - Config: {
  "id": 610,
  "model_name": "MobileNetV3",
  "optimizer": "Adam",
  "learning_rate": 0.0001,
  "scheduler": {
    "name": "CosineAnnealingWarmRestarts",
    "T_0": 10
  },
  "loss_fn": {
    "name": "CrossEntropy"
  }
}
2025-05-03 08:01:15,956 - training.model_MobileNetV3_opt_Adam_lr_0.0001 - INFO - Config: {
  "id": 610,
  "model_name": "MobileNetV3",
  "optimizer": "Adam",
  "learning_rate": 0.0001,
  "scheduler": {
    "name": "CosineAnnealingWarmRestarts",
    "T_0": 10
  },
  "loss_fn": {
    "name": "CrossEntropy"
  }
}
2025-05-03 08:01:15,956 - training.model_MobileNetV3_opt_Adam_lr_0.0001 - INFO - Config: {
  "id": 610,
  "model_name": "MobileNetV3",
  "optimizer": "Adam",
  "learning_rate": 0.0001,
  "scheduler": {
    "name": "CosineAnnealingWarmRestarts",
    "T_0": 10
  },
  "loss_fn": {
    "name": "CrossEntropy"
  }
}
2025-05-03 08:01:15,956 - training.model_MobileNetV3_opt_Adam_lr_0.0001 - INFO - Config: {
  "id": 610,
  "model_name": "MobileNetV3",
  "optimizer": "Adam",
  "learning_rate": 0.0001,
  "scheduler": {
    "name": "CosineAnnealingWarmRestarts",
    "T_0": 10
  },
  "loss_fn": {
    "name": "CrossEntropy"
  }
}
2025-05-03 08:01:15,956 - training.model_MobileNetV3_opt_Adam_lr_0.0001 - INFO - Config: {
  "id": 610,
  "model_name": "MobileNetV3",
  "optimizer": "Adam",
  "learning_rate": 0.0001,
  "scheduler": {
    "name": "CosineAnnealingWarmRestarts",
    "T_0": 10
  },
  "loss_fn": {
    "name": "CrossEntropy"
  }
}
2025-05-03 08:01:15,956 - training.model_MobileNetV3_opt_Adam_lr_0.0001 - INFO - Config: {
  "id": 610,
  "model_name": "MobileNetV3",
  "optimizer": "Adam",
  "learning_rate": 0.0001,
  "scheduler": {
    "name": "CosineAnnealingWarmRestarts",
    "T_0": 10
  },
  "loss_fn": {
    "name": "CrossEntropy"
  }
}
2025-05-03 08:01:15,956 - training.model_MobileNetV3_opt_Adam_lr_0.0001 - INFO - Config: {
  "id": 610,
  "model_name": "MobileNetV3",
  "optimizer": "Adam",
  "learning_rate": 0.0001,
  "scheduler": {
    "name": "CosineAnnealingWarmRestarts",
    "T_0": 10
  },
  "loss_fn": {
    "name": "CrossEntropy"
  }
}
2025-05-03 08:01:15,956 - training.model_MobileNetV3_opt_Adam_lr_0.0001 - INFO - Loading checkpoint from model_results_v2/model_MobileNetV3_opt_Adam_lr_0.0001/checkpoint.pt
2025-05-03 08:01:15,956 - training.model_MobileNetV3_opt_Adam_lr_0.0001 - INFO - Loading checkpoint from model_results_v2/model_MobileNetV3_opt_Adam_lr_0.0001/checkpoint.pt
2025-05-03 08:01:15,956 - training.model_MobileNetV3_opt_Adam_lr_0.0001 - INFO - Loading checkpoint from model_results_v2/model_MobileNetV3_opt_Adam_lr_0.0001/checkpoint.pt
2025-05-03 08:01:15,956 - training.model_MobileNetV3_opt_Adam_lr_0.0001 - INFO - Loading checkpoint from model_results_v2/model_MobileNetV3_opt_Adam_lr_0.0001/checkpoint.pt
2025-05-03 08:01:15,956 - training.model_MobileNetV3_opt_Adam_lr_0.0001 - INFO - Loading checkpoint from model_results_v2/model_MobileNetV3_opt_Adam_lr_0.0001/checkpoint.pt
2025-05-03 08:01:15,956 - training.model_MobileNetV3_opt_Adam_lr_0.0001 - INFO - Loading checkpoint from model_results_v2/model_MobileNetV3_opt_Adam_lr_0.0001/checkpoint.pt
2025-05-03 08:01:15,956 - training.model_MobileNetV3_opt_Adam_lr_0.0001 - INFO - Loading checkpoint from model_results_v2/model_MobileNetV3_opt_Adam_lr_0.0001/checkpoint.pt
2025-05-03 08:01:15,956 - training.model_MobileNetV3_opt_Adam_lr_0.0001 - INFO - Loading checkpoint from model_results_v2/model_MobileNetV3_opt_Adam_lr_0.0001/checkpoint.pt
2025-05-03 08:01:15,956 - training.model_MobileNetV3_opt_Adam_lr_0.0001 - INFO - Loading checkpoint from model_results_v2/model_MobileNetV3_opt_Adam_lr_0.0001/checkpoint.pt
2025-05-03 08:01:15,956 - training.model_MobileNetV3_opt_Adam_lr_0.0001 - INFO - Loading checkpoint from model_results_v2/model_MobileNetV3_opt_Adam_lr_0.0001/checkpoint.pt
2025-05-03 08:01:16,310 - training.model_MobileNetV3_opt_Adam_lr_0.0001 - INFO - Resuming from epoch 20, best validation accuracy: 0.9846
2025-05-03 08:01:16,310 - training.model_MobileNetV3_opt_Adam_lr_0.0001 - INFO - Resuming from epoch 20, best validation accuracy: 0.9846
2025-05-03 08:01:16,310 - training.model_MobileNetV3_opt_Adam_lr_0.0001 - INFO - Resuming from epoch 20, best validation accuracy: 0.9846
2025-05-03 08:01:16,310 - training.model_MobileNetV3_opt_Adam_lr_0.0001 - INFO - Resuming from epoch 20, best validation accuracy: 0.9846
2025-05-03 08:01:16,310 - training.model_MobileNetV3_opt_Adam_lr_0.0001 - INFO - Resuming from epoch 20, best validation accuracy: 0.9846
2025-05-03 08:01:16,310 - training.model_MobileNetV3_opt_Adam_lr_0.0001 - INFO - Resuming from epoch 20, best validation accuracy: 0.9846
2025-05-03 08:01:16,310 - training.model_MobileNetV3_opt_Adam_lr_0.0001 - INFO - Resuming from epoch 20, best validation accuracy: 0.9846
2025-05-03 08:01:16,310 - training.model_MobileNetV3_opt_Adam_lr_0.0001 - INFO - Resuming from epoch 20, best validation accuracy: 0.9846
2025-05-03 08:01:16,310 - training.model_MobileNetV3_opt_Adam_lr_0.0001 - INFO - Resuming from epoch 20, best validation accuracy: 0.9846
2025-05-03 08:01:16,310 - training.model_MobileNetV3_opt_Adam_lr_0.0001 - INFO - Resuming from epoch 20, best validation accuracy: 0.9846
2025-05-03 08:01:16,311 - training.model_MobileNetV3_opt_Adam_lr_0.0001 - INFO - Training completed after 983.32 seconds
2025-05-03 08:01:16,311 - training.model_MobileNetV3_opt_Adam_lr_0.0001 - INFO - Training completed after 983.32 seconds
2025-05-03 08:01:16,311 - training.model_MobileNetV3_opt_Adam_lr_0.0001 - INFO - Training completed after 983.32 seconds
2025-05-03 08:01:16,311 - training.model_MobileNetV3_opt_Adam_lr_0.0001 - INFO - Training completed after 983.32 seconds
2025-05-03 08:01:16,311 - training.model_MobileNetV3_opt_Adam_lr_0.0001 - INFO - Training completed after 983.32 seconds
2025-05-03 08:01:16,311 - training.model_MobileNetV3_opt_Adam_lr_0.0001 - INFO - Training completed after 983.32 seconds
2025-05-03 08:01:16,311 - training.model_MobileNetV3_opt_Adam_lr_0.0001 - INFO - Training completed after 983.32 seconds
2025-05-03 08:01:16,311 - training.model_MobileNetV3_opt_Adam_lr_0.0001 - INFO - Training completed after 983.32 seconds
2025-05-03 08:01:16,311 - training.model_MobileNetV3_opt_Adam_lr_0.0001 - INFO - Training completed after 983.32 seconds
2025-05-03 08:01:16,311 - training.model_MobileNetV3_opt_Adam_lr_0.0001 - INFO - Training completed after 983.32 seconds
2025-05-03 08:01:26,086 - training.model_MobileNetV3_opt_Adam_lr_0.0001 - INFO - Initialized training manager for model_MobileNetV3_opt_Adam_lr_0.0001
2025-05-03 08:01:26,086 - training.model_MobileNetV3_opt_Adam_lr_0.0001 - INFO - Initialized training manager for model_MobileNetV3_opt_Adam_lr_0.0001
2025-05-03 08:01:26,086 - training.model_MobileNetV3_opt_Adam_lr_0.0001 - INFO - Initialized training manager for model_MobileNetV3_opt_Adam_lr_0.0001
2025-05-03 08:01:26,086 - training.model_MobileNetV3_opt_Adam_lr_0.0001 - INFO - Initialized training manager for model_MobileNetV3_opt_Adam_lr_0.0001
2025-05-03 08:01:26,086 - training.model_MobileNetV3_opt_Adam_lr_0.0001 - INFO - Initialized training manager for model_MobileNetV3_opt_Adam_lr_0.0001
2025-05-03 08:01:26,086 - training.model_MobileNetV3_opt_Adam_lr_0.0001 - INFO - Initialized training manager for model_MobileNetV3_opt_Adam_lr_0.0001
2025-05-03 08:01:26,086 - training.model_MobileNetV3_opt_Adam_lr_0.0001 - INFO - Initialized training manager for model_MobileNetV3_opt_Adam_lr_0.0001
2025-05-03 08:01:26,086 - training.model_MobileNetV3_opt_Adam_lr_0.0001 - INFO - Initialized training manager for model_MobileNetV3_opt_Adam_lr_0.0001
2025-05-03 08:01:26,086 - training.model_MobileNetV3_opt_Adam_lr_0.0001 - INFO - Initialized training manager for model_MobileNetV3_opt_Adam_lr_0.0001
2025-05-03 08:01:26,086 - training.model_MobileNetV3_opt_Adam_lr_0.0001 - INFO - Initialized training manager for model_MobileNetV3_opt_Adam_lr_0.0001
2025-05-03 08:01:26,086 - training.model_MobileNetV3_opt_Adam_lr_0.0001 - INFO - Initialized training manager for model_MobileNetV3_opt_Adam_lr_0.0001
2025-05-03 08:01:26,086 - training.model_MobileNetV3_opt_Adam_lr_0.0001 - INFO - Config: {
  "id": 611,
  "model_name": "MobileNetV3",
  "optimizer": "Adam",
  "learning_rate": 0.0001,
  "scheduler": {
    "name": "CosineAnnealingWarmRestarts",
    "T_0": 10
  },
  "loss_fn": {
    "name": "FocalLoss",
    "alpha": 0.25,
    "gamma": 2.0
  }
}
2025-05-03 08:01:26,086 - training.model_MobileNetV3_opt_Adam_lr_0.0001 - INFO - Config: {
  "id": 611,
  "model_name": "MobileNetV3",
  "optimizer": "Adam",
  "learning_rate": 0.0001,
  "scheduler": {
    "name": "CosineAnnealingWarmRestarts",
    "T_0": 10
  },
  "loss_fn": {
    "name": "FocalLoss",
    "alpha": 0.25,
    "gamma": 2.0
  }
}
2025-05-03 08:01:26,086 - training.model_MobileNetV3_opt_Adam_lr_0.0001 - INFO - Config: {
  "id": 611,
  "model_name": "MobileNetV3",
  "optimizer": "Adam",
  "learning_rate": 0.0001,
  "scheduler": {
    "name": "CosineAnnealingWarmRestarts",
    "T_0": 10
  },
  "loss_fn": {
    "name": "FocalLoss",
    "alpha": 0.25,
    "gamma": 2.0
  }
}
2025-05-03 08:01:26,086 - training.model_MobileNetV3_opt_Adam_lr_0.0001 - INFO - Config: {
  "id": 611,
  "model_name": "MobileNetV3",
  "optimizer": "Adam",
  "learning_rate": 0.0001,
  "scheduler": {
    "name": "CosineAnnealingWarmRestarts",
    "T_0": 10
  },
  "loss_fn": {
    "name": "FocalLoss",
    "alpha": 0.25,
    "gamma": 2.0
  }
}
2025-05-03 08:01:26,086 - training.model_MobileNetV3_opt_Adam_lr_0.0001 - INFO - Config: {
  "id": 611,
  "model_name": "MobileNetV3",
  "optimizer": "Adam",
  "learning_rate": 0.0001,
  "scheduler": {
    "name": "CosineAnnealingWarmRestarts",
    "T_0": 10
  },
  "loss_fn": {
    "name": "FocalLoss",
    "alpha": 0.25,
    "gamma": 2.0
  }
}
2025-05-03 08:01:26,086 - training.model_MobileNetV3_opt_Adam_lr_0.0001 - INFO - Config: {
  "id": 611,
  "model_name": "MobileNetV3",
  "optimizer": "Adam",
  "learning_rate": 0.0001,
  "scheduler": {
    "name": "CosineAnnealingWarmRestarts",
    "T_0": 10
  },
  "loss_fn": {
    "name": "FocalLoss",
    "alpha": 0.25,
    "gamma": 2.0
  }
}
2025-05-03 08:01:26,086 - training.model_MobileNetV3_opt_Adam_lr_0.0001 - INFO - Config: {
  "id": 611,
  "model_name": "MobileNetV3",
  "optimizer": "Adam",
  "learning_rate": 0.0001,
  "scheduler": {
    "name": "CosineAnnealingWarmRestarts",
    "T_0": 10
  },
  "loss_fn": {
    "name": "FocalLoss",
    "alpha": 0.25,
    "gamma": 2.0
  }
}
2025-05-03 08:01:26,086 - training.model_MobileNetV3_opt_Adam_lr_0.0001 - INFO - Config: {
  "id": 611,
  "model_name": "MobileNetV3",
  "optimizer": "Adam",
  "learning_rate": 0.0001,
  "scheduler": {
    "name": "CosineAnnealingWarmRestarts",
    "T_0": 10
  },
  "loss_fn": {
    "name": "FocalLoss",
    "alpha": 0.25,
    "gamma": 2.0
  }
}
2025-05-03 08:01:26,086 - training.model_MobileNetV3_opt_Adam_lr_0.0001 - INFO - Config: {
  "id": 611,
  "model_name": "MobileNetV3",
  "optimizer": "Adam",
  "learning_rate": 0.0001,
  "scheduler": {
    "name": "CosineAnnealingWarmRestarts",
    "T_0": 10
  },
  "loss_fn": {
    "name": "FocalLoss",
    "alpha": 0.25,
    "gamma": 2.0
  }
}
2025-05-03 08:01:26,086 - training.model_MobileNetV3_opt_Adam_lr_0.0001 - INFO - Config: {
  "id": 611,
  "model_name": "MobileNetV3",
  "optimizer": "Adam",
  "learning_rate": 0.0001,
  "scheduler": {
    "name": "CosineAnnealingWarmRestarts",
    "T_0": 10
  },
  "loss_fn": {
    "name": "FocalLoss",
    "alpha": 0.25,
    "gamma": 2.0
  }
}
2025-05-03 08:01:26,086 - training.model_MobileNetV3_opt_Adam_lr_0.0001 - INFO - Config: {
  "id": 611,
  "model_name": "MobileNetV3",
  "optimizer": "Adam",
  "learning_rate": 0.0001,
  "scheduler": {
    "name": "CosineAnnealingWarmRestarts",
    "T_0": 10
  },
  "loss_fn": {
    "name": "FocalLoss",
    "alpha": 0.25,
    "gamma": 2.0
  }
}
2025-05-03 08:01:26,086 - training.model_MobileNetV3_opt_Adam_lr_0.0001 - INFO - Loading checkpoint from model_results_v2/model_MobileNetV3_opt_Adam_lr_0.0001/checkpoint.pt
2025-05-03 08:01:26,086 - training.model_MobileNetV3_opt_Adam_lr_0.0001 - INFO - Loading checkpoint from model_results_v2/model_MobileNetV3_opt_Adam_lr_0.0001/checkpoint.pt
2025-05-03 08:01:26,086 - training.model_MobileNetV3_opt_Adam_lr_0.0001 - INFO - Loading checkpoint from model_results_v2/model_MobileNetV3_opt_Adam_lr_0.0001/checkpoint.pt
2025-05-03 08:01:26,086 - training.model_MobileNetV3_opt_Adam_lr_0.0001 - INFO - Loading checkpoint from model_results_v2/model_MobileNetV3_opt_Adam_lr_0.0001/checkpoint.pt
2025-05-03 08:01:26,086 - training.model_MobileNetV3_opt_Adam_lr_0.0001 - INFO - Loading checkpoint from model_results_v2/model_MobileNetV3_opt_Adam_lr_0.0001/checkpoint.pt
2025-05-03 08:01:26,086 - training.model_MobileNetV3_opt_Adam_lr_0.0001 - INFO - Loading checkpoint from model_results_v2/model_MobileNetV3_opt_Adam_lr_0.0001/checkpoint.pt
2025-05-03 08:01:26,086 - training.model_MobileNetV3_opt_Adam_lr_0.0001 - INFO - Loading checkpoint from model_results_v2/model_MobileNetV3_opt_Adam_lr_0.0001/checkpoint.pt
2025-05-03 08:01:26,086 - training.model_MobileNetV3_opt_Adam_lr_0.0001 - INFO - Loading checkpoint from model_results_v2/model_MobileNetV3_opt_Adam_lr_0.0001/checkpoint.pt
2025-05-03 08:01:26,086 - training.model_MobileNetV3_opt_Adam_lr_0.0001 - INFO - Loading checkpoint from model_results_v2/model_MobileNetV3_opt_Adam_lr_0.0001/checkpoint.pt
2025-05-03 08:01:26,086 - training.model_MobileNetV3_opt_Adam_lr_0.0001 - INFO - Loading checkpoint from model_results_v2/model_MobileNetV3_opt_Adam_lr_0.0001/checkpoint.pt
2025-05-03 08:01:26,086 - training.model_MobileNetV3_opt_Adam_lr_0.0001 - INFO - Loading checkpoint from model_results_v2/model_MobileNetV3_opt_Adam_lr_0.0001/checkpoint.pt
2025-05-03 08:01:26,173 - training.model_MobileNetV3_opt_Adam_lr_0.0001 - INFO - Resuming from epoch 20, best validation accuracy: 0.9846
2025-05-03 08:01:26,173 - training.model_MobileNetV3_opt_Adam_lr_0.0001 - INFO - Resuming from epoch 20, best validation accuracy: 0.9846
2025-05-03 08:01:26,173 - training.model_MobileNetV3_opt_Adam_lr_0.0001 - INFO - Resuming from epoch 20, best validation accuracy: 0.9846
2025-05-03 08:01:26,173 - training.model_MobileNetV3_opt_Adam_lr_0.0001 - INFO - Resuming from epoch 20, best validation accuracy: 0.9846
2025-05-03 08:01:26,173 - training.model_MobileNetV3_opt_Adam_lr_0.0001 - INFO - Resuming from epoch 20, best validation accuracy: 0.9846
2025-05-03 08:01:26,173 - training.model_MobileNetV3_opt_Adam_lr_0.0001 - INFO - Resuming from epoch 20, best validation accuracy: 0.9846
2025-05-03 08:01:26,173 - training.model_MobileNetV3_opt_Adam_lr_0.0001 - INFO - Resuming from epoch 20, best validation accuracy: 0.9846
2025-05-03 08:01:26,173 - training.model_MobileNetV3_opt_Adam_lr_0.0001 - INFO - Resuming from epoch 20, best validation accuracy: 0.9846
2025-05-03 08:01:26,173 - training.model_MobileNetV3_opt_Adam_lr_0.0001 - INFO - Resuming from epoch 20, best validation accuracy: 0.9846
2025-05-03 08:01:26,173 - training.model_MobileNetV3_opt_Adam_lr_0.0001 - INFO - Resuming from epoch 20, best validation accuracy: 0.9846
2025-05-03 08:01:26,173 - training.model_MobileNetV3_opt_Adam_lr_0.0001 - INFO - Resuming from epoch 20, best validation accuracy: 0.9846
2025-05-03 08:01:26,174 - training.model_MobileNetV3_opt_Adam_lr_0.0001 - INFO - Training completed after 983.32 seconds
2025-05-03 08:01:26,174 - training.model_MobileNetV3_opt_Adam_lr_0.0001 - INFO - Training completed after 983.32 seconds
2025-05-03 08:01:26,174 - training.model_MobileNetV3_opt_Adam_lr_0.0001 - INFO - Training completed after 983.32 seconds
2025-05-03 08:01:26,174 - training.model_MobileNetV3_opt_Adam_lr_0.0001 - INFO - Training completed after 983.32 seconds
2025-05-03 08:01:26,174 - training.model_MobileNetV3_opt_Adam_lr_0.0001 - INFO - Training completed after 983.32 seconds
2025-05-03 08:01:26,174 - training.model_MobileNetV3_opt_Adam_lr_0.0001 - INFO - Training completed after 983.32 seconds
2025-05-03 08:01:26,174 - training.model_MobileNetV3_opt_Adam_lr_0.0001 - INFO - Training completed after 983.32 seconds
2025-05-03 08:01:26,174 - training.model_MobileNetV3_opt_Adam_lr_0.0001 - INFO - Training completed after 983.32 seconds
2025-05-03 08:01:26,174 - training.model_MobileNetV3_opt_Adam_lr_0.0001 - INFO - Training completed after 983.32 seconds
2025-05-03 08:01:26,174 - training.model_MobileNetV3_opt_Adam_lr_0.0001 - INFO - Training completed after 983.32 seconds
2025-05-03 08:01:26,174 - training.model_MobileNetV3_opt_Adam_lr_0.0001 - INFO - Training completed after 983.32 seconds
2025-05-03 08:01:35,549 - training.model_MobileNetV3_opt_Adam_lr_0.0001 - INFO - Initialized training manager for model_MobileNetV3_opt_Adam_lr_0.0001
2025-05-03 08:01:35,549 - training.model_MobileNetV3_opt_Adam_lr_0.0001 - INFO - Initialized training manager for model_MobileNetV3_opt_Adam_lr_0.0001
2025-05-03 08:01:35,549 - training.model_MobileNetV3_opt_Adam_lr_0.0001 - INFO - Initialized training manager for model_MobileNetV3_opt_Adam_lr_0.0001
2025-05-03 08:01:35,549 - training.model_MobileNetV3_opt_Adam_lr_0.0001 - INFO - Initialized training manager for model_MobileNetV3_opt_Adam_lr_0.0001
2025-05-03 08:01:35,549 - training.model_MobileNetV3_opt_Adam_lr_0.0001 - INFO - Initialized training manager for model_MobileNetV3_opt_Adam_lr_0.0001
2025-05-03 08:01:35,549 - training.model_MobileNetV3_opt_Adam_lr_0.0001 - INFO - Initialized training manager for model_MobileNetV3_opt_Adam_lr_0.0001
2025-05-03 08:01:35,549 - training.model_MobileNetV3_opt_Adam_lr_0.0001 - INFO - Initialized training manager for model_MobileNetV3_opt_Adam_lr_0.0001
2025-05-03 08:01:35,549 - training.model_MobileNetV3_opt_Adam_lr_0.0001 - INFO - Initialized training manager for model_MobileNetV3_opt_Adam_lr_0.0001
2025-05-03 08:01:35,549 - training.model_MobileNetV3_opt_Adam_lr_0.0001 - INFO - Initialized training manager for model_MobileNetV3_opt_Adam_lr_0.0001
2025-05-03 08:01:35,549 - training.model_MobileNetV3_opt_Adam_lr_0.0001 - INFO - Initialized training manager for model_MobileNetV3_opt_Adam_lr_0.0001
2025-05-03 08:01:35,549 - training.model_MobileNetV3_opt_Adam_lr_0.0001 - INFO - Initialized training manager for model_MobileNetV3_opt_Adam_lr_0.0001
2025-05-03 08:01:35,549 - training.model_MobileNetV3_opt_Adam_lr_0.0001 - INFO - Initialized training manager for model_MobileNetV3_opt_Adam_lr_0.0001
2025-05-03 08:01:35,550 - training.model_MobileNetV3_opt_Adam_lr_0.0001 - INFO - Config: {
  "id": 612,
  "model_name": "MobileNetV3",
  "optimizer": "Adam",
  "learning_rate": 0.0001,
  "scheduler": {
    "name": "CosineAnnealingWarmRestarts",
    "T_0": 10
  },
  "loss_fn": {
    "name": "LabelSmoothing",
    "smoothing": 0.1
  }
}
2025-05-03 08:01:35,550 - training.model_MobileNetV3_opt_Adam_lr_0.0001 - INFO - Config: {
  "id": 612,
  "model_name": "MobileNetV3",
  "optimizer": "Adam",
  "learning_rate": 0.0001,
  "scheduler": {
    "name": "CosineAnnealingWarmRestarts",
    "T_0": 10
  },
  "loss_fn": {
    "name": "LabelSmoothing",
    "smoothing": 0.1
  }
}
2025-05-03 08:01:35,550 - training.model_MobileNetV3_opt_Adam_lr_0.0001 - INFO - Config: {
  "id": 612,
  "model_name": "MobileNetV3",
  "optimizer": "Adam",
  "learning_rate": 0.0001,
  "scheduler": {
    "name": "CosineAnnealingWarmRestarts",
    "T_0": 10
  },
  "loss_fn": {
    "name": "LabelSmoothing",
    "smoothing": 0.1
  }
}
2025-05-03 08:01:35,550 - training.model_MobileNetV3_opt_Adam_lr_0.0001 - INFO - Config: {
  "id": 612,
  "model_name": "MobileNetV3",
  "optimizer": "Adam",
  "learning_rate": 0.0001,
  "scheduler": {
    "name": "CosineAnnealingWarmRestarts",
    "T_0": 10
  },
  "loss_fn": {
    "name": "LabelSmoothing",
    "smoothing": 0.1
  }
}
2025-05-03 08:01:35,550 - training.model_MobileNetV3_opt_Adam_lr_0.0001 - INFO - Config: {
  "id": 612,
  "model_name": "MobileNetV3",
  "optimizer": "Adam",
  "learning_rate": 0.0001,
  "scheduler": {
    "name": "CosineAnnealingWarmRestarts",
    "T_0": 10
  },
  "loss_fn": {
    "name": "LabelSmoothing",
    "smoothing": 0.1
  }
}
2025-05-03 08:01:35,550 - training.model_MobileNetV3_opt_Adam_lr_0.0001 - INFO - Config: {
  "id": 612,
  "model_name": "MobileNetV3",
  "optimizer": "Adam",
  "learning_rate": 0.0001,
  "scheduler": {
    "name": "CosineAnnealingWarmRestarts",
    "T_0": 10
  },
  "loss_fn": {
    "name": "LabelSmoothing",
    "smoothing": 0.1
  }
}
2025-05-03 08:01:35,550 - training.model_MobileNetV3_opt_Adam_lr_0.0001 - INFO - Config: {
  "id": 612,
  "model_name": "MobileNetV3",
  "optimizer": "Adam",
  "learning_rate": 0.0001,
  "scheduler": {
    "name": "CosineAnnealingWarmRestarts",
    "T_0": 10
  },
  "loss_fn": {
    "name": "LabelSmoothing",
    "smoothing": 0.1
  }
}
2025-05-03 08:01:35,550 - training.model_MobileNetV3_opt_Adam_lr_0.0001 - INFO - Config: {
  "id": 612,
  "model_name": "MobileNetV3",
  "optimizer": "Adam",
  "learning_rate": 0.0001,
  "scheduler": {
    "name": "CosineAnnealingWarmRestarts",
    "T_0": 10
  },
  "loss_fn": {
    "name": "LabelSmoothing",
    "smoothing": 0.1
  }
}
2025-05-03 08:01:35,550 - training.model_MobileNetV3_opt_Adam_lr_0.0001 - INFO - Config: {
  "id": 612,
  "model_name": "MobileNetV3",
  "optimizer": "Adam",
  "learning_rate": 0.0001,
  "scheduler": {
    "name": "CosineAnnealingWarmRestarts",
    "T_0": 10
  },
  "loss_fn": {
    "name": "LabelSmoothing",
    "smoothing": 0.1
  }
}
2025-05-03 08:01:35,550 - training.model_MobileNetV3_opt_Adam_lr_0.0001 - INFO - Config: {
  "id": 612,
  "model_name": "MobileNetV3",
  "optimizer": "Adam",
  "learning_rate": 0.0001,
  "scheduler": {
    "name": "CosineAnnealingWarmRestarts",
    "T_0": 10
  },
  "loss_fn": {
    "name": "LabelSmoothing",
    "smoothing": 0.1
  }
}
2025-05-03 08:01:35,550 - training.model_MobileNetV3_opt_Adam_lr_0.0001 - INFO - Config: {
  "id": 612,
  "model_name": "MobileNetV3",
  "optimizer": "Adam",
  "learning_rate": 0.0001,
  "scheduler": {
    "name": "CosineAnnealingWarmRestarts",
    "T_0": 10
  },
  "loss_fn": {
    "name": "LabelSmoothing",
    "smoothing": 0.1
  }
}
2025-05-03 08:01:35,550 - training.model_MobileNetV3_opt_Adam_lr_0.0001 - INFO - Config: {
  "id": 612,
  "model_name": "MobileNetV3",
  "optimizer": "Adam",
  "learning_rate": 0.0001,
  "scheduler": {
    "name": "CosineAnnealingWarmRestarts",
    "T_0": 10
  },
  "loss_fn": {
    "name": "LabelSmoothing",
    "smoothing": 0.1
  }
}
2025-05-03 08:01:35,550 - training.model_MobileNetV3_opt_Adam_lr_0.0001 - INFO - Loading checkpoint from model_results_v2/model_MobileNetV3_opt_Adam_lr_0.0001/checkpoint.pt
2025-05-03 08:01:35,550 - training.model_MobileNetV3_opt_Adam_lr_0.0001 - INFO - Loading checkpoint from model_results_v2/model_MobileNetV3_opt_Adam_lr_0.0001/checkpoint.pt
2025-05-03 08:01:35,550 - training.model_MobileNetV3_opt_Adam_lr_0.0001 - INFO - Loading checkpoint from model_results_v2/model_MobileNetV3_opt_Adam_lr_0.0001/checkpoint.pt
2025-05-03 08:01:35,550 - training.model_MobileNetV3_opt_Adam_lr_0.0001 - INFO - Loading checkpoint from model_results_v2/model_MobileNetV3_opt_Adam_lr_0.0001/checkpoint.pt
2025-05-03 08:01:35,550 - training.model_MobileNetV3_opt_Adam_lr_0.0001 - INFO - Loading checkpoint from model_results_v2/model_MobileNetV3_opt_Adam_lr_0.0001/checkpoint.pt
2025-05-03 08:01:35,550 - training.model_MobileNetV3_opt_Adam_lr_0.0001 - INFO - Loading checkpoint from model_results_v2/model_MobileNetV3_opt_Adam_lr_0.0001/checkpoint.pt
2025-05-03 08:01:35,550 - training.model_MobileNetV3_opt_Adam_lr_0.0001 - INFO - Loading checkpoint from model_results_v2/model_MobileNetV3_opt_Adam_lr_0.0001/checkpoint.pt
2025-05-03 08:01:35,550 - training.model_MobileNetV3_opt_Adam_lr_0.0001 - INFO - Loading checkpoint from model_results_v2/model_MobileNetV3_opt_Adam_lr_0.0001/checkpoint.pt
2025-05-03 08:01:35,550 - training.model_MobileNetV3_opt_Adam_lr_0.0001 - INFO - Loading checkpoint from model_results_v2/model_MobileNetV3_opt_Adam_lr_0.0001/checkpoint.pt
2025-05-03 08:01:35,550 - training.model_MobileNetV3_opt_Adam_lr_0.0001 - INFO - Loading checkpoint from model_results_v2/model_MobileNetV3_opt_Adam_lr_0.0001/checkpoint.pt
2025-05-03 08:01:35,550 - training.model_MobileNetV3_opt_Adam_lr_0.0001 - INFO - Loading checkpoint from model_results_v2/model_MobileNetV3_opt_Adam_lr_0.0001/checkpoint.pt
2025-05-03 08:01:35,550 - training.model_MobileNetV3_opt_Adam_lr_0.0001 - INFO - Loading checkpoint from model_results_v2/model_MobileNetV3_opt_Adam_lr_0.0001/checkpoint.pt
2025-05-03 08:01:35,636 - training.model_MobileNetV3_opt_Adam_lr_0.0001 - INFO - Resuming from epoch 20, best validation accuracy: 0.9846
2025-05-03 08:01:35,636 - training.model_MobileNetV3_opt_Adam_lr_0.0001 - INFO - Resuming from epoch 20, best validation accuracy: 0.9846
2025-05-03 08:01:35,636 - training.model_MobileNetV3_opt_Adam_lr_0.0001 - INFO - Resuming from epoch 20, best validation accuracy: 0.9846
2025-05-03 08:01:35,636 - training.model_MobileNetV3_opt_Adam_lr_0.0001 - INFO - Resuming from epoch 20, best validation accuracy: 0.9846
2025-05-03 08:01:35,636 - training.model_MobileNetV3_opt_Adam_lr_0.0001 - INFO - Resuming from epoch 20, best validation accuracy: 0.9846
2025-05-03 08:01:35,636 - training.model_MobileNetV3_opt_Adam_lr_0.0001 - INFO - Resuming from epoch 20, best validation accuracy: 0.9846
2025-05-03 08:01:35,636 - training.model_MobileNetV3_opt_Adam_lr_0.0001 - INFO - Resuming from epoch 20, best validation accuracy: 0.9846
2025-05-03 08:01:35,636 - training.model_MobileNetV3_opt_Adam_lr_0.0001 - INFO - Resuming from epoch 20, best validation accuracy: 0.9846
2025-05-03 08:01:35,636 - training.model_MobileNetV3_opt_Adam_lr_0.0001 - INFO - Resuming from epoch 20, best validation accuracy: 0.9846
2025-05-03 08:01:35,636 - training.model_MobileNetV3_opt_Adam_lr_0.0001 - INFO - Resuming from epoch 20, best validation accuracy: 0.9846
2025-05-03 08:01:35,636 - training.model_MobileNetV3_opt_Adam_lr_0.0001 - INFO - Resuming from epoch 20, best validation accuracy: 0.9846
2025-05-03 08:01:35,636 - training.model_MobileNetV3_opt_Adam_lr_0.0001 - INFO - Resuming from epoch 20, best validation accuracy: 0.9846
2025-05-03 08:01:35,637 - training.model_MobileNetV3_opt_Adam_lr_0.0001 - INFO - Training completed after 983.32 seconds
2025-05-03 08:01:35,637 - training.model_MobileNetV3_opt_Adam_lr_0.0001 - INFO - Training completed after 983.32 seconds
2025-05-03 08:01:35,637 - training.model_MobileNetV3_opt_Adam_lr_0.0001 - INFO - Training completed after 983.32 seconds
2025-05-03 08:01:35,637 - training.model_MobileNetV3_opt_Adam_lr_0.0001 - INFO - Training completed after 983.32 seconds
2025-05-03 08:01:35,637 - training.model_MobileNetV3_opt_Adam_lr_0.0001 - INFO - Training completed after 983.32 seconds
2025-05-03 08:01:35,637 - training.model_MobileNetV3_opt_Adam_lr_0.0001 - INFO - Training completed after 983.32 seconds
2025-05-03 08:01:35,637 - training.model_MobileNetV3_opt_Adam_lr_0.0001 - INFO - Training completed after 983.32 seconds
2025-05-03 08:01:35,637 - training.model_MobileNetV3_opt_Adam_lr_0.0001 - INFO - Training completed after 983.32 seconds
2025-05-03 08:01:35,637 - training.model_MobileNetV3_opt_Adam_lr_0.0001 - INFO - Training completed after 983.32 seconds
2025-05-03 08:01:35,637 - training.model_MobileNetV3_opt_Adam_lr_0.0001 - INFO - Training completed after 983.32 seconds
2025-05-03 08:01:35,637 - training.model_MobileNetV3_opt_Adam_lr_0.0001 - INFO - Training completed after 983.32 seconds
2025-05-03 08:01:35,637 - training.model_MobileNetV3_opt_Adam_lr_0.0001 - INFO - Training completed after 983.32 seconds
