2025-05-01 01:52:17,852 - training.model_ResNet50_opt_AdamW_lr_0.01_id_77 - INFO - Initialized training manager for model_ResNet50_opt_AdamW_lr_0.01_id_77
2025-05-01 01:52:17,852 - training.model_ResNet50_opt_AdamW_lr_0.01_id_77 - INFO - Config: {
  "id": 77,
  "model_name": "ResNet50",
  "optimizer": "AdamW",
  "learning_rate": 0.01,
  "scheduler": {
    "name": "ReduceLROnPlateau",
    "patience": 5,
    "factor": 0.5
  },
  "loss_fn": {
    "name": "FocalLoss",
    "alpha": 0.25,
    "gamma": 2.0
  }
}
2025-05-01 01:52:18,103 - training.model_ResNet50_opt_AdamW_lr_0.01_id_77 - INFO - Starting model evaluation
2025-05-01 01:52:25,668 - training.model_ResNet50_opt_AdamW_lr_0.01_id_77 - INFO - Evaluation metrics:
  Accuracy:  0.7800
  Precision: 0.8404
  Recall:    0.2762
  F1 Score:  0.4158
  IoU:       0.2625
  mAP:       0.4716
  AUC:       0.6263
2025-05-01 01:52:25,670 - training.model_ResNet50_opt_AdamW_lr_0.01_id_77 - INFO - Final results saved to model_results_v2/model_ResNet50_opt_AdamW_lr_0.01_id_77/final_results.json
2025-05-01 01:52:25,671 - training.model_ResNet50_opt_AdamW_lr_0.01_id_77 - INFO - Final results saved to model_results_v2/model_ResNet50_opt_AdamW_lr_0.01_id_77/final_results.json
