2025-05-01 05:43:10,080 - training.model_ResNet101_opt_Adam_lr_0.001_id_162 - INFO - Initialized training manager for model_ResNet101_opt_Adam_lr_0.001_id_162
2025-05-01 05:43:10,081 - training.model_ResNet101_opt_Adam_lr_0.001_id_162 - INFO - Config: {
  "id": 162,
  "model_name": "ResNet101",
  "optimizer": "Adam",
  "learning_rate": 0.001,
  "scheduler": {
    "name": "ReduceLROnPlateau",
    "patience": 5,
    "factor": 0.5
  },
  "loss_fn": {
    "name": "LabelSmoothing",
    "smoothing": 0.1
  }
}
2025-05-01 05:43:10,499 - training.model_ResNet101_opt_Adam_lr_0.001_id_162 - INFO - Starting model evaluation
2025-05-01 05:43:20,077 - training.model_ResNet101_opt_Adam_lr_0.001_id_162 - INFO - Evaluation metrics:
  Accuracy:  0.9128
  Precision: 0.8235
  Recall:    0.8811
  F1 Score:  0.8514
  IoU:       0.7412
  mAP:       0.9059
  AUC:       0.9602
2025-05-01 05:43:20,079 - training.model_ResNet101_opt_Adam_lr_0.001_id_162 - INFO - Final results saved to model_results_v2/model_ResNet101_opt_Adam_lr_0.001_id_162/final_results.json
2025-05-01 05:43:20,080 - training.model_ResNet101_opt_Adam_lr_0.001_id_162 - INFO - Final results saved to model_results_v2/model_ResNet101_opt_Adam_lr_0.001_id_162/final_results.json
