2025-05-03 05:50:12,065 - training.model_DenseNet121_opt_AdamW_lr_0.001_id_526 - INFO - Initialized training manager for model_DenseNet121_opt_AdamW_lr_0.001_id_526
2025-05-03 05:50:12,065 - training.model_DenseNet121_opt_AdamW_lr_0.001_id_526 - INFO - Config: {
  "id": 526,
  "model_name": "DenseNet121",
  "optimizer": "AdamW",
  "learning_rate": 0.001,
  "scheduler": {
    "name": "CosineAnnealingWarmRestarts",
    "T_0": 10
  },
  "loss_fn": {
    "name": "CrossEntropy"
  }
}
2025-05-03 05:50:12,384 - training.model_DenseNet121_opt_AdamW_lr_0.001_id_526 - INFO - Starting model evaluation
2025-05-03 05:50:24,275 - training.model_DenseNet121_opt_AdamW_lr_0.001_id_526 - INFO - Evaluation metrics:
  Accuracy:  0.9277
  Precision: 0.8635
  Recall:    0.8846
  F1 Score:  0.8739
  IoU:       0.7761
  mAP:       0.9284
  AUC:       0.9634
2025-05-03 05:50:24,277 - training.model_DenseNet121_opt_AdamW_lr_0.001_id_526 - INFO - Final results saved to model_results_v2/model_DenseNet121_opt_AdamW_lr_0.001_id_526/final_results.json
2025-05-03 05:50:24,278 - training.model_DenseNet121_opt_AdamW_lr_0.001_id_526 - INFO - Final results saved to model_results_v2/model_DenseNet121_opt_AdamW_lr_0.001_id_526/final_results.json
