2025-05-01 10:26:56,648 - training.model_EfficientNet-B2_opt_AdamW_lr_0.0001_id_318 - INFO - Initialized training manager for model_EfficientNet-B2_opt_AdamW_lr_0.0001_id_318
2025-05-01 10:26:56,648 - training.model_EfficientNet-B2_opt_AdamW_lr_0.0001_id_318 - INFO - Config: {
  "id": 318,
  "model_name": "EfficientNet-B2",
  "optimizer": "AdamW",
  "learning_rate": 0.0001,
  "scheduler": {
    "name": "ReduceLROnPlateau",
    "patience": 5,
    "factor": 0.5
  },
  "loss_fn": {
    "name": "LabelSmoothing",
    "smoothing": 0.1
  }
}
2025-05-01 10:26:57,953 - training.model_EfficientNet-B2_opt_AdamW_lr_0.0001_id_318 - INFO - Starting model evaluation
2025-05-01 10:27:08,974 - training.model_EfficientNet-B2_opt_AdamW_lr_0.0001_id_318 - INFO - Evaluation metrics:
  Accuracy:  0.9703
  Precision: 0.9324
  Recall:    0.9650
  F1 Score:  0.9485
  IoU:       0.9020
  mAP:       0.9798
  AUC:       0.9944
2025-05-01 10:27:08,976 - training.model_EfficientNet-B2_opt_AdamW_lr_0.0001_id_318 - INFO - Final results saved to model_results_v2/model_EfficientNet-B2_opt_AdamW_lr_0.0001_id_318/final_results.json
2025-05-01 10:27:08,978 - training.model_EfficientNet-B2_opt_AdamW_lr_0.0001_id_318 - INFO - Final results saved to model_results_v2/model_EfficientNet-B2_opt_AdamW_lr_0.0001_id_318/final_results.json
