2025-05-01 07:35:04,495 - training.model_EfficientNet-B2_opt_SGD_lr_0.01_id_223 - INFO - Initialized training manager for model_EfficientNet-B2_opt_SGD_lr_0.01_id_223
2025-05-01 07:35:04,495 - training.model_EfficientNet-B2_opt_SGD_lr_0.01_id_223 - INFO - Config: {
  "id": 223,
  "model_name": "EfficientNet-B2",
  "optimizer": "SGD",
  "learning_rate": 0.01,
  "scheduler": {
    "name": "CosineAnnealingLR",
    "T_max": 10
  },
  "loss_fn": {
    "name": "CrossEntropy"
  }
}
2025-05-01 07:35:05,404 - training.model_EfficientNet-B2_opt_SGD_lr_0.01_id_223 - INFO - Starting model evaluation
2025-05-01 07:35:16,501 - training.model_EfficientNet-B2_opt_SGD_lr_0.01_id_223 - INFO - Evaluation metrics:
  Accuracy:  0.9683
  Precision: 0.9233
  Recall:    0.9685
  F1 Score:  0.9454
  IoU:       0.8964
  mAP:       0.9870
  AUC:       0.9918
2025-05-01 07:35:16,503 - training.model_EfficientNet-B2_opt_SGD_lr_0.01_id_223 - INFO - Final results saved to model_results_v2/model_EfficientNet-B2_opt_SGD_lr_0.01_id_223/final_results.json
2025-05-01 07:35:16,504 - training.model_EfficientNet-B2_opt_SGD_lr_0.01_id_223 - INFO - Final results saved to model_results_v2/model_EfficientNet-B2_opt_SGD_lr_0.01_id_223/final_results.json
