2025-05-01 00:20:04,665 - training.model_ResNet50_opt_SGD_lr_0.001_id_15 - INFO - Initialized training manager for model_ResNet50_opt_SGD_lr_0.001_id_15
2025-05-01 00:20:04,665 - training.model_ResNet50_opt_SGD_lr_0.001_id_15 - INFO - Config: {
  "id": 15,
  "model_name": "ResNet50",
  "optimizer": "SGD",
  "learning_rate": 0.001,
  "scheduler": {
    "name": "StepLR",
    "step_size": 10,
    "gamma": 0.1
  },
  "loss_fn": {
    "name": "LabelSmoothing",
    "smoothing": 0.1
  }
}
2025-05-01 00:20:04,916 - training.model_ResNet50_opt_SGD_lr_0.001_id_15 - INFO - Starting model evaluation
2025-05-01 00:20:13,821 - training.model_ResNet50_opt_SGD_lr_0.001_id_15 - INFO - Evaluation metrics:
  Accuracy:  0.9554
  Precision: 0.9057
  Recall:    0.9406
  F1 Score:  0.9228
  IoU:       0.8567
  mAP:       0.9843
  AUC:       0.9924
2025-05-01 00:20:13,823 - training.model_ResNet50_opt_SGD_lr_0.001_id_15 - INFO - Final results saved to model_results_v2/model_ResNet50_opt_SGD_lr_0.001_id_15/final_results.json
2025-05-01 00:20:13,824 - training.model_ResNet50_opt_SGD_lr_0.001_id_15 - INFO - Final results saved to model_results_v2/model_ResNet50_opt_SGD_lr_0.001_id_15/final_results.json
