2025-05-01 11:28:42,600 - training.model_ViT-B-16_opt_Adam_lr_0.01_id_368 - INFO - Initialized training manager for model_ViT-B-16_opt_Adam_lr_0.01_id_368
2025-05-01 11:28:42,600 - training.model_ViT-B-16_opt_Adam_lr_0.01_id_368 - INFO - Config: {
  "id": 368,
  "model_name": "ViT-B-16",
  "optimizer": "Adam",
  "learning_rate": 0.01,
  "scheduler": {
    "name": "CosineAnnealingLR",
    "T_max": 10
  },
  "loss_fn": {
    "name": "FocalLoss",
    "alpha": 0.25,
    "gamma": 2.0
  }
}
2025-05-03 00:43:21,247 - training.model_ViT-B-16_opt_Adam_lr_0.01_id_368 - INFO - Initialized training manager for model_ViT-B-16_opt_Adam_lr_0.01_id_368
2025-05-03 00:43:21,249 - training.model_ViT-B-16_opt_Adam_lr_0.01_id_368 - INFO - Config: {
  "id": 368,
  "model_name": "ViT-B-16",
  "optimizer": "Adam",
  "learning_rate": 0.01,
  "scheduler": {
    "name": "CosineAnnealingLR",
    "T_max": 10
  },
  "loss_fn": {
    "name": "FocalLoss",
    "alpha": 0.25,
    "gamma": 2.0
  }
}
2025-05-03 00:43:22,107 - training.model_ViT-B-16_opt_Adam_lr_0.01_id_368 - INFO - Starting model evaluation
2025-05-03 00:44:25,118 - training.model_ViT-B-16_opt_Adam_lr_0.01_id_368 - INFO - Evaluation metrics:
  Accuracy:  0.7096
  Precision: 0.0000
  Recall:    0.0000
  F1 Score:  0.0000
  IoU:       0.0000
  mAP:       0.2628
  AUC:       0.4511
2025-05-03 00:44:25,120 - training.model_ViT-B-16_opt_Adam_lr_0.01_id_368 - INFO - Final results saved to model_results_v2/model_ViT-B-16_opt_Adam_lr_0.01_id_368/final_results.json
2025-05-03 00:44:25,122 - training.model_ViT-B-16_opt_Adam_lr_0.01_id_368 - INFO - Final results saved to model_results_v2/model_ViT-B-16_opt_Adam_lr_0.01_id_368/final_results.json
