2025-05-03 10:40:40,785 - training.model_ConvNeXt_opt_SGD_lr_0.0001_id_675 - INFO - Initialized training manager for model_ConvNeXt_opt_SGD_lr_0.0001_id_675
2025-05-03 10:40:40,785 - training.model_ConvNeXt_opt_SGD_lr_0.0001_id_675 - INFO - Config: {
  "id": 675,
  "model_name": "ConvNeXt",
  "optimizer": "SGD",
  "learning_rate": 0.0001,
  "scheduler": {
    "name": "StepLR",
    "step_size": 10,
    "gamma": 0.1
  },
  "loss_fn": {
    "name": "LabelSmoothing",
    "smoothing": 0.1
  }
}
2025-05-03 10:40:41,788 - training.model_ConvNeXt_opt_SGD_lr_0.0001_id_675 - INFO - Starting model evaluation
2025-05-03 10:40:53,221 - training.model_ConvNeXt_opt_SGD_lr_0.0001_id_675 - INFO - Evaluation metrics:
  Accuracy:  0.8999
  Precision: 0.7812
  Recall:    0.8986
  F1 Score:  0.8358
  IoU:       0.7179
  mAP:       0.9244
  AUC:       0.9591
2025-05-03 10:40:53,223 - training.model_ConvNeXt_opt_SGD_lr_0.0001_id_675 - INFO - Final results saved to model_results_v2/model_ConvNeXt_opt_SGD_lr_0.0001_id_675/final_results.json
2025-05-03 10:40:53,224 - training.model_ConvNeXt_opt_SGD_lr_0.0001_id_675 - INFO - Final results saved to model_results_v2/model_ConvNeXt_opt_SGD_lr_0.0001_id_675/final_results.json
