2025-05-01 11:29:25,772 - training.model_ViT-B-16_opt_Adam_lr_0.0001_id_394 - INFO - Initialized training manager for model_ViT-B-16_opt_Adam_lr_0.0001_id_394
2025-05-01 11:29:25,772 - training.model_ViT-B-16_opt_Adam_lr_0.0001_id_394 - INFO - Config: {
  "id": 394,
  "model_name": "ViT-B-16",
  "optimizer": "Adam",
  "learning_rate": 0.0001,
  "scheduler": {
    "name": "CosineAnnealingWarmRestarts",
    "T_0": 10
  },
  "loss_fn": {
    "name": "CrossEntropy"
  }
}
2025-05-03 02:51:36,759 - training.model_ViT-B-16_opt_Adam_lr_0.0001_id_394 - INFO - Initialized training manager for model_ViT-B-16_opt_Adam_lr_0.0001_id_394
2025-05-03 02:51:36,759 - training.model_ViT-B-16_opt_Adam_lr_0.0001_id_394 - INFO - Config: {
  "id": 394,
  "model_name": "ViT-B-16",
  "optimizer": "Adam",
  "learning_rate": 0.0001,
  "scheduler": {
    "name": "CosineAnnealingWarmRestarts",
    "T_0": 10
  },
  "loss_fn": {
    "name": "CrossEntropy"
  }
}
2025-05-03 02:51:38,054 - training.model_ViT-B-16_opt_Adam_lr_0.0001_id_394 - INFO - Starting model evaluation
2025-05-03 02:52:42,383 - training.model_ViT-B-16_opt_Adam_lr_0.0001_id_394 - INFO - Evaluation metrics:
  Accuracy:  0.8375
  Precision: 0.8675
  Recall:    0.5035
  F1 Score:  0.6372
  IoU:       0.4675
  mAP:       0.8081
  AUC:       0.8992
2025-05-03 02:52:42,386 - training.model_ViT-B-16_opt_Adam_lr_0.0001_id_394 - INFO - Final results saved to model_results_v2/model_ViT-B-16_opt_Adam_lr_0.0001_id_394/final_results.json
2025-05-03 02:52:42,389 - training.model_ViT-B-16_opt_Adam_lr_0.0001_id_394 - INFO - Final results saved to model_results_v2/model_ViT-B-16_opt_Adam_lr_0.0001_id_394/final_results.json
