2025-05-01 11:28:41,243 - training.model_ViT-B-16_opt_Adam_lr_0.01_id_367 - INFO - Initialized training manager for model_ViT-B-16_opt_Adam_lr_0.01_id_367
2025-05-01 11:28:41,243 - training.model_ViT-B-16_opt_Adam_lr_0.01_id_367 - INFO - Config: {
  "id": 367,
  "model_name": "ViT-B-16",
  "optimizer": "Adam",
  "learning_rate": 0.01,
  "scheduler": {
    "name": "CosineAnnealingLR",
    "T_max": 10
  },
  "loss_fn": {
    "name": "CrossEntropy"
  }
}
2025-05-03 00:42:17,980 - training.model_ViT-B-16_opt_Adam_lr_0.01_id_367 - INFO - Initialized training manager for model_ViT-B-16_opt_Adam_lr_0.01_id_367
2025-05-03 00:42:17,980 - training.model_ViT-B-16_opt_Adam_lr_0.01_id_367 - INFO - Config: {
  "id": 367,
  "model_name": "ViT-B-16",
  "optimizer": "Adam",
  "learning_rate": 0.01,
  "scheduler": {
    "name": "CosineAnnealingLR",
    "T_max": 10
  },
  "loss_fn": {
    "name": "CrossEntropy"
  }
}
2025-05-03 00:42:19,114 - training.model_ViT-B-16_opt_Adam_lr_0.01_id_367 - INFO - Starting model evaluation
2025-05-03 00:43:21,243 - training.model_ViT-B-16_opt_Adam_lr_0.01_id_367 - INFO - Evaluation metrics:
  Accuracy:  0.7106
  Precision: 0.0000
  Recall:    0.0000
  F1 Score:  0.0000
  IoU:       0.0000
  mAP:       0.2576
  AUC:       0.4344
2025-05-03 00:43:21,245 - training.model_ViT-B-16_opt_Adam_lr_0.01_id_367 - INFO - Final results saved to model_results_v2/model_ViT-B-16_opt_Adam_lr_0.01_id_367/final_results.json
2025-05-03 00:43:21,246 - training.model_ViT-B-16_opt_Adam_lr_0.01_id_367 - INFO - Final results saved to model_results_v2/model_ViT-B-16_opt_Adam_lr_0.01_id_367/final_results.json
