2025-05-01 10:05:37,018 - training.model_EfficientNet-B2_opt_AdamW_lr_0.001_id_307 - INFO - Initialized training manager for model_EfficientNet-B2_opt_AdamW_lr_0.001_id_307
2025-05-01 10:05:37,018 - training.model_EfficientNet-B2_opt_AdamW_lr_0.001_id_307 - INFO - Config: {
  "id": 307,
  "model_name": "EfficientNet-B2",
  "optimizer": "AdamW",
  "learning_rate": 0.001,
  "scheduler": {
    "name": "CosineAnnealingLR",
    "T_max": 10
  },
  "loss_fn": {
    "name": "CrossEntropy"
  }
}
2025-05-01 10:05:38,331 - training.model_EfficientNet-B2_opt_AdamW_lr_0.001_id_307 - INFO - Starting model evaluation
2025-05-01 10:05:49,332 - training.model_EfficientNet-B2_opt_AdamW_lr_0.001_id_307 - INFO - Evaluation metrics:
  Accuracy:  0.9524
  Precision: 0.8889
  Recall:    0.9510
  F1 Score:  0.9189
  IoU:       0.8500
  mAP:       0.9244
  AUC:       0.9769
2025-05-01 10:05:49,334 - training.model_EfficientNet-B2_opt_AdamW_lr_0.001_id_307 - INFO - Final results saved to model_results_v2/model_EfficientNet-B2_opt_AdamW_lr_0.001_id_307/final_results.json
2025-05-01 10:05:49,336 - training.model_EfficientNet-B2_opt_AdamW_lr_0.001_id_307 - INFO - Final results saved to model_results_v2/model_EfficientNet-B2_opt_AdamW_lr_0.001_id_307/final_results.json
