2025-05-01 11:29:01,108 - training.model_ViT-B-16_opt_Adam_lr_0.001_id_379 - INFO - Initialized training manager for model_ViT-B-16_opt_Adam_lr_0.001_id_379
2025-05-01 11:29:01,108 - training.model_ViT-B-16_opt_Adam_lr_0.001_id_379 - INFO - Config: {
  "id": 379,
  "model_name": "ViT-B-16",
  "optimizer": "Adam",
  "learning_rate": 0.001,
  "scheduler": {
    "name": "CosineAnnealingLR",
    "T_max": 10
  },
  "loss_fn": {
    "name": "CrossEntropy"
  }
}
2025-05-03 01:45:03,912 - training.model_ViT-B-16_opt_Adam_lr_0.001_id_379 - INFO - Initialized training manager for model_ViT-B-16_opt_Adam_lr_0.001_id_379
2025-05-03 01:45:03,912 - training.model_ViT-B-16_opt_Adam_lr_0.001_id_379 - INFO - Config: {
  "id": 379,
  "model_name": "ViT-B-16",
  "optimizer": "Adam",
  "learning_rate": 0.001,
  "scheduler": {
    "name": "CosineAnnealingLR",
    "T_max": 10
  },
  "loss_fn": {
    "name": "CrossEntropy"
  }
}
2025-05-03 01:45:04,869 - training.model_ViT-B-16_opt_Adam_lr_0.001_id_379 - INFO - Starting model evaluation
2025-05-03 01:46:09,466 - training.model_ViT-B-16_opt_Adam_lr_0.001_id_379 - INFO - Evaluation metrics:
  Accuracy:  0.7166
  Precision: 0.0000
  Recall:    0.0000
  F1 Score:  0.0000
  IoU:       0.0000
  mAP:       0.2788
  AUC:       0.4835
2025-05-03 01:46:09,469 - training.model_ViT-B-16_opt_Adam_lr_0.001_id_379 - INFO - Final results saved to model_results_v2/model_ViT-B-16_opt_Adam_lr_0.001_id_379/final_results.json
2025-05-03 01:46:09,471 - training.model_ViT-B-16_opt_Adam_lr_0.001_id_379 - INFO - Final results saved to model_results_v2/model_ViT-B-16_opt_Adam_lr_0.001_id_379/final_results.json
