2025-05-03 08:18:34,975 - training.model_MobileNetV3_opt_AdamW_lr_0.01_id_621 - INFO - Initialized training manager for model_MobileNetV3_opt_AdamW_lr_0.01_id_621
2025-05-03 08:18:34,975 - training.model_MobileNetV3_opt_AdamW_lr_0.01_id_621 - INFO - Config: {
  "id": 621,
  "model_name": "MobileNetV3",
  "optimizer": "AdamW",
  "learning_rate": 0.01,
  "scheduler": {
    "name": "CosineAnnealingLR",
    "T_max": 10
  },
  "loss_fn": {
    "name": "LabelSmoothing",
    "smoothing": 0.1
  }
}
2025-05-03 08:19:24,291 - training.model_MobileNetV3_opt_AdamW_lr_0.01_id_621 - INFO - Starting model evaluation
2025-05-03 08:19:33,303 - training.model_MobileNetV3_opt_AdamW_lr_0.01_id_621 - INFO - Evaluation metrics:
  Accuracy:  0.2834
  Precision: 0.2834
  Recall:    1.0000
  F1 Score:  0.4417
  IoU:       0.2834
  mAP:       0.2834
  AUC:       0.5000
2025-05-03 08:19:33,304 - training.model_MobileNetV3_opt_AdamW_lr_0.01_id_621 - INFO - Final results saved to model_results_v2/model_MobileNetV3_opt_AdamW_lr_0.01_id_621/final_results.json
2025-05-03 08:19:33,305 - training.model_MobileNetV3_opt_AdamW_lr_0.01_id_621 - INFO - Final results saved to model_results_v2/model_MobileNetV3_opt_AdamW_lr_0.01_id_621/final_results.json
