2025-05-03 13:20:55,633 - training.model_ConvNeXt_opt_AdamW_lr_0.001_id_735 - INFO - Initialized training manager for model_ConvNeXt_opt_AdamW_lr_0.001_id_735
2025-05-03 13:20:55,633 - training.model_ConvNeXt_opt_AdamW_lr_0.001_id_735 - INFO - Config: {
  "id": 735,
  "model_name": "ConvNeXt",
  "optimizer": "AdamW",
  "learning_rate": 0.001,
  "scheduler": {
    "name": "StepLR",
    "step_size": 10,
    "gamma": 0.1
  },
  "loss_fn": {
    "name": "LabelSmoothing",
    "smoothing": 0.1
  }
}
2025-05-03 13:20:57,038 - training.model_ConvNeXt_opt_AdamW_lr_0.001_id_735 - INFO - Starting model evaluation
2025-05-03 13:21:08,748 - training.model_ConvNeXt_opt_AdamW_lr_0.001_id_735 - INFO - Evaluation metrics:
  Accuracy:  0.2834
  Precision: 0.2834
  Recall:    1.0000
  F1 Score:  0.4417
  IoU:       0.2834
  mAP:       0.2810
  AUC:       0.4884
2025-05-03 13:21:08,749 - training.model_ConvNeXt_opt_AdamW_lr_0.001_id_735 - INFO - Final results saved to model_results_v2/model_ConvNeXt_opt_AdamW_lr_0.001_id_735/final_results.json
2025-05-03 13:21:08,751 - training.model_ConvNeXt_opt_AdamW_lr_0.001_id_735 - INFO - Final results saved to model_results_v2/model_ConvNeXt_opt_AdamW_lr_0.001_id_735/final_results.json
