2025-05-01 10:05:12,091 - training.model_EfficientNet-B2_opt_AdamW_lr_0.001_id_305 - INFO - Initialized training manager for model_EfficientNet-B2_opt_AdamW_lr_0.001_id_305
2025-05-01 10:05:12,091 - training.model_EfficientNet-B2_opt_AdamW_lr_0.001_id_305 - INFO - Config: {
  "id": 305,
  "model_name": "EfficientNet-B2",
  "optimizer": "AdamW",
  "learning_rate": 0.001,
  "scheduler": {
    "name": "ReduceLROnPlateau",
    "patience": 5,
    "factor": 0.5
  },
  "loss_fn": {
    "name": "FocalLoss",
    "alpha": 0.25,
    "gamma": 2.0
  }
}
2025-05-01 10:05:13,453 - training.model_EfficientNet-B2_opt_AdamW_lr_0.001_id_305 - INFO - Starting model evaluation
2025-05-01 10:05:24,547 - training.model_EfficientNet-B2_opt_AdamW_lr_0.001_id_305 - INFO - Evaluation metrics:
  Accuracy:  0.9465
  Precision: 0.8791
  Recall:    0.9406
  F1 Score:  0.9088
  IoU:       0.8328
  mAP:       0.9379
  AUC:       0.9795
2025-05-01 10:05:24,549 - training.model_EfficientNet-B2_opt_AdamW_lr_0.001_id_305 - INFO - Final results saved to model_results_v2/model_EfficientNet-B2_opt_AdamW_lr_0.001_id_305/final_results.json
2025-05-01 10:05:24,550 - training.model_EfficientNet-B2_opt_AdamW_lr_0.001_id_305 - INFO - Final results saved to model_results_v2/model_EfficientNet-B2_opt_AdamW_lr_0.001_id_305/final_results.json
