2025-05-01 11:29:59,385 - training.model_ViT-B-16_opt_AdamW_lr_0.001_id_418 - INFO - Initialized training manager for model_ViT-B-16_opt_AdamW_lr_0.001_id_418
2025-05-01 11:29:59,385 - training.model_ViT-B-16_opt_AdamW_lr_0.001_id_418 - INFO - Config: {
  "id": 418,
  "model_name": "ViT-B-16",
  "optimizer": "AdamW",
  "learning_rate": 0.001,
  "scheduler": {
    "name": "CosineAnnealingWarmRestarts",
    "T_0": 10
  },
  "loss_fn": {
    "name": "CrossEntropy"
  }
}
2025-05-03 03:33:57,855 - training.model_ViT-B-16_opt_AdamW_lr_0.001_id_418 - INFO - Initialized training manager for model_ViT-B-16_opt_AdamW_lr_0.001_id_418
2025-05-03 03:33:57,855 - training.model_ViT-B-16_opt_AdamW_lr_0.001_id_418 - INFO - Config: {
  "id": 418,
  "model_name": "ViT-B-16",
  "optimizer": "AdamW",
  "learning_rate": 0.001,
  "scheduler": {
    "name": "CosineAnnealingWarmRestarts",
    "T_0": 10
  },
  "loss_fn": {
    "name": "CrossEntropy"
  }
}
2025-05-03 03:33:58,685 - training.model_ViT-B-16_opt_AdamW_lr_0.001_id_418 - INFO - Starting model evaluation
2025-05-03 03:34:09,443 - training.model_ViT-B-16_opt_AdamW_lr_0.001_id_418 - INFO - Evaluation metrics:
  Accuracy:  0.2834
  Precision: 0.2834
  Recall:    1.0000
  F1 Score:  0.4417
  IoU:       0.2834
  mAP:       0.2834
  AUC:       0.5000
2025-05-03 03:34:09,444 - training.model_ViT-B-16_opt_AdamW_lr_0.001_id_418 - INFO - Final results saved to model_results_v2/model_ViT-B-16_opt_AdamW_lr_0.001_id_418/final_results.json
2025-05-03 03:34:09,445 - training.model_ViT-B-16_opt_AdamW_lr_0.001_id_418 - INFO - Final results saved to model_results_v2/model_ViT-B-16_opt_AdamW_lr_0.001_id_418/final_results.json
