2025-05-01 05:44:10,551 - training.model_ResNet101_opt_Adam_lr_0.001_id_168 - INFO - Initialized training manager for model_ResNet101_opt_Adam_lr_0.001_id_168
2025-05-01 05:44:10,552 - training.model_ResNet101_opt_Adam_lr_0.001_id_168 - INFO - Config: {
  "id": 168,
  "model_name": "ResNet101",
  "optimizer": "Adam",
  "learning_rate": 0.001,
  "scheduler": {
    "name": "CosineAnnealingWarmRestarts",
    "T_0": 10
  },
  "loss_fn": {
    "name": "LabelSmoothing",
    "smoothing": 0.1
  }
}
2025-05-01 05:44:11,036 - training.model_ResNet101_opt_Adam_lr_0.001_id_168 - INFO - Starting model evaluation
2025-05-01 05:44:20,706 - training.model_ResNet101_opt_Adam_lr_0.001_id_168 - INFO - Evaluation metrics:
  Accuracy:  0.9118
  Precision: 0.8251
  Recall:    0.8741
  F1 Score:  0.8489
  IoU:       0.7375
  mAP:       0.9038
  AUC:       0.9602
2025-05-01 05:44:20,707 - training.model_ResNet101_opt_Adam_lr_0.001_id_168 - INFO - Final results saved to model_results_v2/model_ResNet101_opt_Adam_lr_0.001_id_168/final_results.json
2025-05-01 05:44:20,709 - training.model_ResNet101_opt_Adam_lr_0.001_id_168 - INFO - Final results saved to model_results_v2/model_ResNet101_opt_Adam_lr_0.001_id_168/final_results.json
