2025-05-01 00:02:39,055 - training.model_ResNet50_opt_SGD_lr_0.001_id_13 - INFO - Initialized training manager for model_ResNet50_opt_SGD_lr_0.001_id_13
2025-05-01 00:02:39,055 - training.model_ResNet50_opt_SGD_lr_0.001_id_13 - INFO - Config: {
  "id": 13,
  "model_name": "ResNet50",
  "optimizer": "SGD",
  "learning_rate": 0.001,
  "scheduler": {
    "name": "StepLR",
    "step_size": 10,
    "gamma": 0.1
  },
  "loss_fn": {
    "name": "CrossEntropy"
  }
}
2025-05-01 00:19:46,903 - training.model_ResNet50_opt_SGD_lr_0.001_id_13 - INFO - Starting model evaluation
2025-05-01 00:19:55,576 - training.model_ResNet50_opt_SGD_lr_0.001_id_13 - INFO - Evaluation metrics:
  Accuracy:  0.9584
  Precision: 0.9178
  Recall:    0.9371
  F1 Score:  0.9273
  IoU:       0.8645
  mAP:       0.9829
  AUC:       0.9914
2025-05-01 00:19:55,578 - training.model_ResNet50_opt_SGD_lr_0.001_id_13 - INFO - Final results saved to model_results_v2/model_ResNet50_opt_SGD_lr_0.001_id_13/final_results.json
2025-05-01 00:19:55,579 - training.model_ResNet50_opt_SGD_lr_0.001_id_13 - INFO - Final results saved to model_results_v2/model_ResNet50_opt_SGD_lr_0.001_id_13/final_results.json
