2025-05-01 06:48:52,737 - training.model_ResNet101_opt_AdamW_lr_0.001_id_201 - INFO - Initialized training manager for model_ResNet101_opt_AdamW_lr_0.001_id_201
2025-05-01 06:48:52,737 - training.model_ResNet101_opt_AdamW_lr_0.001_id_201 - INFO - Config: {
  "id": 201,
  "model_name": "ResNet101",
  "optimizer": "AdamW",
  "learning_rate": 0.001,
  "scheduler": {
    "name": "CosineAnnealingLR",
    "T_max": 10
  },
  "loss_fn": {
    "name": "LabelSmoothing",
    "smoothing": 0.1
  }
}
2025-05-01 06:48:54,713 - training.model_ResNet101_opt_AdamW_lr_0.001_id_201 - INFO - Starting model evaluation
2025-05-01 06:49:06,452 - training.model_ResNet101_opt_AdamW_lr_0.001_id_201 - INFO - Evaluation metrics:
  Accuracy:  0.8890
  Precision: 0.7753
  Recall:    0.8566
  F1 Score:  0.8140
  IoU:       0.6863
  mAP:       0.8875
  AUC:       0.9379
2025-05-01 06:49:06,454 - training.model_ResNet101_opt_AdamW_lr_0.001_id_201 - INFO - Final results saved to model_results_v2/model_ResNet101_opt_AdamW_lr_0.001_id_201/final_results.json
2025-05-01 06:49:06,456 - training.model_ResNet101_opt_AdamW_lr_0.001_id_201 - INFO - Final results saved to model_results_v2/model_ResNet101_opt_AdamW_lr_0.001_id_201/final_results.json
