2025-05-01 11:30:22,809 - training.model_DenseNet121_opt_SGD_lr_0.01_id_434 - INFO - Initialized training manager for model_DenseNet121_opt_SGD_lr_0.01_id_434
2025-05-01 11:30:22,809 - training.model_DenseNet121_opt_SGD_lr_0.01_id_434 - INFO - Config: {
  "id": 434,
  "model_name": "DenseNet121",
  "optimizer": "SGD",
  "learning_rate": 0.01,
  "scheduler": {
    "name": "StepLR",
    "step_size": 10,
    "gamma": 0.1
  },
  "loss_fn": {
    "name": "FocalLoss",
    "alpha": 0.25,
    "gamma": 2.0
  }
}
2025-05-01 11:49:49,486 - training.model_DenseNet121_opt_SGD_lr_0.01_id_434 - INFO - Starting model evaluation
2025-05-01 11:50:01,225 - training.model_DenseNet121_opt_SGD_lr_0.01_id_434 - INFO - Evaluation metrics:
  Accuracy:  0.9683
  Precision: 0.9472
  Recall:    0.9406
  F1 Score:  0.9439
  IoU:       0.8937
  mAP:       0.9890
  AUC:       0.9946
2025-05-01 11:50:01,227 - training.model_DenseNet121_opt_SGD_lr_0.01_id_434 - INFO - Final results saved to model_results_v2/model_DenseNet121_opt_SGD_lr_0.01_id_434/final_results.json
2025-05-01 11:50:01,228 - training.model_DenseNet121_opt_SGD_lr_0.01_id_434 - INFO - Final results saved to model_results_v2/model_DenseNet121_opt_SGD_lr_0.01_id_434/final_results.json
