2025-05-01 07:13:26,247 - training.model_ResNet101_opt_AdamW_lr_0.0001_id_210 - INFO - Initialized training manager for model_ResNet101_opt_AdamW_lr_0.0001_id_210
2025-05-01 07:13:26,247 - training.model_ResNet101_opt_AdamW_lr_0.0001_id_210 - INFO - Config: {
  "id": 210,
  "model_name": "ResNet101",
  "optimizer": "AdamW",
  "learning_rate": 0.0001,
  "scheduler": {
    "name": "ReduceLROnPlateau",
    "patience": 5,
    "factor": 0.5
  },
  "loss_fn": {
    "name": "LabelSmoothing",
    "smoothing": 0.1
  }
}
2025-05-01 07:13:28,066 - training.model_ResNet101_opt_AdamW_lr_0.0001_id_210 - INFO - Starting model evaluation
2025-05-01 07:13:39,405 - training.model_ResNet101_opt_AdamW_lr_0.0001_id_210 - INFO - Evaluation metrics:
  Accuracy:  0.9594
  Precision: 0.9210
  Recall:    0.9371
  F1 Score:  0.9289
  IoU:       0.8673
  mAP:       0.9574
  AUC:       0.9830
2025-05-01 07:13:39,409 - training.model_ResNet101_opt_AdamW_lr_0.0001_id_210 - INFO - Final results saved to model_results_v2/model_ResNet101_opt_AdamW_lr_0.0001_id_210/final_results.json
2025-05-01 07:13:39,411 - training.model_ResNet101_opt_AdamW_lr_0.0001_id_210 - INFO - Final results saved to model_results_v2/model_ResNet101_opt_AdamW_lr_0.0001_id_210/final_results.json
