2025-05-03 08:36:37,291 - training.model_MobileNetV3_opt_AdamW_lr_0.001_id_626 - INFO - Initialized training manager for model_MobileNetV3_opt_AdamW_lr_0.001_id_626
2025-05-03 08:36:37,291 - training.model_MobileNetV3_opt_AdamW_lr_0.001_id_626 - INFO - Config: {
  "id": 626,
  "model_name": "MobileNetV3",
  "optimizer": "AdamW",
  "learning_rate": 0.001,
  "scheduler": {
    "name": "StepLR",
    "step_size": 10,
    "gamma": 0.1
  },
  "loss_fn": {
    "name": "FocalLoss",
    "alpha": 0.25,
    "gamma": 2.0
  }
}
2025-05-03 08:36:37,464 - training.model_MobileNetV3_opt_AdamW_lr_0.001_id_626 - INFO - Starting model evaluation
2025-05-03 08:36:46,931 - training.model_MobileNetV3_opt_AdamW_lr_0.001_id_626 - INFO - Evaluation metrics:
  Accuracy:  0.9286
  Precision: 0.8591
  Recall:    0.8951
  F1 Score:  0.8767
  IoU:       0.7805
  mAP:       0.8636
  AUC:       0.9481
2025-05-03 08:36:46,932 - training.model_MobileNetV3_opt_AdamW_lr_0.001_id_626 - INFO - Final results saved to model_results_v2/model_MobileNetV3_opt_AdamW_lr_0.001_id_626/final_results.json
2025-05-03 08:36:46,934 - training.model_MobileNetV3_opt_AdamW_lr_0.001_id_626 - INFO - Final results saved to model_results_v2/model_MobileNetV3_opt_AdamW_lr_0.001_id_626/final_results.json
