2025-05-03 07:25:00,937 - training.model_MobileNetV3_opt_Adam_lr_0.01_id_588 - INFO - Initialized training manager for model_MobileNetV3_opt_Adam_lr_0.01_id_588
2025-05-03 07:25:00,937 - training.model_MobileNetV3_opt_Adam_lr_0.01_id_588 - INFO - Config: {
  "id": 588,
  "model_name": "MobileNetV3",
  "optimizer": "Adam",
  "learning_rate": 0.01,
  "scheduler": {
    "name": "CosineAnnealingWarmRestarts",
    "T_0": 10
  },
  "loss_fn": {
    "name": "LabelSmoothing",
    "smoothing": 0.1
  }
}
2025-05-03 07:25:01,199 - training.model_MobileNetV3_opt_Adam_lr_0.01_id_588 - INFO - Starting model evaluation
2025-05-03 07:25:10,333 - training.model_MobileNetV3_opt_Adam_lr_0.01_id_588 - INFO - Evaluation metrics:
  Accuracy:  0.8454
  Precision: 0.7708
  Recall:    0.6469
  F1 Score:  0.7034
  IoU:       0.5425
  mAP:       0.8019
  AUC:       0.8719
2025-05-03 07:25:10,334 - training.model_MobileNetV3_opt_Adam_lr_0.01_id_588 - INFO - Final results saved to model_results_v2/model_MobileNetV3_opt_Adam_lr_0.01_id_588/final_results.json
2025-05-03 07:25:10,336 - training.model_MobileNetV3_opt_Adam_lr_0.01_id_588 - INFO - Final results saved to model_results_v2/model_MobileNetV3_opt_Adam_lr_0.01_id_588/final_results.json
