2025-05-03 07:06:57,894 - training.model_MobileNetV3_opt_Adam_lr_0.01 - INFO - Initialized training manager for model_MobileNetV3_opt_Adam_lr_0.01
2025-05-03 07:06:57,894 - training.model_MobileNetV3_opt_Adam_lr_0.01 - INFO - Config: {
  "id": 577,
  "model_name": "MobileNetV3",
  "optimizer": "Adam",
  "learning_rate": 0.01,
  "scheduler": {
    "name": "StepLR",
    "step_size": 10,
    "gamma": 0.1
  },
  "loss_fn": {
    "name": "CrossEntropy"
  }
}
2025-05-03 07:06:57,894 - training.model_MobileNetV3_opt_Adam_lr_0.01 - INFO - No checkpoint found, starting fresh training
2025-05-03 07:06:57,895 - training.model_MobileNetV3_opt_Adam_lr_0.01 - INFO - Starting epoch 1/20
2025-05-03 07:07:18,130 - training.model_MobileNetV3_opt_Adam_lr_0.01 - INFO - Checkpoint saved at epoch 0
2025-05-03 07:07:47,229 - training.model_MobileNetV3_opt_Adam_lr_0.01 - INFO - Validation accuracy improved from 0.0000 to 0.5094
2025-05-03 07:07:47,246 - training.model_MobileNetV3_opt_Adam_lr_0.01 - INFO - Epoch 1 completed in 49.35s - Train Loss: 0.8159, Train Acc: 0.4964, Val Loss: 0.8022, Val Acc: 0.5094
2025-05-03 07:07:47,303 - training.model_MobileNetV3_opt_Adam_lr_0.01 - INFO - Checkpoint saved at epoch 0
2025-05-03 07:07:47,303 - training.model_MobileNetV3_opt_Adam_lr_0.01 - INFO - Starting epoch 2/20
2025-05-03 07:08:07,420 - training.model_MobileNetV3_opt_Adam_lr_0.01 - INFO - Checkpoint saved at epoch 1
2025-05-03 07:08:36,315 - training.model_MobileNetV3_opt_Adam_lr_0.01 - INFO - Validation loss improved from inf to 0.8169
2025-05-03 07:08:36,338 - training.model_MobileNetV3_opt_Adam_lr_0.01 - INFO - Epoch 2 completed in 49.03s - Train Loss: 0.8195, Train Acc: 0.4938, Val Loss: 0.8169, Val Acc: 0.4957
2025-05-03 07:08:36,392 - training.model_MobileNetV3_opt_Adam_lr_0.01 - INFO - Checkpoint saved at epoch 1
2025-05-03 07:08:36,393 - training.model_MobileNetV3_opt_Adam_lr_0.01 - INFO - Starting epoch 3/20
2025-05-03 07:08:56,455 - training.model_MobileNetV3_opt_Adam_lr_0.01 - INFO - Checkpoint saved at epoch 2
2025-05-03 07:09:24,508 - training.model_MobileNetV3_opt_Adam_lr_0.01 - INFO - Validation loss improved from 0.8169 to 0.8096
2025-05-03 07:09:24,532 - training.model_MobileNetV3_opt_Adam_lr_0.01 - INFO - Epoch 3 completed in 48.14s - Train Loss: 0.8114, Train Acc: 0.5026, Val Loss: 0.8096, Val Acc: 0.5043
2025-05-03 07:09:24,588 - training.model_MobileNetV3_opt_Adam_lr_0.01 - INFO - Checkpoint saved at epoch 2
2025-05-03 07:09:24,588 - training.model_MobileNetV3_opt_Adam_lr_0.01 - INFO - Starting epoch 4/20
2025-05-03 07:09:44,221 - training.model_MobileNetV3_opt_Adam_lr_0.01 - INFO - Checkpoint saved at epoch 3
2025-05-03 07:10:12,747 - training.model_MobileNetV3_opt_Adam_lr_0.01 - INFO - Validation loss improved from 0.8096 to 0.8094
2025-05-03 07:10:12,772 - training.model_MobileNetV3_opt_Adam_lr_0.01 - INFO - Epoch 4 completed in 48.18s - Train Loss: 0.7983, Train Acc: 0.5139, Val Loss: 0.8094, Val Acc: 0.5043
2025-05-03 07:10:12,831 - training.model_MobileNetV3_opt_Adam_lr_0.01 - INFO - Checkpoint saved at epoch 3
2025-05-03 07:10:12,831 - training.model_MobileNetV3_opt_Adam_lr_0.01 - INFO - Starting epoch 5/20
2025-05-03 07:10:32,686 - training.model_MobileNetV3_opt_Adam_lr_0.01 - INFO - Checkpoint saved at epoch 4
2025-05-03 07:11:00,816 - training.model_MobileNetV3_opt_Adam_lr_0.01 - INFO - Epoch 5 completed in 47.98s - Train Loss: 0.8158, Train Acc: 0.4979, Val Loss: 0.8096, Val Acc: 0.5043
2025-05-03 07:11:00,875 - training.model_MobileNetV3_opt_Adam_lr_0.01 - INFO - Checkpoint saved at epoch 4
2025-05-03 07:11:00,876 - training.model_MobileNetV3_opt_Adam_lr_0.01 - INFO - Starting epoch 6/20
2025-05-03 07:11:22,195 - training.model_MobileNetV3_opt_Adam_lr_0.01 - INFO - Checkpoint saved at epoch 5
2025-05-03 07:11:50,159 - training.model_MobileNetV3_opt_Adam_lr_0.01 - INFO - Epoch 6 completed in 49.28s - Train Loss: 0.8183, Train Acc: 0.4946, Val Loss: 0.8096, Val Acc: 0.5043
2025-05-03 07:11:50,222 - training.model_MobileNetV3_opt_Adam_lr_0.01 - INFO - Checkpoint saved at epoch 5
2025-05-03 07:11:50,223 - training.model_MobileNetV3_opt_Adam_lr_0.01 - INFO - Starting epoch 7/20
2025-05-03 07:12:11,109 - training.model_MobileNetV3_opt_Adam_lr_0.01 - INFO - Checkpoint saved at epoch 6
2025-05-03 07:12:39,692 - training.model_MobileNetV3_opt_Adam_lr_0.01 - INFO - Epoch 7 completed in 49.47s - Train Loss: 0.8143, Train Acc: 0.4989, Val Loss: 0.8096, Val Acc: 0.5043
2025-05-03 07:12:39,749 - training.model_MobileNetV3_opt_Adam_lr_0.01 - INFO - Checkpoint saved at epoch 6
2025-05-03 07:12:39,749 - training.model_MobileNetV3_opt_Adam_lr_0.01 - INFO - Starting epoch 8/20
2025-05-03 07:13:00,784 - training.model_MobileNetV3_opt_Adam_lr_0.01 - INFO - Checkpoint saved at epoch 7
2025-05-03 07:13:28,732 - training.model_MobileNetV3_opt_Adam_lr_0.01 - INFO - Epoch 8 completed in 48.98s - Train Loss: 0.8137, Train Acc: 0.4989, Val Loss: 0.8096, Val Acc: 0.5043
2025-05-03 07:13:28,789 - training.model_MobileNetV3_opt_Adam_lr_0.01 - INFO - Checkpoint saved at epoch 7
2025-05-03 07:13:28,790 - training.model_MobileNetV3_opt_Adam_lr_0.01 - INFO - Starting epoch 9/20
2025-05-03 07:13:49,571 - training.model_MobileNetV3_opt_Adam_lr_0.01 - INFO - Checkpoint saved at epoch 8
2025-05-03 07:14:18,033 - training.model_MobileNetV3_opt_Adam_lr_0.01 - INFO - Epoch 9 completed in 49.24s - Train Loss: 0.8170, Train Acc: 0.4944, Val Loss: 0.8169, Val Acc: 0.4957
2025-05-03 07:14:18,097 - training.model_MobileNetV3_opt_Adam_lr_0.01 - INFO - Checkpoint saved at epoch 8
2025-05-03 07:14:18,097 - training.model_MobileNetV3_opt_Adam_lr_0.01 - INFO - Early stopping triggered after 9 epochs
2025-05-03 07:14:18,097 - training.model_MobileNetV3_opt_Adam_lr_0.01 - INFO - Training completed after 440.14 seconds
2025-05-03 07:14:27,504 - training.model_MobileNetV3_opt_Adam_lr_0.01 - INFO - Initialized training manager for model_MobileNetV3_opt_Adam_lr_0.01
2025-05-03 07:14:27,504 - training.model_MobileNetV3_opt_Adam_lr_0.01 - INFO - Initialized training manager for model_MobileNetV3_opt_Adam_lr_0.01
2025-05-03 07:14:27,505 - training.model_MobileNetV3_opt_Adam_lr_0.01 - INFO - Config: {
  "id": 578,
  "model_name": "MobileNetV3",
  "optimizer": "Adam",
  "learning_rate": 0.01,
  "scheduler": {
    "name": "StepLR",
    "step_size": 10,
    "gamma": 0.1
  },
  "loss_fn": {
    "name": "FocalLoss",
    "alpha": 0.25,
    "gamma": 2.0
  }
}
2025-05-03 07:14:27,505 - training.model_MobileNetV3_opt_Adam_lr_0.01 - INFO - Config: {
  "id": 578,
  "model_name": "MobileNetV3",
  "optimizer": "Adam",
  "learning_rate": 0.01,
  "scheduler": {
    "name": "StepLR",
    "step_size": 10,
    "gamma": 0.1
  },
  "loss_fn": {
    "name": "FocalLoss",
    "alpha": 0.25,
    "gamma": 2.0
  }
}
2025-05-03 07:14:27,505 - training.model_MobileNetV3_opt_Adam_lr_0.01 - INFO - Loading checkpoint from model_results_v2/model_MobileNetV3_opt_Adam_lr_0.01/checkpoint.pt
2025-05-03 07:14:27,505 - training.model_MobileNetV3_opt_Adam_lr_0.01 - INFO - Loading checkpoint from model_results_v2/model_MobileNetV3_opt_Adam_lr_0.01/checkpoint.pt
2025-05-03 07:14:27,705 - training.model_MobileNetV3_opt_Adam_lr_0.01 - INFO - Resuming from epoch 9, best validation accuracy: 0.5094
2025-05-03 07:14:27,705 - training.model_MobileNetV3_opt_Adam_lr_0.01 - INFO - Resuming from epoch 9, best validation accuracy: 0.5094
2025-05-03 07:14:27,706 - training.model_MobileNetV3_opt_Adam_lr_0.01 - INFO - Starting epoch 10/20
2025-05-03 07:14:27,706 - training.model_MobileNetV3_opt_Adam_lr_0.01 - INFO - Starting epoch 10/20
2025-05-03 07:14:48,138 - training.model_MobileNetV3_opt_Adam_lr_0.01 - INFO - Checkpoint saved at epoch 9
2025-05-03 07:14:48,138 - training.model_MobileNetV3_opt_Adam_lr_0.01 - INFO - Checkpoint saved at epoch 9
2025-05-03 07:15:16,940 - training.model_MobileNetV3_opt_Adam_lr_0.01 - INFO - Validation loss improved from 0.8094 to 0.0912
2025-05-03 07:15:16,940 - training.model_MobileNetV3_opt_Adam_lr_0.01 - INFO - Validation loss improved from 0.8094 to 0.0912
2025-05-03 07:15:16,963 - training.model_MobileNetV3_opt_Adam_lr_0.01 - INFO - Epoch 10 completed in 49.26s - Train Loss: 0.0901, Train Acc: 0.5015, Val Loss: 0.0912, Val Acc: 0.4957
2025-05-03 07:15:16,963 - training.model_MobileNetV3_opt_Adam_lr_0.01 - INFO - Epoch 10 completed in 49.26s - Train Loss: 0.0901, Train Acc: 0.5015, Val Loss: 0.0912, Val Acc: 0.4957
2025-05-03 07:15:17,029 - training.model_MobileNetV3_opt_Adam_lr_0.01 - INFO - Checkpoint saved at epoch 9
2025-05-03 07:15:17,029 - training.model_MobileNetV3_opt_Adam_lr_0.01 - INFO - Checkpoint saved at epoch 9
2025-05-03 07:15:17,030 - training.model_MobileNetV3_opt_Adam_lr_0.01 - INFO - Starting epoch 11/20
2025-05-03 07:15:17,030 - training.model_MobileNetV3_opt_Adam_lr_0.01 - INFO - Starting epoch 11/20
2025-05-03 07:15:38,664 - training.model_MobileNetV3_opt_Adam_lr_0.01 - INFO - Checkpoint saved at epoch 10
2025-05-03 07:15:38,664 - training.model_MobileNetV3_opt_Adam_lr_0.01 - INFO - Checkpoint saved at epoch 10
2025-05-03 07:16:07,032 - training.model_MobileNetV3_opt_Adam_lr_0.01 - INFO - Validation accuracy improved from 0.5094 to 0.5326
2025-05-03 07:16:07,032 - training.model_MobileNetV3_opt_Adam_lr_0.01 - INFO - Validation accuracy improved from 0.5094 to 0.5326
2025-05-03 07:16:07,056 - training.model_MobileNetV3_opt_Adam_lr_0.01 - INFO - Epoch 11 completed in 50.03s - Train Loss: 0.0636, Train Acc: 0.5502, Val Loss: 0.0432, Val Acc: 0.5326
2025-05-03 07:16:07,056 - training.model_MobileNetV3_opt_Adam_lr_0.01 - INFO - Epoch 11 completed in 50.03s - Train Loss: 0.0636, Train Acc: 0.5502, Val Loss: 0.0432, Val Acc: 0.5326
2025-05-03 07:16:07,107 - training.model_MobileNetV3_opt_Adam_lr_0.01 - INFO - Checkpoint saved at epoch 10
2025-05-03 07:16:07,107 - training.model_MobileNetV3_opt_Adam_lr_0.01 - INFO - Checkpoint saved at epoch 10
2025-05-03 07:16:07,108 - training.model_MobileNetV3_opt_Adam_lr_0.01 - INFO - Starting epoch 12/20
2025-05-03 07:16:07,108 - training.model_MobileNetV3_opt_Adam_lr_0.01 - INFO - Starting epoch 12/20
2025-05-03 07:16:27,209 - training.model_MobileNetV3_opt_Adam_lr_0.01 - INFO - Checkpoint saved at epoch 11
2025-05-03 07:16:27,209 - training.model_MobileNetV3_opt_Adam_lr_0.01 - INFO - Checkpoint saved at epoch 11
2025-05-03 07:16:55,659 - training.model_MobileNetV3_opt_Adam_lr_0.01 - INFO - Validation accuracy improved from 0.5326 to 0.5369
2025-05-03 07:16:55,659 - training.model_MobileNetV3_opt_Adam_lr_0.01 - INFO - Validation accuracy improved from 0.5326 to 0.5369
2025-05-03 07:16:55,682 - training.model_MobileNetV3_opt_Adam_lr_0.01 - INFO - Epoch 12 completed in 48.57s - Train Loss: 0.0394, Train Acc: 0.6480, Val Loss: 0.0419, Val Acc: 0.5369
2025-05-03 07:16:55,682 - training.model_MobileNetV3_opt_Adam_lr_0.01 - INFO - Epoch 12 completed in 48.57s - Train Loss: 0.0394, Train Acc: 0.6480, Val Loss: 0.0419, Val Acc: 0.5369
2025-05-03 07:16:55,741 - training.model_MobileNetV3_opt_Adam_lr_0.01 - INFO - Checkpoint saved at epoch 11
2025-05-03 07:16:55,741 - training.model_MobileNetV3_opt_Adam_lr_0.01 - INFO - Checkpoint saved at epoch 11
2025-05-03 07:16:55,741 - training.model_MobileNetV3_opt_Adam_lr_0.01 - INFO - Starting epoch 13/20
2025-05-03 07:16:55,741 - training.model_MobileNetV3_opt_Adam_lr_0.01 - INFO - Starting epoch 13/20
2025-05-03 07:17:15,978 - training.model_MobileNetV3_opt_Adam_lr_0.01 - INFO - Checkpoint saved at epoch 12
2025-05-03 07:17:15,978 - training.model_MobileNetV3_opt_Adam_lr_0.01 - INFO - Checkpoint saved at epoch 12
2025-05-03 07:17:44,689 - training.model_MobileNetV3_opt_Adam_lr_0.01 - INFO - Validation accuracy improved from 0.5369 to 0.6072
2025-05-03 07:17:44,689 - training.model_MobileNetV3_opt_Adam_lr_0.01 - INFO - Validation accuracy improved from 0.5369 to 0.6072
2025-05-03 07:17:44,725 - training.model_MobileNetV3_opt_Adam_lr_0.01 - INFO - Epoch 13 completed in 48.98s - Train Loss: 0.0357, Train Acc: 0.6954, Val Loss: 0.0421, Val Acc: 0.6072
2025-05-03 07:17:44,725 - training.model_MobileNetV3_opt_Adam_lr_0.01 - INFO - Epoch 13 completed in 48.98s - Train Loss: 0.0357, Train Acc: 0.6954, Val Loss: 0.0421, Val Acc: 0.6072
2025-05-03 07:17:44,781 - training.model_MobileNetV3_opt_Adam_lr_0.01 - INFO - Checkpoint saved at epoch 12
2025-05-03 07:17:44,781 - training.model_MobileNetV3_opt_Adam_lr_0.01 - INFO - Checkpoint saved at epoch 12
2025-05-03 07:17:44,782 - training.model_MobileNetV3_opt_Adam_lr_0.01 - INFO - Starting epoch 14/20
2025-05-03 07:17:44,782 - training.model_MobileNetV3_opt_Adam_lr_0.01 - INFO - Starting epoch 14/20
2025-05-03 07:18:04,856 - training.model_MobileNetV3_opt_Adam_lr_0.01 - INFO - Checkpoint saved at epoch 13
2025-05-03 07:18:04,856 - training.model_MobileNetV3_opt_Adam_lr_0.01 - INFO - Checkpoint saved at epoch 13
2025-05-03 07:18:32,275 - training.model_MobileNetV3_opt_Adam_lr_0.01 - INFO - Validation accuracy improved from 0.6072 to 0.7290
2025-05-03 07:18:32,275 - training.model_MobileNetV3_opt_Adam_lr_0.01 - INFO - Validation accuracy improved from 0.6072 to 0.7290
2025-05-03 07:18:32,299 - training.model_MobileNetV3_opt_Adam_lr_0.01 - INFO - Epoch 14 completed in 47.52s - Train Loss: 0.0338, Train Acc: 0.7119, Val Loss: 0.0363, Val Acc: 0.7290
2025-05-03 07:18:32,299 - training.model_MobileNetV3_opt_Adam_lr_0.01 - INFO - Epoch 14 completed in 47.52s - Train Loss: 0.0338, Train Acc: 0.7119, Val Loss: 0.0363, Val Acc: 0.7290
2025-05-03 07:18:32,352 - training.model_MobileNetV3_opt_Adam_lr_0.01 - INFO - Checkpoint saved at epoch 13
2025-05-03 07:18:32,352 - training.model_MobileNetV3_opt_Adam_lr_0.01 - INFO - Checkpoint saved at epoch 13
2025-05-03 07:18:32,352 - training.model_MobileNetV3_opt_Adam_lr_0.01 - INFO - Starting epoch 15/20
2025-05-03 07:18:32,352 - training.model_MobileNetV3_opt_Adam_lr_0.01 - INFO - Starting epoch 15/20
2025-05-03 07:18:53,205 - training.model_MobileNetV3_opt_Adam_lr_0.01 - INFO - Checkpoint saved at epoch 14
2025-05-03 07:18:53,205 - training.model_MobileNetV3_opt_Adam_lr_0.01 - INFO - Checkpoint saved at epoch 14
2025-05-03 07:19:21,193 - training.model_MobileNetV3_opt_Adam_lr_0.01 - INFO - Validation loss improved from 0.0912 to 0.0377
2025-05-03 07:19:21,193 - training.model_MobileNetV3_opt_Adam_lr_0.01 - INFO - Validation loss improved from 0.0912 to 0.0377
2025-05-03 07:19:21,216 - training.model_MobileNetV3_opt_Adam_lr_0.01 - INFO - Epoch 15 completed in 48.86s - Train Loss: 0.0328, Train Acc: 0.7319, Val Loss: 0.0377, Val Acc: 0.6209
2025-05-03 07:19:21,216 - training.model_MobileNetV3_opt_Adam_lr_0.01 - INFO - Epoch 15 completed in 48.86s - Train Loss: 0.0328, Train Acc: 0.7319, Val Loss: 0.0377, Val Acc: 0.6209
2025-05-03 07:19:21,279 - training.model_MobileNetV3_opt_Adam_lr_0.01 - INFO - Checkpoint saved at epoch 14
2025-05-03 07:19:21,279 - training.model_MobileNetV3_opt_Adam_lr_0.01 - INFO - Checkpoint saved at epoch 14
2025-05-03 07:19:21,280 - training.model_MobileNetV3_opt_Adam_lr_0.01 - INFO - Starting epoch 16/20
2025-05-03 07:19:21,280 - training.model_MobileNetV3_opt_Adam_lr_0.01 - INFO - Starting epoch 16/20
2025-05-03 07:19:42,330 - training.model_MobileNetV3_opt_Adam_lr_0.01 - INFO - Checkpoint saved at epoch 15
2025-05-03 07:19:42,330 - training.model_MobileNetV3_opt_Adam_lr_0.01 - INFO - Checkpoint saved at epoch 15
2025-05-03 07:20:10,576 - training.model_MobileNetV3_opt_Adam_lr_0.01 - INFO - Validation accuracy improved from 0.7290 to 0.7521
2025-05-03 07:20:10,576 - training.model_MobileNetV3_opt_Adam_lr_0.01 - INFO - Validation accuracy improved from 0.7290 to 0.7521
2025-05-03 07:20:10,601 - training.model_MobileNetV3_opt_Adam_lr_0.01 - INFO - Epoch 16 completed in 49.32s - Train Loss: 0.0313, Train Acc: 0.7495, Val Loss: 0.0341, Val Acc: 0.7521
2025-05-03 07:20:10,601 - training.model_MobileNetV3_opt_Adam_lr_0.01 - INFO - Epoch 16 completed in 49.32s - Train Loss: 0.0313, Train Acc: 0.7495, Val Loss: 0.0341, Val Acc: 0.7521
2025-05-03 07:20:10,657 - training.model_MobileNetV3_opt_Adam_lr_0.01 - INFO - Checkpoint saved at epoch 15
2025-05-03 07:20:10,657 - training.model_MobileNetV3_opt_Adam_lr_0.01 - INFO - Checkpoint saved at epoch 15
2025-05-03 07:20:10,658 - training.model_MobileNetV3_opt_Adam_lr_0.01 - INFO - Starting epoch 17/20
2025-05-03 07:20:10,658 - training.model_MobileNetV3_opt_Adam_lr_0.01 - INFO - Starting epoch 17/20
2025-05-03 07:20:30,692 - training.model_MobileNetV3_opt_Adam_lr_0.01 - INFO - Checkpoint saved at epoch 16
2025-05-03 07:20:30,692 - training.model_MobileNetV3_opt_Adam_lr_0.01 - INFO - Checkpoint saved at epoch 16
2025-05-03 07:20:58,563 - training.model_MobileNetV3_opt_Adam_lr_0.01 - INFO - Epoch 17 completed in 47.91s - Train Loss: 0.0300, Train Acc: 0.7585, Val Loss: 0.0404, Val Acc: 0.5961
2025-05-03 07:20:58,563 - training.model_MobileNetV3_opt_Adam_lr_0.01 - INFO - Epoch 17 completed in 47.91s - Train Loss: 0.0300, Train Acc: 0.7585, Val Loss: 0.0404, Val Acc: 0.5961
2025-05-03 07:20:58,729 - training.model_MobileNetV3_opt_Adam_lr_0.01 - INFO - Checkpoint saved at epoch 16
2025-05-03 07:20:58,729 - training.model_MobileNetV3_opt_Adam_lr_0.01 - INFO - Checkpoint saved at epoch 16
2025-05-03 07:20:58,729 - training.model_MobileNetV3_opt_Adam_lr_0.01 - INFO - Starting epoch 18/20
2025-05-03 07:20:58,729 - training.model_MobileNetV3_opt_Adam_lr_0.01 - INFO - Starting epoch 18/20
2025-05-03 07:21:20,143 - training.model_MobileNetV3_opt_Adam_lr_0.01 - INFO - Checkpoint saved at epoch 17
2025-05-03 07:21:20,143 - training.model_MobileNetV3_opt_Adam_lr_0.01 - INFO - Checkpoint saved at epoch 17
2025-05-03 07:21:48,521 - training.model_MobileNetV3_opt_Adam_lr_0.01 - INFO - Validation accuracy improved from 0.7521 to 0.7907
2025-05-03 07:21:48,521 - training.model_MobileNetV3_opt_Adam_lr_0.01 - INFO - Validation accuracy improved from 0.7521 to 0.7907
2025-05-03 07:21:48,542 - training.model_MobileNetV3_opt_Adam_lr_0.01 - INFO - Epoch 18 completed in 49.81s - Train Loss: 0.0289, Train Acc: 0.7891, Val Loss: 0.0301, Val Acc: 0.7907
2025-05-03 07:21:48,542 - training.model_MobileNetV3_opt_Adam_lr_0.01 - INFO - Epoch 18 completed in 49.81s - Train Loss: 0.0289, Train Acc: 0.7891, Val Loss: 0.0301, Val Acc: 0.7907
2025-05-03 07:21:48,605 - training.model_MobileNetV3_opt_Adam_lr_0.01 - INFO - Checkpoint saved at epoch 17
2025-05-03 07:21:48,605 - training.model_MobileNetV3_opt_Adam_lr_0.01 - INFO - Checkpoint saved at epoch 17
2025-05-03 07:21:48,606 - training.model_MobileNetV3_opt_Adam_lr_0.01 - INFO - Starting epoch 19/20
2025-05-03 07:21:48,606 - training.model_MobileNetV3_opt_Adam_lr_0.01 - INFO - Starting epoch 19/20
2025-05-03 07:22:08,573 - training.model_MobileNetV3_opt_Adam_lr_0.01 - INFO - Checkpoint saved at epoch 18
2025-05-03 07:22:08,573 - training.model_MobileNetV3_opt_Adam_lr_0.01 - INFO - Checkpoint saved at epoch 18
2025-05-03 07:22:37,580 - training.model_MobileNetV3_opt_Adam_lr_0.01 - INFO - Validation loss improved from 0.0377 to 0.0307
2025-05-03 07:22:37,580 - training.model_MobileNetV3_opt_Adam_lr_0.01 - INFO - Validation loss improved from 0.0377 to 0.0307
2025-05-03 07:22:37,604 - training.model_MobileNetV3_opt_Adam_lr_0.01 - INFO - Epoch 19 completed in 49.00s - Train Loss: 0.0267, Train Acc: 0.8102, Val Loss: 0.0307, Val Acc: 0.7659
2025-05-03 07:22:37,604 - training.model_MobileNetV3_opt_Adam_lr_0.01 - INFO - Epoch 19 completed in 49.00s - Train Loss: 0.0267, Train Acc: 0.8102, Val Loss: 0.0307, Val Acc: 0.7659
2025-05-03 07:22:37,659 - training.model_MobileNetV3_opt_Adam_lr_0.01 - INFO - Checkpoint saved at epoch 18
2025-05-03 07:22:37,659 - training.model_MobileNetV3_opt_Adam_lr_0.01 - INFO - Checkpoint saved at epoch 18
2025-05-03 07:22:37,660 - training.model_MobileNetV3_opt_Adam_lr_0.01 - INFO - Starting epoch 20/20
2025-05-03 07:22:37,660 - training.model_MobileNetV3_opt_Adam_lr_0.01 - INFO - Starting epoch 20/20
2025-05-03 07:22:58,164 - training.model_MobileNetV3_opt_Adam_lr_0.01 - INFO - Checkpoint saved at epoch 19
2025-05-03 07:22:58,164 - training.model_MobileNetV3_opt_Adam_lr_0.01 - INFO - Checkpoint saved at epoch 19
2025-05-03 07:23:26,614 - training.model_MobileNetV3_opt_Adam_lr_0.01 - INFO - Validation accuracy improved from 0.7907 to 0.7950
2025-05-03 07:23:26,614 - training.model_MobileNetV3_opt_Adam_lr_0.01 - INFO - Validation accuracy improved from 0.7907 to 0.7950
2025-05-03 07:23:26,634 - training.model_MobileNetV3_opt_Adam_lr_0.01 - INFO - Epoch 20 completed in 48.97s - Train Loss: 0.0260, Train Acc: 0.8228, Val Loss: 0.0297, Val Acc: 0.7950
2025-05-03 07:23:26,634 - training.model_MobileNetV3_opt_Adam_lr_0.01 - INFO - Epoch 20 completed in 48.97s - Train Loss: 0.0260, Train Acc: 0.8228, Val Loss: 0.0297, Val Acc: 0.7950
2025-05-03 07:23:26,691 - training.model_MobileNetV3_opt_Adam_lr_0.01 - INFO - Checkpoint saved at epoch 19
2025-05-03 07:23:26,691 - training.model_MobileNetV3_opt_Adam_lr_0.01 - INFO - Checkpoint saved at epoch 19
2025-05-03 07:23:26,691 - training.model_MobileNetV3_opt_Adam_lr_0.01 - INFO - Training completed after 979.07 seconds
2025-05-03 07:23:26,691 - training.model_MobileNetV3_opt_Adam_lr_0.01 - INFO - Training completed after 979.07 seconds
2025-05-03 07:23:35,782 - training.model_MobileNetV3_opt_Adam_lr_0.01 - INFO - Initialized training manager for model_MobileNetV3_opt_Adam_lr_0.01
2025-05-03 07:23:35,782 - training.model_MobileNetV3_opt_Adam_lr_0.01 - INFO - Initialized training manager for model_MobileNetV3_opt_Adam_lr_0.01
2025-05-03 07:23:35,782 - training.model_MobileNetV3_opt_Adam_lr_0.01 - INFO - Initialized training manager for model_MobileNetV3_opt_Adam_lr_0.01
2025-05-03 07:23:35,782 - training.model_MobileNetV3_opt_Adam_lr_0.01 - INFO - Config: {
  "id": 579,
  "model_name": "MobileNetV3",
  "optimizer": "Adam",
  "learning_rate": 0.01,
  "scheduler": {
    "name": "StepLR",
    "step_size": 10,
    "gamma": 0.1
  },
  "loss_fn": {
    "name": "LabelSmoothing",
    "smoothing": 0.1
  }
}
2025-05-03 07:23:35,782 - training.model_MobileNetV3_opt_Adam_lr_0.01 - INFO - Config: {
  "id": 579,
  "model_name": "MobileNetV3",
  "optimizer": "Adam",
  "learning_rate": 0.01,
  "scheduler": {
    "name": "StepLR",
    "step_size": 10,
    "gamma": 0.1
  },
  "loss_fn": {
    "name": "LabelSmoothing",
    "smoothing": 0.1
  }
}
2025-05-03 07:23:35,782 - training.model_MobileNetV3_opt_Adam_lr_0.01 - INFO - Config: {
  "id": 579,
  "model_name": "MobileNetV3",
  "optimizer": "Adam",
  "learning_rate": 0.01,
  "scheduler": {
    "name": "StepLR",
    "step_size": 10,
    "gamma": 0.1
  },
  "loss_fn": {
    "name": "LabelSmoothing",
    "smoothing": 0.1
  }
}
2025-05-03 07:23:35,782 - training.model_MobileNetV3_opt_Adam_lr_0.01 - INFO - Loading checkpoint from model_results_v2/model_MobileNetV3_opt_Adam_lr_0.01/checkpoint.pt
2025-05-03 07:23:35,782 - training.model_MobileNetV3_opt_Adam_lr_0.01 - INFO - Loading checkpoint from model_results_v2/model_MobileNetV3_opt_Adam_lr_0.01/checkpoint.pt
2025-05-03 07:23:35,782 - training.model_MobileNetV3_opt_Adam_lr_0.01 - INFO - Loading checkpoint from model_results_v2/model_MobileNetV3_opt_Adam_lr_0.01/checkpoint.pt
2025-05-03 07:23:35,870 - training.model_MobileNetV3_opt_Adam_lr_0.01 - INFO - Resuming from epoch 20, best validation accuracy: 0.7950
2025-05-03 07:23:35,870 - training.model_MobileNetV3_opt_Adam_lr_0.01 - INFO - Resuming from epoch 20, best validation accuracy: 0.7950
2025-05-03 07:23:35,870 - training.model_MobileNetV3_opt_Adam_lr_0.01 - INFO - Resuming from epoch 20, best validation accuracy: 0.7950
2025-05-03 07:23:35,871 - training.model_MobileNetV3_opt_Adam_lr_0.01 - INFO - Training completed after 979.07 seconds
2025-05-03 07:23:35,871 - training.model_MobileNetV3_opt_Adam_lr_0.01 - INFO - Training completed after 979.07 seconds
2025-05-03 07:23:35,871 - training.model_MobileNetV3_opt_Adam_lr_0.01 - INFO - Training completed after 979.07 seconds
2025-05-03 07:23:45,190 - training.model_MobileNetV3_opt_Adam_lr_0.01 - INFO - Initialized training manager for model_MobileNetV3_opt_Adam_lr_0.01
2025-05-03 07:23:45,190 - training.model_MobileNetV3_opt_Adam_lr_0.01 - INFO - Initialized training manager for model_MobileNetV3_opt_Adam_lr_0.01
2025-05-03 07:23:45,190 - training.model_MobileNetV3_opt_Adam_lr_0.01 - INFO - Initialized training manager for model_MobileNetV3_opt_Adam_lr_0.01
2025-05-03 07:23:45,190 - training.model_MobileNetV3_opt_Adam_lr_0.01 - INFO - Initialized training manager for model_MobileNetV3_opt_Adam_lr_0.01
2025-05-03 07:23:45,190 - training.model_MobileNetV3_opt_Adam_lr_0.01 - INFO - Config: {
  "id": 580,
  "model_name": "MobileNetV3",
  "optimizer": "Adam",
  "learning_rate": 0.01,
  "scheduler": {
    "name": "ReduceLROnPlateau",
    "patience": 5,
    "factor": 0.5
  },
  "loss_fn": {
    "name": "CrossEntropy"
  }
}
2025-05-03 07:23:45,190 - training.model_MobileNetV3_opt_Adam_lr_0.01 - INFO - Config: {
  "id": 580,
  "model_name": "MobileNetV3",
  "optimizer": "Adam",
  "learning_rate": 0.01,
  "scheduler": {
    "name": "ReduceLROnPlateau",
    "patience": 5,
    "factor": 0.5
  },
  "loss_fn": {
    "name": "CrossEntropy"
  }
}
2025-05-03 07:23:45,190 - training.model_MobileNetV3_opt_Adam_lr_0.01 - INFO - Config: {
  "id": 580,
  "model_name": "MobileNetV3",
  "optimizer": "Adam",
  "learning_rate": 0.01,
  "scheduler": {
    "name": "ReduceLROnPlateau",
    "patience": 5,
    "factor": 0.5
  },
  "loss_fn": {
    "name": "CrossEntropy"
  }
}
2025-05-03 07:23:45,190 - training.model_MobileNetV3_opt_Adam_lr_0.01 - INFO - Config: {
  "id": 580,
  "model_name": "MobileNetV3",
  "optimizer": "Adam",
  "learning_rate": 0.01,
  "scheduler": {
    "name": "ReduceLROnPlateau",
    "patience": 5,
    "factor": 0.5
  },
  "loss_fn": {
    "name": "CrossEntropy"
  }
}
2025-05-03 07:23:45,190 - training.model_MobileNetV3_opt_Adam_lr_0.01 - INFO - Loading checkpoint from model_results_v2/model_MobileNetV3_opt_Adam_lr_0.01/checkpoint.pt
2025-05-03 07:23:45,190 - training.model_MobileNetV3_opt_Adam_lr_0.01 - INFO - Loading checkpoint from model_results_v2/model_MobileNetV3_opt_Adam_lr_0.01/checkpoint.pt
2025-05-03 07:23:45,190 - training.model_MobileNetV3_opt_Adam_lr_0.01 - INFO - Loading checkpoint from model_results_v2/model_MobileNetV3_opt_Adam_lr_0.01/checkpoint.pt
2025-05-03 07:23:45,190 - training.model_MobileNetV3_opt_Adam_lr_0.01 - INFO - Loading checkpoint from model_results_v2/model_MobileNetV3_opt_Adam_lr_0.01/checkpoint.pt
2025-05-03 07:23:45,277 - training.model_MobileNetV3_opt_Adam_lr_0.01 - INFO - Resuming from epoch 20, best validation accuracy: 0.7950
2025-05-03 07:23:45,277 - training.model_MobileNetV3_opt_Adam_lr_0.01 - INFO - Resuming from epoch 20, best validation accuracy: 0.7950
2025-05-03 07:23:45,277 - training.model_MobileNetV3_opt_Adam_lr_0.01 - INFO - Resuming from epoch 20, best validation accuracy: 0.7950
2025-05-03 07:23:45,277 - training.model_MobileNetV3_opt_Adam_lr_0.01 - INFO - Resuming from epoch 20, best validation accuracy: 0.7950
2025-05-03 07:23:45,278 - training.model_MobileNetV3_opt_Adam_lr_0.01 - INFO - Training completed after 979.07 seconds
2025-05-03 07:23:45,278 - training.model_MobileNetV3_opt_Adam_lr_0.01 - INFO - Training completed after 979.07 seconds
2025-05-03 07:23:45,278 - training.model_MobileNetV3_opt_Adam_lr_0.01 - INFO - Training completed after 979.07 seconds
2025-05-03 07:23:45,278 - training.model_MobileNetV3_opt_Adam_lr_0.01 - INFO - Training completed after 979.07 seconds
2025-05-03 07:23:54,498 - training.model_MobileNetV3_opt_Adam_lr_0.01 - INFO - Initialized training manager for model_MobileNetV3_opt_Adam_lr_0.01
2025-05-03 07:23:54,498 - training.model_MobileNetV3_opt_Adam_lr_0.01 - INFO - Initialized training manager for model_MobileNetV3_opt_Adam_lr_0.01
2025-05-03 07:23:54,498 - training.model_MobileNetV3_opt_Adam_lr_0.01 - INFO - Initialized training manager for model_MobileNetV3_opt_Adam_lr_0.01
2025-05-03 07:23:54,498 - training.model_MobileNetV3_opt_Adam_lr_0.01 - INFO - Initialized training manager for model_MobileNetV3_opt_Adam_lr_0.01
2025-05-03 07:23:54,498 - training.model_MobileNetV3_opt_Adam_lr_0.01 - INFO - Initialized training manager for model_MobileNetV3_opt_Adam_lr_0.01
2025-05-03 07:23:54,499 - training.model_MobileNetV3_opt_Adam_lr_0.01 - INFO - Config: {
  "id": 581,
  "model_name": "MobileNetV3",
  "optimizer": "Adam",
  "learning_rate": 0.01,
  "scheduler": {
    "name": "ReduceLROnPlateau",
    "patience": 5,
    "factor": 0.5
  },
  "loss_fn": {
    "name": "FocalLoss",
    "alpha": 0.25,
    "gamma": 2.0
  }
}
2025-05-03 07:23:54,499 - training.model_MobileNetV3_opt_Adam_lr_0.01 - INFO - Config: {
  "id": 581,
  "model_name": "MobileNetV3",
  "optimizer": "Adam",
  "learning_rate": 0.01,
  "scheduler": {
    "name": "ReduceLROnPlateau",
    "patience": 5,
    "factor": 0.5
  },
  "loss_fn": {
    "name": "FocalLoss",
    "alpha": 0.25,
    "gamma": 2.0
  }
}
2025-05-03 07:23:54,499 - training.model_MobileNetV3_opt_Adam_lr_0.01 - INFO - Config: {
  "id": 581,
  "model_name": "MobileNetV3",
  "optimizer": "Adam",
  "learning_rate": 0.01,
  "scheduler": {
    "name": "ReduceLROnPlateau",
    "patience": 5,
    "factor": 0.5
  },
  "loss_fn": {
    "name": "FocalLoss",
    "alpha": 0.25,
    "gamma": 2.0
  }
}
2025-05-03 07:23:54,499 - training.model_MobileNetV3_opt_Adam_lr_0.01 - INFO - Config: {
  "id": 581,
  "model_name": "MobileNetV3",
  "optimizer": "Adam",
  "learning_rate": 0.01,
  "scheduler": {
    "name": "ReduceLROnPlateau",
    "patience": 5,
    "factor": 0.5
  },
  "loss_fn": {
    "name": "FocalLoss",
    "alpha": 0.25,
    "gamma": 2.0
  }
}
2025-05-03 07:23:54,499 - training.model_MobileNetV3_opt_Adam_lr_0.01 - INFO - Config: {
  "id": 581,
  "model_name": "MobileNetV3",
  "optimizer": "Adam",
  "learning_rate": 0.01,
  "scheduler": {
    "name": "ReduceLROnPlateau",
    "patience": 5,
    "factor": 0.5
  },
  "loss_fn": {
    "name": "FocalLoss",
    "alpha": 0.25,
    "gamma": 2.0
  }
}
2025-05-03 07:23:54,499 - training.model_MobileNetV3_opt_Adam_lr_0.01 - INFO - Loading checkpoint from model_results_v2/model_MobileNetV3_opt_Adam_lr_0.01/checkpoint.pt
2025-05-03 07:23:54,499 - training.model_MobileNetV3_opt_Adam_lr_0.01 - INFO - Loading checkpoint from model_results_v2/model_MobileNetV3_opt_Adam_lr_0.01/checkpoint.pt
2025-05-03 07:23:54,499 - training.model_MobileNetV3_opt_Adam_lr_0.01 - INFO - Loading checkpoint from model_results_v2/model_MobileNetV3_opt_Adam_lr_0.01/checkpoint.pt
2025-05-03 07:23:54,499 - training.model_MobileNetV3_opt_Adam_lr_0.01 - INFO - Loading checkpoint from model_results_v2/model_MobileNetV3_opt_Adam_lr_0.01/checkpoint.pt
2025-05-03 07:23:54,499 - training.model_MobileNetV3_opt_Adam_lr_0.01 - INFO - Loading checkpoint from model_results_v2/model_MobileNetV3_opt_Adam_lr_0.01/checkpoint.pt
2025-05-03 07:23:54,586 - training.model_MobileNetV3_opt_Adam_lr_0.01 - INFO - Resuming from epoch 20, best validation accuracy: 0.7950
2025-05-03 07:23:54,586 - training.model_MobileNetV3_opt_Adam_lr_0.01 - INFO - Resuming from epoch 20, best validation accuracy: 0.7950
2025-05-03 07:23:54,586 - training.model_MobileNetV3_opt_Adam_lr_0.01 - INFO - Resuming from epoch 20, best validation accuracy: 0.7950
2025-05-03 07:23:54,586 - training.model_MobileNetV3_opt_Adam_lr_0.01 - INFO - Resuming from epoch 20, best validation accuracy: 0.7950
2025-05-03 07:23:54,586 - training.model_MobileNetV3_opt_Adam_lr_0.01 - INFO - Resuming from epoch 20, best validation accuracy: 0.7950
2025-05-03 07:23:54,587 - training.model_MobileNetV3_opt_Adam_lr_0.01 - INFO - Training completed after 979.07 seconds
2025-05-03 07:23:54,587 - training.model_MobileNetV3_opt_Adam_lr_0.01 - INFO - Training completed after 979.07 seconds
2025-05-03 07:23:54,587 - training.model_MobileNetV3_opt_Adam_lr_0.01 - INFO - Training completed after 979.07 seconds
2025-05-03 07:23:54,587 - training.model_MobileNetV3_opt_Adam_lr_0.01 - INFO - Training completed after 979.07 seconds
2025-05-03 07:23:54,587 - training.model_MobileNetV3_opt_Adam_lr_0.01 - INFO - Training completed after 979.07 seconds
2025-05-03 07:24:03,716 - training.model_MobileNetV3_opt_Adam_lr_0.01 - INFO - Initialized training manager for model_MobileNetV3_opt_Adam_lr_0.01
2025-05-03 07:24:03,716 - training.model_MobileNetV3_opt_Adam_lr_0.01 - INFO - Initialized training manager for model_MobileNetV3_opt_Adam_lr_0.01
2025-05-03 07:24:03,716 - training.model_MobileNetV3_opt_Adam_lr_0.01 - INFO - Initialized training manager for model_MobileNetV3_opt_Adam_lr_0.01
2025-05-03 07:24:03,716 - training.model_MobileNetV3_opt_Adam_lr_0.01 - INFO - Initialized training manager for model_MobileNetV3_opt_Adam_lr_0.01
2025-05-03 07:24:03,716 - training.model_MobileNetV3_opt_Adam_lr_0.01 - INFO - Initialized training manager for model_MobileNetV3_opt_Adam_lr_0.01
2025-05-03 07:24:03,716 - training.model_MobileNetV3_opt_Adam_lr_0.01 - INFO - Initialized training manager for model_MobileNetV3_opt_Adam_lr_0.01
2025-05-03 07:24:03,716 - training.model_MobileNetV3_opt_Adam_lr_0.01 - INFO - Config: {
  "id": 582,
  "model_name": "MobileNetV3",
  "optimizer": "Adam",
  "learning_rate": 0.01,
  "scheduler": {
    "name": "ReduceLROnPlateau",
    "patience": 5,
    "factor": 0.5
  },
  "loss_fn": {
    "name": "LabelSmoothing",
    "smoothing": 0.1
  }
}
2025-05-03 07:24:03,716 - training.model_MobileNetV3_opt_Adam_lr_0.01 - INFO - Config: {
  "id": 582,
  "model_name": "MobileNetV3",
  "optimizer": "Adam",
  "learning_rate": 0.01,
  "scheduler": {
    "name": "ReduceLROnPlateau",
    "patience": 5,
    "factor": 0.5
  },
  "loss_fn": {
    "name": "LabelSmoothing",
    "smoothing": 0.1
  }
}
2025-05-03 07:24:03,716 - training.model_MobileNetV3_opt_Adam_lr_0.01 - INFO - Config: {
  "id": 582,
  "model_name": "MobileNetV3",
  "optimizer": "Adam",
  "learning_rate": 0.01,
  "scheduler": {
    "name": "ReduceLROnPlateau",
    "patience": 5,
    "factor": 0.5
  },
  "loss_fn": {
    "name": "LabelSmoothing",
    "smoothing": 0.1
  }
}
2025-05-03 07:24:03,716 - training.model_MobileNetV3_opt_Adam_lr_0.01 - INFO - Config: {
  "id": 582,
  "model_name": "MobileNetV3",
  "optimizer": "Adam",
  "learning_rate": 0.01,
  "scheduler": {
    "name": "ReduceLROnPlateau",
    "patience": 5,
    "factor": 0.5
  },
  "loss_fn": {
    "name": "LabelSmoothing",
    "smoothing": 0.1
  }
}
2025-05-03 07:24:03,716 - training.model_MobileNetV3_opt_Adam_lr_0.01 - INFO - Config: {
  "id": 582,
  "model_name": "MobileNetV3",
  "optimizer": "Adam",
  "learning_rate": 0.01,
  "scheduler": {
    "name": "ReduceLROnPlateau",
    "patience": 5,
    "factor": 0.5
  },
  "loss_fn": {
    "name": "LabelSmoothing",
    "smoothing": 0.1
  }
}
2025-05-03 07:24:03,716 - training.model_MobileNetV3_opt_Adam_lr_0.01 - INFO - Config: {
  "id": 582,
  "model_name": "MobileNetV3",
  "optimizer": "Adam",
  "learning_rate": 0.01,
  "scheduler": {
    "name": "ReduceLROnPlateau",
    "patience": 5,
    "factor": 0.5
  },
  "loss_fn": {
    "name": "LabelSmoothing",
    "smoothing": 0.1
  }
}
2025-05-03 07:24:03,716 - training.model_MobileNetV3_opt_Adam_lr_0.01 - INFO - Loading checkpoint from model_results_v2/model_MobileNetV3_opt_Adam_lr_0.01/checkpoint.pt
2025-05-03 07:24:03,716 - training.model_MobileNetV3_opt_Adam_lr_0.01 - INFO - Loading checkpoint from model_results_v2/model_MobileNetV3_opt_Adam_lr_0.01/checkpoint.pt
2025-05-03 07:24:03,716 - training.model_MobileNetV3_opt_Adam_lr_0.01 - INFO - Loading checkpoint from model_results_v2/model_MobileNetV3_opt_Adam_lr_0.01/checkpoint.pt
2025-05-03 07:24:03,716 - training.model_MobileNetV3_opt_Adam_lr_0.01 - INFO - Loading checkpoint from model_results_v2/model_MobileNetV3_opt_Adam_lr_0.01/checkpoint.pt
2025-05-03 07:24:03,716 - training.model_MobileNetV3_opt_Adam_lr_0.01 - INFO - Loading checkpoint from model_results_v2/model_MobileNetV3_opt_Adam_lr_0.01/checkpoint.pt
2025-05-03 07:24:03,716 - training.model_MobileNetV3_opt_Adam_lr_0.01 - INFO - Loading checkpoint from model_results_v2/model_MobileNetV3_opt_Adam_lr_0.01/checkpoint.pt
2025-05-03 07:24:03,803 - training.model_MobileNetV3_opt_Adam_lr_0.01 - INFO - Resuming from epoch 20, best validation accuracy: 0.7950
2025-05-03 07:24:03,803 - training.model_MobileNetV3_opt_Adam_lr_0.01 - INFO - Resuming from epoch 20, best validation accuracy: 0.7950
2025-05-03 07:24:03,803 - training.model_MobileNetV3_opt_Adam_lr_0.01 - INFO - Resuming from epoch 20, best validation accuracy: 0.7950
2025-05-03 07:24:03,803 - training.model_MobileNetV3_opt_Adam_lr_0.01 - INFO - Resuming from epoch 20, best validation accuracy: 0.7950
2025-05-03 07:24:03,803 - training.model_MobileNetV3_opt_Adam_lr_0.01 - INFO - Resuming from epoch 20, best validation accuracy: 0.7950
2025-05-03 07:24:03,803 - training.model_MobileNetV3_opt_Adam_lr_0.01 - INFO - Resuming from epoch 20, best validation accuracy: 0.7950
2025-05-03 07:24:03,804 - training.model_MobileNetV3_opt_Adam_lr_0.01 - INFO - Training completed after 979.07 seconds
2025-05-03 07:24:03,804 - training.model_MobileNetV3_opt_Adam_lr_0.01 - INFO - Training completed after 979.07 seconds
2025-05-03 07:24:03,804 - training.model_MobileNetV3_opt_Adam_lr_0.01 - INFO - Training completed after 979.07 seconds
2025-05-03 07:24:03,804 - training.model_MobileNetV3_opt_Adam_lr_0.01 - INFO - Training completed after 979.07 seconds
2025-05-03 07:24:03,804 - training.model_MobileNetV3_opt_Adam_lr_0.01 - INFO - Training completed after 979.07 seconds
2025-05-03 07:24:03,804 - training.model_MobileNetV3_opt_Adam_lr_0.01 - INFO - Training completed after 979.07 seconds
2025-05-03 07:24:13,508 - training.model_MobileNetV3_opt_Adam_lr_0.01 - INFO - Initialized training manager for model_MobileNetV3_opt_Adam_lr_0.01
2025-05-03 07:24:13,508 - training.model_MobileNetV3_opt_Adam_lr_0.01 - INFO - Initialized training manager for model_MobileNetV3_opt_Adam_lr_0.01
2025-05-03 07:24:13,508 - training.model_MobileNetV3_opt_Adam_lr_0.01 - INFO - Initialized training manager for model_MobileNetV3_opt_Adam_lr_0.01
2025-05-03 07:24:13,508 - training.model_MobileNetV3_opt_Adam_lr_0.01 - INFO - Initialized training manager for model_MobileNetV3_opt_Adam_lr_0.01
2025-05-03 07:24:13,508 - training.model_MobileNetV3_opt_Adam_lr_0.01 - INFO - Initialized training manager for model_MobileNetV3_opt_Adam_lr_0.01
2025-05-03 07:24:13,508 - training.model_MobileNetV3_opt_Adam_lr_0.01 - INFO - Initialized training manager for model_MobileNetV3_opt_Adam_lr_0.01
2025-05-03 07:24:13,508 - training.model_MobileNetV3_opt_Adam_lr_0.01 - INFO - Initialized training manager for model_MobileNetV3_opt_Adam_lr_0.01
2025-05-03 07:24:13,508 - training.model_MobileNetV3_opt_Adam_lr_0.01 - INFO - Config: {
  "id": 583,
  "model_name": "MobileNetV3",
  "optimizer": "Adam",
  "learning_rate": 0.01,
  "scheduler": {
    "name": "CosineAnnealingLR",
    "T_max": 10
  },
  "loss_fn": {
    "name": "CrossEntropy"
  }
}
2025-05-03 07:24:13,508 - training.model_MobileNetV3_opt_Adam_lr_0.01 - INFO - Config: {
  "id": 583,
  "model_name": "MobileNetV3",
  "optimizer": "Adam",
  "learning_rate": 0.01,
  "scheduler": {
    "name": "CosineAnnealingLR",
    "T_max": 10
  },
  "loss_fn": {
    "name": "CrossEntropy"
  }
}
2025-05-03 07:24:13,508 - training.model_MobileNetV3_opt_Adam_lr_0.01 - INFO - Config: {
  "id": 583,
  "model_name": "MobileNetV3",
  "optimizer": "Adam",
  "learning_rate": 0.01,
  "scheduler": {
    "name": "CosineAnnealingLR",
    "T_max": 10
  },
  "loss_fn": {
    "name": "CrossEntropy"
  }
}
2025-05-03 07:24:13,508 - training.model_MobileNetV3_opt_Adam_lr_0.01 - INFO - Config: {
  "id": 583,
  "model_name": "MobileNetV3",
  "optimizer": "Adam",
  "learning_rate": 0.01,
  "scheduler": {
    "name": "CosineAnnealingLR",
    "T_max": 10
  },
  "loss_fn": {
    "name": "CrossEntropy"
  }
}
2025-05-03 07:24:13,508 - training.model_MobileNetV3_opt_Adam_lr_0.01 - INFO - Config: {
  "id": 583,
  "model_name": "MobileNetV3",
  "optimizer": "Adam",
  "learning_rate": 0.01,
  "scheduler": {
    "name": "CosineAnnealingLR",
    "T_max": 10
  },
  "loss_fn": {
    "name": "CrossEntropy"
  }
}
2025-05-03 07:24:13,508 - training.model_MobileNetV3_opt_Adam_lr_0.01 - INFO - Config: {
  "id": 583,
  "model_name": "MobileNetV3",
  "optimizer": "Adam",
  "learning_rate": 0.01,
  "scheduler": {
    "name": "CosineAnnealingLR",
    "T_max": 10
  },
  "loss_fn": {
    "name": "CrossEntropy"
  }
}
2025-05-03 07:24:13,508 - training.model_MobileNetV3_opt_Adam_lr_0.01 - INFO - Config: {
  "id": 583,
  "model_name": "MobileNetV3",
  "optimizer": "Adam",
  "learning_rate": 0.01,
  "scheduler": {
    "name": "CosineAnnealingLR",
    "T_max": 10
  },
  "loss_fn": {
    "name": "CrossEntropy"
  }
}
2025-05-03 07:24:13,508 - training.model_MobileNetV3_opt_Adam_lr_0.01 - INFO - Loading checkpoint from model_results_v2/model_MobileNetV3_opt_Adam_lr_0.01/checkpoint.pt
2025-05-03 07:24:13,508 - training.model_MobileNetV3_opt_Adam_lr_0.01 - INFO - Loading checkpoint from model_results_v2/model_MobileNetV3_opt_Adam_lr_0.01/checkpoint.pt
2025-05-03 07:24:13,508 - training.model_MobileNetV3_opt_Adam_lr_0.01 - INFO - Loading checkpoint from model_results_v2/model_MobileNetV3_opt_Adam_lr_0.01/checkpoint.pt
2025-05-03 07:24:13,508 - training.model_MobileNetV3_opt_Adam_lr_0.01 - INFO - Loading checkpoint from model_results_v2/model_MobileNetV3_opt_Adam_lr_0.01/checkpoint.pt
2025-05-03 07:24:13,508 - training.model_MobileNetV3_opt_Adam_lr_0.01 - INFO - Loading checkpoint from model_results_v2/model_MobileNetV3_opt_Adam_lr_0.01/checkpoint.pt
2025-05-03 07:24:13,508 - training.model_MobileNetV3_opt_Adam_lr_0.01 - INFO - Loading checkpoint from model_results_v2/model_MobileNetV3_opt_Adam_lr_0.01/checkpoint.pt
2025-05-03 07:24:13,508 - training.model_MobileNetV3_opt_Adam_lr_0.01 - INFO - Loading checkpoint from model_results_v2/model_MobileNetV3_opt_Adam_lr_0.01/checkpoint.pt
2025-05-03 07:24:13,598 - training.model_MobileNetV3_opt_Adam_lr_0.01 - INFO - Resuming from epoch 20, best validation accuracy: 0.7950
2025-05-03 07:24:13,598 - training.model_MobileNetV3_opt_Adam_lr_0.01 - INFO - Resuming from epoch 20, best validation accuracy: 0.7950
2025-05-03 07:24:13,598 - training.model_MobileNetV3_opt_Adam_lr_0.01 - INFO - Resuming from epoch 20, best validation accuracy: 0.7950
2025-05-03 07:24:13,598 - training.model_MobileNetV3_opt_Adam_lr_0.01 - INFO - Resuming from epoch 20, best validation accuracy: 0.7950
2025-05-03 07:24:13,598 - training.model_MobileNetV3_opt_Adam_lr_0.01 - INFO - Resuming from epoch 20, best validation accuracy: 0.7950
2025-05-03 07:24:13,598 - training.model_MobileNetV3_opt_Adam_lr_0.01 - INFO - Resuming from epoch 20, best validation accuracy: 0.7950
2025-05-03 07:24:13,598 - training.model_MobileNetV3_opt_Adam_lr_0.01 - INFO - Resuming from epoch 20, best validation accuracy: 0.7950
2025-05-03 07:24:13,599 - training.model_MobileNetV3_opt_Adam_lr_0.01 - INFO - Training completed after 979.07 seconds
2025-05-03 07:24:13,599 - training.model_MobileNetV3_opt_Adam_lr_0.01 - INFO - Training completed after 979.07 seconds
2025-05-03 07:24:13,599 - training.model_MobileNetV3_opt_Adam_lr_0.01 - INFO - Training completed after 979.07 seconds
2025-05-03 07:24:13,599 - training.model_MobileNetV3_opt_Adam_lr_0.01 - INFO - Training completed after 979.07 seconds
2025-05-03 07:24:13,599 - training.model_MobileNetV3_opt_Adam_lr_0.01 - INFO - Training completed after 979.07 seconds
2025-05-03 07:24:13,599 - training.model_MobileNetV3_opt_Adam_lr_0.01 - INFO - Training completed after 979.07 seconds
2025-05-03 07:24:13,599 - training.model_MobileNetV3_opt_Adam_lr_0.01 - INFO - Training completed after 979.07 seconds
2025-05-03 07:24:22,804 - training.model_MobileNetV3_opt_Adam_lr_0.01 - INFO - Initialized training manager for model_MobileNetV3_opt_Adam_lr_0.01
2025-05-03 07:24:22,804 - training.model_MobileNetV3_opt_Adam_lr_0.01 - INFO - Initialized training manager for model_MobileNetV3_opt_Adam_lr_0.01
2025-05-03 07:24:22,804 - training.model_MobileNetV3_opt_Adam_lr_0.01 - INFO - Initialized training manager for model_MobileNetV3_opt_Adam_lr_0.01
2025-05-03 07:24:22,804 - training.model_MobileNetV3_opt_Adam_lr_0.01 - INFO - Initialized training manager for model_MobileNetV3_opt_Adam_lr_0.01
2025-05-03 07:24:22,804 - training.model_MobileNetV3_opt_Adam_lr_0.01 - INFO - Initialized training manager for model_MobileNetV3_opt_Adam_lr_0.01
2025-05-03 07:24:22,804 - training.model_MobileNetV3_opt_Adam_lr_0.01 - INFO - Initialized training manager for model_MobileNetV3_opt_Adam_lr_0.01
2025-05-03 07:24:22,804 - training.model_MobileNetV3_opt_Adam_lr_0.01 - INFO - Initialized training manager for model_MobileNetV3_opt_Adam_lr_0.01
2025-05-03 07:24:22,804 - training.model_MobileNetV3_opt_Adam_lr_0.01 - INFO - Initialized training manager for model_MobileNetV3_opt_Adam_lr_0.01
2025-05-03 07:24:22,804 - training.model_MobileNetV3_opt_Adam_lr_0.01 - INFO - Config: {
  "id": 584,
  "model_name": "MobileNetV3",
  "optimizer": "Adam",
  "learning_rate": 0.01,
  "scheduler": {
    "name": "CosineAnnealingLR",
    "T_max": 10
  },
  "loss_fn": {
    "name": "FocalLoss",
    "alpha": 0.25,
    "gamma": 2.0
  }
}
2025-05-03 07:24:22,804 - training.model_MobileNetV3_opt_Adam_lr_0.01 - INFO - Config: {
  "id": 584,
  "model_name": "MobileNetV3",
  "optimizer": "Adam",
  "learning_rate": 0.01,
  "scheduler": {
    "name": "CosineAnnealingLR",
    "T_max": 10
  },
  "loss_fn": {
    "name": "FocalLoss",
    "alpha": 0.25,
    "gamma": 2.0
  }
}
2025-05-03 07:24:22,804 - training.model_MobileNetV3_opt_Adam_lr_0.01 - INFO - Config: {
  "id": 584,
  "model_name": "MobileNetV3",
  "optimizer": "Adam",
  "learning_rate": 0.01,
  "scheduler": {
    "name": "CosineAnnealingLR",
    "T_max": 10
  },
  "loss_fn": {
    "name": "FocalLoss",
    "alpha": 0.25,
    "gamma": 2.0
  }
}
2025-05-03 07:24:22,804 - training.model_MobileNetV3_opt_Adam_lr_0.01 - INFO - Config: {
  "id": 584,
  "model_name": "MobileNetV3",
  "optimizer": "Adam",
  "learning_rate": 0.01,
  "scheduler": {
    "name": "CosineAnnealingLR",
    "T_max": 10
  },
  "loss_fn": {
    "name": "FocalLoss",
    "alpha": 0.25,
    "gamma": 2.0
  }
}
2025-05-03 07:24:22,804 - training.model_MobileNetV3_opt_Adam_lr_0.01 - INFO - Config: {
  "id": 584,
  "model_name": "MobileNetV3",
  "optimizer": "Adam",
  "learning_rate": 0.01,
  "scheduler": {
    "name": "CosineAnnealingLR",
    "T_max": 10
  },
  "loss_fn": {
    "name": "FocalLoss",
    "alpha": 0.25,
    "gamma": 2.0
  }
}
2025-05-03 07:24:22,804 - training.model_MobileNetV3_opt_Adam_lr_0.01 - INFO - Config: {
  "id": 584,
  "model_name": "MobileNetV3",
  "optimizer": "Adam",
  "learning_rate": 0.01,
  "scheduler": {
    "name": "CosineAnnealingLR",
    "T_max": 10
  },
  "loss_fn": {
    "name": "FocalLoss",
    "alpha": 0.25,
    "gamma": 2.0
  }
}
2025-05-03 07:24:22,804 - training.model_MobileNetV3_opt_Adam_lr_0.01 - INFO - Config: {
  "id": 584,
  "model_name": "MobileNetV3",
  "optimizer": "Adam",
  "learning_rate": 0.01,
  "scheduler": {
    "name": "CosineAnnealingLR",
    "T_max": 10
  },
  "loss_fn": {
    "name": "FocalLoss",
    "alpha": 0.25,
    "gamma": 2.0
  }
}
2025-05-03 07:24:22,804 - training.model_MobileNetV3_opt_Adam_lr_0.01 - INFO - Config: {
  "id": 584,
  "model_name": "MobileNetV3",
  "optimizer": "Adam",
  "learning_rate": 0.01,
  "scheduler": {
    "name": "CosineAnnealingLR",
    "T_max": 10
  },
  "loss_fn": {
    "name": "FocalLoss",
    "alpha": 0.25,
    "gamma": 2.0
  }
}
2025-05-03 07:24:22,804 - training.model_MobileNetV3_opt_Adam_lr_0.01 - INFO - Loading checkpoint from model_results_v2/model_MobileNetV3_opt_Adam_lr_0.01/checkpoint.pt
2025-05-03 07:24:22,804 - training.model_MobileNetV3_opt_Adam_lr_0.01 - INFO - Loading checkpoint from model_results_v2/model_MobileNetV3_opt_Adam_lr_0.01/checkpoint.pt
2025-05-03 07:24:22,804 - training.model_MobileNetV3_opt_Adam_lr_0.01 - INFO - Loading checkpoint from model_results_v2/model_MobileNetV3_opt_Adam_lr_0.01/checkpoint.pt
2025-05-03 07:24:22,804 - training.model_MobileNetV3_opt_Adam_lr_0.01 - INFO - Loading checkpoint from model_results_v2/model_MobileNetV3_opt_Adam_lr_0.01/checkpoint.pt
2025-05-03 07:24:22,804 - training.model_MobileNetV3_opt_Adam_lr_0.01 - INFO - Loading checkpoint from model_results_v2/model_MobileNetV3_opt_Adam_lr_0.01/checkpoint.pt
2025-05-03 07:24:22,804 - training.model_MobileNetV3_opt_Adam_lr_0.01 - INFO - Loading checkpoint from model_results_v2/model_MobileNetV3_opt_Adam_lr_0.01/checkpoint.pt
2025-05-03 07:24:22,804 - training.model_MobileNetV3_opt_Adam_lr_0.01 - INFO - Loading checkpoint from model_results_v2/model_MobileNetV3_opt_Adam_lr_0.01/checkpoint.pt
2025-05-03 07:24:22,804 - training.model_MobileNetV3_opt_Adam_lr_0.01 - INFO - Loading checkpoint from model_results_v2/model_MobileNetV3_opt_Adam_lr_0.01/checkpoint.pt
2025-05-03 07:24:22,900 - training.model_MobileNetV3_opt_Adam_lr_0.01 - INFO - Resuming from epoch 20, best validation accuracy: 0.7950
2025-05-03 07:24:22,900 - training.model_MobileNetV3_opt_Adam_lr_0.01 - INFO - Resuming from epoch 20, best validation accuracy: 0.7950
2025-05-03 07:24:22,900 - training.model_MobileNetV3_opt_Adam_lr_0.01 - INFO - Resuming from epoch 20, best validation accuracy: 0.7950
2025-05-03 07:24:22,900 - training.model_MobileNetV3_opt_Adam_lr_0.01 - INFO - Resuming from epoch 20, best validation accuracy: 0.7950
2025-05-03 07:24:22,900 - training.model_MobileNetV3_opt_Adam_lr_0.01 - INFO - Resuming from epoch 20, best validation accuracy: 0.7950
2025-05-03 07:24:22,900 - training.model_MobileNetV3_opt_Adam_lr_0.01 - INFO - Resuming from epoch 20, best validation accuracy: 0.7950
2025-05-03 07:24:22,900 - training.model_MobileNetV3_opt_Adam_lr_0.01 - INFO - Resuming from epoch 20, best validation accuracy: 0.7950
2025-05-03 07:24:22,900 - training.model_MobileNetV3_opt_Adam_lr_0.01 - INFO - Resuming from epoch 20, best validation accuracy: 0.7950
2025-05-03 07:24:22,902 - training.model_MobileNetV3_opt_Adam_lr_0.01 - INFO - Training completed after 979.07 seconds
2025-05-03 07:24:22,902 - training.model_MobileNetV3_opt_Adam_lr_0.01 - INFO - Training completed after 979.07 seconds
2025-05-03 07:24:22,902 - training.model_MobileNetV3_opt_Adam_lr_0.01 - INFO - Training completed after 979.07 seconds
2025-05-03 07:24:22,902 - training.model_MobileNetV3_opt_Adam_lr_0.01 - INFO - Training completed after 979.07 seconds
2025-05-03 07:24:22,902 - training.model_MobileNetV3_opt_Adam_lr_0.01 - INFO - Training completed after 979.07 seconds
2025-05-03 07:24:22,902 - training.model_MobileNetV3_opt_Adam_lr_0.01 - INFO - Training completed after 979.07 seconds
2025-05-03 07:24:22,902 - training.model_MobileNetV3_opt_Adam_lr_0.01 - INFO - Training completed after 979.07 seconds
2025-05-03 07:24:22,902 - training.model_MobileNetV3_opt_Adam_lr_0.01 - INFO - Training completed after 979.07 seconds
2025-05-03 07:24:32,338 - training.model_MobileNetV3_opt_Adam_lr_0.01 - INFO - Initialized training manager for model_MobileNetV3_opt_Adam_lr_0.01
2025-05-03 07:24:32,338 - training.model_MobileNetV3_opt_Adam_lr_0.01 - INFO - Initialized training manager for model_MobileNetV3_opt_Adam_lr_0.01
2025-05-03 07:24:32,338 - training.model_MobileNetV3_opt_Adam_lr_0.01 - INFO - Initialized training manager for model_MobileNetV3_opt_Adam_lr_0.01
2025-05-03 07:24:32,338 - training.model_MobileNetV3_opt_Adam_lr_0.01 - INFO - Initialized training manager for model_MobileNetV3_opt_Adam_lr_0.01
2025-05-03 07:24:32,338 - training.model_MobileNetV3_opt_Adam_lr_0.01 - INFO - Initialized training manager for model_MobileNetV3_opt_Adam_lr_0.01
2025-05-03 07:24:32,338 - training.model_MobileNetV3_opt_Adam_lr_0.01 - INFO - Initialized training manager for model_MobileNetV3_opt_Adam_lr_0.01
2025-05-03 07:24:32,338 - training.model_MobileNetV3_opt_Adam_lr_0.01 - INFO - Initialized training manager for model_MobileNetV3_opt_Adam_lr_0.01
2025-05-03 07:24:32,338 - training.model_MobileNetV3_opt_Adam_lr_0.01 - INFO - Initialized training manager for model_MobileNetV3_opt_Adam_lr_0.01
2025-05-03 07:24:32,338 - training.model_MobileNetV3_opt_Adam_lr_0.01 - INFO - Initialized training manager for model_MobileNetV3_opt_Adam_lr_0.01
2025-05-03 07:24:32,338 - training.model_MobileNetV3_opt_Adam_lr_0.01 - INFO - Config: {
  "id": 585,
  "model_name": "MobileNetV3",
  "optimizer": "Adam",
  "learning_rate": 0.01,
  "scheduler": {
    "name": "CosineAnnealingLR",
    "T_max": 10
  },
  "loss_fn": {
    "name": "LabelSmoothing",
    "smoothing": 0.1
  }
}
2025-05-03 07:24:32,338 - training.model_MobileNetV3_opt_Adam_lr_0.01 - INFO - Config: {
  "id": 585,
  "model_name": "MobileNetV3",
  "optimizer": "Adam",
  "learning_rate": 0.01,
  "scheduler": {
    "name": "CosineAnnealingLR",
    "T_max": 10
  },
  "loss_fn": {
    "name": "LabelSmoothing",
    "smoothing": 0.1
  }
}
2025-05-03 07:24:32,338 - training.model_MobileNetV3_opt_Adam_lr_0.01 - INFO - Config: {
  "id": 585,
  "model_name": "MobileNetV3",
  "optimizer": "Adam",
  "learning_rate": 0.01,
  "scheduler": {
    "name": "CosineAnnealingLR",
    "T_max": 10
  },
  "loss_fn": {
    "name": "LabelSmoothing",
    "smoothing": 0.1
  }
}
2025-05-03 07:24:32,338 - training.model_MobileNetV3_opt_Adam_lr_0.01 - INFO - Config: {
  "id": 585,
  "model_name": "MobileNetV3",
  "optimizer": "Adam",
  "learning_rate": 0.01,
  "scheduler": {
    "name": "CosineAnnealingLR",
    "T_max": 10
  },
  "loss_fn": {
    "name": "LabelSmoothing",
    "smoothing": 0.1
  }
}
2025-05-03 07:24:32,338 - training.model_MobileNetV3_opt_Adam_lr_0.01 - INFO - Config: {
  "id": 585,
  "model_name": "MobileNetV3",
  "optimizer": "Adam",
  "learning_rate": 0.01,
  "scheduler": {
    "name": "CosineAnnealingLR",
    "T_max": 10
  },
  "loss_fn": {
    "name": "LabelSmoothing",
    "smoothing": 0.1
  }
}
2025-05-03 07:24:32,338 - training.model_MobileNetV3_opt_Adam_lr_0.01 - INFO - Config: {
  "id": 585,
  "model_name": "MobileNetV3",
  "optimizer": "Adam",
  "learning_rate": 0.01,
  "scheduler": {
    "name": "CosineAnnealingLR",
    "T_max": 10
  },
  "loss_fn": {
    "name": "LabelSmoothing",
    "smoothing": 0.1
  }
}
2025-05-03 07:24:32,338 - training.model_MobileNetV3_opt_Adam_lr_0.01 - INFO - Config: {
  "id": 585,
  "model_name": "MobileNetV3",
  "optimizer": "Adam",
  "learning_rate": 0.01,
  "scheduler": {
    "name": "CosineAnnealingLR",
    "T_max": 10
  },
  "loss_fn": {
    "name": "LabelSmoothing",
    "smoothing": 0.1
  }
}
2025-05-03 07:24:32,338 - training.model_MobileNetV3_opt_Adam_lr_0.01 - INFO - Config: {
  "id": 585,
  "model_name": "MobileNetV3",
  "optimizer": "Adam",
  "learning_rate": 0.01,
  "scheduler": {
    "name": "CosineAnnealingLR",
    "T_max": 10
  },
  "loss_fn": {
    "name": "LabelSmoothing",
    "smoothing": 0.1
  }
}
2025-05-03 07:24:32,338 - training.model_MobileNetV3_opt_Adam_lr_0.01 - INFO - Config: {
  "id": 585,
  "model_name": "MobileNetV3",
  "optimizer": "Adam",
  "learning_rate": 0.01,
  "scheduler": {
    "name": "CosineAnnealingLR",
    "T_max": 10
  },
  "loss_fn": {
    "name": "LabelSmoothing",
    "smoothing": 0.1
  }
}
2025-05-03 07:24:32,338 - training.model_MobileNetV3_opt_Adam_lr_0.01 - INFO - Loading checkpoint from model_results_v2/model_MobileNetV3_opt_Adam_lr_0.01/checkpoint.pt
2025-05-03 07:24:32,338 - training.model_MobileNetV3_opt_Adam_lr_0.01 - INFO - Loading checkpoint from model_results_v2/model_MobileNetV3_opt_Adam_lr_0.01/checkpoint.pt
2025-05-03 07:24:32,338 - training.model_MobileNetV3_opt_Adam_lr_0.01 - INFO - Loading checkpoint from model_results_v2/model_MobileNetV3_opt_Adam_lr_0.01/checkpoint.pt
2025-05-03 07:24:32,338 - training.model_MobileNetV3_opt_Adam_lr_0.01 - INFO - Loading checkpoint from model_results_v2/model_MobileNetV3_opt_Adam_lr_0.01/checkpoint.pt
2025-05-03 07:24:32,338 - training.model_MobileNetV3_opt_Adam_lr_0.01 - INFO - Loading checkpoint from model_results_v2/model_MobileNetV3_opt_Adam_lr_0.01/checkpoint.pt
2025-05-03 07:24:32,338 - training.model_MobileNetV3_opt_Adam_lr_0.01 - INFO - Loading checkpoint from model_results_v2/model_MobileNetV3_opt_Adam_lr_0.01/checkpoint.pt
2025-05-03 07:24:32,338 - training.model_MobileNetV3_opt_Adam_lr_0.01 - INFO - Loading checkpoint from model_results_v2/model_MobileNetV3_opt_Adam_lr_0.01/checkpoint.pt
2025-05-03 07:24:32,338 - training.model_MobileNetV3_opt_Adam_lr_0.01 - INFO - Loading checkpoint from model_results_v2/model_MobileNetV3_opt_Adam_lr_0.01/checkpoint.pt
2025-05-03 07:24:32,338 - training.model_MobileNetV3_opt_Adam_lr_0.01 - INFO - Loading checkpoint from model_results_v2/model_MobileNetV3_opt_Adam_lr_0.01/checkpoint.pt
2025-05-03 07:24:32,424 - training.model_MobileNetV3_opt_Adam_lr_0.01 - INFO - Resuming from epoch 20, best validation accuracy: 0.7950
2025-05-03 07:24:32,424 - training.model_MobileNetV3_opt_Adam_lr_0.01 - INFO - Resuming from epoch 20, best validation accuracy: 0.7950
2025-05-03 07:24:32,424 - training.model_MobileNetV3_opt_Adam_lr_0.01 - INFO - Resuming from epoch 20, best validation accuracy: 0.7950
2025-05-03 07:24:32,424 - training.model_MobileNetV3_opt_Adam_lr_0.01 - INFO - Resuming from epoch 20, best validation accuracy: 0.7950
2025-05-03 07:24:32,424 - training.model_MobileNetV3_opt_Adam_lr_0.01 - INFO - Resuming from epoch 20, best validation accuracy: 0.7950
2025-05-03 07:24:32,424 - training.model_MobileNetV3_opt_Adam_lr_0.01 - INFO - Resuming from epoch 20, best validation accuracy: 0.7950
2025-05-03 07:24:32,424 - training.model_MobileNetV3_opt_Adam_lr_0.01 - INFO - Resuming from epoch 20, best validation accuracy: 0.7950
2025-05-03 07:24:32,424 - training.model_MobileNetV3_opt_Adam_lr_0.01 - INFO - Resuming from epoch 20, best validation accuracy: 0.7950
2025-05-03 07:24:32,424 - training.model_MobileNetV3_opt_Adam_lr_0.01 - INFO - Resuming from epoch 20, best validation accuracy: 0.7950
2025-05-03 07:24:32,425 - training.model_MobileNetV3_opt_Adam_lr_0.01 - INFO - Training completed after 979.07 seconds
2025-05-03 07:24:32,425 - training.model_MobileNetV3_opt_Adam_lr_0.01 - INFO - Training completed after 979.07 seconds
2025-05-03 07:24:32,425 - training.model_MobileNetV3_opt_Adam_lr_0.01 - INFO - Training completed after 979.07 seconds
2025-05-03 07:24:32,425 - training.model_MobileNetV3_opt_Adam_lr_0.01 - INFO - Training completed after 979.07 seconds
2025-05-03 07:24:32,425 - training.model_MobileNetV3_opt_Adam_lr_0.01 - INFO - Training completed after 979.07 seconds
2025-05-03 07:24:32,425 - training.model_MobileNetV3_opt_Adam_lr_0.01 - INFO - Training completed after 979.07 seconds
2025-05-03 07:24:32,425 - training.model_MobileNetV3_opt_Adam_lr_0.01 - INFO - Training completed after 979.07 seconds
2025-05-03 07:24:32,425 - training.model_MobileNetV3_opt_Adam_lr_0.01 - INFO - Training completed after 979.07 seconds
2025-05-03 07:24:32,425 - training.model_MobileNetV3_opt_Adam_lr_0.01 - INFO - Training completed after 979.07 seconds
2025-05-03 07:24:42,046 - training.model_MobileNetV3_opt_Adam_lr_0.01 - INFO - Initialized training manager for model_MobileNetV3_opt_Adam_lr_0.01
2025-05-03 07:24:42,046 - training.model_MobileNetV3_opt_Adam_lr_0.01 - INFO - Initialized training manager for model_MobileNetV3_opt_Adam_lr_0.01
2025-05-03 07:24:42,046 - training.model_MobileNetV3_opt_Adam_lr_0.01 - INFO - Initialized training manager for model_MobileNetV3_opt_Adam_lr_0.01
2025-05-03 07:24:42,046 - training.model_MobileNetV3_opt_Adam_lr_0.01 - INFO - Initialized training manager for model_MobileNetV3_opt_Adam_lr_0.01
2025-05-03 07:24:42,046 - training.model_MobileNetV3_opt_Adam_lr_0.01 - INFO - Initialized training manager for model_MobileNetV3_opt_Adam_lr_0.01
2025-05-03 07:24:42,046 - training.model_MobileNetV3_opt_Adam_lr_0.01 - INFO - Initialized training manager for model_MobileNetV3_opt_Adam_lr_0.01
2025-05-03 07:24:42,046 - training.model_MobileNetV3_opt_Adam_lr_0.01 - INFO - Initialized training manager for model_MobileNetV3_opt_Adam_lr_0.01
2025-05-03 07:24:42,046 - training.model_MobileNetV3_opt_Adam_lr_0.01 - INFO - Initialized training manager for model_MobileNetV3_opt_Adam_lr_0.01
2025-05-03 07:24:42,046 - training.model_MobileNetV3_opt_Adam_lr_0.01 - INFO - Initialized training manager for model_MobileNetV3_opt_Adam_lr_0.01
2025-05-03 07:24:42,046 - training.model_MobileNetV3_opt_Adam_lr_0.01 - INFO - Initialized training manager for model_MobileNetV3_opt_Adam_lr_0.01
2025-05-03 07:24:42,046 - training.model_MobileNetV3_opt_Adam_lr_0.01 - INFO - Config: {
  "id": 586,
  "model_name": "MobileNetV3",
  "optimizer": "Adam",
  "learning_rate": 0.01,
  "scheduler": {
    "name": "CosineAnnealingWarmRestarts",
    "T_0": 10
  },
  "loss_fn": {
    "name": "CrossEntropy"
  }
}
2025-05-03 07:24:42,046 - training.model_MobileNetV3_opt_Adam_lr_0.01 - INFO - Config: {
  "id": 586,
  "model_name": "MobileNetV3",
  "optimizer": "Adam",
  "learning_rate": 0.01,
  "scheduler": {
    "name": "CosineAnnealingWarmRestarts",
    "T_0": 10
  },
  "loss_fn": {
    "name": "CrossEntropy"
  }
}
2025-05-03 07:24:42,046 - training.model_MobileNetV3_opt_Adam_lr_0.01 - INFO - Config: {
  "id": 586,
  "model_name": "MobileNetV3",
  "optimizer": "Adam",
  "learning_rate": 0.01,
  "scheduler": {
    "name": "CosineAnnealingWarmRestarts",
    "T_0": 10
  },
  "loss_fn": {
    "name": "CrossEntropy"
  }
}
2025-05-03 07:24:42,046 - training.model_MobileNetV3_opt_Adam_lr_0.01 - INFO - Config: {
  "id": 586,
  "model_name": "MobileNetV3",
  "optimizer": "Adam",
  "learning_rate": 0.01,
  "scheduler": {
    "name": "CosineAnnealingWarmRestarts",
    "T_0": 10
  },
  "loss_fn": {
    "name": "CrossEntropy"
  }
}
2025-05-03 07:24:42,046 - training.model_MobileNetV3_opt_Adam_lr_0.01 - INFO - Config: {
  "id": 586,
  "model_name": "MobileNetV3",
  "optimizer": "Adam",
  "learning_rate": 0.01,
  "scheduler": {
    "name": "CosineAnnealingWarmRestarts",
    "T_0": 10
  },
  "loss_fn": {
    "name": "CrossEntropy"
  }
}
2025-05-03 07:24:42,046 - training.model_MobileNetV3_opt_Adam_lr_0.01 - INFO - Config: {
  "id": 586,
  "model_name": "MobileNetV3",
  "optimizer": "Adam",
  "learning_rate": 0.01,
  "scheduler": {
    "name": "CosineAnnealingWarmRestarts",
    "T_0": 10
  },
  "loss_fn": {
    "name": "CrossEntropy"
  }
}
2025-05-03 07:24:42,046 - training.model_MobileNetV3_opt_Adam_lr_0.01 - INFO - Config: {
  "id": 586,
  "model_name": "MobileNetV3",
  "optimizer": "Adam",
  "learning_rate": 0.01,
  "scheduler": {
    "name": "CosineAnnealingWarmRestarts",
    "T_0": 10
  },
  "loss_fn": {
    "name": "CrossEntropy"
  }
}
2025-05-03 07:24:42,046 - training.model_MobileNetV3_opt_Adam_lr_0.01 - INFO - Config: {
  "id": 586,
  "model_name": "MobileNetV3",
  "optimizer": "Adam",
  "learning_rate": 0.01,
  "scheduler": {
    "name": "CosineAnnealingWarmRestarts",
    "T_0": 10
  },
  "loss_fn": {
    "name": "CrossEntropy"
  }
}
2025-05-03 07:24:42,046 - training.model_MobileNetV3_opt_Adam_lr_0.01 - INFO - Config: {
  "id": 586,
  "model_name": "MobileNetV3",
  "optimizer": "Adam",
  "learning_rate": 0.01,
  "scheduler": {
    "name": "CosineAnnealingWarmRestarts",
    "T_0": 10
  },
  "loss_fn": {
    "name": "CrossEntropy"
  }
}
2025-05-03 07:24:42,046 - training.model_MobileNetV3_opt_Adam_lr_0.01 - INFO - Config: {
  "id": 586,
  "model_name": "MobileNetV3",
  "optimizer": "Adam",
  "learning_rate": 0.01,
  "scheduler": {
    "name": "CosineAnnealingWarmRestarts",
    "T_0": 10
  },
  "loss_fn": {
    "name": "CrossEntropy"
  }
}
2025-05-03 07:24:42,046 - training.model_MobileNetV3_opt_Adam_lr_0.01 - INFO - Loading checkpoint from model_results_v2/model_MobileNetV3_opt_Adam_lr_0.01/checkpoint.pt
2025-05-03 07:24:42,046 - training.model_MobileNetV3_opt_Adam_lr_0.01 - INFO - Loading checkpoint from model_results_v2/model_MobileNetV3_opt_Adam_lr_0.01/checkpoint.pt
2025-05-03 07:24:42,046 - training.model_MobileNetV3_opt_Adam_lr_0.01 - INFO - Loading checkpoint from model_results_v2/model_MobileNetV3_opt_Adam_lr_0.01/checkpoint.pt
2025-05-03 07:24:42,046 - training.model_MobileNetV3_opt_Adam_lr_0.01 - INFO - Loading checkpoint from model_results_v2/model_MobileNetV3_opt_Adam_lr_0.01/checkpoint.pt
2025-05-03 07:24:42,046 - training.model_MobileNetV3_opt_Adam_lr_0.01 - INFO - Loading checkpoint from model_results_v2/model_MobileNetV3_opt_Adam_lr_0.01/checkpoint.pt
2025-05-03 07:24:42,046 - training.model_MobileNetV3_opt_Adam_lr_0.01 - INFO - Loading checkpoint from model_results_v2/model_MobileNetV3_opt_Adam_lr_0.01/checkpoint.pt
2025-05-03 07:24:42,046 - training.model_MobileNetV3_opt_Adam_lr_0.01 - INFO - Loading checkpoint from model_results_v2/model_MobileNetV3_opt_Adam_lr_0.01/checkpoint.pt
2025-05-03 07:24:42,046 - training.model_MobileNetV3_opt_Adam_lr_0.01 - INFO - Loading checkpoint from model_results_v2/model_MobileNetV3_opt_Adam_lr_0.01/checkpoint.pt
2025-05-03 07:24:42,046 - training.model_MobileNetV3_opt_Adam_lr_0.01 - INFO - Loading checkpoint from model_results_v2/model_MobileNetV3_opt_Adam_lr_0.01/checkpoint.pt
2025-05-03 07:24:42,046 - training.model_MobileNetV3_opt_Adam_lr_0.01 - INFO - Loading checkpoint from model_results_v2/model_MobileNetV3_opt_Adam_lr_0.01/checkpoint.pt
2025-05-03 07:24:42,133 - training.model_MobileNetV3_opt_Adam_lr_0.01 - INFO - Resuming from epoch 20, best validation accuracy: 0.7950
2025-05-03 07:24:42,133 - training.model_MobileNetV3_opt_Adam_lr_0.01 - INFO - Resuming from epoch 20, best validation accuracy: 0.7950
2025-05-03 07:24:42,133 - training.model_MobileNetV3_opt_Adam_lr_0.01 - INFO - Resuming from epoch 20, best validation accuracy: 0.7950
2025-05-03 07:24:42,133 - training.model_MobileNetV3_opt_Adam_lr_0.01 - INFO - Resuming from epoch 20, best validation accuracy: 0.7950
2025-05-03 07:24:42,133 - training.model_MobileNetV3_opt_Adam_lr_0.01 - INFO - Resuming from epoch 20, best validation accuracy: 0.7950
2025-05-03 07:24:42,133 - training.model_MobileNetV3_opt_Adam_lr_0.01 - INFO - Resuming from epoch 20, best validation accuracy: 0.7950
2025-05-03 07:24:42,133 - training.model_MobileNetV3_opt_Adam_lr_0.01 - INFO - Resuming from epoch 20, best validation accuracy: 0.7950
2025-05-03 07:24:42,133 - training.model_MobileNetV3_opt_Adam_lr_0.01 - INFO - Resuming from epoch 20, best validation accuracy: 0.7950
2025-05-03 07:24:42,133 - training.model_MobileNetV3_opt_Adam_lr_0.01 - INFO - Resuming from epoch 20, best validation accuracy: 0.7950
2025-05-03 07:24:42,133 - training.model_MobileNetV3_opt_Adam_lr_0.01 - INFO - Resuming from epoch 20, best validation accuracy: 0.7950
2025-05-03 07:24:42,134 - training.model_MobileNetV3_opt_Adam_lr_0.01 - INFO - Training completed after 979.07 seconds
2025-05-03 07:24:42,134 - training.model_MobileNetV3_opt_Adam_lr_0.01 - INFO - Training completed after 979.07 seconds
2025-05-03 07:24:42,134 - training.model_MobileNetV3_opt_Adam_lr_0.01 - INFO - Training completed after 979.07 seconds
2025-05-03 07:24:42,134 - training.model_MobileNetV3_opt_Adam_lr_0.01 - INFO - Training completed after 979.07 seconds
2025-05-03 07:24:42,134 - training.model_MobileNetV3_opt_Adam_lr_0.01 - INFO - Training completed after 979.07 seconds
2025-05-03 07:24:42,134 - training.model_MobileNetV3_opt_Adam_lr_0.01 - INFO - Training completed after 979.07 seconds
2025-05-03 07:24:42,134 - training.model_MobileNetV3_opt_Adam_lr_0.01 - INFO - Training completed after 979.07 seconds
2025-05-03 07:24:42,134 - training.model_MobileNetV3_opt_Adam_lr_0.01 - INFO - Training completed after 979.07 seconds
2025-05-03 07:24:42,134 - training.model_MobileNetV3_opt_Adam_lr_0.01 - INFO - Training completed after 979.07 seconds
2025-05-03 07:24:42,134 - training.model_MobileNetV3_opt_Adam_lr_0.01 - INFO - Training completed after 979.07 seconds
2025-05-03 07:24:51,615 - training.model_MobileNetV3_opt_Adam_lr_0.01 - INFO - Initialized training manager for model_MobileNetV3_opt_Adam_lr_0.01
2025-05-03 07:24:51,615 - training.model_MobileNetV3_opt_Adam_lr_0.01 - INFO - Initialized training manager for model_MobileNetV3_opt_Adam_lr_0.01
2025-05-03 07:24:51,615 - training.model_MobileNetV3_opt_Adam_lr_0.01 - INFO - Initialized training manager for model_MobileNetV3_opt_Adam_lr_0.01
2025-05-03 07:24:51,615 - training.model_MobileNetV3_opt_Adam_lr_0.01 - INFO - Initialized training manager for model_MobileNetV3_opt_Adam_lr_0.01
2025-05-03 07:24:51,615 - training.model_MobileNetV3_opt_Adam_lr_0.01 - INFO - Initialized training manager for model_MobileNetV3_opt_Adam_lr_0.01
2025-05-03 07:24:51,615 - training.model_MobileNetV3_opt_Adam_lr_0.01 - INFO - Initialized training manager for model_MobileNetV3_opt_Adam_lr_0.01
2025-05-03 07:24:51,615 - training.model_MobileNetV3_opt_Adam_lr_0.01 - INFO - Initialized training manager for model_MobileNetV3_opt_Adam_lr_0.01
2025-05-03 07:24:51,615 - training.model_MobileNetV3_opt_Adam_lr_0.01 - INFO - Initialized training manager for model_MobileNetV3_opt_Adam_lr_0.01
2025-05-03 07:24:51,615 - training.model_MobileNetV3_opt_Adam_lr_0.01 - INFO - Initialized training manager for model_MobileNetV3_opt_Adam_lr_0.01
2025-05-03 07:24:51,615 - training.model_MobileNetV3_opt_Adam_lr_0.01 - INFO - Initialized training manager for model_MobileNetV3_opt_Adam_lr_0.01
2025-05-03 07:24:51,615 - training.model_MobileNetV3_opt_Adam_lr_0.01 - INFO - Initialized training manager for model_MobileNetV3_opt_Adam_lr_0.01
2025-05-03 07:24:51,615 - training.model_MobileNetV3_opt_Adam_lr_0.01 - INFO - Config: {
  "id": 587,
  "model_name": "MobileNetV3",
  "optimizer": "Adam",
  "learning_rate": 0.01,
  "scheduler": {
    "name": "CosineAnnealingWarmRestarts",
    "T_0": 10
  },
  "loss_fn": {
    "name": "FocalLoss",
    "alpha": 0.25,
    "gamma": 2.0
  }
}
2025-05-03 07:24:51,615 - training.model_MobileNetV3_opt_Adam_lr_0.01 - INFO - Config: {
  "id": 587,
  "model_name": "MobileNetV3",
  "optimizer": "Adam",
  "learning_rate": 0.01,
  "scheduler": {
    "name": "CosineAnnealingWarmRestarts",
    "T_0": 10
  },
  "loss_fn": {
    "name": "FocalLoss",
    "alpha": 0.25,
    "gamma": 2.0
  }
}
2025-05-03 07:24:51,615 - training.model_MobileNetV3_opt_Adam_lr_0.01 - INFO - Config: {
  "id": 587,
  "model_name": "MobileNetV3",
  "optimizer": "Adam",
  "learning_rate": 0.01,
  "scheduler": {
    "name": "CosineAnnealingWarmRestarts",
    "T_0": 10
  },
  "loss_fn": {
    "name": "FocalLoss",
    "alpha": 0.25,
    "gamma": 2.0
  }
}
2025-05-03 07:24:51,615 - training.model_MobileNetV3_opt_Adam_lr_0.01 - INFO - Config: {
  "id": 587,
  "model_name": "MobileNetV3",
  "optimizer": "Adam",
  "learning_rate": 0.01,
  "scheduler": {
    "name": "CosineAnnealingWarmRestarts",
    "T_0": 10
  },
  "loss_fn": {
    "name": "FocalLoss",
    "alpha": 0.25,
    "gamma": 2.0
  }
}
2025-05-03 07:24:51,615 - training.model_MobileNetV3_opt_Adam_lr_0.01 - INFO - Config: {
  "id": 587,
  "model_name": "MobileNetV3",
  "optimizer": "Adam",
  "learning_rate": 0.01,
  "scheduler": {
    "name": "CosineAnnealingWarmRestarts",
    "T_0": 10
  },
  "loss_fn": {
    "name": "FocalLoss",
    "alpha": 0.25,
    "gamma": 2.0
  }
}
2025-05-03 07:24:51,615 - training.model_MobileNetV3_opt_Adam_lr_0.01 - INFO - Config: {
  "id": 587,
  "model_name": "MobileNetV3",
  "optimizer": "Adam",
  "learning_rate": 0.01,
  "scheduler": {
    "name": "CosineAnnealingWarmRestarts",
    "T_0": 10
  },
  "loss_fn": {
    "name": "FocalLoss",
    "alpha": 0.25,
    "gamma": 2.0
  }
}
2025-05-03 07:24:51,615 - training.model_MobileNetV3_opt_Adam_lr_0.01 - INFO - Config: {
  "id": 587,
  "model_name": "MobileNetV3",
  "optimizer": "Adam",
  "learning_rate": 0.01,
  "scheduler": {
    "name": "CosineAnnealingWarmRestarts",
    "T_0": 10
  },
  "loss_fn": {
    "name": "FocalLoss",
    "alpha": 0.25,
    "gamma": 2.0
  }
}
2025-05-03 07:24:51,615 - training.model_MobileNetV3_opt_Adam_lr_0.01 - INFO - Config: {
  "id": 587,
  "model_name": "MobileNetV3",
  "optimizer": "Adam",
  "learning_rate": 0.01,
  "scheduler": {
    "name": "CosineAnnealingWarmRestarts",
    "T_0": 10
  },
  "loss_fn": {
    "name": "FocalLoss",
    "alpha": 0.25,
    "gamma": 2.0
  }
}
2025-05-03 07:24:51,615 - training.model_MobileNetV3_opt_Adam_lr_0.01 - INFO - Config: {
  "id": 587,
  "model_name": "MobileNetV3",
  "optimizer": "Adam",
  "learning_rate": 0.01,
  "scheduler": {
    "name": "CosineAnnealingWarmRestarts",
    "T_0": 10
  },
  "loss_fn": {
    "name": "FocalLoss",
    "alpha": 0.25,
    "gamma": 2.0
  }
}
2025-05-03 07:24:51,615 - training.model_MobileNetV3_opt_Adam_lr_0.01 - INFO - Config: {
  "id": 587,
  "model_name": "MobileNetV3",
  "optimizer": "Adam",
  "learning_rate": 0.01,
  "scheduler": {
    "name": "CosineAnnealingWarmRestarts",
    "T_0": 10
  },
  "loss_fn": {
    "name": "FocalLoss",
    "alpha": 0.25,
    "gamma": 2.0
  }
}
2025-05-03 07:24:51,615 - training.model_MobileNetV3_opt_Adam_lr_0.01 - INFO - Config: {
  "id": 587,
  "model_name": "MobileNetV3",
  "optimizer": "Adam",
  "learning_rate": 0.01,
  "scheduler": {
    "name": "CosineAnnealingWarmRestarts",
    "T_0": 10
  },
  "loss_fn": {
    "name": "FocalLoss",
    "alpha": 0.25,
    "gamma": 2.0
  }
}
2025-05-03 07:24:51,615 - training.model_MobileNetV3_opt_Adam_lr_0.01 - INFO - Loading checkpoint from model_results_v2/model_MobileNetV3_opt_Adam_lr_0.01/checkpoint.pt
2025-05-03 07:24:51,615 - training.model_MobileNetV3_opt_Adam_lr_0.01 - INFO - Loading checkpoint from model_results_v2/model_MobileNetV3_opt_Adam_lr_0.01/checkpoint.pt
2025-05-03 07:24:51,615 - training.model_MobileNetV3_opt_Adam_lr_0.01 - INFO - Loading checkpoint from model_results_v2/model_MobileNetV3_opt_Adam_lr_0.01/checkpoint.pt
2025-05-03 07:24:51,615 - training.model_MobileNetV3_opt_Adam_lr_0.01 - INFO - Loading checkpoint from model_results_v2/model_MobileNetV3_opt_Adam_lr_0.01/checkpoint.pt
2025-05-03 07:24:51,615 - training.model_MobileNetV3_opt_Adam_lr_0.01 - INFO - Loading checkpoint from model_results_v2/model_MobileNetV3_opt_Adam_lr_0.01/checkpoint.pt
2025-05-03 07:24:51,615 - training.model_MobileNetV3_opt_Adam_lr_0.01 - INFO - Loading checkpoint from model_results_v2/model_MobileNetV3_opt_Adam_lr_0.01/checkpoint.pt
2025-05-03 07:24:51,615 - training.model_MobileNetV3_opt_Adam_lr_0.01 - INFO - Loading checkpoint from model_results_v2/model_MobileNetV3_opt_Adam_lr_0.01/checkpoint.pt
2025-05-03 07:24:51,615 - training.model_MobileNetV3_opt_Adam_lr_0.01 - INFO - Loading checkpoint from model_results_v2/model_MobileNetV3_opt_Adam_lr_0.01/checkpoint.pt
2025-05-03 07:24:51,615 - training.model_MobileNetV3_opt_Adam_lr_0.01 - INFO - Loading checkpoint from model_results_v2/model_MobileNetV3_opt_Adam_lr_0.01/checkpoint.pt
2025-05-03 07:24:51,615 - training.model_MobileNetV3_opt_Adam_lr_0.01 - INFO - Loading checkpoint from model_results_v2/model_MobileNetV3_opt_Adam_lr_0.01/checkpoint.pt
2025-05-03 07:24:51,615 - training.model_MobileNetV3_opt_Adam_lr_0.01 - INFO - Loading checkpoint from model_results_v2/model_MobileNetV3_opt_Adam_lr_0.01/checkpoint.pt
2025-05-03 07:24:51,706 - training.model_MobileNetV3_opt_Adam_lr_0.01 - INFO - Resuming from epoch 20, best validation accuracy: 0.7950
2025-05-03 07:24:51,706 - training.model_MobileNetV3_opt_Adam_lr_0.01 - INFO - Resuming from epoch 20, best validation accuracy: 0.7950
2025-05-03 07:24:51,706 - training.model_MobileNetV3_opt_Adam_lr_0.01 - INFO - Resuming from epoch 20, best validation accuracy: 0.7950
2025-05-03 07:24:51,706 - training.model_MobileNetV3_opt_Adam_lr_0.01 - INFO - Resuming from epoch 20, best validation accuracy: 0.7950
2025-05-03 07:24:51,706 - training.model_MobileNetV3_opt_Adam_lr_0.01 - INFO - Resuming from epoch 20, best validation accuracy: 0.7950
2025-05-03 07:24:51,706 - training.model_MobileNetV3_opt_Adam_lr_0.01 - INFO - Resuming from epoch 20, best validation accuracy: 0.7950
2025-05-03 07:24:51,706 - training.model_MobileNetV3_opt_Adam_lr_0.01 - INFO - Resuming from epoch 20, best validation accuracy: 0.7950
2025-05-03 07:24:51,706 - training.model_MobileNetV3_opt_Adam_lr_0.01 - INFO - Resuming from epoch 20, best validation accuracy: 0.7950
2025-05-03 07:24:51,706 - training.model_MobileNetV3_opt_Adam_lr_0.01 - INFO - Resuming from epoch 20, best validation accuracy: 0.7950
2025-05-03 07:24:51,706 - training.model_MobileNetV3_opt_Adam_lr_0.01 - INFO - Resuming from epoch 20, best validation accuracy: 0.7950
2025-05-03 07:24:51,706 - training.model_MobileNetV3_opt_Adam_lr_0.01 - INFO - Resuming from epoch 20, best validation accuracy: 0.7950
2025-05-03 07:24:51,707 - training.model_MobileNetV3_opt_Adam_lr_0.01 - INFO - Training completed after 979.07 seconds
2025-05-03 07:24:51,707 - training.model_MobileNetV3_opt_Adam_lr_0.01 - INFO - Training completed after 979.07 seconds
2025-05-03 07:24:51,707 - training.model_MobileNetV3_opt_Adam_lr_0.01 - INFO - Training completed after 979.07 seconds
2025-05-03 07:24:51,707 - training.model_MobileNetV3_opt_Adam_lr_0.01 - INFO - Training completed after 979.07 seconds
2025-05-03 07:24:51,707 - training.model_MobileNetV3_opt_Adam_lr_0.01 - INFO - Training completed after 979.07 seconds
2025-05-03 07:24:51,707 - training.model_MobileNetV3_opt_Adam_lr_0.01 - INFO - Training completed after 979.07 seconds
2025-05-03 07:24:51,707 - training.model_MobileNetV3_opt_Adam_lr_0.01 - INFO - Training completed after 979.07 seconds
2025-05-03 07:24:51,707 - training.model_MobileNetV3_opt_Adam_lr_0.01 - INFO - Training completed after 979.07 seconds
2025-05-03 07:24:51,707 - training.model_MobileNetV3_opt_Adam_lr_0.01 - INFO - Training completed after 979.07 seconds
2025-05-03 07:24:51,707 - training.model_MobileNetV3_opt_Adam_lr_0.01 - INFO - Training completed after 979.07 seconds
2025-05-03 07:24:51,707 - training.model_MobileNetV3_opt_Adam_lr_0.01 - INFO - Training completed after 979.07 seconds
2025-05-03 07:25:01,107 - training.model_MobileNetV3_opt_Adam_lr_0.01 - INFO - Initialized training manager for model_MobileNetV3_opt_Adam_lr_0.01
2025-05-03 07:25:01,107 - training.model_MobileNetV3_opt_Adam_lr_0.01 - INFO - Initialized training manager for model_MobileNetV3_opt_Adam_lr_0.01
2025-05-03 07:25:01,107 - training.model_MobileNetV3_opt_Adam_lr_0.01 - INFO - Initialized training manager for model_MobileNetV3_opt_Adam_lr_0.01
2025-05-03 07:25:01,107 - training.model_MobileNetV3_opt_Adam_lr_0.01 - INFO - Initialized training manager for model_MobileNetV3_opt_Adam_lr_0.01
2025-05-03 07:25:01,107 - training.model_MobileNetV3_opt_Adam_lr_0.01 - INFO - Initialized training manager for model_MobileNetV3_opt_Adam_lr_0.01
2025-05-03 07:25:01,107 - training.model_MobileNetV3_opt_Adam_lr_0.01 - INFO - Initialized training manager for model_MobileNetV3_opt_Adam_lr_0.01
2025-05-03 07:25:01,107 - training.model_MobileNetV3_opt_Adam_lr_0.01 - INFO - Initialized training manager for model_MobileNetV3_opt_Adam_lr_0.01
2025-05-03 07:25:01,107 - training.model_MobileNetV3_opt_Adam_lr_0.01 - INFO - Initialized training manager for model_MobileNetV3_opt_Adam_lr_0.01
2025-05-03 07:25:01,107 - training.model_MobileNetV3_opt_Adam_lr_0.01 - INFO - Initialized training manager for model_MobileNetV3_opt_Adam_lr_0.01
2025-05-03 07:25:01,107 - training.model_MobileNetV3_opt_Adam_lr_0.01 - INFO - Initialized training manager for model_MobileNetV3_opt_Adam_lr_0.01
2025-05-03 07:25:01,107 - training.model_MobileNetV3_opt_Adam_lr_0.01 - INFO - Initialized training manager for model_MobileNetV3_opt_Adam_lr_0.01
2025-05-03 07:25:01,107 - training.model_MobileNetV3_opt_Adam_lr_0.01 - INFO - Initialized training manager for model_MobileNetV3_opt_Adam_lr_0.01
2025-05-03 07:25:01,107 - training.model_MobileNetV3_opt_Adam_lr_0.01 - INFO - Config: {
  "id": 588,
  "model_name": "MobileNetV3",
  "optimizer": "Adam",
  "learning_rate": 0.01,
  "scheduler": {
    "name": "CosineAnnealingWarmRestarts",
    "T_0": 10
  },
  "loss_fn": {
    "name": "LabelSmoothing",
    "smoothing": 0.1
  }
}
2025-05-03 07:25:01,107 - training.model_MobileNetV3_opt_Adam_lr_0.01 - INFO - Config: {
  "id": 588,
  "model_name": "MobileNetV3",
  "optimizer": "Adam",
  "learning_rate": 0.01,
  "scheduler": {
    "name": "CosineAnnealingWarmRestarts",
    "T_0": 10
  },
  "loss_fn": {
    "name": "LabelSmoothing",
    "smoothing": 0.1
  }
}
2025-05-03 07:25:01,107 - training.model_MobileNetV3_opt_Adam_lr_0.01 - INFO - Config: {
  "id": 588,
  "model_name": "MobileNetV3",
  "optimizer": "Adam",
  "learning_rate": 0.01,
  "scheduler": {
    "name": "CosineAnnealingWarmRestarts",
    "T_0": 10
  },
  "loss_fn": {
    "name": "LabelSmoothing",
    "smoothing": 0.1
  }
}
2025-05-03 07:25:01,107 - training.model_MobileNetV3_opt_Adam_lr_0.01 - INFO - Config: {
  "id": 588,
  "model_name": "MobileNetV3",
  "optimizer": "Adam",
  "learning_rate": 0.01,
  "scheduler": {
    "name": "CosineAnnealingWarmRestarts",
    "T_0": 10
  },
  "loss_fn": {
    "name": "LabelSmoothing",
    "smoothing": 0.1
  }
}
2025-05-03 07:25:01,107 - training.model_MobileNetV3_opt_Adam_lr_0.01 - INFO - Config: {
  "id": 588,
  "model_name": "MobileNetV3",
  "optimizer": "Adam",
  "learning_rate": 0.01,
  "scheduler": {
    "name": "CosineAnnealingWarmRestarts",
    "T_0": 10
  },
  "loss_fn": {
    "name": "LabelSmoothing",
    "smoothing": 0.1
  }
}
2025-05-03 07:25:01,107 - training.model_MobileNetV3_opt_Adam_lr_0.01 - INFO - Config: {
  "id": 588,
  "model_name": "MobileNetV3",
  "optimizer": "Adam",
  "learning_rate": 0.01,
  "scheduler": {
    "name": "CosineAnnealingWarmRestarts",
    "T_0": 10
  },
  "loss_fn": {
    "name": "LabelSmoothing",
    "smoothing": 0.1
  }
}
2025-05-03 07:25:01,107 - training.model_MobileNetV3_opt_Adam_lr_0.01 - INFO - Config: {
  "id": 588,
  "model_name": "MobileNetV3",
  "optimizer": "Adam",
  "learning_rate": 0.01,
  "scheduler": {
    "name": "CosineAnnealingWarmRestarts",
    "T_0": 10
  },
  "loss_fn": {
    "name": "LabelSmoothing",
    "smoothing": 0.1
  }
}
2025-05-03 07:25:01,107 - training.model_MobileNetV3_opt_Adam_lr_0.01 - INFO - Config: {
  "id": 588,
  "model_name": "MobileNetV3",
  "optimizer": "Adam",
  "learning_rate": 0.01,
  "scheduler": {
    "name": "CosineAnnealingWarmRestarts",
    "T_0": 10
  },
  "loss_fn": {
    "name": "LabelSmoothing",
    "smoothing": 0.1
  }
}
2025-05-03 07:25:01,107 - training.model_MobileNetV3_opt_Adam_lr_0.01 - INFO - Config: {
  "id": 588,
  "model_name": "MobileNetV3",
  "optimizer": "Adam",
  "learning_rate": 0.01,
  "scheduler": {
    "name": "CosineAnnealingWarmRestarts",
    "T_0": 10
  },
  "loss_fn": {
    "name": "LabelSmoothing",
    "smoothing": 0.1
  }
}
2025-05-03 07:25:01,107 - training.model_MobileNetV3_opt_Adam_lr_0.01 - INFO - Config: {
  "id": 588,
  "model_name": "MobileNetV3",
  "optimizer": "Adam",
  "learning_rate": 0.01,
  "scheduler": {
    "name": "CosineAnnealingWarmRestarts",
    "T_0": 10
  },
  "loss_fn": {
    "name": "LabelSmoothing",
    "smoothing": 0.1
  }
}
2025-05-03 07:25:01,107 - training.model_MobileNetV3_opt_Adam_lr_0.01 - INFO - Config: {
  "id": 588,
  "model_name": "MobileNetV3",
  "optimizer": "Adam",
  "learning_rate": 0.01,
  "scheduler": {
    "name": "CosineAnnealingWarmRestarts",
    "T_0": 10
  },
  "loss_fn": {
    "name": "LabelSmoothing",
    "smoothing": 0.1
  }
}
2025-05-03 07:25:01,107 - training.model_MobileNetV3_opt_Adam_lr_0.01 - INFO - Config: {
  "id": 588,
  "model_name": "MobileNetV3",
  "optimizer": "Adam",
  "learning_rate": 0.01,
  "scheduler": {
    "name": "CosineAnnealingWarmRestarts",
    "T_0": 10
  },
  "loss_fn": {
    "name": "LabelSmoothing",
    "smoothing": 0.1
  }
}
2025-05-03 07:25:01,107 - training.model_MobileNetV3_opt_Adam_lr_0.01 - INFO - Loading checkpoint from model_results_v2/model_MobileNetV3_opt_Adam_lr_0.01/checkpoint.pt
2025-05-03 07:25:01,107 - training.model_MobileNetV3_opt_Adam_lr_0.01 - INFO - Loading checkpoint from model_results_v2/model_MobileNetV3_opt_Adam_lr_0.01/checkpoint.pt
2025-05-03 07:25:01,107 - training.model_MobileNetV3_opt_Adam_lr_0.01 - INFO - Loading checkpoint from model_results_v2/model_MobileNetV3_opt_Adam_lr_0.01/checkpoint.pt
2025-05-03 07:25:01,107 - training.model_MobileNetV3_opt_Adam_lr_0.01 - INFO - Loading checkpoint from model_results_v2/model_MobileNetV3_opt_Adam_lr_0.01/checkpoint.pt
2025-05-03 07:25:01,107 - training.model_MobileNetV3_opt_Adam_lr_0.01 - INFO - Loading checkpoint from model_results_v2/model_MobileNetV3_opt_Adam_lr_0.01/checkpoint.pt
2025-05-03 07:25:01,107 - training.model_MobileNetV3_opt_Adam_lr_0.01 - INFO - Loading checkpoint from model_results_v2/model_MobileNetV3_opt_Adam_lr_0.01/checkpoint.pt
2025-05-03 07:25:01,107 - training.model_MobileNetV3_opt_Adam_lr_0.01 - INFO - Loading checkpoint from model_results_v2/model_MobileNetV3_opt_Adam_lr_0.01/checkpoint.pt
2025-05-03 07:25:01,107 - training.model_MobileNetV3_opt_Adam_lr_0.01 - INFO - Loading checkpoint from model_results_v2/model_MobileNetV3_opt_Adam_lr_0.01/checkpoint.pt
2025-05-03 07:25:01,107 - training.model_MobileNetV3_opt_Adam_lr_0.01 - INFO - Loading checkpoint from model_results_v2/model_MobileNetV3_opt_Adam_lr_0.01/checkpoint.pt
2025-05-03 07:25:01,107 - training.model_MobileNetV3_opt_Adam_lr_0.01 - INFO - Loading checkpoint from model_results_v2/model_MobileNetV3_opt_Adam_lr_0.01/checkpoint.pt
2025-05-03 07:25:01,107 - training.model_MobileNetV3_opt_Adam_lr_0.01 - INFO - Loading checkpoint from model_results_v2/model_MobileNetV3_opt_Adam_lr_0.01/checkpoint.pt
2025-05-03 07:25:01,107 - training.model_MobileNetV3_opt_Adam_lr_0.01 - INFO - Loading checkpoint from model_results_v2/model_MobileNetV3_opt_Adam_lr_0.01/checkpoint.pt
2025-05-03 07:25:01,195 - training.model_MobileNetV3_opt_Adam_lr_0.01 - INFO - Resuming from epoch 20, best validation accuracy: 0.7950
2025-05-03 07:25:01,195 - training.model_MobileNetV3_opt_Adam_lr_0.01 - INFO - Resuming from epoch 20, best validation accuracy: 0.7950
2025-05-03 07:25:01,195 - training.model_MobileNetV3_opt_Adam_lr_0.01 - INFO - Resuming from epoch 20, best validation accuracy: 0.7950
2025-05-03 07:25:01,195 - training.model_MobileNetV3_opt_Adam_lr_0.01 - INFO - Resuming from epoch 20, best validation accuracy: 0.7950
2025-05-03 07:25:01,195 - training.model_MobileNetV3_opt_Adam_lr_0.01 - INFO - Resuming from epoch 20, best validation accuracy: 0.7950
2025-05-03 07:25:01,195 - training.model_MobileNetV3_opt_Adam_lr_0.01 - INFO - Resuming from epoch 20, best validation accuracy: 0.7950
2025-05-03 07:25:01,195 - training.model_MobileNetV3_opt_Adam_lr_0.01 - INFO - Resuming from epoch 20, best validation accuracy: 0.7950
2025-05-03 07:25:01,195 - training.model_MobileNetV3_opt_Adam_lr_0.01 - INFO - Resuming from epoch 20, best validation accuracy: 0.7950
2025-05-03 07:25:01,195 - training.model_MobileNetV3_opt_Adam_lr_0.01 - INFO - Resuming from epoch 20, best validation accuracy: 0.7950
2025-05-03 07:25:01,195 - training.model_MobileNetV3_opt_Adam_lr_0.01 - INFO - Resuming from epoch 20, best validation accuracy: 0.7950
2025-05-03 07:25:01,195 - training.model_MobileNetV3_opt_Adam_lr_0.01 - INFO - Resuming from epoch 20, best validation accuracy: 0.7950
2025-05-03 07:25:01,195 - training.model_MobileNetV3_opt_Adam_lr_0.01 - INFO - Resuming from epoch 20, best validation accuracy: 0.7950
2025-05-03 07:25:01,196 - training.model_MobileNetV3_opt_Adam_lr_0.01 - INFO - Training completed after 979.07 seconds
2025-05-03 07:25:01,196 - training.model_MobileNetV3_opt_Adam_lr_0.01 - INFO - Training completed after 979.07 seconds
2025-05-03 07:25:01,196 - training.model_MobileNetV3_opt_Adam_lr_0.01 - INFO - Training completed after 979.07 seconds
2025-05-03 07:25:01,196 - training.model_MobileNetV3_opt_Adam_lr_0.01 - INFO - Training completed after 979.07 seconds
2025-05-03 07:25:01,196 - training.model_MobileNetV3_opt_Adam_lr_0.01 - INFO - Training completed after 979.07 seconds
2025-05-03 07:25:01,196 - training.model_MobileNetV3_opt_Adam_lr_0.01 - INFO - Training completed after 979.07 seconds
2025-05-03 07:25:01,196 - training.model_MobileNetV3_opt_Adam_lr_0.01 - INFO - Training completed after 979.07 seconds
2025-05-03 07:25:01,196 - training.model_MobileNetV3_opt_Adam_lr_0.01 - INFO - Training completed after 979.07 seconds
2025-05-03 07:25:01,196 - training.model_MobileNetV3_opt_Adam_lr_0.01 - INFO - Training completed after 979.07 seconds
2025-05-03 07:25:01,196 - training.model_MobileNetV3_opt_Adam_lr_0.01 - INFO - Training completed after 979.07 seconds
2025-05-03 07:25:01,196 - training.model_MobileNetV3_opt_Adam_lr_0.01 - INFO - Training completed after 979.07 seconds
2025-05-03 07:25:01,196 - training.model_MobileNetV3_opt_Adam_lr_0.01 - INFO - Training completed after 979.07 seconds
