2025-05-01 11:29:29,749 - training.model_ViT-B-16_opt_AdamW_lr_0.01_id_397 - INFO - Initialized training manager for model_ViT-B-16_opt_AdamW_lr_0.01_id_397
2025-05-01 11:29:29,749 - training.model_ViT-B-16_opt_AdamW_lr_0.01_id_397 - INFO - Config: {
  "id": 397,
  "model_name": "ViT-B-16",
  "optimizer": "AdamW",
  "learning_rate": 0.01,
  "scheduler": {
    "name": "StepLR",
    "step_size": 10,
    "gamma": 0.1
  },
  "loss_fn": {
    "name": "CrossEntropy"
  }
}
2025-05-03 02:54:52,809 - training.model_ViT-B-16_opt_AdamW_lr_0.01_id_397 - INFO - Initialized training manager for model_ViT-B-16_opt_AdamW_lr_0.01_id_397
2025-05-03 02:54:52,810 - training.model_ViT-B-16_opt_AdamW_lr_0.01_id_397 - INFO - Config: {
  "id": 397,
  "model_name": "ViT-B-16",
  "optimizer": "AdamW",
  "learning_rate": 0.01,
  "scheduler": {
    "name": "StepLR",
    "step_size": 10,
    "gamma": 0.1
  },
  "loss_fn": {
    "name": "CrossEntropy"
  }
}
2025-05-03 03:17:15,324 - training.model_ViT-B-16_opt_AdamW_lr_0.01_id_397 - INFO - Starting model evaluation
2025-05-03 03:17:27,964 - training.model_ViT-B-16_opt_AdamW_lr_0.01_id_397 - INFO - Evaluation metrics:
  Accuracy:  0.2834
  Precision: 0.2834
  Recall:    1.0000
  F1 Score:  0.4417
  IoU:       0.2834
  mAP:       0.2834
  AUC:       0.5000
2025-05-03 03:17:27,966 - training.model_ViT-B-16_opt_AdamW_lr_0.01_id_397 - INFO - Final results saved to model_results_v2/model_ViT-B-16_opt_AdamW_lr_0.01_id_397/final_results.json
2025-05-03 03:17:27,967 - training.model_ViT-B-16_opt_AdamW_lr_0.01_id_397 - INFO - Final results saved to model_results_v2/model_ViT-B-16_opt_AdamW_lr_0.01_id_397/final_results.json
