2025-05-01 11:29:18,144 - training.model_ViT-B-16_opt_Adam_lr_0.0001_id_388 - INFO - Initialized training manager for model_ViT-B-16_opt_Adam_lr_0.0001_id_388
2025-05-01 11:29:18,144 - training.model_ViT-B-16_opt_Adam_lr_0.0001_id_388 - INFO - Config: {
  "id": 388,
  "model_name": "ViT-B-16",
  "optimizer": "Adam",
  "learning_rate": 0.0001,
  "scheduler": {
    "name": "ReduceLROnPlateau",
    "patience": 5,
    "factor": 0.5
  },
  "loss_fn": {
    "name": "CrossEntropy"
  }
}
2025-05-03 02:45:05,740 - training.model_ViT-B-16_opt_Adam_lr_0.0001_id_388 - INFO - Initialized training manager for model_ViT-B-16_opt_Adam_lr_0.0001_id_388
2025-05-03 02:45:05,740 - training.model_ViT-B-16_opt_Adam_lr_0.0001_id_388 - INFO - Config: {
  "id": 388,
  "model_name": "ViT-B-16",
  "optimizer": "Adam",
  "learning_rate": 0.0001,
  "scheduler": {
    "name": "ReduceLROnPlateau",
    "patience": 5,
    "factor": 0.5
  },
  "loss_fn": {
    "name": "CrossEntropy"
  }
}
2025-05-03 02:45:07,062 - training.model_ViT-B-16_opt_Adam_lr_0.0001_id_388 - INFO - Starting model evaluation
2025-05-03 02:46:12,335 - training.model_ViT-B-16_opt_Adam_lr_0.0001_id_388 - INFO - Evaluation metrics:
  Accuracy:  0.8285
  Precision: 0.8553
  Recall:    0.4755
  F1 Score:  0.6112
  IoU:       0.4401
  mAP:       0.7966
  AUC:       0.8945
2025-05-03 02:46:12,338 - training.model_ViT-B-16_opt_Adam_lr_0.0001_id_388 - INFO - Final results saved to model_results_v2/model_ViT-B-16_opt_Adam_lr_0.0001_id_388/final_results.json
2025-05-03 02:46:12,341 - training.model_ViT-B-16_opt_Adam_lr_0.0001_id_388 - INFO - Final results saved to model_results_v2/model_ViT-B-16_opt_Adam_lr_0.0001_id_388/final_results.json
