2025-05-01 07:56:50,019 - training.model_EfficientNet-B2_opt_SGD_lr_0.001_id_236 - INFO - Initialized training manager for model_EfficientNet-B2_opt_SGD_lr_0.001_id_236
2025-05-01 07:56:50,019 - training.model_EfficientNet-B2_opt_SGD_lr_0.001_id_236 - INFO - Config: {
  "id": 236,
  "model_name": "EfficientNet-B2",
  "optimizer": "SGD",
  "learning_rate": 0.001,
  "scheduler": {
    "name": "CosineAnnealingLR",
    "T_max": 10
  },
  "loss_fn": {
    "name": "FocalLoss",
    "alpha": 0.25,
    "gamma": 2.0
  }
}
2025-05-01 07:56:50,894 - training.model_EfficientNet-B2_opt_SGD_lr_0.001_id_236 - INFO - Starting model evaluation
2025-05-01 07:57:02,117 - training.model_EfficientNet-B2_opt_SGD_lr_0.001_id_236 - INFO - Evaluation metrics:
  Accuracy:  0.9534
  Precision: 0.9078
  Recall:    0.9301
  F1 Score:  0.9188
  IoU:       0.8498
  mAP:       0.9732
  AUC:       0.9887
2025-05-01 07:57:02,118 - training.model_EfficientNet-B2_opt_SGD_lr_0.001_id_236 - INFO - Final results saved to model_results_v2/model_EfficientNet-B2_opt_SGD_lr_0.001_id_236/final_results.json
2025-05-01 07:57:02,120 - training.model_EfficientNet-B2_opt_SGD_lr_0.001_id_236 - INFO - Final results saved to model_results_v2/model_EfficientNet-B2_opt_SGD_lr_0.001_id_236/final_results.json
