2025-05-01 03:42:34,299 - training.model_ResNet101_opt_Adam_lr_0.001_id_157 - INFO - Initialized training manager for model_ResNet101_opt_Adam_lr_0.001_id_157
2025-05-01 03:42:34,299 - training.model_ResNet101_opt_Adam_lr_0.001_id_157 - INFO - Config: {
  "id": 157,
  "model_name": "ResNet101",
  "optimizer": "Adam",
  "learning_rate": 0.001,
  "scheduler": {
    "name": "StepLR",
    "step_size": 10,
    "gamma": 0.1
  },
  "loss_fn": {
    "name": "CrossEntropy"
  }
}
2025-05-01 05:12:53,482 - training.model_ResNet101_opt_Adam_lr_0.001_id_157 - INFO - Initialized training manager for model_ResNet101_opt_Adam_lr_0.001_id_157
2025-05-01 05:12:53,482 - training.model_ResNet101_opt_Adam_lr_0.001_id_157 - INFO - Config: {
  "id": 157,
  "model_name": "ResNet101",
  "optimizer": "Adam",
  "learning_rate": 0.001,
  "scheduler": {
    "name": "StepLR",
    "step_size": 10,
    "gamma": 0.1
  },
  "loss_fn": {
    "name": "CrossEntropy"
  }
}
2025-05-01 05:21:04,190 - training.model_ResNet101_opt_Adam_lr_0.001_id_157 - INFO - Initialized training manager for model_ResNet101_opt_Adam_lr_0.001_id_157
2025-05-01 05:21:04,190 - training.model_ResNet101_opt_Adam_lr_0.001_id_157 - INFO - Config: {
  "id": 157,
  "model_name": "ResNet101",
  "optimizer": "Adam",
  "learning_rate": 0.001,
  "scheduler": {
    "name": "StepLR",
    "step_size": 10,
    "gamma": 0.1
  },
  "loss_fn": {
    "name": "CrossEntropy"
  }
}
2025-05-01 05:42:17,772 - training.model_ResNet101_opt_Adam_lr_0.001_id_157 - INFO - Starting model evaluation
2025-05-01 05:42:30,147 - training.model_ResNet101_opt_Adam_lr_0.001_id_157 - INFO - Evaluation metrics:
  Accuracy:  0.9138
  Precision: 0.8284
  Recall:    0.8776
  F1 Score:  0.8523
  IoU:       0.7426
  mAP:       0.8997
  AUC:       0.9578
2025-05-01 05:42:30,149 - training.model_ResNet101_opt_Adam_lr_0.001_id_157 - INFO - Final results saved to model_results_v2/model_ResNet101_opt_Adam_lr_0.001_id_157/final_results.json
2025-05-01 05:42:30,151 - training.model_ResNet101_opt_Adam_lr_0.001_id_157 - INFO - Final results saved to model_results_v2/model_ResNet101_opt_Adam_lr_0.001_id_157/final_results.json
