2025-05-01 00:57:44,373 - training.model_ResNet50_opt_Adam_lr_0.01_id_39 - INFO - Initialized training manager for model_ResNet50_opt_Adam_lr_0.01_id_39
2025-05-01 00:57:44,373 - training.model_ResNet50_opt_Adam_lr_0.01_id_39 - INFO - Config: {
  "id": 39,
  "model_name": "ResNet50",
  "optimizer": "Adam",
  "learning_rate": 0.01,
  "scheduler": {
    "name": "StepLR",
    "step_size": 10,
    "gamma": 0.1
  },
  "loss_fn": {
    "name": "LabelSmoothing",
    "smoothing": 0.1
  }
}
2025-05-01 00:57:44,625 - training.model_ResNet50_opt_Adam_lr_0.01_id_39 - INFO - Starting model evaluation
2025-05-01 00:57:53,605 - training.model_ResNet50_opt_Adam_lr_0.01_id_39 - INFO - Evaluation metrics:
  Accuracy:  0.7721
  Precision: 0.5686
  Recall:    0.8112
  F1 Score:  0.6686
  IoU:       0.5022
  mAP:       0.7102
  AUC:       0.8568
2025-05-01 00:57:53,608 - training.model_ResNet50_opt_Adam_lr_0.01_id_39 - INFO - Final results saved to model_results_v2/model_ResNet50_opt_Adam_lr_0.01_id_39/final_results.json
2025-05-01 00:57:53,609 - training.model_ResNet50_opt_Adam_lr_0.01_id_39 - INFO - Final results saved to model_results_v2/model_ResNet50_opt_Adam_lr_0.01_id_39/final_results.json
