2025-05-03 12:15:45,464 - training.model_ConvNeXt_opt_Adam_lr_0.0001_id_720 - INFO - Initialized training manager for model_ConvNeXt_opt_Adam_lr_0.0001_id_720
2025-05-03 12:15:45,464 - training.model_ConvNeXt_opt_Adam_lr_0.0001_id_720 - INFO - Config: {
  "id": 720,
  "model_name": "ConvNeXt",
  "optimizer": "Adam",
  "learning_rate": 0.0001,
  "scheduler": {
    "name": "CosineAnnealingWarmRestarts",
    "T_0": 10
  },
  "loss_fn": {
    "name": "LabelSmoothing",
    "smoothing": 0.1
  }
}
2025-05-03 12:15:46,673 - training.model_ConvNeXt_opt_Adam_lr_0.0001_id_720 - INFO - Starting model evaluation
2025-05-03 12:15:58,268 - training.model_ConvNeXt_opt_Adam_lr_0.0001_id_720 - INFO - Evaluation metrics:
  Accuracy:  0.9643
  Precision: 0.9252
  Recall:    0.9510
  F1 Score:  0.9379
  IoU:       0.8831
  mAP:       0.9825
  AUC:       0.9927
2025-05-03 12:15:58,269 - training.model_ConvNeXt_opt_Adam_lr_0.0001_id_720 - INFO - Final results saved to model_results_v2/model_ConvNeXt_opt_Adam_lr_0.0001_id_720/final_results.json
2025-05-03 12:15:58,271 - training.model_ConvNeXt_opt_Adam_lr_0.0001_id_720 - INFO - Final results saved to model_results_v2/model_ConvNeXt_opt_Adam_lr_0.0001_id_720/final_results.json
