2025-05-03 07:24:41,765 - training.model_MobileNetV3_opt_Adam_lr_0.01_id_586 - INFO - Initialized training manager for model_MobileNetV3_opt_Adam_lr_0.01_id_586
2025-05-03 07:24:41,765 - training.model_MobileNetV3_opt_Adam_lr_0.01_id_586 - INFO - Config: {
  "id": 586,
  "model_name": "MobileNetV3",
  "optimizer": "Adam",
  "learning_rate": 0.01,
  "scheduler": {
    "name": "CosineAnnealingWarmRestarts",
    "T_0": 10
  },
  "loss_fn": {
    "name": "CrossEntropy"
  }
}
2025-05-03 07:24:42,136 - training.model_MobileNetV3_opt_Adam_lr_0.01_id_586 - INFO - Starting model evaluation
2025-05-03 07:24:51,283 - training.model_MobileNetV3_opt_Adam_lr_0.01_id_586 - INFO - Evaluation metrics:
  Accuracy:  0.8454
  Precision: 0.7802
  Recall:    0.6329
  F1 Score:  0.6988
  IoU:       0.5371
  mAP:       0.7961
  AUC:       0.8709
2025-05-03 07:24:51,285 - training.model_MobileNetV3_opt_Adam_lr_0.01_id_586 - INFO - Final results saved to model_results_v2/model_MobileNetV3_opt_Adam_lr_0.01_id_586/final_results.json
2025-05-03 07:24:51,286 - training.model_MobileNetV3_opt_Adam_lr_0.01_id_586 - INFO - Final results saved to model_results_v2/model_MobileNetV3_opt_Adam_lr_0.01_id_586/final_results.json
