2025-05-01 01:34:28,186 - training.model_ResNet50_opt_Adam_lr_0.0001_id_63 - INFO - Initialized training manager for model_ResNet50_opt_Adam_lr_0.0001_id_63
2025-05-01 01:34:28,186 - training.model_ResNet50_opt_Adam_lr_0.0001_id_63 - INFO - Config: {
  "id": 63,
  "model_name": "ResNet50",
  "optimizer": "Adam",
  "learning_rate": 0.0001,
  "scheduler": {
    "name": "StepLR",
    "step_size": 10,
    "gamma": 0.1
  },
  "loss_fn": {
    "name": "LabelSmoothing",
    "smoothing": 0.1
  }
}
2025-05-01 01:34:28,432 - training.model_ResNet50_opt_Adam_lr_0.0001_id_63 - INFO - Starting model evaluation
2025-05-01 01:34:35,778 - training.model_ResNet50_opt_Adam_lr_0.0001_id_63 - INFO - Evaluation metrics:
  Accuracy:  0.9683
  Precision: 0.9441
  Recall:    0.9441
  F1 Score:  0.9441
  IoU:       0.8940
  mAP:       0.9484
  AUC:       0.9860
2025-05-01 01:34:35,780 - training.model_ResNet50_opt_Adam_lr_0.0001_id_63 - INFO - Final results saved to model_results_v2/model_ResNet50_opt_Adam_lr_0.0001_id_63/final_results.json
2025-05-01 01:34:35,781 - training.model_ResNet50_opt_Adam_lr_0.0001_id_63 - INFO - Final results saved to model_results_v2/model_ResNet50_opt_Adam_lr_0.0001_id_63/final_results.json
