2025-05-03 12:14:28,405 - training.model_ConvNeXt_opt_Adam_lr_0.0001_id_714 - INFO - Initialized training manager for model_ConvNeXt_opt_Adam_lr_0.0001_id_714
2025-05-03 12:14:28,405 - training.model_ConvNeXt_opt_Adam_lr_0.0001_id_714 - INFO - Config: {
  "id": 714,
  "model_name": "ConvNeXt",
  "optimizer": "Adam",
  "learning_rate": 0.0001,
  "scheduler": {
    "name": "ReduceLROnPlateau",
    "patience": 5,
    "factor": 0.5
  },
  "loss_fn": {
    "name": "LabelSmoothing",
    "smoothing": 0.1
  }
}
2025-05-03 12:14:29,631 - training.model_ConvNeXt_opt_Adam_lr_0.0001_id_714 - INFO - Starting model evaluation
2025-05-03 12:14:41,043 - training.model_ConvNeXt_opt_Adam_lr_0.0001_id_714 - INFO - Evaluation metrics:
  Accuracy:  0.9643
  Precision: 0.9223
  Recall:    0.9545
  F1 Score:  0.9381
  IoU:       0.8835
  mAP:       0.9809
  AUC:       0.9912
2025-05-03 12:14:41,045 - training.model_ConvNeXt_opt_Adam_lr_0.0001_id_714 - INFO - Final results saved to model_results_v2/model_ConvNeXt_opt_Adam_lr_0.0001_id_714/final_results.json
2025-05-03 12:14:41,046 - training.model_ConvNeXt_opt_Adam_lr_0.0001_id_714 - INFO - Final results saved to model_results_v2/model_ConvNeXt_opt_Adam_lr_0.0001_id_714/final_results.json
