2025-05-03 08:16:38,775 - training.model_MobileNetV3_opt_AdamW_lr_0.01_id_619 - INFO - Initialized training manager for model_MobileNetV3_opt_AdamW_lr_0.01_id_619
2025-05-03 08:16:38,775 - training.model_MobileNetV3_opt_AdamW_lr_0.01_id_619 - INFO - Config: {
  "id": 619,
  "model_name": "MobileNetV3",
  "optimizer": "AdamW",
  "learning_rate": 0.01,
  "scheduler": {
    "name": "CosineAnnealingLR",
    "T_max": 10
  },
  "loss_fn": {
    "name": "CrossEntropy"
  }
}
2025-05-03 08:17:27,206 - training.model_MobileNetV3_opt_AdamW_lr_0.01_id_619 - INFO - Starting model evaluation
2025-05-03 08:17:36,767 - training.model_MobileNetV3_opt_AdamW_lr_0.01_id_619 - INFO - Evaluation metrics:
  Accuracy:  0.2834
  Precision: 0.2834
  Recall:    1.0000
  F1 Score:  0.4417
  IoU:       0.2834
  mAP:       0.2834
  AUC:       0.5000
2025-05-03 08:17:36,768 - training.model_MobileNetV3_opt_AdamW_lr_0.01_id_619 - INFO - Final results saved to model_results_v2/model_MobileNetV3_opt_AdamW_lr_0.01_id_619/final_results.json
2025-05-03 08:17:36,769 - training.model_MobileNetV3_opt_AdamW_lr_0.01_id_619 - INFO - Final results saved to model_results_v2/model_MobileNetV3_opt_AdamW_lr_0.01_id_619/final_results.json
