2025-05-01 00:58:11,301 - training.model_ResNet50_opt_Adam_lr_0.01_id_42 - INFO - Initialized training manager for model_ResNet50_opt_Adam_lr_0.01_id_42
2025-05-01 00:58:11,301 - training.model_ResNet50_opt_Adam_lr_0.01_id_42 - INFO - Config: {
  "id": 42,
  "model_name": "ResNet50",
  "optimizer": "Adam",
  "learning_rate": 0.01,
  "scheduler": {
    "name": "ReduceLROnPlateau",
    "patience": 5,
    "factor": 0.5
  },
  "loss_fn": {
    "name": "LabelSmoothing",
    "smoothing": 0.1
  }
}
2025-05-01 00:58:11,562 - training.model_ResNet50_opt_Adam_lr_0.01_id_42 - INFO - Starting model evaluation
2025-05-01 00:58:20,372 - training.model_ResNet50_opt_Adam_lr_0.01_id_42 - INFO - Evaluation metrics:
  Accuracy:  0.7760
  Precision: 0.5739
  Recall:    0.8147
  F1 Score:  0.6734
  IoU:       0.5076
  mAP:       0.7129
  AUC:       0.8577
2025-05-01 00:58:20,386 - training.model_ResNet50_opt_Adam_lr_0.01_id_42 - INFO - Final results saved to model_results_v2/model_ResNet50_opt_Adam_lr_0.01_id_42/final_results.json
2025-05-01 00:58:20,388 - training.model_ResNet50_opt_Adam_lr_0.01_id_42 - INFO - Final results saved to model_results_v2/model_ResNet50_opt_Adam_lr_0.01_id_42/final_results.json
