2025-05-01 11:29:07,698 - training.model_ViT-B-16_opt_Adam_lr_0.001_id_382 - INFO - Initialized training manager for model_ViT-B-16_opt_Adam_lr_0.001_id_382
2025-05-01 11:29:07,698 - training.model_ViT-B-16_opt_Adam_lr_0.001_id_382 - INFO - Config: {
  "id": 382,
  "model_name": "ViT-B-16",
  "optimizer": "Adam",
  "learning_rate": 0.001,
  "scheduler": {
    "name": "CosineAnnealingWarmRestarts",
    "T_0": 10
  },
  "loss_fn": {
    "name": "CrossEntropy"
  }
}
2025-05-03 01:48:18,664 - training.model_ViT-B-16_opt_Adam_lr_0.001_id_382 - INFO - Initialized training manager for model_ViT-B-16_opt_Adam_lr_0.001_id_382
2025-05-03 01:48:18,664 - training.model_ViT-B-16_opt_Adam_lr_0.001_id_382 - INFO - Config: {
  "id": 382,
  "model_name": "ViT-B-16",
  "optimizer": "Adam",
  "learning_rate": 0.001,
  "scheduler": {
    "name": "CosineAnnealingWarmRestarts",
    "T_0": 10
  },
  "loss_fn": {
    "name": "CrossEntropy"
  }
}
2025-05-03 01:48:19,533 - training.model_ViT-B-16_opt_Adam_lr_0.001_id_382 - INFO - Starting model evaluation
2025-05-03 01:49:22,762 - training.model_ViT-B-16_opt_Adam_lr_0.001_id_382 - INFO - Evaluation metrics:
  Accuracy:  0.7166
  Precision: 0.0000
  Recall:    0.0000
  F1 Score:  0.0000
  IoU:       0.0000
  mAP:       0.2798
  AUC:       0.4848
2025-05-03 01:49:22,765 - training.model_ViT-B-16_opt_Adam_lr_0.001_id_382 - INFO - Final results saved to model_results_v2/model_ViT-B-16_opt_Adam_lr_0.001_id_382/final_results.json
2025-05-03 01:49:22,767 - training.model_ViT-B-16_opt_Adam_lr_0.001_id_382 - INFO - Final results saved to model_results_v2/model_ViT-B-16_opt_Adam_lr_0.001_id_382/final_results.json
