2025-05-01 11:28:19,016 - training.model_ViT-B-16_opt_SGD_lr_0.0001_id_350 - INFO - Initialized training manager for model_ViT-B-16_opt_SGD_lr_0.0001_id_350
2025-05-01 11:28:19,016 - training.model_ViT-B-16_opt_SGD_lr_0.0001_id_350 - INFO - Config: {
  "id": 350,
  "model_name": "ViT-B-16",
  "optimizer": "SGD",
  "learning_rate": 0.0001,
  "scheduler": {
    "name": "StepLR",
    "step_size": 10,
    "gamma": 0.1
  },
  "loss_fn": {
    "name": "FocalLoss",
    "alpha": 0.25,
    "gamma": 2.0
  }
}
2025-05-03 00:14:28,420 - training.model_ViT-B-16_opt_SGD_lr_0.0001_id_350 - INFO - Initialized training manager for model_ViT-B-16_opt_SGD_lr_0.0001_id_350
2025-05-03 00:14:28,420 - training.model_ViT-B-16_opt_SGD_lr_0.0001_id_350 - INFO - Config: {
  "id": 350,
  "model_name": "ViT-B-16",
  "optimizer": "SGD",
  "learning_rate": 0.0001,
  "scheduler": {
    "name": "StepLR",
    "step_size": 10,
    "gamma": 0.1
  },
  "loss_fn": {
    "name": "FocalLoss",
    "alpha": 0.25,
    "gamma": 2.0
  }
}
2025-05-03 00:14:29,183 - training.model_ViT-B-16_opt_SGD_lr_0.0001_id_350 - INFO - Starting model evaluation
2025-05-03 00:14:38,404 - training.model_ViT-B-16_opt_SGD_lr_0.0001_id_350 - INFO - Evaluation metrics:
  Accuracy:  0.9267
  Precision: 0.8397
  Recall:    0.9161
  F1 Score:  0.8763
  IoU:       0.7798
  mAP:       0.9467
  AUC:       0.9741
2025-05-03 00:14:38,409 - training.model_ViT-B-16_opt_SGD_lr_0.0001_id_350 - INFO - Final results saved to model_results_v2/model_ViT-B-16_opt_SGD_lr_0.0001_id_350/final_results.json
2025-05-03 00:14:38,410 - training.model_ViT-B-16_opt_SGD_lr_0.0001_id_350 - INFO - Final results saved to model_results_v2/model_ViT-B-16_opt_SGD_lr_0.0001_id_350/final_results.json
