2025-05-03 08:19:52,957 - training.model_MobileNetV3_opt_AdamW_lr_0.01_id_624 - INFO - Initialized training manager for model_MobileNetV3_opt_AdamW_lr_0.01_id_624
2025-05-03 08:19:52,957 - training.model_MobileNetV3_opt_AdamW_lr_0.01_id_624 - INFO - Config: {
  "id": 624,
  "model_name": "MobileNetV3",
  "optimizer": "AdamW",
  "learning_rate": 0.01,
  "scheduler": {
    "name": "CosineAnnealingWarmRestarts",
    "T_0": 10
  },
  "loss_fn": {
    "name": "LabelSmoothing",
    "smoothing": 0.1
  }
}
2025-05-03 08:19:53,125 - training.model_MobileNetV3_opt_AdamW_lr_0.01_id_624 - INFO - Starting model evaluation
2025-05-03 08:20:02,540 - training.model_MobileNetV3_opt_AdamW_lr_0.01_id_624 - INFO - Evaluation metrics:
  Accuracy:  0.2834
  Precision: 0.2834
  Recall:    1.0000
  F1 Score:  0.4417
  IoU:       0.2834
  mAP:       0.2834
  AUC:       0.5000
2025-05-03 08:20:02,541 - training.model_MobileNetV3_opt_AdamW_lr_0.01_id_624 - INFO - Final results saved to model_results_v2/model_MobileNetV3_opt_AdamW_lr_0.01_id_624/final_results.json
2025-05-03 08:20:02,542 - training.model_MobileNetV3_opt_AdamW_lr_0.01_id_624 - INFO - Final results saved to model_results_v2/model_MobileNetV3_opt_AdamW_lr_0.01_id_624/final_results.json
