2025-05-01 06:23:52,711 - training.model_ResNet101_opt_AdamW_lr_0.01_id_191 - INFO - Initialized training manager for model_ResNet101_opt_AdamW_lr_0.01_id_191
2025-05-01 06:23:52,711 - training.model_ResNet101_opt_AdamW_lr_0.01_id_191 - INFO - Config: {
  "id": 191,
  "model_name": "ResNet101",
  "optimizer": "AdamW",
  "learning_rate": 0.01,
  "scheduler": {
    "name": "CosineAnnealingWarmRestarts",
    "T_0": 10
  },
  "loss_fn": {
    "name": "FocalLoss",
    "alpha": 0.25,
    "gamma": 2.0
  }
}
2025-05-01 06:23:54,692 - training.model_ResNet101_opt_AdamW_lr_0.01_id_191 - INFO - Starting model evaluation
2025-05-01 06:24:05,990 - training.model_ResNet101_opt_AdamW_lr_0.01_id_191 - INFO - Evaluation metrics:
  Accuracy:  0.7166
  Precision: 0.0000
  Recall:    0.0000
  F1 Score:  0.0000
  IoU:       0.0000
  mAP:       0.2827
  AUC:       0.4900
2025-05-01 06:24:05,991 - training.model_ResNet101_opt_AdamW_lr_0.01_id_191 - INFO - Final results saved to model_results_v2/model_ResNet101_opt_AdamW_lr_0.01_id_191/final_results.json
2025-05-01 06:24:05,993 - training.model_ResNet101_opt_AdamW_lr_0.01_id_191 - INFO - Final results saved to model_results_v2/model_ResNet101_opt_AdamW_lr_0.01_id_191/final_results.json
