2025-05-03 09:31:08,871 - training.model_ConvNeXt_opt_SGD_lr_0.01_id_655 - INFO - Initialized training manager for model_ConvNeXt_opt_SGD_lr_0.01_id_655
2025-05-03 09:31:08,871 - training.model_ConvNeXt_opt_SGD_lr_0.01_id_655 - INFO - Config: {
  "id": 655,
  "model_name": "ConvNeXt",
  "optimizer": "SGD",
  "learning_rate": 0.01,
  "scheduler": {
    "name": "CosineAnnealingLR",
    "T_max": 10
  },
  "loss_fn": {
    "name": "CrossEntropy"
  }
}
2025-05-03 09:31:09,956 - training.model_ConvNeXt_opt_SGD_lr_0.01_id_655 - INFO - Starting model evaluation
2025-05-03 09:31:21,642 - training.model_ConvNeXt_opt_SGD_lr_0.01_id_655 - INFO - Evaluation metrics:
  Accuracy:  0.9544
  Precision: 0.9027
  Recall:    0.9406
  F1 Score:  0.9212
  IoU:       0.8540
  mAP:       0.9630
  AUC:       0.9820
2025-05-03 09:31:21,643 - training.model_ConvNeXt_opt_SGD_lr_0.01_id_655 - INFO - Final results saved to model_results_v2/model_ConvNeXt_opt_SGD_lr_0.01_id_655/final_results.json
2025-05-03 09:31:21,645 - training.model_ConvNeXt_opt_SGD_lr_0.01_id_655 - INFO - Final results saved to model_results_v2/model_ConvNeXt_opt_SGD_lr_0.01_id_655/final_results.json
