2025-05-01 03:42:14,109 - training.model_ResNet101_opt_Adam_lr_0.01_id_155 - INFO - Initialized training manager for model_ResNet101_opt_Adam_lr_0.01_id_155
2025-05-01 03:42:14,109 - training.model_ResNet101_opt_Adam_lr_0.01_id_155 - INFO - Config: {
  "id": 155,
  "model_name": "ResNet101",
  "optimizer": "Adam",
  "learning_rate": 0.01,
  "scheduler": {
    "name": "CosineAnnealingWarmRestarts",
    "T_0": 10
  },
  "loss_fn": {
    "name": "FocalLoss",
    "alpha": 0.25,
    "gamma": 2.0
  }
}
2025-05-01 03:42:14,511 - training.model_ResNet101_opt_Adam_lr_0.01_id_155 - INFO - Starting model evaluation
2025-05-01 03:42:24,445 - training.model_ResNet101_opt_Adam_lr_0.01_id_155 - INFO - Evaluation metrics:
  Accuracy:  0.8434
  Precision: 0.7078
  Recall:    0.7622
  F1 Score:  0.7340
  IoU:       0.5798
  mAP:       0.8230
  AUC:       0.9027
2025-05-01 03:42:24,447 - training.model_ResNet101_opt_Adam_lr_0.01_id_155 - INFO - Final results saved to model_results_v2/model_ResNet101_opt_Adam_lr_0.01_id_155/final_results.json
2025-05-01 03:42:24,449 - training.model_ResNet101_opt_Adam_lr_0.01_id_155 - INFO - Final results saved to model_results_v2/model_ResNet101_opt_Adam_lr_0.01_id_155/final_results.json
