2025-05-01 02:47:03,860 - training.model_ResNet101_opt_SGD_lr_0.001_id_121 - INFO - Initialized training manager for model_ResNet101_opt_SGD_lr_0.001_id_121
2025-05-01 02:47:03,860 - training.model_ResNet101_opt_SGD_lr_0.001_id_121 - INFO - Config: {
  "id": 121,
  "model_name": "ResNet101",
  "optimizer": "SGD",
  "learning_rate": 0.001,
  "scheduler": {
    "name": "StepLR",
    "step_size": 10,
    "gamma": 0.1
  },
  "loss_fn": {
    "name": "CrossEntropy"
  }
}
2025-05-01 03:03:28,164 - training.model_ResNet101_opt_SGD_lr_0.001_id_121 - INFO - Starting model evaluation
2025-05-01 03:03:37,771 - training.model_ResNet101_opt_SGD_lr_0.001_id_121 - INFO - Evaluation metrics:
  Accuracy:  0.9673
  Precision: 0.9317
  Recall:    0.9545
  F1 Score:  0.9430
  IoU:       0.8922
  mAP:       0.9785
  AUC:       0.9912
2025-05-01 03:03:37,772 - training.model_ResNet101_opt_SGD_lr_0.001_id_121 - INFO - Final results saved to model_results_v2/model_ResNet101_opt_SGD_lr_0.001_id_121/final_results.json
2025-05-01 03:03:37,774 - training.model_ResNet101_opt_SGD_lr_0.001_id_121 - INFO - Final results saved to model_results_v2/model_ResNet101_opt_SGD_lr_0.001_id_121/final_results.json
