2025-05-01 00:40:34,811 - training.model_ResNet50_opt_Adam_lr_0.01 - INFO - Initialized training manager for model_ResNet50_opt_Adam_lr_0.01
2025-05-01 00:40:34,811 - training.model_ResNet50_opt_Adam_lr_0.01 - INFO - Config: {
  "id": 37,
  "model_name": "ResNet50",
  "optimizer": "Adam",
  "learning_rate": 0.01,
  "scheduler": {
    "name": "StepLR",
    "step_size": 10,
    "gamma": 0.1
  },
  "loss_fn": {
    "name": "CrossEntropy"
  }
}
2025-05-01 00:40:34,811 - training.model_ResNet50_opt_Adam_lr_0.01 - INFO - No checkpoint found, starting fresh training
2025-05-01 00:40:34,812 - training.model_ResNet50_opt_Adam_lr_0.01 - INFO - Starting epoch 1/20
2025-05-01 00:40:55,996 - training.model_ResNet50_opt_Adam_lr_0.01 - INFO - Checkpoint saved at epoch 0
2025-05-01 00:41:24,683 - training.model_ResNet50_opt_Adam_lr_0.01 - INFO - Validation accuracy improved from 0.0000 to 0.4966
2025-05-01 00:41:24,734 - training.model_ResNet50_opt_Adam_lr_0.01 - INFO - Epoch 1 completed in 49.92s - Train Loss: 0.6947, Train Acc: 0.5300, Val Loss: 0.6958, Val Acc: 0.4966
2025-05-01 00:41:24,977 - training.model_ResNet50_opt_Adam_lr_0.01 - INFO - Checkpoint saved at epoch 0
2025-05-01 00:41:24,977 - training.model_ResNet50_opt_Adam_lr_0.01 - INFO - Starting epoch 2/20
2025-05-01 00:41:46,324 - training.model_ResNet50_opt_Adam_lr_0.01 - INFO - Checkpoint saved at epoch 1
2025-05-01 00:42:15,188 - training.model_ResNet50_opt_Adam_lr_0.01 - INFO - Validation loss improved from inf to 0.7100
2025-05-01 00:42:15,276 - training.model_ResNet50_opt_Adam_lr_0.01 - INFO - Epoch 2 completed in 50.30s - Train Loss: 0.6888, Train Acc: 0.5727, Val Loss: 0.7100, Val Acc: 0.4957
2025-05-01 00:42:15,489 - training.model_ResNet50_opt_Adam_lr_0.01 - INFO - Checkpoint saved at epoch 1
2025-05-01 00:42:15,489 - training.model_ResNet50_opt_Adam_lr_0.01 - INFO - Starting epoch 3/20
2025-05-01 00:42:36,834 - training.model_ResNet50_opt_Adam_lr_0.01 - INFO - Checkpoint saved at epoch 2
2025-05-01 00:43:05,602 - training.model_ResNet50_opt_Adam_lr_0.01 - INFO - Validation accuracy improved from 0.4966 to 0.5472
2025-05-01 00:43:05,688 - training.model_ResNet50_opt_Adam_lr_0.01 - INFO - Epoch 3 completed in 50.20s - Train Loss: 0.6718, Train Acc: 0.5903, Val Loss: 0.6785, Val Acc: 0.5472
2025-05-01 00:43:05,903 - training.model_ResNet50_opt_Adam_lr_0.01 - INFO - Checkpoint saved at epoch 2
2025-05-01 00:43:05,904 - training.model_ResNet50_opt_Adam_lr_0.01 - INFO - Starting epoch 4/20
2025-05-01 00:43:27,255 - training.model_ResNet50_opt_Adam_lr_0.01 - INFO - Checkpoint saved at epoch 3
2025-05-01 00:43:55,987 - training.model_ResNet50_opt_Adam_lr_0.01 - INFO - Validation loss improved from 0.7100 to 0.6956
2025-05-01 00:43:56,064 - training.model_ResNet50_opt_Adam_lr_0.01 - INFO - Epoch 4 completed in 50.16s - Train Loss: 0.6766, Train Acc: 0.5845, Val Loss: 0.6956, Val Acc: 0.5129
2025-05-01 00:43:56,278 - training.model_ResNet50_opt_Adam_lr_0.01 - INFO - Checkpoint saved at epoch 3
2025-05-01 00:43:56,278 - training.model_ResNet50_opt_Adam_lr_0.01 - INFO - Starting epoch 5/20
2025-05-01 00:44:17,430 - training.model_ResNet50_opt_Adam_lr_0.01 - INFO - Checkpoint saved at epoch 4
2025-05-01 00:44:46,358 - training.model_ResNet50_opt_Adam_lr_0.01 - INFO - Validation accuracy improved from 0.5472 to 0.6921
2025-05-01 00:44:46,447 - training.model_ResNet50_opt_Adam_lr_0.01 - INFO - Epoch 5 completed in 50.17s - Train Loss: 0.6372, Train Acc: 0.6358, Val Loss: 0.5971, Val Acc: 0.6921
2025-05-01 00:44:46,659 - training.model_ResNet50_opt_Adam_lr_0.01 - INFO - Checkpoint saved at epoch 4
2025-05-01 00:44:46,659 - training.model_ResNet50_opt_Adam_lr_0.01 - INFO - Starting epoch 6/20
2025-05-01 00:45:08,125 - training.model_ResNet50_opt_Adam_lr_0.01 - INFO - Checkpoint saved at epoch 5
2025-05-01 00:45:36,803 - training.model_ResNet50_opt_Adam_lr_0.01 - INFO - Validation accuracy improved from 0.6921 to 0.7238
2025-05-01 00:45:36,885 - training.model_ResNet50_opt_Adam_lr_0.01 - INFO - Epoch 6 completed in 50.23s - Train Loss: 0.6039, Train Acc: 0.6825, Val Loss: 0.5836, Val Acc: 0.7238
2025-05-01 00:45:37,098 - training.model_ResNet50_opt_Adam_lr_0.01 - INFO - Checkpoint saved at epoch 5
2025-05-01 00:45:37,099 - training.model_ResNet50_opt_Adam_lr_0.01 - INFO - Starting epoch 7/20
2025-05-01 00:45:58,647 - training.model_ResNet50_opt_Adam_lr_0.01 - INFO - Checkpoint saved at epoch 6
2025-05-01 00:46:27,495 - training.model_ResNet50_opt_Adam_lr_0.01 - INFO - Validation loss improved from 0.6956 to 0.5974
2025-05-01 00:46:27,581 - training.model_ResNet50_opt_Adam_lr_0.01 - INFO - Epoch 7 completed in 50.48s - Train Loss: 0.5935, Train Acc: 0.6976, Val Loss: 0.5974, Val Acc: 0.6998
2025-05-01 00:46:27,791 - training.model_ResNet50_opt_Adam_lr_0.01 - INFO - Checkpoint saved at epoch 6
2025-05-01 00:46:27,792 - training.model_ResNet50_opt_Adam_lr_0.01 - INFO - Starting epoch 8/20
2025-05-01 00:46:49,487 - training.model_ResNet50_opt_Adam_lr_0.01 - INFO - Checkpoint saved at epoch 7
2025-05-01 00:47:18,110 - training.model_ResNet50_opt_Adam_lr_0.01 - INFO - Epoch 8 completed in 50.32s - Train Loss: 0.5842, Train Acc: 0.7066, Val Loss: 0.6369, Val Acc: 0.6372
2025-05-01 00:47:18,356 - training.model_ResNet50_opt_Adam_lr_0.01 - INFO - Checkpoint saved at epoch 7
2025-05-01 00:47:18,356 - training.model_ResNet50_opt_Adam_lr_0.01 - INFO - Starting epoch 9/20
2025-05-01 00:47:40,118 - training.model_ResNet50_opt_Adam_lr_0.01 - INFO - Checkpoint saved at epoch 8
2025-05-01 00:48:08,730 - training.model_ResNet50_opt_Adam_lr_0.01 - INFO - Epoch 9 completed in 50.37s - Train Loss: 0.5795, Train Acc: 0.7044, Val Loss: 0.6297, Val Acc: 0.6672
2025-05-01 00:48:08,976 - training.model_ResNet50_opt_Adam_lr_0.01 - INFO - Checkpoint saved at epoch 8
2025-05-01 00:48:08,976 - training.model_ResNet50_opt_Adam_lr_0.01 - INFO - Starting epoch 10/20
2025-05-01 00:48:30,491 - training.model_ResNet50_opt_Adam_lr_0.01 - INFO - Checkpoint saved at epoch 9
2025-05-01 00:48:58,957 - training.model_ResNet50_opt_Adam_lr_0.01 - INFO - Validation accuracy improved from 0.7238 to 0.7393
2025-05-01 00:48:59,042 - training.model_ResNet50_opt_Adam_lr_0.01 - INFO - Epoch 10 completed in 50.07s - Train Loss: 0.5743, Train Acc: 0.7087, Val Loss: 0.5562, Val Acc: 0.7393
2025-05-01 00:48:59,256 - training.model_ResNet50_opt_Adam_lr_0.01 - INFO - Checkpoint saved at epoch 9
2025-05-01 00:48:59,256 - training.model_ResNet50_opt_Adam_lr_0.01 - INFO - Starting epoch 11/20
2025-05-01 00:49:20,450 - training.model_ResNet50_opt_Adam_lr_0.01 - INFO - Checkpoint saved at epoch 10
2025-05-01 00:49:49,525 - training.model_ResNet50_opt_Adam_lr_0.01 - INFO - Validation accuracy improved from 0.7393 to 0.7444
2025-05-01 00:49:49,621 - training.model_ResNet50_opt_Adam_lr_0.01 - INFO - Epoch 11 completed in 50.36s - Train Loss: 0.5578, Train Acc: 0.7317, Val Loss: 0.5448, Val Acc: 0.7444
2025-05-01 00:49:49,842 - training.model_ResNet50_opt_Adam_lr_0.01 - INFO - Checkpoint saved at epoch 10
2025-05-01 00:49:49,842 - training.model_ResNet50_opt_Adam_lr_0.01 - INFO - Starting epoch 12/20
2025-05-01 00:50:11,625 - training.model_ResNet50_opt_Adam_lr_0.01 - INFO - Checkpoint saved at epoch 11
2025-05-01 00:50:40,451 - training.model_ResNet50_opt_Adam_lr_0.01 - INFO - Validation accuracy improved from 0.7444 to 0.7453
2025-05-01 00:50:40,523 - training.model_ResNet50_opt_Adam_lr_0.01 - INFO - Epoch 12 completed in 50.68s - Train Loss: 0.5450, Train Acc: 0.7518, Val Loss: 0.5382, Val Acc: 0.7453
2025-05-01 00:50:40,727 - training.model_ResNet50_opt_Adam_lr_0.01 - INFO - Checkpoint saved at epoch 11
2025-05-01 00:50:40,728 - training.model_ResNet50_opt_Adam_lr_0.01 - INFO - Starting epoch 13/20
2025-05-01 00:51:01,674 - training.model_ResNet50_opt_Adam_lr_0.01 - INFO - Checkpoint saved at epoch 12
2025-05-01 00:51:30,606 - training.model_ResNet50_opt_Adam_lr_0.01 - INFO - Validation accuracy improved from 0.7453 to 0.7633
2025-05-01 00:51:30,695 - training.model_ResNet50_opt_Adam_lr_0.01 - INFO - Epoch 13 completed in 49.97s - Train Loss: 0.5373, Train Acc: 0.7563, Val Loss: 0.5306, Val Acc: 0.7633
2025-05-01 00:51:30,907 - training.model_ResNet50_opt_Adam_lr_0.01 - INFO - Checkpoint saved at epoch 12
2025-05-01 00:51:30,907 - training.model_ResNet50_opt_Adam_lr_0.01 - INFO - Starting epoch 14/20
2025-05-01 00:51:52,529 - training.model_ResNet50_opt_Adam_lr_0.01 - INFO - Checkpoint saved at epoch 13
2025-05-01 00:52:21,093 - training.model_ResNet50_opt_Adam_lr_0.01 - INFO - Validation accuracy improved from 0.7633 to 0.7770
2025-05-01 00:52:21,184 - training.model_ResNet50_opt_Adam_lr_0.01 - INFO - Epoch 14 completed in 50.28s - Train Loss: 0.5278, Train Acc: 0.7701, Val Loss: 0.5231, Val Acc: 0.7770
2025-05-01 00:52:21,396 - training.model_ResNet50_opt_Adam_lr_0.01 - INFO - Checkpoint saved at epoch 13
2025-05-01 00:52:21,397 - training.model_ResNet50_opt_Adam_lr_0.01 - INFO - Starting epoch 15/20
2025-05-01 00:52:43,133 - training.model_ResNet50_opt_Adam_lr_0.01 - INFO - Checkpoint saved at epoch 14
2025-05-01 00:53:12,224 - training.model_ResNet50_opt_Adam_lr_0.01 - INFO - Validation accuracy improved from 0.7770 to 0.7967
2025-05-01 00:53:12,303 - training.model_ResNet50_opt_Adam_lr_0.01 - INFO - Epoch 15 completed in 50.91s - Train Loss: 0.5157, Train Acc: 0.7881, Val Loss: 0.5076, Val Acc: 0.7967
2025-05-01 00:53:12,517 - training.model_ResNet50_opt_Adam_lr_0.01 - INFO - Checkpoint saved at epoch 14
2025-05-01 00:53:12,518 - training.model_ResNet50_opt_Adam_lr_0.01 - INFO - Starting epoch 16/20
2025-05-01 00:53:34,125 - training.model_ResNet50_opt_Adam_lr_0.01 - INFO - Checkpoint saved at epoch 15
2025-05-01 00:54:03,217 - training.model_ResNet50_opt_Adam_lr_0.01 - INFO - Validation accuracy improved from 0.7967 to 0.8027
2025-05-01 00:54:03,311 - training.model_ResNet50_opt_Adam_lr_0.01 - INFO - Epoch 16 completed in 50.79s - Train Loss: 0.5079, Train Acc: 0.7969, Val Loss: 0.5022, Val Acc: 0.8027
2025-05-01 00:54:03,527 - training.model_ResNet50_opt_Adam_lr_0.01 - INFO - Checkpoint saved at epoch 15
2025-05-01 00:54:03,528 - training.model_ResNet50_opt_Adam_lr_0.01 - INFO - Starting epoch 17/20
2025-05-01 00:54:25,134 - training.model_ResNet50_opt_Adam_lr_0.01 - INFO - Checkpoint saved at epoch 16
2025-05-01 00:54:54,030 - training.model_ResNet50_opt_Adam_lr_0.01 - INFO - Validation accuracy improved from 0.8027 to 0.8036
2025-05-01 00:54:54,120 - training.model_ResNet50_opt_Adam_lr_0.01 - INFO - Epoch 17 completed in 50.59s - Train Loss: 0.5032, Train Acc: 0.8052, Val Loss: 0.5030, Val Acc: 0.8036
2025-05-01 00:54:54,332 - training.model_ResNet50_opt_Adam_lr_0.01 - INFO - Checkpoint saved at epoch 16
2025-05-01 00:54:54,333 - training.model_ResNet50_opt_Adam_lr_0.01 - INFO - Starting epoch 18/20
2025-05-01 00:55:16,040 - training.model_ResNet50_opt_Adam_lr_0.01 - INFO - Checkpoint saved at epoch 17
2025-05-01 00:55:44,893 - training.model_ResNet50_opt_Adam_lr_0.01 - INFO - Validation accuracy improved from 0.8036 to 0.8199
2025-05-01 00:55:44,975 - training.model_ResNet50_opt_Adam_lr_0.01 - INFO - Epoch 18 completed in 50.64s - Train Loss: 0.4978, Train Acc: 0.8074, Val Loss: 0.4913, Val Acc: 0.8199
2025-05-01 00:55:45,191 - training.model_ResNet50_opt_Adam_lr_0.01 - INFO - Checkpoint saved at epoch 17
2025-05-01 00:55:45,191 - training.model_ResNet50_opt_Adam_lr_0.01 - INFO - Starting epoch 19/20
2025-05-01 00:56:06,760 - training.model_ResNet50_opt_Adam_lr_0.01 - INFO - Checkpoint saved at epoch 18
2025-05-01 00:56:35,654 - training.model_ResNet50_opt_Adam_lr_0.01 - INFO - Validation accuracy improved from 0.8199 to 0.8233
2025-05-01 00:56:35,742 - training.model_ResNet50_opt_Adam_lr_0.01 - INFO - Epoch 19 completed in 50.55s - Train Loss: 0.4904, Train Acc: 0.8140, Val Loss: 0.4822, Val Acc: 0.8233
2025-05-01 00:56:35,967 - training.model_ResNet50_opt_Adam_lr_0.01 - INFO - Checkpoint saved at epoch 18
2025-05-01 00:56:35,967 - training.model_ResNet50_opt_Adam_lr_0.01 - INFO - Starting epoch 20/20
2025-05-01 00:56:57,086 - training.model_ResNet50_opt_Adam_lr_0.01 - INFO - Checkpoint saved at epoch 19
2025-05-01 00:57:26,383 - training.model_ResNet50_opt_Adam_lr_0.01 - INFO - Validation accuracy improved from 0.8233 to 0.8302
2025-05-01 00:57:26,473 - training.model_ResNet50_opt_Adam_lr_0.01 - INFO - Epoch 20 completed in 50.51s - Train Loss: 0.4868, Train Acc: 0.8222, Val Loss: 0.4777, Val Acc: 0.8302
2025-05-01 00:57:26,688 - training.model_ResNet50_opt_Adam_lr_0.01 - INFO - Checkpoint saved at epoch 19
2025-05-01 00:57:26,688 - training.model_ResNet50_opt_Adam_lr_0.01 - INFO - Training completed after 1011.66 seconds
2025-05-01 00:57:35,669 - training.model_ResNet50_opt_Adam_lr_0.01 - INFO - Initialized training manager for model_ResNet50_opt_Adam_lr_0.01
2025-05-01 00:57:35,669 - training.model_ResNet50_opt_Adam_lr_0.01 - INFO - Initialized training manager for model_ResNet50_opt_Adam_lr_0.01
2025-05-01 00:57:35,669 - training.model_ResNet50_opt_Adam_lr_0.01 - INFO - Config: {
  "id": 38,
  "model_name": "ResNet50",
  "optimizer": "Adam",
  "learning_rate": 0.01,
  "scheduler": {
    "name": "StepLR",
    "step_size": 10,
    "gamma": 0.1
  },
  "loss_fn": {
    "name": "FocalLoss",
    "alpha": 0.25,
    "gamma": 2.0
  }
}
2025-05-01 00:57:35,669 - training.model_ResNet50_opt_Adam_lr_0.01 - INFO - Config: {
  "id": 38,
  "model_name": "ResNet50",
  "optimizer": "Adam",
  "learning_rate": 0.01,
  "scheduler": {
    "name": "StepLR",
    "step_size": 10,
    "gamma": 0.1
  },
  "loss_fn": {
    "name": "FocalLoss",
    "alpha": 0.25,
    "gamma": 2.0
  }
}
2025-05-01 00:57:35,670 - training.model_ResNet50_opt_Adam_lr_0.01 - INFO - Loading checkpoint from model_results_v2/model_ResNet50_opt_Adam_lr_0.01/checkpoint.pt
2025-05-01 00:57:35,670 - training.model_ResNet50_opt_Adam_lr_0.01 - INFO - Loading checkpoint from model_results_v2/model_ResNet50_opt_Adam_lr_0.01/checkpoint.pt
2025-05-01 00:57:35,750 - training.model_ResNet50_opt_Adam_lr_0.01 - INFO - Resuming from epoch 20, best validation accuracy: 0.8302
2025-05-01 00:57:35,750 - training.model_ResNet50_opt_Adam_lr_0.01 - INFO - Resuming from epoch 20, best validation accuracy: 0.8302
2025-05-01 00:57:35,750 - training.model_ResNet50_opt_Adam_lr_0.01 - INFO - Training completed after 1011.66 seconds
2025-05-01 00:57:35,750 - training.model_ResNet50_opt_Adam_lr_0.01 - INFO - Training completed after 1011.66 seconds
2025-05-01 00:57:44,542 - training.model_ResNet50_opt_Adam_lr_0.01 - INFO - Initialized training manager for model_ResNet50_opt_Adam_lr_0.01
2025-05-01 00:57:44,542 - training.model_ResNet50_opt_Adam_lr_0.01 - INFO - Initialized training manager for model_ResNet50_opt_Adam_lr_0.01
2025-05-01 00:57:44,542 - training.model_ResNet50_opt_Adam_lr_0.01 - INFO - Initialized training manager for model_ResNet50_opt_Adam_lr_0.01
2025-05-01 00:57:44,542 - training.model_ResNet50_opt_Adam_lr_0.01 - INFO - Config: {
  "id": 39,
  "model_name": "ResNet50",
  "optimizer": "Adam",
  "learning_rate": 0.01,
  "scheduler": {
    "name": "StepLR",
    "step_size": 10,
    "gamma": 0.1
  },
  "loss_fn": {
    "name": "LabelSmoothing",
    "smoothing": 0.1
  }
}
2025-05-01 00:57:44,542 - training.model_ResNet50_opt_Adam_lr_0.01 - INFO - Config: {
  "id": 39,
  "model_name": "ResNet50",
  "optimizer": "Adam",
  "learning_rate": 0.01,
  "scheduler": {
    "name": "StepLR",
    "step_size": 10,
    "gamma": 0.1
  },
  "loss_fn": {
    "name": "LabelSmoothing",
    "smoothing": 0.1
  }
}
2025-05-01 00:57:44,542 - training.model_ResNet50_opt_Adam_lr_0.01 - INFO - Config: {
  "id": 39,
  "model_name": "ResNet50",
  "optimizer": "Adam",
  "learning_rate": 0.01,
  "scheduler": {
    "name": "StepLR",
    "step_size": 10,
    "gamma": 0.1
  },
  "loss_fn": {
    "name": "LabelSmoothing",
    "smoothing": 0.1
  }
}
2025-05-01 00:57:44,542 - training.model_ResNet50_opt_Adam_lr_0.01 - INFO - Loading checkpoint from model_results_v2/model_ResNet50_opt_Adam_lr_0.01/checkpoint.pt
2025-05-01 00:57:44,542 - training.model_ResNet50_opt_Adam_lr_0.01 - INFO - Loading checkpoint from model_results_v2/model_ResNet50_opt_Adam_lr_0.01/checkpoint.pt
2025-05-01 00:57:44,542 - training.model_ResNet50_opt_Adam_lr_0.01 - INFO - Loading checkpoint from model_results_v2/model_ResNet50_opt_Adam_lr_0.01/checkpoint.pt
2025-05-01 00:57:44,622 - training.model_ResNet50_opt_Adam_lr_0.01 - INFO - Resuming from epoch 20, best validation accuracy: 0.8302
2025-05-01 00:57:44,622 - training.model_ResNet50_opt_Adam_lr_0.01 - INFO - Resuming from epoch 20, best validation accuracy: 0.8302
2025-05-01 00:57:44,622 - training.model_ResNet50_opt_Adam_lr_0.01 - INFO - Resuming from epoch 20, best validation accuracy: 0.8302
2025-05-01 00:57:44,623 - training.model_ResNet50_opt_Adam_lr_0.01 - INFO - Training completed after 1011.66 seconds
2025-05-01 00:57:44,623 - training.model_ResNet50_opt_Adam_lr_0.01 - INFO - Training completed after 1011.66 seconds
2025-05-01 00:57:44,623 - training.model_ResNet50_opt_Adam_lr_0.01 - INFO - Training completed after 1011.66 seconds
2025-05-01 00:57:53,787 - training.model_ResNet50_opt_Adam_lr_0.01 - INFO - Initialized training manager for model_ResNet50_opt_Adam_lr_0.01
2025-05-01 00:57:53,787 - training.model_ResNet50_opt_Adam_lr_0.01 - INFO - Initialized training manager for model_ResNet50_opt_Adam_lr_0.01
2025-05-01 00:57:53,787 - training.model_ResNet50_opt_Adam_lr_0.01 - INFO - Initialized training manager for model_ResNet50_opt_Adam_lr_0.01
2025-05-01 00:57:53,787 - training.model_ResNet50_opt_Adam_lr_0.01 - INFO - Initialized training manager for model_ResNet50_opt_Adam_lr_0.01
2025-05-01 00:57:53,787 - training.model_ResNet50_opt_Adam_lr_0.01 - INFO - Config: {
  "id": 40,
  "model_name": "ResNet50",
  "optimizer": "Adam",
  "learning_rate": 0.01,
  "scheduler": {
    "name": "ReduceLROnPlateau",
    "patience": 5,
    "factor": 0.5
  },
  "loss_fn": {
    "name": "CrossEntropy"
  }
}
2025-05-01 00:57:53,787 - training.model_ResNet50_opt_Adam_lr_0.01 - INFO - Config: {
  "id": 40,
  "model_name": "ResNet50",
  "optimizer": "Adam",
  "learning_rate": 0.01,
  "scheduler": {
    "name": "ReduceLROnPlateau",
    "patience": 5,
    "factor": 0.5
  },
  "loss_fn": {
    "name": "CrossEntropy"
  }
}
2025-05-01 00:57:53,787 - training.model_ResNet50_opt_Adam_lr_0.01 - INFO - Config: {
  "id": 40,
  "model_name": "ResNet50",
  "optimizer": "Adam",
  "learning_rate": 0.01,
  "scheduler": {
    "name": "ReduceLROnPlateau",
    "patience": 5,
    "factor": 0.5
  },
  "loss_fn": {
    "name": "CrossEntropy"
  }
}
2025-05-01 00:57:53,787 - training.model_ResNet50_opt_Adam_lr_0.01 - INFO - Config: {
  "id": 40,
  "model_name": "ResNet50",
  "optimizer": "Adam",
  "learning_rate": 0.01,
  "scheduler": {
    "name": "ReduceLROnPlateau",
    "patience": 5,
    "factor": 0.5
  },
  "loss_fn": {
    "name": "CrossEntropy"
  }
}
2025-05-01 00:57:53,788 - training.model_ResNet50_opt_Adam_lr_0.01 - INFO - Loading checkpoint from model_results_v2/model_ResNet50_opt_Adam_lr_0.01/checkpoint.pt
2025-05-01 00:57:53,788 - training.model_ResNet50_opt_Adam_lr_0.01 - INFO - Loading checkpoint from model_results_v2/model_ResNet50_opt_Adam_lr_0.01/checkpoint.pt
2025-05-01 00:57:53,788 - training.model_ResNet50_opt_Adam_lr_0.01 - INFO - Loading checkpoint from model_results_v2/model_ResNet50_opt_Adam_lr_0.01/checkpoint.pt
2025-05-01 00:57:53,788 - training.model_ResNet50_opt_Adam_lr_0.01 - INFO - Loading checkpoint from model_results_v2/model_ResNet50_opt_Adam_lr_0.01/checkpoint.pt
2025-05-01 00:57:53,869 - training.model_ResNet50_opt_Adam_lr_0.01 - INFO - Resuming from epoch 20, best validation accuracy: 0.8302
2025-05-01 00:57:53,869 - training.model_ResNet50_opt_Adam_lr_0.01 - INFO - Resuming from epoch 20, best validation accuracy: 0.8302
2025-05-01 00:57:53,869 - training.model_ResNet50_opt_Adam_lr_0.01 - INFO - Resuming from epoch 20, best validation accuracy: 0.8302
2025-05-01 00:57:53,869 - training.model_ResNet50_opt_Adam_lr_0.01 - INFO - Resuming from epoch 20, best validation accuracy: 0.8302
2025-05-01 00:57:53,870 - training.model_ResNet50_opt_Adam_lr_0.01 - INFO - Training completed after 1011.66 seconds
2025-05-01 00:57:53,870 - training.model_ResNet50_opt_Adam_lr_0.01 - INFO - Training completed after 1011.66 seconds
2025-05-01 00:57:53,870 - training.model_ResNet50_opt_Adam_lr_0.01 - INFO - Training completed after 1011.66 seconds
2025-05-01 00:57:53,870 - training.model_ResNet50_opt_Adam_lr_0.01 - INFO - Training completed after 1011.66 seconds
2025-05-01 00:58:02,605 - training.model_ResNet50_opt_Adam_lr_0.01 - INFO - Initialized training manager for model_ResNet50_opt_Adam_lr_0.01
2025-05-01 00:58:02,605 - training.model_ResNet50_opt_Adam_lr_0.01 - INFO - Initialized training manager for model_ResNet50_opt_Adam_lr_0.01
2025-05-01 00:58:02,605 - training.model_ResNet50_opt_Adam_lr_0.01 - INFO - Initialized training manager for model_ResNet50_opt_Adam_lr_0.01
2025-05-01 00:58:02,605 - training.model_ResNet50_opt_Adam_lr_0.01 - INFO - Initialized training manager for model_ResNet50_opt_Adam_lr_0.01
2025-05-01 00:58:02,605 - training.model_ResNet50_opt_Adam_lr_0.01 - INFO - Initialized training manager for model_ResNet50_opt_Adam_lr_0.01
2025-05-01 00:58:02,605 - training.model_ResNet50_opt_Adam_lr_0.01 - INFO - Config: {
  "id": 41,
  "model_name": "ResNet50",
  "optimizer": "Adam",
  "learning_rate": 0.01,
  "scheduler": {
    "name": "ReduceLROnPlateau",
    "patience": 5,
    "factor": 0.5
  },
  "loss_fn": {
    "name": "FocalLoss",
    "alpha": 0.25,
    "gamma": 2.0
  }
}
2025-05-01 00:58:02,605 - training.model_ResNet50_opt_Adam_lr_0.01 - INFO - Config: {
  "id": 41,
  "model_name": "ResNet50",
  "optimizer": "Adam",
  "learning_rate": 0.01,
  "scheduler": {
    "name": "ReduceLROnPlateau",
    "patience": 5,
    "factor": 0.5
  },
  "loss_fn": {
    "name": "FocalLoss",
    "alpha": 0.25,
    "gamma": 2.0
  }
}
2025-05-01 00:58:02,605 - training.model_ResNet50_opt_Adam_lr_0.01 - INFO - Config: {
  "id": 41,
  "model_name": "ResNet50",
  "optimizer": "Adam",
  "learning_rate": 0.01,
  "scheduler": {
    "name": "ReduceLROnPlateau",
    "patience": 5,
    "factor": 0.5
  },
  "loss_fn": {
    "name": "FocalLoss",
    "alpha": 0.25,
    "gamma": 2.0
  }
}
2025-05-01 00:58:02,605 - training.model_ResNet50_opt_Adam_lr_0.01 - INFO - Config: {
  "id": 41,
  "model_name": "ResNet50",
  "optimizer": "Adam",
  "learning_rate": 0.01,
  "scheduler": {
    "name": "ReduceLROnPlateau",
    "patience": 5,
    "factor": 0.5
  },
  "loss_fn": {
    "name": "FocalLoss",
    "alpha": 0.25,
    "gamma": 2.0
  }
}
2025-05-01 00:58:02,605 - training.model_ResNet50_opt_Adam_lr_0.01 - INFO - Config: {
  "id": 41,
  "model_name": "ResNet50",
  "optimizer": "Adam",
  "learning_rate": 0.01,
  "scheduler": {
    "name": "ReduceLROnPlateau",
    "patience": 5,
    "factor": 0.5
  },
  "loss_fn": {
    "name": "FocalLoss",
    "alpha": 0.25,
    "gamma": 2.0
  }
}
2025-05-01 00:58:02,605 - training.model_ResNet50_opt_Adam_lr_0.01 - INFO - Loading checkpoint from model_results_v2/model_ResNet50_opt_Adam_lr_0.01/checkpoint.pt
2025-05-01 00:58:02,605 - training.model_ResNet50_opt_Adam_lr_0.01 - INFO - Loading checkpoint from model_results_v2/model_ResNet50_opt_Adam_lr_0.01/checkpoint.pt
2025-05-01 00:58:02,605 - training.model_ResNet50_opt_Adam_lr_0.01 - INFO - Loading checkpoint from model_results_v2/model_ResNet50_opt_Adam_lr_0.01/checkpoint.pt
2025-05-01 00:58:02,605 - training.model_ResNet50_opt_Adam_lr_0.01 - INFO - Loading checkpoint from model_results_v2/model_ResNet50_opt_Adam_lr_0.01/checkpoint.pt
2025-05-01 00:58:02,605 - training.model_ResNet50_opt_Adam_lr_0.01 - INFO - Loading checkpoint from model_results_v2/model_ResNet50_opt_Adam_lr_0.01/checkpoint.pt
2025-05-01 00:58:02,686 - training.model_ResNet50_opt_Adam_lr_0.01 - INFO - Resuming from epoch 20, best validation accuracy: 0.8302
2025-05-01 00:58:02,686 - training.model_ResNet50_opt_Adam_lr_0.01 - INFO - Resuming from epoch 20, best validation accuracy: 0.8302
2025-05-01 00:58:02,686 - training.model_ResNet50_opt_Adam_lr_0.01 - INFO - Resuming from epoch 20, best validation accuracy: 0.8302
2025-05-01 00:58:02,686 - training.model_ResNet50_opt_Adam_lr_0.01 - INFO - Resuming from epoch 20, best validation accuracy: 0.8302
2025-05-01 00:58:02,686 - training.model_ResNet50_opt_Adam_lr_0.01 - INFO - Resuming from epoch 20, best validation accuracy: 0.8302
2025-05-01 00:58:02,687 - training.model_ResNet50_opt_Adam_lr_0.01 - INFO - Training completed after 1011.66 seconds
2025-05-01 00:58:02,687 - training.model_ResNet50_opt_Adam_lr_0.01 - INFO - Training completed after 1011.66 seconds
2025-05-01 00:58:02,687 - training.model_ResNet50_opt_Adam_lr_0.01 - INFO - Training completed after 1011.66 seconds
2025-05-01 00:58:02,687 - training.model_ResNet50_opt_Adam_lr_0.01 - INFO - Training completed after 1011.66 seconds
2025-05-01 00:58:02,687 - training.model_ResNet50_opt_Adam_lr_0.01 - INFO - Training completed after 1011.66 seconds
2025-05-01 00:58:11,477 - training.model_ResNet50_opt_Adam_lr_0.01 - INFO - Initialized training manager for model_ResNet50_opt_Adam_lr_0.01
2025-05-01 00:58:11,477 - training.model_ResNet50_opt_Adam_lr_0.01 - INFO - Initialized training manager for model_ResNet50_opt_Adam_lr_0.01
2025-05-01 00:58:11,477 - training.model_ResNet50_opt_Adam_lr_0.01 - INFO - Initialized training manager for model_ResNet50_opt_Adam_lr_0.01
2025-05-01 00:58:11,477 - training.model_ResNet50_opt_Adam_lr_0.01 - INFO - Initialized training manager for model_ResNet50_opt_Adam_lr_0.01
2025-05-01 00:58:11,477 - training.model_ResNet50_opt_Adam_lr_0.01 - INFO - Initialized training manager for model_ResNet50_opt_Adam_lr_0.01
2025-05-01 00:58:11,477 - training.model_ResNet50_opt_Adam_lr_0.01 - INFO - Initialized training manager for model_ResNet50_opt_Adam_lr_0.01
2025-05-01 00:58:11,477 - training.model_ResNet50_opt_Adam_lr_0.01 - INFO - Config: {
  "id": 42,
  "model_name": "ResNet50",
  "optimizer": "Adam",
  "learning_rate": 0.01,
  "scheduler": {
    "name": "ReduceLROnPlateau",
    "patience": 5,
    "factor": 0.5
  },
  "loss_fn": {
    "name": "LabelSmoothing",
    "smoothing": 0.1
  }
}
2025-05-01 00:58:11,477 - training.model_ResNet50_opt_Adam_lr_0.01 - INFO - Config: {
  "id": 42,
  "model_name": "ResNet50",
  "optimizer": "Adam",
  "learning_rate": 0.01,
  "scheduler": {
    "name": "ReduceLROnPlateau",
    "patience": 5,
    "factor": 0.5
  },
  "loss_fn": {
    "name": "LabelSmoothing",
    "smoothing": 0.1
  }
}
2025-05-01 00:58:11,477 - training.model_ResNet50_opt_Adam_lr_0.01 - INFO - Config: {
  "id": 42,
  "model_name": "ResNet50",
  "optimizer": "Adam",
  "learning_rate": 0.01,
  "scheduler": {
    "name": "ReduceLROnPlateau",
    "patience": 5,
    "factor": 0.5
  },
  "loss_fn": {
    "name": "LabelSmoothing",
    "smoothing": 0.1
  }
}
2025-05-01 00:58:11,477 - training.model_ResNet50_opt_Adam_lr_0.01 - INFO - Config: {
  "id": 42,
  "model_name": "ResNet50",
  "optimizer": "Adam",
  "learning_rate": 0.01,
  "scheduler": {
    "name": "ReduceLROnPlateau",
    "patience": 5,
    "factor": 0.5
  },
  "loss_fn": {
    "name": "LabelSmoothing",
    "smoothing": 0.1
  }
}
2025-05-01 00:58:11,477 - training.model_ResNet50_opt_Adam_lr_0.01 - INFO - Config: {
  "id": 42,
  "model_name": "ResNet50",
  "optimizer": "Adam",
  "learning_rate": 0.01,
  "scheduler": {
    "name": "ReduceLROnPlateau",
    "patience": 5,
    "factor": 0.5
  },
  "loss_fn": {
    "name": "LabelSmoothing",
    "smoothing": 0.1
  }
}
2025-05-01 00:58:11,477 - training.model_ResNet50_opt_Adam_lr_0.01 - INFO - Config: {
  "id": 42,
  "model_name": "ResNet50",
  "optimizer": "Adam",
  "learning_rate": 0.01,
  "scheduler": {
    "name": "ReduceLROnPlateau",
    "patience": 5,
    "factor": 0.5
  },
  "loss_fn": {
    "name": "LabelSmoothing",
    "smoothing": 0.1
  }
}
2025-05-01 00:58:11,477 - training.model_ResNet50_opt_Adam_lr_0.01 - INFO - Loading checkpoint from model_results_v2/model_ResNet50_opt_Adam_lr_0.01/checkpoint.pt
2025-05-01 00:58:11,477 - training.model_ResNet50_opt_Adam_lr_0.01 - INFO - Loading checkpoint from model_results_v2/model_ResNet50_opt_Adam_lr_0.01/checkpoint.pt
2025-05-01 00:58:11,477 - training.model_ResNet50_opt_Adam_lr_0.01 - INFO - Loading checkpoint from model_results_v2/model_ResNet50_opt_Adam_lr_0.01/checkpoint.pt
2025-05-01 00:58:11,477 - training.model_ResNet50_opt_Adam_lr_0.01 - INFO - Loading checkpoint from model_results_v2/model_ResNet50_opt_Adam_lr_0.01/checkpoint.pt
2025-05-01 00:58:11,477 - training.model_ResNet50_opt_Adam_lr_0.01 - INFO - Loading checkpoint from model_results_v2/model_ResNet50_opt_Adam_lr_0.01/checkpoint.pt
2025-05-01 00:58:11,477 - training.model_ResNet50_opt_Adam_lr_0.01 - INFO - Loading checkpoint from model_results_v2/model_ResNet50_opt_Adam_lr_0.01/checkpoint.pt
2025-05-01 00:58:11,559 - training.model_ResNet50_opt_Adam_lr_0.01 - INFO - Resuming from epoch 20, best validation accuracy: 0.8302
2025-05-01 00:58:11,559 - training.model_ResNet50_opt_Adam_lr_0.01 - INFO - Resuming from epoch 20, best validation accuracy: 0.8302
2025-05-01 00:58:11,559 - training.model_ResNet50_opt_Adam_lr_0.01 - INFO - Resuming from epoch 20, best validation accuracy: 0.8302
2025-05-01 00:58:11,559 - training.model_ResNet50_opt_Adam_lr_0.01 - INFO - Resuming from epoch 20, best validation accuracy: 0.8302
2025-05-01 00:58:11,559 - training.model_ResNet50_opt_Adam_lr_0.01 - INFO - Resuming from epoch 20, best validation accuracy: 0.8302
2025-05-01 00:58:11,559 - training.model_ResNet50_opt_Adam_lr_0.01 - INFO - Resuming from epoch 20, best validation accuracy: 0.8302
2025-05-01 00:58:11,560 - training.model_ResNet50_opt_Adam_lr_0.01 - INFO - Training completed after 1011.66 seconds
2025-05-01 00:58:11,560 - training.model_ResNet50_opt_Adam_lr_0.01 - INFO - Training completed after 1011.66 seconds
2025-05-01 00:58:11,560 - training.model_ResNet50_opt_Adam_lr_0.01 - INFO - Training completed after 1011.66 seconds
2025-05-01 00:58:11,560 - training.model_ResNet50_opt_Adam_lr_0.01 - INFO - Training completed after 1011.66 seconds
2025-05-01 00:58:11,560 - training.model_ResNet50_opt_Adam_lr_0.01 - INFO - Training completed after 1011.66 seconds
2025-05-01 00:58:11,560 - training.model_ResNet50_opt_Adam_lr_0.01 - INFO - Training completed after 1011.66 seconds
2025-05-01 00:58:20,557 - training.model_ResNet50_opt_Adam_lr_0.01 - INFO - Initialized training manager for model_ResNet50_opt_Adam_lr_0.01
2025-05-01 00:58:20,557 - training.model_ResNet50_opt_Adam_lr_0.01 - INFO - Initialized training manager for model_ResNet50_opt_Adam_lr_0.01
2025-05-01 00:58:20,557 - training.model_ResNet50_opt_Adam_lr_0.01 - INFO - Initialized training manager for model_ResNet50_opt_Adam_lr_0.01
2025-05-01 00:58:20,557 - training.model_ResNet50_opt_Adam_lr_0.01 - INFO - Initialized training manager for model_ResNet50_opt_Adam_lr_0.01
2025-05-01 00:58:20,557 - training.model_ResNet50_opt_Adam_lr_0.01 - INFO - Initialized training manager for model_ResNet50_opt_Adam_lr_0.01
2025-05-01 00:58:20,557 - training.model_ResNet50_opt_Adam_lr_0.01 - INFO - Initialized training manager for model_ResNet50_opt_Adam_lr_0.01
2025-05-01 00:58:20,557 - training.model_ResNet50_opt_Adam_lr_0.01 - INFO - Initialized training manager for model_ResNet50_opt_Adam_lr_0.01
2025-05-01 00:58:20,557 - training.model_ResNet50_opt_Adam_lr_0.01 - INFO - Config: {
  "id": 43,
  "model_name": "ResNet50",
  "optimizer": "Adam",
  "learning_rate": 0.01,
  "scheduler": {
    "name": "CosineAnnealingLR",
    "T_max": 10
  },
  "loss_fn": {
    "name": "CrossEntropy"
  }
}
2025-05-01 00:58:20,557 - training.model_ResNet50_opt_Adam_lr_0.01 - INFO - Config: {
  "id": 43,
  "model_name": "ResNet50",
  "optimizer": "Adam",
  "learning_rate": 0.01,
  "scheduler": {
    "name": "CosineAnnealingLR",
    "T_max": 10
  },
  "loss_fn": {
    "name": "CrossEntropy"
  }
}
2025-05-01 00:58:20,557 - training.model_ResNet50_opt_Adam_lr_0.01 - INFO - Config: {
  "id": 43,
  "model_name": "ResNet50",
  "optimizer": "Adam",
  "learning_rate": 0.01,
  "scheduler": {
    "name": "CosineAnnealingLR",
    "T_max": 10
  },
  "loss_fn": {
    "name": "CrossEntropy"
  }
}
2025-05-01 00:58:20,557 - training.model_ResNet50_opt_Adam_lr_0.01 - INFO - Config: {
  "id": 43,
  "model_name": "ResNet50",
  "optimizer": "Adam",
  "learning_rate": 0.01,
  "scheduler": {
    "name": "CosineAnnealingLR",
    "T_max": 10
  },
  "loss_fn": {
    "name": "CrossEntropy"
  }
}
2025-05-01 00:58:20,557 - training.model_ResNet50_opt_Adam_lr_0.01 - INFO - Config: {
  "id": 43,
  "model_name": "ResNet50",
  "optimizer": "Adam",
  "learning_rate": 0.01,
  "scheduler": {
    "name": "CosineAnnealingLR",
    "T_max": 10
  },
  "loss_fn": {
    "name": "CrossEntropy"
  }
}
2025-05-01 00:58:20,557 - training.model_ResNet50_opt_Adam_lr_0.01 - INFO - Config: {
  "id": 43,
  "model_name": "ResNet50",
  "optimizer": "Adam",
  "learning_rate": 0.01,
  "scheduler": {
    "name": "CosineAnnealingLR",
    "T_max": 10
  },
  "loss_fn": {
    "name": "CrossEntropy"
  }
}
2025-05-01 00:58:20,557 - training.model_ResNet50_opt_Adam_lr_0.01 - INFO - Config: {
  "id": 43,
  "model_name": "ResNet50",
  "optimizer": "Adam",
  "learning_rate": 0.01,
  "scheduler": {
    "name": "CosineAnnealingLR",
    "T_max": 10
  },
  "loss_fn": {
    "name": "CrossEntropy"
  }
}
2025-05-01 00:58:20,558 - training.model_ResNet50_opt_Adam_lr_0.01 - INFO - Loading checkpoint from model_results_v2/model_ResNet50_opt_Adam_lr_0.01/checkpoint.pt
2025-05-01 00:58:20,558 - training.model_ResNet50_opt_Adam_lr_0.01 - INFO - Loading checkpoint from model_results_v2/model_ResNet50_opt_Adam_lr_0.01/checkpoint.pt
2025-05-01 00:58:20,558 - training.model_ResNet50_opt_Adam_lr_0.01 - INFO - Loading checkpoint from model_results_v2/model_ResNet50_opt_Adam_lr_0.01/checkpoint.pt
2025-05-01 00:58:20,558 - training.model_ResNet50_opt_Adam_lr_0.01 - INFO - Loading checkpoint from model_results_v2/model_ResNet50_opt_Adam_lr_0.01/checkpoint.pt
2025-05-01 00:58:20,558 - training.model_ResNet50_opt_Adam_lr_0.01 - INFO - Loading checkpoint from model_results_v2/model_ResNet50_opt_Adam_lr_0.01/checkpoint.pt
2025-05-01 00:58:20,558 - training.model_ResNet50_opt_Adam_lr_0.01 - INFO - Loading checkpoint from model_results_v2/model_ResNet50_opt_Adam_lr_0.01/checkpoint.pt
2025-05-01 00:58:20,558 - training.model_ResNet50_opt_Adam_lr_0.01 - INFO - Loading checkpoint from model_results_v2/model_ResNet50_opt_Adam_lr_0.01/checkpoint.pt
2025-05-01 00:58:20,639 - training.model_ResNet50_opt_Adam_lr_0.01 - INFO - Resuming from epoch 20, best validation accuracy: 0.8302
2025-05-01 00:58:20,639 - training.model_ResNet50_opt_Adam_lr_0.01 - INFO - Resuming from epoch 20, best validation accuracy: 0.8302
2025-05-01 00:58:20,639 - training.model_ResNet50_opt_Adam_lr_0.01 - INFO - Resuming from epoch 20, best validation accuracy: 0.8302
2025-05-01 00:58:20,639 - training.model_ResNet50_opt_Adam_lr_0.01 - INFO - Resuming from epoch 20, best validation accuracy: 0.8302
2025-05-01 00:58:20,639 - training.model_ResNet50_opt_Adam_lr_0.01 - INFO - Resuming from epoch 20, best validation accuracy: 0.8302
2025-05-01 00:58:20,639 - training.model_ResNet50_opt_Adam_lr_0.01 - INFO - Resuming from epoch 20, best validation accuracy: 0.8302
2025-05-01 00:58:20,639 - training.model_ResNet50_opt_Adam_lr_0.01 - INFO - Resuming from epoch 20, best validation accuracy: 0.8302
2025-05-01 00:58:20,640 - training.model_ResNet50_opt_Adam_lr_0.01 - INFO - Training completed after 1011.66 seconds
2025-05-01 00:58:20,640 - training.model_ResNet50_opt_Adam_lr_0.01 - INFO - Training completed after 1011.66 seconds
2025-05-01 00:58:20,640 - training.model_ResNet50_opt_Adam_lr_0.01 - INFO - Training completed after 1011.66 seconds
2025-05-01 00:58:20,640 - training.model_ResNet50_opt_Adam_lr_0.01 - INFO - Training completed after 1011.66 seconds
2025-05-01 00:58:20,640 - training.model_ResNet50_opt_Adam_lr_0.01 - INFO - Training completed after 1011.66 seconds
2025-05-01 00:58:20,640 - training.model_ResNet50_opt_Adam_lr_0.01 - INFO - Training completed after 1011.66 seconds
2025-05-01 00:58:20,640 - training.model_ResNet50_opt_Adam_lr_0.01 - INFO - Training completed after 1011.66 seconds
2025-05-01 00:58:29,695 - training.model_ResNet50_opt_Adam_lr_0.01 - INFO - Initialized training manager for model_ResNet50_opt_Adam_lr_0.01
2025-05-01 00:58:29,695 - training.model_ResNet50_opt_Adam_lr_0.01 - INFO - Initialized training manager for model_ResNet50_opt_Adam_lr_0.01
2025-05-01 00:58:29,695 - training.model_ResNet50_opt_Adam_lr_0.01 - INFO - Initialized training manager for model_ResNet50_opt_Adam_lr_0.01
2025-05-01 00:58:29,695 - training.model_ResNet50_opt_Adam_lr_0.01 - INFO - Initialized training manager for model_ResNet50_opt_Adam_lr_0.01
2025-05-01 00:58:29,695 - training.model_ResNet50_opt_Adam_lr_0.01 - INFO - Initialized training manager for model_ResNet50_opt_Adam_lr_0.01
2025-05-01 00:58:29,695 - training.model_ResNet50_opt_Adam_lr_0.01 - INFO - Initialized training manager for model_ResNet50_opt_Adam_lr_0.01
2025-05-01 00:58:29,695 - training.model_ResNet50_opt_Adam_lr_0.01 - INFO - Initialized training manager for model_ResNet50_opt_Adam_lr_0.01
2025-05-01 00:58:29,695 - training.model_ResNet50_opt_Adam_lr_0.01 - INFO - Initialized training manager for model_ResNet50_opt_Adam_lr_0.01
2025-05-01 00:58:29,695 - training.model_ResNet50_opt_Adam_lr_0.01 - INFO - Config: {
  "id": 44,
  "model_name": "ResNet50",
  "optimizer": "Adam",
  "learning_rate": 0.01,
  "scheduler": {
    "name": "CosineAnnealingLR",
    "T_max": 10
  },
  "loss_fn": {
    "name": "FocalLoss",
    "alpha": 0.25,
    "gamma": 2.0
  }
}
2025-05-01 00:58:29,695 - training.model_ResNet50_opt_Adam_lr_0.01 - INFO - Config: {
  "id": 44,
  "model_name": "ResNet50",
  "optimizer": "Adam",
  "learning_rate": 0.01,
  "scheduler": {
    "name": "CosineAnnealingLR",
    "T_max": 10
  },
  "loss_fn": {
    "name": "FocalLoss",
    "alpha": 0.25,
    "gamma": 2.0
  }
}
2025-05-01 00:58:29,695 - training.model_ResNet50_opt_Adam_lr_0.01 - INFO - Config: {
  "id": 44,
  "model_name": "ResNet50",
  "optimizer": "Adam",
  "learning_rate": 0.01,
  "scheduler": {
    "name": "CosineAnnealingLR",
    "T_max": 10
  },
  "loss_fn": {
    "name": "FocalLoss",
    "alpha": 0.25,
    "gamma": 2.0
  }
}
2025-05-01 00:58:29,695 - training.model_ResNet50_opt_Adam_lr_0.01 - INFO - Config: {
  "id": 44,
  "model_name": "ResNet50",
  "optimizer": "Adam",
  "learning_rate": 0.01,
  "scheduler": {
    "name": "CosineAnnealingLR",
    "T_max": 10
  },
  "loss_fn": {
    "name": "FocalLoss",
    "alpha": 0.25,
    "gamma": 2.0
  }
}
2025-05-01 00:58:29,695 - training.model_ResNet50_opt_Adam_lr_0.01 - INFO - Config: {
  "id": 44,
  "model_name": "ResNet50",
  "optimizer": "Adam",
  "learning_rate": 0.01,
  "scheduler": {
    "name": "CosineAnnealingLR",
    "T_max": 10
  },
  "loss_fn": {
    "name": "FocalLoss",
    "alpha": 0.25,
    "gamma": 2.0
  }
}
2025-05-01 00:58:29,695 - training.model_ResNet50_opt_Adam_lr_0.01 - INFO - Config: {
  "id": 44,
  "model_name": "ResNet50",
  "optimizer": "Adam",
  "learning_rate": 0.01,
  "scheduler": {
    "name": "CosineAnnealingLR",
    "T_max": 10
  },
  "loss_fn": {
    "name": "FocalLoss",
    "alpha": 0.25,
    "gamma": 2.0
  }
}
2025-05-01 00:58:29,695 - training.model_ResNet50_opt_Adam_lr_0.01 - INFO - Config: {
  "id": 44,
  "model_name": "ResNet50",
  "optimizer": "Adam",
  "learning_rate": 0.01,
  "scheduler": {
    "name": "CosineAnnealingLR",
    "T_max": 10
  },
  "loss_fn": {
    "name": "FocalLoss",
    "alpha": 0.25,
    "gamma": 2.0
  }
}
2025-05-01 00:58:29,695 - training.model_ResNet50_opt_Adam_lr_0.01 - INFO - Config: {
  "id": 44,
  "model_name": "ResNet50",
  "optimizer": "Adam",
  "learning_rate": 0.01,
  "scheduler": {
    "name": "CosineAnnealingLR",
    "T_max": 10
  },
  "loss_fn": {
    "name": "FocalLoss",
    "alpha": 0.25,
    "gamma": 2.0
  }
}
2025-05-01 00:58:29,695 - training.model_ResNet50_opt_Adam_lr_0.01 - INFO - Loading checkpoint from model_results_v2/model_ResNet50_opt_Adam_lr_0.01/checkpoint.pt
2025-05-01 00:58:29,695 - training.model_ResNet50_opt_Adam_lr_0.01 - INFO - Loading checkpoint from model_results_v2/model_ResNet50_opt_Adam_lr_0.01/checkpoint.pt
2025-05-01 00:58:29,695 - training.model_ResNet50_opt_Adam_lr_0.01 - INFO - Loading checkpoint from model_results_v2/model_ResNet50_opt_Adam_lr_0.01/checkpoint.pt
2025-05-01 00:58:29,695 - training.model_ResNet50_opt_Adam_lr_0.01 - INFO - Loading checkpoint from model_results_v2/model_ResNet50_opt_Adam_lr_0.01/checkpoint.pt
2025-05-01 00:58:29,695 - training.model_ResNet50_opt_Adam_lr_0.01 - INFO - Loading checkpoint from model_results_v2/model_ResNet50_opt_Adam_lr_0.01/checkpoint.pt
2025-05-01 00:58:29,695 - training.model_ResNet50_opt_Adam_lr_0.01 - INFO - Loading checkpoint from model_results_v2/model_ResNet50_opt_Adam_lr_0.01/checkpoint.pt
2025-05-01 00:58:29,695 - training.model_ResNet50_opt_Adam_lr_0.01 - INFO - Loading checkpoint from model_results_v2/model_ResNet50_opt_Adam_lr_0.01/checkpoint.pt
2025-05-01 00:58:29,695 - training.model_ResNet50_opt_Adam_lr_0.01 - INFO - Loading checkpoint from model_results_v2/model_ResNet50_opt_Adam_lr_0.01/checkpoint.pt
2025-05-01 00:58:29,774 - training.model_ResNet50_opt_Adam_lr_0.01 - INFO - Resuming from epoch 20, best validation accuracy: 0.8302
2025-05-01 00:58:29,774 - training.model_ResNet50_opt_Adam_lr_0.01 - INFO - Resuming from epoch 20, best validation accuracy: 0.8302
2025-05-01 00:58:29,774 - training.model_ResNet50_opt_Adam_lr_0.01 - INFO - Resuming from epoch 20, best validation accuracy: 0.8302
2025-05-01 00:58:29,774 - training.model_ResNet50_opt_Adam_lr_0.01 - INFO - Resuming from epoch 20, best validation accuracy: 0.8302
2025-05-01 00:58:29,774 - training.model_ResNet50_opt_Adam_lr_0.01 - INFO - Resuming from epoch 20, best validation accuracy: 0.8302
2025-05-01 00:58:29,774 - training.model_ResNet50_opt_Adam_lr_0.01 - INFO - Resuming from epoch 20, best validation accuracy: 0.8302
2025-05-01 00:58:29,774 - training.model_ResNet50_opt_Adam_lr_0.01 - INFO - Resuming from epoch 20, best validation accuracy: 0.8302
2025-05-01 00:58:29,774 - training.model_ResNet50_opt_Adam_lr_0.01 - INFO - Resuming from epoch 20, best validation accuracy: 0.8302
2025-05-01 00:58:29,775 - training.model_ResNet50_opt_Adam_lr_0.01 - INFO - Training completed after 1011.66 seconds
2025-05-01 00:58:29,775 - training.model_ResNet50_opt_Adam_lr_0.01 - INFO - Training completed after 1011.66 seconds
2025-05-01 00:58:29,775 - training.model_ResNet50_opt_Adam_lr_0.01 - INFO - Training completed after 1011.66 seconds
2025-05-01 00:58:29,775 - training.model_ResNet50_opt_Adam_lr_0.01 - INFO - Training completed after 1011.66 seconds
2025-05-01 00:58:29,775 - training.model_ResNet50_opt_Adam_lr_0.01 - INFO - Training completed after 1011.66 seconds
2025-05-01 00:58:29,775 - training.model_ResNet50_opt_Adam_lr_0.01 - INFO - Training completed after 1011.66 seconds
2025-05-01 00:58:29,775 - training.model_ResNet50_opt_Adam_lr_0.01 - INFO - Training completed after 1011.66 seconds
2025-05-01 00:58:29,775 - training.model_ResNet50_opt_Adam_lr_0.01 - INFO - Training completed after 1011.66 seconds
2025-05-01 00:58:38,539 - training.model_ResNet50_opt_Adam_lr_0.01 - INFO - Initialized training manager for model_ResNet50_opt_Adam_lr_0.01
2025-05-01 00:58:38,539 - training.model_ResNet50_opt_Adam_lr_0.01 - INFO - Initialized training manager for model_ResNet50_opt_Adam_lr_0.01
2025-05-01 00:58:38,539 - training.model_ResNet50_opt_Adam_lr_0.01 - INFO - Initialized training manager for model_ResNet50_opt_Adam_lr_0.01
2025-05-01 00:58:38,539 - training.model_ResNet50_opt_Adam_lr_0.01 - INFO - Initialized training manager for model_ResNet50_opt_Adam_lr_0.01
2025-05-01 00:58:38,539 - training.model_ResNet50_opt_Adam_lr_0.01 - INFO - Initialized training manager for model_ResNet50_opt_Adam_lr_0.01
2025-05-01 00:58:38,539 - training.model_ResNet50_opt_Adam_lr_0.01 - INFO - Initialized training manager for model_ResNet50_opt_Adam_lr_0.01
2025-05-01 00:58:38,539 - training.model_ResNet50_opt_Adam_lr_0.01 - INFO - Initialized training manager for model_ResNet50_opt_Adam_lr_0.01
2025-05-01 00:58:38,539 - training.model_ResNet50_opt_Adam_lr_0.01 - INFO - Initialized training manager for model_ResNet50_opt_Adam_lr_0.01
2025-05-01 00:58:38,539 - training.model_ResNet50_opt_Adam_lr_0.01 - INFO - Initialized training manager for model_ResNet50_opt_Adam_lr_0.01
2025-05-01 00:58:38,540 - training.model_ResNet50_opt_Adam_lr_0.01 - INFO - Config: {
  "id": 45,
  "model_name": "ResNet50",
  "optimizer": "Adam",
  "learning_rate": 0.01,
  "scheduler": {
    "name": "CosineAnnealingLR",
    "T_max": 10
  },
  "loss_fn": {
    "name": "LabelSmoothing",
    "smoothing": 0.1
  }
}
2025-05-01 00:58:38,540 - training.model_ResNet50_opt_Adam_lr_0.01 - INFO - Config: {
  "id": 45,
  "model_name": "ResNet50",
  "optimizer": "Adam",
  "learning_rate": 0.01,
  "scheduler": {
    "name": "CosineAnnealingLR",
    "T_max": 10
  },
  "loss_fn": {
    "name": "LabelSmoothing",
    "smoothing": 0.1
  }
}
2025-05-01 00:58:38,540 - training.model_ResNet50_opt_Adam_lr_0.01 - INFO - Config: {
  "id": 45,
  "model_name": "ResNet50",
  "optimizer": "Adam",
  "learning_rate": 0.01,
  "scheduler": {
    "name": "CosineAnnealingLR",
    "T_max": 10
  },
  "loss_fn": {
    "name": "LabelSmoothing",
    "smoothing": 0.1
  }
}
2025-05-01 00:58:38,540 - training.model_ResNet50_opt_Adam_lr_0.01 - INFO - Config: {
  "id": 45,
  "model_name": "ResNet50",
  "optimizer": "Adam",
  "learning_rate": 0.01,
  "scheduler": {
    "name": "CosineAnnealingLR",
    "T_max": 10
  },
  "loss_fn": {
    "name": "LabelSmoothing",
    "smoothing": 0.1
  }
}
2025-05-01 00:58:38,540 - training.model_ResNet50_opt_Adam_lr_0.01 - INFO - Config: {
  "id": 45,
  "model_name": "ResNet50",
  "optimizer": "Adam",
  "learning_rate": 0.01,
  "scheduler": {
    "name": "CosineAnnealingLR",
    "T_max": 10
  },
  "loss_fn": {
    "name": "LabelSmoothing",
    "smoothing": 0.1
  }
}
2025-05-01 00:58:38,540 - training.model_ResNet50_opt_Adam_lr_0.01 - INFO - Config: {
  "id": 45,
  "model_name": "ResNet50",
  "optimizer": "Adam",
  "learning_rate": 0.01,
  "scheduler": {
    "name": "CosineAnnealingLR",
    "T_max": 10
  },
  "loss_fn": {
    "name": "LabelSmoothing",
    "smoothing": 0.1
  }
}
2025-05-01 00:58:38,540 - training.model_ResNet50_opt_Adam_lr_0.01 - INFO - Config: {
  "id": 45,
  "model_name": "ResNet50",
  "optimizer": "Adam",
  "learning_rate": 0.01,
  "scheduler": {
    "name": "CosineAnnealingLR",
    "T_max": 10
  },
  "loss_fn": {
    "name": "LabelSmoothing",
    "smoothing": 0.1
  }
}
2025-05-01 00:58:38,540 - training.model_ResNet50_opt_Adam_lr_0.01 - INFO - Config: {
  "id": 45,
  "model_name": "ResNet50",
  "optimizer": "Adam",
  "learning_rate": 0.01,
  "scheduler": {
    "name": "CosineAnnealingLR",
    "T_max": 10
  },
  "loss_fn": {
    "name": "LabelSmoothing",
    "smoothing": 0.1
  }
}
2025-05-01 00:58:38,540 - training.model_ResNet50_opt_Adam_lr_0.01 - INFO - Config: {
  "id": 45,
  "model_name": "ResNet50",
  "optimizer": "Adam",
  "learning_rate": 0.01,
  "scheduler": {
    "name": "CosineAnnealingLR",
    "T_max": 10
  },
  "loss_fn": {
    "name": "LabelSmoothing",
    "smoothing": 0.1
  }
}
2025-05-01 00:58:38,540 - training.model_ResNet50_opt_Adam_lr_0.01 - INFO - Loading checkpoint from model_results_v2/model_ResNet50_opt_Adam_lr_0.01/checkpoint.pt
2025-05-01 00:58:38,540 - training.model_ResNet50_opt_Adam_lr_0.01 - INFO - Loading checkpoint from model_results_v2/model_ResNet50_opt_Adam_lr_0.01/checkpoint.pt
2025-05-01 00:58:38,540 - training.model_ResNet50_opt_Adam_lr_0.01 - INFO - Loading checkpoint from model_results_v2/model_ResNet50_opt_Adam_lr_0.01/checkpoint.pt
2025-05-01 00:58:38,540 - training.model_ResNet50_opt_Adam_lr_0.01 - INFO - Loading checkpoint from model_results_v2/model_ResNet50_opt_Adam_lr_0.01/checkpoint.pt
2025-05-01 00:58:38,540 - training.model_ResNet50_opt_Adam_lr_0.01 - INFO - Loading checkpoint from model_results_v2/model_ResNet50_opt_Adam_lr_0.01/checkpoint.pt
2025-05-01 00:58:38,540 - training.model_ResNet50_opt_Adam_lr_0.01 - INFO - Loading checkpoint from model_results_v2/model_ResNet50_opt_Adam_lr_0.01/checkpoint.pt
2025-05-01 00:58:38,540 - training.model_ResNet50_opt_Adam_lr_0.01 - INFO - Loading checkpoint from model_results_v2/model_ResNet50_opt_Adam_lr_0.01/checkpoint.pt
2025-05-01 00:58:38,540 - training.model_ResNet50_opt_Adam_lr_0.01 - INFO - Loading checkpoint from model_results_v2/model_ResNet50_opt_Adam_lr_0.01/checkpoint.pt
2025-05-01 00:58:38,540 - training.model_ResNet50_opt_Adam_lr_0.01 - INFO - Loading checkpoint from model_results_v2/model_ResNet50_opt_Adam_lr_0.01/checkpoint.pt
2025-05-01 00:58:38,618 - training.model_ResNet50_opt_Adam_lr_0.01 - INFO - Resuming from epoch 20, best validation accuracy: 0.8302
2025-05-01 00:58:38,618 - training.model_ResNet50_opt_Adam_lr_0.01 - INFO - Resuming from epoch 20, best validation accuracy: 0.8302
2025-05-01 00:58:38,618 - training.model_ResNet50_opt_Adam_lr_0.01 - INFO - Resuming from epoch 20, best validation accuracy: 0.8302
2025-05-01 00:58:38,618 - training.model_ResNet50_opt_Adam_lr_0.01 - INFO - Resuming from epoch 20, best validation accuracy: 0.8302
2025-05-01 00:58:38,618 - training.model_ResNet50_opt_Adam_lr_0.01 - INFO - Resuming from epoch 20, best validation accuracy: 0.8302
2025-05-01 00:58:38,618 - training.model_ResNet50_opt_Adam_lr_0.01 - INFO - Resuming from epoch 20, best validation accuracy: 0.8302
2025-05-01 00:58:38,618 - training.model_ResNet50_opt_Adam_lr_0.01 - INFO - Resuming from epoch 20, best validation accuracy: 0.8302
2025-05-01 00:58:38,618 - training.model_ResNet50_opt_Adam_lr_0.01 - INFO - Resuming from epoch 20, best validation accuracy: 0.8302
2025-05-01 00:58:38,618 - training.model_ResNet50_opt_Adam_lr_0.01 - INFO - Resuming from epoch 20, best validation accuracy: 0.8302
2025-05-01 00:58:38,619 - training.model_ResNet50_opt_Adam_lr_0.01 - INFO - Training completed after 1011.66 seconds
2025-05-01 00:58:38,619 - training.model_ResNet50_opt_Adam_lr_0.01 - INFO - Training completed after 1011.66 seconds
2025-05-01 00:58:38,619 - training.model_ResNet50_opt_Adam_lr_0.01 - INFO - Training completed after 1011.66 seconds
2025-05-01 00:58:38,619 - training.model_ResNet50_opt_Adam_lr_0.01 - INFO - Training completed after 1011.66 seconds
2025-05-01 00:58:38,619 - training.model_ResNet50_opt_Adam_lr_0.01 - INFO - Training completed after 1011.66 seconds
2025-05-01 00:58:38,619 - training.model_ResNet50_opt_Adam_lr_0.01 - INFO - Training completed after 1011.66 seconds
2025-05-01 00:58:38,619 - training.model_ResNet50_opt_Adam_lr_0.01 - INFO - Training completed after 1011.66 seconds
2025-05-01 00:58:38,619 - training.model_ResNet50_opt_Adam_lr_0.01 - INFO - Training completed after 1011.66 seconds
2025-05-01 00:58:38,619 - training.model_ResNet50_opt_Adam_lr_0.01 - INFO - Training completed after 1011.66 seconds
2025-05-01 00:58:47,397 - training.model_ResNet50_opt_Adam_lr_0.01 - INFO - Initialized training manager for model_ResNet50_opt_Adam_lr_0.01
2025-05-01 00:58:47,397 - training.model_ResNet50_opt_Adam_lr_0.01 - INFO - Initialized training manager for model_ResNet50_opt_Adam_lr_0.01
2025-05-01 00:58:47,397 - training.model_ResNet50_opt_Adam_lr_0.01 - INFO - Initialized training manager for model_ResNet50_opt_Adam_lr_0.01
2025-05-01 00:58:47,397 - training.model_ResNet50_opt_Adam_lr_0.01 - INFO - Initialized training manager for model_ResNet50_opt_Adam_lr_0.01
2025-05-01 00:58:47,397 - training.model_ResNet50_opt_Adam_lr_0.01 - INFO - Initialized training manager for model_ResNet50_opt_Adam_lr_0.01
2025-05-01 00:58:47,397 - training.model_ResNet50_opt_Adam_lr_0.01 - INFO - Initialized training manager for model_ResNet50_opt_Adam_lr_0.01
2025-05-01 00:58:47,397 - training.model_ResNet50_opt_Adam_lr_0.01 - INFO - Initialized training manager for model_ResNet50_opt_Adam_lr_0.01
2025-05-01 00:58:47,397 - training.model_ResNet50_opt_Adam_lr_0.01 - INFO - Initialized training manager for model_ResNet50_opt_Adam_lr_0.01
2025-05-01 00:58:47,397 - training.model_ResNet50_opt_Adam_lr_0.01 - INFO - Initialized training manager for model_ResNet50_opt_Adam_lr_0.01
2025-05-01 00:58:47,397 - training.model_ResNet50_opt_Adam_lr_0.01 - INFO - Initialized training manager for model_ResNet50_opt_Adam_lr_0.01
2025-05-01 00:58:47,397 - training.model_ResNet50_opt_Adam_lr_0.01 - INFO - Config: {
  "id": 46,
  "model_name": "ResNet50",
  "optimizer": "Adam",
  "learning_rate": 0.01,
  "scheduler": {
    "name": "CosineAnnealingWarmRestarts",
    "T_0": 10
  },
  "loss_fn": {
    "name": "CrossEntropy"
  }
}
2025-05-01 00:58:47,397 - training.model_ResNet50_opt_Adam_lr_0.01 - INFO - Config: {
  "id": 46,
  "model_name": "ResNet50",
  "optimizer": "Adam",
  "learning_rate": 0.01,
  "scheduler": {
    "name": "CosineAnnealingWarmRestarts",
    "T_0": 10
  },
  "loss_fn": {
    "name": "CrossEntropy"
  }
}
2025-05-01 00:58:47,397 - training.model_ResNet50_opt_Adam_lr_0.01 - INFO - Config: {
  "id": 46,
  "model_name": "ResNet50",
  "optimizer": "Adam",
  "learning_rate": 0.01,
  "scheduler": {
    "name": "CosineAnnealingWarmRestarts",
    "T_0": 10
  },
  "loss_fn": {
    "name": "CrossEntropy"
  }
}
2025-05-01 00:58:47,397 - training.model_ResNet50_opt_Adam_lr_0.01 - INFO - Config: {
  "id": 46,
  "model_name": "ResNet50",
  "optimizer": "Adam",
  "learning_rate": 0.01,
  "scheduler": {
    "name": "CosineAnnealingWarmRestarts",
    "T_0": 10
  },
  "loss_fn": {
    "name": "CrossEntropy"
  }
}
2025-05-01 00:58:47,397 - training.model_ResNet50_opt_Adam_lr_0.01 - INFO - Config: {
  "id": 46,
  "model_name": "ResNet50",
  "optimizer": "Adam",
  "learning_rate": 0.01,
  "scheduler": {
    "name": "CosineAnnealingWarmRestarts",
    "T_0": 10
  },
  "loss_fn": {
    "name": "CrossEntropy"
  }
}
2025-05-01 00:58:47,397 - training.model_ResNet50_opt_Adam_lr_0.01 - INFO - Config: {
  "id": 46,
  "model_name": "ResNet50",
  "optimizer": "Adam",
  "learning_rate": 0.01,
  "scheduler": {
    "name": "CosineAnnealingWarmRestarts",
    "T_0": 10
  },
  "loss_fn": {
    "name": "CrossEntropy"
  }
}
2025-05-01 00:58:47,397 - training.model_ResNet50_opt_Adam_lr_0.01 - INFO - Config: {
  "id": 46,
  "model_name": "ResNet50",
  "optimizer": "Adam",
  "learning_rate": 0.01,
  "scheduler": {
    "name": "CosineAnnealingWarmRestarts",
    "T_0": 10
  },
  "loss_fn": {
    "name": "CrossEntropy"
  }
}
2025-05-01 00:58:47,397 - training.model_ResNet50_opt_Adam_lr_0.01 - INFO - Config: {
  "id": 46,
  "model_name": "ResNet50",
  "optimizer": "Adam",
  "learning_rate": 0.01,
  "scheduler": {
    "name": "CosineAnnealingWarmRestarts",
    "T_0": 10
  },
  "loss_fn": {
    "name": "CrossEntropy"
  }
}
2025-05-01 00:58:47,397 - training.model_ResNet50_opt_Adam_lr_0.01 - INFO - Config: {
  "id": 46,
  "model_name": "ResNet50",
  "optimizer": "Adam",
  "learning_rate": 0.01,
  "scheduler": {
    "name": "CosineAnnealingWarmRestarts",
    "T_0": 10
  },
  "loss_fn": {
    "name": "CrossEntropy"
  }
}
2025-05-01 00:58:47,397 - training.model_ResNet50_opt_Adam_lr_0.01 - INFO - Config: {
  "id": 46,
  "model_name": "ResNet50",
  "optimizer": "Adam",
  "learning_rate": 0.01,
  "scheduler": {
    "name": "CosineAnnealingWarmRestarts",
    "T_0": 10
  },
  "loss_fn": {
    "name": "CrossEntropy"
  }
}
2025-05-01 00:58:47,397 - training.model_ResNet50_opt_Adam_lr_0.01 - INFO - Loading checkpoint from model_results_v2/model_ResNet50_opt_Adam_lr_0.01/checkpoint.pt
2025-05-01 00:58:47,397 - training.model_ResNet50_opt_Adam_lr_0.01 - INFO - Loading checkpoint from model_results_v2/model_ResNet50_opt_Adam_lr_0.01/checkpoint.pt
2025-05-01 00:58:47,397 - training.model_ResNet50_opt_Adam_lr_0.01 - INFO - Loading checkpoint from model_results_v2/model_ResNet50_opt_Adam_lr_0.01/checkpoint.pt
2025-05-01 00:58:47,397 - training.model_ResNet50_opt_Adam_lr_0.01 - INFO - Loading checkpoint from model_results_v2/model_ResNet50_opt_Adam_lr_0.01/checkpoint.pt
2025-05-01 00:58:47,397 - training.model_ResNet50_opt_Adam_lr_0.01 - INFO - Loading checkpoint from model_results_v2/model_ResNet50_opt_Adam_lr_0.01/checkpoint.pt
2025-05-01 00:58:47,397 - training.model_ResNet50_opt_Adam_lr_0.01 - INFO - Loading checkpoint from model_results_v2/model_ResNet50_opt_Adam_lr_0.01/checkpoint.pt
2025-05-01 00:58:47,397 - training.model_ResNet50_opt_Adam_lr_0.01 - INFO - Loading checkpoint from model_results_v2/model_ResNet50_opt_Adam_lr_0.01/checkpoint.pt
2025-05-01 00:58:47,397 - training.model_ResNet50_opt_Adam_lr_0.01 - INFO - Loading checkpoint from model_results_v2/model_ResNet50_opt_Adam_lr_0.01/checkpoint.pt
2025-05-01 00:58:47,397 - training.model_ResNet50_opt_Adam_lr_0.01 - INFO - Loading checkpoint from model_results_v2/model_ResNet50_opt_Adam_lr_0.01/checkpoint.pt
2025-05-01 00:58:47,397 - training.model_ResNet50_opt_Adam_lr_0.01 - INFO - Loading checkpoint from model_results_v2/model_ResNet50_opt_Adam_lr_0.01/checkpoint.pt
2025-05-01 00:58:47,476 - training.model_ResNet50_opt_Adam_lr_0.01 - INFO - Resuming from epoch 20, best validation accuracy: 0.8302
2025-05-01 00:58:47,476 - training.model_ResNet50_opt_Adam_lr_0.01 - INFO - Resuming from epoch 20, best validation accuracy: 0.8302
2025-05-01 00:58:47,476 - training.model_ResNet50_opt_Adam_lr_0.01 - INFO - Resuming from epoch 20, best validation accuracy: 0.8302
2025-05-01 00:58:47,476 - training.model_ResNet50_opt_Adam_lr_0.01 - INFO - Resuming from epoch 20, best validation accuracy: 0.8302
2025-05-01 00:58:47,476 - training.model_ResNet50_opt_Adam_lr_0.01 - INFO - Resuming from epoch 20, best validation accuracy: 0.8302
2025-05-01 00:58:47,476 - training.model_ResNet50_opt_Adam_lr_0.01 - INFO - Resuming from epoch 20, best validation accuracy: 0.8302
2025-05-01 00:58:47,476 - training.model_ResNet50_opt_Adam_lr_0.01 - INFO - Resuming from epoch 20, best validation accuracy: 0.8302
2025-05-01 00:58:47,476 - training.model_ResNet50_opt_Adam_lr_0.01 - INFO - Resuming from epoch 20, best validation accuracy: 0.8302
2025-05-01 00:58:47,476 - training.model_ResNet50_opt_Adam_lr_0.01 - INFO - Resuming from epoch 20, best validation accuracy: 0.8302
2025-05-01 00:58:47,476 - training.model_ResNet50_opt_Adam_lr_0.01 - INFO - Resuming from epoch 20, best validation accuracy: 0.8302
2025-05-01 00:58:47,477 - training.model_ResNet50_opt_Adam_lr_0.01 - INFO - Training completed after 1011.66 seconds
2025-05-01 00:58:47,477 - training.model_ResNet50_opt_Adam_lr_0.01 - INFO - Training completed after 1011.66 seconds
2025-05-01 00:58:47,477 - training.model_ResNet50_opt_Adam_lr_0.01 - INFO - Training completed after 1011.66 seconds
2025-05-01 00:58:47,477 - training.model_ResNet50_opt_Adam_lr_0.01 - INFO - Training completed after 1011.66 seconds
2025-05-01 00:58:47,477 - training.model_ResNet50_opt_Adam_lr_0.01 - INFO - Training completed after 1011.66 seconds
2025-05-01 00:58:47,477 - training.model_ResNet50_opt_Adam_lr_0.01 - INFO - Training completed after 1011.66 seconds
2025-05-01 00:58:47,477 - training.model_ResNet50_opt_Adam_lr_0.01 - INFO - Training completed after 1011.66 seconds
2025-05-01 00:58:47,477 - training.model_ResNet50_opt_Adam_lr_0.01 - INFO - Training completed after 1011.66 seconds
2025-05-01 00:58:47,477 - training.model_ResNet50_opt_Adam_lr_0.01 - INFO - Training completed after 1011.66 seconds
2025-05-01 00:58:47,477 - training.model_ResNet50_opt_Adam_lr_0.01 - INFO - Training completed after 1011.66 seconds
2025-05-01 00:58:56,341 - training.model_ResNet50_opt_Adam_lr_0.01 - INFO - Initialized training manager for model_ResNet50_opt_Adam_lr_0.01
2025-05-01 00:58:56,341 - training.model_ResNet50_opt_Adam_lr_0.01 - INFO - Initialized training manager for model_ResNet50_opt_Adam_lr_0.01
2025-05-01 00:58:56,341 - training.model_ResNet50_opt_Adam_lr_0.01 - INFO - Initialized training manager for model_ResNet50_opt_Adam_lr_0.01
2025-05-01 00:58:56,341 - training.model_ResNet50_opt_Adam_lr_0.01 - INFO - Initialized training manager for model_ResNet50_opt_Adam_lr_0.01
2025-05-01 00:58:56,341 - training.model_ResNet50_opt_Adam_lr_0.01 - INFO - Initialized training manager for model_ResNet50_opt_Adam_lr_0.01
2025-05-01 00:58:56,341 - training.model_ResNet50_opt_Adam_lr_0.01 - INFO - Initialized training manager for model_ResNet50_opt_Adam_lr_0.01
2025-05-01 00:58:56,341 - training.model_ResNet50_opt_Adam_lr_0.01 - INFO - Initialized training manager for model_ResNet50_opt_Adam_lr_0.01
2025-05-01 00:58:56,341 - training.model_ResNet50_opt_Adam_lr_0.01 - INFO - Initialized training manager for model_ResNet50_opt_Adam_lr_0.01
2025-05-01 00:58:56,341 - training.model_ResNet50_opt_Adam_lr_0.01 - INFO - Initialized training manager for model_ResNet50_opt_Adam_lr_0.01
2025-05-01 00:58:56,341 - training.model_ResNet50_opt_Adam_lr_0.01 - INFO - Initialized training manager for model_ResNet50_opt_Adam_lr_0.01
2025-05-01 00:58:56,341 - training.model_ResNet50_opt_Adam_lr_0.01 - INFO - Initialized training manager for model_ResNet50_opt_Adam_lr_0.01
2025-05-01 00:58:56,341 - training.model_ResNet50_opt_Adam_lr_0.01 - INFO - Config: {
  "id": 47,
  "model_name": "ResNet50",
  "optimizer": "Adam",
  "learning_rate": 0.01,
  "scheduler": {
    "name": "CosineAnnealingWarmRestarts",
    "T_0": 10
  },
  "loss_fn": {
    "name": "FocalLoss",
    "alpha": 0.25,
    "gamma": 2.0
  }
}
2025-05-01 00:58:56,341 - training.model_ResNet50_opt_Adam_lr_0.01 - INFO - Config: {
  "id": 47,
  "model_name": "ResNet50",
  "optimizer": "Adam",
  "learning_rate": 0.01,
  "scheduler": {
    "name": "CosineAnnealingWarmRestarts",
    "T_0": 10
  },
  "loss_fn": {
    "name": "FocalLoss",
    "alpha": 0.25,
    "gamma": 2.0
  }
}
2025-05-01 00:58:56,341 - training.model_ResNet50_opt_Adam_lr_0.01 - INFO - Config: {
  "id": 47,
  "model_name": "ResNet50",
  "optimizer": "Adam",
  "learning_rate": 0.01,
  "scheduler": {
    "name": "CosineAnnealingWarmRestarts",
    "T_0": 10
  },
  "loss_fn": {
    "name": "FocalLoss",
    "alpha": 0.25,
    "gamma": 2.0
  }
}
2025-05-01 00:58:56,341 - training.model_ResNet50_opt_Adam_lr_0.01 - INFO - Config: {
  "id": 47,
  "model_name": "ResNet50",
  "optimizer": "Adam",
  "learning_rate": 0.01,
  "scheduler": {
    "name": "CosineAnnealingWarmRestarts",
    "T_0": 10
  },
  "loss_fn": {
    "name": "FocalLoss",
    "alpha": 0.25,
    "gamma": 2.0
  }
}
2025-05-01 00:58:56,341 - training.model_ResNet50_opt_Adam_lr_0.01 - INFO - Config: {
  "id": 47,
  "model_name": "ResNet50",
  "optimizer": "Adam",
  "learning_rate": 0.01,
  "scheduler": {
    "name": "CosineAnnealingWarmRestarts",
    "T_0": 10
  },
  "loss_fn": {
    "name": "FocalLoss",
    "alpha": 0.25,
    "gamma": 2.0
  }
}
2025-05-01 00:58:56,341 - training.model_ResNet50_opt_Adam_lr_0.01 - INFO - Config: {
  "id": 47,
  "model_name": "ResNet50",
  "optimizer": "Adam",
  "learning_rate": 0.01,
  "scheduler": {
    "name": "CosineAnnealingWarmRestarts",
    "T_0": 10
  },
  "loss_fn": {
    "name": "FocalLoss",
    "alpha": 0.25,
    "gamma": 2.0
  }
}
2025-05-01 00:58:56,341 - training.model_ResNet50_opt_Adam_lr_0.01 - INFO - Config: {
  "id": 47,
  "model_name": "ResNet50",
  "optimizer": "Adam",
  "learning_rate": 0.01,
  "scheduler": {
    "name": "CosineAnnealingWarmRestarts",
    "T_0": 10
  },
  "loss_fn": {
    "name": "FocalLoss",
    "alpha": 0.25,
    "gamma": 2.0
  }
}
2025-05-01 00:58:56,341 - training.model_ResNet50_opt_Adam_lr_0.01 - INFO - Config: {
  "id": 47,
  "model_name": "ResNet50",
  "optimizer": "Adam",
  "learning_rate": 0.01,
  "scheduler": {
    "name": "CosineAnnealingWarmRestarts",
    "T_0": 10
  },
  "loss_fn": {
    "name": "FocalLoss",
    "alpha": 0.25,
    "gamma": 2.0
  }
}
2025-05-01 00:58:56,341 - training.model_ResNet50_opt_Adam_lr_0.01 - INFO - Config: {
  "id": 47,
  "model_name": "ResNet50",
  "optimizer": "Adam",
  "learning_rate": 0.01,
  "scheduler": {
    "name": "CosineAnnealingWarmRestarts",
    "T_0": 10
  },
  "loss_fn": {
    "name": "FocalLoss",
    "alpha": 0.25,
    "gamma": 2.0
  }
}
2025-05-01 00:58:56,341 - training.model_ResNet50_opt_Adam_lr_0.01 - INFO - Config: {
  "id": 47,
  "model_name": "ResNet50",
  "optimizer": "Adam",
  "learning_rate": 0.01,
  "scheduler": {
    "name": "CosineAnnealingWarmRestarts",
    "T_0": 10
  },
  "loss_fn": {
    "name": "FocalLoss",
    "alpha": 0.25,
    "gamma": 2.0
  }
}
2025-05-01 00:58:56,341 - training.model_ResNet50_opt_Adam_lr_0.01 - INFO - Config: {
  "id": 47,
  "model_name": "ResNet50",
  "optimizer": "Adam",
  "learning_rate": 0.01,
  "scheduler": {
    "name": "CosineAnnealingWarmRestarts",
    "T_0": 10
  },
  "loss_fn": {
    "name": "FocalLoss",
    "alpha": 0.25,
    "gamma": 2.0
  }
}
2025-05-01 00:58:56,341 - training.model_ResNet50_opt_Adam_lr_0.01 - INFO - Loading checkpoint from model_results_v2/model_ResNet50_opt_Adam_lr_0.01/checkpoint.pt
2025-05-01 00:58:56,341 - training.model_ResNet50_opt_Adam_lr_0.01 - INFO - Loading checkpoint from model_results_v2/model_ResNet50_opt_Adam_lr_0.01/checkpoint.pt
2025-05-01 00:58:56,341 - training.model_ResNet50_opt_Adam_lr_0.01 - INFO - Loading checkpoint from model_results_v2/model_ResNet50_opt_Adam_lr_0.01/checkpoint.pt
2025-05-01 00:58:56,341 - training.model_ResNet50_opt_Adam_lr_0.01 - INFO - Loading checkpoint from model_results_v2/model_ResNet50_opt_Adam_lr_0.01/checkpoint.pt
2025-05-01 00:58:56,341 - training.model_ResNet50_opt_Adam_lr_0.01 - INFO - Loading checkpoint from model_results_v2/model_ResNet50_opt_Adam_lr_0.01/checkpoint.pt
2025-05-01 00:58:56,341 - training.model_ResNet50_opt_Adam_lr_0.01 - INFO - Loading checkpoint from model_results_v2/model_ResNet50_opt_Adam_lr_0.01/checkpoint.pt
2025-05-01 00:58:56,341 - training.model_ResNet50_opt_Adam_lr_0.01 - INFO - Loading checkpoint from model_results_v2/model_ResNet50_opt_Adam_lr_0.01/checkpoint.pt
2025-05-01 00:58:56,341 - training.model_ResNet50_opt_Adam_lr_0.01 - INFO - Loading checkpoint from model_results_v2/model_ResNet50_opt_Adam_lr_0.01/checkpoint.pt
2025-05-01 00:58:56,341 - training.model_ResNet50_opt_Adam_lr_0.01 - INFO - Loading checkpoint from model_results_v2/model_ResNet50_opt_Adam_lr_0.01/checkpoint.pt
2025-05-01 00:58:56,341 - training.model_ResNet50_opt_Adam_lr_0.01 - INFO - Loading checkpoint from model_results_v2/model_ResNet50_opt_Adam_lr_0.01/checkpoint.pt
2025-05-01 00:58:56,341 - training.model_ResNet50_opt_Adam_lr_0.01 - INFO - Loading checkpoint from model_results_v2/model_ResNet50_opt_Adam_lr_0.01/checkpoint.pt
2025-05-01 00:58:56,419 - training.model_ResNet50_opt_Adam_lr_0.01 - INFO - Resuming from epoch 20, best validation accuracy: 0.8302
2025-05-01 00:58:56,419 - training.model_ResNet50_opt_Adam_lr_0.01 - INFO - Resuming from epoch 20, best validation accuracy: 0.8302
2025-05-01 00:58:56,419 - training.model_ResNet50_opt_Adam_lr_0.01 - INFO - Resuming from epoch 20, best validation accuracy: 0.8302
2025-05-01 00:58:56,419 - training.model_ResNet50_opt_Adam_lr_0.01 - INFO - Resuming from epoch 20, best validation accuracy: 0.8302
2025-05-01 00:58:56,419 - training.model_ResNet50_opt_Adam_lr_0.01 - INFO - Resuming from epoch 20, best validation accuracy: 0.8302
2025-05-01 00:58:56,419 - training.model_ResNet50_opt_Adam_lr_0.01 - INFO - Resuming from epoch 20, best validation accuracy: 0.8302
2025-05-01 00:58:56,419 - training.model_ResNet50_opt_Adam_lr_0.01 - INFO - Resuming from epoch 20, best validation accuracy: 0.8302
2025-05-01 00:58:56,419 - training.model_ResNet50_opt_Adam_lr_0.01 - INFO - Resuming from epoch 20, best validation accuracy: 0.8302
2025-05-01 00:58:56,419 - training.model_ResNet50_opt_Adam_lr_0.01 - INFO - Resuming from epoch 20, best validation accuracy: 0.8302
2025-05-01 00:58:56,419 - training.model_ResNet50_opt_Adam_lr_0.01 - INFO - Resuming from epoch 20, best validation accuracy: 0.8302
2025-05-01 00:58:56,419 - training.model_ResNet50_opt_Adam_lr_0.01 - INFO - Resuming from epoch 20, best validation accuracy: 0.8302
2025-05-01 00:58:56,420 - training.model_ResNet50_opt_Adam_lr_0.01 - INFO - Training completed after 1011.66 seconds
2025-05-01 00:58:56,420 - training.model_ResNet50_opt_Adam_lr_0.01 - INFO - Training completed after 1011.66 seconds
2025-05-01 00:58:56,420 - training.model_ResNet50_opt_Adam_lr_0.01 - INFO - Training completed after 1011.66 seconds
2025-05-01 00:58:56,420 - training.model_ResNet50_opt_Adam_lr_0.01 - INFO - Training completed after 1011.66 seconds
2025-05-01 00:58:56,420 - training.model_ResNet50_opt_Adam_lr_0.01 - INFO - Training completed after 1011.66 seconds
2025-05-01 00:58:56,420 - training.model_ResNet50_opt_Adam_lr_0.01 - INFO - Training completed after 1011.66 seconds
2025-05-01 00:58:56,420 - training.model_ResNet50_opt_Adam_lr_0.01 - INFO - Training completed after 1011.66 seconds
2025-05-01 00:58:56,420 - training.model_ResNet50_opt_Adam_lr_0.01 - INFO - Training completed after 1011.66 seconds
2025-05-01 00:58:56,420 - training.model_ResNet50_opt_Adam_lr_0.01 - INFO - Training completed after 1011.66 seconds
2025-05-01 00:58:56,420 - training.model_ResNet50_opt_Adam_lr_0.01 - INFO - Training completed after 1011.66 seconds
2025-05-01 00:58:56,420 - training.model_ResNet50_opt_Adam_lr_0.01 - INFO - Training completed after 1011.66 seconds
2025-05-01 00:59:05,267 - training.model_ResNet50_opt_Adam_lr_0.01 - INFO - Initialized training manager for model_ResNet50_opt_Adam_lr_0.01
2025-05-01 00:59:05,267 - training.model_ResNet50_opt_Adam_lr_0.01 - INFO - Initialized training manager for model_ResNet50_opt_Adam_lr_0.01
2025-05-01 00:59:05,267 - training.model_ResNet50_opt_Adam_lr_0.01 - INFO - Initialized training manager for model_ResNet50_opt_Adam_lr_0.01
2025-05-01 00:59:05,267 - training.model_ResNet50_opt_Adam_lr_0.01 - INFO - Initialized training manager for model_ResNet50_opt_Adam_lr_0.01
2025-05-01 00:59:05,267 - training.model_ResNet50_opt_Adam_lr_0.01 - INFO - Initialized training manager for model_ResNet50_opt_Adam_lr_0.01
2025-05-01 00:59:05,267 - training.model_ResNet50_opt_Adam_lr_0.01 - INFO - Initialized training manager for model_ResNet50_opt_Adam_lr_0.01
2025-05-01 00:59:05,267 - training.model_ResNet50_opt_Adam_lr_0.01 - INFO - Initialized training manager for model_ResNet50_opt_Adam_lr_0.01
2025-05-01 00:59:05,267 - training.model_ResNet50_opt_Adam_lr_0.01 - INFO - Initialized training manager for model_ResNet50_opt_Adam_lr_0.01
2025-05-01 00:59:05,267 - training.model_ResNet50_opt_Adam_lr_0.01 - INFO - Initialized training manager for model_ResNet50_opt_Adam_lr_0.01
2025-05-01 00:59:05,267 - training.model_ResNet50_opt_Adam_lr_0.01 - INFO - Initialized training manager for model_ResNet50_opt_Adam_lr_0.01
2025-05-01 00:59:05,267 - training.model_ResNet50_opt_Adam_lr_0.01 - INFO - Initialized training manager for model_ResNet50_opt_Adam_lr_0.01
2025-05-01 00:59:05,267 - training.model_ResNet50_opt_Adam_lr_0.01 - INFO - Initialized training manager for model_ResNet50_opt_Adam_lr_0.01
2025-05-01 00:59:05,268 - training.model_ResNet50_opt_Adam_lr_0.01 - INFO - Config: {
  "id": 48,
  "model_name": "ResNet50",
  "optimizer": "Adam",
  "learning_rate": 0.01,
  "scheduler": {
    "name": "CosineAnnealingWarmRestarts",
    "T_0": 10
  },
  "loss_fn": {
    "name": "LabelSmoothing",
    "smoothing": 0.1
  }
}
2025-05-01 00:59:05,268 - training.model_ResNet50_opt_Adam_lr_0.01 - INFO - Config: {
  "id": 48,
  "model_name": "ResNet50",
  "optimizer": "Adam",
  "learning_rate": 0.01,
  "scheduler": {
    "name": "CosineAnnealingWarmRestarts",
    "T_0": 10
  },
  "loss_fn": {
    "name": "LabelSmoothing",
    "smoothing": 0.1
  }
}
2025-05-01 00:59:05,268 - training.model_ResNet50_opt_Adam_lr_0.01 - INFO - Config: {
  "id": 48,
  "model_name": "ResNet50",
  "optimizer": "Adam",
  "learning_rate": 0.01,
  "scheduler": {
    "name": "CosineAnnealingWarmRestarts",
    "T_0": 10
  },
  "loss_fn": {
    "name": "LabelSmoothing",
    "smoothing": 0.1
  }
}
2025-05-01 00:59:05,268 - training.model_ResNet50_opt_Adam_lr_0.01 - INFO - Config: {
  "id": 48,
  "model_name": "ResNet50",
  "optimizer": "Adam",
  "learning_rate": 0.01,
  "scheduler": {
    "name": "CosineAnnealingWarmRestarts",
    "T_0": 10
  },
  "loss_fn": {
    "name": "LabelSmoothing",
    "smoothing": 0.1
  }
}
2025-05-01 00:59:05,268 - training.model_ResNet50_opt_Adam_lr_0.01 - INFO - Config: {
  "id": 48,
  "model_name": "ResNet50",
  "optimizer": "Adam",
  "learning_rate": 0.01,
  "scheduler": {
    "name": "CosineAnnealingWarmRestarts",
    "T_0": 10
  },
  "loss_fn": {
    "name": "LabelSmoothing",
    "smoothing": 0.1
  }
}
2025-05-01 00:59:05,268 - training.model_ResNet50_opt_Adam_lr_0.01 - INFO - Config: {
  "id": 48,
  "model_name": "ResNet50",
  "optimizer": "Adam",
  "learning_rate": 0.01,
  "scheduler": {
    "name": "CosineAnnealingWarmRestarts",
    "T_0": 10
  },
  "loss_fn": {
    "name": "LabelSmoothing",
    "smoothing": 0.1
  }
}
2025-05-01 00:59:05,268 - training.model_ResNet50_opt_Adam_lr_0.01 - INFO - Config: {
  "id": 48,
  "model_name": "ResNet50",
  "optimizer": "Adam",
  "learning_rate": 0.01,
  "scheduler": {
    "name": "CosineAnnealingWarmRestarts",
    "T_0": 10
  },
  "loss_fn": {
    "name": "LabelSmoothing",
    "smoothing": 0.1
  }
}
2025-05-01 00:59:05,268 - training.model_ResNet50_opt_Adam_lr_0.01 - INFO - Config: {
  "id": 48,
  "model_name": "ResNet50",
  "optimizer": "Adam",
  "learning_rate": 0.01,
  "scheduler": {
    "name": "CosineAnnealingWarmRestarts",
    "T_0": 10
  },
  "loss_fn": {
    "name": "LabelSmoothing",
    "smoothing": 0.1
  }
}
2025-05-01 00:59:05,268 - training.model_ResNet50_opt_Adam_lr_0.01 - INFO - Config: {
  "id": 48,
  "model_name": "ResNet50",
  "optimizer": "Adam",
  "learning_rate": 0.01,
  "scheduler": {
    "name": "CosineAnnealingWarmRestarts",
    "T_0": 10
  },
  "loss_fn": {
    "name": "LabelSmoothing",
    "smoothing": 0.1
  }
}
2025-05-01 00:59:05,268 - training.model_ResNet50_opt_Adam_lr_0.01 - INFO - Config: {
  "id": 48,
  "model_name": "ResNet50",
  "optimizer": "Adam",
  "learning_rate": 0.01,
  "scheduler": {
    "name": "CosineAnnealingWarmRestarts",
    "T_0": 10
  },
  "loss_fn": {
    "name": "LabelSmoothing",
    "smoothing": 0.1
  }
}
2025-05-01 00:59:05,268 - training.model_ResNet50_opt_Adam_lr_0.01 - INFO - Config: {
  "id": 48,
  "model_name": "ResNet50",
  "optimizer": "Adam",
  "learning_rate": 0.01,
  "scheduler": {
    "name": "CosineAnnealingWarmRestarts",
    "T_0": 10
  },
  "loss_fn": {
    "name": "LabelSmoothing",
    "smoothing": 0.1
  }
}
2025-05-01 00:59:05,268 - training.model_ResNet50_opt_Adam_lr_0.01 - INFO - Config: {
  "id": 48,
  "model_name": "ResNet50",
  "optimizer": "Adam",
  "learning_rate": 0.01,
  "scheduler": {
    "name": "CosineAnnealingWarmRestarts",
    "T_0": 10
  },
  "loss_fn": {
    "name": "LabelSmoothing",
    "smoothing": 0.1
  }
}
2025-05-01 00:59:05,268 - training.model_ResNet50_opt_Adam_lr_0.01 - INFO - Loading checkpoint from model_results_v2/model_ResNet50_opt_Adam_lr_0.01/checkpoint.pt
2025-05-01 00:59:05,268 - training.model_ResNet50_opt_Adam_lr_0.01 - INFO - Loading checkpoint from model_results_v2/model_ResNet50_opt_Adam_lr_0.01/checkpoint.pt
2025-05-01 00:59:05,268 - training.model_ResNet50_opt_Adam_lr_0.01 - INFO - Loading checkpoint from model_results_v2/model_ResNet50_opt_Adam_lr_0.01/checkpoint.pt
2025-05-01 00:59:05,268 - training.model_ResNet50_opt_Adam_lr_0.01 - INFO - Loading checkpoint from model_results_v2/model_ResNet50_opt_Adam_lr_0.01/checkpoint.pt
2025-05-01 00:59:05,268 - training.model_ResNet50_opt_Adam_lr_0.01 - INFO - Loading checkpoint from model_results_v2/model_ResNet50_opt_Adam_lr_0.01/checkpoint.pt
2025-05-01 00:59:05,268 - training.model_ResNet50_opt_Adam_lr_0.01 - INFO - Loading checkpoint from model_results_v2/model_ResNet50_opt_Adam_lr_0.01/checkpoint.pt
2025-05-01 00:59:05,268 - training.model_ResNet50_opt_Adam_lr_0.01 - INFO - Loading checkpoint from model_results_v2/model_ResNet50_opt_Adam_lr_0.01/checkpoint.pt
2025-05-01 00:59:05,268 - training.model_ResNet50_opt_Adam_lr_0.01 - INFO - Loading checkpoint from model_results_v2/model_ResNet50_opt_Adam_lr_0.01/checkpoint.pt
2025-05-01 00:59:05,268 - training.model_ResNet50_opt_Adam_lr_0.01 - INFO - Loading checkpoint from model_results_v2/model_ResNet50_opt_Adam_lr_0.01/checkpoint.pt
2025-05-01 00:59:05,268 - training.model_ResNet50_opt_Adam_lr_0.01 - INFO - Loading checkpoint from model_results_v2/model_ResNet50_opt_Adam_lr_0.01/checkpoint.pt
2025-05-01 00:59:05,268 - training.model_ResNet50_opt_Adam_lr_0.01 - INFO - Loading checkpoint from model_results_v2/model_ResNet50_opt_Adam_lr_0.01/checkpoint.pt
2025-05-01 00:59:05,268 - training.model_ResNet50_opt_Adam_lr_0.01 - INFO - Loading checkpoint from model_results_v2/model_ResNet50_opt_Adam_lr_0.01/checkpoint.pt
2025-05-01 00:59:05,347 - training.model_ResNet50_opt_Adam_lr_0.01 - INFO - Resuming from epoch 20, best validation accuracy: 0.8302
2025-05-01 00:59:05,347 - training.model_ResNet50_opt_Adam_lr_0.01 - INFO - Resuming from epoch 20, best validation accuracy: 0.8302
2025-05-01 00:59:05,347 - training.model_ResNet50_opt_Adam_lr_0.01 - INFO - Resuming from epoch 20, best validation accuracy: 0.8302
2025-05-01 00:59:05,347 - training.model_ResNet50_opt_Adam_lr_0.01 - INFO - Resuming from epoch 20, best validation accuracy: 0.8302
2025-05-01 00:59:05,347 - training.model_ResNet50_opt_Adam_lr_0.01 - INFO - Resuming from epoch 20, best validation accuracy: 0.8302
2025-05-01 00:59:05,347 - training.model_ResNet50_opt_Adam_lr_0.01 - INFO - Resuming from epoch 20, best validation accuracy: 0.8302
2025-05-01 00:59:05,347 - training.model_ResNet50_opt_Adam_lr_0.01 - INFO - Resuming from epoch 20, best validation accuracy: 0.8302
2025-05-01 00:59:05,347 - training.model_ResNet50_opt_Adam_lr_0.01 - INFO - Resuming from epoch 20, best validation accuracy: 0.8302
2025-05-01 00:59:05,347 - training.model_ResNet50_opt_Adam_lr_0.01 - INFO - Resuming from epoch 20, best validation accuracy: 0.8302
2025-05-01 00:59:05,347 - training.model_ResNet50_opt_Adam_lr_0.01 - INFO - Resuming from epoch 20, best validation accuracy: 0.8302
2025-05-01 00:59:05,347 - training.model_ResNet50_opt_Adam_lr_0.01 - INFO - Resuming from epoch 20, best validation accuracy: 0.8302
2025-05-01 00:59:05,347 - training.model_ResNet50_opt_Adam_lr_0.01 - INFO - Resuming from epoch 20, best validation accuracy: 0.8302
2025-05-01 00:59:05,348 - training.model_ResNet50_opt_Adam_lr_0.01 - INFO - Training completed after 1011.66 seconds
2025-05-01 00:59:05,348 - training.model_ResNet50_opt_Adam_lr_0.01 - INFO - Training completed after 1011.66 seconds
2025-05-01 00:59:05,348 - training.model_ResNet50_opt_Adam_lr_0.01 - INFO - Training completed after 1011.66 seconds
2025-05-01 00:59:05,348 - training.model_ResNet50_opt_Adam_lr_0.01 - INFO - Training completed after 1011.66 seconds
2025-05-01 00:59:05,348 - training.model_ResNet50_opt_Adam_lr_0.01 - INFO - Training completed after 1011.66 seconds
2025-05-01 00:59:05,348 - training.model_ResNet50_opt_Adam_lr_0.01 - INFO - Training completed after 1011.66 seconds
2025-05-01 00:59:05,348 - training.model_ResNet50_opt_Adam_lr_0.01 - INFO - Training completed after 1011.66 seconds
2025-05-01 00:59:05,348 - training.model_ResNet50_opt_Adam_lr_0.01 - INFO - Training completed after 1011.66 seconds
2025-05-01 00:59:05,348 - training.model_ResNet50_opt_Adam_lr_0.01 - INFO - Training completed after 1011.66 seconds
2025-05-01 00:59:05,348 - training.model_ResNet50_opt_Adam_lr_0.01 - INFO - Training completed after 1011.66 seconds
2025-05-01 00:59:05,348 - training.model_ResNet50_opt_Adam_lr_0.01 - INFO - Training completed after 1011.66 seconds
2025-05-01 00:59:05,348 - training.model_ResNet50_opt_Adam_lr_0.01 - INFO - Training completed after 1011.66 seconds
