2025-05-01 07:12:59,582 - training.model_ResNet101_opt_AdamW_lr_0.0001_id_208 - INFO - Initialized training manager for model_ResNet101_opt_AdamW_lr_0.0001_id_208
2025-05-01 07:12:59,582 - training.model_ResNet101_opt_AdamW_lr_0.0001_id_208 - INFO - Config: {
  "id": 208,
  "model_name": "ResNet101",
  "optimizer": "AdamW",
  "learning_rate": 0.0001,
  "scheduler": {
    "name": "ReduceLROnPlateau",
    "patience": 5,
    "factor": 0.5
  },
  "loss_fn": {
    "name": "CrossEntropy"
  }
}
2025-05-01 07:13:01,531 - training.model_ResNet101_opt_AdamW_lr_0.0001_id_208 - INFO - Starting model evaluation
2025-05-01 07:13:12,902 - training.model_ResNet101_opt_AdamW_lr_0.0001_id_208 - INFO - Evaluation metrics:
  Accuracy:  0.9633
  Precision: 0.9308
  Recall:    0.9406
  F1 Score:  0.9357
  IoU:       0.8791
  mAP:       0.9649
  AUC:       0.9847
2025-05-01 07:13:12,904 - training.model_ResNet101_opt_AdamW_lr_0.0001_id_208 - INFO - Final results saved to model_results_v2/model_ResNet101_opt_AdamW_lr_0.0001_id_208/final_results.json
2025-05-01 07:13:12,906 - training.model_ResNet101_opt_AdamW_lr_0.0001_id_208 - INFO - Final results saved to model_results_v2/model_ResNet101_opt_AdamW_lr_0.0001_id_208/final_results.json
