2025-05-01 11:28:34,712 - training.model_ViT-B-16_opt_Adam_lr_0.01_id_362 - INFO - Initialized training manager for model_ViT-B-16_opt_Adam_lr_0.01_id_362
2025-05-01 11:28:34,712 - training.model_ViT-B-16_opt_Adam_lr_0.01_id_362 - INFO - Config: {
  "id": 362,
  "model_name": "ViT-B-16",
  "optimizer": "Adam",
  "learning_rate": 0.01,
  "scheduler": {
    "name": "StepLR",
    "step_size": 10,
    "gamma": 0.1
  },
  "loss_fn": {
    "name": "FocalLoss",
    "alpha": 0.25,
    "gamma": 2.0
  }
}
2025-05-03 00:36:58,581 - training.model_ViT-B-16_opt_Adam_lr_0.01_id_362 - INFO - Initialized training manager for model_ViT-B-16_opt_Adam_lr_0.01_id_362
2025-05-03 00:36:58,581 - training.model_ViT-B-16_opt_Adam_lr_0.01_id_362 - INFO - Config: {
  "id": 362,
  "model_name": "ViT-B-16",
  "optimizer": "Adam",
  "learning_rate": 0.01,
  "scheduler": {
    "name": "StepLR",
    "step_size": 10,
    "gamma": 0.1
  },
  "loss_fn": {
    "name": "FocalLoss",
    "alpha": 0.25,
    "gamma": 2.0
  }
}
2025-05-03 00:36:59,903 - training.model_ViT-B-16_opt_Adam_lr_0.01_id_362 - INFO - Starting model evaluation
2025-05-03 00:38:01,871 - training.model_ViT-B-16_opt_Adam_lr_0.01_id_362 - INFO - Evaluation metrics:
  Accuracy:  0.7116
  Precision: 0.0000
  Recall:    0.0000
  F1 Score:  0.0000
  IoU:       0.0000
  mAP:       0.2622
  AUC:       0.4493
2025-05-03 00:38:01,874 - training.model_ViT-B-16_opt_Adam_lr_0.01_id_362 - INFO - Final results saved to model_results_v2/model_ViT-B-16_opt_Adam_lr_0.01_id_362/final_results.json
2025-05-03 00:38:01,876 - training.model_ViT-B-16_opt_Adam_lr_0.01_id_362 - INFO - Final results saved to model_results_v2/model_ViT-B-16_opt_Adam_lr_0.01_id_362/final_results.json
