2025-05-01 01:52:33,863 - training.model_ResNet50_opt_AdamW_lr_0.01_id_79 - INFO - Initialized training manager for model_ResNet50_opt_AdamW_lr_0.01_id_79
2025-05-01 01:52:33,863 - training.model_ResNet50_opt_AdamW_lr_0.01_id_79 - INFO - Config: {
  "id": 79,
  "model_name": "ResNet50",
  "optimizer": "AdamW",
  "learning_rate": 0.01,
  "scheduler": {
    "name": "CosineAnnealingLR",
    "T_max": 10
  },
  "loss_fn": {
    "name": "CrossEntropy"
  }
}
2025-05-01 01:52:34,104 - training.model_ResNet50_opt_AdamW_lr_0.01_id_79 - INFO - Starting model evaluation
2025-05-01 01:52:41,689 - training.model_ResNet50_opt_AdamW_lr_0.01_id_79 - INFO - Evaluation metrics:
  Accuracy:  0.7740
  Precision: 0.7900
  Recall:    0.2762
  F1 Score:  0.4093
  IoU:       0.2573
  mAP:       0.4755
  AUC:       0.6333
2025-05-01 01:52:41,691 - training.model_ResNet50_opt_AdamW_lr_0.01_id_79 - INFO - Final results saved to model_results_v2/model_ResNet50_opt_AdamW_lr_0.01_id_79/final_results.json
2025-05-01 01:52:41,692 - training.model_ResNet50_opt_AdamW_lr_0.01_id_79 - INFO - Final results saved to model_results_v2/model_ResNet50_opt_AdamW_lr_0.01_id_79/final_results.json
