2025-05-03 06:47:11,154 - training.model_MobileNetV3_opt_SGD_lr_0.001_id_558 - INFO - Initialized training manager for model_MobileNetV3_opt_SGD_lr_0.001_id_558
2025-05-03 06:47:11,154 - training.model_MobileNetV3_opt_SGD_lr_0.001_id_558 - INFO - Config: {
  "id": 558,
  "model_name": "MobileNetV3",
  "optimizer": "SGD",
  "learning_rate": 0.001,
  "scheduler": {
    "name": "ReduceLROnPlateau",
    "patience": 5,
    "factor": 0.5
  },
  "loss_fn": {
    "name": "LabelSmoothing",
    "smoothing": 0.1
  }
}
2025-05-03 06:47:11,390 - training.model_MobileNetV3_opt_SGD_lr_0.001_id_558 - INFO - Starting model evaluation
2025-05-03 06:47:20,570 - training.model_MobileNetV3_opt_SGD_lr_0.001_id_558 - INFO - Evaluation metrics:
  Accuracy:  0.9544
  Precision: 0.9027
  Recall:    0.9406
  F1 Score:  0.9212
  IoU:       0.8540
  mAP:       0.9776
  AUC:       0.9876
2025-05-03 06:47:20,572 - training.model_MobileNetV3_opt_SGD_lr_0.001_id_558 - INFO - Final results saved to model_results_v2/model_MobileNetV3_opt_SGD_lr_0.001_id_558/final_results.json
2025-05-03 06:47:20,574 - training.model_MobileNetV3_opt_SGD_lr_0.001_id_558 - INFO - Final results saved to model_results_v2/model_MobileNetV3_opt_SGD_lr_0.001_id_558/final_results.json
