2025-05-03 12:39:57,028 - training.model_ConvNeXt_opt_AdamW_lr_0.01_id_724 - INFO - Initialized training manager for model_ConvNeXt_opt_AdamW_lr_0.01_id_724
2025-05-03 12:39:57,028 - training.model_ConvNeXt_opt_AdamW_lr_0.01_id_724 - INFO - Config: {
  "id": 724,
  "model_name": "ConvNeXt",
  "optimizer": "AdamW",
  "learning_rate": 0.01,
  "scheduler": {
    "name": "ReduceLROnPlateau",
    "patience": 5,
    "factor": 0.5
  },
  "loss_fn": {
    "name": "CrossEntropy"
  }
}
2025-05-03 12:41:39,646 - training.model_ConvNeXt_opt_AdamW_lr_0.01_id_724 - INFO - Starting model evaluation
2025-05-03 12:41:51,168 - training.model_ConvNeXt_opt_AdamW_lr_0.01_id_724 - INFO - Evaluation metrics:
  Accuracy:  0.2834
  Precision: 0.2834
  Recall:    1.0000
  F1 Score:  0.4417
  IoU:       0.2834
  mAP:       0.2834
  AUC:       0.5000
2025-05-03 12:41:51,169 - training.model_ConvNeXt_opt_AdamW_lr_0.01_id_724 - INFO - Final results saved to model_results_v2/model_ConvNeXt_opt_AdamW_lr_0.01_id_724/final_results.json
2025-05-03 12:41:51,170 - training.model_ConvNeXt_opt_AdamW_lr_0.01_id_724 - INFO - Final results saved to model_results_v2/model_ConvNeXt_opt_AdamW_lr_0.01_id_724/final_results.json
