2025-05-01 01:16:46,300 - training.model_ResNet50_opt_Adam_lr_0.001_id_51 - INFO - Initialized training manager for model_ResNet50_opt_Adam_lr_0.001_id_51
2025-05-01 01:16:46,301 - training.model_ResNet50_opt_Adam_lr_0.001_id_51 - INFO - Config: {
  "id": 51,
  "model_name": "ResNet50",
  "optimizer": "Adam",
  "learning_rate": 0.001,
  "scheduler": {
    "name": "StepLR",
    "step_size": 10,
    "gamma": 0.1
  },
  "loss_fn": {
    "name": "LabelSmoothing",
    "smoothing": 0.1
  }
}
2025-05-01 01:16:46,553 - training.model_ResNet50_opt_Adam_lr_0.001_id_51 - INFO - Starting model evaluation
2025-05-01 01:16:55,806 - training.model_ResNet50_opt_Adam_lr_0.001_id_51 - INFO - Evaluation metrics:
  Accuracy:  0.9277
  Precision: 0.8339
  Recall:    0.9301
  F1 Score:  0.8793
  IoU:       0.7847
  mAP:       0.9277
  AUC:       0.9767
2025-05-01 01:16:55,807 - training.model_ResNet50_opt_Adam_lr_0.001_id_51 - INFO - Final results saved to model_results_v2/model_ResNet50_opt_Adam_lr_0.001_id_51/final_results.json
2025-05-01 01:16:55,809 - training.model_ResNet50_opt_Adam_lr_0.001_id_51 - INFO - Final results saved to model_results_v2/model_ResNet50_opt_Adam_lr_0.001_id_51/final_results.json
