2025-05-01 07:12:32,138 - training.model_ResNet101_opt_AdamW_lr_0.0001_id_206 - INFO - Initialized training manager for model_ResNet101_opt_AdamW_lr_0.0001_id_206
2025-05-01 07:12:32,138 - training.model_ResNet101_opt_AdamW_lr_0.0001_id_206 - INFO - Config: {
  "id": 206,
  "model_name": "ResNet101",
  "optimizer": "AdamW",
  "learning_rate": 0.0001,
  "scheduler": {
    "name": "StepLR",
    "step_size": 10,
    "gamma": 0.1
  },
  "loss_fn": {
    "name": "FocalLoss",
    "alpha": 0.25,
    "gamma": 2.0
  }
}
2025-05-01 07:12:34,099 - training.model_ResNet101_opt_AdamW_lr_0.0001_id_206 - INFO - Starting model evaluation
2025-05-01 07:12:46,040 - training.model_ResNet101_opt_AdamW_lr_0.0001_id_206 - INFO - Evaluation metrics:
  Accuracy:  0.9574
  Precision: 0.9147
  Recall:    0.9371
  F1 Score:  0.9257
  IoU:       0.8617
  mAP:       0.9577
  AUC:       0.9813
2025-05-01 07:12:46,041 - training.model_ResNet101_opt_AdamW_lr_0.0001_id_206 - INFO - Final results saved to model_results_v2/model_ResNet101_opt_AdamW_lr_0.0001_id_206/final_results.json
2025-05-01 07:12:46,043 - training.model_ResNet101_opt_AdamW_lr_0.0001_id_206 - INFO - Final results saved to model_results_v2/model_ResNet101_opt_AdamW_lr_0.0001_id_206/final_results.json
