2025-05-01 11:28:32,382 - training.model_ViT-B-16_opt_SGD_lr_0.0001_id_360 - INFO - Initialized training manager for model_ViT-B-16_opt_SGD_lr_0.0001_id_360
2025-05-01 11:28:32,382 - training.model_ViT-B-16_opt_SGD_lr_0.0001_id_360 - INFO - Config: {
  "id": 360,
  "model_name": "ViT-B-16",
  "optimizer": "SGD",
  "learning_rate": 0.0001,
  "scheduler": {
    "name": "CosineAnnealingWarmRestarts",
    "T_0": 10
  },
  "loss_fn": {
    "name": "LabelSmoothing",
    "smoothing": 0.1
  }
}
2025-05-03 00:16:32,161 - training.model_ViT-B-16_opt_SGD_lr_0.0001_id_360 - INFO - Initialized training manager for model_ViT-B-16_opt_SGD_lr_0.0001_id_360
2025-05-03 00:16:32,161 - training.model_ViT-B-16_opt_SGD_lr_0.0001_id_360 - INFO - Config: {
  "id": 360,
  "model_name": "ViT-B-16",
  "optimizer": "SGD",
  "learning_rate": 0.0001,
  "scheduler": {
    "name": "CosineAnnealingWarmRestarts",
    "T_0": 10
  },
  "loss_fn": {
    "name": "LabelSmoothing",
    "smoothing": 0.1
  }
}
2025-05-03 00:16:33,095 - training.model_ViT-B-16_opt_SGD_lr_0.0001_id_360 - INFO - Starting model evaluation
2025-05-03 00:16:44,803 - training.model_ViT-B-16_opt_SGD_lr_0.0001_id_360 - INFO - Evaluation metrics:
  Accuracy:  0.9267
  Precision: 0.8442
  Recall:    0.9091
  F1 Score:  0.8754
  IoU:       0.7784
  mAP:       0.9469
  AUC:       0.9749
2025-05-03 00:16:44,807 - training.model_ViT-B-16_opt_SGD_lr_0.0001_id_360 - INFO - Final results saved to model_results_v2/model_ViT-B-16_opt_SGD_lr_0.0001_id_360/final_results.json
2025-05-03 00:16:44,808 - training.model_ViT-B-16_opt_SGD_lr_0.0001_id_360 - INFO - Final results saved to model_results_v2/model_ViT-B-16_opt_SGD_lr_0.0001_id_360/final_results.json
