2025-05-01 11:29:39,813 - training.model_ViT-B-16_opt_AdamW_lr_0.01_id_405 - INFO - Initialized training manager for model_ViT-B-16_opt_AdamW_lr_0.01_id_405
2025-05-01 11:29:39,813 - training.model_ViT-B-16_opt_AdamW_lr_0.01_id_405 - INFO - Config: {
  "id": 405,
  "model_name": "ViT-B-16",
  "optimizer": "AdamW",
  "learning_rate": 0.01,
  "scheduler": {
    "name": "CosineAnnealingLR",
    "T_max": 10
  },
  "loss_fn": {
    "name": "LabelSmoothing",
    "smoothing": 0.1
  }
}
2025-05-03 03:20:44,630 - training.model_ViT-B-16_opt_AdamW_lr_0.01_id_405 - INFO - Initialized training manager for model_ViT-B-16_opt_AdamW_lr_0.01_id_405
2025-05-03 03:20:44,632 - training.model_ViT-B-16_opt_AdamW_lr_0.01_id_405 - INFO - Config: {
  "id": 405,
  "model_name": "ViT-B-16",
  "optimizer": "AdamW",
  "learning_rate": 0.01,
  "scheduler": {
    "name": "CosineAnnealingLR",
    "T_max": 10
  },
  "loss_fn": {
    "name": "LabelSmoothing",
    "smoothing": 0.1
  }
}
2025-05-03 03:20:45,333 - training.model_ViT-B-16_opt_AdamW_lr_0.01_id_405 - INFO - Starting model evaluation
2025-05-03 03:20:55,783 - training.model_ViT-B-16_opt_AdamW_lr_0.01_id_405 - INFO - Evaluation metrics:
  Accuracy:  0.2834
  Precision: 0.2834
  Recall:    1.0000
  F1 Score:  0.4417
  IoU:       0.2834
  mAP:       0.2834
  AUC:       0.5000
2025-05-03 03:20:55,784 - training.model_ViT-B-16_opt_AdamW_lr_0.01_id_405 - INFO - Final results saved to model_results_v2/model_ViT-B-16_opt_AdamW_lr_0.01_id_405/final_results.json
2025-05-03 03:20:55,785 - training.model_ViT-B-16_opt_AdamW_lr_0.01_id_405 - INFO - Final results saved to model_results_v2/model_ViT-B-16_opt_AdamW_lr_0.01_id_405/final_results.json
