2025-05-01 11:29:28,410 - training.model_ViT-B-16_opt_Adam_lr_0.0001_id_396 - INFO - Initialized training manager for model_ViT-B-16_opt_Adam_lr_0.0001_id_396
2025-05-01 11:29:28,410 - training.model_ViT-B-16_opt_Adam_lr_0.0001_id_396 - INFO - Config: {
  "id": 396,
  "model_name": "ViT-B-16",
  "optimizer": "Adam",
  "learning_rate": 0.0001,
  "scheduler": {
    "name": "CosineAnnealingWarmRestarts",
    "T_0": 10
  },
  "loss_fn": {
    "name": "LabelSmoothing",
    "smoothing": 0.1
  }
}
2025-05-03 02:53:47,474 - training.model_ViT-B-16_opt_Adam_lr_0.0001_id_396 - INFO - Initialized training manager for model_ViT-B-16_opt_Adam_lr_0.0001_id_396
2025-05-03 02:53:47,475 - training.model_ViT-B-16_opt_Adam_lr_0.0001_id_396 - INFO - Config: {
  "id": 396,
  "model_name": "ViT-B-16",
  "optimizer": "Adam",
  "learning_rate": 0.0001,
  "scheduler": {
    "name": "CosineAnnealingWarmRestarts",
    "T_0": 10
  },
  "loss_fn": {
    "name": "LabelSmoothing",
    "smoothing": 0.1
  }
}
2025-05-03 02:53:48,466 - training.model_ViT-B-16_opt_Adam_lr_0.0001_id_396 - INFO - Starting model evaluation
2025-05-03 02:54:52,803 - training.model_ViT-B-16_opt_Adam_lr_0.0001_id_396 - INFO - Evaluation metrics:
  Accuracy:  0.8325
  Precision: 0.8679
  Recall:    0.4825
  F1 Score:  0.6202
  IoU:       0.4495
  mAP:       0.7939
  AUC:       0.8977
2025-05-03 02:54:52,806 - training.model_ViT-B-16_opt_Adam_lr_0.0001_id_396 - INFO - Final results saved to model_results_v2/model_ViT-B-16_opt_Adam_lr_0.0001_id_396/final_results.json
2025-05-03 02:54:52,809 - training.model_ViT-B-16_opt_Adam_lr_0.0001_id_396 - INFO - Final results saved to model_results_v2/model_ViT-B-16_opt_Adam_lr_0.0001_id_396/final_results.json
