2025-05-01 06:04:05,557 - training.model_ResNet101_opt_Adam_lr_0.0001_id_178 - INFO - Initialized training manager for model_ResNet101_opt_Adam_lr_0.0001_id_178
2025-05-01 06:04:05,557 - training.model_ResNet101_opt_Adam_lr_0.0001_id_178 - INFO - Config: {
  "id": 178,
  "model_name": "ResNet101",
  "optimizer": "Adam",
  "learning_rate": 0.0001,
  "scheduler": {
    "name": "CosineAnnealingWarmRestarts",
    "T_0": 10
  },
  "loss_fn": {
    "name": "CrossEntropy"
  }
}
2025-05-01 06:04:05,983 - training.model_ResNet101_opt_Adam_lr_0.0001_id_178 - INFO - Starting model evaluation
2025-05-01 06:04:15,762 - training.model_ResNet101_opt_Adam_lr_0.0001_id_178 - INFO - Evaluation metrics:
  Accuracy:  0.9633
  Precision: 0.9136
  Recall:    0.9615
  F1 Score:  0.9370
  IoU:       0.8814
  mAP:       0.9624
  AUC:       0.9878
2025-05-01 06:04:15,764 - training.model_ResNet101_opt_Adam_lr_0.0001_id_178 - INFO - Final results saved to model_results_v2/model_ResNet101_opt_Adam_lr_0.0001_id_178/final_results.json
2025-05-01 06:04:15,766 - training.model_ResNet101_opt_Adam_lr_0.0001_id_178 - INFO - Final results saved to model_results_v2/model_ResNet101_opt_Adam_lr_0.0001_id_178/final_results.json
