2025-05-01 00:39:13,516 - training.model_ResNet50_opt_SGD_lr_0.0001_id_28 - INFO - Initialized training manager for model_ResNet50_opt_SGD_lr_0.0001_id_28
2025-05-01 00:39:13,516 - training.model_ResNet50_opt_SGD_lr_0.0001_id_28 - INFO - Config: {
  "id": 28,
  "model_name": "ResNet50",
  "optimizer": "SGD",
  "learning_rate": 0.0001,
  "scheduler": {
    "name": "ReduceLROnPlateau",
    "patience": 5,
    "factor": 0.5
  },
  "loss_fn": {
    "name": "CrossEntropy"
  }
}
2025-05-01 00:39:13,752 - training.model_ResNet50_opt_SGD_lr_0.0001_id_28 - INFO - Starting model evaluation
2025-05-01 00:39:22,437 - training.model_ResNet50_opt_SGD_lr_0.0001_id_28 - INFO - Evaluation metrics:
  Accuracy:  0.8464
  Precision: 0.7235
  Recall:    0.7413
  F1 Score:  0.7323
  IoU:       0.5777
  mAP:       0.8498
  AUC:       0.9075
2025-05-01 00:39:22,439 - training.model_ResNet50_opt_SGD_lr_0.0001_id_28 - INFO - Final results saved to model_results_v2/model_ResNet50_opt_SGD_lr_0.0001_id_28/final_results.json
2025-05-01 00:39:22,440 - training.model_ResNet50_opt_SGD_lr_0.0001_id_28 - INFO - Final results saved to model_results_v2/model_ResNet50_opt_SGD_lr_0.0001_id_28/final_results.json
