2025-05-01 07:13:39,411 - training.model_ResNet101_opt_AdamW_lr_0.0001_id_211 - INFO - Initialized training manager for model_ResNet101_opt_AdamW_lr_0.0001_id_211
2025-05-01 07:13:39,411 - training.model_ResNet101_opt_AdamW_lr_0.0001_id_211 - INFO - Config: {
  "id": 211,
  "model_name": "ResNet101",
  "optimizer": "AdamW",
  "learning_rate": 0.0001,
  "scheduler": {
    "name": "CosineAnnealingLR",
    "T_max": 10
  },
  "loss_fn": {
    "name": "CrossEntropy"
  }
}
2025-05-01 07:13:41,388 - training.model_ResNet101_opt_AdamW_lr_0.0001_id_211 - INFO - Starting model evaluation
2025-05-01 07:13:53,004 - training.model_ResNet101_opt_AdamW_lr_0.0001_id_211 - INFO - Evaluation metrics:
  Accuracy:  0.9653
  Precision: 0.9373
  Recall:    0.9406
  F1 Score:  0.9389
  IoU:       0.8849
  mAP:       0.9718
  AUC:       0.9855
2025-05-01 07:13:53,006 - training.model_ResNet101_opt_AdamW_lr_0.0001_id_211 - INFO - Final results saved to model_results_v2/model_ResNet101_opt_AdamW_lr_0.0001_id_211/final_results.json
2025-05-01 07:13:53,007 - training.model_ResNet101_opt_AdamW_lr_0.0001_id_211 - INFO - Final results saved to model_results_v2/model_ResNet101_opt_AdamW_lr_0.0001_id_211/final_results.json
