2025-05-03 07:05:22,949 - training.model_MobileNetV3_opt_SGD_lr_0.0001_id_567 - INFO - Initialized training manager for model_MobileNetV3_opt_SGD_lr_0.0001_id_567
2025-05-03 07:05:22,949 - training.model_MobileNetV3_opt_SGD_lr_0.0001_id_567 - INFO - Config: {
  "id": 567,
  "model_name": "MobileNetV3",
  "optimizer": "SGD",
  "learning_rate": 0.0001,
  "scheduler": {
    "name": "StepLR",
    "step_size": 10,
    "gamma": 0.1
  },
  "loss_fn": {
    "name": "LabelSmoothing",
    "smoothing": 0.1
  }
}
2025-05-03 07:05:23,300 - training.model_MobileNetV3_opt_SGD_lr_0.0001_id_567 - INFO - Starting model evaluation
2025-05-03 07:05:32,520 - training.model_MobileNetV3_opt_SGD_lr_0.0001_id_567 - INFO - Evaluation metrics:
  Accuracy:  0.8722
  Precision: 0.7698
  Recall:    0.7832
  F1 Score:  0.7764
  IoU:       0.6346
  mAP:       0.8642
  AUC:       0.9197
2025-05-03 07:05:32,522 - training.model_MobileNetV3_opt_SGD_lr_0.0001_id_567 - INFO - Final results saved to model_results_v2/model_MobileNetV3_opt_SGD_lr_0.0001_id_567/final_results.json
2025-05-03 07:05:32,523 - training.model_MobileNetV3_opt_SGD_lr_0.0001_id_567 - INFO - Final results saved to model_results_v2/model_MobileNetV3_opt_SGD_lr_0.0001_id_567/final_results.json
