2025-05-01 08:16:52,728 - training.model_EfficientNet-B2_opt_SGD_lr_0.0001_id_242 - INFO - Initialized training manager for model_EfficientNet-B2_opt_SGD_lr_0.0001_id_242
2025-05-01 08:16:52,728 - training.model_EfficientNet-B2_opt_SGD_lr_0.0001_id_242 - INFO - Config: {
  "id": 242,
  "model_name": "EfficientNet-B2",
  "optimizer": "SGD",
  "learning_rate": 0.0001,
  "scheduler": {
    "name": "StepLR",
    "step_size": 10,
    "gamma": 0.1
  },
  "loss_fn": {
    "name": "FocalLoss",
    "alpha": 0.25,
    "gamma": 2.0
  }
}
2025-05-01 08:16:53,616 - training.model_EfficientNet-B2_opt_SGD_lr_0.0001_id_242 - INFO - Starting model evaluation
2025-05-01 08:17:04,505 - training.model_EfficientNet-B2_opt_SGD_lr_0.0001_id_242 - INFO - Evaluation metrics:
  Accuracy:  0.8246
  Precision: 0.6647
  Recall:    0.7692
  F1 Score:  0.7131
  IoU:       0.5542
  mAP:       0.8373
  AUC:       0.9022
2025-05-01 08:17:04,508 - training.model_EfficientNet-B2_opt_SGD_lr_0.0001_id_242 - INFO - Final results saved to model_results_v2/model_EfficientNet-B2_opt_SGD_lr_0.0001_id_242/final_results.json
2025-05-01 08:17:04,510 - training.model_EfficientNet-B2_opt_SGD_lr_0.0001_id_242 - INFO - Final results saved to model_results_v2/model_EfficientNet-B2_opt_SGD_lr_0.0001_id_242/final_results.json
