2025-05-01 03:05:06,582 - training.model_ResNet101_opt_SGD_lr_0.001_id_131 - INFO - Initialized training manager for model_ResNet101_opt_SGD_lr_0.001_id_131
2025-05-01 03:05:06,582 - training.model_ResNet101_opt_SGD_lr_0.001_id_131 - INFO - Config: {
  "id": 131,
  "model_name": "ResNet101",
  "optimizer": "SGD",
  "learning_rate": 0.001,
  "scheduler": {
    "name": "CosineAnnealingWarmRestarts",
    "T_0": 10
  },
  "loss_fn": {
    "name": "FocalLoss",
    "alpha": 0.25,
    "gamma": 2.0
  }
}
2025-05-01 03:05:06,933 - training.model_ResNet101_opt_SGD_lr_0.001_id_131 - INFO - Starting model evaluation
2025-05-01 03:05:16,377 - training.model_ResNet101_opt_SGD_lr_0.001_id_131 - INFO - Evaluation metrics:
  Accuracy:  0.9673
  Precision: 0.9317
  Recall:    0.9545
  F1 Score:  0.9430
  IoU:       0.8922
  mAP:       0.9868
  AUC:       0.9925
2025-05-01 03:05:16,379 - training.model_ResNet101_opt_SGD_lr_0.001_id_131 - INFO - Final results saved to model_results_v2/model_ResNet101_opt_SGD_lr_0.001_id_131/final_results.json
2025-05-01 03:05:16,381 - training.model_ResNet101_opt_SGD_lr_0.001_id_131 - INFO - Final results saved to model_results_v2/model_ResNet101_opt_SGD_lr_0.001_id_131/final_results.json
