2025-05-01 09:45:08,925 - training.model_EfficientNet-B2_opt_AdamW_lr_0.001_id_301 - INFO - Initialized training manager for model_EfficientNet-B2_opt_AdamW_lr_0.001_id_301
2025-05-01 09:45:08,925 - training.model_EfficientNet-B2_opt_AdamW_lr_0.001_id_301 - INFO - Config: {
  "id": 301,
  "model_name": "EfficientNet-B2",
  "optimizer": "AdamW",
  "learning_rate": 0.001,
  "scheduler": {
    "name": "StepLR",
    "step_size": 10,
    "gamma": 0.1
  },
  "loss_fn": {
    "name": "CrossEntropy"
  }
}
2025-05-01 10:04:25,099 - training.model_EfficientNet-B2_opt_AdamW_lr_0.001_id_301 - INFO - Starting model evaluation
2025-05-01 10:04:35,852 - training.model_EfficientNet-B2_opt_AdamW_lr_0.001_id_301 - INFO - Evaluation metrics:
  Accuracy:  0.9465
  Precision: 0.8766
  Recall:    0.9441
  F1 Score:  0.9091
  IoU:       0.8333
  mAP:       0.9426
  AUC:       0.9804
2025-05-01 10:04:35,853 - training.model_EfficientNet-B2_opt_AdamW_lr_0.001_id_301 - INFO - Final results saved to model_results_v2/model_EfficientNet-B2_opt_AdamW_lr_0.001_id_301/final_results.json
2025-05-01 10:04:35,855 - training.model_EfficientNet-B2_opt_AdamW_lr_0.001_id_301 - INFO - Final results saved to model_results_v2/model_EfficientNet-B2_opt_AdamW_lr_0.001_id_301/final_results.json
