2025-05-03 08:56:36,925 - training.model_ConvNeXt_opt_SGD_lr_0.01_id_649 - INFO - Initialized training manager for model_ConvNeXt_opt_SGD_lr_0.01_id_649
2025-05-03 08:56:36,925 - training.model_ConvNeXt_opt_SGD_lr_0.01_id_649 - INFO - Config: {
  "id": 649,
  "model_name": "ConvNeXt",
  "optimizer": "SGD",
  "learning_rate": 0.01,
  "scheduler": {
    "name": "StepLR",
    "step_size": 10,
    "gamma": 0.1
  },
  "loss_fn": {
    "name": "CrossEntropy"
  }
}
2025-05-03 09:29:52,762 - training.model_ConvNeXt_opt_SGD_lr_0.01_id_649 - INFO - Starting model evaluation
2025-05-03 09:30:04,194 - training.model_ConvNeXt_opt_SGD_lr_0.01_id_649 - INFO - Evaluation metrics:
  Accuracy:  0.9524
  Precision: 0.8993
  Recall:    0.9371
  F1 Score:  0.9178
  IoU:       0.8481
  mAP:       0.9620
  AUC:       0.9820
2025-05-03 09:30:04,196 - training.model_ConvNeXt_opt_SGD_lr_0.01_id_649 - INFO - Final results saved to model_results_v2/model_ConvNeXt_opt_SGD_lr_0.01_id_649/final_results.json
2025-05-03 09:30:04,198 - training.model_ConvNeXt_opt_SGD_lr_0.01_id_649 - INFO - Final results saved to model_results_v2/model_ConvNeXt_opt_SGD_lr_0.01_id_649/final_results.json
