2025-05-01 10:04:47,838 - training.model_EfficientNet-B2_opt_AdamW_lr_0.001_id_303 - INFO - Initialized training manager for model_EfficientNet-B2_opt_AdamW_lr_0.001_id_303
2025-05-01 10:04:47,838 - training.model_EfficientNet-B2_opt_AdamW_lr_0.001_id_303 - INFO - Config: {
  "id": 303,
  "model_name": "EfficientNet-B2",
  "optimizer": "AdamW",
  "learning_rate": 0.001,
  "scheduler": {
    "name": "StepLR",
    "step_size": 10,
    "gamma": 0.1
  },
  "loss_fn": {
    "name": "LabelSmoothing",
    "smoothing": 0.1
  }
}
2025-05-01 10:04:48,976 - training.model_EfficientNet-B2_opt_AdamW_lr_0.001_id_303 - INFO - Starting model evaluation
2025-05-01 10:04:59,897 - training.model_EfficientNet-B2_opt_AdamW_lr_0.001_id_303 - INFO - Evaluation metrics:
  Accuracy:  0.9465
  Precision: 0.8791
  Recall:    0.9406
  F1 Score:  0.9088
  IoU:       0.8328
  mAP:       0.9412
  AUC:       0.9786
2025-05-01 10:04:59,899 - training.model_EfficientNet-B2_opt_AdamW_lr_0.001_id_303 - INFO - Final results saved to model_results_v2/model_EfficientNet-B2_opt_AdamW_lr_0.001_id_303/final_results.json
2025-05-01 10:04:59,902 - training.model_EfficientNet-B2_opt_AdamW_lr_0.001_id_303 - INFO - Final results saved to model_results_v2/model_EfficientNet-B2_opt_AdamW_lr_0.001_id_303/final_results.json
