2025-05-03 10:05:19,064 - training.model_ConvNeXt_opt_SGD_lr_0.001_id_662 - INFO - Initialized training manager for model_ConvNeXt_opt_SGD_lr_0.001_id_662
2025-05-03 10:05:19,064 - training.model_ConvNeXt_opt_SGD_lr_0.001_id_662 - INFO - Config: {
  "id": 662,
  "model_name": "ConvNeXt",
  "optimizer": "SGD",
  "learning_rate": 0.001,
  "scheduler": {
    "name": "StepLR",
    "step_size": 10,
    "gamma": 0.1
  },
  "loss_fn": {
    "name": "FocalLoss",
    "alpha": 0.25,
    "gamma": 2.0
  }
}
2025-05-03 10:05:20,231 - training.model_ConvNeXt_opt_SGD_lr_0.001_id_662 - INFO - Starting model evaluation
2025-05-03 10:05:31,671 - training.model_ConvNeXt_opt_SGD_lr_0.001_id_662 - INFO - Evaluation metrics:
  Accuracy:  0.9604
  Precision: 0.9184
  Recall:    0.9441
  F1 Score:  0.9310
  IoU:       0.8710
  mAP:       0.9843
  AUC:       0.9931
2025-05-03 10:05:31,674 - training.model_ConvNeXt_opt_SGD_lr_0.001_id_662 - INFO - Final results saved to model_results_v2/model_ConvNeXt_opt_SGD_lr_0.001_id_662/final_results.json
2025-05-03 10:05:31,678 - training.model_ConvNeXt_opt_SGD_lr_0.001_id_662 - INFO - Final results saved to model_results_v2/model_ConvNeXt_opt_SGD_lr_0.001_id_662/final_results.json
